[2022-01-30 14:45:20,051] {taskinstance.py:1032} INFO - Dependencies all met for <TaskInstance: HomeWorkWeek2.csv_to_parquet scheduled__2019-05-02T06:00:00+00:00 [queued]>
[2022-01-30 14:45:20,166] {taskinstance.py:1032} INFO - Dependencies all met for <TaskInstance: HomeWorkWeek2.csv_to_parquet scheduled__2019-05-02T06:00:00+00:00 [queued]>
[2022-01-30 14:45:20,168] {taskinstance.py:1238} INFO - 
--------------------------------------------------------------------------------
[2022-01-30 14:45:20,169] {taskinstance.py:1239} INFO - Starting attempt 1 of 2
[2022-01-30 14:45:20,169] {taskinstance.py:1240} INFO - 
--------------------------------------------------------------------------------
[2022-01-30 14:45:20,269] {taskinstance.py:1259} INFO - Executing <Task(PythonOperator): csv_to_parquet> on 2019-05-02 06:00:00+00:00
[2022-01-30 14:45:20,284] {standard_task_runner.py:52} INFO - Started process 577 to run task
[2022-01-30 14:45:20,307] {standard_task_runner.py:76} INFO - Running: ['***', 'tasks', 'run', 'HomeWorkWeek2', 'csv_to_parquet', 'scheduled__2019-05-02T06:00:00+00:00', '--job-id', '196', '--raw', '--subdir', 'DAGS_FOLDER/dag_questions1.py', '--cfg-path', '/tmp/tmp2qoffxki', '--error-file', '/tmp/tmpba712guf']
[2022-01-30 14:45:20,325] {standard_task_runner.py:77} INFO - Job 196: Subtask csv_to_parquet
[2022-01-30 14:45:20,606] {logging_mixin.py:109} INFO - Running <TaskInstance: HomeWorkWeek2.csv_to_parquet scheduled__2019-05-02T06:00:00+00:00 [running]> on host 785c0c715caa
[2022-01-30 14:45:20,904] {warnings.py:110} WARNING - /home/***/.local/lib/python3.7/site-packages/***/utils/context.py:152: AirflowContextDeprecationWarning: Accessing 'execution_date' from the template is deprecated and will be removed in a future version. Please use 'data_interval_start' or 'logical_date' instead.
  warnings.warn(_create_deprecation_warning(key, self._deprecation_replacements[key]))

[2022-01-30 14:45:20,963] {taskinstance.py:1426} INFO - Exporting the following env vars:
AIRFLOW_CTX_DAG_OWNER=***
AIRFLOW_CTX_DAG_ID=HomeWorkWeek2
AIRFLOW_CTX_TASK_ID=csv_to_parquet
AIRFLOW_CTX_EXECUTION_DATE=2019-05-02T06:00:00+00:00
AIRFLOW_CTX_DAG_RUN_ID=scheduled__2019-05-02T06:00:00+00:00
[2022-01-30 14:45:43,134] {python.py:175} INFO - Done. Returned value was: None
[2022-01-30 14:45:43,175] {taskinstance.py:1277} INFO - Marking task as SUCCESS. dag_id=HomeWorkWeek2, task_id=csv_to_parquet, execution_date=20190502T060000, start_date=20220130T144520, end_date=20220130T144543
[2022-01-30 14:45:43,559] {local_task_job.py:154} INFO - Task exited with return code 0
[2022-01-30 14:45:43,667] {local_task_job.py:264} INFO - 0 downstream tasks scheduled from follow-on schedule check
[2022-02-19 00:49:46,069] {taskinstance.py:1032} INFO - Dependencies all met for <TaskInstance: HomeWorkWeek2.csv_to_parquet scheduled__2019-05-02T06:00:00+00:00 [queued]>
[2022-02-19 00:49:46,120] {taskinstance.py:1032} INFO - Dependencies all met for <TaskInstance: HomeWorkWeek2.csv_to_parquet scheduled__2019-05-02T06:00:00+00:00 [queued]>
[2022-02-19 00:49:46,121] {taskinstance.py:1238} INFO - 
--------------------------------------------------------------------------------
[2022-02-19 00:49:46,121] {taskinstance.py:1239} INFO - Starting attempt 1 of 2
[2022-02-19 00:49:46,122] {taskinstance.py:1240} INFO - 
--------------------------------------------------------------------------------
[2022-02-19 00:49:46,166] {taskinstance.py:1259} INFO - Executing <Task(PythonOperator): csv_to_parquet> on 2019-05-02 06:00:00+00:00
[2022-02-19 00:49:46,177] {standard_task_runner.py:52} INFO - Started process 921 to run task
[2022-02-19 00:49:46,183] {standard_task_runner.py:76} INFO - Running: ['***', 'tasks', 'run', 'HomeWorkWeek2', 'csv_to_parquet', 'scheduled__2019-05-02T06:00:00+00:00', '--job-id', '529', '--raw', '--subdir', 'DAGS_FOLDER/dag_questions1.py', '--cfg-path', '/tmp/tmp0uun49is', '--error-file', '/tmp/tmpbjf7m4x1']
[2022-02-19 00:49:46,185] {standard_task_runner.py:77} INFO - Job 529: Subtask csv_to_parquet
[2022-02-19 00:49:46,535] {logging_mixin.py:109} INFO - Running <TaskInstance: HomeWorkWeek2.csv_to_parquet scheduled__2019-05-02T06:00:00+00:00 [running]> on host 312f1fe573aa
[2022-02-19 00:49:46,725] {warnings.py:110} WARNING - /home/***/.local/lib/python3.7/site-packages/***/utils/context.py:152: AirflowContextDeprecationWarning: Accessing 'execution_date' from the template is deprecated and will be removed in a future version. Please use 'data_interval_start' or 'logical_date' instead.
  warnings.warn(_create_deprecation_warning(key, self._deprecation_replacements[key]))

[2022-02-19 00:49:46,810] {taskinstance.py:1426} INFO - Exporting the following env vars:
AIRFLOW_CTX_DAG_OWNER=***
AIRFLOW_CTX_DAG_ID=HomeWorkWeek2
AIRFLOW_CTX_TASK_ID=csv_to_parquet
AIRFLOW_CTX_EXECUTION_DATE=2019-05-02T06:00:00+00:00
AIRFLOW_CTX_DAG_RUN_ID=scheduled__2019-05-02T06:00:00+00:00
[2022-02-19 00:50:08,439] {python.py:175} INFO - Done. Returned value was: None
[2022-02-19 00:50:08,485] {taskinstance.py:1277} INFO - Marking task as SUCCESS. dag_id=HomeWorkWeek2, task_id=csv_to_parquet, execution_date=20190502T060000, start_date=20220219T004946, end_date=20220219T005008
[2022-02-19 00:50:09,144] {local_task_job.py:154} INFO - Task exited with return code 0
[2022-02-19 00:50:09,446] {local_task_job.py:264} INFO - 1 downstream tasks scheduled from follow-on schedule check
[2022-02-19 10:54:21,510] {taskinstance.py:1032} INFO - Dependencies all met for <TaskInstance: HomeWorkWeek2.csv_to_parquet scheduled__2019-05-02T06:00:00+00:00 [queued]>
[2022-02-19 10:54:21,566] {taskinstance.py:1032} INFO - Dependencies all met for <TaskInstance: HomeWorkWeek2.csv_to_parquet scheduled__2019-05-02T06:00:00+00:00 [queued]>
[2022-02-19 10:54:21,567] {taskinstance.py:1238} INFO - 
--------------------------------------------------------------------------------
[2022-02-19 10:54:21,567] {taskinstance.py:1239} INFO - Starting attempt 1 of 2
[2022-02-19 10:54:21,567] {taskinstance.py:1240} INFO - 
--------------------------------------------------------------------------------
[2022-02-19 10:54:21,615] {taskinstance.py:1259} INFO - Executing <Task(PythonOperator): csv_to_parquet> on 2019-05-02 06:00:00+00:00
[2022-02-19 10:54:21,623] {standard_task_runner.py:52} INFO - Started process 2011 to run task
[2022-02-19 10:54:21,650] {standard_task_runner.py:76} INFO - Running: ['***', 'tasks', 'run', 'HomeWorkWeek2', 'csv_to_parquet', 'scheduled__2019-05-02T06:00:00+00:00', '--job-id', '899', '--raw', '--subdir', 'DAGS_FOLDER/dag_questions1.py', '--cfg-path', '/tmp/tmpgdh_cwkl', '--error-file', '/tmp/tmpn2e6qvb1']
[2022-02-19 10:54:21,652] {standard_task_runner.py:77} INFO - Job 899: Subtask csv_to_parquet
[2022-02-19 10:54:21,861] {logging_mixin.py:109} INFO - Running <TaskInstance: HomeWorkWeek2.csv_to_parquet scheduled__2019-05-02T06:00:00+00:00 [running]> on host f81f14254480
[2022-02-19 10:54:22,022] {warnings.py:110} WARNING - /home/***/.local/lib/python3.7/site-packages/***/utils/context.py:152: AirflowContextDeprecationWarning: Accessing 'execution_date' from the template is deprecated and will be removed in a future version. Please use 'data_interval_start' or 'logical_date' instead.
  warnings.warn(_create_deprecation_warning(key, self._deprecation_replacements[key]))

[2022-02-19 10:54:22,073] {taskinstance.py:1426} INFO - Exporting the following env vars:
AIRFLOW_CTX_DAG_OWNER=***
AIRFLOW_CTX_DAG_ID=HomeWorkWeek2
AIRFLOW_CTX_TASK_ID=csv_to_parquet
AIRFLOW_CTX_EXECUTION_DATE=2019-05-02T06:00:00+00:00
AIRFLOW_CTX_DAG_RUN_ID=scheduled__2019-05-02T06:00:00+00:00
[2022-02-19 10:55:03,802] {python.py:175} INFO - Done. Returned value was: None
[2022-02-19 10:55:04,176] {taskinstance.py:1277} INFO - Marking task as SUCCESS. dag_id=HomeWorkWeek2, task_id=csv_to_parquet, execution_date=20190502T060000, start_date=20220219T105421, end_date=20220219T105504
[2022-02-19 10:55:04,678] {local_task_job.py:154} INFO - Task exited with return code 0
[2022-02-19 10:55:04,813] {local_task_job.py:264} INFO - 1 downstream tasks scheduled from follow-on schedule check
[2022-02-19 23:38:42,850] {taskinstance.py:1032} INFO - Dependencies all met for <TaskInstance: HomeWorkWeek2.csv_to_parquet scheduled__2019-05-02T06:00:00+00:00 [queued]>
[2022-02-19 23:38:42,907] {taskinstance.py:1032} INFO - Dependencies all met for <TaskInstance: HomeWorkWeek2.csv_to_parquet scheduled__2019-05-02T06:00:00+00:00 [queued]>
[2022-02-19 23:38:42,908] {taskinstance.py:1238} INFO - 
--------------------------------------------------------------------------------
[2022-02-19 23:38:42,909] {taskinstance.py:1239} INFO - Starting attempt 1 of 2
[2022-02-19 23:38:42,909] {taskinstance.py:1240} INFO - 
--------------------------------------------------------------------------------
[2022-02-19 23:38:42,950] {taskinstance.py:1259} INFO - Executing <Task(PythonOperator): csv_to_parquet> on 2019-05-02 06:00:00+00:00
[2022-02-19 23:38:42,958] {standard_task_runner.py:52} INFO - Started process 22034 to run task
[2022-02-19 23:38:42,964] {standard_task_runner.py:76} INFO - Running: ['***', 'tasks', 'run', 'HomeWorkWeek2', 'csv_to_parquet', 'scheduled__2019-05-02T06:00:00+00:00', '--job-id', '1065', '--raw', '--subdir', 'DAGS_FOLDER/dag_questions1.py', '--cfg-path', '/tmp/tmpr9dxs359', '--error-file', '/tmp/tmp44y3dvc2']
[2022-02-19 23:38:42,966] {standard_task_runner.py:77} INFO - Job 1065: Subtask csv_to_parquet
[2022-02-19 23:38:43,139] {logging_mixin.py:109} INFO - Running <TaskInstance: HomeWorkWeek2.csv_to_parquet scheduled__2019-05-02T06:00:00+00:00 [running]> on host d9977d7db207
[2022-02-19 23:38:43,276] {warnings.py:110} WARNING - /home/***/.local/lib/python3.7/site-packages/***/utils/context.py:152: AirflowContextDeprecationWarning: Accessing 'execution_date' from the template is deprecated and will be removed in a future version. Please use 'data_interval_start' or 'logical_date' instead.
  warnings.warn(_create_deprecation_warning(key, self._deprecation_replacements[key]))

[2022-02-19 23:38:43,327] {taskinstance.py:1426} INFO - Exporting the following env vars:
AIRFLOW_CTX_DAG_OWNER=***
AIRFLOW_CTX_DAG_ID=HomeWorkWeek2
AIRFLOW_CTX_TASK_ID=csv_to_parquet
AIRFLOW_CTX_EXECUTION_DATE=2019-05-02T06:00:00+00:00
AIRFLOW_CTX_DAG_RUN_ID=scheduled__2019-05-02T06:00:00+00:00
[2022-02-19 23:39:03,291] {python.py:175} INFO - Done. Returned value was: None
[2022-02-19 23:39:03,634] {taskinstance.py:1277} INFO - Marking task as SUCCESS. dag_id=HomeWorkWeek2, task_id=csv_to_parquet, execution_date=20190502T060000, start_date=20220219T233842, end_date=20220219T233903
[2022-02-19 23:39:04,003] {local_task_job.py:154} INFO - Task exited with return code 0
[2022-02-19 23:39:04,166] {local_task_job.py:264} INFO - 1 downstream tasks scheduled from follow-on schedule check
