[2022-02-02 21:24:26,275] {taskinstance.py:1032} INFO - Dependencies all met for <TaskInstance: Question3_FHV.local_to_gcs_task scheduled__2019-08-02T06:00:00+00:00 [queued]>
[2022-02-02 21:24:26,325] {taskinstance.py:1032} INFO - Dependencies all met for <TaskInstance: Question3_FHV.local_to_gcs_task scheduled__2019-08-02T06:00:00+00:00 [queued]>
[2022-02-02 21:24:26,325] {taskinstance.py:1238} INFO - 
--------------------------------------------------------------------------------
[2022-02-02 21:24:26,326] {taskinstance.py:1239} INFO - Starting attempt 1 of 1
[2022-02-02 21:24:26,326] {taskinstance.py:1240} INFO - 
--------------------------------------------------------------------------------
[2022-02-02 21:24:26,378] {taskinstance.py:1259} INFO - Executing <Task(PythonOperator): local_to_gcs_task> on 2019-08-02 06:00:00+00:00
[2022-02-02 21:24:26,390] {standard_task_runner.py:52} INFO - Started process 1224 to run task
[2022-02-02 21:24:26,398] {standard_task_runner.py:76} INFO - Running: ['***', 'tasks', 'run', 'Question3_FHV', 'local_to_gcs_task', 'scheduled__2019-08-02T06:00:00+00:00', '--job-id', '342', '--raw', '--subdir', 'DAGS_FOLDER/dag_questions3.py', '--cfg-path', '/tmp/tmpcc6niuin', '--error-file', '/tmp/tmp9ztm7dr7']
[2022-02-02 21:24:26,400] {standard_task_runner.py:77} INFO - Job 342: Subtask local_to_gcs_task
[2022-02-02 21:24:26,593] {logging_mixin.py:109} INFO - Running <TaskInstance: Question3_FHV.local_to_gcs_task scheduled__2019-08-02T06:00:00+00:00 [running]> on host d574c7c5b085
[2022-02-02 21:24:26,742] {warnings.py:110} WARNING - /home/***/.local/lib/python3.7/site-packages/***/utils/context.py:152: AirflowContextDeprecationWarning: Accessing 'execution_date' from the template is deprecated and will be removed in a future version. Please use 'data_interval_start' or 'logical_date' instead.
  warnings.warn(_create_deprecation_warning(key, self._deprecation_replacements[key]))

[2022-02-02 21:24:26,792] {taskinstance.py:1426} INFO - Exporting the following env vars:
AIRFLOW_CTX_DAG_OWNER=***
AIRFLOW_CTX_DAG_ID=Question3_FHV
AIRFLOW_CTX_TASK_ID=local_to_gcs_task
AIRFLOW_CTX_EXECUTION_DATE=2019-08-02T06:00:00+00:00
AIRFLOW_CTX_DAG_RUN_ID=scheduled__2019-08-02T06:00:00+00:00
[2022-02-02 21:25:40,777] {python.py:175} INFO - Done. Returned value was: None
[2022-02-02 21:25:40,810] {taskinstance.py:1277} INFO - Marking task as SUCCESS. dag_id=Question3_FHV, task_id=local_to_gcs_task, execution_date=20190802T060000, start_date=20220202T212426, end_date=20220202T212540
[2022-02-02 21:25:40,883] {local_task_job.py:154} INFO - Task exited with return code 0
[2022-02-02 21:25:40,975] {local_task_job.py:264} INFO - 1 downstream tasks scheduled from follow-on schedule check
[2022-02-09 11:39:19,279] {taskinstance.py:1032} INFO - Dependencies all met for <TaskInstance: Question3_FHV.local_to_gcs_task scheduled__2019-08-02T06:00:00+00:00 [queued]>
[2022-02-09 11:39:19,328] {taskinstance.py:1032} INFO - Dependencies all met for <TaskInstance: Question3_FHV.local_to_gcs_task scheduled__2019-08-02T06:00:00+00:00 [queued]>
[2022-02-09 11:39:19,328] {taskinstance.py:1238} INFO - 
--------------------------------------------------------------------------------
[2022-02-09 11:39:19,329] {taskinstance.py:1239} INFO - Starting attempt 1 of 1
[2022-02-09 11:39:19,329] {taskinstance.py:1240} INFO - 
--------------------------------------------------------------------------------
[2022-02-09 11:39:19,373] {taskinstance.py:1259} INFO - Executing <Task(PythonOperator): local_to_gcs_task> on 2019-08-02 06:00:00+00:00
[2022-02-09 11:39:19,384] {standard_task_runner.py:52} INFO - Started process 873 to run task
[2022-02-09 11:39:19,396] {standard_task_runner.py:76} INFO - Running: ['***', 'tasks', 'run', 'Question3_FHV', 'local_to_gcs_task', 'scheduled__2019-08-02T06:00:00+00:00', '--job-id', '411', '--raw', '--subdir', 'DAGS_FOLDER/dag_questions3.py', '--cfg-path', '/tmp/tmpu5bqeuy_', '--error-file', '/tmp/tmps6inlhbg']
[2022-02-09 11:39:19,397] {standard_task_runner.py:77} INFO - Job 411: Subtask local_to_gcs_task
[2022-02-09 11:39:19,613] {logging_mixin.py:109} INFO - Running <TaskInstance: Question3_FHV.local_to_gcs_task scheduled__2019-08-02T06:00:00+00:00 [running]> on host c5795c3f6004
[2022-02-09 11:39:19,806] {warnings.py:110} WARNING - /home/***/.local/lib/python3.7/site-packages/***/utils/context.py:152: AirflowContextDeprecationWarning: Accessing 'execution_date' from the template is deprecated and will be removed in a future version. Please use 'data_interval_start' or 'logical_date' instead.
  warnings.warn(_create_deprecation_warning(key, self._deprecation_replacements[key]))

[2022-02-09 11:39:19,907] {taskinstance.py:1426} INFO - Exporting the following env vars:
AIRFLOW_CTX_DAG_OWNER=***
AIRFLOW_CTX_DAG_ID=Question3_FHV
AIRFLOW_CTX_TASK_ID=local_to_gcs_task
AIRFLOW_CTX_EXECUTION_DATE=2019-08-02T06:00:00+00:00
AIRFLOW_CTX_DAG_RUN_ID=scheduled__2019-08-02T06:00:00+00:00
[2022-02-09 11:40:02,121] {python.py:175} INFO - Done. Returned value was: None
[2022-02-09 11:40:02,156] {taskinstance.py:1277} INFO - Marking task as SUCCESS. dag_id=Question3_FHV, task_id=local_to_gcs_task, execution_date=20190802T060000, start_date=20220209T113919, end_date=20220209T114002
[2022-02-09 11:40:02,228] {local_task_job.py:154} INFO - Task exited with return code 0
[2022-02-09 11:40:02,357] {local_task_job.py:264} INFO - 1 downstream tasks scheduled from follow-on schedule check
[2022-02-10 01:13:43,054] {taskinstance.py:1032} INFO - Dependencies all met for <TaskInstance: Question3_FHV.local_to_gcs_task scheduled__2019-08-02T06:00:00+00:00 [queued]>
[2022-02-10 01:13:43,095] {taskinstance.py:1032} INFO - Dependencies all met for <TaskInstance: Question3_FHV.local_to_gcs_task scheduled__2019-08-02T06:00:00+00:00 [queued]>
[2022-02-10 01:13:43,095] {taskinstance.py:1238} INFO - 
--------------------------------------------------------------------------------
[2022-02-10 01:13:43,095] {taskinstance.py:1239} INFO - Starting attempt 1 of 1
[2022-02-10 01:13:43,096] {taskinstance.py:1240} INFO - 
--------------------------------------------------------------------------------
[2022-02-10 01:13:43,142] {taskinstance.py:1259} INFO - Executing <Task(PythonOperator): local_to_gcs_task> on 2019-08-02 06:00:00+00:00
[2022-02-10 01:13:43,149] {standard_task_runner.py:52} INFO - Started process 7425 to run task
[2022-02-10 01:13:43,155] {standard_task_runner.py:76} INFO - Running: ['***', 'tasks', 'run', 'Question3_FHV', 'local_to_gcs_task', 'scheduled__2019-08-02T06:00:00+00:00', '--job-id', '484', '--raw', '--subdir', 'DAGS_FOLDER/dag_questions3.py', '--cfg-path', '/tmp/tmp9cqcq63g', '--error-file', '/tmp/tmpcvd1174u']
[2022-02-10 01:13:43,158] {standard_task_runner.py:77} INFO - Job 484: Subtask local_to_gcs_task
[2022-02-10 01:13:43,515] {logging_mixin.py:109} INFO - Running <TaskInstance: Question3_FHV.local_to_gcs_task scheduled__2019-08-02T06:00:00+00:00 [running]> on host 0fd4ea805f5e
[2022-02-10 01:13:43,673] {warnings.py:110} WARNING - /home/***/.local/lib/python3.7/site-packages/***/utils/context.py:152: AirflowContextDeprecationWarning: Accessing 'execution_date' from the template is deprecated and will be removed in a future version. Please use 'data_interval_start' or 'logical_date' instead.
  warnings.warn(_create_deprecation_warning(key, self._deprecation_replacements[key]))

[2022-02-10 01:13:43,733] {taskinstance.py:1426} INFO - Exporting the following env vars:
AIRFLOW_CTX_DAG_OWNER=***
AIRFLOW_CTX_DAG_ID=Question3_FHV
AIRFLOW_CTX_TASK_ID=local_to_gcs_task
AIRFLOW_CTX_EXECUTION_DATE=2019-08-02T06:00:00+00:00
AIRFLOW_CTX_DAG_RUN_ID=scheduled__2019-08-02T06:00:00+00:00
[2022-02-10 01:15:00,020] {python.py:175} INFO - Done. Returned value was: None
[2022-02-10 01:15:00,065] {taskinstance.py:1277} INFO - Marking task as SUCCESS. dag_id=Question3_FHV, task_id=local_to_gcs_task, execution_date=20190802T060000, start_date=20220210T011343, end_date=20220210T011500
[2022-02-10 01:15:00,140] {local_task_job.py:154} INFO - Task exited with return code 0
[2022-02-10 01:15:00,273] {local_task_job.py:264} INFO - 1 downstream tasks scheduled from follow-on schedule check
[2022-02-19 01:51:29,739] {taskinstance.py:1032} INFO - Dependencies all met for <TaskInstance: Question3_FHV.local_to_gcs_task scheduled__2019-08-02T06:00:00+00:00 [queued]>
[2022-02-19 01:51:29,787] {taskinstance.py:1032} INFO - Dependencies all met for <TaskInstance: Question3_FHV.local_to_gcs_task scheduled__2019-08-02T06:00:00+00:00 [queued]>
[2022-02-19 01:51:29,788] {taskinstance.py:1238} INFO - 
--------------------------------------------------------------------------------
[2022-02-19 01:51:29,788] {taskinstance.py:1239} INFO - Starting attempt 1 of 1
[2022-02-19 01:51:29,788] {taskinstance.py:1240} INFO - 
--------------------------------------------------------------------------------
[2022-02-19 01:51:29,830] {taskinstance.py:1259} INFO - Executing <Task(PythonOperator): local_to_gcs_task> on 2019-08-02 06:00:00+00:00
[2022-02-19 01:51:29,840] {standard_task_runner.py:52} INFO - Started process 4128 to run task
[2022-02-19 01:51:29,848] {standard_task_runner.py:76} INFO - Running: ['***', 'tasks', 'run', 'Question3_FHV', 'local_to_gcs_task', 'scheduled__2019-08-02T06:00:00+00:00', '--job-id', '642', '--raw', '--subdir', 'DAGS_FOLDER/dag_questions3.py', '--cfg-path', '/tmp/tmp10hqhska', '--error-file', '/tmp/tmpys0dcwbb']
[2022-02-19 01:51:29,864] {standard_task_runner.py:77} INFO - Job 642: Subtask local_to_gcs_task
[2022-02-19 01:51:30,118] {logging_mixin.py:109} INFO - Running <TaskInstance: Question3_FHV.local_to_gcs_task scheduled__2019-08-02T06:00:00+00:00 [running]> on host 312f1fe573aa
[2022-02-19 01:51:30,324] {warnings.py:110} WARNING - /home/***/.local/lib/python3.7/site-packages/***/utils/context.py:152: AirflowContextDeprecationWarning: Accessing 'execution_date' from the template is deprecated and will be removed in a future version. Please use 'data_interval_start' or 'logical_date' instead.
  warnings.warn(_create_deprecation_warning(key, self._deprecation_replacements[key]))

[2022-02-19 01:51:30,423] {taskinstance.py:1426} INFO - Exporting the following env vars:
AIRFLOW_CTX_DAG_OWNER=***
AIRFLOW_CTX_DAG_ID=Question3_FHV
AIRFLOW_CTX_TASK_ID=local_to_gcs_task
AIRFLOW_CTX_EXECUTION_DATE=2019-08-02T06:00:00+00:00
AIRFLOW_CTX_DAG_RUN_ID=scheduled__2019-08-02T06:00:00+00:00
[2022-02-19 01:52:48,251] {python.py:175} INFO - Done. Returned value was: None
[2022-02-19 01:52:48,286] {taskinstance.py:1277} INFO - Marking task as SUCCESS. dag_id=Question3_FHV, task_id=local_to_gcs_task, execution_date=20190802T060000, start_date=20220219T015129, end_date=20220219T015248
[2022-02-19 01:52:48,364] {local_task_job.py:154} INFO - Task exited with return code 0
[2022-02-19 01:52:48,478] {local_task_job.py:264} INFO - 1 downstream tasks scheduled from follow-on schedule check
