[2022-01-30 12:56:42,281] {taskinstance.py:1032} INFO - Dependencies all met for <TaskInstance: HomeWorkWeek2.dowdata scheduled__2019-07-02T06:00:00+00:00 [queued]>
[2022-01-30 12:56:42,352] {taskinstance.py:1032} INFO - Dependencies all met for <TaskInstance: HomeWorkWeek2.dowdata scheduled__2019-07-02T06:00:00+00:00 [queued]>
[2022-01-30 12:56:42,352] {taskinstance.py:1238} INFO - 
--------------------------------------------------------------------------------
[2022-01-30 12:56:42,353] {taskinstance.py:1239} INFO - Starting attempt 1 of 2
[2022-01-30 12:56:42,353] {taskinstance.py:1240} INFO - 
--------------------------------------------------------------------------------
[2022-01-30 12:56:42,449] {taskinstance.py:1259} INFO - Executing <Task(BashOperator): dowdata> on 2019-07-02 06:00:00+00:00
[2022-01-30 12:56:42,462] {standard_task_runner.py:52} INFO - Started process 2318 to run task
[2022-01-30 12:56:42,472] {standard_task_runner.py:76} INFO - Running: ['***', 'tasks', 'run', 'HomeWorkWeek2', 'dowdata', 'scheduled__2019-07-02T06:00:00+00:00', '--job-id', '115', '--raw', '--subdir', 'DAGS_FOLDER/dag_questions1.py', '--cfg-path', '/tmp/tmp15xod86g', '--error-file', '/tmp/tmpm7ern3l2']
[2022-01-30 12:56:42,474] {standard_task_runner.py:77} INFO - Job 115: Subtask dowdata
[2022-01-30 12:56:42,703] {logging_mixin.py:109} INFO - Running <TaskInstance: HomeWorkWeek2.dowdata scheduled__2019-07-02T06:00:00+00:00 [running]> on host 4b3b8c5e49b1
[2022-01-30 12:56:42,912] {warnings.py:110} WARNING - /home/***/.local/lib/python3.7/site-packages/***/utils/context.py:152: AirflowContextDeprecationWarning: Accessing 'execution_date' from the template is deprecated and will be removed in a future version. Please use 'data_interval_start' or 'logical_date' instead.
  warnings.warn(_create_deprecation_warning(key, self._deprecation_replacements[key]))

[2022-01-30 12:56:43,015] {taskinstance.py:1426} INFO - Exporting the following env vars:
AIRFLOW_CTX_DAG_OWNER=***
AIRFLOW_CTX_DAG_ID=HomeWorkWeek2
AIRFLOW_CTX_TASK_ID=dowdata
AIRFLOW_CTX_EXECUTION_DATE=2019-07-02T06:00:00+00:00
AIRFLOW_CTX_DAG_RUN_ID=scheduled__2019-07-02T06:00:00+00:00
[2022-01-30 12:56:43,019] {subprocess.py:62} INFO - Tmp dir root location: 
 /tmp
[2022-01-30 12:56:43,022] {subprocess.py:74} INFO - Running command: ['bash', '-c', 'curl -sSLf https://s3.amazonaws.com/nyc-tlc/trip+data/yellow_tripdata_2019-07.csv > /opt/***output_2019-07.csv']
[2022-01-30 12:56:43,046] {subprocess.py:85} INFO - Output:
[2022-01-30 12:58:24,568] {subprocess.py:93} INFO - Command exited with return code 0
[2022-01-30 12:58:24,681] {taskinstance.py:1277} INFO - Marking task as SUCCESS. dag_id=HomeWorkWeek2, task_id=dowdata, execution_date=20190702T060000, start_date=20220130T125642, end_date=20220130T125824
[2022-01-30 12:58:24,789] {local_task_job.py:154} INFO - Task exited with return code 0
[2022-01-30 12:58:24,958] {local_task_job.py:264} INFO - 1 downstream tasks scheduled from follow-on schedule check
[2022-01-30 14:44:14,691] {taskinstance.py:1032} INFO - Dependencies all met for <TaskInstance: HomeWorkWeek2.dowdata scheduled__2019-07-02T06:00:00+00:00 [queued]>
[2022-01-30 14:44:14,736] {taskinstance.py:1032} INFO - Dependencies all met for <TaskInstance: HomeWorkWeek2.dowdata scheduled__2019-07-02T06:00:00+00:00 [queued]>
[2022-01-30 14:44:14,737] {taskinstance.py:1238} INFO - 
--------------------------------------------------------------------------------
[2022-01-30 14:44:14,737] {taskinstance.py:1239} INFO - Starting attempt 1 of 2
[2022-01-30 14:44:14,737] {taskinstance.py:1240} INFO - 
--------------------------------------------------------------------------------
[2022-01-30 14:44:14,783] {taskinstance.py:1259} INFO - Executing <Task(BashOperator): dowdata> on 2019-07-02 06:00:00+00:00
[2022-01-30 14:44:14,796] {standard_task_runner.py:52} INFO - Started process 518 to run task
[2022-01-30 14:44:14,806] {standard_task_runner.py:76} INFO - Running: ['***', 'tasks', 'run', 'HomeWorkWeek2', 'dowdata', 'scheduled__2019-07-02T06:00:00+00:00', '--job-id', '195', '--raw', '--subdir', 'DAGS_FOLDER/dag_questions1.py', '--cfg-path', '/tmp/tmpb8r_xmhq', '--error-file', '/tmp/tmptq171mol']
[2022-01-30 14:44:14,808] {standard_task_runner.py:77} INFO - Job 195: Subtask dowdata
[2022-01-30 14:44:15,030] {logging_mixin.py:109} INFO - Running <TaskInstance: HomeWorkWeek2.dowdata scheduled__2019-07-02T06:00:00+00:00 [running]> on host 785c0c715caa
[2022-01-30 14:44:15,183] {warnings.py:110} WARNING - /home/***/.local/lib/python3.7/site-packages/***/utils/context.py:152: AirflowContextDeprecationWarning: Accessing 'execution_date' from the template is deprecated and will be removed in a future version. Please use 'data_interval_start' or 'logical_date' instead.
  warnings.warn(_create_deprecation_warning(key, self._deprecation_replacements[key]))

[2022-01-30 14:44:15,250] {taskinstance.py:1426} INFO - Exporting the following env vars:
AIRFLOW_CTX_DAG_OWNER=***
AIRFLOW_CTX_DAG_ID=HomeWorkWeek2
AIRFLOW_CTX_TASK_ID=dowdata
AIRFLOW_CTX_EXECUTION_DATE=2019-07-02T06:00:00+00:00
AIRFLOW_CTX_DAG_RUN_ID=scheduled__2019-07-02T06:00:00+00:00
[2022-01-30 14:44:15,257] {subprocess.py:62} INFO - Tmp dir root location: 
 /tmp
[2022-01-30 14:44:15,258] {subprocess.py:74} INFO - Running command: ['bash', '-c', 'curl -sSLf https://s3.amazonaws.com/nyc-tlc/trip+data/yellow_tripdata_2019-07.csv > /opt/***output_2019-07.csv']
[2022-01-30 14:44:15,281] {subprocess.py:85} INFO - Output:
[2022-01-30 14:46:13,777] {subprocess.py:93} INFO - Command exited with return code 0
[2022-01-30 14:46:13,869] {taskinstance.py:1277} INFO - Marking task as SUCCESS. dag_id=HomeWorkWeek2, task_id=dowdata, execution_date=20190702T060000, start_date=20220130T144414, end_date=20220130T144613
[2022-01-30 14:46:13,976] {local_task_job.py:154} INFO - Task exited with return code 0
[2022-01-30 14:46:14,162] {local_task_job.py:264} INFO - 1 downstream tasks scheduled from follow-on schedule check
