[2022-02-09 21:59:19,413] {processor.py:163} INFO - Started process (PID=52) to work on /opt/airflow/dags/homework_week3_dag.py
[2022-02-09 21:59:19,414] {processor.py:642} INFO - Processing file /opt/airflow/dags/homework_week3_dag.py for tasks to queue
[2022-02-09 21:59:19,414] {logging_mixin.py:109} INFO - [2022-02-09 21:59:19,414] {dagbag.py:500} INFO - Filling up the DagBag from /opt/airflow/dags/homework_week3_dag.py
[2022-02-09 21:59:19,511] {logging_mixin.py:109} INFO - [2022-02-09 21:59:19,510] {dagbag.py:334} ERROR - Failed to import: /opt/airflow/dags/homework_week3_dag.py
Traceback (most recent call last):
  File "/home/airflow/.local/lib/python3.7/site-packages/airflow/models/dagbag.py", line 331, in _load_modules_from_file
    loader.exec_module(new_module)
  File "<frozen importlib._bootstrap_external>", line 728, in exec_module
  File "<frozen importlib._bootstrap>", line 219, in _call_with_frames_removed
  File "/opt/airflow/dags/homework_week3_dag.py", line 32, in <module>
    tags=['dtc-de']
TypeError: __init__() got an unexpected keyword argument 'default_arg'
[2022-02-09 21:59:19,541] {processor.py:656} WARNING - No viable dags retrieved from /opt/airflow/dags/homework_week3_dag.py
[2022-02-09 21:59:19,577] {processor.py:171} INFO - Processing /opt/airflow/dags/homework_week3_dag.py took 0.166 seconds
[2022-02-09 21:59:49,772] {processor.py:163} INFO - Started process (PID=81) to work on /opt/airflow/dags/homework_week3_dag.py
[2022-02-09 21:59:49,787] {processor.py:642} INFO - Processing file /opt/airflow/dags/homework_week3_dag.py for tasks to queue
[2022-02-09 21:59:49,788] {logging_mixin.py:109} INFO - [2022-02-09 21:59:49,788] {dagbag.py:500} INFO - Filling up the DagBag from /opt/airflow/dags/homework_week3_dag.py
[2022-02-09 21:59:49,808] {logging_mixin.py:109} INFO - [2022-02-09 21:59:49,807] {dagbag.py:334} ERROR - Failed to import: /opt/airflow/dags/homework_week3_dag.py
Traceback (most recent call last):
  File "/home/airflow/.local/lib/python3.7/site-packages/airflow/models/dagbag.py", line 331, in _load_modules_from_file
    loader.exec_module(new_module)
  File "<frozen importlib._bootstrap_external>", line 728, in exec_module
  File "<frozen importlib._bootstrap>", line 219, in _call_with_frames_removed
  File "/opt/airflow/dags/homework_week3_dag.py", line 32, in <module>
    tags=['dtc-de']
TypeError: __init__() got an unexpected keyword argument 'default_arg'
[2022-02-09 21:59:49,983] {processor.py:656} WARNING - No viable dags retrieved from /opt/airflow/dags/homework_week3_dag.py
[2022-02-09 21:59:50,020] {processor.py:171} INFO - Processing /opt/airflow/dags/homework_week3_dag.py took 0.252 seconds
[2022-02-09 22:00:20,158] {processor.py:163} INFO - Started process (PID=102) to work on /opt/airflow/dags/homework_week3_dag.py
[2022-02-09 22:00:20,161] {processor.py:642} INFO - Processing file /opt/airflow/dags/homework_week3_dag.py for tasks to queue
[2022-02-09 22:00:20,162] {logging_mixin.py:109} INFO - [2022-02-09 22:00:20,162] {dagbag.py:500} INFO - Filling up the DagBag from /opt/airflow/dags/homework_week3_dag.py
[2022-02-09 22:00:20,182] {logging_mixin.py:109} INFO - [2022-02-09 22:00:20,180] {dagbag.py:334} ERROR - Failed to import: /opt/airflow/dags/homework_week3_dag.py
Traceback (most recent call last):
  File "/home/airflow/.local/lib/python3.7/site-packages/airflow/models/dagbag.py", line 331, in _load_modules_from_file
    loader.exec_module(new_module)
  File "<frozen importlib._bootstrap_external>", line 728, in exec_module
  File "<frozen importlib._bootstrap>", line 219, in _call_with_frames_removed
  File "/opt/airflow/dags/homework_week3_dag.py", line 32, in <module>
    tags=['dtc-de']
TypeError: __init__() got an unexpected keyword argument 'default_arg'
[2022-02-09 22:00:20,216] {processor.py:656} WARNING - No viable dags retrieved from /opt/airflow/dags/homework_week3_dag.py
[2022-02-09 22:00:20,239] {processor.py:171} INFO - Processing /opt/airflow/dags/homework_week3_dag.py took 0.086 seconds
[2022-02-09 22:00:50,414] {processor.py:163} INFO - Started process (PID=122) to work on /opt/airflow/dags/homework_week3_dag.py
[2022-02-09 22:00:50,416] {processor.py:642} INFO - Processing file /opt/airflow/dags/homework_week3_dag.py for tasks to queue
[2022-02-09 22:00:50,417] {logging_mixin.py:109} INFO - [2022-02-09 22:00:50,417] {dagbag.py:500} INFO - Filling up the DagBag from /opt/airflow/dags/homework_week3_dag.py
[2022-02-09 22:00:50,436] {logging_mixin.py:109} INFO - [2022-02-09 22:00:50,435] {dagbag.py:334} ERROR - Failed to import: /opt/airflow/dags/homework_week3_dag.py
Traceback (most recent call last):
  File "/home/airflow/.local/lib/python3.7/site-packages/airflow/models/dagbag.py", line 331, in _load_modules_from_file
    loader.exec_module(new_module)
  File "<frozen importlib._bootstrap_external>", line 728, in exec_module
  File "<frozen importlib._bootstrap>", line 219, in _call_with_frames_removed
  File "/opt/airflow/dags/homework_week3_dag.py", line 32, in <module>
    tags=['dtc-de']
TypeError: __init__() got an unexpected keyword argument 'default_arg'
[2022-02-09 22:00:50,474] {processor.py:656} WARNING - No viable dags retrieved from /opt/airflow/dags/homework_week3_dag.py
[2022-02-09 22:00:50,499] {processor.py:171} INFO - Processing /opt/airflow/dags/homework_week3_dag.py took 0.091 seconds
[2022-02-09 22:01:20,740] {processor.py:163} INFO - Started process (PID=143) to work on /opt/airflow/dags/homework_week3_dag.py
[2022-02-09 22:01:20,743] {processor.py:642} INFO - Processing file /opt/airflow/dags/homework_week3_dag.py for tasks to queue
[2022-02-09 22:01:20,744] {logging_mixin.py:109} INFO - [2022-02-09 22:01:20,744] {dagbag.py:500} INFO - Filling up the DagBag from /opt/airflow/dags/homework_week3_dag.py
[2022-02-09 22:01:20,763] {logging_mixin.py:109} INFO - [2022-02-09 22:01:20,761] {dagbag.py:334} ERROR - Failed to import: /opt/airflow/dags/homework_week3_dag.py
Traceback (most recent call last):
  File "/home/airflow/.local/lib/python3.7/site-packages/airflow/models/dagbag.py", line 331, in _load_modules_from_file
    loader.exec_module(new_module)
  File "<frozen importlib._bootstrap_external>", line 728, in exec_module
  File "<frozen importlib._bootstrap>", line 219, in _call_with_frames_removed
  File "/opt/airflow/dags/homework_week3_dag.py", line 32, in <module>
    tags=['dtc-de']
TypeError: __init__() got an unexpected keyword argument 'default_arg'
[2022-02-09 22:01:20,800] {processor.py:656} WARNING - No viable dags retrieved from /opt/airflow/dags/homework_week3_dag.py
[2022-02-09 22:01:20,826] {processor.py:171} INFO - Processing /opt/airflow/dags/homework_week3_dag.py took 0.091 seconds
[2022-02-09 22:01:51,087] {processor.py:163} INFO - Started process (PID=160) to work on /opt/airflow/dags/homework_week3_dag.py
[2022-02-09 22:01:51,089] {processor.py:642} INFO - Processing file /opt/airflow/dags/homework_week3_dag.py for tasks to queue
[2022-02-09 22:01:51,090] {logging_mixin.py:109} INFO - [2022-02-09 22:01:51,090] {dagbag.py:500} INFO - Filling up the DagBag from /opt/airflow/dags/homework_week3_dag.py
[2022-02-09 22:01:51,106] {logging_mixin.py:109} INFO - [2022-02-09 22:01:51,104] {dagbag.py:334} ERROR - Failed to import: /opt/airflow/dags/homework_week3_dag.py
Traceback (most recent call last):
  File "/home/airflow/.local/lib/python3.7/site-packages/airflow/models/dagbag.py", line 331, in _load_modules_from_file
    loader.exec_module(new_module)
  File "<frozen importlib._bootstrap_external>", line 728, in exec_module
  File "<frozen importlib._bootstrap>", line 219, in _call_with_frames_removed
  File "/opt/airflow/dags/homework_week3_dag.py", line 32, in <module>
    tags=['dtc-de']
TypeError: __init__() got an unexpected keyword argument 'default_arg'
[2022-02-09 22:01:51,140] {processor.py:656} WARNING - No viable dags retrieved from /opt/airflow/dags/homework_week3_dag.py
[2022-02-09 22:01:51,166] {processor.py:171} INFO - Processing /opt/airflow/dags/homework_week3_dag.py took 0.084 seconds
[2022-02-09 22:02:21,342] {processor.py:163} INFO - Started process (PID=172) to work on /opt/airflow/dags/homework_week3_dag.py
[2022-02-09 22:02:21,344] {processor.py:642} INFO - Processing file /opt/airflow/dags/homework_week3_dag.py for tasks to queue
[2022-02-09 22:02:21,345] {logging_mixin.py:109} INFO - [2022-02-09 22:02:21,345] {dagbag.py:500} INFO - Filling up the DagBag from /opt/airflow/dags/homework_week3_dag.py
[2022-02-09 22:02:21,359] {logging_mixin.py:109} INFO - [2022-02-09 22:02:21,357] {dagbag.py:334} ERROR - Failed to import: /opt/airflow/dags/homework_week3_dag.py
Traceback (most recent call last):
  File "/home/airflow/.local/lib/python3.7/site-packages/airflow/models/dagbag.py", line 331, in _load_modules_from_file
    loader.exec_module(new_module)
  File "<frozen importlib._bootstrap_external>", line 728, in exec_module
  File "<frozen importlib._bootstrap>", line 219, in _call_with_frames_removed
  File "/opt/airflow/dags/homework_week3_dag.py", line 32, in <module>
    tags=['dtc-de']
TypeError: __init__() got an unexpected keyword argument 'default_arg'
[2022-02-09 22:02:21,405] {processor.py:656} WARNING - No viable dags retrieved from /opt/airflow/dags/homework_week3_dag.py
[2022-02-09 22:02:21,434] {processor.py:171} INFO - Processing /opt/airflow/dags/homework_week3_dag.py took 0.098 seconds
[2022-02-09 22:02:51,573] {processor.py:163} INFO - Started process (PID=192) to work on /opt/airflow/dags/homework_week3_dag.py
[2022-02-09 22:02:51,576] {processor.py:642} INFO - Processing file /opt/airflow/dags/homework_week3_dag.py for tasks to queue
[2022-02-09 22:02:51,577] {logging_mixin.py:109} INFO - [2022-02-09 22:02:51,577] {dagbag.py:500} INFO - Filling up the DagBag from /opt/airflow/dags/homework_week3_dag.py
[2022-02-09 22:02:51,598] {logging_mixin.py:109} INFO - [2022-02-09 22:02:51,596] {dagbag.py:334} ERROR - Failed to import: /opt/airflow/dags/homework_week3_dag.py
Traceback (most recent call last):
  File "/home/airflow/.local/lib/python3.7/site-packages/airflow/models/dagbag.py", line 331, in _load_modules_from_file
    loader.exec_module(new_module)
  File "<frozen importlib._bootstrap_external>", line 728, in exec_module
  File "<frozen importlib._bootstrap>", line 219, in _call_with_frames_removed
  File "/opt/airflow/dags/homework_week3_dag.py", line 32, in <module>
    tags=['dtc-de']
TypeError: __init__() got an unexpected keyword argument 'default_arg'
[2022-02-09 22:02:51,645] {processor.py:656} WARNING - No viable dags retrieved from /opt/airflow/dags/homework_week3_dag.py
[2022-02-09 22:02:51,667] {processor.py:171} INFO - Processing /opt/airflow/dags/homework_week3_dag.py took 0.102 seconds
[2022-02-09 22:03:21,850] {processor.py:163} INFO - Started process (PID=212) to work on /opt/airflow/dags/homework_week3_dag.py
[2022-02-09 22:03:21,853] {processor.py:642} INFO - Processing file /opt/airflow/dags/homework_week3_dag.py for tasks to queue
[2022-02-09 22:03:21,855] {logging_mixin.py:109} INFO - [2022-02-09 22:03:21,855] {dagbag.py:500} INFO - Filling up the DagBag from /opt/airflow/dags/homework_week3_dag.py
[2022-02-09 22:03:21,874] {logging_mixin.py:109} INFO - [2022-02-09 22:03:21,872] {dagbag.py:334} ERROR - Failed to import: /opt/airflow/dags/homework_week3_dag.py
Traceback (most recent call last):
  File "/home/airflow/.local/lib/python3.7/site-packages/airflow/models/dagbag.py", line 331, in _load_modules_from_file
    loader.exec_module(new_module)
  File "<frozen importlib._bootstrap_external>", line 728, in exec_module
  File "<frozen importlib._bootstrap>", line 219, in _call_with_frames_removed
  File "/opt/airflow/dags/homework_week3_dag.py", line 32, in <module>
    tags=['dtc-de']
TypeError: __init__() got an unexpected keyword argument 'default_arg'
[2022-02-09 22:03:21,915] {processor.py:656} WARNING - No viable dags retrieved from /opt/airflow/dags/homework_week3_dag.py
[2022-02-09 22:03:21,935] {processor.py:171} INFO - Processing /opt/airflow/dags/homework_week3_dag.py took 0.092 seconds
[2022-02-09 22:03:52,135] {processor.py:163} INFO - Started process (PID=232) to work on /opt/airflow/dags/homework_week3_dag.py
[2022-02-09 22:03:52,137] {processor.py:642} INFO - Processing file /opt/airflow/dags/homework_week3_dag.py for tasks to queue
[2022-02-09 22:03:52,139] {logging_mixin.py:109} INFO - [2022-02-09 22:03:52,139] {dagbag.py:500} INFO - Filling up the DagBag from /opt/airflow/dags/homework_week3_dag.py
[2022-02-09 22:03:52,160] {logging_mixin.py:109} INFO - [2022-02-09 22:03:52,158] {dagbag.py:334} ERROR - Failed to import: /opt/airflow/dags/homework_week3_dag.py
Traceback (most recent call last):
  File "/home/airflow/.local/lib/python3.7/site-packages/airflow/models/dagbag.py", line 331, in _load_modules_from_file
    loader.exec_module(new_module)
  File "<frozen importlib._bootstrap_external>", line 728, in exec_module
  File "<frozen importlib._bootstrap>", line 219, in _call_with_frames_removed
  File "/opt/airflow/dags/homework_week3_dag.py", line 32, in <module>
    tags=['dtc-de']
TypeError: __init__() got an unexpected keyword argument 'default_arg'
[2022-02-09 22:03:52,200] {processor.py:656} WARNING - No viable dags retrieved from /opt/airflow/dags/homework_week3_dag.py
[2022-02-09 22:03:52,223] {processor.py:171} INFO - Processing /opt/airflow/dags/homework_week3_dag.py took 0.097 seconds
[2022-02-09 22:04:22,418] {processor.py:163} INFO - Started process (PID=250) to work on /opt/airflow/dags/homework_week3_dag.py
[2022-02-09 22:04:22,422] {processor.py:642} INFO - Processing file /opt/airflow/dags/homework_week3_dag.py for tasks to queue
[2022-02-09 22:04:22,423] {logging_mixin.py:109} INFO - [2022-02-09 22:04:22,423] {dagbag.py:500} INFO - Filling up the DagBag from /opt/airflow/dags/homework_week3_dag.py
[2022-02-09 22:04:22,442] {logging_mixin.py:109} INFO - [2022-02-09 22:04:22,440] {dagbag.py:334} ERROR - Failed to import: /opt/airflow/dags/homework_week3_dag.py
Traceback (most recent call last):
  File "/home/airflow/.local/lib/python3.7/site-packages/airflow/models/dagbag.py", line 331, in _load_modules_from_file
    loader.exec_module(new_module)
  File "<frozen importlib._bootstrap_external>", line 728, in exec_module
  File "<frozen importlib._bootstrap>", line 219, in _call_with_frames_removed
  File "/opt/airflow/dags/homework_week3_dag.py", line 32, in <module>
    tags=['dtc-de']
TypeError: __init__() got an unexpected keyword argument 'default_arg'
[2022-02-09 22:04:22,480] {processor.py:656} WARNING - No viable dags retrieved from /opt/airflow/dags/homework_week3_dag.py
[2022-02-09 22:04:22,501] {processor.py:171} INFO - Processing /opt/airflow/dags/homework_week3_dag.py took 0.090 seconds
[2022-02-09 22:04:52,719] {processor.py:163} INFO - Started process (PID=270) to work on /opt/airflow/dags/homework_week3_dag.py
[2022-02-09 22:04:52,722] {processor.py:642} INFO - Processing file /opt/airflow/dags/homework_week3_dag.py for tasks to queue
[2022-02-09 22:04:52,724] {logging_mixin.py:109} INFO - [2022-02-09 22:04:52,723] {dagbag.py:500} INFO - Filling up the DagBag from /opt/airflow/dags/homework_week3_dag.py
[2022-02-09 22:04:52,746] {logging_mixin.py:109} INFO - [2022-02-09 22:04:52,744] {dagbag.py:334} ERROR - Failed to import: /opt/airflow/dags/homework_week3_dag.py
Traceback (most recent call last):
  File "/home/airflow/.local/lib/python3.7/site-packages/airflow/models/dagbag.py", line 331, in _load_modules_from_file
    loader.exec_module(new_module)
  File "<frozen importlib._bootstrap_external>", line 728, in exec_module
  File "<frozen importlib._bootstrap>", line 219, in _call_with_frames_removed
  File "/opt/airflow/dags/homework_week3_dag.py", line 32, in <module>
    tags=['dtc-de']
TypeError: __init__() got an unexpected keyword argument 'default_arg'
[2022-02-09 22:04:52,801] {processor.py:656} WARNING - No viable dags retrieved from /opt/airflow/dags/homework_week3_dag.py
[2022-02-09 22:04:52,834] {processor.py:171} INFO - Processing /opt/airflow/dags/homework_week3_dag.py took 0.122 seconds
[2022-02-09 22:05:22,956] {processor.py:163} INFO - Started process (PID=289) to work on /opt/airflow/dags/homework_week3_dag.py
[2022-02-09 22:05:22,958] {processor.py:642} INFO - Processing file /opt/airflow/dags/homework_week3_dag.py for tasks to queue
[2022-02-09 22:05:22,960] {logging_mixin.py:109} INFO - [2022-02-09 22:05:22,959] {dagbag.py:500} INFO - Filling up the DagBag from /opt/airflow/dags/homework_week3_dag.py
[2022-02-09 22:05:22,976] {logging_mixin.py:109} INFO - [2022-02-09 22:05:22,974] {dagbag.py:334} ERROR - Failed to import: /opt/airflow/dags/homework_week3_dag.py
Traceback (most recent call last):
  File "/home/airflow/.local/lib/python3.7/site-packages/airflow/models/dagbag.py", line 331, in _load_modules_from_file
    loader.exec_module(new_module)
  File "<frozen importlib._bootstrap_external>", line 728, in exec_module
  File "<frozen importlib._bootstrap>", line 219, in _call_with_frames_removed
  File "/opt/airflow/dags/homework_week3_dag.py", line 32, in <module>
    tags=['dtc-de']
TypeError: __init__() got an unexpected keyword argument 'default_arg'
[2022-02-09 22:05:23,010] {processor.py:656} WARNING - No viable dags retrieved from /opt/airflow/dags/homework_week3_dag.py
[2022-02-09 22:05:23,039] {processor.py:171} INFO - Processing /opt/airflow/dags/homework_week3_dag.py took 0.089 seconds
[2022-02-09 22:05:53,244] {processor.py:163} INFO - Started process (PID=309) to work on /opt/airflow/dags/homework_week3_dag.py
[2022-02-09 22:05:53,246] {processor.py:642} INFO - Processing file /opt/airflow/dags/homework_week3_dag.py for tasks to queue
[2022-02-09 22:05:53,247] {logging_mixin.py:109} INFO - [2022-02-09 22:05:53,247] {dagbag.py:500} INFO - Filling up the DagBag from /opt/airflow/dags/homework_week3_dag.py
[2022-02-09 22:05:53,263] {logging_mixin.py:109} INFO - [2022-02-09 22:05:53,261] {dagbag.py:334} ERROR - Failed to import: /opt/airflow/dags/homework_week3_dag.py
Traceback (most recent call last):
  File "/home/airflow/.local/lib/python3.7/site-packages/airflow/models/dagbag.py", line 331, in _load_modules_from_file
    loader.exec_module(new_module)
  File "<frozen importlib._bootstrap_external>", line 728, in exec_module
  File "<frozen importlib._bootstrap>", line 219, in _call_with_frames_removed
  File "/opt/airflow/dags/homework_week3_dag.py", line 32, in <module>
    tags=['dtc-de']
TypeError: __init__() got an unexpected keyword argument 'default_arg'
[2022-02-09 22:05:53,311] {processor.py:656} WARNING - No viable dags retrieved from /opt/airflow/dags/homework_week3_dag.py
[2022-02-09 22:05:53,336] {processor.py:171} INFO - Processing /opt/airflow/dags/homework_week3_dag.py took 0.098 seconds
[2022-02-09 22:05:58,282] {processor.py:163} INFO - Started process (PID=310) to work on /opt/airflow/dags/homework_week3_dag.py
[2022-02-09 22:05:58,284] {processor.py:642} INFO - Processing file /opt/airflow/dags/homework_week3_dag.py for tasks to queue
[2022-02-09 22:05:58,286] {logging_mixin.py:109} INFO - [2022-02-09 22:05:58,285] {dagbag.py:500} INFO - Filling up the DagBag from /opt/airflow/dags/homework_week3_dag.py
[2022-02-09 22:05:58,305] {logging_mixin.py:109} INFO - [2022-02-09 22:05:58,302] {dagbag.py:334} ERROR - Failed to import: /opt/airflow/dags/homework_week3_dag.py
Traceback (most recent call last):
  File "/home/airflow/.local/lib/python3.7/site-packages/airflow/models/dagbag.py", line 331, in _load_modules_from_file
    loader.exec_module(new_module)
  File "<frozen importlib._bootstrap_external>", line 728, in exec_module
  File "<frozen importlib._bootstrap>", line 219, in _call_with_frames_removed
  File "/opt/airflow/dags/homework_week3_dag.py", line 42, in <module>
    move_object=True
  File "/home/airflow/.local/lib/python3.7/site-packages/airflow/models/baseoperator.py", line 177, in apply_defaults
    raise AirflowException(msg)
airflow.exceptions.AirflowException: Argument ['python_callable'] is required
[2022-02-09 22:05:58,340] {processor.py:656} WARNING - No viable dags retrieved from /opt/airflow/dags/homework_week3_dag.py
[2022-02-09 22:05:58,363] {processor.py:171} INFO - Processing /opt/airflow/dags/homework_week3_dag.py took 0.086 seconds
[2022-02-09 22:06:28,822] {processor.py:163} INFO - Started process (PID=331) to work on /opt/airflow/dags/homework_week3_dag.py
[2022-02-09 22:06:28,825] {processor.py:642} INFO - Processing file /opt/airflow/dags/homework_week3_dag.py for tasks to queue
[2022-02-09 22:06:28,826] {logging_mixin.py:109} INFO - [2022-02-09 22:06:28,826] {dagbag.py:500} INFO - Filling up the DagBag from /opt/airflow/dags/homework_week3_dag.py
[2022-02-09 22:06:28,847] {logging_mixin.py:109} INFO - [2022-02-09 22:06:28,844] {dagbag.py:334} ERROR - Failed to import: /opt/airflow/dags/homework_week3_dag.py
Traceback (most recent call last):
  File "/home/airflow/.local/lib/python3.7/site-packages/airflow/models/dagbag.py", line 331, in _load_modules_from_file
    loader.exec_module(new_module)
  File "<frozen importlib._bootstrap_external>", line 728, in exec_module
  File "<frozen importlib._bootstrap>", line 219, in _call_with_frames_removed
  File "/opt/airflow/dags/homework_week3_dag.py", line 42, in <module>
    move_object=True
  File "/home/airflow/.local/lib/python3.7/site-packages/airflow/models/baseoperator.py", line 177, in apply_defaults
    raise AirflowException(msg)
airflow.exceptions.AirflowException: Argument ['python_callable'] is required
[2022-02-09 22:06:28,879] {processor.py:656} WARNING - No viable dags retrieved from /opt/airflow/dags/homework_week3_dag.py
[2022-02-09 22:06:28,902] {processor.py:171} INFO - Processing /opt/airflow/dags/homework_week3_dag.py took 0.085 seconds
[2022-02-09 22:06:37,057] {processor.py:163} INFO - Started process (PID=341) to work on /opt/airflow/dags/homework_week3_dag.py
[2022-02-09 22:06:37,060] {processor.py:642} INFO - Processing file /opt/airflow/dags/homework_week3_dag.py for tasks to queue
[2022-02-09 22:06:37,062] {logging_mixin.py:109} INFO - [2022-02-09 22:06:37,062] {dagbag.py:500} INFO - Filling up the DagBag from /opt/airflow/dags/homework_week3_dag.py
[2022-02-09 22:06:37,076] {logging_mixin.py:109} INFO - [2022-02-09 22:06:37,074] {dagbag.py:334} ERROR - Failed to import: /opt/airflow/dags/homework_week3_dag.py
Traceback (most recent call last):
  File "/home/airflow/.local/lib/python3.7/site-packages/airflow/models/dagbag.py", line 331, in _load_modules_from_file
    loader.exec_module(new_module)
  File "<frozen importlib._bootstrap_external>", line 728, in exec_module
  File "<frozen importlib._bootstrap>", line 219, in _call_with_frames_removed
  File "/opt/airflow/dags/homework_week3_dag.py", line 41, in <module>
    move_object=True
  File "/home/airflow/.local/lib/python3.7/site-packages/airflow/models/baseoperator.py", line 177, in apply_defaults
    raise AirflowException(msg)
airflow.exceptions.AirflowException: Argument ['python_callable'] is required
[2022-02-09 22:06:37,112] {processor.py:656} WARNING - No viable dags retrieved from /opt/airflow/dags/homework_week3_dag.py
[2022-02-09 22:06:37,134] {processor.py:171} INFO - Processing /opt/airflow/dags/homework_week3_dag.py took 0.082 seconds
[2022-02-09 22:07:07,345] {processor.py:163} INFO - Started process (PID=361) to work on /opt/airflow/dags/homework_week3_dag.py
[2022-02-09 22:07:07,348] {processor.py:642} INFO - Processing file /opt/airflow/dags/homework_week3_dag.py for tasks to queue
[2022-02-09 22:07:07,349] {logging_mixin.py:109} INFO - [2022-02-09 22:07:07,349] {dagbag.py:500} INFO - Filling up the DagBag from /opt/airflow/dags/homework_week3_dag.py
[2022-02-09 22:07:07,372] {logging_mixin.py:109} INFO - [2022-02-09 22:07:07,369] {dagbag.py:334} ERROR - Failed to import: /opt/airflow/dags/homework_week3_dag.py
Traceback (most recent call last):
  File "/home/airflow/.local/lib/python3.7/site-packages/airflow/models/dagbag.py", line 331, in _load_modules_from_file
    loader.exec_module(new_module)
  File "<frozen importlib._bootstrap_external>", line 728, in exec_module
  File "<frozen importlib._bootstrap>", line 219, in _call_with_frames_removed
  File "/opt/airflow/dags/homework_week3_dag.py", line 41, in <module>
    move_object=True
  File "/home/airflow/.local/lib/python3.7/site-packages/airflow/models/baseoperator.py", line 177, in apply_defaults
    raise AirflowException(msg)
airflow.exceptions.AirflowException: Argument ['python_callable'] is required
[2022-02-09 22:07:07,406] {processor.py:656} WARNING - No viable dags retrieved from /opt/airflow/dags/homework_week3_dag.py
[2022-02-09 22:07:07,432] {processor.py:171} INFO - Processing /opt/airflow/dags/homework_week3_dag.py took 0.094 seconds
[2022-02-09 22:07:37,627] {processor.py:163} INFO - Started process (PID=381) to work on /opt/airflow/dags/homework_week3_dag.py
[2022-02-09 22:07:37,630] {processor.py:642} INFO - Processing file /opt/airflow/dags/homework_week3_dag.py for tasks to queue
[2022-02-09 22:07:37,631] {logging_mixin.py:109} INFO - [2022-02-09 22:07:37,631] {dagbag.py:500} INFO - Filling up the DagBag from /opt/airflow/dags/homework_week3_dag.py
[2022-02-09 22:07:37,650] {logging_mixin.py:109} INFO - [2022-02-09 22:07:37,647] {dagbag.py:334} ERROR - Failed to import: /opt/airflow/dags/homework_week3_dag.py
Traceback (most recent call last):
  File "/home/airflow/.local/lib/python3.7/site-packages/airflow/models/dagbag.py", line 331, in _load_modules_from_file
    loader.exec_module(new_module)
  File "<frozen importlib._bootstrap_external>", line 728, in exec_module
  File "<frozen importlib._bootstrap>", line 219, in _call_with_frames_removed
  File "/opt/airflow/dags/homework_week3_dag.py", line 41, in <module>
    move_object=True
  File "/home/airflow/.local/lib/python3.7/site-packages/airflow/models/baseoperator.py", line 177, in apply_defaults
    raise AirflowException(msg)
airflow.exceptions.AirflowException: Argument ['python_callable'] is required
[2022-02-09 22:07:37,685] {processor.py:656} WARNING - No viable dags retrieved from /opt/airflow/dags/homework_week3_dag.py
[2022-02-09 22:07:37,707] {processor.py:171} INFO - Processing /opt/airflow/dags/homework_week3_dag.py took 0.085 seconds
[2022-02-09 22:08:08,046] {processor.py:163} INFO - Started process (PID=402) to work on /opt/airflow/dags/homework_week3_dag.py
[2022-02-09 22:08:08,049] {processor.py:642} INFO - Processing file /opt/airflow/dags/homework_week3_dag.py for tasks to queue
[2022-02-09 22:08:08,051] {logging_mixin.py:109} INFO - [2022-02-09 22:08:08,050] {dagbag.py:500} INFO - Filling up the DagBag from /opt/airflow/dags/homework_week3_dag.py
[2022-02-09 22:08:08,067] {logging_mixin.py:109} INFO - [2022-02-09 22:08:08,063] {dagbag.py:334} ERROR - Failed to import: /opt/airflow/dags/homework_week3_dag.py
Traceback (most recent call last):
  File "/home/airflow/.local/lib/python3.7/site-packages/airflow/models/dagbag.py", line 331, in _load_modules_from_file
    loader.exec_module(new_module)
  File "<frozen importlib._bootstrap_external>", line 728, in exec_module
  File "<frozen importlib._bootstrap>", line 219, in _call_with_frames_removed
  File "/opt/airflow/dags/homework_week3_dag.py", line 41, in <module>
    move_object=True
  File "/home/airflow/.local/lib/python3.7/site-packages/airflow/models/baseoperator.py", line 177, in apply_defaults
    raise AirflowException(msg)
airflow.exceptions.AirflowException: Argument ['python_callable'] is required
[2022-02-09 22:08:08,107] {processor.py:656} WARNING - No viable dags retrieved from /opt/airflow/dags/homework_week3_dag.py
[2022-02-09 22:08:08,148] {processor.py:171} INFO - Processing /opt/airflow/dags/homework_week3_dag.py took 0.110 seconds
[2022-02-09 22:08:38,375] {processor.py:163} INFO - Started process (PID=421) to work on /opt/airflow/dags/homework_week3_dag.py
[2022-02-09 22:08:38,377] {processor.py:642} INFO - Processing file /opt/airflow/dags/homework_week3_dag.py for tasks to queue
[2022-02-09 22:08:38,378] {logging_mixin.py:109} INFO - [2022-02-09 22:08:38,378] {dagbag.py:500} INFO - Filling up the DagBag from /opt/airflow/dags/homework_week3_dag.py
[2022-02-09 22:08:38,393] {logging_mixin.py:109} INFO - [2022-02-09 22:08:38,391] {dagbag.py:334} ERROR - Failed to import: /opt/airflow/dags/homework_week3_dag.py
Traceback (most recent call last):
  File "/home/airflow/.local/lib/python3.7/site-packages/airflow/models/dagbag.py", line 331, in _load_modules_from_file
    loader.exec_module(new_module)
  File "<frozen importlib._bootstrap_external>", line 728, in exec_module
  File "<frozen importlib._bootstrap>", line 219, in _call_with_frames_removed
  File "/opt/airflow/dags/homework_week3_dag.py", line 41, in <module>
    move_object=True
  File "/home/airflow/.local/lib/python3.7/site-packages/airflow/models/baseoperator.py", line 177, in apply_defaults
    raise AirflowException(msg)
airflow.exceptions.AirflowException: Argument ['python_callable'] is required
[2022-02-09 22:08:38,484] {processor.py:656} WARNING - No viable dags retrieved from /opt/airflow/dags/homework_week3_dag.py
[2022-02-09 22:08:38,521] {processor.py:171} INFO - Processing /opt/airflow/dags/homework_week3_dag.py took 0.151 seconds
[2022-02-09 22:09:08,678] {processor.py:163} INFO - Started process (PID=441) to work on /opt/airflow/dags/homework_week3_dag.py
[2022-02-09 22:09:08,682] {processor.py:642} INFO - Processing file /opt/airflow/dags/homework_week3_dag.py for tasks to queue
[2022-02-09 22:09:08,684] {logging_mixin.py:109} INFO - [2022-02-09 22:09:08,683] {dagbag.py:500} INFO - Filling up the DagBag from /opt/airflow/dags/homework_week3_dag.py
[2022-02-09 22:09:08,700] {logging_mixin.py:109} INFO - [2022-02-09 22:09:08,696] {dagbag.py:334} ERROR - Failed to import: /opt/airflow/dags/homework_week3_dag.py
Traceback (most recent call last):
  File "/home/airflow/.local/lib/python3.7/site-packages/airflow/models/dagbag.py", line 331, in _load_modules_from_file
    loader.exec_module(new_module)
  File "<frozen importlib._bootstrap_external>", line 728, in exec_module
  File "<frozen importlib._bootstrap>", line 219, in _call_with_frames_removed
  File "/opt/airflow/dags/homework_week3_dag.py", line 41, in <module>
    move_object=True
  File "/home/airflow/.local/lib/python3.7/site-packages/airflow/models/baseoperator.py", line 177, in apply_defaults
    raise AirflowException(msg)
airflow.exceptions.AirflowException: Argument ['python_callable'] is required
[2022-02-09 22:09:08,738] {processor.py:656} WARNING - No viable dags retrieved from /opt/airflow/dags/homework_week3_dag.py
[2022-02-09 22:09:08,762] {processor.py:171} INFO - Processing /opt/airflow/dags/homework_week3_dag.py took 0.090 seconds
[2022-02-09 22:09:39,094] {processor.py:163} INFO - Started process (PID=451) to work on /opt/airflow/dags/homework_week3_dag.py
[2022-02-09 22:09:39,097] {processor.py:642} INFO - Processing file /opt/airflow/dags/homework_week3_dag.py for tasks to queue
[2022-02-09 22:09:39,098] {logging_mixin.py:109} INFO - [2022-02-09 22:09:39,098] {dagbag.py:500} INFO - Filling up the DagBag from /opt/airflow/dags/homework_week3_dag.py
[2022-02-09 22:09:39,116] {logging_mixin.py:109} INFO - [2022-02-09 22:09:39,112] {dagbag.py:334} ERROR - Failed to import: /opt/airflow/dags/homework_week3_dag.py
Traceback (most recent call last):
  File "/home/airflow/.local/lib/python3.7/site-packages/airflow/models/dagbag.py", line 331, in _load_modules_from_file
    loader.exec_module(new_module)
  File "<frozen importlib._bootstrap_external>", line 728, in exec_module
  File "<frozen importlib._bootstrap>", line 219, in _call_with_frames_removed
  File "/opt/airflow/dags/homework_week3_dag.py", line 41, in <module>
    move_object=True
  File "/home/airflow/.local/lib/python3.7/site-packages/airflow/models/baseoperator.py", line 177, in apply_defaults
    raise AirflowException(msg)
airflow.exceptions.AirflowException: Argument ['python_callable'] is required
[2022-02-09 22:09:39,153] {processor.py:656} WARNING - No viable dags retrieved from /opt/airflow/dags/homework_week3_dag.py
[2022-02-09 22:09:39,177] {processor.py:171} INFO - Processing /opt/airflow/dags/homework_week3_dag.py took 0.090 seconds
[2022-02-09 22:09:55,209] {processor.py:163} INFO - Started process (PID=472) to work on /opt/airflow/dags/homework_week3_dag.py
[2022-02-09 22:09:55,213] {processor.py:642} INFO - Processing file /opt/airflow/dags/homework_week3_dag.py for tasks to queue
[2022-02-09 22:09:55,215] {logging_mixin.py:109} INFO - [2022-02-09 22:09:55,215] {dagbag.py:500} INFO - Filling up the DagBag from /opt/airflow/dags/homework_week3_dag.py
[2022-02-09 22:09:56,816] {logging_mixin.py:109} INFO - [2022-02-09 22:09:56,811] {dagbag.py:334} ERROR - Failed to import: /opt/airflow/dags/homework_week3_dag.py
Traceback (most recent call last):
  File "/home/airflow/.local/lib/python3.7/site-packages/airflow/models/dagbag.py", line 331, in _load_modules_from_file
    loader.exec_module(new_module)
  File "<frozen importlib._bootstrap_external>", line 728, in exec_module
  File "<frozen importlib._bootstrap>", line 219, in _call_with_frames_removed
  File "/opt/airflow/dags/homework_week3_dag.py", line 42, in <module>
    move_object=True
  File "/home/airflow/.local/lib/python3.7/site-packages/airflow/models/baseoperator.py", line 188, in apply_defaults
    result = func(self, *args, **kwargs)
  File "/home/airflow/.local/lib/python3.7/site-packages/airflow/providers/google/cloud/transfers/gcs_to_gcs.py", line 207, in __init__
    super().__init__(**kwargs)
  File "/home/airflow/.local/lib/python3.7/site-packages/airflow/models/baseoperator.py", line 188, in apply_defaults
    result = func(self, *args, **kwargs)
  File "/home/airflow/.local/lib/python3.7/site-packages/airflow/models/baseoperator.py", line 683, in __init__
    self.dag = dag or DagContext.get_current_dag()
  File "/home/airflow/.local/lib/python3.7/site-packages/airflow/models/baseoperator.py", line 789, in __setattr__
    super().__setattr__(key, value)
  File "/home/airflow/.local/lib/python3.7/site-packages/airflow/models/baseoperator.py", line 840, in dag
    dag.add_task(self)
  File "/home/airflow/.local/lib/python3.7/site-packages/airflow/models/dag.py", line 2139, in add_task
    raise AirflowException("Task is missing the start_date parameter")
airflow.exceptions.AirflowException: Task is missing the start_date parameter
[2022-02-09 22:09:56,850] {processor.py:656} WARNING - No viable dags retrieved from /opt/airflow/dags/homework_week3_dag.py
[2022-02-09 22:09:56,871] {processor.py:171} INFO - Processing /opt/airflow/dags/homework_week3_dag.py took 1.670 seconds
[2022-02-09 22:10:27,028] {processor.py:163} INFO - Started process (PID=491) to work on /opt/airflow/dags/homework_week3_dag.py
[2022-02-09 22:10:27,030] {processor.py:642} INFO - Processing file /opt/airflow/dags/homework_week3_dag.py for tasks to queue
[2022-02-09 22:10:27,031] {logging_mixin.py:109} INFO - [2022-02-09 22:10:27,031] {dagbag.py:500} INFO - Filling up the DagBag from /opt/airflow/dags/homework_week3_dag.py
[2022-02-09 22:10:27,549] {logging_mixin.py:109} INFO - [2022-02-09 22:10:27,544] {dagbag.py:334} ERROR - Failed to import: /opt/airflow/dags/homework_week3_dag.py
Traceback (most recent call last):
  File "/home/airflow/.local/lib/python3.7/site-packages/airflow/models/dagbag.py", line 331, in _load_modules_from_file
    loader.exec_module(new_module)
  File "<frozen importlib._bootstrap_external>", line 728, in exec_module
  File "<frozen importlib._bootstrap>", line 219, in _call_with_frames_removed
  File "/opt/airflow/dags/homework_week3_dag.py", line 42, in <module>
    move_object=True
  File "/home/airflow/.local/lib/python3.7/site-packages/airflow/models/baseoperator.py", line 188, in apply_defaults
    result = func(self, *args, **kwargs)
  File "/home/airflow/.local/lib/python3.7/site-packages/airflow/providers/google/cloud/transfers/gcs_to_gcs.py", line 207, in __init__
    super().__init__(**kwargs)
  File "/home/airflow/.local/lib/python3.7/site-packages/airflow/models/baseoperator.py", line 188, in apply_defaults
    result = func(self, *args, **kwargs)
  File "/home/airflow/.local/lib/python3.7/site-packages/airflow/models/baseoperator.py", line 683, in __init__
    self.dag = dag or DagContext.get_current_dag()
  File "/home/airflow/.local/lib/python3.7/site-packages/airflow/models/baseoperator.py", line 789, in __setattr__
    super().__setattr__(key, value)
  File "/home/airflow/.local/lib/python3.7/site-packages/airflow/models/baseoperator.py", line 840, in dag
    dag.add_task(self)
  File "/home/airflow/.local/lib/python3.7/site-packages/airflow/models/dag.py", line 2139, in add_task
    raise AirflowException("Task is missing the start_date parameter")
airflow.exceptions.AirflowException: Task is missing the start_date parameter
[2022-02-09 22:10:27,580] {processor.py:656} WARNING - No viable dags retrieved from /opt/airflow/dags/homework_week3_dag.py
[2022-02-09 22:10:27,599] {processor.py:171} INFO - Processing /opt/airflow/dags/homework_week3_dag.py took 0.575 seconds
[2022-02-09 22:10:57,939] {processor.py:163} INFO - Started process (PID=512) to work on /opt/airflow/dags/homework_week3_dag.py
[2022-02-09 22:10:57,941] {processor.py:642} INFO - Processing file /opt/airflow/dags/homework_week3_dag.py for tasks to queue
[2022-02-09 22:10:57,943] {logging_mixin.py:109} INFO - [2022-02-09 22:10:57,942] {dagbag.py:500} INFO - Filling up the DagBag from /opt/airflow/dags/homework_week3_dag.py
[2022-02-09 22:10:58,474] {logging_mixin.py:109} INFO - [2022-02-09 22:10:58,469] {dagbag.py:334} ERROR - Failed to import: /opt/airflow/dags/homework_week3_dag.py
Traceback (most recent call last):
  File "/home/airflow/.local/lib/python3.7/site-packages/airflow/models/dagbag.py", line 331, in _load_modules_from_file
    loader.exec_module(new_module)
  File "<frozen importlib._bootstrap_external>", line 728, in exec_module
  File "<frozen importlib._bootstrap>", line 219, in _call_with_frames_removed
  File "/opt/airflow/dags/homework_week3_dag.py", line 42, in <module>
    move_object=True
  File "/home/airflow/.local/lib/python3.7/site-packages/airflow/models/baseoperator.py", line 188, in apply_defaults
    result = func(self, *args, **kwargs)
  File "/home/airflow/.local/lib/python3.7/site-packages/airflow/providers/google/cloud/transfers/gcs_to_gcs.py", line 207, in __init__
    super().__init__(**kwargs)
  File "/home/airflow/.local/lib/python3.7/site-packages/airflow/models/baseoperator.py", line 188, in apply_defaults
    result = func(self, *args, **kwargs)
  File "/home/airflow/.local/lib/python3.7/site-packages/airflow/models/baseoperator.py", line 683, in __init__
    self.dag = dag or DagContext.get_current_dag()
  File "/home/airflow/.local/lib/python3.7/site-packages/airflow/models/baseoperator.py", line 789, in __setattr__
    super().__setattr__(key, value)
  File "/home/airflow/.local/lib/python3.7/site-packages/airflow/models/baseoperator.py", line 840, in dag
    dag.add_task(self)
  File "/home/airflow/.local/lib/python3.7/site-packages/airflow/models/dag.py", line 2139, in add_task
    raise AirflowException("Task is missing the start_date parameter")
airflow.exceptions.AirflowException: Task is missing the start_date parameter
[2022-02-09 22:10:58,513] {processor.py:656} WARNING - No viable dags retrieved from /opt/airflow/dags/homework_week3_dag.py
[2022-02-09 22:10:58,537] {processor.py:171} INFO - Processing /opt/airflow/dags/homework_week3_dag.py took 0.604 seconds
[2022-02-09 22:11:28,737] {processor.py:163} INFO - Started process (PID=532) to work on /opt/airflow/dags/homework_week3_dag.py
[2022-02-09 22:11:28,740] {processor.py:642} INFO - Processing file /opt/airflow/dags/homework_week3_dag.py for tasks to queue
[2022-02-09 22:11:28,741] {logging_mixin.py:109} INFO - [2022-02-09 22:11:28,741] {dagbag.py:500} INFO - Filling up the DagBag from /opt/airflow/dags/homework_week3_dag.py
[2022-02-09 22:11:29,340] {logging_mixin.py:109} INFO - [2022-02-09 22:11:29,334] {dagbag.py:334} ERROR - Failed to import: /opt/airflow/dags/homework_week3_dag.py
Traceback (most recent call last):
  File "/home/airflow/.local/lib/python3.7/site-packages/airflow/models/dagbag.py", line 331, in _load_modules_from_file
    loader.exec_module(new_module)
  File "<frozen importlib._bootstrap_external>", line 728, in exec_module
  File "<frozen importlib._bootstrap>", line 219, in _call_with_frames_removed
  File "/opt/airflow/dags/homework_week3_dag.py", line 42, in <module>
    move_object=True
  File "/home/airflow/.local/lib/python3.7/site-packages/airflow/models/baseoperator.py", line 188, in apply_defaults
    result = func(self, *args, **kwargs)
  File "/home/airflow/.local/lib/python3.7/site-packages/airflow/providers/google/cloud/transfers/gcs_to_gcs.py", line 207, in __init__
    super().__init__(**kwargs)
  File "/home/airflow/.local/lib/python3.7/site-packages/airflow/models/baseoperator.py", line 188, in apply_defaults
    result = func(self, *args, **kwargs)
  File "/home/airflow/.local/lib/python3.7/site-packages/airflow/models/baseoperator.py", line 683, in __init__
    self.dag = dag or DagContext.get_current_dag()
  File "/home/airflow/.local/lib/python3.7/site-packages/airflow/models/baseoperator.py", line 789, in __setattr__
    super().__setattr__(key, value)
  File "/home/airflow/.local/lib/python3.7/site-packages/airflow/models/baseoperator.py", line 840, in dag
    dag.add_task(self)
  File "/home/airflow/.local/lib/python3.7/site-packages/airflow/models/dag.py", line 2139, in add_task
    raise AirflowException("Task is missing the start_date parameter")
airflow.exceptions.AirflowException: Task is missing the start_date parameter
[2022-02-09 22:11:29,378] {processor.py:656} WARNING - No viable dags retrieved from /opt/airflow/dags/homework_week3_dag.py
[2022-02-09 22:11:29,403] {processor.py:171} INFO - Processing /opt/airflow/dags/homework_week3_dag.py took 0.672 seconds
[2022-02-09 22:11:59,639] {processor.py:163} INFO - Started process (PID=543) to work on /opt/airflow/dags/homework_week3_dag.py
[2022-02-09 22:11:59,641] {processor.py:642} INFO - Processing file /opt/airflow/dags/homework_week3_dag.py for tasks to queue
[2022-02-09 22:11:59,642] {logging_mixin.py:109} INFO - [2022-02-09 22:11:59,641] {dagbag.py:500} INFO - Filling up the DagBag from /opt/airflow/dags/homework_week3_dag.py
[2022-02-09 22:12:00,240] {logging_mixin.py:109} INFO - [2022-02-09 22:12:00,234] {dagbag.py:334} ERROR - Failed to import: /opt/airflow/dags/homework_week3_dag.py
Traceback (most recent call last):
  File "/home/airflow/.local/lib/python3.7/site-packages/airflow/models/dagbag.py", line 331, in _load_modules_from_file
    loader.exec_module(new_module)
  File "<frozen importlib._bootstrap_external>", line 728, in exec_module
  File "<frozen importlib._bootstrap>", line 219, in _call_with_frames_removed
  File "/opt/airflow/dags/homework_week3_dag.py", line 42, in <module>
    move_object=True
  File "/home/airflow/.local/lib/python3.7/site-packages/airflow/models/baseoperator.py", line 188, in apply_defaults
    result = func(self, *args, **kwargs)
  File "/home/airflow/.local/lib/python3.7/site-packages/airflow/providers/google/cloud/transfers/gcs_to_gcs.py", line 207, in __init__
    super().__init__(**kwargs)
  File "/home/airflow/.local/lib/python3.7/site-packages/airflow/models/baseoperator.py", line 188, in apply_defaults
    result = func(self, *args, **kwargs)
  File "/home/airflow/.local/lib/python3.7/site-packages/airflow/models/baseoperator.py", line 683, in __init__
    self.dag = dag or DagContext.get_current_dag()
  File "/home/airflow/.local/lib/python3.7/site-packages/airflow/models/baseoperator.py", line 789, in __setattr__
    super().__setattr__(key, value)
  File "/home/airflow/.local/lib/python3.7/site-packages/airflow/models/baseoperator.py", line 840, in dag
    dag.add_task(self)
  File "/home/airflow/.local/lib/python3.7/site-packages/airflow/models/dag.py", line 2139, in add_task
    raise AirflowException("Task is missing the start_date parameter")
airflow.exceptions.AirflowException: Task is missing the start_date parameter
[2022-02-09 22:12:00,280] {processor.py:656} WARNING - No viable dags retrieved from /opt/airflow/dags/homework_week3_dag.py
[2022-02-09 22:12:00,309] {processor.py:171} INFO - Processing /opt/airflow/dags/homework_week3_dag.py took 0.675 seconds
[2022-02-09 22:12:30,507] {processor.py:163} INFO - Started process (PID=563) to work on /opt/airflow/dags/homework_week3_dag.py
[2022-02-09 22:12:30,510] {processor.py:642} INFO - Processing file /opt/airflow/dags/homework_week3_dag.py for tasks to queue
[2022-02-09 22:12:30,512] {logging_mixin.py:109} INFO - [2022-02-09 22:12:30,511] {dagbag.py:500} INFO - Filling up the DagBag from /opt/airflow/dags/homework_week3_dag.py
[2022-02-09 22:12:31,096] {logging_mixin.py:109} INFO - [2022-02-09 22:12:31,089] {dagbag.py:334} ERROR - Failed to import: /opt/airflow/dags/homework_week3_dag.py
Traceback (most recent call last):
  File "/home/airflow/.local/lib/python3.7/site-packages/airflow/models/dagbag.py", line 331, in _load_modules_from_file
    loader.exec_module(new_module)
  File "<frozen importlib._bootstrap_external>", line 728, in exec_module
  File "<frozen importlib._bootstrap>", line 219, in _call_with_frames_removed
  File "/opt/airflow/dags/homework_week3_dag.py", line 42, in <module>
    move_object=True
  File "/home/airflow/.local/lib/python3.7/site-packages/airflow/models/baseoperator.py", line 188, in apply_defaults
    result = func(self, *args, **kwargs)
  File "/home/airflow/.local/lib/python3.7/site-packages/airflow/providers/google/cloud/transfers/gcs_to_gcs.py", line 207, in __init__
    super().__init__(**kwargs)
  File "/home/airflow/.local/lib/python3.7/site-packages/airflow/models/baseoperator.py", line 188, in apply_defaults
    result = func(self, *args, **kwargs)
  File "/home/airflow/.local/lib/python3.7/site-packages/airflow/models/baseoperator.py", line 683, in __init__
    self.dag = dag or DagContext.get_current_dag()
  File "/home/airflow/.local/lib/python3.7/site-packages/airflow/models/baseoperator.py", line 789, in __setattr__
    super().__setattr__(key, value)
  File "/home/airflow/.local/lib/python3.7/site-packages/airflow/models/baseoperator.py", line 840, in dag
    dag.add_task(self)
  File "/home/airflow/.local/lib/python3.7/site-packages/airflow/models/dag.py", line 2139, in add_task
    raise AirflowException("Task is missing the start_date parameter")
airflow.exceptions.AirflowException: Task is missing the start_date parameter
[2022-02-09 22:12:31,129] {processor.py:656} WARNING - No viable dags retrieved from /opt/airflow/dags/homework_week3_dag.py
[2022-02-09 22:12:31,155] {processor.py:171} INFO - Processing /opt/airflow/dags/homework_week3_dag.py took 0.652 seconds
[2022-02-09 22:12:35,203] {processor.py:163} INFO - Started process (PID=574) to work on /opt/airflow/dags/homework_week3_dag.py
[2022-02-09 22:12:35,205] {processor.py:642} INFO - Processing file /opt/airflow/dags/homework_week3_dag.py for tasks to queue
[2022-02-09 22:12:35,206] {logging_mixin.py:109} INFO - [2022-02-09 22:12:35,206] {dagbag.py:500} INFO - Filling up the DagBag from /opt/airflow/dags/homework_week3_dag.py
[2022-02-09 22:12:35,742] {processor.py:654} INFO - DAG(s) dict_keys(['homework_week3']) retrieved from /opt/airflow/dags/homework_week3_dag.py
[2022-02-09 22:12:51,993] {logging_mixin.py:109} INFO - [2022-02-09 22:12:51,993] {manager.py:496} INFO - Created Permission View: can edit on DAG:homework_week3
[2022-02-09 22:12:52,022] {logging_mixin.py:109} INFO - [2022-02-09 22:12:52,021] {manager.py:496} INFO - Created Permission View: can read on DAG:homework_week3
[2022-02-09 22:12:52,023] {logging_mixin.py:109} INFO - [2022-02-09 22:12:52,022] {dag.py:2396} INFO - Sync 1 DAGs
[2022-02-09 22:12:52,045] {logging_mixin.py:109} INFO - [2022-02-09 22:12:52,044] {dag.py:2415} INFO - Creating ORM DAG for homework_week3
[2022-02-09 22:12:52,081] {logging_mixin.py:109} INFO - [2022-02-09 22:12:52,080] {dag.py:2935} INFO - Setting next_dagrun for homework_week3 to 2022-02-10T00:00:00+00:00
[2022-02-09 22:12:52,116] {processor.py:171} INFO - Processing /opt/airflow/dags/homework_week3_dag.py took 16.919 seconds
[2022-02-09 22:13:13,273] {processor.py:163} INFO - Started process (PID=598) to work on /opt/airflow/dags/homework_week3_dag.py
[2022-02-09 22:13:13,276] {processor.py:642} INFO - Processing file /opt/airflow/dags/homework_week3_dag.py for tasks to queue
[2022-02-09 22:13:13,278] {logging_mixin.py:109} INFO - [2022-02-09 22:13:13,278] {dagbag.py:500} INFO - Filling up the DagBag from /opt/airflow/dags/homework_week3_dag.py
[2022-02-09 22:13:14,015] {processor.py:654} INFO - DAG(s) dict_keys(['homework_week3']) retrieved from /opt/airflow/dags/homework_week3_dag.py
[2022-02-09 22:13:14,651] {logging_mixin.py:109} INFO - [2022-02-09 22:13:14,650] {dag.py:2396} INFO - Sync 1 DAGs
[2022-02-09 22:13:14,698] {logging_mixin.py:109} INFO - [2022-02-09 22:13:14,698] {dag.py:2935} INFO - Setting next_dagrun for homework_week3 to 2022-02-09T00:00:00+00:00
[2022-02-09 22:13:14,729] {processor.py:171} INFO - Processing /opt/airflow/dags/homework_week3_dag.py took 1.464 seconds
[2022-02-09 22:13:44,908] {processor.py:163} INFO - Started process (PID=617) to work on /opt/airflow/dags/homework_week3_dag.py
[2022-02-09 22:13:44,910] {processor.py:642} INFO - Processing file /opt/airflow/dags/homework_week3_dag.py for tasks to queue
[2022-02-09 22:13:44,911] {logging_mixin.py:109} INFO - [2022-02-09 22:13:44,911] {dagbag.py:500} INFO - Filling up the DagBag from /opt/airflow/dags/homework_week3_dag.py
[2022-02-09 22:13:45,565] {processor.py:654} INFO - DAG(s) dict_keys(['homework_week3']) retrieved from /opt/airflow/dags/homework_week3_dag.py
[2022-02-09 22:13:45,596] {logging_mixin.py:109} INFO - [2022-02-09 22:13:45,595] {dag.py:2396} INFO - Sync 1 DAGs
[2022-02-09 22:13:45,647] {logging_mixin.py:109} INFO - [2022-02-09 22:13:45,646] {dag.py:2935} INFO - Setting next_dagrun for homework_week3 to 2022-02-09T00:00:00+00:00
[2022-02-09 22:13:45,670] {processor.py:171} INFO - Processing /opt/airflow/dags/homework_week3_dag.py took 0.768 seconds
[2022-02-09 22:14:15,731] {processor.py:163} INFO - Started process (PID=638) to work on /opt/airflow/dags/homework_week3_dag.py
[2022-02-09 22:14:15,735] {processor.py:642} INFO - Processing file /opt/airflow/dags/homework_week3_dag.py for tasks to queue
[2022-02-09 22:14:15,736] {logging_mixin.py:109} INFO - [2022-02-09 22:14:15,736] {dagbag.py:500} INFO - Filling up the DagBag from /opt/airflow/dags/homework_week3_dag.py
[2022-02-09 22:14:16,328] {processor.py:654} INFO - DAG(s) dict_keys(['homework_week3']) retrieved from /opt/airflow/dags/homework_week3_dag.py
[2022-02-09 22:14:16,352] {logging_mixin.py:109} INFO - [2022-02-09 22:14:16,351] {dag.py:2396} INFO - Sync 1 DAGs
[2022-02-09 22:14:16,401] {logging_mixin.py:109} INFO - [2022-02-09 22:14:16,401] {dag.py:2935} INFO - Setting next_dagrun for homework_week3 to 2022-02-09T00:00:00+00:00
[2022-02-09 22:14:16,424] {processor.py:171} INFO - Processing /opt/airflow/dags/homework_week3_dag.py took 0.699 seconds
[2022-02-09 22:14:46,612] {processor.py:163} INFO - Started process (PID=658) to work on /opt/airflow/dags/homework_week3_dag.py
[2022-02-09 22:14:46,614] {processor.py:642} INFO - Processing file /opt/airflow/dags/homework_week3_dag.py for tasks to queue
[2022-02-09 22:14:46,615] {logging_mixin.py:109} INFO - [2022-02-09 22:14:46,615] {dagbag.py:500} INFO - Filling up the DagBag from /opt/airflow/dags/homework_week3_dag.py
[2022-02-09 22:14:47,137] {processor.py:654} INFO - DAG(s) dict_keys(['homework_week3']) retrieved from /opt/airflow/dags/homework_week3_dag.py
[2022-02-09 22:14:47,161] {logging_mixin.py:109} INFO - [2022-02-09 22:14:47,160] {dag.py:2396} INFO - Sync 1 DAGs
[2022-02-09 22:14:47,209] {logging_mixin.py:109} INFO - [2022-02-09 22:14:47,209] {dag.py:2935} INFO - Setting next_dagrun for homework_week3 to 2022-02-09T00:00:00+00:00
[2022-02-09 22:14:47,232] {processor.py:171} INFO - Processing /opt/airflow/dags/homework_week3_dag.py took 0.625 seconds
[2022-02-09 22:14:53,257] {processor.py:163} INFO - Started process (PID=668) to work on /opt/airflow/dags/homework_week3_dag.py
[2022-02-09 22:14:53,261] {processor.py:642} INFO - Processing file /opt/airflow/dags/homework_week3_dag.py for tasks to queue
[2022-02-09 22:14:53,262] {logging_mixin.py:109} INFO - [2022-02-09 22:14:53,262] {dagbag.py:500} INFO - Filling up the DagBag from /opt/airflow/dags/homework_week3_dag.py
[2022-02-09 22:14:53,913] {processor.py:654} INFO - DAG(s) dict_keys(['homework_week3']) retrieved from /opt/airflow/dags/homework_week3_dag.py
[2022-02-09 22:14:54,686] {logging_mixin.py:109} INFO - [2022-02-09 22:14:54,685] {dag.py:2396} INFO - Sync 1 DAGs
[2022-02-09 22:14:54,738] {logging_mixin.py:109} INFO - [2022-02-09 22:14:54,737] {dag.py:2935} INFO - Setting next_dagrun for homework_week3 to 2022-02-09T00:00:00+00:00
[2022-02-09 22:14:54,771] {processor.py:171} INFO - Processing /opt/airflow/dags/homework_week3_dag.py took 1.520 seconds
[2022-02-09 22:15:24,991] {processor.py:163} INFO - Started process (PID=688) to work on /opt/airflow/dags/homework_week3_dag.py
[2022-02-09 22:15:24,995] {processor.py:642} INFO - Processing file /opt/airflow/dags/homework_week3_dag.py for tasks to queue
[2022-02-09 22:15:24,996] {logging_mixin.py:109} INFO - [2022-02-09 22:15:24,996] {dagbag.py:500} INFO - Filling up the DagBag from /opt/airflow/dags/homework_week3_dag.py
[2022-02-09 22:15:26,158] {processor.py:654} INFO - DAG(s) dict_keys(['homework_week3']) retrieved from /opt/airflow/dags/homework_week3_dag.py
[2022-02-09 22:15:26,193] {logging_mixin.py:109} INFO - [2022-02-09 22:15:26,192] {dag.py:2396} INFO - Sync 1 DAGs
[2022-02-09 22:15:26,351] {processor.py:171} INFO - Processing /opt/airflow/dags/homework_week3_dag.py took 1.375 seconds
[2022-02-09 22:15:56,547] {processor.py:163} INFO - Started process (PID=708) to work on /opt/airflow/dags/homework_week3_dag.py
[2022-02-09 22:15:56,549] {processor.py:642} INFO - Processing file /opt/airflow/dags/homework_week3_dag.py for tasks to queue
[2022-02-09 22:15:56,551] {logging_mixin.py:109} INFO - [2022-02-09 22:15:56,551] {dagbag.py:500} INFO - Filling up the DagBag from /opt/airflow/dags/homework_week3_dag.py
[2022-02-09 22:15:57,198] {processor.py:654} INFO - DAG(s) dict_keys(['homework_week3']) retrieved from /opt/airflow/dags/homework_week3_dag.py
[2022-02-09 22:15:57,222] {logging_mixin.py:109} INFO - [2022-02-09 22:15:57,221] {dag.py:2396} INFO - Sync 1 DAGs
[2022-02-09 22:15:57,297] {logging_mixin.py:109} INFO - [2022-02-09 22:15:57,296] {dag.py:2935} INFO - Setting next_dagrun for homework_week3 to 2022-02-09T00:00:00+00:00
[2022-02-09 22:15:57,334] {processor.py:171} INFO - Processing /opt/airflow/dags/homework_week3_dag.py took 0.795 seconds
[2022-02-09 22:16:27,438] {processor.py:163} INFO - Started process (PID=727) to work on /opt/airflow/dags/homework_week3_dag.py
[2022-02-09 22:16:27,442] {processor.py:642} INFO - Processing file /opt/airflow/dags/homework_week3_dag.py for tasks to queue
[2022-02-09 22:16:27,443] {logging_mixin.py:109} INFO - [2022-02-09 22:16:27,443] {dagbag.py:500} INFO - Filling up the DagBag from /opt/airflow/dags/homework_week3_dag.py
[2022-02-09 22:16:28,144] {processor.py:654} INFO - DAG(s) dict_keys(['homework_week3']) retrieved from /opt/airflow/dags/homework_week3_dag.py
[2022-02-09 22:16:28,171] {logging_mixin.py:109} INFO - [2022-02-09 22:16:28,170] {dag.py:2396} INFO - Sync 1 DAGs
[2022-02-09 22:16:28,225] {logging_mixin.py:109} INFO - [2022-02-09 22:16:28,225] {dag.py:2935} INFO - Setting next_dagrun for homework_week3 to 2022-02-09T00:00:00+00:00
[2022-02-09 22:16:28,250] {processor.py:171} INFO - Processing /opt/airflow/dags/homework_week3_dag.py took 0.819 seconds
[2022-02-09 22:16:58,461] {processor.py:163} INFO - Started process (PID=747) to work on /opt/airflow/dags/homework_week3_dag.py
[2022-02-09 22:16:58,464] {processor.py:642} INFO - Processing file /opt/airflow/dags/homework_week3_dag.py for tasks to queue
[2022-02-09 22:16:58,465] {logging_mixin.py:109} INFO - [2022-02-09 22:16:58,465] {dagbag.py:500} INFO - Filling up the DagBag from /opt/airflow/dags/homework_week3_dag.py
[2022-02-09 22:16:59,117] {processor.py:654} INFO - DAG(s) dict_keys(['homework_week3']) retrieved from /opt/airflow/dags/homework_week3_dag.py
[2022-02-09 22:16:59,145] {logging_mixin.py:109} INFO - [2022-02-09 22:16:59,143] {dag.py:2396} INFO - Sync 1 DAGs
[2022-02-09 22:16:59,200] {logging_mixin.py:109} INFO - [2022-02-09 22:16:59,199] {dag.py:2935} INFO - Setting next_dagrun for homework_week3 to 2022-02-09T00:00:00+00:00
[2022-02-09 22:16:59,224] {processor.py:171} INFO - Processing /opt/airflow/dags/homework_week3_dag.py took 0.768 seconds
[2022-02-09 22:17:25,099] {processor.py:163} INFO - Started process (PID=758) to work on /opt/airflow/dags/homework_week3_dag.py
[2022-02-09 22:17:25,101] {processor.py:642} INFO - Processing file /opt/airflow/dags/homework_week3_dag.py for tasks to queue
[2022-02-09 22:17:25,104] {logging_mixin.py:109} INFO - [2022-02-09 22:17:25,104] {dagbag.py:500} INFO - Filling up the DagBag from /opt/airflow/dags/homework_week3_dag.py
[2022-02-09 22:17:25,694] {processor.py:654} INFO - DAG(s) dict_keys(['homework_week3']) retrieved from /opt/airflow/dags/homework_week3_dag.py
[2022-02-09 22:17:26,329] {logging_mixin.py:109} INFO - [2022-02-09 22:17:26,328] {dag.py:2396} INFO - Sync 1 DAGs
[2022-02-09 22:17:26,374] {logging_mixin.py:109} INFO - [2022-02-09 22:17:26,374] {dag.py:2935} INFO - Setting next_dagrun for homework_week3 to 2022-02-09T00:00:00+00:00
[2022-02-09 22:17:26,404] {processor.py:171} INFO - Processing /opt/airflow/dags/homework_week3_dag.py took 1.311 seconds
[2022-02-09 22:17:36,196] {processor.py:163} INFO - Started process (PID=769) to work on /opt/airflow/dags/homework_week3_dag.py
[2022-02-09 22:17:36,198] {processor.py:642} INFO - Processing file /opt/airflow/dags/homework_week3_dag.py for tasks to queue
[2022-02-09 22:17:36,200] {logging_mixin.py:109} INFO - [2022-02-09 22:17:36,199] {dagbag.py:500} INFO - Filling up the DagBag from /opt/airflow/dags/homework_week3_dag.py
[2022-02-09 22:17:36,761] {processor.py:654} INFO - DAG(s) dict_keys(['homework_week3']) retrieved from /opt/airflow/dags/homework_week3_dag.py
[2022-02-09 22:17:36,770] {logging_mixin.py:109} INFO - [2022-02-09 22:17:36,769] {dag.py:2396} INFO - Sync 1 DAGs
[2022-02-09 22:17:36,822] {logging_mixin.py:109} INFO - [2022-02-09 22:17:36,821] {dag.py:2935} INFO - Setting next_dagrun for homework_week3 to 2022-02-09T00:00:00+00:00
[2022-02-09 22:17:36,847] {processor.py:171} INFO - Processing /opt/airflow/dags/homework_week3_dag.py took 0.658 seconds
[2022-02-09 22:18:07,022] {processor.py:163} INFO - Started process (PID=789) to work on /opt/airflow/dags/homework_week3_dag.py
[2022-02-09 22:18:07,024] {processor.py:642} INFO - Processing file /opt/airflow/dags/homework_week3_dag.py for tasks to queue
[2022-02-09 22:18:07,025] {logging_mixin.py:109} INFO - [2022-02-09 22:18:07,024] {dagbag.py:500} INFO - Filling up the DagBag from /opt/airflow/dags/homework_week3_dag.py
[2022-02-09 22:18:07,629] {processor.py:654} INFO - DAG(s) dict_keys(['homework_week3']) retrieved from /opt/airflow/dags/homework_week3_dag.py
[2022-02-09 22:18:08,303] {logging_mixin.py:109} INFO - [2022-02-09 22:18:08,302] {dag.py:2396} INFO - Sync 1 DAGs
[2022-02-09 22:18:08,355] {logging_mixin.py:109} INFO - [2022-02-09 22:18:08,354] {dag.py:2935} INFO - Setting next_dagrun for homework_week3 to 2022-02-09T00:00:00+00:00
[2022-02-09 22:18:08,384] {processor.py:171} INFO - Processing /opt/airflow/dags/homework_week3_dag.py took 1.368 seconds
[2022-02-09 22:18:38,717] {processor.py:163} INFO - Started process (PID=809) to work on /opt/airflow/dags/homework_week3_dag.py
[2022-02-09 22:18:38,719] {processor.py:642} INFO - Processing file /opt/airflow/dags/homework_week3_dag.py for tasks to queue
[2022-02-09 22:18:38,721] {logging_mixin.py:109} INFO - [2022-02-09 22:18:38,720] {dagbag.py:500} INFO - Filling up the DagBag from /opt/airflow/dags/homework_week3_dag.py
[2022-02-09 22:18:39,288] {processor.py:654} INFO - DAG(s) dict_keys(['homework_week3']) retrieved from /opt/airflow/dags/homework_week3_dag.py
[2022-02-09 22:18:39,309] {logging_mixin.py:109} INFO - [2022-02-09 22:18:39,308] {dag.py:2396} INFO - Sync 1 DAGs
[2022-02-09 22:18:39,355] {logging_mixin.py:109} INFO - [2022-02-09 22:18:39,355] {dag.py:2935} INFO - Setting next_dagrun for homework_week3 to 2022-02-09T00:00:00+00:00
[2022-02-09 22:18:39,378] {processor.py:171} INFO - Processing /opt/airflow/dags/homework_week3_dag.py took 0.666 seconds
[2022-02-09 22:19:09,506] {processor.py:163} INFO - Started process (PID=830) to work on /opt/airflow/dags/homework_week3_dag.py
[2022-02-09 22:19:09,508] {processor.py:642} INFO - Processing file /opt/airflow/dags/homework_week3_dag.py for tasks to queue
[2022-02-09 22:19:09,510] {logging_mixin.py:109} INFO - [2022-02-09 22:19:09,510] {dagbag.py:500} INFO - Filling up the DagBag from /opt/airflow/dags/homework_week3_dag.py
[2022-02-09 22:19:10,148] {processor.py:654} INFO - DAG(s) dict_keys(['homework_week3']) retrieved from /opt/airflow/dags/homework_week3_dag.py
[2022-02-09 22:19:10,175] {logging_mixin.py:109} INFO - [2022-02-09 22:19:10,174] {dag.py:2396} INFO - Sync 1 DAGs
[2022-02-09 22:19:10,230] {logging_mixin.py:109} INFO - [2022-02-09 22:19:10,230] {dag.py:2935} INFO - Setting next_dagrun for homework_week3 to 2022-02-09T00:00:00+00:00
[2022-02-09 22:19:10,255] {processor.py:171} INFO - Processing /opt/airflow/dags/homework_week3_dag.py took 0.754 seconds
[2022-02-09 22:19:40,628] {processor.py:163} INFO - Started process (PID=851) to work on /opt/airflow/dags/homework_week3_dag.py
[2022-02-09 22:19:40,631] {processor.py:642} INFO - Processing file /opt/airflow/dags/homework_week3_dag.py for tasks to queue
[2022-02-09 22:19:40,632] {logging_mixin.py:109} INFO - [2022-02-09 22:19:40,632] {dagbag.py:500} INFO - Filling up the DagBag from /opt/airflow/dags/homework_week3_dag.py
[2022-02-09 22:19:41,195] {processor.py:654} INFO - DAG(s) dict_keys(['homework_week3']) retrieved from /opt/airflow/dags/homework_week3_dag.py
[2022-02-09 22:19:41,218] {logging_mixin.py:109} INFO - [2022-02-09 22:19:41,217] {dag.py:2396} INFO - Sync 1 DAGs
[2022-02-09 22:19:41,275] {logging_mixin.py:109} INFO - [2022-02-09 22:19:41,275] {dag.py:2935} INFO - Setting next_dagrun for homework_week3 to 2022-02-09T00:00:00+00:00
[2022-02-09 22:19:41,300] {processor.py:171} INFO - Processing /opt/airflow/dags/homework_week3_dag.py took 0.677 seconds
[2022-02-09 22:20:11,581] {processor.py:163} INFO - Started process (PID=871) to work on /opt/airflow/dags/homework_week3_dag.py
[2022-02-09 22:20:11,586] {processor.py:642} INFO - Processing file /opt/airflow/dags/homework_week3_dag.py for tasks to queue
[2022-02-09 22:20:11,589] {logging_mixin.py:109} INFO - [2022-02-09 22:20:11,588] {dagbag.py:500} INFO - Filling up the DagBag from /opt/airflow/dags/homework_week3_dag.py
[2022-02-09 22:20:12,165] {processor.py:654} INFO - DAG(s) dict_keys(['homework_week3']) retrieved from /opt/airflow/dags/homework_week3_dag.py
[2022-02-09 22:20:12,187] {logging_mixin.py:109} INFO - [2022-02-09 22:20:12,186] {dag.py:2396} INFO - Sync 1 DAGs
[2022-02-09 22:20:12,240] {logging_mixin.py:109} INFO - [2022-02-09 22:20:12,240] {dag.py:2935} INFO - Setting next_dagrun for homework_week3 to 2022-02-09T00:00:00+00:00
[2022-02-09 22:20:12,263] {processor.py:171} INFO - Processing /opt/airflow/dags/homework_week3_dag.py took 0.689 seconds
[2022-02-09 22:20:42,331] {processor.py:163} INFO - Started process (PID=890) to work on /opt/airflow/dags/homework_week3_dag.py
[2022-02-09 22:20:42,333] {processor.py:642} INFO - Processing file /opt/airflow/dags/homework_week3_dag.py for tasks to queue
[2022-02-09 22:20:42,334] {logging_mixin.py:109} INFO - [2022-02-09 22:20:42,334] {dagbag.py:500} INFO - Filling up the DagBag from /opt/airflow/dags/homework_week3_dag.py
[2022-02-09 22:20:42,888] {processor.py:654} INFO - DAG(s) dict_keys(['homework_week3']) retrieved from /opt/airflow/dags/homework_week3_dag.py
[2022-02-09 22:20:42,913] {logging_mixin.py:109} INFO - [2022-02-09 22:20:42,912] {dag.py:2396} INFO - Sync 1 DAGs
[2022-02-09 22:20:42,961] {logging_mixin.py:109} INFO - [2022-02-09 22:20:42,960] {dag.py:2935} INFO - Setting next_dagrun for homework_week3 to 2022-02-09T00:00:00+00:00
[2022-02-09 22:20:42,987] {processor.py:171} INFO - Processing /opt/airflow/dags/homework_week3_dag.py took 0.661 seconds
[2022-02-09 22:21:13,268] {processor.py:163} INFO - Started process (PID=911) to work on /opt/airflow/dags/homework_week3_dag.py
[2022-02-09 22:21:13,271] {processor.py:642} INFO - Processing file /opt/airflow/dags/homework_week3_dag.py for tasks to queue
[2022-02-09 22:21:13,273] {logging_mixin.py:109} INFO - [2022-02-09 22:21:13,272] {dagbag.py:500} INFO - Filling up the DagBag from /opt/airflow/dags/homework_week3_dag.py
[2022-02-09 22:21:13,827] {processor.py:654} INFO - DAG(s) dict_keys(['homework_week3']) retrieved from /opt/airflow/dags/homework_week3_dag.py
[2022-02-09 22:21:13,850] {logging_mixin.py:109} INFO - [2022-02-09 22:21:13,849] {dag.py:2396} INFO - Sync 1 DAGs
[2022-02-09 22:21:13,906] {logging_mixin.py:109} INFO - [2022-02-09 22:21:13,905] {dag.py:2935} INFO - Setting next_dagrun for homework_week3 to 2022-02-09T00:00:00+00:00
[2022-02-09 22:21:13,928] {processor.py:171} INFO - Processing /opt/airflow/dags/homework_week3_dag.py took 0.666 seconds
[2022-02-09 22:21:44,153] {processor.py:163} INFO - Started process (PID=931) to work on /opt/airflow/dags/homework_week3_dag.py
[2022-02-09 22:21:44,157] {processor.py:642} INFO - Processing file /opt/airflow/dags/homework_week3_dag.py for tasks to queue
[2022-02-09 22:21:44,160] {logging_mixin.py:109} INFO - [2022-02-09 22:21:44,159] {dagbag.py:500} INFO - Filling up the DagBag from /opt/airflow/dags/homework_week3_dag.py
[2022-02-09 22:21:44,749] {processor.py:654} INFO - DAG(s) dict_keys(['homework_week3']) retrieved from /opt/airflow/dags/homework_week3_dag.py
[2022-02-09 22:21:44,770] {logging_mixin.py:109} INFO - [2022-02-09 22:21:44,769] {dag.py:2396} INFO - Sync 1 DAGs
[2022-02-09 22:21:44,819] {logging_mixin.py:109} INFO - [2022-02-09 22:21:44,819] {dag.py:2935} INFO - Setting next_dagrun for homework_week3 to 2022-02-09T00:00:00+00:00
[2022-02-09 22:21:44,841] {processor.py:171} INFO - Processing /opt/airflow/dags/homework_week3_dag.py took 0.700 seconds
[2022-02-09 22:22:15,075] {processor.py:163} INFO - Started process (PID=951) to work on /opt/airflow/dags/homework_week3_dag.py
[2022-02-09 22:22:15,078] {processor.py:642} INFO - Processing file /opt/airflow/dags/homework_week3_dag.py for tasks to queue
[2022-02-09 22:22:15,080] {logging_mixin.py:109} INFO - [2022-02-09 22:22:15,080] {dagbag.py:500} INFO - Filling up the DagBag from /opt/airflow/dags/homework_week3_dag.py
[2022-02-09 22:22:15,765] {processor.py:654} INFO - DAG(s) dict_keys(['homework_week3']) retrieved from /opt/airflow/dags/homework_week3_dag.py
[2022-02-09 22:22:15,799] {logging_mixin.py:109} INFO - [2022-02-09 22:22:15,798] {dag.py:2396} INFO - Sync 1 DAGs
[2022-02-09 22:22:15,864] {logging_mixin.py:109} INFO - [2022-02-09 22:22:15,863] {dag.py:2935} INFO - Setting next_dagrun for homework_week3 to 2022-02-09T00:00:00+00:00
[2022-02-09 22:22:15,886] {processor.py:171} INFO - Processing /opt/airflow/dags/homework_week3_dag.py took 0.818 seconds
[2022-02-09 22:22:45,934] {processor.py:163} INFO - Started process (PID=972) to work on /opt/airflow/dags/homework_week3_dag.py
[2022-02-09 22:22:45,936] {processor.py:642} INFO - Processing file /opt/airflow/dags/homework_week3_dag.py for tasks to queue
[2022-02-09 22:22:45,938] {logging_mixin.py:109} INFO - [2022-02-09 22:22:45,937] {dagbag.py:500} INFO - Filling up the DagBag from /opt/airflow/dags/homework_week3_dag.py
[2022-02-09 22:22:46,557] {processor.py:654} INFO - DAG(s) dict_keys(['homework_week3']) retrieved from /opt/airflow/dags/homework_week3_dag.py
[2022-02-09 22:22:46,587] {logging_mixin.py:109} INFO - [2022-02-09 22:22:46,586] {dag.py:2396} INFO - Sync 1 DAGs
[2022-02-09 22:22:46,642] {logging_mixin.py:109} INFO - [2022-02-09 22:22:46,642] {dag.py:2935} INFO - Setting next_dagrun for homework_week3 to 2022-02-09T00:00:00+00:00
[2022-02-09 22:22:46,664] {processor.py:171} INFO - Processing /opt/airflow/dags/homework_week3_dag.py took 0.736 seconds
[2022-02-09 22:23:16,824] {processor.py:163} INFO - Started process (PID=992) to work on /opt/airflow/dags/homework_week3_dag.py
[2022-02-09 22:23:16,827] {processor.py:642} INFO - Processing file /opt/airflow/dags/homework_week3_dag.py for tasks to queue
[2022-02-09 22:23:16,828] {logging_mixin.py:109} INFO - [2022-02-09 22:23:16,828] {dagbag.py:500} INFO - Filling up the DagBag from /opt/airflow/dags/homework_week3_dag.py
[2022-02-09 22:23:17,432] {processor.py:654} INFO - DAG(s) dict_keys(['homework_week3']) retrieved from /opt/airflow/dags/homework_week3_dag.py
[2022-02-09 22:23:17,457] {logging_mixin.py:109} INFO - [2022-02-09 22:23:17,456] {dag.py:2396} INFO - Sync 1 DAGs
[2022-02-09 22:23:17,508] {logging_mixin.py:109} INFO - [2022-02-09 22:23:17,508] {dag.py:2935} INFO - Setting next_dagrun for homework_week3 to 2022-02-09T00:00:00+00:00
[2022-02-09 22:23:17,532] {processor.py:171} INFO - Processing /opt/airflow/dags/homework_week3_dag.py took 0.714 seconds
[2022-02-09 22:23:33,621] {processor.py:163} INFO - Started process (PID=1003) to work on /opt/airflow/dags/homework_week3_dag.py
[2022-02-09 22:23:33,623] {processor.py:642} INFO - Processing file /opt/airflow/dags/homework_week3_dag.py for tasks to queue
[2022-02-09 22:23:33,625] {logging_mixin.py:109} INFO - [2022-02-09 22:23:33,625] {dagbag.py:500} INFO - Filling up the DagBag from /opt/airflow/dags/homework_week3_dag.py
[2022-02-09 22:23:34,276] {processor.py:654} INFO - DAG(s) dict_keys(['homework_week3']) retrieved from /opt/airflow/dags/homework_week3_dag.py
[2022-02-09 22:23:34,985] {logging_mixin.py:109} INFO - [2022-02-09 22:23:34,984] {dag.py:2396} INFO - Sync 1 DAGs
[2022-02-09 22:23:35,043] {logging_mixin.py:109} INFO - [2022-02-09 22:23:35,043] {dag.py:2935} INFO - Setting next_dagrun for homework_week3 to 2022-02-09T00:00:00+00:00
[2022-02-09 22:23:35,081] {processor.py:171} INFO - Processing /opt/airflow/dags/homework_week3_dag.py took 1.469 seconds
[2022-02-09 22:24:05,296] {processor.py:163} INFO - Started process (PID=1023) to work on /opt/airflow/dags/homework_week3_dag.py
[2022-02-09 22:24:05,299] {processor.py:642} INFO - Processing file /opt/airflow/dags/homework_week3_dag.py for tasks to queue
[2022-02-09 22:24:05,300] {logging_mixin.py:109} INFO - [2022-02-09 22:24:05,300] {dagbag.py:500} INFO - Filling up the DagBag from /opt/airflow/dags/homework_week3_dag.py
[2022-02-09 22:24:05,896] {processor.py:654} INFO - DAG(s) dict_keys(['homework_week3']) retrieved from /opt/airflow/dags/homework_week3_dag.py
[2022-02-09 22:24:05,918] {logging_mixin.py:109} INFO - [2022-02-09 22:24:05,917] {dag.py:2396} INFO - Sync 1 DAGs
[2022-02-09 22:24:05,970] {logging_mixin.py:109} INFO - [2022-02-09 22:24:05,970] {dag.py:2935} INFO - Setting next_dagrun for homework_week3 to 2022-02-09T00:00:00+00:00
[2022-02-09 22:24:05,994] {processor.py:171} INFO - Processing /opt/airflow/dags/homework_week3_dag.py took 0.703 seconds
[2022-02-09 22:24:36,235] {processor.py:163} INFO - Started process (PID=1044) to work on /opt/airflow/dags/homework_week3_dag.py
[2022-02-09 22:24:36,237] {processor.py:642} INFO - Processing file /opt/airflow/dags/homework_week3_dag.py for tasks to queue
[2022-02-09 22:24:36,238] {logging_mixin.py:109} INFO - [2022-02-09 22:24:36,238] {dagbag.py:500} INFO - Filling up the DagBag from /opt/airflow/dags/homework_week3_dag.py
[2022-02-09 22:24:36,803] {processor.py:654} INFO - DAG(s) dict_keys(['homework_week3']) retrieved from /opt/airflow/dags/homework_week3_dag.py
[2022-02-09 22:24:36,836] {logging_mixin.py:109} INFO - [2022-02-09 22:24:36,835] {dag.py:2396} INFO - Sync 1 DAGs
[2022-02-09 22:24:36,903] {logging_mixin.py:109} INFO - [2022-02-09 22:24:36,903] {dag.py:2935} INFO - Setting next_dagrun for homework_week3 to 2022-02-09T00:00:00+00:00
[2022-02-09 22:24:36,933] {processor.py:171} INFO - Processing /opt/airflow/dags/homework_week3_dag.py took 0.704 seconds
