[2022-01-30 14:48:51,360] {taskinstance.py:1032} INFO - Dependencies all met for <TaskInstance: HomeWorkWeek2.csv_to_parquet scheduled__2019-09-02T06:00:00+00:00 [queued]>
[2022-01-30 14:48:51,419] {taskinstance.py:1032} INFO - Dependencies all met for <TaskInstance: HomeWorkWeek2.csv_to_parquet scheduled__2019-09-02T06:00:00+00:00 [queued]>
[2022-01-30 14:48:51,419] {taskinstance.py:1238} INFO - 
--------------------------------------------------------------------------------
[2022-01-30 14:48:51,420] {taskinstance.py:1239} INFO - Starting attempt 1 of 2
[2022-01-30 14:48:51,421] {taskinstance.py:1240} INFO - 
--------------------------------------------------------------------------------
[2022-01-30 14:48:51,481] {taskinstance.py:1259} INFO - Executing <Task(PythonOperator): csv_to_parquet> on 2019-09-02 06:00:00+00:00
[2022-01-30 14:48:51,490] {standard_task_runner.py:52} INFO - Started process 781 to run task
[2022-01-30 14:48:51,498] {standard_task_runner.py:76} INFO - Running: ['***', 'tasks', 'run', 'HomeWorkWeek2', 'csv_to_parquet', 'scheduled__2019-09-02T06:00:00+00:00', '--job-id', '207', '--raw', '--subdir', 'DAGS_FOLDER/dag_questions1.py', '--cfg-path', '/tmp/tmpgz7hfs3t', '--error-file', '/tmp/tmptsb3k3lr']
[2022-01-30 14:48:51,500] {standard_task_runner.py:77} INFO - Job 207: Subtask csv_to_parquet
[2022-01-30 14:48:51,686] {logging_mixin.py:109} INFO - Running <TaskInstance: HomeWorkWeek2.csv_to_parquet scheduled__2019-09-02T06:00:00+00:00 [running]> on host 785c0c715caa
[2022-01-30 14:48:51,905] {warnings.py:110} WARNING - /home/***/.local/lib/python3.7/site-packages/***/utils/context.py:152: AirflowContextDeprecationWarning: Accessing 'execution_date' from the template is deprecated and will be removed in a future version. Please use 'data_interval_start' or 'logical_date' instead.
  warnings.warn(_create_deprecation_warning(key, self._deprecation_replacements[key]))

[2022-01-30 14:48:51,983] {taskinstance.py:1426} INFO - Exporting the following env vars:
AIRFLOW_CTX_DAG_OWNER=***
AIRFLOW_CTX_DAG_ID=HomeWorkWeek2
AIRFLOW_CTX_TASK_ID=csv_to_parquet
AIRFLOW_CTX_EXECUTION_DATE=2019-09-02T06:00:00+00:00
AIRFLOW_CTX_DAG_RUN_ID=scheduled__2019-09-02T06:00:00+00:00
[2022-01-30 14:49:09,889] {python.py:175} INFO - Done. Returned value was: None
[2022-01-30 14:49:09,925] {taskinstance.py:1277} INFO - Marking task as SUCCESS. dag_id=HomeWorkWeek2, task_id=csv_to_parquet, execution_date=20190902T060000, start_date=20220130T144851, end_date=20220130T144909
[2022-01-30 14:49:10,367] {local_task_job.py:154} INFO - Task exited with return code 0
[2022-01-30 14:49:10,491] {local_task_job.py:264} INFO - 0 downstream tasks scheduled from follow-on schedule check
[2022-02-19 01:07:23,874] {taskinstance.py:1032} INFO - Dependencies all met for <TaskInstance: HomeWorkWeek2.csv_to_parquet scheduled__2019-09-02T06:00:00+00:00 [queued]>
[2022-02-19 01:07:23,915] {taskinstance.py:1032} INFO - Dependencies all met for <TaskInstance: HomeWorkWeek2.csv_to_parquet scheduled__2019-09-02T06:00:00+00:00 [queued]>
[2022-02-19 01:07:23,916] {taskinstance.py:1238} INFO - 
--------------------------------------------------------------------------------
[2022-02-19 01:07:23,916] {taskinstance.py:1239} INFO - Starting attempt 1 of 2
[2022-02-19 01:07:23,917] {taskinstance.py:1240} INFO - 
--------------------------------------------------------------------------------
[2022-02-19 01:07:23,957] {taskinstance.py:1259} INFO - Executing <Task(PythonOperator): csv_to_parquet> on 2019-09-02 06:00:00+00:00
[2022-02-19 01:07:23,965] {standard_task_runner.py:52} INFO - Started process 1781 to run task
[2022-02-19 01:07:23,974] {standard_task_runner.py:76} INFO - Running: ['***', 'tasks', 'run', 'HomeWorkWeek2', 'csv_to_parquet', 'scheduled__2019-09-02T06:00:00+00:00', '--job-id', '547', '--raw', '--subdir', 'DAGS_FOLDER/dag_questions1.py', '--cfg-path', '/tmp/tmpdl49_avv', '--error-file', '/tmp/tmpnf3mhyn7']
[2022-02-19 01:07:23,976] {standard_task_runner.py:77} INFO - Job 547: Subtask csv_to_parquet
[2022-02-19 01:07:24,169] {logging_mixin.py:109} INFO - Running <TaskInstance: HomeWorkWeek2.csv_to_parquet scheduled__2019-09-02T06:00:00+00:00 [running]> on host 312f1fe573aa
[2022-02-19 01:07:24,321] {warnings.py:110} WARNING - /home/***/.local/lib/python3.7/site-packages/***/utils/context.py:152: AirflowContextDeprecationWarning: Accessing 'execution_date' from the template is deprecated and will be removed in a future version. Please use 'data_interval_start' or 'logical_date' instead.
  warnings.warn(_create_deprecation_warning(key, self._deprecation_replacements[key]))

[2022-02-19 01:07:24,370] {taskinstance.py:1426} INFO - Exporting the following env vars:
AIRFLOW_CTX_DAG_OWNER=***
AIRFLOW_CTX_DAG_ID=HomeWorkWeek2
AIRFLOW_CTX_TASK_ID=csv_to_parquet
AIRFLOW_CTX_EXECUTION_DATE=2019-09-02T06:00:00+00:00
AIRFLOW_CTX_DAG_RUN_ID=scheduled__2019-09-02T06:00:00+00:00
[2022-02-19 01:07:39,614] {python.py:175} INFO - Done. Returned value was: None
[2022-02-19 01:07:39,655] {taskinstance.py:1277} INFO - Marking task as SUCCESS. dag_id=HomeWorkWeek2, task_id=csv_to_parquet, execution_date=20190902T060000, start_date=20220219T010723, end_date=20220219T010739
[2022-02-19 01:07:39,930] {local_task_job.py:154} INFO - Task exited with return code 0
[2022-02-19 01:07:40,058] {local_task_job.py:264} INFO - 1 downstream tasks scheduled from follow-on schedule check
