[2022-02-02 21:28:54,211] {taskinstance.py:1032} INFO - Dependencies all met for <TaskInstance: Question3_FHV.halo scheduled__2019-11-02T06:00:00+00:00 [queued]>
[2022-02-02 21:28:54,393] {taskinstance.py:1032} INFO - Dependencies all met for <TaskInstance: Question3_FHV.halo scheduled__2019-11-02T06:00:00+00:00 [queued]>
[2022-02-02 21:28:54,393] {taskinstance.py:1238} INFO - 
--------------------------------------------------------------------------------
[2022-02-02 21:28:54,394] {taskinstance.py:1239} INFO - Starting attempt 1 of 2
[2022-02-02 21:28:54,394] {taskinstance.py:1240} INFO - 
--------------------------------------------------------------------------------
[2022-02-02 21:28:54,507] {taskinstance.py:1259} INFO - Executing <Task(PythonOperator): halo> on 2019-11-02 06:00:00+00:00
[2022-02-02 21:28:54,514] {standard_task_runner.py:52} INFO - Started process 1504 to run task
[2022-02-02 21:28:54,527] {standard_task_runner.py:76} INFO - Running: ['***', 'tasks', 'run', 'Question3_FHV', 'halo', 'scheduled__2019-11-02T06:00:00+00:00', '--job-id', '359', '--raw', '--subdir', 'DAGS_FOLDER/dag_questions3.py', '--cfg-path', '/tmp/tmpycgfp1_o', '--error-file', '/tmp/tmpjqq2wjmc']
[2022-02-02 21:28:54,534] {standard_task_runner.py:77} INFO - Job 359: Subtask halo
[2022-02-02 21:28:54,823] {logging_mixin.py:109} INFO - Running <TaskInstance: Question3_FHV.halo scheduled__2019-11-02T06:00:00+00:00 [running]> on host d574c7c5b085
[2022-02-02 21:28:55,014] {taskinstance.py:1426} INFO - Exporting the following env vars:
AIRFLOW_CTX_DAG_OWNER=***
AIRFLOW_CTX_DAG_ID=Question3_FHV
AIRFLOW_CTX_TASK_ID=halo
AIRFLOW_CTX_EXECUTION_DATE=2019-11-02T06:00:00+00:00
AIRFLOW_CTX_DAG_RUN_ID=scheduled__2019-11-02T06:00:00+00:00
[2022-02-02 21:28:55,046] {logging_mixin.py:109} INFO - hello world!!
[2022-02-02 21:28:55,047] {python.py:175} INFO - Done. Returned value was: None
[2022-02-02 21:28:55,156] {taskinstance.py:1277} INFO - Marking task as SUCCESS. dag_id=Question3_FHV, task_id=halo, execution_date=20191102T060000, start_date=20220202T212854, end_date=20220202T212855
[2022-02-02 21:28:55,314] {local_task_job.py:154} INFO - Task exited with return code 0
[2022-02-02 21:28:55,578] {local_task_job.py:264} INFO - 0 downstream tasks scheduled from follow-on schedule check
[2022-02-09 11:47:02,907] {taskinstance.py:1032} INFO - Dependencies all met for <TaskInstance: Question3_FHV.halo scheduled__2019-11-02T06:00:00+00:00 [queued]>
[2022-02-09 11:47:02,951] {taskinstance.py:1032} INFO - Dependencies all met for <TaskInstance: Question3_FHV.halo scheduled__2019-11-02T06:00:00+00:00 [queued]>
[2022-02-09 11:47:02,952] {taskinstance.py:1238} INFO - 
--------------------------------------------------------------------------------
[2022-02-09 11:47:02,952] {taskinstance.py:1239} INFO - Starting attempt 1 of 2
[2022-02-09 11:47:02,952] {taskinstance.py:1240} INFO - 
--------------------------------------------------------------------------------
[2022-02-09 11:47:03,009] {taskinstance.py:1259} INFO - Executing <Task(PythonOperator): halo> on 2019-11-02 06:00:00+00:00
[2022-02-09 11:47:03,025] {standard_task_runner.py:52} INFO - Started process 1295 to run task
[2022-02-09 11:47:03,040] {standard_task_runner.py:76} INFO - Running: ['***', 'tasks', 'run', 'Question3_FHV', 'halo', 'scheduled__2019-11-02T06:00:00+00:00', '--job-id', '429', '--raw', '--subdir', 'DAGS_FOLDER/dag_questions3.py', '--cfg-path', '/tmp/tmpgbsp_jth', '--error-file', '/tmp/tmpw8sc_xkp']
[2022-02-09 11:47:03,049] {standard_task_runner.py:77} INFO - Job 429: Subtask halo
[2022-02-09 11:47:03,437] {logging_mixin.py:109} INFO - Running <TaskInstance: Question3_FHV.halo scheduled__2019-11-02T06:00:00+00:00 [running]> on host c5795c3f6004
[2022-02-09 11:47:03,726] {taskinstance.py:1426} INFO - Exporting the following env vars:
AIRFLOW_CTX_DAG_OWNER=***
AIRFLOW_CTX_DAG_ID=Question3_FHV
AIRFLOW_CTX_TASK_ID=halo
AIRFLOW_CTX_EXECUTION_DATE=2019-11-02T06:00:00+00:00
AIRFLOW_CTX_DAG_RUN_ID=scheduled__2019-11-02T06:00:00+00:00
[2022-02-09 11:47:03,730] {logging_mixin.py:109} INFO - hello world!!
[2022-02-09 11:47:03,730] {python.py:175} INFO - Done. Returned value was: None
[2022-02-09 11:47:03,770] {taskinstance.py:1277} INFO - Marking task as SUCCESS. dag_id=Question3_FHV, task_id=halo, execution_date=20191102T060000, start_date=20220209T114702, end_date=20220209T114703
[2022-02-09 11:47:03,843] {local_task_job.py:154} INFO - Task exited with return code 0
[2022-02-09 11:47:03,979] {local_task_job.py:264} INFO - 0 downstream tasks scheduled from follow-on schedule check
[2022-02-10 01:16:34,207] {taskinstance.py:1032} INFO - Dependencies all met for <TaskInstance: Question3_FHV.halo scheduled__2019-11-02T06:00:00+00:00 [queued]>
[2022-02-10 01:16:34,258] {taskinstance.py:1032} INFO - Dependencies all met for <TaskInstance: Question3_FHV.halo scheduled__2019-11-02T06:00:00+00:00 [queued]>
[2022-02-10 01:16:34,259] {taskinstance.py:1238} INFO - 
--------------------------------------------------------------------------------
[2022-02-10 01:16:34,259] {taskinstance.py:1239} INFO - Starting attempt 1 of 2
[2022-02-10 01:16:34,259] {taskinstance.py:1240} INFO - 
--------------------------------------------------------------------------------
[2022-02-10 01:16:34,312] {taskinstance.py:1259} INFO - Executing <Task(PythonOperator): halo> on 2019-11-02 06:00:00+00:00
[2022-02-10 01:16:34,319] {standard_task_runner.py:52} INFO - Started process 7624 to run task
[2022-02-10 01:16:34,326] {standard_task_runner.py:76} INFO - Running: ['***', 'tasks', 'run', 'Question3_FHV', 'halo', 'scheduled__2019-11-02T06:00:00+00:00', '--job-id', '499', '--raw', '--subdir', 'DAGS_FOLDER/dag_questions3.py', '--cfg-path', '/tmp/tmpsekzlucs', '--error-file', '/tmp/tmp8cwp82op']
[2022-02-10 01:16:34,328] {standard_task_runner.py:77} INFO - Job 499: Subtask halo
[2022-02-10 01:16:34,507] {logging_mixin.py:109} INFO - Running <TaskInstance: Question3_FHV.halo scheduled__2019-11-02T06:00:00+00:00 [running]> on host 0fd4ea805f5e
[2022-02-10 01:16:34,663] {taskinstance.py:1426} INFO - Exporting the following env vars:
AIRFLOW_CTX_DAG_OWNER=***
AIRFLOW_CTX_DAG_ID=Question3_FHV
AIRFLOW_CTX_TASK_ID=halo
AIRFLOW_CTX_EXECUTION_DATE=2019-11-02T06:00:00+00:00
AIRFLOW_CTX_DAG_RUN_ID=scheduled__2019-11-02T06:00:00+00:00
[2022-02-10 01:16:34,664] {logging_mixin.py:109} INFO - hello world!!
[2022-02-10 01:16:34,665] {python.py:175} INFO - Done. Returned value was: None
[2022-02-10 01:16:34,702] {taskinstance.py:1277} INFO - Marking task as SUCCESS. dag_id=Question3_FHV, task_id=halo, execution_date=20191102T060000, start_date=20220210T011634, end_date=20220210T011634
[2022-02-10 01:16:34,749] {local_task_job.py:154} INFO - Task exited with return code 0
[2022-02-10 01:16:34,834] {local_task_job.py:264} INFO - 0 downstream tasks scheduled from follow-on schedule check
[2022-02-19 01:55:22,103] {taskinstance.py:1032} INFO - Dependencies all met for <TaskInstance: Question3_FHV.halo scheduled__2019-11-02T06:00:00+00:00 [queued]>
[2022-02-19 01:55:22,161] {taskinstance.py:1032} INFO - Dependencies all met for <TaskInstance: Question3_FHV.halo scheduled__2019-11-02T06:00:00+00:00 [queued]>
[2022-02-19 01:55:22,161] {taskinstance.py:1238} INFO - 
--------------------------------------------------------------------------------
[2022-02-19 01:55:22,162] {taskinstance.py:1239} INFO - Starting attempt 1 of 2
[2022-02-19 01:55:22,162] {taskinstance.py:1240} INFO - 
--------------------------------------------------------------------------------
[2022-02-19 01:55:22,238] {taskinstance.py:1259} INFO - Executing <Task(PythonOperator): halo> on 2019-11-02 06:00:00+00:00
[2022-02-19 01:55:22,246] {standard_task_runner.py:52} INFO - Started process 4361 to run task
[2022-02-19 01:55:22,263] {standard_task_runner.py:76} INFO - Running: ['***', 'tasks', 'run', 'Question3_FHV', 'halo', 'scheduled__2019-11-02T06:00:00+00:00', '--job-id', '656', '--raw', '--subdir', 'DAGS_FOLDER/dag_questions3.py', '--cfg-path', '/tmp/tmp1t7jocbb', '--error-file', '/tmp/tmp8ij1bt2v']
[2022-02-19 01:55:22,265] {standard_task_runner.py:77} INFO - Job 656: Subtask halo
[2022-02-19 01:55:22,474] {logging_mixin.py:109} INFO - Running <TaskInstance: Question3_FHV.halo scheduled__2019-11-02T06:00:00+00:00 [running]> on host 312f1fe573aa
[2022-02-19 01:55:22,662] {taskinstance.py:1426} INFO - Exporting the following env vars:
AIRFLOW_CTX_DAG_OWNER=***
AIRFLOW_CTX_DAG_ID=Question3_FHV
AIRFLOW_CTX_TASK_ID=halo
AIRFLOW_CTX_EXECUTION_DATE=2019-11-02T06:00:00+00:00
AIRFLOW_CTX_DAG_RUN_ID=scheduled__2019-11-02T06:00:00+00:00
[2022-02-19 01:55:22,665] {logging_mixin.py:109} INFO - hello world!!
[2022-02-19 01:55:22,665] {python.py:175} INFO - Done. Returned value was: None
[2022-02-19 01:55:22,704] {taskinstance.py:1277} INFO - Marking task as SUCCESS. dag_id=Question3_FHV, task_id=halo, execution_date=20191102T060000, start_date=20220219T015522, end_date=20220219T015522
[2022-02-19 01:55:22,790] {local_task_job.py:154} INFO - Task exited with return code 0
[2022-02-19 01:55:22,974] {local_task_job.py:264} INFO - 0 downstream tasks scheduled from follow-on schedule check
