[2022-01-29 14:07:35,860] {taskinstance.py:1032} INFO - Dependencies all met for <TaskInstance: HomeWorkWeek2.get_data scheduled__2019-07-02T06:00:00+00:00 [queued]>
[2022-01-29 14:07:35,919] {taskinstance.py:1032} INFO - Dependencies all met for <TaskInstance: HomeWorkWeek2.get_data scheduled__2019-07-02T06:00:00+00:00 [queued]>
[2022-01-29 14:07:35,919] {taskinstance.py:1238} INFO - 
--------------------------------------------------------------------------------
[2022-01-29 14:07:35,919] {taskinstance.py:1239} INFO - Starting attempt 1 of 1
[2022-01-29 14:07:35,919] {taskinstance.py:1240} INFO - 
--------------------------------------------------------------------------------
[2022-01-29 14:07:35,969] {taskinstance.py:1259} INFO - Executing <Task(BashOperator): get_data> on 2019-07-02 06:00:00+00:00
[2022-01-29 14:07:35,976] {standard_task_runner.py:52} INFO - Started process 323 to run task
[2022-01-29 14:07:35,993] {standard_task_runner.py:76} INFO - Running: ['***', 'tasks', 'run', 'HomeWorkWeek2', 'get_data', 'scheduled__2019-07-02T06:00:00+00:00', '--job-id', '24', '--raw', '--subdir', 'DAGS_FOLDER/dag_questions1.py', '--cfg-path', '/tmp/tmpe1xuxssy', '--error-file', '/tmp/tmpuf8u0ey7']
[2022-01-29 14:07:35,993] {standard_task_runner.py:77} INFO - Job 24: Subtask get_data
[2022-01-29 14:07:36,210] {logging_mixin.py:109} INFO - Running <TaskInstance: HomeWorkWeek2.get_data scheduled__2019-07-02T06:00:00+00:00 [running]> on host d1e1fe005577
[2022-01-29 14:07:36,415] {taskinstance.py:1426} INFO - Exporting the following env vars:
AIRFLOW_CTX_DAG_OWNER=***
AIRFLOW_CTX_DAG_ID=HomeWorkWeek2
AIRFLOW_CTX_TASK_ID=get_data
AIRFLOW_CTX_EXECUTION_DATE=2019-07-02T06:00:00+00:00
AIRFLOW_CTX_DAG_RUN_ID=scheduled__2019-07-02T06:00:00+00:00
[2022-01-29 14:07:36,417] {subprocess.py:62} INFO - Tmp dir root location: 
 /tmp
[2022-01-29 14:07:36,418] {subprocess.py:74} INFO - Running command: ['bash', '-c', 'echo "helloworld!!"']
[2022-01-29 14:07:36,432] {subprocess.py:85} INFO - Output:
[2022-01-29 14:07:36,437] {subprocess.py:89} INFO - helloworld!!
[2022-01-29 14:07:36,438] {subprocess.py:93} INFO - Command exited with return code 0
[2022-01-29 14:07:36,649] {taskinstance.py:1277} INFO - Marking task as SUCCESS. dag_id=HomeWorkWeek2, task_id=get_data, execution_date=20190702T060000, start_date=20220129T140735, end_date=20220129T140736
[2022-01-29 14:07:36,711] {local_task_job.py:154} INFO - Task exited with return code 0
[2022-01-29 14:07:36,798] {local_task_job.py:264} INFO - 0 downstream tasks scheduled from follow-on schedule check
[2022-01-30 10:42:38,333] {taskinstance.py:1032} INFO - Dependencies all met for <TaskInstance: HomeWorkWeek2.get_data scheduled__2019-07-02T06:00:00+00:00 [queued]>
[2022-01-30 10:42:38,377] {taskinstance.py:1032} INFO - Dependencies all met for <TaskInstance: HomeWorkWeek2.get_data scheduled__2019-07-02T06:00:00+00:00 [queued]>
[2022-01-30 10:42:38,378] {taskinstance.py:1238} INFO - 
--------------------------------------------------------------------------------
[2022-01-30 10:42:38,378] {taskinstance.py:1239} INFO - Starting attempt 1 of 1
[2022-01-30 10:42:38,378] {taskinstance.py:1240} INFO - 
--------------------------------------------------------------------------------
[2022-01-30 10:42:38,454] {taskinstance.py:1259} INFO - Executing <Task(BashOperator): get_data> on 2019-07-02 06:00:00+00:00
[2022-01-30 10:42:38,463] {standard_task_runner.py:52} INFO - Started process 522 to run task
[2022-01-30 10:42:38,469] {standard_task_runner.py:76} INFO - Running: ['***', 'tasks', 'run', 'HomeWorkWeek2', 'get_data', 'scheduled__2019-07-02T06:00:00+00:00', '--job-id', '69', '--raw', '--subdir', 'DAGS_FOLDER/dag_questions1.py', '--cfg-path', '/tmp/tmpyxf97d2g', '--error-file', '/tmp/tmp281mtha5']
[2022-01-30 10:42:38,471] {standard_task_runner.py:77} INFO - Job 69: Subtask get_data
[2022-01-30 10:42:38,664] {logging_mixin.py:109} INFO - Running <TaskInstance: HomeWorkWeek2.get_data scheduled__2019-07-02T06:00:00+00:00 [running]> on host fc414ca9b482
[2022-01-30 10:42:38,828] {warnings.py:110} WARNING - /home/***/.local/lib/python3.7/site-packages/***/utils/context.py:152: AirflowContextDeprecationWarning: Accessing 'execution_date' from the template is deprecated and will be removed in a future version. Please use 'data_interval_start' or 'logical_date' instead.
  warnings.warn(_create_deprecation_warning(key, self._deprecation_replacements[key]))

[2022-01-30 10:42:38,890] {taskinstance.py:1426} INFO - Exporting the following env vars:
AIRFLOW_CTX_DAG_OWNER=***
AIRFLOW_CTX_DAG_ID=HomeWorkWeek2
AIRFLOW_CTX_TASK_ID=get_data
AIRFLOW_CTX_EXECUTION_DATE=2019-07-02T06:00:00+00:00
AIRFLOW_CTX_DAG_RUN_ID=scheduled__2019-07-02T06:00:00+00:00
[2022-01-30 10:42:38,892] {subprocess.py:62} INFO - Tmp dir root location: 
 /tmp
[2022-01-30 10:42:38,895] {subprocess.py:74} INFO - Running command: ['bash', '-c', 'curl -sSLf https://s3.amazonaws.com/nyc-tlc/trip+data/yellow_tripdata_2019-07.csv > /opt/***output_2019-07.csv']
[2022-01-30 10:42:38,914] {subprocess.py:85} INFO - Output:
[2022-01-30 10:44:58,763] {subprocess.py:93} INFO - Command exited with return code 0
[2022-01-30 10:44:58,867] {taskinstance.py:1277} INFO - Marking task as SUCCESS. dag_id=HomeWorkWeek2, task_id=get_data, execution_date=20190702T060000, start_date=20220130T104238, end_date=20220130T104458
[2022-01-30 10:44:58,944] {local_task_job.py:154} INFO - Task exited with return code 0
[2022-01-30 10:44:59,114] {local_task_job.py:264} INFO - 0 downstream tasks scheduled from follow-on schedule check
