[2022-01-29 14:08:05,862] {taskinstance.py:1032} INFO - Dependencies all met for <TaskInstance: HomeWorkWeek2.get_data scheduled__2021-03-02T06:00:00+00:00 [queued]>
[2022-01-29 14:08:05,919] {taskinstance.py:1032} INFO - Dependencies all met for <TaskInstance: HomeWorkWeek2.get_data scheduled__2021-03-02T06:00:00+00:00 [queued]>
[2022-01-29 14:08:05,920] {taskinstance.py:1238} INFO - 
--------------------------------------------------------------------------------
[2022-01-29 14:08:05,920] {taskinstance.py:1239} INFO - Starting attempt 1 of 1
[2022-01-29 14:08:05,920] {taskinstance.py:1240} INFO - 
--------------------------------------------------------------------------------
[2022-01-29 14:08:05,970] {taskinstance.py:1259} INFO - Executing <Task(BashOperator): get_data> on 2021-03-02 06:00:00+00:00
[2022-01-29 14:08:05,976] {standard_task_runner.py:52} INFO - Started process 407 to run task
[2022-01-29 14:08:05,995] {standard_task_runner.py:76} INFO - Running: ['***', 'tasks', 'run', 'HomeWorkWeek2', 'get_data', 'scheduled__2021-03-02T06:00:00+00:00', '--job-id', '44', '--raw', '--subdir', 'DAGS_FOLDER/dag_questions1.py', '--cfg-path', '/tmp/tmpkbfrts3g', '--error-file', '/tmp/tmph2qzx8_5']
[2022-01-29 14:08:05,996] {standard_task_runner.py:77} INFO - Job 44: Subtask get_data
[2022-01-29 14:08:06,248] {logging_mixin.py:109} INFO - Running <TaskInstance: HomeWorkWeek2.get_data scheduled__2021-03-02T06:00:00+00:00 [running]> on host d1e1fe005577
[2022-01-29 14:08:06,635] {taskinstance.py:1426} INFO - Exporting the following env vars:
AIRFLOW_CTX_DAG_OWNER=***
AIRFLOW_CTX_DAG_ID=HomeWorkWeek2
AIRFLOW_CTX_TASK_ID=get_data
AIRFLOW_CTX_EXECUTION_DATE=2021-03-02T06:00:00+00:00
AIRFLOW_CTX_DAG_RUN_ID=scheduled__2021-03-02T06:00:00+00:00
[2022-01-29 14:08:06,637] {subprocess.py:62} INFO - Tmp dir root location: 
 /tmp
[2022-01-29 14:08:06,651] {subprocess.py:74} INFO - Running command: ['bash', '-c', 'echo "helloworld!!"']
[2022-01-29 14:08:06,672] {subprocess.py:85} INFO - Output:
[2022-01-29 14:08:06,675] {subprocess.py:89} INFO - helloworld!!
[2022-01-29 14:08:06,676] {subprocess.py:93} INFO - Command exited with return code 0
[2022-01-29 14:08:06,765] {taskinstance.py:1277} INFO - Marking task as SUCCESS. dag_id=HomeWorkWeek2, task_id=get_data, execution_date=20210302T060000, start_date=20220129T140805, end_date=20220129T140806
[2022-01-29 14:08:06,873] {local_task_job.py:154} INFO - Task exited with return code 0
[2022-01-29 14:08:06,991] {local_task_job.py:264} INFO - 0 downstream tasks scheduled from follow-on schedule check
[2022-01-30 10:53:13,968] {taskinstance.py:1032} INFO - Dependencies all met for <TaskInstance: HomeWorkWeek2.get_data scheduled__2021-03-02T06:00:00+00:00 [queued]>
[2022-01-30 10:53:14,019] {taskinstance.py:1032} INFO - Dependencies all met for <TaskInstance: HomeWorkWeek2.get_data scheduled__2021-03-02T06:00:00+00:00 [queued]>
[2022-01-30 10:53:14,020] {taskinstance.py:1238} INFO - 
--------------------------------------------------------------------------------
[2022-01-30 10:53:14,020] {taskinstance.py:1239} INFO - Starting attempt 1 of 1
[2022-01-30 10:53:14,020] {taskinstance.py:1240} INFO - 
--------------------------------------------------------------------------------
[2022-01-30 10:53:14,069] {taskinstance.py:1259} INFO - Executing <Task(BashOperator): get_data> on 2021-03-02 06:00:00+00:00
[2022-01-30 10:53:14,082] {standard_task_runner.py:76} INFO - Running: ['***', 'tasks', 'run', 'HomeWorkWeek2', 'get_data', 'scheduled__2021-03-02T06:00:00+00:00', '--job-id', '89', '--raw', '--subdir', 'DAGS_FOLDER/dag_questions1.py', '--cfg-path', '/tmp/tmpgzcjwk7v', '--error-file', '/tmp/tmp6fxctb69']
[2022-01-30 10:53:14,083] {standard_task_runner.py:77} INFO - Job 89: Subtask get_data
[2022-01-30 10:53:14,075] {standard_task_runner.py:52} INFO - Started process 1071 to run task
[2022-01-30 10:53:14,249] {logging_mixin.py:109} INFO - Running <TaskInstance: HomeWorkWeek2.get_data scheduled__2021-03-02T06:00:00+00:00 [running]> on host fc414ca9b482
[2022-01-30 10:53:14,391] {warnings.py:110} WARNING - /home/***/.local/lib/python3.7/site-packages/***/utils/context.py:152: AirflowContextDeprecationWarning: Accessing 'execution_date' from the template is deprecated and will be removed in a future version. Please use 'data_interval_start' or 'logical_date' instead.
  warnings.warn(_create_deprecation_warning(key, self._deprecation_replacements[key]))

[2022-01-30 10:53:14,442] {taskinstance.py:1426} INFO - Exporting the following env vars:
AIRFLOW_CTX_DAG_OWNER=***
AIRFLOW_CTX_DAG_ID=HomeWorkWeek2
AIRFLOW_CTX_TASK_ID=get_data
AIRFLOW_CTX_EXECUTION_DATE=2021-03-02T06:00:00+00:00
AIRFLOW_CTX_DAG_RUN_ID=scheduled__2021-03-02T06:00:00+00:00
[2022-01-30 10:53:14,445] {subprocess.py:62} INFO - Tmp dir root location: 
 /tmp
[2022-01-30 10:53:14,447] {subprocess.py:74} INFO - Running command: ['bash', '-c', 'curl -sSLf https://s3.amazonaws.com/nyc-tlc/trip+data/yellow_tripdata_2021-03.csv > /opt/***output_2021-03.csv']
[2022-01-30 10:53:14,477] {subprocess.py:85} INFO - Output:
[2022-01-30 10:53:47,190] {subprocess.py:93} INFO - Command exited with return code 0
[2022-01-30 10:53:47,286] {taskinstance.py:1277} INFO - Marking task as SUCCESS. dag_id=HomeWorkWeek2, task_id=get_data, execution_date=20210302T060000, start_date=20220130T105313, end_date=20220130T105347
[2022-01-30 10:53:47,358] {local_task_job.py:154} INFO - Task exited with return code 0
[2022-01-30 10:53:47,467] {local_task_job.py:264} INFO - 0 downstream tasks scheduled from follow-on schedule check
