[2022-02-02 21:11:29,794] {taskinstance.py:1032} INFO - Dependencies all met for <TaskInstance: Question3_FHV.halo scheduled__2019-02-02T06:00:00+00:00 [queued]>
[2022-02-02 21:11:29,856] {taskinstance.py:1032} INFO - Dependencies all met for <TaskInstance: Question3_FHV.halo scheduled__2019-02-02T06:00:00+00:00 [queued]>
[2022-02-02 21:11:29,856] {taskinstance.py:1238} INFO - 
--------------------------------------------------------------------------------
[2022-02-02 21:11:29,856] {taskinstance.py:1239} INFO - Starting attempt 1 of 2
[2022-02-02 21:11:29,857] {taskinstance.py:1240} INFO - 
--------------------------------------------------------------------------------
[2022-02-02 21:11:29,895] {taskinstance.py:1259} INFO - Executing <Task(PythonOperator): halo> on 2019-02-02 06:00:00+00:00
[2022-02-02 21:11:29,902] {standard_task_runner.py:52} INFO - Started process 531 to run task
[2022-02-02 21:11:29,906] {standard_task_runner.py:76} INFO - Running: ['***', 'tasks', 'run', 'Question3_FHV', 'halo', 'scheduled__2019-02-02T06:00:00+00:00', '--job-id', '319', '--raw', '--subdir', 'DAGS_FOLDER/dag_questions3.py', '--cfg-path', '/tmp/tmpnt_cp27q', '--error-file', '/tmp/tmpnta8mwzm']
[2022-02-02 21:11:29,908] {standard_task_runner.py:77} INFO - Job 319: Subtask halo
[2022-02-02 21:11:30,023] {logging_mixin.py:109} INFO - Running <TaskInstance: Question3_FHV.halo scheduled__2019-02-02T06:00:00+00:00 [running]> on host d574c7c5b085
[2022-02-02 21:11:30,147] {taskinstance.py:1426} INFO - Exporting the following env vars:
AIRFLOW_CTX_DAG_OWNER=***
AIRFLOW_CTX_DAG_ID=Question3_FHV
AIRFLOW_CTX_TASK_ID=halo
AIRFLOW_CTX_EXECUTION_DATE=2019-02-02T06:00:00+00:00
AIRFLOW_CTX_DAG_RUN_ID=scheduled__2019-02-02T06:00:00+00:00
[2022-02-02 21:11:30,149] {logging_mixin.py:109} INFO - hello world!!
[2022-02-02 21:11:30,150] {python.py:175} INFO - Done. Returned value was: None
[2022-02-02 21:11:30,183] {taskinstance.py:1277} INFO - Marking task as SUCCESS. dag_id=Question3_FHV, task_id=halo, execution_date=20190202T060000, start_date=20220202T211129, end_date=20220202T211130
[2022-02-02 21:11:30,244] {local_task_job.py:154} INFO - Task exited with return code 0
[2022-02-02 21:11:30,484] {local_task_job.py:264} INFO - 0 downstream tasks scheduled from follow-on schedule check
[2022-02-09 11:29:55,804] {taskinstance.py:1032} INFO - Dependencies all met for <TaskInstance: Question3_FHV.halo scheduled__2019-02-02T06:00:00+00:00 [queued]>
[2022-02-09 11:29:55,873] {taskinstance.py:1032} INFO - Dependencies all met for <TaskInstance: Question3_FHV.halo scheduled__2019-02-02T06:00:00+00:00 [queued]>
[2022-02-09 11:29:55,874] {taskinstance.py:1238} INFO - 
--------------------------------------------------------------------------------
[2022-02-09 11:29:55,874] {taskinstance.py:1239} INFO - Starting attempt 1 of 2
[2022-02-09 11:29:55,874] {taskinstance.py:1240} INFO - 
--------------------------------------------------------------------------------
[2022-02-09 11:29:55,930] {taskinstance.py:1259} INFO - Executing <Task(PythonOperator): halo> on 2019-02-02 06:00:00+00:00
[2022-02-09 11:29:55,937] {standard_task_runner.py:52} INFO - Started process 388 to run task
[2022-02-09 11:29:55,946] {standard_task_runner.py:76} INFO - Running: ['***', 'tasks', 'run', 'Question3_FHV', 'halo', 'scheduled__2019-02-02T06:00:00+00:00', '--job-id', '395', '--raw', '--subdir', 'DAGS_FOLDER/dag_questions3.py', '--cfg-path', '/tmp/tmp6r8k5369', '--error-file', '/tmp/tmpfego5fd8']
[2022-02-09 11:29:55,947] {standard_task_runner.py:77} INFO - Job 395: Subtask halo
[2022-02-09 11:29:56,129] {logging_mixin.py:109} INFO - Running <TaskInstance: Question3_FHV.halo scheduled__2019-02-02T06:00:00+00:00 [running]> on host c5795c3f6004
[2022-02-09 11:29:56,327] {taskinstance.py:1426} INFO - Exporting the following env vars:
AIRFLOW_CTX_DAG_OWNER=***
AIRFLOW_CTX_DAG_ID=Question3_FHV
AIRFLOW_CTX_TASK_ID=halo
AIRFLOW_CTX_EXECUTION_DATE=2019-02-02T06:00:00+00:00
AIRFLOW_CTX_DAG_RUN_ID=scheduled__2019-02-02T06:00:00+00:00
[2022-02-09 11:29:56,329] {logging_mixin.py:109} INFO - hello world!!
[2022-02-09 11:29:56,329] {python.py:175} INFO - Done. Returned value was: None
[2022-02-09 11:29:56,359] {taskinstance.py:1277} INFO - Marking task as SUCCESS. dag_id=Question3_FHV, task_id=halo, execution_date=20190202T060000, start_date=20220209T112955, end_date=20220209T112956
[2022-02-09 11:29:56,413] {local_task_job.py:154} INFO - Task exited with return code 0
[2022-02-09 11:29:56,528] {local_task_job.py:264} INFO - 0 downstream tasks scheduled from follow-on schedule check
[2022-02-10 01:10:51,485] {taskinstance.py:1032} INFO - Dependencies all met for <TaskInstance: Question3_FHV.halo scheduled__2019-02-02T06:00:00+00:00 [queued]>
[2022-02-10 01:10:51,535] {taskinstance.py:1032} INFO - Dependencies all met for <TaskInstance: Question3_FHV.halo scheduled__2019-02-02T06:00:00+00:00 [queued]>
[2022-02-10 01:10:51,535] {taskinstance.py:1238} INFO - 
--------------------------------------------------------------------------------
[2022-02-10 01:10:51,535] {taskinstance.py:1239} INFO - Starting attempt 1 of 2
[2022-02-10 01:10:51,535] {taskinstance.py:1240} INFO - 
--------------------------------------------------------------------------------
[2022-02-10 01:10:51,575] {taskinstance.py:1259} INFO - Executing <Task(PythonOperator): halo> on 2019-02-02 06:00:00+00:00
[2022-02-10 01:10:51,582] {standard_task_runner.py:52} INFO - Started process 7227 to run task
[2022-02-10 01:10:51,587] {standard_task_runner.py:76} INFO - Running: ['***', 'tasks', 'run', 'Question3_FHV', 'halo', 'scheduled__2019-02-02T06:00:00+00:00', '--job-id', '468', '--raw', '--subdir', 'DAGS_FOLDER/dag_questions3.py', '--cfg-path', '/tmp/tmpv6n7afe7', '--error-file', '/tmp/tmphaijlnvh']
[2022-02-10 01:10:51,589] {standard_task_runner.py:77} INFO - Job 468: Subtask halo
[2022-02-10 01:10:51,786] {logging_mixin.py:109} INFO - Running <TaskInstance: Question3_FHV.halo scheduled__2019-02-02T06:00:00+00:00 [running]> on host 0fd4ea805f5e
[2022-02-10 01:10:51,963] {taskinstance.py:1426} INFO - Exporting the following env vars:
AIRFLOW_CTX_DAG_OWNER=***
AIRFLOW_CTX_DAG_ID=Question3_FHV
AIRFLOW_CTX_TASK_ID=halo
AIRFLOW_CTX_EXECUTION_DATE=2019-02-02T06:00:00+00:00
AIRFLOW_CTX_DAG_RUN_ID=scheduled__2019-02-02T06:00:00+00:00
[2022-02-10 01:10:51,973] {logging_mixin.py:109} INFO - hello world!!
[2022-02-10 01:10:51,973] {python.py:175} INFO - Done. Returned value was: None
[2022-02-10 01:10:52,006] {taskinstance.py:1277} INFO - Marking task as SUCCESS. dag_id=Question3_FHV, task_id=halo, execution_date=20190202T060000, start_date=20220210T011051, end_date=20220210T011052
[2022-02-10 01:10:52,089] {local_task_job.py:154} INFO - Task exited with return code 0
[2022-02-10 01:10:52,170] {local_task_job.py:264} INFO - 0 downstream tasks scheduled from follow-on schedule check
[2022-02-19 01:44:46,300] {taskinstance.py:1032} INFO - Dependencies all met for <TaskInstance: Question3_FHV.halo scheduled__2019-02-02T06:00:00+00:00 [queued]>
[2022-02-19 01:44:46,374] {taskinstance.py:1032} INFO - Dependencies all met for <TaskInstance: Question3_FHV.halo scheduled__2019-02-02T06:00:00+00:00 [queued]>
[2022-02-19 01:44:46,375] {taskinstance.py:1238} INFO - 
--------------------------------------------------------------------------------
[2022-02-19 01:44:46,375] {taskinstance.py:1239} INFO - Starting attempt 1 of 2
[2022-02-19 01:44:46,375] {taskinstance.py:1240} INFO - 
--------------------------------------------------------------------------------
[2022-02-19 01:44:46,418] {taskinstance.py:1259} INFO - Executing <Task(PythonOperator): halo> on 2019-02-02 06:00:00+00:00
[2022-02-19 01:44:46,427] {standard_task_runner.py:52} INFO - Started process 3720 to run task
[2022-02-19 01:44:46,433] {standard_task_runner.py:76} INFO - Running: ['***', 'tasks', 'run', 'Question3_FHV', 'halo', 'scheduled__2019-02-02T06:00:00+00:00', '--job-id', '617', '--raw', '--subdir', 'DAGS_FOLDER/dag_questions3.py', '--cfg-path', '/tmp/tmp2v08tbbu', '--error-file', '/tmp/tmpjaq8d_jx']
[2022-02-19 01:44:46,443] {standard_task_runner.py:77} INFO - Job 617: Subtask halo
[2022-02-19 01:44:46,652] {logging_mixin.py:109} INFO - Running <TaskInstance: Question3_FHV.halo scheduled__2019-02-02T06:00:00+00:00 [running]> on host 312f1fe573aa
[2022-02-19 01:44:46,838] {taskinstance.py:1426} INFO - Exporting the following env vars:
AIRFLOW_CTX_DAG_OWNER=***
AIRFLOW_CTX_DAG_ID=Question3_FHV
AIRFLOW_CTX_TASK_ID=halo
AIRFLOW_CTX_EXECUTION_DATE=2019-02-02T06:00:00+00:00
AIRFLOW_CTX_DAG_RUN_ID=scheduled__2019-02-02T06:00:00+00:00
[2022-02-19 01:44:46,839] {logging_mixin.py:109} INFO - hello world!!
[2022-02-19 01:44:46,839] {python.py:175} INFO - Done. Returned value was: None
[2022-02-19 01:44:46,889] {taskinstance.py:1277} INFO - Marking task as SUCCESS. dag_id=Question3_FHV, task_id=halo, execution_date=20190202T060000, start_date=20220219T014446, end_date=20220219T014446
[2022-02-19 01:44:46,948] {local_task_job.py:154} INFO - Task exited with return code 0
[2022-02-19 01:44:47,045] {local_task_job.py:264} INFO - 0 downstream tasks scheduled from follow-on schedule check
[2022-02-19 11:44:15,013] {taskinstance.py:1032} INFO - Dependencies all met for <TaskInstance: Question3_FHV.halo scheduled__2019-02-02T06:00:00+00:00 [queued]>
[2022-02-19 11:44:15,054] {taskinstance.py:1032} INFO - Dependencies all met for <TaskInstance: Question3_FHV.halo scheduled__2019-02-02T06:00:00+00:00 [queued]>
[2022-02-19 11:44:15,055] {taskinstance.py:1238} INFO - 
--------------------------------------------------------------------------------
[2022-02-19 11:44:15,055] {taskinstance.py:1239} INFO - Starting attempt 1 of 2
[2022-02-19 11:44:15,056] {taskinstance.py:1240} INFO - 
--------------------------------------------------------------------------------
[2022-02-19 11:44:15,115] {taskinstance.py:1259} INFO - Executing <Task(PythonOperator): halo> on 2019-02-02 06:00:00+00:00
[2022-02-19 11:44:15,125] {standard_task_runner.py:52} INFO - Started process 4558 to run task
[2022-02-19 11:44:15,132] {standard_task_runner.py:76} INFO - Running: ['***', 'tasks', 'run', 'Question3_FHV', 'halo', 'scheduled__2019-02-02T06:00:00+00:00', '--job-id', '987', '--raw', '--subdir', 'DAGS_FOLDER/dag_questions3.py', '--cfg-path', '/tmp/tmp15z0grca', '--error-file', '/tmp/tmpjvnwp7fp']
[2022-02-19 11:44:15,134] {standard_task_runner.py:77} INFO - Job 987: Subtask halo
[2022-02-19 11:44:15,359] {logging_mixin.py:109} INFO - Running <TaskInstance: Question3_FHV.halo scheduled__2019-02-02T06:00:00+00:00 [running]> on host f81f14254480
[2022-02-19 11:44:15,605] {taskinstance.py:1426} INFO - Exporting the following env vars:
AIRFLOW_CTX_DAG_OWNER=***
AIRFLOW_CTX_DAG_ID=Question3_FHV
AIRFLOW_CTX_TASK_ID=halo
AIRFLOW_CTX_EXECUTION_DATE=2019-02-02T06:00:00+00:00
AIRFLOW_CTX_DAG_RUN_ID=scheduled__2019-02-02T06:00:00+00:00
[2022-02-19 11:44:15,608] {logging_mixin.py:109} INFO - hello world!!
[2022-02-19 11:44:15,608] {python.py:175} INFO - Done. Returned value was: None
[2022-02-19 11:44:15,672] {taskinstance.py:1277} INFO - Marking task as SUCCESS. dag_id=Question3_FHV, task_id=halo, execution_date=20190202T060000, start_date=20220219T114415, end_date=20220219T114415
[2022-02-19 11:44:15,821] {local_task_job.py:154} INFO - Task exited with return code 0
[2022-02-19 11:44:16,017] {local_task_job.py:264} INFO - 0 downstream tasks scheduled from follow-on schedule check
