[2022-01-30 13:09:39,312] {taskinstance.py:1032} INFO - Dependencies all met for <TaskInstance: HomeWorkWeek2.halo scheduled__2021-03-02T06:00:00+00:00 [queued]>
[2022-01-30 13:09:39,360] {taskinstance.py:1032} INFO - Dependencies all met for <TaskInstance: HomeWorkWeek2.halo scheduled__2021-03-02T06:00:00+00:00 [queued]>
[2022-01-30 13:09:39,360] {taskinstance.py:1238} INFO - 
--------------------------------------------------------------------------------
[2022-01-30 13:09:39,361] {taskinstance.py:1239} INFO - Starting attempt 1 of 2
[2022-01-30 13:09:39,361] {taskinstance.py:1240} INFO - 
--------------------------------------------------------------------------------
[2022-01-30 13:09:39,405] {taskinstance.py:1259} INFO - Executing <Task(PythonOperator): halo> on 2021-03-02 06:00:00+00:00
[2022-01-30 13:09:39,413] {standard_task_runner.py:52} INFO - Started process 3069 to run task
[2022-01-30 13:09:39,420] {standard_task_runner.py:76} INFO - Running: ['***', 'tasks', 'run', 'HomeWorkWeek2', 'halo', 'scheduled__2021-03-02T06:00:00+00:00', '--job-id', '161', '--raw', '--subdir', 'DAGS_FOLDER/dag_questions1.py', '--cfg-path', '/tmp/tmpkeb0qh49', '--error-file', '/tmp/tmpnjx9sx43']
[2022-01-30 13:09:39,422] {standard_task_runner.py:77} INFO - Job 161: Subtask halo
[2022-01-30 13:09:39,663] {logging_mixin.py:109} INFO - Running <TaskInstance: HomeWorkWeek2.halo scheduled__2021-03-02T06:00:00+00:00 [running]> on host 4b3b8c5e49b1
[2022-01-30 13:09:39,884] {taskinstance.py:1426} INFO - Exporting the following env vars:
AIRFLOW_CTX_DAG_OWNER=***
AIRFLOW_CTX_DAG_ID=HomeWorkWeek2
AIRFLOW_CTX_TASK_ID=halo
AIRFLOW_CTX_EXECUTION_DATE=2021-03-02T06:00:00+00:00
AIRFLOW_CTX_DAG_RUN_ID=scheduled__2021-03-02T06:00:00+00:00
[2022-01-30 13:09:39,886] {logging_mixin.py:109} INFO - helloworld
[2022-01-30 13:09:39,887] {python.py:175} INFO - Done. Returned value was: None
[2022-01-30 13:09:39,928] {taskinstance.py:1277} INFO - Marking task as SUCCESS. dag_id=HomeWorkWeek2, task_id=halo, execution_date=20210302T060000, start_date=20220130T130939, end_date=20220130T130939
[2022-01-30 13:09:40,003] {local_task_job.py:154} INFO - Task exited with return code 0
[2022-01-30 13:09:40,151] {local_task_job.py:264} INFO - 0 downstream tasks scheduled from follow-on schedule check
[2022-01-30 14:58:16,552] {taskinstance.py:1032} INFO - Dependencies all met for <TaskInstance: HomeWorkWeek2.halo scheduled__2021-03-02T06:00:00+00:00 [queued]>
[2022-01-30 14:58:16,637] {taskinstance.py:1032} INFO - Dependencies all met for <TaskInstance: HomeWorkWeek2.halo scheduled__2021-03-02T06:00:00+00:00 [queued]>
[2022-01-30 14:58:16,638] {taskinstance.py:1238} INFO - 
--------------------------------------------------------------------------------
[2022-01-30 14:58:16,638] {taskinstance.py:1239} INFO - Starting attempt 1 of 2
[2022-01-30 14:58:16,638] {taskinstance.py:1240} INFO - 
--------------------------------------------------------------------------------
[2022-01-30 14:58:16,691] {taskinstance.py:1259} INFO - Executing <Task(PythonOperator): halo> on 2021-03-02 06:00:00+00:00
[2022-01-30 14:58:16,705] {standard_task_runner.py:52} INFO - Started process 1538 to run task
[2022-01-30 14:58:16,727] {standard_task_runner.py:76} INFO - Running: ['***', 'tasks', 'run', 'HomeWorkWeek2', 'halo', 'scheduled__2021-03-02T06:00:00+00:00', '--job-id', '265', '--raw', '--subdir', 'DAGS_FOLDER/dag_questions1.py', '--cfg-path', '/tmp/tmplijfqylz', '--error-file', '/tmp/tmp7_7jgysy']
[2022-01-30 14:58:16,730] {standard_task_runner.py:77} INFO - Job 265: Subtask halo
[2022-01-30 14:58:17,062] {logging_mixin.py:109} INFO - Running <TaskInstance: HomeWorkWeek2.halo scheduled__2021-03-02T06:00:00+00:00 [running]> on host 785c0c715caa
[2022-01-30 14:58:17,320] {taskinstance.py:1426} INFO - Exporting the following env vars:
AIRFLOW_CTX_DAG_OWNER=***
AIRFLOW_CTX_DAG_ID=HomeWorkWeek2
AIRFLOW_CTX_TASK_ID=halo
AIRFLOW_CTX_EXECUTION_DATE=2021-03-02T06:00:00+00:00
AIRFLOW_CTX_DAG_RUN_ID=scheduled__2021-03-02T06:00:00+00:00
[2022-01-30 14:58:17,323] {logging_mixin.py:109} INFO - hello world!!
[2022-01-30 14:58:17,323] {python.py:175} INFO - Done. Returned value was: None
[2022-01-30 14:58:17,394] {taskinstance.py:1277} INFO - Marking task as SUCCESS. dag_id=HomeWorkWeek2, task_id=halo, execution_date=20210302T060000, start_date=20220130T145816, end_date=20220130T145817
[2022-01-30 14:58:17,521] {local_task_job.py:154} INFO - Task exited with return code 0
[2022-01-30 14:58:17,644] {local_task_job.py:264} INFO - 0 downstream tasks scheduled from follow-on schedule check
