[2022-01-30 13:09:47,085] {taskinstance.py:1032} INFO - Dependencies all met for <TaskInstance: HomeWorkWeek2.dowdata scheduled__2021-06-02T06:00:00+00:00 [queued]>
[2022-01-30 13:09:47,146] {taskinstance.py:1032} INFO - Dependencies all met for <TaskInstance: HomeWorkWeek2.dowdata scheduled__2021-06-02T06:00:00+00:00 [queued]>
[2022-01-30 13:09:47,147] {taskinstance.py:1238} INFO - 
--------------------------------------------------------------------------------
[2022-01-30 13:09:47,151] {taskinstance.py:1239} INFO - Starting attempt 1 of 2
[2022-01-30 13:09:47,151] {taskinstance.py:1240} INFO - 
--------------------------------------------------------------------------------
[2022-01-30 13:09:47,237] {taskinstance.py:1259} INFO - Executing <Task(BashOperator): dowdata> on 2021-06-02 06:00:00+00:00
[2022-01-30 13:09:47,246] {standard_task_runner.py:52} INFO - Started process 3081 to run task
[2022-01-30 13:09:47,253] {standard_task_runner.py:76} INFO - Running: ['***', 'tasks', 'run', 'HomeWorkWeek2', 'dowdata', 'scheduled__2021-06-02T06:00:00+00:00', '--job-id', '162', '--raw', '--subdir', 'DAGS_FOLDER/dag_questions1.py', '--cfg-path', '/tmp/tmps3q2qcxs', '--error-file', '/tmp/tmpytcsy5p7']
[2022-01-30 13:09:47,255] {standard_task_runner.py:77} INFO - Job 162: Subtask dowdata
[2022-01-30 13:09:47,470] {logging_mixin.py:109} INFO - Running <TaskInstance: HomeWorkWeek2.dowdata scheduled__2021-06-02T06:00:00+00:00 [running]> on host 4b3b8c5e49b1
[2022-01-30 13:09:47,638] {warnings.py:110} WARNING - /home/***/.local/lib/python3.7/site-packages/***/utils/context.py:152: AirflowContextDeprecationWarning: Accessing 'execution_date' from the template is deprecated and will be removed in a future version. Please use 'data_interval_start' or 'logical_date' instead.
  warnings.warn(_create_deprecation_warning(key, self._deprecation_replacements[key]))

[2022-01-30 13:09:47,700] {taskinstance.py:1426} INFO - Exporting the following env vars:
AIRFLOW_CTX_DAG_OWNER=***
AIRFLOW_CTX_DAG_ID=HomeWorkWeek2
AIRFLOW_CTX_TASK_ID=dowdata
AIRFLOW_CTX_EXECUTION_DATE=2021-06-02T06:00:00+00:00
AIRFLOW_CTX_DAG_RUN_ID=scheduled__2021-06-02T06:00:00+00:00
[2022-01-30 13:09:47,708] {subprocess.py:62} INFO - Tmp dir root location: 
 /tmp
[2022-01-30 13:09:47,710] {subprocess.py:74} INFO - Running command: ['bash', '-c', 'curl -sSLf https://s3.amazonaws.com/nyc-tlc/trip+data/yellow_tripdata_2021-06.csv > /opt/***output_2021-06.csv']
[2022-01-30 13:09:47,735] {subprocess.py:85} INFO - Output:
[2022-01-30 13:12:07,138] {subprocess.py:93} INFO - Command exited with return code 0
[2022-01-30 13:12:07,238] {taskinstance.py:1277} INFO - Marking task as SUCCESS. dag_id=HomeWorkWeek2, task_id=dowdata, execution_date=20210602T060000, start_date=20220130T130947, end_date=20220130T131207
[2022-01-30 13:12:07,370] {local_task_job.py:154} INFO - Task exited with return code 0
[2022-01-30 13:12:07,505] {local_task_job.py:264} INFO - 1 downstream tasks scheduled from follow-on schedule check
[2022-01-30 14:58:32,967] {taskinstance.py:1032} INFO - Dependencies all met for <TaskInstance: HomeWorkWeek2.dowdata scheduled__2021-06-02T06:00:00+00:00 [queued]>
[2022-01-30 14:58:33,100] {taskinstance.py:1032} INFO - Dependencies all met for <TaskInstance: HomeWorkWeek2.dowdata scheduled__2021-06-02T06:00:00+00:00 [queued]>
[2022-01-30 14:58:33,101] {taskinstance.py:1238} INFO - 
--------------------------------------------------------------------------------
[2022-01-30 14:58:33,101] {taskinstance.py:1239} INFO - Starting attempt 1 of 2
[2022-01-30 14:58:33,102] {taskinstance.py:1240} INFO - 
--------------------------------------------------------------------------------
[2022-01-30 14:58:33,203] {taskinstance.py:1259} INFO - Executing <Task(BashOperator): dowdata> on 2021-06-02 06:00:00+00:00
[2022-01-30 14:58:33,218] {standard_task_runner.py:52} INFO - Started process 1551 to run task
[2022-01-30 14:58:33,235] {standard_task_runner.py:76} INFO - Running: ['***', 'tasks', 'run', 'HomeWorkWeek2', 'dowdata', 'scheduled__2021-06-02T06:00:00+00:00', '--job-id', '266', '--raw', '--subdir', 'DAGS_FOLDER/dag_questions1.py', '--cfg-path', '/tmp/tmpg52cuaid', '--error-file', '/tmp/tmpbdtl_qqk']
[2022-01-30 14:58:33,250] {standard_task_runner.py:77} INFO - Job 266: Subtask dowdata
[2022-01-30 14:58:33,759] {logging_mixin.py:109} INFO - Running <TaskInstance: HomeWorkWeek2.dowdata scheduled__2021-06-02T06:00:00+00:00 [running]> on host 785c0c715caa
[2022-01-30 14:58:33,970] {warnings.py:110} WARNING - /home/***/.local/lib/python3.7/site-packages/***/utils/context.py:152: AirflowContextDeprecationWarning: Accessing 'execution_date' from the template is deprecated and will be removed in a future version. Please use 'data_interval_start' or 'logical_date' instead.
  warnings.warn(_create_deprecation_warning(key, self._deprecation_replacements[key]))

[2022-01-30 14:58:34,089] {taskinstance.py:1426} INFO - Exporting the following env vars:
AIRFLOW_CTX_DAG_OWNER=***
AIRFLOW_CTX_DAG_ID=HomeWorkWeek2
AIRFLOW_CTX_TASK_ID=dowdata
AIRFLOW_CTX_EXECUTION_DATE=2021-06-02T06:00:00+00:00
AIRFLOW_CTX_DAG_RUN_ID=scheduled__2021-06-02T06:00:00+00:00
[2022-01-30 14:58:34,092] {subprocess.py:62} INFO - Tmp dir root location: 
 /tmp
[2022-01-30 14:58:34,100] {subprocess.py:74} INFO - Running command: ['bash', '-c', 'curl -sSLf https://s3.amazonaws.com/nyc-tlc/trip+data/yellow_tripdata_2021-06.csv > /opt/***output_2021-06.csv']
[2022-01-30 14:58:34,126] {subprocess.py:85} INFO - Output:
[2022-01-30 14:59:07,270] {subprocess.py:93} INFO - Command exited with return code 0
[2022-01-30 14:59:07,357] {taskinstance.py:1277} INFO - Marking task as SUCCESS. dag_id=HomeWorkWeek2, task_id=dowdata, execution_date=20210602T060000, start_date=20220130T145832, end_date=20220130T145907
[2022-01-30 14:59:07,426] {local_task_job.py:154} INFO - Task exited with return code 0
[2022-01-30 14:59:07,561] {local_task_job.py:264} INFO - 1 downstream tasks scheduled from follow-on schedule check
