[2022-02-02 21:11:56,168] {taskinstance.py:1032} INFO - Dependencies all met for <TaskInstance: Question3_FHV.csv_to_parquet scheduled__2019-03-02T06:00:00+00:00 [queued]>
[2022-02-02 21:11:56,259] {taskinstance.py:1032} INFO - Dependencies all met for <TaskInstance: Question3_FHV.csv_to_parquet scheduled__2019-03-02T06:00:00+00:00 [queued]>
[2022-02-02 21:11:56,260] {taskinstance.py:1238} INFO - 
--------------------------------------------------------------------------------
[2022-02-02 21:11:56,261] {taskinstance.py:1239} INFO - Starting attempt 1 of 2
[2022-02-02 21:11:56,262] {taskinstance.py:1240} INFO - 
--------------------------------------------------------------------------------
[2022-02-02 21:11:56,343] {taskinstance.py:1259} INFO - Executing <Task(PythonOperator): csv_to_parquet> on 2019-03-02 06:00:00+00:00
[2022-02-02 21:11:56,352] {standard_task_runner.py:52} INFO - Started process 564 to run task
[2022-02-02 21:11:56,360] {standard_task_runner.py:76} INFO - Running: ['***', 'tasks', 'run', 'Question3_FHV', 'csv_to_parquet', 'scheduled__2019-03-02T06:00:00+00:00', '--job-id', '321', '--raw', '--subdir', 'DAGS_FOLDER/dag_questions3.py', '--cfg-path', '/tmp/tmp06nnaunc', '--error-file', '/tmp/tmpb0oxzt91']
[2022-02-02 21:11:56,362] {standard_task_runner.py:77} INFO - Job 321: Subtask csv_to_parquet
[2022-02-02 21:11:56,522] {logging_mixin.py:109} INFO - Running <TaskInstance: Question3_FHV.csv_to_parquet scheduled__2019-03-02T06:00:00+00:00 [running]> on host d574c7c5b085
[2022-02-02 21:11:56,641] {warnings.py:110} WARNING - /home/***/.local/lib/python3.7/site-packages/***/utils/context.py:152: AirflowContextDeprecationWarning: Accessing 'execution_date' from the template is deprecated and will be removed in a future version. Please use 'data_interval_start' or 'logical_date' instead.
  warnings.warn(_create_deprecation_warning(key, self._deprecation_replacements[key]))

[2022-02-02 21:11:56,684] {taskinstance.py:1426} INFO - Exporting the following env vars:
AIRFLOW_CTX_DAG_OWNER=***
AIRFLOW_CTX_DAG_ID=Question3_FHV
AIRFLOW_CTX_TASK_ID=csv_to_parquet
AIRFLOW_CTX_EXECUTION_DATE=2019-03-02T06:00:00+00:00
AIRFLOW_CTX_DAG_RUN_ID=scheduled__2019-03-02T06:00:00+00:00
[2022-02-02 21:11:58,082] {python.py:175} INFO - Done. Returned value was: None
[2022-02-02 21:11:58,126] {taskinstance.py:1277} INFO - Marking task as SUCCESS. dag_id=Question3_FHV, task_id=csv_to_parquet, execution_date=20190302T060000, start_date=20220202T211156, end_date=20220202T211158
[2022-02-02 21:11:58,242] {local_task_job.py:154} INFO - Task exited with return code 0
[2022-02-02 21:11:58,404] {local_task_job.py:264} INFO - 1 downstream tasks scheduled from follow-on schedule check
[2022-02-09 11:29:13,998] {taskinstance.py:1032} INFO - Dependencies all met for <TaskInstance: Question3_FHV.csv_to_parquet scheduled__2019-03-02T06:00:00+00:00 [queued]>
[2022-02-09 11:29:14,043] {taskinstance.py:1032} INFO - Dependencies all met for <TaskInstance: Question3_FHV.csv_to_parquet scheduled__2019-03-02T06:00:00+00:00 [queued]>
[2022-02-09 11:29:14,043] {taskinstance.py:1238} INFO - 
--------------------------------------------------------------------------------
[2022-02-09 11:29:14,043] {taskinstance.py:1239} INFO - Starting attempt 1 of 2
[2022-02-09 11:29:14,043] {taskinstance.py:1240} INFO - 
--------------------------------------------------------------------------------
[2022-02-09 11:29:14,085] {taskinstance.py:1259} INFO - Executing <Task(PythonOperator): csv_to_parquet> on 2019-03-02 06:00:00+00:00
[2022-02-09 11:29:14,092] {standard_task_runner.py:52} INFO - Started process 336 to run task
[2022-02-09 11:29:14,096] {standard_task_runner.py:76} INFO - Running: ['***', 'tasks', 'run', 'Question3_FHV', 'csv_to_parquet', 'scheduled__2019-03-02T06:00:00+00:00', '--job-id', '391', '--raw', '--subdir', 'DAGS_FOLDER/dag_questions3.py', '--cfg-path', '/tmp/tmpjr2l2kxt', '--error-file', '/tmp/tmpn_1gehjv']
[2022-02-09 11:29:14,098] {standard_task_runner.py:77} INFO - Job 391: Subtask csv_to_parquet
[2022-02-09 11:29:14,370] {logging_mixin.py:109} INFO - Running <TaskInstance: Question3_FHV.csv_to_parquet scheduled__2019-03-02T06:00:00+00:00 [running]> on host c5795c3f6004
[2022-02-09 11:29:14,781] {warnings.py:110} WARNING - /home/***/.local/lib/python3.7/site-packages/***/utils/context.py:152: AirflowContextDeprecationWarning: Accessing 'execution_date' from the template is deprecated and will be removed in a future version. Please use 'data_interval_start' or 'logical_date' instead.
  warnings.warn(_create_deprecation_warning(key, self._deprecation_replacements[key]))

[2022-02-09 11:29:14,937] {taskinstance.py:1426} INFO - Exporting the following env vars:
AIRFLOW_CTX_DAG_OWNER=***
AIRFLOW_CTX_DAG_ID=Question3_FHV
AIRFLOW_CTX_TASK_ID=csv_to_parquet
AIRFLOW_CTX_EXECUTION_DATE=2019-03-02T06:00:00+00:00
AIRFLOW_CTX_DAG_RUN_ID=scheduled__2019-03-02T06:00:00+00:00
[2022-02-09 11:29:17,898] {python.py:175} INFO - Done. Returned value was: None
[2022-02-09 11:29:17,937] {taskinstance.py:1277} INFO - Marking task as SUCCESS. dag_id=Question3_FHV, task_id=csv_to_parquet, execution_date=20190302T060000, start_date=20220209T112914, end_date=20220209T112917
[2022-02-09 11:29:18,020] {local_task_job.py:154} INFO - Task exited with return code 0
[2022-02-09 11:29:18,144] {local_task_job.py:264} INFO - 1 downstream tasks scheduled from follow-on schedule check
[2022-02-10 01:09:30,717] {taskinstance.py:1032} INFO - Dependencies all met for <TaskInstance: Question3_FHV.csv_to_parquet scheduled__2019-03-02T06:00:00+00:00 [queued]>
[2022-02-10 01:09:30,758] {taskinstance.py:1032} INFO - Dependencies all met for <TaskInstance: Question3_FHV.csv_to_parquet scheduled__2019-03-02T06:00:00+00:00 [queued]>
[2022-02-10 01:09:30,758] {taskinstance.py:1238} INFO - 
--------------------------------------------------------------------------------
[2022-02-10 01:09:30,759] {taskinstance.py:1239} INFO - Starting attempt 1 of 2
[2022-02-10 01:09:30,759] {taskinstance.py:1240} INFO - 
--------------------------------------------------------------------------------
[2022-02-10 01:09:30,805] {taskinstance.py:1259} INFO - Executing <Task(PythonOperator): csv_to_parquet> on 2019-03-02 06:00:00+00:00
[2022-02-10 01:09:30,811] {standard_task_runner.py:52} INFO - Started process 7136 to run task
[2022-02-10 01:09:30,818] {standard_task_runner.py:76} INFO - Running: ['***', 'tasks', 'run', 'Question3_FHV', 'csv_to_parquet', 'scheduled__2019-03-02T06:00:00+00:00', '--job-id', '461', '--raw', '--subdir', 'DAGS_FOLDER/dag_questions3.py', '--cfg-path', '/tmp/tmptdc7oci0', '--error-file', '/tmp/tmpg9c1i_8t']
[2022-02-10 01:09:30,820] {standard_task_runner.py:77} INFO - Job 461: Subtask csv_to_parquet
[2022-02-10 01:09:30,996] {logging_mixin.py:109} INFO - Running <TaskInstance: Question3_FHV.csv_to_parquet scheduled__2019-03-02T06:00:00+00:00 [running]> on host 0fd4ea805f5e
[2022-02-10 01:09:31,215] {warnings.py:110} WARNING - /home/***/.local/lib/python3.7/site-packages/***/utils/context.py:152: AirflowContextDeprecationWarning: Accessing 'execution_date' from the template is deprecated and will be removed in a future version. Please use 'data_interval_start' or 'logical_date' instead.
  warnings.warn(_create_deprecation_warning(key, self._deprecation_replacements[key]))

[2022-02-10 01:09:31,288] {taskinstance.py:1426} INFO - Exporting the following env vars:
AIRFLOW_CTX_DAG_OWNER=***
AIRFLOW_CTX_DAG_ID=Question3_FHV
AIRFLOW_CTX_TASK_ID=csv_to_parquet
AIRFLOW_CTX_EXECUTION_DATE=2019-03-02T06:00:00+00:00
AIRFLOW_CTX_DAG_RUN_ID=scheduled__2019-03-02T06:00:00+00:00
[2022-02-10 01:09:32,732] {python.py:175} INFO - Done. Returned value was: None
[2022-02-10 01:09:32,767] {taskinstance.py:1277} INFO - Marking task as SUCCESS. dag_id=Question3_FHV, task_id=csv_to_parquet, execution_date=20190302T060000, start_date=20220210T010930, end_date=20220210T010932
[2022-02-10 01:09:32,887] {local_task_job.py:154} INFO - Task exited with return code 0
[2022-02-10 01:09:33,256] {local_task_job.py:264} INFO - 0 downstream tasks scheduled from follow-on schedule check
[2022-02-19 01:45:27,710] {taskinstance.py:1032} INFO - Dependencies all met for <TaskInstance: Question3_FHV.csv_to_parquet scheduled__2019-03-02T06:00:00+00:00 [queued]>
[2022-02-19 01:45:27,761] {taskinstance.py:1032} INFO - Dependencies all met for <TaskInstance: Question3_FHV.csv_to_parquet scheduled__2019-03-02T06:00:00+00:00 [queued]>
[2022-02-19 01:45:27,762] {taskinstance.py:1238} INFO - 
--------------------------------------------------------------------------------
[2022-02-19 01:45:27,762] {taskinstance.py:1239} INFO - Starting attempt 1 of 2
[2022-02-19 01:45:27,762] {taskinstance.py:1240} INFO - 
--------------------------------------------------------------------------------
[2022-02-19 01:45:27,805] {taskinstance.py:1259} INFO - Executing <Task(PythonOperator): csv_to_parquet> on 2019-03-02 06:00:00+00:00
[2022-02-19 01:45:27,813] {standard_task_runner.py:52} INFO - Started process 3768 to run task
[2022-02-19 01:45:27,820] {standard_task_runner.py:76} INFO - Running: ['***', 'tasks', 'run', 'Question3_FHV', 'csv_to_parquet', 'scheduled__2019-03-02T06:00:00+00:00', '--job-id', '621', '--raw', '--subdir', 'DAGS_FOLDER/dag_questions3.py', '--cfg-path', '/tmp/tmp62jn7ers', '--error-file', '/tmp/tmpkogp55tn']
[2022-02-19 01:45:27,822] {standard_task_runner.py:77} INFO - Job 621: Subtask csv_to_parquet
[2022-02-19 01:45:27,992] {logging_mixin.py:109} INFO - Running <TaskInstance: Question3_FHV.csv_to_parquet scheduled__2019-03-02T06:00:00+00:00 [running]> on host 312f1fe573aa
[2022-02-19 01:45:28,125] {warnings.py:110} WARNING - /home/***/.local/lib/python3.7/site-packages/***/utils/context.py:152: AirflowContextDeprecationWarning: Accessing 'execution_date' from the template is deprecated and will be removed in a future version. Please use 'data_interval_start' or 'logical_date' instead.
  warnings.warn(_create_deprecation_warning(key, self._deprecation_replacements[key]))

[2022-02-19 01:45:28,174] {taskinstance.py:1426} INFO - Exporting the following env vars:
AIRFLOW_CTX_DAG_OWNER=***
AIRFLOW_CTX_DAG_ID=Question3_FHV
AIRFLOW_CTX_TASK_ID=csv_to_parquet
AIRFLOW_CTX_EXECUTION_DATE=2019-03-02T06:00:00+00:00
AIRFLOW_CTX_DAG_RUN_ID=scheduled__2019-03-02T06:00:00+00:00
[2022-02-19 01:45:29,397] {python.py:175} INFO - Done. Returned value was: None
[2022-02-19 01:45:29,437] {taskinstance.py:1277} INFO - Marking task as SUCCESS. dag_id=Question3_FHV, task_id=csv_to_parquet, execution_date=20190302T060000, start_date=20220219T014527, end_date=20220219T014529
[2022-02-19 01:45:29,551] {local_task_job.py:154} INFO - Task exited with return code 0
[2022-02-19 01:45:29,700] {local_task_job.py:264} INFO - 1 downstream tasks scheduled from follow-on schedule check
[2022-02-19 11:45:00,068] {taskinstance.py:1032} INFO - Dependencies all met for <TaskInstance: Question3_FHV.csv_to_parquet scheduled__2019-03-02T06:00:00+00:00 [queued]>
[2022-02-19 11:45:00,116] {taskinstance.py:1032} INFO - Dependencies all met for <TaskInstance: Question3_FHV.csv_to_parquet scheduled__2019-03-02T06:00:00+00:00 [queued]>
[2022-02-19 11:45:00,116] {taskinstance.py:1238} INFO - 
--------------------------------------------------------------------------------
[2022-02-19 11:45:00,117] {taskinstance.py:1239} INFO - Starting attempt 1 of 2
[2022-02-19 11:45:00,117] {taskinstance.py:1240} INFO - 
--------------------------------------------------------------------------------
[2022-02-19 11:45:00,159] {taskinstance.py:1259} INFO - Executing <Task(PythonOperator): csv_to_parquet> on 2019-03-02 06:00:00+00:00
[2022-02-19 11:45:00,166] {standard_task_runner.py:52} INFO - Started process 4606 to run task
[2022-02-19 11:45:00,173] {standard_task_runner.py:76} INFO - Running: ['***', 'tasks', 'run', 'Question3_FHV', 'csv_to_parquet', 'scheduled__2019-03-02T06:00:00+00:00', '--job-id', '991', '--raw', '--subdir', 'DAGS_FOLDER/dag_questions3.py', '--cfg-path', '/tmp/tmprixwueaf', '--error-file', '/tmp/tmpj0v_l54e']
[2022-02-19 11:45:00,175] {standard_task_runner.py:77} INFO - Job 991: Subtask csv_to_parquet
[2022-02-19 11:45:00,354] {logging_mixin.py:109} INFO - Running <TaskInstance: Question3_FHV.csv_to_parquet scheduled__2019-03-02T06:00:00+00:00 [running]> on host f81f14254480
[2022-02-19 11:45:00,534] {warnings.py:110} WARNING - /home/***/.local/lib/python3.7/site-packages/***/utils/context.py:152: AirflowContextDeprecationWarning: Accessing 'execution_date' from the template is deprecated and will be removed in a future version. Please use 'data_interval_start' or 'logical_date' instead.
  warnings.warn(_create_deprecation_warning(key, self._deprecation_replacements[key]))

[2022-02-19 11:45:00,618] {taskinstance.py:1426} INFO - Exporting the following env vars:
AIRFLOW_CTX_DAG_OWNER=***
AIRFLOW_CTX_DAG_ID=Question3_FHV
AIRFLOW_CTX_TASK_ID=csv_to_parquet
AIRFLOW_CTX_EXECUTION_DATE=2019-03-02T06:00:00+00:00
AIRFLOW_CTX_DAG_RUN_ID=scheduled__2019-03-02T06:00:00+00:00
[2022-02-19 11:45:01,997] {python.py:175} INFO - Done. Returned value was: None
[2022-02-19 11:45:02,166] {taskinstance.py:1277} INFO - Marking task as SUCCESS. dag_id=Question3_FHV, task_id=csv_to_parquet, execution_date=20190302T060000, start_date=20220219T114500, end_date=20220219T114502
[2022-02-19 11:45:02,277] {local_task_job.py:154} INFO - Task exited with return code 0
[2022-02-19 11:45:02,396] {local_task_job.py:264} INFO - 1 downstream tasks scheduled from follow-on schedule check
