[2022-01-30 14:53:39,116] {taskinstance.py:1032} INFO - Dependencies all met for <TaskInstance: HomeWorkWeek2.csv_to_parquet scheduled__2020-03-02T06:00:00+00:00 [queued]>
[2022-01-30 14:53:39,173] {taskinstance.py:1032} INFO - Dependencies all met for <TaskInstance: HomeWorkWeek2.csv_to_parquet scheduled__2020-03-02T06:00:00+00:00 [queued]>
[2022-01-30 14:53:39,173] {taskinstance.py:1238} INFO - 
--------------------------------------------------------------------------------
[2022-01-30 14:53:39,174] {taskinstance.py:1239} INFO - Starting attempt 1 of 2
[2022-01-30 14:53:39,174] {taskinstance.py:1240} INFO - 
--------------------------------------------------------------------------------
[2022-01-30 14:53:39,226] {taskinstance.py:1259} INFO - Executing <Task(PythonOperator): csv_to_parquet> on 2020-03-02 06:00:00+00:00
[2022-01-30 14:53:39,236] {standard_task_runner.py:52} INFO - Started process 1125 to run task
[2022-01-30 14:53:39,258] {standard_task_runner.py:76} INFO - Running: ['***', 'tasks', 'run', 'HomeWorkWeek2', 'csv_to_parquet', 'scheduled__2020-03-02T06:00:00+00:00', '--job-id', '226', '--raw', '--subdir', 'DAGS_FOLDER/dag_questions1.py', '--cfg-path', '/tmp/tmp557rx9aa', '--error-file', '/tmp/tmp_skmxkl5']
[2022-01-30 14:53:39,261] {standard_task_runner.py:77} INFO - Job 226: Subtask csv_to_parquet
[2022-01-30 14:53:39,466] {logging_mixin.py:109} INFO - Running <TaskInstance: HomeWorkWeek2.csv_to_parquet scheduled__2020-03-02T06:00:00+00:00 [running]> on host 785c0c715caa
[2022-01-30 14:53:39,628] {warnings.py:110} WARNING - /home/***/.local/lib/python3.7/site-packages/***/utils/context.py:152: AirflowContextDeprecationWarning: Accessing 'execution_date' from the template is deprecated and will be removed in a future version. Please use 'data_interval_start' or 'logical_date' instead.
  warnings.warn(_create_deprecation_warning(key, self._deprecation_replacements[key]))

[2022-01-30 14:53:39,691] {taskinstance.py:1426} INFO - Exporting the following env vars:
AIRFLOW_CTX_DAG_OWNER=***
AIRFLOW_CTX_DAG_ID=HomeWorkWeek2
AIRFLOW_CTX_TASK_ID=csv_to_parquet
AIRFLOW_CTX_EXECUTION_DATE=2020-03-02T06:00:00+00:00
AIRFLOW_CTX_DAG_RUN_ID=scheduled__2020-03-02T06:00:00+00:00
[2022-01-30 14:53:50,117] {python.py:175} INFO - Done. Returned value was: None
[2022-01-30 14:53:50,290] {taskinstance.py:1277} INFO - Marking task as SUCCESS. dag_id=HomeWorkWeek2, task_id=csv_to_parquet, execution_date=20200302T060000, start_date=20220130T145339, end_date=20220130T145350
[2022-01-30 14:53:50,720] {local_task_job.py:154} INFO - Task exited with return code 0
[2022-01-30 14:53:51,357] {local_task_job.py:264} INFO - 1 downstream tasks scheduled from follow-on schedule check
