[2022-02-02 21:03:52,702] {taskinstance.py:1032} INFO - Dependencies all met for <TaskInstance: Question3_FHV.dowdata scheduled__2019-01-02T06:00:00+00:00 [queued]>
[2022-02-02 21:03:52,796] {taskinstance.py:1032} INFO - Dependencies all met for <TaskInstance: Question3_FHV.dowdata scheduled__2019-01-02T06:00:00+00:00 [queued]>
[2022-02-02 21:03:52,797] {taskinstance.py:1238} INFO - 
--------------------------------------------------------------------------------
[2022-02-02 21:03:52,797] {taskinstance.py:1239} INFO - Starting attempt 1 of 2
[2022-02-02 21:03:52,797] {taskinstance.py:1240} INFO - 
--------------------------------------------------------------------------------
[2022-02-02 21:03:52,862] {taskinstance.py:1259} INFO - Executing <Task(BashOperator): dowdata> on 2019-01-02 06:00:00+00:00
[2022-02-02 21:03:52,867] {standard_task_runner.py:52} INFO - Started process 155 to run task
[2022-02-02 21:03:52,876] {standard_task_runner.py:76} INFO - Running: ['***', 'tasks', 'run', 'Question3_FHV', 'dowdata', 'scheduled__2019-01-02T06:00:00+00:00', '--job-id', '312', '--raw', '--subdir', 'DAGS_FOLDER/dag_questions3.py', '--cfg-path', '/tmp/tmpaq4_p_iy', '--error-file', '/tmp/tmpofqa9pv4']
[2022-02-02 21:03:52,878] {standard_task_runner.py:77} INFO - Job 312: Subtask dowdata
[2022-02-02 21:03:53,188] {logging_mixin.py:109} INFO - Running <TaskInstance: Question3_FHV.dowdata scheduled__2019-01-02T06:00:00+00:00 [running]> on host d574c7c5b085
[2022-02-02 21:03:53,299] {warnings.py:110} WARNING - /home/***/.local/lib/python3.7/site-packages/***/utils/context.py:152: AirflowContextDeprecationWarning: Accessing 'execution_date' from the template is deprecated and will be removed in a future version. Please use 'data_interval_start' or 'logical_date' instead.
  warnings.warn(_create_deprecation_warning(key, self._deprecation_replacements[key]))

[2022-02-02 21:03:53,538] {taskinstance.py:1426} INFO - Exporting the following env vars:
AIRFLOW_CTX_DAG_OWNER=***
AIRFLOW_CTX_DAG_ID=Question3_FHV
AIRFLOW_CTX_TASK_ID=dowdata
AIRFLOW_CTX_EXECUTION_DATE=2019-01-02T06:00:00+00:00
AIRFLOW_CTX_DAG_RUN_ID=scheduled__2019-01-02T06:00:00+00:00
[2022-02-02 21:03:53,539] {subprocess.py:62} INFO - Tmp dir root location: 
 /tmp
[2022-02-02 21:03:53,540] {subprocess.py:74} INFO - Running command: ['bash', '-c', 'curl -sSLf https://nyc-tlc.s3.amazonaws.com/trip+data/fhv_tripdata_2019-01.csv > /opt/***output_fhv_2019-01.csv']
[2022-02-02 21:03:53,567] {subprocess.py:85} INFO - Output:
[2022-02-02 21:09:20,469] {subprocess.py:93} INFO - Command exited with return code 0
[2022-02-02 21:09:20,546] {taskinstance.py:1277} INFO - Marking task as SUCCESS. dag_id=Question3_FHV, task_id=dowdata, execution_date=20190102T060000, start_date=20220202T210352, end_date=20220202T210920
[2022-02-02 21:09:20,600] {local_task_job.py:154} INFO - Task exited with return code 0
[2022-02-02 21:09:20,705] {local_task_job.py:264} INFO - 1 downstream tasks scheduled from follow-on schedule check
