[2022-02-02 21:25:59,201] {taskinstance.py:1032} INFO - Dependencies all met for <TaskInstance: Question3_FHV.dowdata scheduled__2019-10-02T06:00:00+00:00 [queued]>
[2022-02-02 21:25:59,235] {taskinstance.py:1032} INFO - Dependencies all met for <TaskInstance: Question3_FHV.dowdata scheduled__2019-10-02T06:00:00+00:00 [queued]>
[2022-02-02 21:25:59,235] {taskinstance.py:1238} INFO - 
--------------------------------------------------------------------------------
[2022-02-02 21:25:59,235] {taskinstance.py:1239} INFO - Starting attempt 1 of 2
[2022-02-02 21:25:59,235] {taskinstance.py:1240} INFO - 
--------------------------------------------------------------------------------
[2022-02-02 21:25:59,272] {taskinstance.py:1259} INFO - Executing <Task(BashOperator): dowdata> on 2019-10-02 06:00:00+00:00
[2022-02-02 21:25:59,279] {standard_task_runner.py:52} INFO - Started process 1307 to run task
[2022-02-02 21:25:59,286] {standard_task_runner.py:76} INFO - Running: ['***', 'tasks', 'run', 'Question3_FHV', 'dowdata', 'scheduled__2019-10-02T06:00:00+00:00', '--job-id', '346', '--raw', '--subdir', 'DAGS_FOLDER/dag_questions3.py', '--cfg-path', '/tmp/tmpds6y4_qe', '--error-file', '/tmp/tmp65rivulz']
[2022-02-02 21:25:59,287] {standard_task_runner.py:77} INFO - Job 346: Subtask dowdata
[2022-02-02 21:25:59,458] {logging_mixin.py:109} INFO - Running <TaskInstance: Question3_FHV.dowdata scheduled__2019-10-02T06:00:00+00:00 [running]> on host d574c7c5b085
[2022-02-02 21:25:59,606] {warnings.py:110} WARNING - /home/***/.local/lib/python3.7/site-packages/***/utils/context.py:152: AirflowContextDeprecationWarning: Accessing 'execution_date' from the template is deprecated and will be removed in a future version. Please use 'data_interval_start' or 'logical_date' instead.
  warnings.warn(_create_deprecation_warning(key, self._deprecation_replacements[key]))

[2022-02-02 21:25:59,652] {taskinstance.py:1426} INFO - Exporting the following env vars:
AIRFLOW_CTX_DAG_OWNER=***
AIRFLOW_CTX_DAG_ID=Question3_FHV
AIRFLOW_CTX_TASK_ID=dowdata
AIRFLOW_CTX_EXECUTION_DATE=2019-10-02T06:00:00+00:00
AIRFLOW_CTX_DAG_RUN_ID=scheduled__2019-10-02T06:00:00+00:00
[2022-02-02 21:25:59,654] {subprocess.py:62} INFO - Tmp dir root location: 
 /tmp
[2022-02-02 21:25:59,655] {subprocess.py:74} INFO - Running command: ['bash', '-c', 'curl -sSLf https://nyc-tlc.s3.amazonaws.com/trip+data/fhv_tripdata_2019-10.csv > /opt/***output_fhv_2019-10.csv']
[2022-02-02 21:25:59,670] {subprocess.py:85} INFO - Output:
[2022-02-02 21:26:18,098] {subprocess.py:93} INFO - Command exited with return code 0
[2022-02-02 21:26:18,181] {taskinstance.py:1277} INFO - Marking task as SUCCESS. dag_id=Question3_FHV, task_id=dowdata, execution_date=20191002T060000, start_date=20220202T212559, end_date=20220202T212618
[2022-02-02 21:26:18,301] {local_task_job.py:154} INFO - Task exited with return code 0
[2022-02-02 21:26:18,425] {local_task_job.py:264} INFO - 1 downstream tasks scheduled from follow-on schedule check
[2022-02-09 11:41:52,760] {taskinstance.py:1032} INFO - Dependencies all met for <TaskInstance: Question3_FHV.dowdata scheduled__2019-10-02T06:00:00+00:00 [queued]>
[2022-02-09 11:41:52,806] {taskinstance.py:1032} INFO - Dependencies all met for <TaskInstance: Question3_FHV.dowdata scheduled__2019-10-02T06:00:00+00:00 [queued]>
[2022-02-09 11:41:52,807] {taskinstance.py:1238} INFO - 
--------------------------------------------------------------------------------
[2022-02-09 11:41:52,807] {taskinstance.py:1239} INFO - Starting attempt 1 of 2
[2022-02-09 11:41:52,807] {taskinstance.py:1240} INFO - 
--------------------------------------------------------------------------------
[2022-02-09 11:41:52,850] {taskinstance.py:1259} INFO - Executing <Task(BashOperator): dowdata> on 2019-10-02 06:00:00+00:00
[2022-02-09 11:41:52,862] {standard_task_runner.py:52} INFO - Started process 1008 to run task
[2022-02-09 11:41:52,868] {standard_task_runner.py:76} INFO - Running: ['***', 'tasks', 'run', 'Question3_FHV', 'dowdata', 'scheduled__2019-10-02T06:00:00+00:00', '--job-id', '417', '--raw', '--subdir', 'DAGS_FOLDER/dag_questions3.py', '--cfg-path', '/tmp/tmpa0tlf4ux', '--error-file', '/tmp/tmpv8vdjr0d']
[2022-02-09 11:41:52,870] {standard_task_runner.py:77} INFO - Job 417: Subtask dowdata
[2022-02-09 11:41:53,047] {logging_mixin.py:109} INFO - Running <TaskInstance: Question3_FHV.dowdata scheduled__2019-10-02T06:00:00+00:00 [running]> on host c5795c3f6004
[2022-02-09 11:41:53,187] {warnings.py:110} WARNING - /home/***/.local/lib/python3.7/site-packages/***/utils/context.py:152: AirflowContextDeprecationWarning: Accessing 'execution_date' from the template is deprecated and will be removed in a future version. Please use 'data_interval_start' or 'logical_date' instead.
  warnings.warn(_create_deprecation_warning(key, self._deprecation_replacements[key]))

[2022-02-09 11:41:53,241] {taskinstance.py:1426} INFO - Exporting the following env vars:
AIRFLOW_CTX_DAG_OWNER=***
AIRFLOW_CTX_DAG_ID=Question3_FHV
AIRFLOW_CTX_TASK_ID=dowdata
AIRFLOW_CTX_EXECUTION_DATE=2019-10-02T06:00:00+00:00
AIRFLOW_CTX_DAG_RUN_ID=scheduled__2019-10-02T06:00:00+00:00
[2022-02-09 11:41:53,243] {subprocess.py:62} INFO - Tmp dir root location: 
 /tmp
[2022-02-09 11:41:53,244] {subprocess.py:74} INFO - Running command: ['bash', '-c', 'curl -sSLf https://nyc-tlc.s3.amazonaws.com/trip+data/fhv_tripdata_2019-10.csv > /opt/***output_fhv_2019-10.csv']
[2022-02-09 11:41:53,261] {subprocess.py:85} INFO - Output:
[2022-02-09 11:42:59,530] {subprocess.py:93} INFO - Command exited with return code 0
[2022-02-09 11:42:59,607] {taskinstance.py:1277} INFO - Marking task as SUCCESS. dag_id=Question3_FHV, task_id=dowdata, execution_date=20191002T060000, start_date=20220209T114152, end_date=20220209T114259
[2022-02-09 11:42:59,683] {local_task_job.py:154} INFO - Task exited with return code 0
[2022-02-09 11:42:59,806] {local_task_job.py:264} INFO - 1 downstream tasks scheduled from follow-on schedule check
[2022-02-10 01:13:57,608] {taskinstance.py:1032} INFO - Dependencies all met for <TaskInstance: Question3_FHV.dowdata scheduled__2019-10-02T06:00:00+00:00 [queued]>
[2022-02-10 01:13:57,676] {taskinstance.py:1032} INFO - Dependencies all met for <TaskInstance: Question3_FHV.dowdata scheduled__2019-10-02T06:00:00+00:00 [queued]>
[2022-02-10 01:13:57,676] {taskinstance.py:1238} INFO - 
--------------------------------------------------------------------------------
[2022-02-10 01:13:57,676] {taskinstance.py:1239} INFO - Starting attempt 1 of 2
[2022-02-10 01:13:57,677] {taskinstance.py:1240} INFO - 
--------------------------------------------------------------------------------
[2022-02-10 01:13:57,719] {taskinstance.py:1259} INFO - Executing <Task(BashOperator): dowdata> on 2019-10-02 06:00:00+00:00
[2022-02-10 01:13:57,729] {standard_task_runner.py:52} INFO - Started process 7446 to run task
[2022-02-10 01:13:57,748] {standard_task_runner.py:76} INFO - Running: ['***', 'tasks', 'run', 'Question3_FHV', 'dowdata', 'scheduled__2019-10-02T06:00:00+00:00', '--job-id', '486', '--raw', '--subdir', 'DAGS_FOLDER/dag_questions3.py', '--cfg-path', '/tmp/tmptulak4of', '--error-file', '/tmp/tmpx97my7a8']
[2022-02-10 01:13:57,750] {standard_task_runner.py:77} INFO - Job 486: Subtask dowdata
[2022-02-10 01:13:58,148] {logging_mixin.py:109} INFO - Running <TaskInstance: Question3_FHV.dowdata scheduled__2019-10-02T06:00:00+00:00 [running]> on host 0fd4ea805f5e
[2022-02-10 01:13:58,555] {warnings.py:110} WARNING - /home/***/.local/lib/python3.7/site-packages/***/utils/context.py:152: AirflowContextDeprecationWarning: Accessing 'execution_date' from the template is deprecated and will be removed in a future version. Please use 'data_interval_start' or 'logical_date' instead.
  warnings.warn(_create_deprecation_warning(key, self._deprecation_replacements[key]))

[2022-02-10 01:13:58,759] {taskinstance.py:1426} INFO - Exporting the following env vars:
AIRFLOW_CTX_DAG_OWNER=***
AIRFLOW_CTX_DAG_ID=Question3_FHV
AIRFLOW_CTX_TASK_ID=dowdata
AIRFLOW_CTX_EXECUTION_DATE=2019-10-02T06:00:00+00:00
AIRFLOW_CTX_DAG_RUN_ID=scheduled__2019-10-02T06:00:00+00:00
[2022-02-10 01:13:58,762] {subprocess.py:62} INFO - Tmp dir root location: 
 /tmp
[2022-02-10 01:13:58,763] {subprocess.py:74} INFO - Running command: ['bash', '-c', 'curl -sSLf https://nyc-tlc.s3.amazonaws.com/trip+data/fhv_tripdata_2019-10.csv > /opt/***fhv_2019-10.csv']
[2022-02-10 01:13:58,781] {subprocess.py:85} INFO - Output:
[2022-02-10 01:14:11,735] {subprocess.py:93} INFO - Command exited with return code 0
[2022-02-10 01:14:12,012] {taskinstance.py:1277} INFO - Marking task as SUCCESS. dag_id=Question3_FHV, task_id=dowdata, execution_date=20191002T060000, start_date=20220210T011357, end_date=20220210T011412
[2022-02-10 01:14:12,069] {local_task_job.py:154} INFO - Task exited with return code 0
[2022-02-10 01:14:12,204] {local_task_job.py:264} INFO - 1 downstream tasks scheduled from follow-on schedule check
