[2022-02-02 21:17:20,519] {taskinstance.py:1032} INFO - Dependencies all met for <TaskInstance: Question3_FHV.halo scheduled__2019-05-02T06:00:00+00:00 [queued]>
[2022-02-02 21:17:20,564] {taskinstance.py:1032} INFO - Dependencies all met for <TaskInstance: Question3_FHV.halo scheduled__2019-05-02T06:00:00+00:00 [queued]>
[2022-02-02 21:17:20,564] {taskinstance.py:1238} INFO - 
--------------------------------------------------------------------------------
[2022-02-02 21:17:20,564] {taskinstance.py:1239} INFO - Starting attempt 1 of 2
[2022-02-02 21:17:20,564] {taskinstance.py:1240} INFO - 
--------------------------------------------------------------------------------
[2022-02-02 21:17:20,614] {taskinstance.py:1259} INFO - Executing <Task(PythonOperator): halo> on 2019-05-02 06:00:00+00:00
[2022-02-02 21:17:20,622] {standard_task_runner.py:52} INFO - Started process 865 to run task
[2022-02-02 21:17:20,629] {standard_task_runner.py:76} INFO - Running: ['***', 'tasks', 'run', 'Question3_FHV', 'halo', 'scheduled__2019-05-02T06:00:00+00:00', '--job-id', '331', '--raw', '--subdir', 'DAGS_FOLDER/dag_questions3.py', '--cfg-path', '/tmp/tmpzm49198j', '--error-file', '/tmp/tmpp6zg5lp0']
[2022-02-02 21:17:20,632] {standard_task_runner.py:77} INFO - Job 331: Subtask halo
[2022-02-02 21:17:20,800] {logging_mixin.py:109} INFO - Running <TaskInstance: Question3_FHV.halo scheduled__2019-05-02T06:00:00+00:00 [running]> on host d574c7c5b085
[2022-02-02 21:17:20,971] {taskinstance.py:1426} INFO - Exporting the following env vars:
AIRFLOW_CTX_DAG_OWNER=***
AIRFLOW_CTX_DAG_ID=Question3_FHV
AIRFLOW_CTX_TASK_ID=halo
AIRFLOW_CTX_EXECUTION_DATE=2019-05-02T06:00:00+00:00
AIRFLOW_CTX_DAG_RUN_ID=scheduled__2019-05-02T06:00:00+00:00
[2022-02-02 21:17:20,973] {logging_mixin.py:109} INFO - hello world!!
[2022-02-02 21:17:20,973] {python.py:175} INFO - Done. Returned value was: None
[2022-02-02 21:17:21,006] {taskinstance.py:1277} INFO - Marking task as SUCCESS. dag_id=Question3_FHV, task_id=halo, execution_date=20190502T060000, start_date=20220202T211720, end_date=20220202T211721
[2022-02-02 21:17:21,065] {local_task_job.py:154} INFO - Task exited with return code 0
[2022-02-02 21:17:21,170] {local_task_job.py:264} INFO - 0 downstream tasks scheduled from follow-on schedule check
[2022-02-09 11:34:20,233] {taskinstance.py:1032} INFO - Dependencies all met for <TaskInstance: Question3_FHV.halo scheduled__2019-05-02T06:00:00+00:00 [queued]>
[2022-02-09 11:34:20,284] {taskinstance.py:1032} INFO - Dependencies all met for <TaskInstance: Question3_FHV.halo scheduled__2019-05-02T06:00:00+00:00 [queued]>
[2022-02-09 11:34:20,285] {taskinstance.py:1238} INFO - 
--------------------------------------------------------------------------------
[2022-02-09 11:34:20,285] {taskinstance.py:1239} INFO - Starting attempt 1 of 2
[2022-02-09 11:34:20,286] {taskinstance.py:1240} INFO - 
--------------------------------------------------------------------------------
[2022-02-09 11:34:20,328] {taskinstance.py:1259} INFO - Executing <Task(PythonOperator): halo> on 2019-05-02 06:00:00+00:00
[2022-02-09 11:34:20,339] {standard_task_runner.py:52} INFO - Started process 615 to run task
[2022-02-09 11:34:20,347] {standard_task_runner.py:76} INFO - Running: ['***', 'tasks', 'run', 'Question3_FHV', 'halo', 'scheduled__2019-05-02T06:00:00+00:00', '--job-id', '403', '--raw', '--subdir', 'DAGS_FOLDER/dag_questions3.py', '--cfg-path', '/tmp/tmprzn9omjk', '--error-file', '/tmp/tmp8dm3u_hn']
[2022-02-09 11:34:20,350] {standard_task_runner.py:77} INFO - Job 403: Subtask halo
[2022-02-09 11:34:20,624] {logging_mixin.py:109} INFO - Running <TaskInstance: Question3_FHV.halo scheduled__2019-05-02T06:00:00+00:00 [running]> on host c5795c3f6004
[2022-02-09 11:34:21,014] {taskinstance.py:1426} INFO - Exporting the following env vars:
AIRFLOW_CTX_DAG_OWNER=***
AIRFLOW_CTX_DAG_ID=Question3_FHV
AIRFLOW_CTX_TASK_ID=halo
AIRFLOW_CTX_EXECUTION_DATE=2019-05-02T06:00:00+00:00
AIRFLOW_CTX_DAG_RUN_ID=scheduled__2019-05-02T06:00:00+00:00
[2022-02-09 11:34:21,017] {logging_mixin.py:109} INFO - hello world!!
[2022-02-09 11:34:21,017] {python.py:175} INFO - Done. Returned value was: None
[2022-02-09 11:34:21,370] {taskinstance.py:1277} INFO - Marking task as SUCCESS. dag_id=Question3_FHV, task_id=halo, execution_date=20190502T060000, start_date=20220209T113420, end_date=20220209T113421
[2022-02-09 11:34:21,449] {local_task_job.py:154} INFO - Task exited with return code 0
[2022-02-09 11:34:21,626] {local_task_job.py:264} INFO - 0 downstream tasks scheduled from follow-on schedule check
[2022-02-10 01:13:10,935] {taskinstance.py:1032} INFO - Dependencies all met for <TaskInstance: Question3_FHV.halo scheduled__2019-05-02T06:00:00+00:00 [queued]>
[2022-02-10 01:13:10,980] {taskinstance.py:1032} INFO - Dependencies all met for <TaskInstance: Question3_FHV.halo scheduled__2019-05-02T06:00:00+00:00 [queued]>
[2022-02-10 01:13:10,980] {taskinstance.py:1238} INFO - 
--------------------------------------------------------------------------------
[2022-02-10 01:13:10,981] {taskinstance.py:1239} INFO - Starting attempt 1 of 2
[2022-02-10 01:13:10,981] {taskinstance.py:1240} INFO - 
--------------------------------------------------------------------------------
[2022-02-10 01:13:11,017] {taskinstance.py:1259} INFO - Executing <Task(PythonOperator): halo> on 2019-05-02 06:00:00+00:00
[2022-02-10 01:13:11,024] {standard_task_runner.py:52} INFO - Started process 7374 to run task
[2022-02-10 01:13:11,030] {standard_task_runner.py:76} INFO - Running: ['***', 'tasks', 'run', 'Question3_FHV', 'halo', 'scheduled__2019-05-02T06:00:00+00:00', '--job-id', '478', '--raw', '--subdir', 'DAGS_FOLDER/dag_questions3.py', '--cfg-path', '/tmp/tmp8rn7364b', '--error-file', '/tmp/tmp53r341o5']
[2022-02-10 01:13:11,031] {standard_task_runner.py:77} INFO - Job 478: Subtask halo
[2022-02-10 01:13:11,205] {logging_mixin.py:109} INFO - Running <TaskInstance: Question3_FHV.halo scheduled__2019-05-02T06:00:00+00:00 [running]> on host 0fd4ea805f5e
[2022-02-10 01:13:11,464] {taskinstance.py:1426} INFO - Exporting the following env vars:
AIRFLOW_CTX_DAG_OWNER=***
AIRFLOW_CTX_DAG_ID=Question3_FHV
AIRFLOW_CTX_TASK_ID=halo
AIRFLOW_CTX_EXECUTION_DATE=2019-05-02T06:00:00+00:00
AIRFLOW_CTX_DAG_RUN_ID=scheduled__2019-05-02T06:00:00+00:00
[2022-02-10 01:13:11,465] {logging_mixin.py:109} INFO - hello world!!
[2022-02-10 01:13:11,466] {python.py:175} INFO - Done. Returned value was: None
[2022-02-10 01:13:11,524] {taskinstance.py:1277} INFO - Marking task as SUCCESS. dag_id=Question3_FHV, task_id=halo, execution_date=20190502T060000, start_date=20220210T011310, end_date=20220210T011311
[2022-02-10 01:13:11,586] {local_task_job.py:154} INFO - Task exited with return code 0
[2022-02-10 01:13:11,682] {local_task_job.py:264} INFO - 0 downstream tasks scheduled from follow-on schedule check
[2022-02-19 01:49:46,332] {taskinstance.py:1032} INFO - Dependencies all met for <TaskInstance: Question3_FHV.halo scheduled__2019-05-02T06:00:00+00:00 [queued]>
[2022-02-19 01:49:46,374] {taskinstance.py:1032} INFO - Dependencies all met for <TaskInstance: Question3_FHV.halo scheduled__2019-05-02T06:00:00+00:00 [queued]>
[2022-02-19 01:49:46,375] {taskinstance.py:1238} INFO - 
--------------------------------------------------------------------------------
[2022-02-19 01:49:46,376] {taskinstance.py:1239} INFO - Starting attempt 1 of 2
[2022-02-19 01:49:46,376] {taskinstance.py:1240} INFO - 
--------------------------------------------------------------------------------
[2022-02-19 01:49:46,434] {taskinstance.py:1259} INFO - Executing <Task(PythonOperator): halo> on 2019-05-02 06:00:00+00:00
[2022-02-19 01:49:46,446] {standard_task_runner.py:52} INFO - Started process 4019 to run task
[2022-02-19 01:49:46,458] {standard_task_runner.py:76} INFO - Running: ['***', 'tasks', 'run', 'Question3_FHV', 'halo', 'scheduled__2019-05-02T06:00:00+00:00', '--job-id', '635', '--raw', '--subdir', 'DAGS_FOLDER/dag_questions3.py', '--cfg-path', '/tmp/tmp0ocykyvh', '--error-file', '/tmp/tmpm7xs9ciw']
[2022-02-19 01:49:46,460] {standard_task_runner.py:77} INFO - Job 635: Subtask halo
[2022-02-19 01:49:46,651] {logging_mixin.py:109} INFO - Running <TaskInstance: Question3_FHV.halo scheduled__2019-05-02T06:00:00+00:00 [running]> on host 312f1fe573aa
[2022-02-19 01:49:46,838] {taskinstance.py:1426} INFO - Exporting the following env vars:
AIRFLOW_CTX_DAG_OWNER=***
AIRFLOW_CTX_DAG_ID=Question3_FHV
AIRFLOW_CTX_TASK_ID=halo
AIRFLOW_CTX_EXECUTION_DATE=2019-05-02T06:00:00+00:00
AIRFLOW_CTX_DAG_RUN_ID=scheduled__2019-05-02T06:00:00+00:00
[2022-02-19 01:49:46,840] {logging_mixin.py:109} INFO - hello world!!
[2022-02-19 01:49:46,840] {python.py:175} INFO - Done. Returned value was: None
[2022-02-19 01:49:46,876] {taskinstance.py:1277} INFO - Marking task as SUCCESS. dag_id=Question3_FHV, task_id=halo, execution_date=20190502T060000, start_date=20220219T014946, end_date=20220219T014946
[2022-02-19 01:49:46,962] {local_task_job.py:154} INFO - Task exited with return code 0
[2022-02-19 01:49:47,068] {local_task_job.py:264} INFO - 0 downstream tasks scheduled from follow-on schedule check
[2022-02-19 11:49:14,388] {taskinstance.py:1032} INFO - Dependencies all met for <TaskInstance: Question3_FHV.halo scheduled__2019-05-02T06:00:00+00:00 [queued]>
[2022-02-19 11:49:14,465] {taskinstance.py:1032} INFO - Dependencies all met for <TaskInstance: Question3_FHV.halo scheduled__2019-05-02T06:00:00+00:00 [queued]>
[2022-02-19 11:49:14,465] {taskinstance.py:1238} INFO - 
--------------------------------------------------------------------------------
[2022-02-19 11:49:14,465] {taskinstance.py:1239} INFO - Starting attempt 1 of 2
[2022-02-19 11:49:14,466] {taskinstance.py:1240} INFO - 
--------------------------------------------------------------------------------
[2022-02-19 11:49:14,559] {taskinstance.py:1259} INFO - Executing <Task(PythonOperator): halo> on 2019-05-02 06:00:00+00:00
[2022-02-19 11:49:14,579] {standard_task_runner.py:52} INFO - Started process 4862 to run task
[2022-02-19 11:49:14,593] {standard_task_runner.py:76} INFO - Running: ['***', 'tasks', 'run', 'Question3_FHV', 'halo', 'scheduled__2019-05-02T06:00:00+00:00', '--job-id', '1005', '--raw', '--subdir', 'DAGS_FOLDER/dag_questions3.py', '--cfg-path', '/tmp/tmp1zghvekm', '--error-file', '/tmp/tmpaodrcj3s']
[2022-02-19 11:49:14,595] {standard_task_runner.py:77} INFO - Job 1005: Subtask halo
[2022-02-19 11:49:14,860] {logging_mixin.py:109} INFO - Running <TaskInstance: Question3_FHV.halo scheduled__2019-05-02T06:00:00+00:00 [running]> on host f81f14254480
[2022-02-19 11:49:15,140] {taskinstance.py:1426} INFO - Exporting the following env vars:
AIRFLOW_CTX_DAG_OWNER=***
AIRFLOW_CTX_DAG_ID=Question3_FHV
AIRFLOW_CTX_TASK_ID=halo
AIRFLOW_CTX_EXECUTION_DATE=2019-05-02T06:00:00+00:00
AIRFLOW_CTX_DAG_RUN_ID=scheduled__2019-05-02T06:00:00+00:00
[2022-02-19 11:49:15,142] {logging_mixin.py:109} INFO - hello world!!
[2022-02-19 11:49:15,143] {python.py:175} INFO - Done. Returned value was: None
[2022-02-19 11:49:15,216] {taskinstance.py:1277} INFO - Marking task as SUCCESS. dag_id=Question3_FHV, task_id=halo, execution_date=20190502T060000, start_date=20220219T114914, end_date=20220219T114915
[2022-02-19 11:49:15,323] {local_task_job.py:154} INFO - Task exited with return code 0
[2022-02-19 11:49:15,440] {local_task_job.py:264} INFO - 0 downstream tasks scheduled from follow-on schedule check
