[2022-02-02 21:25:42,917] {taskinstance.py:1032} INFO - Dependencies all met for <TaskInstance: Question3_FHV.halo scheduled__2019-08-02T06:00:00+00:00 [queued]>
[2022-02-02 21:25:42,958] {taskinstance.py:1032} INFO - Dependencies all met for <TaskInstance: Question3_FHV.halo scheduled__2019-08-02T06:00:00+00:00 [queued]>
[2022-02-02 21:25:42,959] {taskinstance.py:1238} INFO - 
--------------------------------------------------------------------------------
[2022-02-02 21:25:42,959] {taskinstance.py:1239} INFO - Starting attempt 1 of 2
[2022-02-02 21:25:42,959] {taskinstance.py:1240} INFO - 
--------------------------------------------------------------------------------
[2022-02-02 21:25:42,995] {taskinstance.py:1259} INFO - Executing <Task(PythonOperator): halo> on 2019-08-02 06:00:00+00:00
[2022-02-02 21:25:43,001] {standard_task_runner.py:52} INFO - Started process 1287 to run task
[2022-02-02 21:25:43,007] {standard_task_runner.py:76} INFO - Running: ['***', 'tasks', 'run', 'Question3_FHV', 'halo', 'scheduled__2019-08-02T06:00:00+00:00', '--job-id', '343', '--raw', '--subdir', 'DAGS_FOLDER/dag_questions3.py', '--cfg-path', '/tmp/tmprk70k908', '--error-file', '/tmp/tmp9e6l_ma5']
[2022-02-02 21:25:43,009] {standard_task_runner.py:77} INFO - Job 343: Subtask halo
[2022-02-02 21:25:43,175] {logging_mixin.py:109} INFO - Running <TaskInstance: Question3_FHV.halo scheduled__2019-08-02T06:00:00+00:00 [running]> on host d574c7c5b085
[2022-02-02 21:25:43,395] {taskinstance.py:1426} INFO - Exporting the following env vars:
AIRFLOW_CTX_DAG_OWNER=***
AIRFLOW_CTX_DAG_ID=Question3_FHV
AIRFLOW_CTX_TASK_ID=halo
AIRFLOW_CTX_EXECUTION_DATE=2019-08-02T06:00:00+00:00
AIRFLOW_CTX_DAG_RUN_ID=scheduled__2019-08-02T06:00:00+00:00
[2022-02-02 21:25:43,397] {logging_mixin.py:109} INFO - hello world!!
[2022-02-02 21:25:43,398] {python.py:175} INFO - Done. Returned value was: None
[2022-02-02 21:25:43,435] {taskinstance.py:1277} INFO - Marking task as SUCCESS. dag_id=Question3_FHV, task_id=halo, execution_date=20190802T060000, start_date=20220202T212542, end_date=20220202T212543
[2022-02-02 21:25:43,517] {local_task_job.py:154} INFO - Task exited with return code 0
[2022-02-02 21:25:43,595] {local_task_job.py:264} INFO - 0 downstream tasks scheduled from follow-on schedule check
[2022-02-09 11:40:04,240] {taskinstance.py:1032} INFO - Dependencies all met for <TaskInstance: Question3_FHV.halo scheduled__2019-08-02T06:00:00+00:00 [queued]>
[2022-02-09 11:40:04,284] {taskinstance.py:1032} INFO - Dependencies all met for <TaskInstance: Question3_FHV.halo scheduled__2019-08-02T06:00:00+00:00 [queued]>
[2022-02-09 11:40:04,285] {taskinstance.py:1238} INFO - 
--------------------------------------------------------------------------------
[2022-02-09 11:40:04,286] {taskinstance.py:1239} INFO - Starting attempt 1 of 2
[2022-02-09 11:40:04,286] {taskinstance.py:1240} INFO - 
--------------------------------------------------------------------------------
[2022-02-09 11:40:04,336] {taskinstance.py:1259} INFO - Executing <Task(PythonOperator): halo> on 2019-08-02 06:00:00+00:00
[2022-02-09 11:40:04,344] {standard_task_runner.py:52} INFO - Started process 906 to run task
[2022-02-09 11:40:04,351] {standard_task_runner.py:76} INFO - Running: ['***', 'tasks', 'run', 'Question3_FHV', 'halo', 'scheduled__2019-08-02T06:00:00+00:00', '--job-id', '412', '--raw', '--subdir', 'DAGS_FOLDER/dag_questions3.py', '--cfg-path', '/tmp/tmpnp0_xge8', '--error-file', '/tmp/tmp3iy4jtve']
[2022-02-09 11:40:04,356] {standard_task_runner.py:77} INFO - Job 412: Subtask halo
[2022-02-09 11:40:04,586] {logging_mixin.py:109} INFO - Running <TaskInstance: Question3_FHV.halo scheduled__2019-08-02T06:00:00+00:00 [running]> on host c5795c3f6004
[2022-02-09 11:40:04,774] {taskinstance.py:1426} INFO - Exporting the following env vars:
AIRFLOW_CTX_DAG_OWNER=***
AIRFLOW_CTX_DAG_ID=Question3_FHV
AIRFLOW_CTX_TASK_ID=halo
AIRFLOW_CTX_EXECUTION_DATE=2019-08-02T06:00:00+00:00
AIRFLOW_CTX_DAG_RUN_ID=scheduled__2019-08-02T06:00:00+00:00
[2022-02-09 11:40:04,776] {logging_mixin.py:109} INFO - hello world!!
[2022-02-09 11:40:04,776] {python.py:175} INFO - Done. Returned value was: None
[2022-02-09 11:40:04,817] {taskinstance.py:1277} INFO - Marking task as SUCCESS. dag_id=Question3_FHV, task_id=halo, execution_date=20190802T060000, start_date=20220209T114004, end_date=20220209T114004
[2022-02-09 11:40:04,902] {local_task_job.py:154} INFO - Task exited with return code 0
[2022-02-09 11:40:05,161] {local_task_job.py:264} INFO - 0 downstream tasks scheduled from follow-on schedule check
[2022-02-10 01:15:02,530] {taskinstance.py:1032} INFO - Dependencies all met for <TaskInstance: Question3_FHV.halo scheduled__2019-08-02T06:00:00+00:00 [queued]>
[2022-02-10 01:15:02,591] {taskinstance.py:1032} INFO - Dependencies all met for <TaskInstance: Question3_FHV.halo scheduled__2019-08-02T06:00:00+00:00 [queued]>
[2022-02-10 01:15:02,592] {taskinstance.py:1238} INFO - 
--------------------------------------------------------------------------------
[2022-02-10 01:15:02,592] {taskinstance.py:1239} INFO - Starting attempt 1 of 2
[2022-02-10 01:15:02,594] {taskinstance.py:1240} INFO - 
--------------------------------------------------------------------------------
[2022-02-10 01:15:02,695] {taskinstance.py:1259} INFO - Executing <Task(PythonOperator): halo> on 2019-08-02 06:00:00+00:00
[2022-02-10 01:15:02,701] {standard_task_runner.py:52} INFO - Started process 7524 to run task
[2022-02-10 01:15:02,708] {standard_task_runner.py:76} INFO - Running: ['***', 'tasks', 'run', 'Question3_FHV', 'halo', 'scheduled__2019-08-02T06:00:00+00:00', '--job-id', '492', '--raw', '--subdir', 'DAGS_FOLDER/dag_questions3.py', '--cfg-path', '/tmp/tmpn70u7e8d', '--error-file', '/tmp/tmp3hdus6ym']
[2022-02-10 01:15:02,717] {standard_task_runner.py:77} INFO - Job 492: Subtask halo
[2022-02-10 01:15:03,031] {logging_mixin.py:109} INFO - Running <TaskInstance: Question3_FHV.halo scheduled__2019-08-02T06:00:00+00:00 [running]> on host 0fd4ea805f5e
[2022-02-10 01:15:03,213] {taskinstance.py:1426} INFO - Exporting the following env vars:
AIRFLOW_CTX_DAG_OWNER=***
AIRFLOW_CTX_DAG_ID=Question3_FHV
AIRFLOW_CTX_TASK_ID=halo
AIRFLOW_CTX_EXECUTION_DATE=2019-08-02T06:00:00+00:00
AIRFLOW_CTX_DAG_RUN_ID=scheduled__2019-08-02T06:00:00+00:00
[2022-02-10 01:15:03,215] {logging_mixin.py:109} INFO - hello world!!
[2022-02-10 01:15:03,215] {python.py:175} INFO - Done. Returned value was: None
[2022-02-10 01:15:03,251] {taskinstance.py:1277} INFO - Marking task as SUCCESS. dag_id=Question3_FHV, task_id=halo, execution_date=20190802T060000, start_date=20220210T011502, end_date=20220210T011503
[2022-02-10 01:15:03,331] {local_task_job.py:154} INFO - Task exited with return code 0
[2022-02-10 01:15:03,430] {local_task_job.py:264} INFO - 0 downstream tasks scheduled from follow-on schedule check
[2022-02-19 01:52:51,868] {taskinstance.py:1032} INFO - Dependencies all met for <TaskInstance: Question3_FHV.halo scheduled__2019-08-02T06:00:00+00:00 [queued]>
[2022-02-19 01:52:51,929] {taskinstance.py:1032} INFO - Dependencies all met for <TaskInstance: Question3_FHV.halo scheduled__2019-08-02T06:00:00+00:00 [queued]>
[2022-02-19 01:52:51,929] {taskinstance.py:1238} INFO - 
--------------------------------------------------------------------------------
[2022-02-19 01:52:51,929] {taskinstance.py:1239} INFO - Starting attempt 1 of 2
[2022-02-19 01:52:51,930] {taskinstance.py:1240} INFO - 
--------------------------------------------------------------------------------
[2022-02-19 01:52:51,983] {taskinstance.py:1259} INFO - Executing <Task(PythonOperator): halo> on 2019-08-02 06:00:00+00:00
[2022-02-19 01:52:51,991] {standard_task_runner.py:52} INFO - Started process 4209 to run task
[2022-02-19 01:52:51,997] {standard_task_runner.py:76} INFO - Running: ['***', 'tasks', 'run', 'Question3_FHV', 'halo', 'scheduled__2019-08-02T06:00:00+00:00', '--job-id', '647', '--raw', '--subdir', 'DAGS_FOLDER/dag_questions3.py', '--cfg-path', '/tmp/tmpt31a_iu6', '--error-file', '/tmp/tmpz6foylkm']
[2022-02-19 01:52:52,000] {standard_task_runner.py:77} INFO - Job 647: Subtask halo
[2022-02-19 01:52:52,189] {logging_mixin.py:109} INFO - Running <TaskInstance: Question3_FHV.halo scheduled__2019-08-02T06:00:00+00:00 [running]> on host 312f1fe573aa
[2022-02-19 01:52:52,366] {taskinstance.py:1426} INFO - Exporting the following env vars:
AIRFLOW_CTX_DAG_OWNER=***
AIRFLOW_CTX_DAG_ID=Question3_FHV
AIRFLOW_CTX_TASK_ID=halo
AIRFLOW_CTX_EXECUTION_DATE=2019-08-02T06:00:00+00:00
AIRFLOW_CTX_DAG_RUN_ID=scheduled__2019-08-02T06:00:00+00:00
[2022-02-19 01:52:52,367] {logging_mixin.py:109} INFO - hello world!!
[2022-02-19 01:52:52,367] {python.py:175} INFO - Done. Returned value was: None
[2022-02-19 01:52:52,403] {taskinstance.py:1277} INFO - Marking task as SUCCESS. dag_id=Question3_FHV, task_id=halo, execution_date=20190802T060000, start_date=20220219T015251, end_date=20220219T015252
[2022-02-19 01:52:52,457] {local_task_job.py:154} INFO - Task exited with return code 0
[2022-02-19 01:52:52,555] {local_task_job.py:264} INFO - 0 downstream tasks scheduled from follow-on schedule check
[2022-02-19 11:52:23,199] {taskinstance.py:1032} INFO - Dependencies all met for <TaskInstance: Question3_FHV.halo scheduled__2019-08-02T06:00:00+00:00 [queued]>
[2022-02-19 11:52:23,255] {taskinstance.py:1032} INFO - Dependencies all met for <TaskInstance: Question3_FHV.halo scheduled__2019-08-02T06:00:00+00:00 [queued]>
[2022-02-19 11:52:23,256] {taskinstance.py:1238} INFO - 
--------------------------------------------------------------------------------
[2022-02-19 11:52:23,256] {taskinstance.py:1239} INFO - Starting attempt 1 of 2
[2022-02-19 11:52:23,256] {taskinstance.py:1240} INFO - 
--------------------------------------------------------------------------------
[2022-02-19 11:52:23,306] {taskinstance.py:1259} INFO - Executing <Task(PythonOperator): halo> on 2019-08-02 06:00:00+00:00
[2022-02-19 11:52:23,315] {standard_task_runner.py:52} INFO - Started process 5054 to run task
[2022-02-19 11:52:23,324] {standard_task_runner.py:76} INFO - Running: ['***', 'tasks', 'run', 'Question3_FHV', 'halo', 'scheduled__2019-08-02T06:00:00+00:00', '--job-id', '1017', '--raw', '--subdir', 'DAGS_FOLDER/dag_questions3.py', '--cfg-path', '/tmp/tmpcbze5y9m', '--error-file', '/tmp/tmp58_tekdd']
[2022-02-19 11:52:23,326] {standard_task_runner.py:77} INFO - Job 1017: Subtask halo
[2022-02-19 11:52:23,611] {logging_mixin.py:109} INFO - Running <TaskInstance: Question3_FHV.halo scheduled__2019-08-02T06:00:00+00:00 [running]> on host f81f14254480
[2022-02-19 11:52:23,884] {taskinstance.py:1426} INFO - Exporting the following env vars:
AIRFLOW_CTX_DAG_OWNER=***
AIRFLOW_CTX_DAG_ID=Question3_FHV
AIRFLOW_CTX_TASK_ID=halo
AIRFLOW_CTX_EXECUTION_DATE=2019-08-02T06:00:00+00:00
AIRFLOW_CTX_DAG_RUN_ID=scheduled__2019-08-02T06:00:00+00:00
[2022-02-19 11:52:23,887] {logging_mixin.py:109} INFO - hello world!!
[2022-02-19 11:52:23,888] {python.py:175} INFO - Done. Returned value was: None
[2022-02-19 11:52:23,929] {taskinstance.py:1277} INFO - Marking task as SUCCESS. dag_id=Question3_FHV, task_id=halo, execution_date=20190802T060000, start_date=20220219T115223, end_date=20220219T115223
[2022-02-19 11:52:24,014] {local_task_job.py:154} INFO - Task exited with return code 0
[2022-02-19 11:52:24,117] {local_task_job.py:264} INFO - 0 downstream tasks scheduled from follow-on schedule check
