[2022-01-30 13:02:06,483] {taskinstance.py:1032} INFO - Dependencies all met for <TaskInstance: HomeWorkWeek2.halo scheduled__2019-10-02T06:00:00+00:00 [queued]>
[2022-01-30 13:02:06,563] {taskinstance.py:1032} INFO - Dependencies all met for <TaskInstance: HomeWorkWeek2.halo scheduled__2019-10-02T06:00:00+00:00 [queued]>
[2022-01-30 13:02:06,564] {taskinstance.py:1238} INFO - 
--------------------------------------------------------------------------------
[2022-01-30 13:02:06,564] {taskinstance.py:1239} INFO - Starting attempt 1 of 2
[2022-01-30 13:02:06,564] {taskinstance.py:1240} INFO - 
--------------------------------------------------------------------------------
[2022-01-30 13:02:06,630] {taskinstance.py:1259} INFO - Executing <Task(PythonOperator): halo> on 2019-10-02 06:00:00+00:00
[2022-01-30 13:02:06,642] {standard_task_runner.py:52} INFO - Started process 2592 to run task
[2022-01-30 13:02:06,664] {standard_task_runner.py:76} INFO - Running: ['***', 'tasks', 'run', 'HomeWorkWeek2', 'halo', 'scheduled__2019-10-02T06:00:00+00:00', '--job-id', '124', '--raw', '--subdir', 'DAGS_FOLDER/dag_questions1.py', '--cfg-path', '/tmp/tmpb4sw9l2h', '--error-file', '/tmp/tmpcmrcgecp']
[2022-01-30 13:02:06,672] {standard_task_runner.py:77} INFO - Job 124: Subtask halo
[2022-01-30 13:02:06,900] {logging_mixin.py:109} INFO - Running <TaskInstance: HomeWorkWeek2.halo scheduled__2019-10-02T06:00:00+00:00 [running]> on host 4b3b8c5e49b1
[2022-01-30 13:02:07,197] {taskinstance.py:1426} INFO - Exporting the following env vars:
AIRFLOW_CTX_DAG_OWNER=***
AIRFLOW_CTX_DAG_ID=HomeWorkWeek2
AIRFLOW_CTX_TASK_ID=halo
AIRFLOW_CTX_EXECUTION_DATE=2019-10-02T06:00:00+00:00
AIRFLOW_CTX_DAG_RUN_ID=scheduled__2019-10-02T06:00:00+00:00
[2022-01-30 13:02:07,199] {logging_mixin.py:109} INFO - helloworld
[2022-01-30 13:02:07,200] {python.py:175} INFO - Done. Returned value was: None
[2022-01-30 13:02:07,265] {taskinstance.py:1277} INFO - Marking task as SUCCESS. dag_id=HomeWorkWeek2, task_id=halo, execution_date=20191002T060000, start_date=20220130T130206, end_date=20220130T130207
[2022-01-30 13:02:07,468] {local_task_job.py:154} INFO - Task exited with return code 0
[2022-01-30 13:02:07,800] {local_task_job.py:264} INFO - 0 downstream tasks scheduled from follow-on schedule check
[2022-01-30 14:50:20,181] {taskinstance.py:1032} INFO - Dependencies all met for <TaskInstance: HomeWorkWeek2.halo scheduled__2019-10-02T06:00:00+00:00 [queued]>
[2022-01-30 14:50:20,244] {taskinstance.py:1032} INFO - Dependencies all met for <TaskInstance: HomeWorkWeek2.halo scheduled__2019-10-02T06:00:00+00:00 [queued]>
[2022-01-30 14:50:20,244] {taskinstance.py:1238} INFO - 
--------------------------------------------------------------------------------
[2022-01-30 14:50:20,244] {taskinstance.py:1239} INFO - Starting attempt 1 of 2
[2022-01-30 14:50:20,245] {taskinstance.py:1240} INFO - 
--------------------------------------------------------------------------------
[2022-01-30 14:50:20,281] {taskinstance.py:1259} INFO - Executing <Task(PythonOperator): halo> on 2019-10-02 06:00:00+00:00
[2022-01-30 14:50:20,292] {standard_task_runner.py:52} INFO - Started process 876 to run task
[2022-01-30 14:50:20,300] {standard_task_runner.py:76} INFO - Running: ['***', 'tasks', 'run', 'HomeWorkWeek2', 'halo', 'scheduled__2019-10-02T06:00:00+00:00', '--job-id', '212', '--raw', '--subdir', 'DAGS_FOLDER/dag_questions1.py', '--cfg-path', '/tmp/tmps0etv6fq', '--error-file', '/tmp/tmp006afxli']
[2022-01-30 14:50:20,301] {standard_task_runner.py:77} INFO - Job 212: Subtask halo
[2022-01-30 14:50:20,524] {logging_mixin.py:109} INFO - Running <TaskInstance: HomeWorkWeek2.halo scheduled__2019-10-02T06:00:00+00:00 [running]> on host 785c0c715caa
[2022-01-30 14:50:20,762] {taskinstance.py:1426} INFO - Exporting the following env vars:
AIRFLOW_CTX_DAG_OWNER=***
AIRFLOW_CTX_DAG_ID=HomeWorkWeek2
AIRFLOW_CTX_TASK_ID=halo
AIRFLOW_CTX_EXECUTION_DATE=2019-10-02T06:00:00+00:00
AIRFLOW_CTX_DAG_RUN_ID=scheduled__2019-10-02T06:00:00+00:00
[2022-01-30 14:50:20,764] {logging_mixin.py:109} INFO - hello world!!
[2022-01-30 14:50:20,764] {python.py:175} INFO - Done. Returned value was: None
[2022-01-30 14:50:20,803] {taskinstance.py:1277} INFO - Marking task as SUCCESS. dag_id=HomeWorkWeek2, task_id=halo, execution_date=20191002T060000, start_date=20220130T145020, end_date=20220130T145020
[2022-01-30 14:50:20,883] {local_task_job.py:154} INFO - Task exited with return code 0
[2022-01-30 14:50:21,036] {local_task_job.py:264} INFO - 0 downstream tasks scheduled from follow-on schedule check
[2022-02-19 01:21:35,569] {taskinstance.py:1032} INFO - Dependencies all met for <TaskInstance: HomeWorkWeek2.halo scheduled__2019-10-02T06:00:00+00:00 [queued]>
[2022-02-19 01:21:35,617] {taskinstance.py:1032} INFO - Dependencies all met for <TaskInstance: HomeWorkWeek2.halo scheduled__2019-10-02T06:00:00+00:00 [queued]>
[2022-02-19 01:21:35,618] {taskinstance.py:1238} INFO - 
--------------------------------------------------------------------------------
[2022-02-19 01:21:35,618] {taskinstance.py:1239} INFO - Starting attempt 1 of 2
[2022-02-19 01:21:35,618] {taskinstance.py:1240} INFO - 
--------------------------------------------------------------------------------
[2022-02-19 01:21:35,665] {taskinstance.py:1259} INFO - Executing <Task(PythonOperator): halo> on 2019-10-02 06:00:00+00:00
[2022-02-19 01:21:35,672] {standard_task_runner.py:52} INFO - Started process 2470 to run task
[2022-02-19 01:21:35,677] {standard_task_runner.py:76} INFO - Running: ['***', 'tasks', 'run', 'HomeWorkWeek2', 'halo', 'scheduled__2019-10-02T06:00:00+00:00', '--job-id', '563', '--raw', '--subdir', 'DAGS_FOLDER/dag_questions1.py', '--cfg-path', '/tmp/tmpfwfbgpff', '--error-file', '/tmp/tmpkr15dni0']
[2022-02-19 01:21:35,679] {standard_task_runner.py:77} INFO - Job 563: Subtask halo
[2022-02-19 01:21:35,874] {logging_mixin.py:109} INFO - Running <TaskInstance: HomeWorkWeek2.halo scheduled__2019-10-02T06:00:00+00:00 [running]> on host 312f1fe573aa
[2022-02-19 01:21:36,101] {taskinstance.py:1426} INFO - Exporting the following env vars:
AIRFLOW_CTX_DAG_OWNER=***
AIRFLOW_CTX_DAG_ID=HomeWorkWeek2
AIRFLOW_CTX_TASK_ID=halo
AIRFLOW_CTX_EXECUTION_DATE=2019-10-02T06:00:00+00:00
AIRFLOW_CTX_DAG_RUN_ID=scheduled__2019-10-02T06:00:00+00:00
[2022-02-19 01:21:36,103] {logging_mixin.py:109} INFO - hello world!!
[2022-02-19 01:21:36,103] {python.py:175} INFO - Done. Returned value was: None
[2022-02-19 01:21:36,193] {taskinstance.py:1277} INFO - Marking task as SUCCESS. dag_id=HomeWorkWeek2, task_id=halo, execution_date=20191002T060000, start_date=20220219T012135, end_date=20220219T012136
[2022-02-19 01:21:36,262] {local_task_job.py:154} INFO - Task exited with return code 0
[2022-02-19 01:21:36,383] {local_task_job.py:264} INFO - 0 downstream tasks scheduled from follow-on schedule check
