[2022-02-09 22:13:30,460] {taskinstance.py:1032} INFO - Dependencies all met for <TaskInstance: homework_week3.gcs_to_gcs_task manual__2022-02-09T22:13:26.872847+00:00 [queued]>
[2022-02-09 22:13:30,505] {taskinstance.py:1032} INFO - Dependencies all met for <TaskInstance: homework_week3.gcs_to_gcs_task manual__2022-02-09T22:13:26.872847+00:00 [queued]>
[2022-02-09 22:13:30,506] {taskinstance.py:1238} INFO - 
--------------------------------------------------------------------------------
[2022-02-09 22:13:30,506] {taskinstance.py:1239} INFO - Starting attempt 1 of 2
[2022-02-09 22:13:30,506] {taskinstance.py:1240} INFO - 
--------------------------------------------------------------------------------
[2022-02-09 22:13:30,564] {taskinstance.py:1259} INFO - Executing <Task(GCSToGCSOperator): gcs_to_gcs_task> on 2022-02-09 22:13:26.872847+00:00
[2022-02-09 22:13:30,570] {standard_task_runner.py:52} INFO - Started process 686 to run task
[2022-02-09 22:13:30,575] {standard_task_runner.py:76} INFO - Running: ['***', 'tasks', 'run', 'homework_week3', 'gcs_to_gcs_task', 'manual__2022-02-09T22:13:26.872847+00:00', '--job-id', '446', '--raw', '--subdir', 'DAGS_FOLDER/homework_week3_dag.py', '--cfg-path', '/tmp/tmpr02xyiu0', '--error-file', '/tmp/tmpbwsy9vv0']
[2022-02-09 22:13:30,577] {standard_task_runner.py:77} INFO - Job 446: Subtask gcs_to_gcs_task
[2022-02-09 22:13:30,721] {logging_mixin.py:109} INFO - Running <TaskInstance: homework_week3.gcs_to_gcs_task manual__2022-02-09T22:13:26.872847+00:00 [running]> on host c5b6394ce4c6
[2022-02-09 22:13:30,837] {warnings.py:110} WARNING - /home/***/.local/lib/python3.7/site-packages/***/utils/context.py:152: AirflowContextDeprecationWarning: Accessing 'execution_date' from the template is deprecated and will be removed in a future version. Please use 'data_interval_start' or 'logical_date' instead.
  warnings.warn(_create_deprecation_warning(key, self._deprecation_replacements[key]))

[2022-02-09 22:13:30,896] {taskinstance.py:1426} INFO - Exporting the following env vars:
AIRFLOW_CTX_DAG_OWNER=***
AIRFLOW_CTX_DAG_ID=homework_week3
AIRFLOW_CTX_TASK_ID=gcs_to_gcs_task
AIRFLOW_CTX_EXECUTION_DATE=2022-02-09T22:13:26.872847+00:00
AIRFLOW_CTX_DAG_RUN_ID=manual__2022-02-09T22:13:26.872847+00:00
[2022-02-09 22:13:30,899] {crypto.py:82} WARNING - empty cryptography key - values will not be stored encrypted.
[2022-02-09 22:13:31,343] {gcs_to_gcs.py:431} INFO - Executing copy of gs://dtc_data_lake_portfoliode-demo/raw/output_fhv_2019-02.parquet to gs://dtc_data_lake_portfoliode-demo/fhv_trips/output_fhv_2019-02.parquet
[2022-02-09 22:13:31,472] {gcs.py:251} INFO - Total Bytes: 16959886 | Bytes Written: 16959886
[2022-02-09 22:13:31,472] {gcs.py:264} INFO - Object raw/output_fhv_2019-02.parquet in bucket dtc_data_lake_portfoliode-demo rewritten to object fhv_trips/output_fhv_2019-02.parquet in bucket dtc_data_lake_portfoliode-demo
[2022-02-09 22:13:31,553] {gcs.py:645} INFO - Blob raw/output_fhv_2019-02.parquet deleted.
[2022-02-09 22:13:31,628] {taskinstance.py:1277} INFO - Marking task as SUCCESS. dag_id=homework_week3, task_id=gcs_to_gcs_task, execution_date=20220209T221326, start_date=20220209T221330, end_date=20220209T221331
[2022-02-09 22:13:31,794] {local_task_job.py:154} INFO - Task exited with return code 0
[2022-02-09 22:13:31,893] {local_task_job.py:264} INFO - 0 downstream tasks scheduled from follow-on schedule check
