[2022-02-09 22:15:26,583] {taskinstance.py:1032} INFO - Dependencies all met for <TaskInstance: homework_week3.gcs_to_gcs_task manual__2022-02-09T22:13:26.872847+00:00 [queued]>
[2022-02-09 22:15:26,621] {taskinstance.py:1032} INFO - Dependencies all met for <TaskInstance: homework_week3.gcs_to_gcs_task manual__2022-02-09T22:13:26.872847+00:00 [queued]>
[2022-02-09 22:15:26,622] {taskinstance.py:1238} INFO - 
--------------------------------------------------------------------------------
[2022-02-09 22:15:26,622] {taskinstance.py:1239} INFO - Starting attempt 2 of 3
[2022-02-09 22:15:26,622] {taskinstance.py:1240} INFO - 
--------------------------------------------------------------------------------
[2022-02-09 22:15:26,661] {taskinstance.py:1259} INFO - Executing <Task(GCSToGCSOperator): gcs_to_gcs_task> on 2022-02-09 22:13:26.872847+00:00
[2022-02-09 22:15:26,666] {standard_task_runner.py:52} INFO - Started process 771 to run task
[2022-02-09 22:15:26,671] {standard_task_runner.py:76} INFO - Running: ['***', 'tasks', 'run', 'homework_week3', 'gcs_to_gcs_task', 'manual__2022-02-09T22:13:26.872847+00:00', '--job-id', '447', '--raw', '--subdir', 'DAGS_FOLDER/homework_week3_dag.py', '--cfg-path', '/tmp/tmpbyjnymbh', '--error-file', '/tmp/tmp0v3x71fm']
[2022-02-09 22:15:26,672] {standard_task_runner.py:77} INFO - Job 447: Subtask gcs_to_gcs_task
[2022-02-09 22:15:26,796] {logging_mixin.py:109} INFO - Running <TaskInstance: homework_week3.gcs_to_gcs_task manual__2022-02-09T22:13:26.872847+00:00 [running]> on host c5b6394ce4c6
[2022-02-09 22:15:26,952] {taskinstance.py:1426} INFO - Exporting the following env vars:
AIRFLOW_CTX_DAG_OWNER=***
AIRFLOW_CTX_DAG_ID=homework_week3
AIRFLOW_CTX_TASK_ID=gcs_to_gcs_task
AIRFLOW_CTX_EXECUTION_DATE=2022-02-09T22:13:26.872847+00:00
AIRFLOW_CTX_DAG_RUN_ID=manual__2022-02-09T22:13:26.872847+00:00
[2022-02-09 22:15:26,957] {crypto.py:82} WARNING - empty cryptography key - values will not be stored encrypted.
[2022-02-09 22:15:26,957] {gcs_to_gcs.py:346} INFO - Delimiter ignored because wildcard is in prefix
[2022-02-09 22:15:27,397] {gcs_to_gcs.py:431} INFO - Executing copy of gs://dtc_data_lake_portfoliode-demo/raw/output_fhv_2019-01.parquet to gs://dtc_data_lake_portfoliode-demo/fhv_trips/output_fhv_2019-*01.parquet
[2022-02-09 22:15:27,522] {gcs.py:251} INFO - Total Bytes: 238946643 | Bytes Written: 238946643
[2022-02-09 22:15:27,522] {gcs.py:264} INFO - Object raw/output_fhv_2019-01.parquet in bucket dtc_data_lake_portfoliode-demo rewritten to object fhv_trips/output_fhv_2019-*01.parquet in bucket dtc_data_lake_portfoliode-demo
[2022-02-09 22:15:27,587] {gcs.py:645} INFO - Blob raw/output_fhv_2019-01.parquet deleted.
[2022-02-09 22:15:27,587] {gcs_to_gcs.py:431} INFO - Executing copy of gs://dtc_data_lake_portfoliode-demo/raw/output_fhv_2019-03.parquet to gs://dtc_data_lake_portfoliode-demo/fhv_trips/output_fhv_2019-*03.parquet
[2022-02-09 22:15:27,706] {gcs.py:251} INFO - Total Bytes: 13349597 | Bytes Written: 13349597
[2022-02-09 22:15:27,706] {gcs.py:264} INFO - Object raw/output_fhv_2019-03.parquet in bucket dtc_data_lake_portfoliode-demo rewritten to object fhv_trips/output_fhv_2019-*03.parquet in bucket dtc_data_lake_portfoliode-demo
[2022-02-09 22:15:27,757] {gcs.py:645} INFO - Blob raw/output_fhv_2019-03.parquet deleted.
[2022-02-09 22:15:27,757] {gcs_to_gcs.py:431} INFO - Executing copy of gs://dtc_data_lake_portfoliode-demo/raw/output_fhv_2019-04.parquet to gs://dtc_data_lake_portfoliode-demo/fhv_trips/output_fhv_2019-*04.parquet
[2022-02-09 22:15:27,866] {gcs.py:251} INFO - Total Bytes: 18528510 | Bytes Written: 18528510
[2022-02-09 22:15:27,867] {gcs.py:264} INFO - Object raw/output_fhv_2019-04.parquet in bucket dtc_data_lake_portfoliode-demo rewritten to object fhv_trips/output_fhv_2019-*04.parquet in bucket dtc_data_lake_portfoliode-demo
[2022-02-09 22:15:27,920] {gcs.py:645} INFO - Blob raw/output_fhv_2019-04.parquet deleted.
[2022-02-09 22:15:27,920] {gcs_to_gcs.py:431} INFO - Executing copy of gs://dtc_data_lake_portfoliode-demo/raw/output_fhv_2019-05.parquet to gs://dtc_data_lake_portfoliode-demo/fhv_trips/output_fhv_2019-*05.parquet
[2022-02-09 22:15:28,021] {gcs.py:251} INFO - Total Bytes: 19769506 | Bytes Written: 19769506
[2022-02-09 22:15:28,022] {gcs.py:264} INFO - Object raw/output_fhv_2019-05.parquet in bucket dtc_data_lake_portfoliode-demo rewritten to object fhv_trips/output_fhv_2019-*05.parquet in bucket dtc_data_lake_portfoliode-demo
[2022-02-09 22:15:28,072] {gcs.py:645} INFO - Blob raw/output_fhv_2019-05.parquet deleted.
[2022-02-09 22:15:28,072] {gcs_to_gcs.py:431} INFO - Executing copy of gs://dtc_data_lake_portfoliode-demo/raw/output_fhv_2019-06.parquet to gs://dtc_data_lake_portfoliode-demo/fhv_trips/output_fhv_2019-*06.parquet
[2022-02-09 22:15:28,176] {gcs.py:251} INFO - Total Bytes: 19197203 | Bytes Written: 19197203
[2022-02-09 22:15:28,176] {gcs.py:264} INFO - Object raw/output_fhv_2019-06.parquet in bucket dtc_data_lake_portfoliode-demo rewritten to object fhv_trips/output_fhv_2019-*06.parquet in bucket dtc_data_lake_portfoliode-demo
[2022-02-09 22:15:28,234] {gcs.py:645} INFO - Blob raw/output_fhv_2019-06.parquet deleted.
[2022-02-09 22:15:28,234] {gcs_to_gcs.py:431} INFO - Executing copy of gs://dtc_data_lake_portfoliode-demo/raw/output_fhv_2019-07.parquet to gs://dtc_data_lake_portfoliode-demo/fhv_trips/output_fhv_2019-*07.parquet
[2022-02-09 22:15:28,353] {gcs.py:251} INFO - Total Bytes: 18730038 | Bytes Written: 18730038
[2022-02-09 22:15:28,353] {gcs.py:264} INFO - Object raw/output_fhv_2019-07.parquet in bucket dtc_data_lake_portfoliode-demo rewritten to object fhv_trips/output_fhv_2019-*07.parquet in bucket dtc_data_lake_portfoliode-demo
[2022-02-09 22:15:28,416] {gcs.py:645} INFO - Blob raw/output_fhv_2019-07.parquet deleted.
[2022-02-09 22:15:28,417] {gcs_to_gcs.py:431} INFO - Executing copy of gs://dtc_data_lake_portfoliode-demo/raw/output_fhv_2019-08.parquet to gs://dtc_data_lake_portfoliode-demo/fhv_trips/output_fhv_2019-*08.parquet
[2022-02-09 22:15:28,534] {gcs.py:251} INFO - Total Bytes: 18445219 | Bytes Written: 18445219
[2022-02-09 22:15:28,535] {gcs.py:264} INFO - Object raw/output_fhv_2019-08.parquet in bucket dtc_data_lake_portfoliode-demo rewritten to object fhv_trips/output_fhv_2019-*08.parquet in bucket dtc_data_lake_portfoliode-demo
[2022-02-09 22:15:28,584] {gcs.py:645} INFO - Blob raw/output_fhv_2019-08.parquet deleted.
[2022-02-09 22:15:28,584] {gcs_to_gcs.py:431} INFO - Executing copy of gs://dtc_data_lake_portfoliode-demo/raw/output_fhv_2019-09.parquet to gs://dtc_data_lake_portfoliode-demo/fhv_trips/output_fhv_2019-*09.parquet
[2022-02-09 22:15:28,694] {gcs.py:251} INFO - Total Bytes: 11159146 | Bytes Written: 11159146
[2022-02-09 22:15:28,694] {gcs.py:264} INFO - Object raw/output_fhv_2019-09.parquet in bucket dtc_data_lake_portfoliode-demo rewritten to object fhv_trips/output_fhv_2019-*09.parquet in bucket dtc_data_lake_portfoliode-demo
[2022-02-09 22:15:28,745] {gcs.py:645} INFO - Blob raw/output_fhv_2019-09.parquet deleted.
[2022-02-09 22:15:28,745] {gcs_to_gcs.py:431} INFO - Executing copy of gs://dtc_data_lake_portfoliode-demo/raw/output_fhv_2019-10.parquet to gs://dtc_data_lake_portfoliode-demo/fhv_trips/output_fhv_2019-*10.parquet
[2022-02-09 22:15:28,840] {gcs.py:251} INFO - Total Bytes: 19225185 | Bytes Written: 19225185
[2022-02-09 22:15:28,841] {gcs.py:264} INFO - Object raw/output_fhv_2019-10.parquet in bucket dtc_data_lake_portfoliode-demo rewritten to object fhv_trips/output_fhv_2019-*10.parquet in bucket dtc_data_lake_portfoliode-demo
[2022-02-09 22:15:28,890] {gcs.py:645} INFO - Blob raw/output_fhv_2019-10.parquet deleted.
[2022-02-09 22:15:28,890] {gcs_to_gcs.py:431} INFO - Executing copy of gs://dtc_data_lake_portfoliode-demo/raw/output_fhv_2019-11.parquet to gs://dtc_data_lake_portfoliode-demo/fhv_trips/output_fhv_2019-*11.parquet
[2022-02-09 22:15:28,996] {gcs.py:251} INFO - Total Bytes: 17473492 | Bytes Written: 17473492
[2022-02-09 22:15:28,997] {gcs.py:264} INFO - Object raw/output_fhv_2019-11.parquet in bucket dtc_data_lake_portfoliode-demo rewritten to object fhv_trips/output_fhv_2019-*11.parquet in bucket dtc_data_lake_portfoliode-demo
[2022-02-09 22:15:29,054] {gcs.py:645} INFO - Blob raw/output_fhv_2019-11.parquet deleted.
[2022-02-09 22:15:29,055] {gcs_to_gcs.py:431} INFO - Executing copy of gs://dtc_data_lake_portfoliode-demo/raw/output_fhv_2019-12.parquet to gs://dtc_data_lake_portfoliode-demo/fhv_trips/output_fhv_2019-*12.parquet
[2022-02-09 22:15:29,179] {gcs.py:251} INFO - Total Bytes: 18961269 | Bytes Written: 18961269
[2022-02-09 22:15:29,179] {gcs.py:264} INFO - Object raw/output_fhv_2019-12.parquet in bucket dtc_data_lake_portfoliode-demo rewritten to object fhv_trips/output_fhv_2019-*12.parquet in bucket dtc_data_lake_portfoliode-demo
[2022-02-09 22:15:29,233] {gcs.py:645} INFO - Blob raw/output_fhv_2019-12.parquet deleted.
[2022-02-09 22:15:29,280] {taskinstance.py:1277} INFO - Marking task as SUCCESS. dag_id=homework_week3, task_id=gcs_to_gcs_task, execution_date=20220209T221326, start_date=20220209T221526, end_date=20220209T221529
[2022-02-09 22:15:29,375] {local_task_job.py:154} INFO - Task exited with return code 0
[2022-02-09 22:15:29,501] {local_task_job.py:264} INFO - 0 downstream tasks scheduled from follow-on schedule check
