[2022-02-09 22:17:50,920] {taskinstance.py:1032} INFO - Dependencies all met for <TaskInstance: homework_week3.gcs_to_gcs_task manual__2022-02-09T22:13:26.872847+00:00 [queued]>
[2022-02-09 22:17:50,960] {taskinstance.py:1032} INFO - Dependencies all met for <TaskInstance: homework_week3.gcs_to_gcs_task manual__2022-02-09T22:13:26.872847+00:00 [queued]>
[2022-02-09 22:17:50,960] {taskinstance.py:1238} INFO - 
--------------------------------------------------------------------------------
[2022-02-09 22:17:50,961] {taskinstance.py:1239} INFO - Starting attempt 3 of 4
[2022-02-09 22:17:50,961] {taskinstance.py:1240} INFO - 
--------------------------------------------------------------------------------
[2022-02-09 22:17:50,999] {taskinstance.py:1259} INFO - Executing <Task(GCSToGCSOperator): gcs_to_gcs_task> on 2022-02-09 22:13:26.872847+00:00
[2022-02-09 22:17:51,004] {standard_task_runner.py:52} INFO - Started process 880 to run task
[2022-02-09 22:17:51,010] {standard_task_runner.py:76} INFO - Running: ['***', 'tasks', 'run', 'homework_week3', 'gcs_to_gcs_task', 'manual__2022-02-09T22:13:26.872847+00:00', '--job-id', '448', '--raw', '--subdir', 'DAGS_FOLDER/homework_week3_dag.py', '--cfg-path', '/tmp/tmp4mj2i_ro', '--error-file', '/tmp/tmpj14ux8_x']
[2022-02-09 22:17:51,012] {standard_task_runner.py:77} INFO - Job 448: Subtask gcs_to_gcs_task
[2022-02-09 22:17:51,157] {logging_mixin.py:109} INFO - Running <TaskInstance: homework_week3.gcs_to_gcs_task manual__2022-02-09T22:13:26.872847+00:00 [running]> on host c5b6394ce4c6
[2022-02-09 22:17:51,265] {warnings.py:110} WARNING - /home/***/.local/lib/python3.7/site-packages/***/utils/context.py:152: AirflowContextDeprecationWarning: Accessing 'execution_date' from the template is deprecated and will be removed in a future version. Please use 'data_interval_start' or 'logical_date' instead.
  warnings.warn(_create_deprecation_warning(key, self._deprecation_replacements[key]))

[2022-02-09 22:17:51,311] {taskinstance.py:1426} INFO - Exporting the following env vars:
AIRFLOW_CTX_DAG_OWNER=***
AIRFLOW_CTX_DAG_ID=homework_week3
AIRFLOW_CTX_TASK_ID=gcs_to_gcs_task
AIRFLOW_CTX_EXECUTION_DATE=2022-02-09T22:13:26.872847+00:00
AIRFLOW_CTX_DAG_RUN_ID=manual__2022-02-09T22:13:26.872847+00:00
[2022-02-09 22:17:51,314] {crypto.py:82} WARNING - empty cryptography key - values will not be stored encrypted.
[2022-02-09 22:17:51,315] {gcs_to_gcs.py:346} INFO - Delimiter ignored because wildcard is in prefix
[2022-02-09 22:17:51,685] {taskinstance.py:1277} INFO - Marking task as SUCCESS. dag_id=homework_week3, task_id=gcs_to_gcs_task, execution_date=20220209T221326, start_date=20220209T221750, end_date=20220209T221751
[2022-02-09 22:17:51,770] {local_task_job.py:154} INFO - Task exited with return code 0
[2022-02-09 22:17:51,853] {local_task_job.py:264} INFO - 0 downstream tasks scheduled from follow-on schedule check
