[2022-01-30 12:56:10,281] {taskinstance.py:1032} INFO - Dependencies all met for <TaskInstance: HomeWorkWeek2.dowdata scheduled__2019-06-02T06:00:00+00:00 [queued]>
[2022-01-30 12:56:10,332] {taskinstance.py:1032} INFO - Dependencies all met for <TaskInstance: HomeWorkWeek2.dowdata scheduled__2019-06-02T06:00:00+00:00 [queued]>
[2022-01-30 12:56:10,333] {taskinstance.py:1238} INFO - 
--------------------------------------------------------------------------------
[2022-01-30 12:56:10,333] {taskinstance.py:1239} INFO - Starting attempt 1 of 2
[2022-01-30 12:56:10,333] {taskinstance.py:1240} INFO - 
--------------------------------------------------------------------------------
[2022-01-30 12:56:10,396] {taskinstance.py:1259} INFO - Executing <Task(BashOperator): dowdata> on 2019-06-02 06:00:00+00:00
[2022-01-30 12:56:10,411] {standard_task_runner.py:52} INFO - Started process 2285 to run task
[2022-01-30 12:56:10,431] {standard_task_runner.py:76} INFO - Running: ['***', 'tasks', 'run', 'HomeWorkWeek2', 'dowdata', 'scheduled__2019-06-02T06:00:00+00:00', '--job-id', '113', '--raw', '--subdir', 'DAGS_FOLDER/dag_questions1.py', '--cfg-path', '/tmp/tmpft99ai6_', '--error-file', '/tmp/tmp3drmua6o']
[2022-01-30 12:56:10,457] {standard_task_runner.py:77} INFO - Job 113: Subtask dowdata
[2022-01-30 12:56:10,874] {logging_mixin.py:109} INFO - Running <TaskInstance: HomeWorkWeek2.dowdata scheduled__2019-06-02T06:00:00+00:00 [running]> on host 4b3b8c5e49b1
[2022-01-30 12:56:11,048] {warnings.py:110} WARNING - /home/***/.local/lib/python3.7/site-packages/***/utils/context.py:152: AirflowContextDeprecationWarning: Accessing 'execution_date' from the template is deprecated and will be removed in a future version. Please use 'data_interval_start' or 'logical_date' instead.
  warnings.warn(_create_deprecation_warning(key, self._deprecation_replacements[key]))

[2022-01-30 12:56:11,118] {taskinstance.py:1426} INFO - Exporting the following env vars:
AIRFLOW_CTX_DAG_OWNER=***
AIRFLOW_CTX_DAG_ID=HomeWorkWeek2
AIRFLOW_CTX_TASK_ID=dowdata
AIRFLOW_CTX_EXECUTION_DATE=2019-06-02T06:00:00+00:00
AIRFLOW_CTX_DAG_RUN_ID=scheduled__2019-06-02T06:00:00+00:00
[2022-01-30 12:56:11,132] {subprocess.py:62} INFO - Tmp dir root location: 
 /tmp
[2022-01-30 12:56:11,136] {subprocess.py:74} INFO - Running command: ['bash', '-c', 'curl -sSLf https://s3.amazonaws.com/nyc-tlc/trip+data/yellow_tripdata_2019-06.csv > /opt/***output_2019-06.csv']
[2022-01-30 12:56:11,168] {subprocess.py:85} INFO - Output:
[2022-01-30 12:58:57,925] {subprocess.py:93} INFO - Command exited with return code 0
[2022-01-30 12:58:58,009] {taskinstance.py:1277} INFO - Marking task as SUCCESS. dag_id=HomeWorkWeek2, task_id=dowdata, execution_date=20190602T060000, start_date=20220130T125610, end_date=20220130T125858
[2022-01-30 12:58:58,139] {local_task_job.py:154} INFO - Task exited with return code 0
[2022-01-30 12:58:58,624] {local_task_job.py:264} INFO - 0 downstream tasks scheduled from follow-on schedule check
[2022-01-30 14:43:41,663] {taskinstance.py:1032} INFO - Dependencies all met for <TaskInstance: HomeWorkWeek2.dowdata scheduled__2019-06-02T06:00:00+00:00 [queued]>
[2022-01-30 14:43:41,753] {taskinstance.py:1032} INFO - Dependencies all met for <TaskInstance: HomeWorkWeek2.dowdata scheduled__2019-06-02T06:00:00+00:00 [queued]>
[2022-01-30 14:43:41,753] {taskinstance.py:1238} INFO - 
--------------------------------------------------------------------------------
[2022-01-30 14:43:41,754] {taskinstance.py:1239} INFO - Starting attempt 1 of 2
[2022-01-30 14:43:41,754] {taskinstance.py:1240} INFO - 
--------------------------------------------------------------------------------
[2022-01-30 14:43:41,830] {taskinstance.py:1259} INFO - Executing <Task(BashOperator): dowdata> on 2019-06-02 06:00:00+00:00
[2022-01-30 14:43:41,841] {standard_task_runner.py:52} INFO - Started process 491 to run task
[2022-01-30 14:43:41,848] {standard_task_runner.py:76} INFO - Running: ['***', 'tasks', 'run', 'HomeWorkWeek2', 'dowdata', 'scheduled__2019-06-02T06:00:00+00:00', '--job-id', '194', '--raw', '--subdir', 'DAGS_FOLDER/dag_questions1.py', '--cfg-path', '/tmp/tmp08rvngz0', '--error-file', '/tmp/tmpr96jgcgw']
[2022-01-30 14:43:41,850] {standard_task_runner.py:77} INFO - Job 194: Subtask dowdata
[2022-01-30 14:43:42,081] {logging_mixin.py:109} INFO - Running <TaskInstance: HomeWorkWeek2.dowdata scheduled__2019-06-02T06:00:00+00:00 [running]> on host 785c0c715caa
[2022-01-30 14:43:42,224] {warnings.py:110} WARNING - /home/***/.local/lib/python3.7/site-packages/***/utils/context.py:152: AirflowContextDeprecationWarning: Accessing 'execution_date' from the template is deprecated and will be removed in a future version. Please use 'data_interval_start' or 'logical_date' instead.
  warnings.warn(_create_deprecation_warning(key, self._deprecation_replacements[key]))

[2022-01-30 14:43:42,287] {taskinstance.py:1426} INFO - Exporting the following env vars:
AIRFLOW_CTX_DAG_OWNER=***
AIRFLOW_CTX_DAG_ID=HomeWorkWeek2
AIRFLOW_CTX_TASK_ID=dowdata
AIRFLOW_CTX_EXECUTION_DATE=2019-06-02T06:00:00+00:00
AIRFLOW_CTX_DAG_RUN_ID=scheduled__2019-06-02T06:00:00+00:00
[2022-01-30 14:43:42,288] {subprocess.py:62} INFO - Tmp dir root location: 
 /tmp
[2022-01-30 14:43:42,290] {subprocess.py:74} INFO - Running command: ['bash', '-c', 'curl -sSLf https://s3.amazonaws.com/nyc-tlc/trip+data/yellow_tripdata_2019-06.csv > /opt/***output_2019-06.csv']
[2022-01-30 14:43:42,311] {subprocess.py:85} INFO - Output:
[2022-01-30 14:46:21,074] {subprocess.py:93} INFO - Command exited with return code 0
[2022-01-30 14:46:21,561] {taskinstance.py:1277} INFO - Marking task as SUCCESS. dag_id=HomeWorkWeek2, task_id=dowdata, execution_date=20190602T060000, start_date=20220130T144341, end_date=20220130T144621
[2022-01-30 14:46:21,639] {local_task_job.py:154} INFO - Task exited with return code 0
[2022-01-30 14:46:22,003] {local_task_job.py:264} INFO - 1 downstream tasks scheduled from follow-on schedule check
