[2022-01-30 13:12:10,105] {taskinstance.py:1032} INFO - Dependencies all met for <TaskInstance: HomeWorkWeek2.halo scheduled__2021-06-02T06:00:00+00:00 [queued]>
[2022-01-30 13:12:10,167] {taskinstance.py:1032} INFO - Dependencies all met for <TaskInstance: HomeWorkWeek2.halo scheduled__2021-06-02T06:00:00+00:00 [queued]>
[2022-01-30 13:12:10,168] {taskinstance.py:1238} INFO - 
--------------------------------------------------------------------------------
[2022-01-30 13:12:10,168] {taskinstance.py:1239} INFO - Starting attempt 1 of 2
[2022-01-30 13:12:10,168] {taskinstance.py:1240} INFO - 
--------------------------------------------------------------------------------
[2022-01-30 13:12:10,222] {taskinstance.py:1259} INFO - Executing <Task(PythonOperator): halo> on 2021-06-02 06:00:00+00:00
[2022-01-30 13:12:10,234] {standard_task_runner.py:52} INFO - Started process 3210 to run task
[2022-01-30 13:12:10,253] {standard_task_runner.py:76} INFO - Running: ['***', 'tasks', 'run', 'HomeWorkWeek2', 'halo', 'scheduled__2021-06-02T06:00:00+00:00', '--job-id', '168', '--raw', '--subdir', 'DAGS_FOLDER/dag_questions1.py', '--cfg-path', '/tmp/tmpc3xn_mwd', '--error-file', '/tmp/tmpfxzmiahc']
[2022-01-30 13:12:10,255] {standard_task_runner.py:77} INFO - Job 168: Subtask halo
[2022-01-30 13:12:10,508] {logging_mixin.py:109} INFO - Running <TaskInstance: HomeWorkWeek2.halo scheduled__2021-06-02T06:00:00+00:00 [running]> on host 4b3b8c5e49b1
[2022-01-30 13:12:10,701] {taskinstance.py:1426} INFO - Exporting the following env vars:
AIRFLOW_CTX_DAG_OWNER=***
AIRFLOW_CTX_DAG_ID=HomeWorkWeek2
AIRFLOW_CTX_TASK_ID=halo
AIRFLOW_CTX_EXECUTION_DATE=2021-06-02T06:00:00+00:00
AIRFLOW_CTX_DAG_RUN_ID=scheduled__2021-06-02T06:00:00+00:00
[2022-01-30 13:12:10,703] {logging_mixin.py:109} INFO - helloworld
[2022-01-30 13:12:10,704] {python.py:175} INFO - Done. Returned value was: None
[2022-01-30 13:12:10,751] {taskinstance.py:1277} INFO - Marking task as SUCCESS. dag_id=HomeWorkWeek2, task_id=halo, execution_date=20210602T060000, start_date=20220130T131210, end_date=20220130T131210
[2022-01-30 13:12:10,810] {local_task_job.py:154} INFO - Task exited with return code 0
[2022-01-30 13:12:10,901] {local_task_job.py:264} INFO - 0 downstream tasks scheduled from follow-on schedule check
[2022-01-30 14:59:22,606] {taskinstance.py:1032} INFO - Dependencies all met for <TaskInstance: HomeWorkWeek2.halo scheduled__2021-06-02T06:00:00+00:00 [queued]>
[2022-01-30 14:59:22,657] {taskinstance.py:1032} INFO - Dependencies all met for <TaskInstance: HomeWorkWeek2.halo scheduled__2021-06-02T06:00:00+00:00 [queued]>
[2022-01-30 14:59:22,658] {taskinstance.py:1238} INFO - 
--------------------------------------------------------------------------------
[2022-01-30 14:59:22,658] {taskinstance.py:1239} INFO - Starting attempt 1 of 2
[2022-01-30 14:59:22,659] {taskinstance.py:1240} INFO - 
--------------------------------------------------------------------------------
[2022-01-30 14:59:22,724] {taskinstance.py:1259} INFO - Executing <Task(PythonOperator): halo> on 2021-06-02 06:00:00+00:00
[2022-01-30 14:59:22,732] {standard_task_runner.py:52} INFO - Started process 1625 to run task
[2022-01-30 14:59:22,740] {standard_task_runner.py:76} INFO - Running: ['***', 'tasks', 'run', 'HomeWorkWeek2', 'halo', 'scheduled__2021-06-02T06:00:00+00:00', '--job-id', '272', '--raw', '--subdir', 'DAGS_FOLDER/dag_questions1.py', '--cfg-path', '/tmp/tmpn4jt3vs7', '--error-file', '/tmp/tmpl0g6lv7l']
[2022-01-30 14:59:22,742] {standard_task_runner.py:77} INFO - Job 272: Subtask halo
[2022-01-30 14:59:22,971] {logging_mixin.py:109} INFO - Running <TaskInstance: HomeWorkWeek2.halo scheduled__2021-06-02T06:00:00+00:00 [running]> on host 785c0c715caa
[2022-01-30 14:59:23,223] {taskinstance.py:1426} INFO - Exporting the following env vars:
AIRFLOW_CTX_DAG_OWNER=***
AIRFLOW_CTX_DAG_ID=HomeWorkWeek2
AIRFLOW_CTX_TASK_ID=halo
AIRFLOW_CTX_EXECUTION_DATE=2021-06-02T06:00:00+00:00
AIRFLOW_CTX_DAG_RUN_ID=scheduled__2021-06-02T06:00:00+00:00
[2022-01-30 14:59:23,225] {logging_mixin.py:109} INFO - hello world!!
[2022-01-30 14:59:23,225] {python.py:175} INFO - Done. Returned value was: None
[2022-01-30 14:59:23,272] {taskinstance.py:1277} INFO - Marking task as SUCCESS. dag_id=HomeWorkWeek2, task_id=halo, execution_date=20210602T060000, start_date=20220130T145922, end_date=20220130T145923
[2022-01-30 14:59:23,367] {local_task_job.py:154} INFO - Task exited with return code 0
[2022-01-30 14:59:23,498] {local_task_job.py:264} INFO - 0 downstream tasks scheduled from follow-on schedule check
