[2022-01-30 13:05:51,885] {taskinstance.py:1032} INFO - Dependencies all met for <TaskInstance: HomeWorkWeek2.halo scheduled__2020-05-02T06:00:00+00:00 [queued]>
[2022-01-30 13:05:51,933] {taskinstance.py:1032} INFO - Dependencies all met for <TaskInstance: HomeWorkWeek2.halo scheduled__2020-05-02T06:00:00+00:00 [queued]>
[2022-01-30 13:05:51,933] {taskinstance.py:1238} INFO - 
--------------------------------------------------------------------------------
[2022-01-30 13:05:51,933] {taskinstance.py:1239} INFO - Starting attempt 1 of 2
[2022-01-30 13:05:51,934] {taskinstance.py:1240} INFO - 
--------------------------------------------------------------------------------
[2022-01-30 13:05:51,978] {taskinstance.py:1259} INFO - Executing <Task(PythonOperator): halo> on 2020-05-02 06:00:00+00:00
[2022-01-30 13:05:51,987] {standard_task_runner.py:52} INFO - Started process 2812 to run task
[2022-01-30 13:05:51,993] {standard_task_runner.py:76} INFO - Running: ['***', 'tasks', 'run', 'HomeWorkWeek2', 'halo', 'scheduled__2020-05-02T06:00:00+00:00', '--job-id', '138', '--raw', '--subdir', 'DAGS_FOLDER/dag_questions1.py', '--cfg-path', '/tmp/tmpcz5crc_m', '--error-file', '/tmp/tmpnc0vjpoq']
[2022-01-30 13:05:51,995] {standard_task_runner.py:77} INFO - Job 138: Subtask halo
[2022-01-30 13:05:52,371] {logging_mixin.py:109} INFO - Running <TaskInstance: HomeWorkWeek2.halo scheduled__2020-05-02T06:00:00+00:00 [running]> on host 4b3b8c5e49b1
[2022-01-30 13:05:52,673] {taskinstance.py:1426} INFO - Exporting the following env vars:
AIRFLOW_CTX_DAG_OWNER=***
AIRFLOW_CTX_DAG_ID=HomeWorkWeek2
AIRFLOW_CTX_TASK_ID=halo
AIRFLOW_CTX_EXECUTION_DATE=2020-05-02T06:00:00+00:00
AIRFLOW_CTX_DAG_RUN_ID=scheduled__2020-05-02T06:00:00+00:00
[2022-01-30 13:05:52,676] {logging_mixin.py:109} INFO - helloworld
[2022-01-30 13:05:52,678] {python.py:175} INFO - Done. Returned value was: None
[2022-01-30 13:05:52,735] {taskinstance.py:1277} INFO - Marking task as SUCCESS. dag_id=HomeWorkWeek2, task_id=halo, execution_date=20200502T060000, start_date=20220130T130551, end_date=20220130T130552
[2022-01-30 13:05:52,841] {local_task_job.py:154} INFO - Task exited with return code 0
[2022-01-30 13:05:53,050] {local_task_job.py:264} INFO - 0 downstream tasks scheduled from follow-on schedule check
[2022-01-30 14:53:56,211] {taskinstance.py:1032} INFO - Dependencies all met for <TaskInstance: HomeWorkWeek2.halo scheduled__2020-05-02T06:00:00+00:00 [queued]>
[2022-01-30 14:53:56,261] {taskinstance.py:1032} INFO - Dependencies all met for <TaskInstance: HomeWorkWeek2.halo scheduled__2020-05-02T06:00:00+00:00 [queued]>
[2022-01-30 14:53:56,262] {taskinstance.py:1238} INFO - 
--------------------------------------------------------------------------------
[2022-01-30 14:53:56,262] {taskinstance.py:1239} INFO - Starting attempt 1 of 2
[2022-01-30 14:53:56,264] {taskinstance.py:1240} INFO - 
--------------------------------------------------------------------------------
[2022-01-30 14:53:56,329] {taskinstance.py:1259} INFO - Executing <Task(PythonOperator): halo> on 2020-05-02 06:00:00+00:00
[2022-01-30 14:53:56,338] {standard_task_runner.py:52} INFO - Started process 1151 to run task
[2022-01-30 14:53:56,353] {standard_task_runner.py:76} INFO - Running: ['***', 'tasks', 'run', 'HomeWorkWeek2', 'halo', 'scheduled__2020-05-02T06:00:00+00:00', '--job-id', '229', '--raw', '--subdir', 'DAGS_FOLDER/dag_questions1.py', '--cfg-path', '/tmp/tmpfwircin2', '--error-file', '/tmp/tmpnvndtcnl']
[2022-01-30 14:53:56,356] {standard_task_runner.py:77} INFO - Job 229: Subtask halo
[2022-01-30 14:53:56,694] {logging_mixin.py:109} INFO - Running <TaskInstance: HomeWorkWeek2.halo scheduled__2020-05-02T06:00:00+00:00 [running]> on host 785c0c715caa
[2022-01-30 14:53:56,983] {taskinstance.py:1426} INFO - Exporting the following env vars:
AIRFLOW_CTX_DAG_OWNER=***
AIRFLOW_CTX_DAG_ID=HomeWorkWeek2
AIRFLOW_CTX_TASK_ID=halo
AIRFLOW_CTX_EXECUTION_DATE=2020-05-02T06:00:00+00:00
AIRFLOW_CTX_DAG_RUN_ID=scheduled__2020-05-02T06:00:00+00:00
[2022-01-30 14:53:56,985] {logging_mixin.py:109} INFO - hello world!!
[2022-01-30 14:53:56,986] {python.py:175} INFO - Done. Returned value was: None
[2022-01-30 14:53:57,026] {taskinstance.py:1277} INFO - Marking task as SUCCESS. dag_id=HomeWorkWeek2, task_id=halo, execution_date=20200502T060000, start_date=20220130T145356, end_date=20220130T145357
[2022-01-30 14:53:57,108] {local_task_job.py:154} INFO - Task exited with return code 0
[2022-01-30 14:53:57,213] {local_task_job.py:264} INFO - 0 downstream tasks scheduled from follow-on schedule check
