[2022-01-30 13:05:23,160] {taskinstance.py:1032} INFO - Dependencies all met for <TaskInstance: HomeWorkWeek2.halo scheduled__2020-01-02T06:00:00+00:00 [queued]>
[2022-01-30 13:05:23,222] {taskinstance.py:1032} INFO - Dependencies all met for <TaskInstance: HomeWorkWeek2.halo scheduled__2020-01-02T06:00:00+00:00 [queued]>
[2022-01-30 13:05:23,223] {taskinstance.py:1238} INFO - 
--------------------------------------------------------------------------------
[2022-01-30 13:05:23,224] {taskinstance.py:1239} INFO - Starting attempt 1 of 2
[2022-01-30 13:05:23,224] {taskinstance.py:1240} INFO - 
--------------------------------------------------------------------------------
[2022-01-30 13:05:23,270] {taskinstance.py:1259} INFO - Executing <Task(PythonOperator): halo> on 2020-01-02 06:00:00+00:00
[2022-01-30 13:05:23,282] {standard_task_runner.py:52} INFO - Started process 2771 to run task
[2022-01-30 13:05:23,291] {standard_task_runner.py:76} INFO - Running: ['***', 'tasks', 'run', 'HomeWorkWeek2', 'halo', 'scheduled__2020-01-02T06:00:00+00:00', '--job-id', '132', '--raw', '--subdir', 'DAGS_FOLDER/dag_questions1.py', '--cfg-path', '/tmp/tmptj72_d_2', '--error-file', '/tmp/tmp2sfcfuxo']
[2022-01-30 13:05:23,293] {standard_task_runner.py:77} INFO - Job 132: Subtask halo
[2022-01-30 13:05:23,595] {logging_mixin.py:109} INFO - Running <TaskInstance: HomeWorkWeek2.halo scheduled__2020-01-02T06:00:00+00:00 [running]> on host 4b3b8c5e49b1
[2022-01-30 13:05:23,982] {taskinstance.py:1426} INFO - Exporting the following env vars:
AIRFLOW_CTX_DAG_OWNER=***
AIRFLOW_CTX_DAG_ID=HomeWorkWeek2
AIRFLOW_CTX_TASK_ID=halo
AIRFLOW_CTX_EXECUTION_DATE=2020-01-02T06:00:00+00:00
AIRFLOW_CTX_DAG_RUN_ID=scheduled__2020-01-02T06:00:00+00:00
[2022-01-30 13:05:23,984] {logging_mixin.py:109} INFO - helloworld
[2022-01-30 13:05:23,985] {python.py:175} INFO - Done. Returned value was: None
[2022-01-30 13:05:24,048] {taskinstance.py:1277} INFO - Marking task as SUCCESS. dag_id=HomeWorkWeek2, task_id=halo, execution_date=20200102T060000, start_date=20220130T130523, end_date=20220130T130524
[2022-01-30 13:05:24,266] {local_task_job.py:154} INFO - Task exited with return code 0
[2022-01-30 13:05:24,516] {local_task_job.py:264} INFO - 0 downstream tasks scheduled from follow-on schedule check
[2022-01-30 14:52:57,509] {taskinstance.py:1032} INFO - Dependencies all met for <TaskInstance: HomeWorkWeek2.halo scheduled__2020-01-02T06:00:00+00:00 [queued]>
[2022-01-30 14:52:57,557] {taskinstance.py:1032} INFO - Dependencies all met for <TaskInstance: HomeWorkWeek2.halo scheduled__2020-01-02T06:00:00+00:00 [queued]>
[2022-01-30 14:52:57,558] {taskinstance.py:1238} INFO - 
--------------------------------------------------------------------------------
[2022-01-30 14:52:57,558] {taskinstance.py:1239} INFO - Starting attempt 1 of 2
[2022-01-30 14:52:57,559] {taskinstance.py:1240} INFO - 
--------------------------------------------------------------------------------
[2022-01-30 14:52:57,618] {taskinstance.py:1259} INFO - Executing <Task(PythonOperator): halo> on 2020-01-02 06:00:00+00:00
[2022-01-30 14:52:57,634] {standard_task_runner.py:52} INFO - Started process 1070 to run task
[2022-01-30 14:52:57,653] {standard_task_runner.py:76} INFO - Running: ['***', 'tasks', 'run', 'HomeWorkWeek2', 'halo', 'scheduled__2020-01-02T06:00:00+00:00', '--job-id', '221', '--raw', '--subdir', 'DAGS_FOLDER/dag_questions1.py', '--cfg-path', '/tmp/tmp8n_wlxff', '--error-file', '/tmp/tmp94nsl7m3']
[2022-01-30 14:52:57,667] {standard_task_runner.py:77} INFO - Job 221: Subtask halo
[2022-01-30 14:52:57,874] {logging_mixin.py:109} INFO - Running <TaskInstance: HomeWorkWeek2.halo scheduled__2020-01-02T06:00:00+00:00 [running]> on host 785c0c715caa
[2022-01-30 14:52:58,118] {taskinstance.py:1426} INFO - Exporting the following env vars:
AIRFLOW_CTX_DAG_OWNER=***
AIRFLOW_CTX_DAG_ID=HomeWorkWeek2
AIRFLOW_CTX_TASK_ID=halo
AIRFLOW_CTX_EXECUTION_DATE=2020-01-02T06:00:00+00:00
AIRFLOW_CTX_DAG_RUN_ID=scheduled__2020-01-02T06:00:00+00:00
[2022-01-30 14:52:58,122] {logging_mixin.py:109} INFO - hello world!!
[2022-01-30 14:52:58,124] {python.py:175} INFO - Done. Returned value was: None
[2022-01-30 14:52:58,211] {taskinstance.py:1277} INFO - Marking task as SUCCESS. dag_id=HomeWorkWeek2, task_id=halo, execution_date=20200102T060000, start_date=20220130T145257, end_date=20220130T145258
[2022-01-30 14:52:58,304] {local_task_job.py:154} INFO - Task exited with return code 0
[2022-01-30 14:52:58,421] {local_task_job.py:264} INFO - 0 downstream tasks scheduled from follow-on schedule check
