[2022-02-02 21:28:50,078] {taskinstance.py:1032} INFO - Dependencies all met for <TaskInstance: Question3_FHV.local_to_gcs_task scheduled__2019-12-02T06:00:00+00:00 [queued]>
[2022-02-02 21:28:50,128] {taskinstance.py:1032} INFO - Dependencies all met for <TaskInstance: Question3_FHV.local_to_gcs_task scheduled__2019-12-02T06:00:00+00:00 [queued]>
[2022-02-02 21:28:50,129] {taskinstance.py:1238} INFO - 
--------------------------------------------------------------------------------
[2022-02-02 21:28:50,129] {taskinstance.py:1239} INFO - Starting attempt 1 of 1
[2022-02-02 21:28:50,130] {taskinstance.py:1240} INFO - 
--------------------------------------------------------------------------------
[2022-02-02 21:28:50,170] {taskinstance.py:1259} INFO - Executing <Task(PythonOperator): local_to_gcs_task> on 2019-12-02 06:00:00+00:00
[2022-02-02 21:28:50,178] {standard_task_runner.py:52} INFO - Started process 1494 to run task
[2022-02-02 21:28:50,183] {standard_task_runner.py:76} INFO - Running: ['***', 'tasks', 'run', 'Question3_FHV', 'local_to_gcs_task', 'scheduled__2019-12-02T06:00:00+00:00', '--job-id', '358', '--raw', '--subdir', 'DAGS_FOLDER/dag_questions3.py', '--cfg-path', '/tmp/tmpa3lk_epr', '--error-file', '/tmp/tmpnt6f70ej']
[2022-02-02 21:28:50,185] {standard_task_runner.py:77} INFO - Job 358: Subtask local_to_gcs_task
[2022-02-02 21:28:50,380] {logging_mixin.py:109} INFO - Running <TaskInstance: Question3_FHV.local_to_gcs_task scheduled__2019-12-02T06:00:00+00:00 [running]> on host d574c7c5b085
[2022-02-02 21:28:50,551] {warnings.py:110} WARNING - /home/***/.local/lib/python3.7/site-packages/***/utils/context.py:152: AirflowContextDeprecationWarning: Accessing 'execution_date' from the template is deprecated and will be removed in a future version. Please use 'data_interval_start' or 'logical_date' instead.
  warnings.warn(_create_deprecation_warning(key, self._deprecation_replacements[key]))

[2022-02-02 21:28:50,607] {taskinstance.py:1426} INFO - Exporting the following env vars:
AIRFLOW_CTX_DAG_OWNER=***
AIRFLOW_CTX_DAG_ID=Question3_FHV
AIRFLOW_CTX_TASK_ID=local_to_gcs_task
AIRFLOW_CTX_EXECUTION_DATE=2019-12-02T06:00:00+00:00
AIRFLOW_CTX_DAG_RUN_ID=scheduled__2019-12-02T06:00:00+00:00
[2022-02-02 21:30:06,677] {python.py:175} INFO - Done. Returned value was: None
[2022-02-02 21:30:06,722] {taskinstance.py:1277} INFO - Marking task as SUCCESS. dag_id=Question3_FHV, task_id=local_to_gcs_task, execution_date=20191202T060000, start_date=20220202T212850, end_date=20220202T213006
[2022-02-02 21:30:06,833] {local_task_job.py:154} INFO - Task exited with return code 0
[2022-02-02 21:30:06,959] {local_task_job.py:264} INFO - 0 downstream tasks scheduled from follow-on schedule check
