[2022-01-30 13:00:06,170] {taskinstance.py:1032} INFO - Dependencies all met for <TaskInstance: HomeWorkWeek2.halo scheduled__2019-08-02T06:00:00+00:00 [queued]>
[2022-01-30 13:00:06,221] {taskinstance.py:1032} INFO - Dependencies all met for <TaskInstance: HomeWorkWeek2.halo scheduled__2019-08-02T06:00:00+00:00 [queued]>
[2022-01-30 13:00:06,222] {taskinstance.py:1238} INFO - 
--------------------------------------------------------------------------------
[2022-01-30 13:00:06,222] {taskinstance.py:1239} INFO - Starting attempt 1 of 2
[2022-01-30 13:00:06,223] {taskinstance.py:1240} INFO - 
--------------------------------------------------------------------------------
[2022-01-30 13:00:06,272] {taskinstance.py:1259} INFO - Executing <Task(PythonOperator): halo> on 2019-08-02 06:00:00+00:00
[2022-01-30 13:00:06,286] {standard_task_runner.py:52} INFO - Started process 2500 to run task
[2022-01-30 13:00:06,305] {standard_task_runner.py:76} INFO - Running: ['***', 'tasks', 'run', 'HomeWorkWeek2', 'halo', 'scheduled__2019-08-02T06:00:00+00:00', '--job-id', '122', '--raw', '--subdir', 'DAGS_FOLDER/dag_questions1.py', '--cfg-path', '/tmp/tmpv296ftka', '--error-file', '/tmp/tmp6f89zafr']
[2022-01-30 13:00:06,307] {standard_task_runner.py:77} INFO - Job 122: Subtask halo
[2022-01-30 13:00:06,584] {logging_mixin.py:109} INFO - Running <TaskInstance: HomeWorkWeek2.halo scheduled__2019-08-02T06:00:00+00:00 [running]> on host 4b3b8c5e49b1
[2022-01-30 13:00:06,972] {taskinstance.py:1426} INFO - Exporting the following env vars:
AIRFLOW_CTX_DAG_OWNER=***
AIRFLOW_CTX_DAG_ID=HomeWorkWeek2
AIRFLOW_CTX_TASK_ID=halo
AIRFLOW_CTX_EXECUTION_DATE=2019-08-02T06:00:00+00:00
AIRFLOW_CTX_DAG_RUN_ID=scheduled__2019-08-02T06:00:00+00:00
[2022-01-30 13:00:06,977] {logging_mixin.py:109} INFO - helloworld
[2022-01-30 13:00:06,977] {python.py:175} INFO - Done. Returned value was: None
[2022-01-30 13:00:07,162] {taskinstance.py:1277} INFO - Marking task as SUCCESS. dag_id=HomeWorkWeek2, task_id=halo, execution_date=20190802T060000, start_date=20220130T130006, end_date=20220130T130007
[2022-01-30 13:00:07,387] {local_task_job.py:154} INFO - Task exited with return code 0
[2022-01-30 13:00:07,610] {local_task_job.py:264} INFO - 0 downstream tasks scheduled from follow-on schedule check
[2022-01-30 14:48:46,498] {taskinstance.py:1032} INFO - Dependencies all met for <TaskInstance: HomeWorkWeek2.halo scheduled__2019-08-02T06:00:00+00:00 [queued]>
[2022-01-30 14:48:46,559] {taskinstance.py:1032} INFO - Dependencies all met for <TaskInstance: HomeWorkWeek2.halo scheduled__2019-08-02T06:00:00+00:00 [queued]>
[2022-01-30 14:48:46,560] {taskinstance.py:1238} INFO - 
--------------------------------------------------------------------------------
[2022-01-30 14:48:46,560] {taskinstance.py:1239} INFO - Starting attempt 1 of 2
[2022-01-30 14:48:46,560] {taskinstance.py:1240} INFO - 
--------------------------------------------------------------------------------
[2022-01-30 14:48:46,641] {taskinstance.py:1259} INFO - Executing <Task(PythonOperator): halo> on 2019-08-02 06:00:00+00:00
[2022-01-30 14:48:46,648] {standard_task_runner.py:52} INFO - Started process 779 to run task
[2022-01-30 14:48:46,655] {standard_task_runner.py:76} INFO - Running: ['***', 'tasks', 'run', 'HomeWorkWeek2', 'halo', 'scheduled__2019-08-02T06:00:00+00:00', '--job-id', '206', '--raw', '--subdir', 'DAGS_FOLDER/dag_questions1.py', '--cfg-path', '/tmp/tmphy8fpak6', '--error-file', '/tmp/tmp9cp9kaw3']
[2022-01-30 14:48:46,662] {standard_task_runner.py:77} INFO - Job 206: Subtask halo
[2022-01-30 14:48:47,084] {logging_mixin.py:109} INFO - Running <TaskInstance: HomeWorkWeek2.halo scheduled__2019-08-02T06:00:00+00:00 [running]> on host 785c0c715caa
[2022-01-30 14:48:47,437] {taskinstance.py:1426} INFO - Exporting the following env vars:
AIRFLOW_CTX_DAG_OWNER=***
AIRFLOW_CTX_DAG_ID=HomeWorkWeek2
AIRFLOW_CTX_TASK_ID=halo
AIRFLOW_CTX_EXECUTION_DATE=2019-08-02T06:00:00+00:00
AIRFLOW_CTX_DAG_RUN_ID=scheduled__2019-08-02T06:00:00+00:00
[2022-01-30 14:48:47,439] {logging_mixin.py:109} INFO - hello world!!
[2022-01-30 14:48:47,440] {python.py:175} INFO - Done. Returned value was: None
[2022-01-30 14:48:47,508] {taskinstance.py:1277} INFO - Marking task as SUCCESS. dag_id=HomeWorkWeek2, task_id=halo, execution_date=20190802T060000, start_date=20220130T144846, end_date=20220130T144847
[2022-01-30 14:48:47,598] {local_task_job.py:154} INFO - Task exited with return code 0
[2022-01-30 14:48:47,729] {local_task_job.py:264} INFO - 0 downstream tasks scheduled from follow-on schedule check
[2022-02-19 01:10:10,928] {taskinstance.py:1032} INFO - Dependencies all met for <TaskInstance: HomeWorkWeek2.halo scheduled__2019-08-02T06:00:00+00:00 [queued]>
[2022-02-19 01:10:10,975] {taskinstance.py:1032} INFO - Dependencies all met for <TaskInstance: HomeWorkWeek2.halo scheduled__2019-08-02T06:00:00+00:00 [queued]>
[2022-02-19 01:10:10,976] {taskinstance.py:1238} INFO - 
--------------------------------------------------------------------------------
[2022-02-19 01:10:10,976] {taskinstance.py:1239} INFO - Starting attempt 1 of 2
[2022-02-19 01:10:10,976] {taskinstance.py:1240} INFO - 
--------------------------------------------------------------------------------
[2022-02-19 01:10:11,021] {taskinstance.py:1259} INFO - Executing <Task(PythonOperator): halo> on 2019-08-02 06:00:00+00:00
[2022-02-19 01:10:11,029] {standard_task_runner.py:52} INFO - Started process 1917 to run task
[2022-02-19 01:10:11,034] {standard_task_runner.py:76} INFO - Running: ['***', 'tasks', 'run', 'HomeWorkWeek2', 'halo', 'scheduled__2019-08-02T06:00:00+00:00', '--job-id', '550', '--raw', '--subdir', 'DAGS_FOLDER/dag_questions1.py', '--cfg-path', '/tmp/tmpx6h6dunk', '--error-file', '/tmp/tmpg0ejt1ec']
[2022-02-19 01:10:11,036] {standard_task_runner.py:77} INFO - Job 550: Subtask halo
[2022-02-19 01:10:11,272] {logging_mixin.py:109} INFO - Running <TaskInstance: HomeWorkWeek2.halo scheduled__2019-08-02T06:00:00+00:00 [running]> on host 312f1fe573aa
[2022-02-19 01:10:11,532] {taskinstance.py:1426} INFO - Exporting the following env vars:
AIRFLOW_CTX_DAG_OWNER=***
AIRFLOW_CTX_DAG_ID=HomeWorkWeek2
AIRFLOW_CTX_TASK_ID=halo
AIRFLOW_CTX_EXECUTION_DATE=2019-08-02T06:00:00+00:00
AIRFLOW_CTX_DAG_RUN_ID=scheduled__2019-08-02T06:00:00+00:00
[2022-02-19 01:10:11,535] {logging_mixin.py:109} INFO - hello world!!
[2022-02-19 01:10:11,535] {python.py:175} INFO - Done. Returned value was: None
[2022-02-19 01:10:11,575] {taskinstance.py:1277} INFO - Marking task as SUCCESS. dag_id=HomeWorkWeek2, task_id=halo, execution_date=20190802T060000, start_date=20220219T011010, end_date=20220219T011011
[2022-02-19 01:10:11,673] {local_task_job.py:154} INFO - Task exited with return code 0
[2022-02-19 01:10:11,774] {local_task_job.py:264} INFO - 0 downstream tasks scheduled from follow-on schedule check
[2022-02-19 11:14:35,174] {taskinstance.py:1032} INFO - Dependencies all met for <TaskInstance: HomeWorkWeek2.halo scheduled__2019-08-02T06:00:00+00:00 [queued]>
[2022-02-19 11:14:35,236] {taskinstance.py:1032} INFO - Dependencies all met for <TaskInstance: HomeWorkWeek2.halo scheduled__2019-08-02T06:00:00+00:00 [queued]>
[2022-02-19 11:14:35,240] {taskinstance.py:1238} INFO - 
--------------------------------------------------------------------------------
[2022-02-19 11:14:35,241] {taskinstance.py:1239} INFO - Starting attempt 1 of 2
[2022-02-19 11:14:35,248] {taskinstance.py:1240} INFO - 
--------------------------------------------------------------------------------
[2022-02-19 11:14:35,309] {taskinstance.py:1259} INFO - Executing <Task(PythonOperator): halo> on 2019-08-02 06:00:00+00:00
[2022-02-19 11:14:35,316] {standard_task_runner.py:52} INFO - Started process 2976 to run task
[2022-02-19 11:14:35,324] {standard_task_runner.py:76} INFO - Running: ['***', 'tasks', 'run', 'HomeWorkWeek2', 'halo', 'scheduled__2019-08-02T06:00:00+00:00', '--job-id', '921', '--raw', '--subdir', 'DAGS_FOLDER/dag_questions1.py', '--cfg-path', '/tmp/tmpiyj9p42o', '--error-file', '/tmp/tmpqupn_pcd']
[2022-02-19 11:14:35,326] {standard_task_runner.py:77} INFO - Job 921: Subtask halo
[2022-02-19 11:14:35,504] {logging_mixin.py:109} INFO - Running <TaskInstance: HomeWorkWeek2.halo scheduled__2019-08-02T06:00:00+00:00 [running]> on host f81f14254480
[2022-02-19 11:14:35,688] {taskinstance.py:1426} INFO - Exporting the following env vars:
AIRFLOW_CTX_DAG_OWNER=***
AIRFLOW_CTX_DAG_ID=HomeWorkWeek2
AIRFLOW_CTX_TASK_ID=halo
AIRFLOW_CTX_EXECUTION_DATE=2019-08-02T06:00:00+00:00
AIRFLOW_CTX_DAG_RUN_ID=scheduled__2019-08-02T06:00:00+00:00
[2022-02-19 11:14:35,689] {logging_mixin.py:109} INFO - hello world!!
[2022-02-19 11:14:35,690] {python.py:175} INFO - Done. Returned value was: None
[2022-02-19 11:14:35,729] {taskinstance.py:1277} INFO - Marking task as SUCCESS. dag_id=HomeWorkWeek2, task_id=halo, execution_date=20190802T060000, start_date=20220219T111435, end_date=20220219T111435
[2022-02-19 11:14:35,818] {local_task_job.py:154} INFO - Task exited with return code 0
[2022-02-19 11:14:35,964] {local_task_job.py:264} INFO - 0 downstream tasks scheduled from follow-on schedule check
[2022-02-19 23:58:08,044] {taskinstance.py:1032} INFO - Dependencies all met for <TaskInstance: HomeWorkWeek2.halo scheduled__2019-08-02T06:00:00+00:00 [queued]>
[2022-02-19 23:58:08,103] {taskinstance.py:1032} INFO - Dependencies all met for <TaskInstance: HomeWorkWeek2.halo scheduled__2019-08-02T06:00:00+00:00 [queued]>
[2022-02-19 23:58:08,103] {taskinstance.py:1238} INFO - 
--------------------------------------------------------------------------------
[2022-02-19 23:58:08,104] {taskinstance.py:1239} INFO - Starting attempt 1 of 2
[2022-02-19 23:58:08,104] {taskinstance.py:1240} INFO - 
--------------------------------------------------------------------------------
[2022-02-19 23:58:08,173] {taskinstance.py:1259} INFO - Executing <Task(PythonOperator): halo> on 2019-08-02 06:00:00+00:00
[2022-02-19 23:58:08,182] {standard_task_runner.py:52} INFO - Started process 22961 to run task
[2022-02-19 23:58:08,188] {standard_task_runner.py:76} INFO - Running: ['***', 'tasks', 'run', 'HomeWorkWeek2', 'halo', 'scheduled__2019-08-02T06:00:00+00:00', '--job-id', '1085', '--raw', '--subdir', 'DAGS_FOLDER/dag_questions1.py', '--cfg-path', '/tmp/tmp97xr48s2', '--error-file', '/tmp/tmptr34496f']
[2022-02-19 23:58:08,190] {standard_task_runner.py:77} INFO - Job 1085: Subtask halo
[2022-02-19 23:58:08,432] {logging_mixin.py:109} INFO - Running <TaskInstance: HomeWorkWeek2.halo scheduled__2019-08-02T06:00:00+00:00 [running]> on host d9977d7db207
[2022-02-19 23:58:08,667] {taskinstance.py:1426} INFO - Exporting the following env vars:
AIRFLOW_CTX_DAG_OWNER=***
AIRFLOW_CTX_DAG_ID=HomeWorkWeek2
AIRFLOW_CTX_TASK_ID=halo
AIRFLOW_CTX_EXECUTION_DATE=2019-08-02T06:00:00+00:00
AIRFLOW_CTX_DAG_RUN_ID=scheduled__2019-08-02T06:00:00+00:00
[2022-02-19 23:58:08,669] {logging_mixin.py:109} INFO - hello world!!
[2022-02-19 23:58:08,670] {python.py:175} INFO - Done. Returned value was: None
[2022-02-19 23:58:08,813] {taskinstance.py:1277} INFO - Marking task as SUCCESS. dag_id=HomeWorkWeek2, task_id=halo, execution_date=20190802T060000, start_date=20220219T235808, end_date=20220219T235808
[2022-02-19 23:58:08,910] {local_task_job.py:154} INFO - Task exited with return code 0
[2022-02-19 23:58:09,012] {local_task_job.py:264} INFO - 0 downstream tasks scheduled from follow-on schedule check
