[2022-02-02 21:49:43,375] {taskinstance.py:1032} INFO - Dependencies all met for <TaskInstance: Question4_Zone.csv_to_parquet manual__2022-02-02T21:49:36.789968+00:00 [queued]>
[2022-02-02 21:49:43,434] {taskinstance.py:1032} INFO - Dependencies all met for <TaskInstance: Question4_Zone.csv_to_parquet manual__2022-02-02T21:49:36.789968+00:00 [queued]>
[2022-02-02 21:49:43,434] {taskinstance.py:1238} INFO - 
--------------------------------------------------------------------------------
[2022-02-02 21:49:43,435] {taskinstance.py:1239} INFO - Starting attempt 1 of 2
[2022-02-02 21:49:43,435] {taskinstance.py:1240} INFO - 
--------------------------------------------------------------------------------
[2022-02-02 21:49:43,482] {taskinstance.py:1259} INFO - Executing <Task(PythonOperator): csv_to_parquet> on 2022-02-02 21:49:36.789968+00:00
[2022-02-02 21:49:43,491] {standard_task_runner.py:52} INFO - Started process 2509 to run task
[2022-02-02 21:49:43,500] {standard_task_runner.py:76} INFO - Running: ['***', 'tasks', 'run', 'Question4_Zone', 'csv_to_parquet', 'manual__2022-02-02T21:49:36.789968+00:00', '--job-id', '380', '--raw', '--subdir', 'DAGS_FOLDER/dag_questions4.py', '--cfg-path', '/tmp/tmpwo6jd029', '--error-file', '/tmp/tmp4pfxzcuj']
[2022-02-02 21:49:43,502] {standard_task_runner.py:77} INFO - Job 380: Subtask csv_to_parquet
[2022-02-02 21:49:43,650] {logging_mixin.py:109} INFO - Running <TaskInstance: Question4_Zone.csv_to_parquet manual__2022-02-02T21:49:36.789968+00:00 [running]> on host d574c7c5b085
[2022-02-02 21:49:43,809] {taskinstance.py:1426} INFO - Exporting the following env vars:
AIRFLOW_CTX_DAG_OWNER=***
AIRFLOW_CTX_DAG_ID=Question4_Zone
AIRFLOW_CTX_TASK_ID=csv_to_parquet
AIRFLOW_CTX_EXECUTION_DATE=2022-02-02T21:49:36.789968+00:00
AIRFLOW_CTX_DAG_RUN_ID=manual__2022-02-02T21:49:36.789968+00:00
[2022-02-02 21:49:44,103] {python.py:175} INFO - Done. Returned value was: None
[2022-02-02 21:49:44,143] {taskinstance.py:1277} INFO - Marking task as SUCCESS. dag_id=Question4_Zone, task_id=csv_to_parquet, execution_date=20220202T214936, start_date=20220202T214943, end_date=20220202T214944
[2022-02-02 21:49:44,254] {local_task_job.py:154} INFO - Task exited with return code 0
[2022-02-02 21:49:44,416] {local_task_job.py:264} INFO - 1 downstream tasks scheduled from follow-on schedule check
