[2022-02-02 21:15:27,512] {taskinstance.py:1032} INFO - Dependencies all met for <TaskInstance: Question3_FHV.dowdata scheduled__2019-05-02T06:00:00+00:00 [queued]>
[2022-02-02 21:15:27,561] {taskinstance.py:1032} INFO - Dependencies all met for <TaskInstance: Question3_FHV.dowdata scheduled__2019-05-02T06:00:00+00:00 [queued]>
[2022-02-02 21:15:27,562] {taskinstance.py:1238} INFO - 
--------------------------------------------------------------------------------
[2022-02-02 21:15:27,562] {taskinstance.py:1239} INFO - Starting attempt 1 of 2
[2022-02-02 21:15:27,562] {taskinstance.py:1240} INFO - 
--------------------------------------------------------------------------------
[2022-02-02 21:15:27,607] {taskinstance.py:1259} INFO - Executing <Task(BashOperator): dowdata> on 2019-05-02 06:00:00+00:00
[2022-02-02 21:15:27,613] {standard_task_runner.py:52} INFO - Started process 763 to run task
[2022-02-02 21:15:27,620] {standard_task_runner.py:76} INFO - Running: ['***', 'tasks', 'run', 'Question3_FHV', 'dowdata', 'scheduled__2019-05-02T06:00:00+00:00', '--job-id', '328', '--raw', '--subdir', 'DAGS_FOLDER/dag_questions3.py', '--cfg-path', '/tmp/tmpmkqkho25', '--error-file', '/tmp/tmpg9gmvitv']
[2022-02-02 21:15:27,622] {standard_task_runner.py:77} INFO - Job 328: Subtask dowdata
[2022-02-02 21:15:27,821] {logging_mixin.py:109} INFO - Running <TaskInstance: Question3_FHV.dowdata scheduled__2019-05-02T06:00:00+00:00 [running]> on host d574c7c5b085
[2022-02-02 21:15:27,950] {warnings.py:110} WARNING - /home/***/.local/lib/python3.7/site-packages/***/utils/context.py:152: AirflowContextDeprecationWarning: Accessing 'execution_date' from the template is deprecated and will be removed in a future version. Please use 'data_interval_start' or 'logical_date' instead.
  warnings.warn(_create_deprecation_warning(key, self._deprecation_replacements[key]))

[2022-02-02 21:15:27,997] {taskinstance.py:1426} INFO - Exporting the following env vars:
AIRFLOW_CTX_DAG_OWNER=***
AIRFLOW_CTX_DAG_ID=Question3_FHV
AIRFLOW_CTX_TASK_ID=dowdata
AIRFLOW_CTX_EXECUTION_DATE=2019-05-02T06:00:00+00:00
AIRFLOW_CTX_DAG_RUN_ID=scheduled__2019-05-02T06:00:00+00:00
[2022-02-02 21:15:27,998] {subprocess.py:62} INFO - Tmp dir root location: 
 /tmp
[2022-02-02 21:15:27,999] {subprocess.py:74} INFO - Running command: ['bash', '-c', 'curl -sSLf https://nyc-tlc.s3.amazonaws.com/trip+data/fhv_tripdata_2019-05.csv > /opt/***output_fhv_2019-05.csv']
[2022-02-02 21:15:28,016] {subprocess.py:85} INFO - Output:
[2022-02-02 21:15:45,114] {subprocess.py:93} INFO - Command exited with return code 0
[2022-02-02 21:15:45,191] {taskinstance.py:1277} INFO - Marking task as SUCCESS. dag_id=Question3_FHV, task_id=dowdata, execution_date=20190502T060000, start_date=20220202T211527, end_date=20220202T211545
[2022-02-02 21:15:45,268] {local_task_job.py:154} INFO - Task exited with return code 0
[2022-02-02 21:15:45,388] {local_task_job.py:264} INFO - 1 downstream tasks scheduled from follow-on schedule check
[2022-02-09 11:30:02,590] {taskinstance.py:1032} INFO - Dependencies all met for <TaskInstance: Question3_FHV.dowdata scheduled__2019-05-02T06:00:00+00:00 [queued]>
[2022-02-09 11:30:02,635] {taskinstance.py:1032} INFO - Dependencies all met for <TaskInstance: Question3_FHV.dowdata scheduled__2019-05-02T06:00:00+00:00 [queued]>
[2022-02-09 11:30:02,635] {taskinstance.py:1238} INFO - 
--------------------------------------------------------------------------------
[2022-02-09 11:30:02,636] {taskinstance.py:1239} INFO - Starting attempt 1 of 2
[2022-02-09 11:30:02,636] {taskinstance.py:1240} INFO - 
--------------------------------------------------------------------------------
[2022-02-09 11:30:02,679] {taskinstance.py:1259} INFO - Executing <Task(BashOperator): dowdata> on 2019-05-02 06:00:00+00:00
[2022-02-09 11:30:02,686] {standard_task_runner.py:52} INFO - Started process 394 to run task
[2022-02-09 11:30:02,691] {standard_task_runner.py:76} INFO - Running: ['***', 'tasks', 'run', 'Question3_FHV', 'dowdata', 'scheduled__2019-05-02T06:00:00+00:00', '--job-id', '397', '--raw', '--subdir', 'DAGS_FOLDER/dag_questions3.py', '--cfg-path', '/tmp/tmp1fipeb3v', '--error-file', '/tmp/tmp_94a1ypd']
[2022-02-09 11:30:02,692] {standard_task_runner.py:77} INFO - Job 397: Subtask dowdata
[2022-02-09 11:30:02,894] {logging_mixin.py:109} INFO - Running <TaskInstance: Question3_FHV.dowdata scheduled__2019-05-02T06:00:00+00:00 [running]> on host c5795c3f6004
[2022-02-09 11:30:03,045] {warnings.py:110} WARNING - /home/***/.local/lib/python3.7/site-packages/***/utils/context.py:152: AirflowContextDeprecationWarning: Accessing 'execution_date' from the template is deprecated and will be removed in a future version. Please use 'data_interval_start' or 'logical_date' instead.
  warnings.warn(_create_deprecation_warning(key, self._deprecation_replacements[key]))

[2022-02-09 11:30:03,096] {taskinstance.py:1426} INFO - Exporting the following env vars:
AIRFLOW_CTX_DAG_OWNER=***
AIRFLOW_CTX_DAG_ID=Question3_FHV
AIRFLOW_CTX_TASK_ID=dowdata
AIRFLOW_CTX_EXECUTION_DATE=2019-05-02T06:00:00+00:00
AIRFLOW_CTX_DAG_RUN_ID=scheduled__2019-05-02T06:00:00+00:00
[2022-02-09 11:30:03,098] {subprocess.py:62} INFO - Tmp dir root location: 
 /tmp
[2022-02-09 11:30:03,100] {subprocess.py:74} INFO - Running command: ['bash', '-c', 'curl -sSLf https://nyc-tlc.s3.amazonaws.com/trip+data/fhv_tripdata_2019-05.csv > /opt/***output_fhv_2019-05.csv']
[2022-02-09 11:30:03,121] {subprocess.py:85} INFO - Output:
[2022-02-09 11:33:21,899] {subprocess.py:93} INFO - Command exited with return code 0
[2022-02-09 11:33:21,973] {taskinstance.py:1277} INFO - Marking task as SUCCESS. dag_id=Question3_FHV, task_id=dowdata, execution_date=20190502T060000, start_date=20220209T113002, end_date=20220209T113321
[2022-02-09 11:33:22,081] {local_task_job.py:154} INFO - Task exited with return code 0
[2022-02-09 11:33:22,225] {local_task_job.py:264} INFO - 1 downstream tasks scheduled from follow-on schedule check
[2022-02-10 01:10:44,084] {taskinstance.py:1032} INFO - Dependencies all met for <TaskInstance: Question3_FHV.dowdata scheduled__2019-05-02T06:00:00+00:00 [queued]>
[2022-02-10 01:10:44,123] {taskinstance.py:1032} INFO - Dependencies all met for <TaskInstance: Question3_FHV.dowdata scheduled__2019-05-02T06:00:00+00:00 [queued]>
[2022-02-10 01:10:44,123] {taskinstance.py:1238} INFO - 
--------------------------------------------------------------------------------
[2022-02-10 01:10:44,123] {taskinstance.py:1239} INFO - Starting attempt 1 of 2
[2022-02-10 01:10:44,124] {taskinstance.py:1240} INFO - 
--------------------------------------------------------------------------------
[2022-02-10 01:10:44,160] {taskinstance.py:1259} INFO - Executing <Task(BashOperator): dowdata> on 2019-05-02 06:00:00+00:00
[2022-02-10 01:10:44,167] {standard_task_runner.py:52} INFO - Started process 7214 to run task
[2022-02-10 01:10:44,173] {standard_task_runner.py:76} INFO - Running: ['***', 'tasks', 'run', 'Question3_FHV', 'dowdata', 'scheduled__2019-05-02T06:00:00+00:00', '--job-id', '467', '--raw', '--subdir', 'DAGS_FOLDER/dag_questions3.py', '--cfg-path', '/tmp/tmp7o12tnqi', '--error-file', '/tmp/tmptr58lfbs']
[2022-02-10 01:10:44,175] {standard_task_runner.py:77} INFO - Job 467: Subtask dowdata
[2022-02-10 01:10:44,358] {logging_mixin.py:109} INFO - Running <TaskInstance: Question3_FHV.dowdata scheduled__2019-05-02T06:00:00+00:00 [running]> on host 0fd4ea805f5e
[2022-02-10 01:10:44,507] {warnings.py:110} WARNING - /home/***/.local/lib/python3.7/site-packages/***/utils/context.py:152: AirflowContextDeprecationWarning: Accessing 'execution_date' from the template is deprecated and will be removed in a future version. Please use 'data_interval_start' or 'logical_date' instead.
  warnings.warn(_create_deprecation_warning(key, self._deprecation_replacements[key]))

[2022-02-10 01:10:44,562] {taskinstance.py:1426} INFO - Exporting the following env vars:
AIRFLOW_CTX_DAG_OWNER=***
AIRFLOW_CTX_DAG_ID=Question3_FHV
AIRFLOW_CTX_TASK_ID=dowdata
AIRFLOW_CTX_EXECUTION_DATE=2019-05-02T06:00:00+00:00
AIRFLOW_CTX_DAG_RUN_ID=scheduled__2019-05-02T06:00:00+00:00
[2022-02-10 01:10:44,568] {subprocess.py:62} INFO - Tmp dir root location: 
 /tmp
[2022-02-10 01:10:44,569] {subprocess.py:74} INFO - Running command: ['bash', '-c', 'curl -sSLf https://nyc-tlc.s3.amazonaws.com/trip+data/fhv_tripdata_2019-05.csv > /opt/***fhv_2019-05.csv']
[2022-02-10 01:10:44,600] {subprocess.py:85} INFO - Output:
[2022-02-10 01:11:38,214] {subprocess.py:93} INFO - Command exited with return code 0
[2022-02-10 01:11:38,279] {taskinstance.py:1277} INFO - Marking task as SUCCESS. dag_id=Question3_FHV, task_id=dowdata, execution_date=20190502T060000, start_date=20220210T011044, end_date=20220210T011138
[2022-02-10 01:11:38,359] {local_task_job.py:154} INFO - Task exited with return code 0
[2022-02-10 01:11:38,476] {local_task_job.py:264} INFO - 1 downstream tasks scheduled from follow-on schedule check
[2022-02-19 01:47:54,616] {taskinstance.py:1032} INFO - Dependencies all met for <TaskInstance: Question3_FHV.dowdata scheduled__2019-05-02T06:00:00+00:00 [queued]>
[2022-02-19 01:47:54,655] {taskinstance.py:1032} INFO - Dependencies all met for <TaskInstance: Question3_FHV.dowdata scheduled__2019-05-02T06:00:00+00:00 [queued]>
[2022-02-19 01:47:54,656] {taskinstance.py:1238} INFO - 
--------------------------------------------------------------------------------
[2022-02-19 01:47:54,656] {taskinstance.py:1239} INFO - Starting attempt 1 of 2
[2022-02-19 01:47:54,657] {taskinstance.py:1240} INFO - 
--------------------------------------------------------------------------------
[2022-02-19 01:47:54,697] {taskinstance.py:1259} INFO - Executing <Task(BashOperator): dowdata> on 2019-05-02 06:00:00+00:00
[2022-02-19 01:47:54,704] {standard_task_runner.py:52} INFO - Started process 3908 to run task
[2022-02-19 01:47:54,710] {standard_task_runner.py:76} INFO - Running: ['***', 'tasks', 'run', 'Question3_FHV', 'dowdata', 'scheduled__2019-05-02T06:00:00+00:00', '--job-id', '628', '--raw', '--subdir', 'DAGS_FOLDER/dag_questions3.py', '--cfg-path', '/tmp/tmpuv4bc_2q', '--error-file', '/tmp/tmp6yn1jg_r']
[2022-02-19 01:47:54,711] {standard_task_runner.py:77} INFO - Job 628: Subtask dowdata
[2022-02-19 01:47:54,877] {logging_mixin.py:109} INFO - Running <TaskInstance: Question3_FHV.dowdata scheduled__2019-05-02T06:00:00+00:00 [running]> on host 312f1fe573aa
[2022-02-19 01:47:55,015] {warnings.py:110} WARNING - /home/***/.local/lib/python3.7/site-packages/***/utils/context.py:152: AirflowContextDeprecationWarning: Accessing 'execution_date' from the template is deprecated and will be removed in a future version. Please use 'data_interval_start' or 'logical_date' instead.
  warnings.warn(_create_deprecation_warning(key, self._deprecation_replacements[key]))

[2022-02-19 01:47:55,067] {taskinstance.py:1426} INFO - Exporting the following env vars:
AIRFLOW_CTX_DAG_OWNER=***
AIRFLOW_CTX_DAG_ID=Question3_FHV
AIRFLOW_CTX_TASK_ID=dowdata
AIRFLOW_CTX_EXECUTION_DATE=2019-05-02T06:00:00+00:00
AIRFLOW_CTX_DAG_RUN_ID=scheduled__2019-05-02T06:00:00+00:00
[2022-02-19 01:47:55,069] {subprocess.py:62} INFO - Tmp dir root location: 
 /tmp
[2022-02-19 01:47:55,071] {subprocess.py:74} INFO - Running command: ['bash', '-c', 'curl -sSLf https://nyc-tlc.s3.amazonaws.com/trip+data/fhv_tripdata_2019-05.csv > /opt/***fhv_2019-05.csv']
[2022-02-19 01:47:55,090] {subprocess.py:85} INFO - Output:
[2022-02-19 01:48:11,769] {subprocess.py:93} INFO - Command exited with return code 0
[2022-02-19 01:48:11,833] {taskinstance.py:1277} INFO - Marking task as SUCCESS. dag_id=Question3_FHV, task_id=dowdata, execution_date=20190502T060000, start_date=20220219T014754, end_date=20220219T014811
[2022-02-19 01:48:11,905] {local_task_job.py:154} INFO - Task exited with return code 0
[2022-02-19 01:48:12,024] {local_task_job.py:264} INFO - 1 downstream tasks scheduled from follow-on schedule check
