[2022-01-30 12:52:48,153] {taskinstance.py:1032} INFO - Dependencies all met for <TaskInstance: HomeWorkWeek2.halo scheduled__2019-01-02T06:00:00+00:00 [queued]>
[2022-01-30 12:52:48,213] {taskinstance.py:1032} INFO - Dependencies all met for <TaskInstance: HomeWorkWeek2.halo scheduled__2019-01-02T06:00:00+00:00 [queued]>
[2022-01-30 12:52:48,214] {taskinstance.py:1238} INFO - 
--------------------------------------------------------------------------------
[2022-01-30 12:52:48,214] {taskinstance.py:1239} INFO - Starting attempt 1 of 2
[2022-01-30 12:52:48,214] {taskinstance.py:1240} INFO - 
--------------------------------------------------------------------------------
[2022-01-30 12:52:48,261] {taskinstance.py:1259} INFO - Executing <Task(PythonOperator): halo> on 2019-01-02 06:00:00+00:00
[2022-01-30 12:52:48,271] {standard_task_runner.py:52} INFO - Started process 2109 to run task
[2022-01-30 12:52:48,280] {standard_task_runner.py:76} INFO - Running: ['***', 'tasks', 'run', 'HomeWorkWeek2', 'halo', 'scheduled__2019-01-02T06:00:00+00:00', '--job-id', '106', '--raw', '--subdir', 'DAGS_FOLDER/dag_questions1.py', '--cfg-path', '/tmp/tmpb2gazguu', '--error-file', '/tmp/tmpxs2l990p']
[2022-01-30 12:52:48,282] {standard_task_runner.py:77} INFO - Job 106: Subtask halo
[2022-01-30 12:52:48,440] {logging_mixin.py:109} INFO - Running <TaskInstance: HomeWorkWeek2.halo scheduled__2019-01-02T06:00:00+00:00 [running]> on host 4b3b8c5e49b1
[2022-01-30 12:52:48,637] {taskinstance.py:1426} INFO - Exporting the following env vars:
AIRFLOW_CTX_DAG_OWNER=***
AIRFLOW_CTX_DAG_ID=HomeWorkWeek2
AIRFLOW_CTX_TASK_ID=halo
AIRFLOW_CTX_EXECUTION_DATE=2019-01-02T06:00:00+00:00
AIRFLOW_CTX_DAG_RUN_ID=scheduled__2019-01-02T06:00:00+00:00
[2022-01-30 12:52:48,640] {logging_mixin.py:109} INFO - helloworld
[2022-01-30 12:52:48,641] {python.py:175} INFO - Done. Returned value was: None
[2022-01-30 12:52:48,689] {taskinstance.py:1277} INFO - Marking task as SUCCESS. dag_id=HomeWorkWeek2, task_id=halo, execution_date=20190102T060000, start_date=20220130T125248, end_date=20220130T125248
[2022-01-30 12:52:48,778] {local_task_job.py:154} INFO - Task exited with return code 0
[2022-01-30 12:52:48,888] {local_task_job.py:264} INFO - 0 downstream tasks scheduled from follow-on schedule check
[2022-01-30 14:40:23,184] {taskinstance.py:1032} INFO - Dependencies all met for <TaskInstance: HomeWorkWeek2.halo scheduled__2019-01-02T06:00:00+00:00 [queued]>
[2022-01-30 14:40:23,226] {taskinstance.py:1032} INFO - Dependencies all met for <TaskInstance: HomeWorkWeek2.halo scheduled__2019-01-02T06:00:00+00:00 [queued]>
[2022-01-30 14:40:23,227] {taskinstance.py:1238} INFO - 
--------------------------------------------------------------------------------
[2022-01-30 14:40:23,227] {taskinstance.py:1239} INFO - Starting attempt 1 of 2
[2022-01-30 14:40:23,227] {taskinstance.py:1240} INFO - 
--------------------------------------------------------------------------------
[2022-01-30 14:40:23,267] {taskinstance.py:1259} INFO - Executing <Task(PythonOperator): halo> on 2019-01-02 06:00:00+00:00
[2022-01-30 14:40:23,275] {standard_task_runner.py:52} INFO - Started process 274 to run task
[2022-01-30 14:40:23,282] {standard_task_runner.py:76} INFO - Running: ['***', 'tasks', 'run', 'HomeWorkWeek2', 'halo', 'scheduled__2019-01-02T06:00:00+00:00', '--job-id', '183', '--raw', '--subdir', 'DAGS_FOLDER/dag_questions1.py', '--cfg-path', '/tmp/tmp9l85gbft', '--error-file', '/tmp/tmp60o0984e']
[2022-01-30 14:40:23,284] {standard_task_runner.py:77} INFO - Job 183: Subtask halo
[2022-01-30 14:40:23,466] {logging_mixin.py:109} INFO - Running <TaskInstance: HomeWorkWeek2.halo scheduled__2019-01-02T06:00:00+00:00 [running]> on host 785c0c715caa
[2022-01-30 14:40:23,669] {taskinstance.py:1426} INFO - Exporting the following env vars:
AIRFLOW_CTX_DAG_OWNER=***
AIRFLOW_CTX_DAG_ID=HomeWorkWeek2
AIRFLOW_CTX_TASK_ID=halo
AIRFLOW_CTX_EXECUTION_DATE=2019-01-02T06:00:00+00:00
AIRFLOW_CTX_DAG_RUN_ID=scheduled__2019-01-02T06:00:00+00:00
[2022-01-30 14:40:23,673] {logging_mixin.py:109} INFO - hello world!!
[2022-01-30 14:40:23,674] {python.py:175} INFO - Done. Returned value was: None
[2022-01-30 14:40:23,717] {taskinstance.py:1277} INFO - Marking task as SUCCESS. dag_id=HomeWorkWeek2, task_id=halo, execution_date=20190102T060000, start_date=20220130T144023, end_date=20220130T144023
[2022-01-30 14:40:23,769] {local_task_job.py:154} INFO - Task exited with return code 0
[2022-01-30 14:40:23,866] {local_task_job.py:264} INFO - 0 downstream tasks scheduled from follow-on schedule check
[2022-01-30 16:05:35,645] {taskinstance.py:1032} INFO - Dependencies all met for <TaskInstance: HomeWorkWeek2.halo scheduled__2019-01-02T06:00:00+00:00 [queued]>
[2022-01-30 16:05:35,691] {taskinstance.py:1032} INFO - Dependencies all met for <TaskInstance: HomeWorkWeek2.halo scheduled__2019-01-02T06:00:00+00:00 [queued]>
[2022-01-30 16:05:35,692] {taskinstance.py:1238} INFO - 
--------------------------------------------------------------------------------
[2022-01-30 16:05:35,692] {taskinstance.py:1239} INFO - Starting attempt 1 of 2
[2022-01-30 16:05:35,693] {taskinstance.py:1240} INFO - 
--------------------------------------------------------------------------------
[2022-01-30 16:05:35,747] {taskinstance.py:1259} INFO - Executing <Task(PythonOperator): halo> on 2019-01-02 06:00:00+00:00
[2022-01-30 16:05:35,762] {standard_task_runner.py:52} INFO - Started process 822 to run task
[2022-01-30 16:05:35,775] {standard_task_runner.py:76} INFO - Running: ['***', 'tasks', 'run', 'HomeWorkWeek2', 'halo', 'scheduled__2019-01-02T06:00:00+00:00', '--job-id', '300', '--raw', '--subdir', 'DAGS_FOLDER/dag_questions1.py', '--cfg-path', '/tmp/tmpk5lgbk8g', '--error-file', '/tmp/tmpk8037yp4']
[2022-01-30 16:05:35,778] {standard_task_runner.py:77} INFO - Job 300: Subtask halo
[2022-01-30 16:05:36,040] {logging_mixin.py:109} INFO - Running <TaskInstance: HomeWorkWeek2.halo scheduled__2019-01-02T06:00:00+00:00 [running]> on host 76a6ca5a1f6b
[2022-01-30 16:05:36,236] {taskinstance.py:1426} INFO - Exporting the following env vars:
AIRFLOW_CTX_DAG_OWNER=***
AIRFLOW_CTX_DAG_ID=HomeWorkWeek2
AIRFLOW_CTX_TASK_ID=halo
AIRFLOW_CTX_EXECUTION_DATE=2019-01-02T06:00:00+00:00
AIRFLOW_CTX_DAG_RUN_ID=scheduled__2019-01-02T06:00:00+00:00
[2022-01-30 16:05:36,243] {logging_mixin.py:109} INFO - hello world!!
[2022-01-30 16:05:36,244] {python.py:175} INFO - Done. Returned value was: None
[2022-01-30 16:05:36,397] {taskinstance.py:1277} INFO - Marking task as SUCCESS. dag_id=HomeWorkWeek2, task_id=halo, execution_date=20190102T060000, start_date=20220130T160535, end_date=20220130T160536
[2022-01-30 16:05:36,472] {local_task_job.py:154} INFO - Task exited with return code 0
[2022-01-30 16:05:36,599] {local_task_job.py:264} INFO - 0 downstream tasks scheduled from follow-on schedule check
[2022-02-19 00:47:13,065] {taskinstance.py:1032} INFO - Dependencies all met for <TaskInstance: HomeWorkWeek2.halo scheduled__2019-01-02T06:00:00+00:00 [queued]>
[2022-02-19 00:47:13,115] {taskinstance.py:1032} INFO - Dependencies all met for <TaskInstance: HomeWorkWeek2.halo scheduled__2019-01-02T06:00:00+00:00 [queued]>
[2022-02-19 00:47:13,115] {taskinstance.py:1238} INFO - 
--------------------------------------------------------------------------------
[2022-02-19 00:47:13,115] {taskinstance.py:1239} INFO - Starting attempt 1 of 2
[2022-02-19 00:47:13,116] {taskinstance.py:1240} INFO - 
--------------------------------------------------------------------------------
[2022-02-19 00:47:13,164] {taskinstance.py:1259} INFO - Executing <Task(PythonOperator): halo> on 2019-01-02 06:00:00+00:00
[2022-02-19 00:47:13,173] {standard_task_runner.py:52} INFO - Started process 803 to run task
[2022-02-19 00:47:13,194] {standard_task_runner.py:76} INFO - Running: ['***', 'tasks', 'run', 'HomeWorkWeek2', 'halo', 'scheduled__2019-01-02T06:00:00+00:00', '--job-id', '525', '--raw', '--subdir', 'DAGS_FOLDER/dag_questions1.py', '--cfg-path', '/tmp/tmpicx7k3z2', '--error-file', '/tmp/tmp2532v8as']
[2022-02-19 00:47:13,206] {standard_task_runner.py:77} INFO - Job 525: Subtask halo
[2022-02-19 00:47:13,537] {logging_mixin.py:109} INFO - Running <TaskInstance: HomeWorkWeek2.halo scheduled__2019-01-02T06:00:00+00:00 [running]> on host 312f1fe573aa
[2022-02-19 00:47:13,752] {taskinstance.py:1426} INFO - Exporting the following env vars:
AIRFLOW_CTX_DAG_OWNER=***
AIRFLOW_CTX_DAG_ID=HomeWorkWeek2
AIRFLOW_CTX_TASK_ID=halo
AIRFLOW_CTX_EXECUTION_DATE=2019-01-02T06:00:00+00:00
AIRFLOW_CTX_DAG_RUN_ID=scheduled__2019-01-02T06:00:00+00:00
[2022-02-19 00:47:13,754] {logging_mixin.py:109} INFO - hello world!!
[2022-02-19 00:47:13,754] {python.py:175} INFO - Done. Returned value was: None
[2022-02-19 00:47:13,792] {taskinstance.py:1277} INFO - Marking task as SUCCESS. dag_id=HomeWorkWeek2, task_id=halo, execution_date=20190102T060000, start_date=20220219T004713, end_date=20220219T004713
[2022-02-19 00:47:13,853] {local_task_job.py:154} INFO - Task exited with return code 0
[2022-02-19 00:47:13,963] {local_task_job.py:264} INFO - 0 downstream tasks scheduled from follow-on schedule check
[2022-02-19 10:51:33,930] {taskinstance.py:1032} INFO - Dependencies all met for <TaskInstance: HomeWorkWeek2.halo scheduled__2019-01-02T06:00:00+00:00 [queued]>
[2022-02-19 10:51:33,992] {taskinstance.py:1032} INFO - Dependencies all met for <TaskInstance: HomeWorkWeek2.halo scheduled__2019-01-02T06:00:00+00:00 [queued]>
[2022-02-19 10:51:33,992] {taskinstance.py:1238} INFO - 
--------------------------------------------------------------------------------
[2022-02-19 10:51:33,993] {taskinstance.py:1239} INFO - Starting attempt 1 of 2
[2022-02-19 10:51:33,993] {taskinstance.py:1240} INFO - 
--------------------------------------------------------------------------------
[2022-02-19 10:51:34,041] {taskinstance.py:1259} INFO - Executing <Task(PythonOperator): halo> on 2019-01-02 06:00:00+00:00
[2022-02-19 10:51:34,055] {standard_task_runner.py:52} INFO - Started process 1883 to run task
[2022-02-19 10:51:34,065] {standard_task_runner.py:76} INFO - Running: ['***', 'tasks', 'run', 'HomeWorkWeek2', 'halo', 'scheduled__2019-01-02T06:00:00+00:00', '--job-id', '896', '--raw', '--subdir', 'DAGS_FOLDER/dag_questions1.py', '--cfg-path', '/tmp/tmpwb8fxqiw', '--error-file', '/tmp/tmpa0c9oo72']
[2022-02-19 10:51:34,067] {standard_task_runner.py:77} INFO - Job 896: Subtask halo
[2022-02-19 10:51:34,231] {logging_mixin.py:109} INFO - Running <TaskInstance: HomeWorkWeek2.halo scheduled__2019-01-02T06:00:00+00:00 [running]> on host f81f14254480
[2022-02-19 10:51:34,400] {taskinstance.py:1426} INFO - Exporting the following env vars:
AIRFLOW_CTX_DAG_OWNER=***
AIRFLOW_CTX_DAG_ID=HomeWorkWeek2
AIRFLOW_CTX_TASK_ID=halo
AIRFLOW_CTX_EXECUTION_DATE=2019-01-02T06:00:00+00:00
AIRFLOW_CTX_DAG_RUN_ID=scheduled__2019-01-02T06:00:00+00:00
[2022-02-19 10:51:34,402] {logging_mixin.py:109} INFO - hello world!!
[2022-02-19 10:51:34,403] {python.py:175} INFO - Done. Returned value was: None
[2022-02-19 10:51:34,439] {taskinstance.py:1277} INFO - Marking task as SUCCESS. dag_id=HomeWorkWeek2, task_id=halo, execution_date=20190102T060000, start_date=20220219T105133, end_date=20220219T105134
[2022-02-19 10:51:34,505] {local_task_job.py:154} INFO - Task exited with return code 0
[2022-02-19 10:51:34,592] {local_task_job.py:264} INFO - 0 downstream tasks scheduled from follow-on schedule check
[2022-02-19 23:36:29,317] {taskinstance.py:1032} INFO - Dependencies all met for <TaskInstance: HomeWorkWeek2.halo scheduled__2019-01-02T06:00:00+00:00 [queued]>
[2022-02-19 23:36:29,364] {taskinstance.py:1032} INFO - Dependencies all met for <TaskInstance: HomeWorkWeek2.halo scheduled__2019-01-02T06:00:00+00:00 [queued]>
[2022-02-19 23:36:29,365] {taskinstance.py:1238} INFO - 
--------------------------------------------------------------------------------
[2022-02-19 23:36:29,365] {taskinstance.py:1239} INFO - Starting attempt 1 of 2
[2022-02-19 23:36:29,366] {taskinstance.py:1240} INFO - 
--------------------------------------------------------------------------------
[2022-02-19 23:36:29,411] {taskinstance.py:1259} INFO - Executing <Task(PythonOperator): halo> on 2019-01-02 06:00:00+00:00
[2022-02-19 23:36:29,419] {standard_task_runner.py:52} INFO - Started process 21915 to run task
[2022-02-19 23:36:29,426] {standard_task_runner.py:76} INFO - Running: ['***', 'tasks', 'run', 'HomeWorkWeek2', 'halo', 'scheduled__2019-01-02T06:00:00+00:00', '--job-id', '1060', '--raw', '--subdir', 'DAGS_FOLDER/dag_questions1.py', '--cfg-path', '/tmp/tmpelf_gv7p', '--error-file', '/tmp/tmp33bhmoac']
[2022-02-19 23:36:29,428] {standard_task_runner.py:77} INFO - Job 1060: Subtask halo
[2022-02-19 23:36:29,608] {logging_mixin.py:109} INFO - Running <TaskInstance: HomeWorkWeek2.halo scheduled__2019-01-02T06:00:00+00:00 [running]> on host d9977d7db207
[2022-02-19 23:36:29,767] {taskinstance.py:1426} INFO - Exporting the following env vars:
AIRFLOW_CTX_DAG_OWNER=***
AIRFLOW_CTX_DAG_ID=HomeWorkWeek2
AIRFLOW_CTX_TASK_ID=halo
AIRFLOW_CTX_EXECUTION_DATE=2019-01-02T06:00:00+00:00
AIRFLOW_CTX_DAG_RUN_ID=scheduled__2019-01-02T06:00:00+00:00
[2022-02-19 23:36:29,769] {logging_mixin.py:109} INFO - hello world!!
[2022-02-19 23:36:29,770] {python.py:175} INFO - Done. Returned value was: None
[2022-02-19 23:36:29,805] {taskinstance.py:1277} INFO - Marking task as SUCCESS. dag_id=HomeWorkWeek2, task_id=halo, execution_date=20190102T060000, start_date=20220219T233629, end_date=20220219T233629
[2022-02-19 23:36:29,895] {local_task_job.py:154} INFO - Task exited with return code 0
[2022-02-19 23:36:29,993] {local_task_job.py:264} INFO - 0 downstream tasks scheduled from follow-on schedule check
