[2022-02-02 21:39:47,212] {taskinstance.py:1032} INFO - Dependencies all met for <TaskInstance: Question4_ZONE.local_to_gcs_task scheduled__2022-01-01T00:00:00+00:00 [queued]>
[2022-02-02 21:39:47,231] {taskinstance.py:1032} INFO - Dependencies all met for <TaskInstance: Question4_ZONE.local_to_gcs_task scheduled__2022-01-01T00:00:00+00:00 [queued]>
[2022-02-02 21:39:47,231] {taskinstance.py:1238} INFO - 
--------------------------------------------------------------------------------
[2022-02-02 21:39:47,231] {taskinstance.py:1239} INFO - Starting attempt 1 of 1
[2022-02-02 21:39:47,231] {taskinstance.py:1240} INFO - 
--------------------------------------------------------------------------------
[2022-02-02 21:39:47,248] {taskinstance.py:1259} INFO - Executing <Task(PythonOperator): local_to_gcs_task> on 2022-01-01 00:00:00+00:00
[2022-02-02 21:39:47,253] {standard_task_runner.py:52} INFO - Started process 2011 to run task
[2022-02-02 21:39:47,256] {standard_task_runner.py:76} INFO - Running: ['***', 'tasks', 'run', 'Question4_ZONE', 'local_to_gcs_task', 'scheduled__2022-01-01T00:00:00+00:00', '--job-id', '366', '--raw', '--subdir', 'DAGS_FOLDER/dag_questions4.py', '--cfg-path', '/tmp/tmpdqr6biqm', '--error-file', '/tmp/tmpjm5bboos']
[2022-02-02 21:39:47,257] {standard_task_runner.py:77} INFO - Job 366: Subtask local_to_gcs_task
[2022-02-02 21:39:47,441] {logging_mixin.py:109} INFO - Running <TaskInstance: Question4_ZONE.local_to_gcs_task scheduled__2022-01-01T00:00:00+00:00 [running]> on host d574c7c5b085
[2022-02-02 21:39:47,498] {taskinstance.py:1426} INFO - Exporting the following env vars:
AIRFLOW_CTX_DAG_OWNER=***
AIRFLOW_CTX_DAG_ID=Question4_ZONE
AIRFLOW_CTX_TASK_ID=local_to_gcs_task
AIRFLOW_CTX_EXECUTION_DATE=2022-01-01T00:00:00+00:00
AIRFLOW_CTX_DAG_RUN_ID=scheduled__2022-01-01T00:00:00+00:00
[2022-02-02 21:39:47,854] {python.py:175} INFO - Done. Returned value was: None
[2022-02-02 21:39:47,903] {taskinstance.py:1277} INFO - Marking task as SUCCESS. dag_id=Question4_ZONE, task_id=local_to_gcs_task, execution_date=20220101T000000, start_date=20220202T213947, end_date=20220202T213947
[2022-02-02 21:39:48,120] {local_task_job.py:154} INFO - Task exited with return code 0
[2022-02-02 21:39:48,447] {local_task_job.py:264} INFO - 1 downstream tasks scheduled from follow-on schedule check
