[2022-02-02 21:23:37,027] {taskinstance.py:1032} INFO - Dependencies all met for <TaskInstance: Question3_FHV.halo scheduled__2019-07-02T06:00:00+00:00 [queued]>
[2022-02-02 21:23:37,079] {taskinstance.py:1032} INFO - Dependencies all met for <TaskInstance: Question3_FHV.halo scheduled__2019-07-02T06:00:00+00:00 [queued]>
[2022-02-02 21:23:37,080] {taskinstance.py:1238} INFO - 
--------------------------------------------------------------------------------
[2022-02-02 21:23:37,080] {taskinstance.py:1239} INFO - Starting attempt 1 of 2
[2022-02-02 21:23:37,080] {taskinstance.py:1240} INFO - 
--------------------------------------------------------------------------------
[2022-02-02 21:23:37,129] {taskinstance.py:1259} INFO - Executing <Task(PythonOperator): halo> on 2019-07-02 06:00:00+00:00
[2022-02-02 21:23:37,136] {standard_task_runner.py:52} INFO - Started process 1176 to run task
[2022-02-02 21:23:37,142] {standard_task_runner.py:76} INFO - Running: ['***', 'tasks', 'run', 'Question3_FHV', 'halo', 'scheduled__2019-07-02T06:00:00+00:00', '--job-id', '339', '--raw', '--subdir', 'DAGS_FOLDER/dag_questions3.py', '--cfg-path', '/tmp/tmpbli_71q4', '--error-file', '/tmp/tmpfy8e11ua']
[2022-02-02 21:23:37,143] {standard_task_runner.py:77} INFO - Job 339: Subtask halo
[2022-02-02 21:23:37,305] {logging_mixin.py:109} INFO - Running <TaskInstance: Question3_FHV.halo scheduled__2019-07-02T06:00:00+00:00 [running]> on host d574c7c5b085
[2022-02-02 21:23:37,534] {taskinstance.py:1426} INFO - Exporting the following env vars:
AIRFLOW_CTX_DAG_OWNER=***
AIRFLOW_CTX_DAG_ID=Question3_FHV
AIRFLOW_CTX_TASK_ID=halo
AIRFLOW_CTX_EXECUTION_DATE=2019-07-02T06:00:00+00:00
AIRFLOW_CTX_DAG_RUN_ID=scheduled__2019-07-02T06:00:00+00:00
[2022-02-02 21:23:37,535] {logging_mixin.py:109} INFO - hello world!!
[2022-02-02 21:23:37,536] {python.py:175} INFO - Done. Returned value was: None
[2022-02-02 21:23:37,575] {taskinstance.py:1277} INFO - Marking task as SUCCESS. dag_id=Question3_FHV, task_id=halo, execution_date=20190702T060000, start_date=20220202T212337, end_date=20220202T212337
[2022-02-02 21:23:37,627] {local_task_job.py:154} INFO - Task exited with return code 0
[2022-02-02 21:23:37,713] {local_task_job.py:264} INFO - 0 downstream tasks scheduled from follow-on schedule check
[2022-02-09 11:41:41,955] {taskinstance.py:1032} INFO - Dependencies all met for <TaskInstance: Question3_FHV.halo scheduled__2019-07-02T06:00:00+00:00 [queued]>
[2022-02-09 11:41:42,016] {taskinstance.py:1032} INFO - Dependencies all met for <TaskInstance: Question3_FHV.halo scheduled__2019-07-02T06:00:00+00:00 [queued]>
[2022-02-09 11:41:42,017] {taskinstance.py:1238} INFO - 
--------------------------------------------------------------------------------
[2022-02-09 11:41:42,017] {taskinstance.py:1239} INFO - Starting attempt 1 of 2
[2022-02-09 11:41:42,017] {taskinstance.py:1240} INFO - 
--------------------------------------------------------------------------------
[2022-02-09 11:41:42,077] {taskinstance.py:1259} INFO - Executing <Task(PythonOperator): halo> on 2019-07-02 06:00:00+00:00
[2022-02-09 11:41:42,085] {standard_task_runner.py:52} INFO - Started process 991 to run task
[2022-02-09 11:41:42,092] {standard_task_runner.py:76} INFO - Running: ['***', 'tasks', 'run', 'Question3_FHV', 'halo', 'scheduled__2019-07-02T06:00:00+00:00', '--job-id', '416', '--raw', '--subdir', 'DAGS_FOLDER/dag_questions3.py', '--cfg-path', '/tmp/tmphudiclnp', '--error-file', '/tmp/tmpbc3xkvmj']
[2022-02-09 11:41:42,095] {standard_task_runner.py:77} INFO - Job 416: Subtask halo
[2022-02-09 11:41:42,346] {logging_mixin.py:109} INFO - Running <TaskInstance: Question3_FHV.halo scheduled__2019-07-02T06:00:00+00:00 [running]> on host c5795c3f6004
[2022-02-09 11:41:42,569] {taskinstance.py:1426} INFO - Exporting the following env vars:
AIRFLOW_CTX_DAG_OWNER=***
AIRFLOW_CTX_DAG_ID=Question3_FHV
AIRFLOW_CTX_TASK_ID=halo
AIRFLOW_CTX_EXECUTION_DATE=2019-07-02T06:00:00+00:00
AIRFLOW_CTX_DAG_RUN_ID=scheduled__2019-07-02T06:00:00+00:00
[2022-02-09 11:41:42,571] {logging_mixin.py:109} INFO - hello world!!
[2022-02-09 11:41:42,571] {python.py:175} INFO - Done. Returned value was: None
[2022-02-09 11:41:42,648] {taskinstance.py:1277} INFO - Marking task as SUCCESS. dag_id=Question3_FHV, task_id=halo, execution_date=20190702T060000, start_date=20220209T114141, end_date=20220209T114142
[2022-02-09 11:41:42,740] {local_task_job.py:154} INFO - Task exited with return code 0
[2022-02-09 11:41:42,843] {local_task_job.py:264} INFO - 0 downstream tasks scheduled from follow-on schedule check
[2022-02-10 01:13:30,559] {taskinstance.py:1032} INFO - Dependencies all met for <TaskInstance: Question3_FHV.halo scheduled__2019-07-02T06:00:00+00:00 [queued]>
[2022-02-10 01:13:30,611] {taskinstance.py:1032} INFO - Dependencies all met for <TaskInstance: Question3_FHV.halo scheduled__2019-07-02T06:00:00+00:00 [queued]>
[2022-02-10 01:13:30,611] {taskinstance.py:1238} INFO - 
--------------------------------------------------------------------------------
[2022-02-10 01:13:30,612] {taskinstance.py:1239} INFO - Starting attempt 1 of 2
[2022-02-10 01:13:30,612] {taskinstance.py:1240} INFO - 
--------------------------------------------------------------------------------
[2022-02-10 01:13:30,694] {taskinstance.py:1259} INFO - Executing <Task(PythonOperator): halo> on 2019-07-02 06:00:00+00:00
[2022-02-10 01:13:30,709] {standard_task_runner.py:52} INFO - Started process 7407 to run task
[2022-02-10 01:13:30,724] {standard_task_runner.py:76} INFO - Running: ['***', 'tasks', 'run', 'Question3_FHV', 'halo', 'scheduled__2019-07-02T06:00:00+00:00', '--job-id', '482', '--raw', '--subdir', 'DAGS_FOLDER/dag_questions3.py', '--cfg-path', '/tmp/tmp_ib76s99', '--error-file', '/tmp/tmpgy1ir4fq']
[2022-02-10 01:13:30,732] {standard_task_runner.py:77} INFO - Job 482: Subtask halo
[2022-02-10 01:13:31,017] {logging_mixin.py:109} INFO - Running <TaskInstance: Question3_FHV.halo scheduled__2019-07-02T06:00:00+00:00 [running]> on host 0fd4ea805f5e
[2022-02-10 01:13:31,214] {taskinstance.py:1426} INFO - Exporting the following env vars:
AIRFLOW_CTX_DAG_OWNER=***
AIRFLOW_CTX_DAG_ID=Question3_FHV
AIRFLOW_CTX_TASK_ID=halo
AIRFLOW_CTX_EXECUTION_DATE=2019-07-02T06:00:00+00:00
AIRFLOW_CTX_DAG_RUN_ID=scheduled__2019-07-02T06:00:00+00:00
[2022-02-10 01:13:31,217] {logging_mixin.py:109} INFO - hello world!!
[2022-02-10 01:13:31,217] {python.py:175} INFO - Done. Returned value was: None
[2022-02-10 01:13:31,267] {taskinstance.py:1277} INFO - Marking task as SUCCESS. dag_id=Question3_FHV, task_id=halo, execution_date=20190702T060000, start_date=20220210T011330, end_date=20220210T011331
[2022-02-10 01:13:31,337] {local_task_job.py:154} INFO - Task exited with return code 0
[2022-02-10 01:13:31,455] {local_task_job.py:264} INFO - 0 downstream tasks scheduled from follow-on schedule check
[2022-02-19 01:51:44,864] {taskinstance.py:1032} INFO - Dependencies all met for <TaskInstance: Question3_FHV.halo scheduled__2019-07-02T06:00:00+00:00 [queued]>
[2022-02-19 01:51:44,909] {taskinstance.py:1032} INFO - Dependencies all met for <TaskInstance: Question3_FHV.halo scheduled__2019-07-02T06:00:00+00:00 [queued]>
[2022-02-19 01:51:44,910] {taskinstance.py:1238} INFO - 
--------------------------------------------------------------------------------
[2022-02-19 01:51:44,910] {taskinstance.py:1239} INFO - Starting attempt 1 of 2
[2022-02-19 01:51:44,910] {taskinstance.py:1240} INFO - 
--------------------------------------------------------------------------------
[2022-02-19 01:51:44,953] {taskinstance.py:1259} INFO - Executing <Task(PythonOperator): halo> on 2019-07-02 06:00:00+00:00
[2022-02-19 01:51:44,965] {standard_task_runner.py:52} INFO - Started process 4145 to run task
[2022-02-19 01:51:44,979] {standard_task_runner.py:76} INFO - Running: ['***', 'tasks', 'run', 'Question3_FHV', 'halo', 'scheduled__2019-07-02T06:00:00+00:00', '--job-id', '643', '--raw', '--subdir', 'DAGS_FOLDER/dag_questions3.py', '--cfg-path', '/tmp/tmpta0xuj33', '--error-file', '/tmp/tmp0nzq2err']
[2022-02-19 01:51:44,980] {standard_task_runner.py:77} INFO - Job 643: Subtask halo
[2022-02-19 01:51:45,283] {logging_mixin.py:109} INFO - Running <TaskInstance: Question3_FHV.halo scheduled__2019-07-02T06:00:00+00:00 [running]> on host 312f1fe573aa
[2022-02-19 01:51:45,463] {taskinstance.py:1426} INFO - Exporting the following env vars:
AIRFLOW_CTX_DAG_OWNER=***
AIRFLOW_CTX_DAG_ID=Question3_FHV
AIRFLOW_CTX_TASK_ID=halo
AIRFLOW_CTX_EXECUTION_DATE=2019-07-02T06:00:00+00:00
AIRFLOW_CTX_DAG_RUN_ID=scheduled__2019-07-02T06:00:00+00:00
[2022-02-19 01:51:45,465] {logging_mixin.py:109} INFO - hello world!!
[2022-02-19 01:51:45,465] {python.py:175} INFO - Done. Returned value was: None
[2022-02-19 01:51:45,505] {taskinstance.py:1277} INFO - Marking task as SUCCESS. dag_id=Question3_FHV, task_id=halo, execution_date=20190702T060000, start_date=20220219T015144, end_date=20220219T015145
[2022-02-19 01:51:45,566] {local_task_job.py:154} INFO - Task exited with return code 0
[2022-02-19 01:51:45,662] {local_task_job.py:264} INFO - 0 downstream tasks scheduled from follow-on schedule check
[2022-02-19 11:51:15,548] {taskinstance.py:1032} INFO - Dependencies all met for <TaskInstance: Question3_FHV.halo scheduled__2019-07-02T06:00:00+00:00 [queued]>
[2022-02-19 11:51:15,602] {taskinstance.py:1032} INFO - Dependencies all met for <TaskInstance: Question3_FHV.halo scheduled__2019-07-02T06:00:00+00:00 [queued]>
[2022-02-19 11:51:15,602] {taskinstance.py:1238} INFO - 
--------------------------------------------------------------------------------
[2022-02-19 11:51:15,603] {taskinstance.py:1239} INFO - Starting attempt 1 of 2
[2022-02-19 11:51:15,603] {taskinstance.py:1240} INFO - 
--------------------------------------------------------------------------------
[2022-02-19 11:51:15,656] {taskinstance.py:1259} INFO - Executing <Task(PythonOperator): halo> on 2019-07-02 06:00:00+00:00
[2022-02-19 11:51:15,668] {standard_task_runner.py:52} INFO - Started process 4982 to run task
[2022-02-19 11:51:15,681] {standard_task_runner.py:76} INFO - Running: ['***', 'tasks', 'run', 'Question3_FHV', 'halo', 'scheduled__2019-07-02T06:00:00+00:00', '--job-id', '1013', '--raw', '--subdir', 'DAGS_FOLDER/dag_questions3.py', '--cfg-path', '/tmp/tmp5msqpk4a', '--error-file', '/tmp/tmpc7jv8o7k']
[2022-02-19 11:51:15,683] {standard_task_runner.py:77} INFO - Job 1013: Subtask halo
[2022-02-19 11:51:15,897] {logging_mixin.py:109} INFO - Running <TaskInstance: Question3_FHV.halo scheduled__2019-07-02T06:00:00+00:00 [running]> on host f81f14254480
[2022-02-19 11:51:16,102] {taskinstance.py:1426} INFO - Exporting the following env vars:
AIRFLOW_CTX_DAG_OWNER=***
AIRFLOW_CTX_DAG_ID=Question3_FHV
AIRFLOW_CTX_TASK_ID=halo
AIRFLOW_CTX_EXECUTION_DATE=2019-07-02T06:00:00+00:00
AIRFLOW_CTX_DAG_RUN_ID=scheduled__2019-07-02T06:00:00+00:00
[2022-02-19 11:51:16,105] {logging_mixin.py:109} INFO - hello world!!
[2022-02-19 11:51:16,106] {python.py:175} INFO - Done. Returned value was: None
[2022-02-19 11:51:16,148] {taskinstance.py:1277} INFO - Marking task as SUCCESS. dag_id=Question3_FHV, task_id=halo, execution_date=20190702T060000, start_date=20220219T115115, end_date=20220219T115116
[2022-02-19 11:51:16,217] {local_task_job.py:154} INFO - Task exited with return code 0
[2022-02-19 11:51:16,324] {local_task_job.py:264} INFO - 0 downstream tasks scheduled from follow-on schedule check
