[2022-01-30 13:07:15,825] {taskinstance.py:1032} INFO - Dependencies all met for <TaskInstance: HomeWorkWeek2.halo scheduled__2020-10-02T06:00:00+00:00 [queued]>
[2022-01-30 13:07:15,868] {taskinstance.py:1032} INFO - Dependencies all met for <TaskInstance: HomeWorkWeek2.halo scheduled__2020-10-02T06:00:00+00:00 [queued]>
[2022-01-30 13:07:15,869] {taskinstance.py:1238} INFO - 
--------------------------------------------------------------------------------
[2022-01-30 13:07:15,869] {taskinstance.py:1239} INFO - Starting attempt 1 of 2
[2022-01-30 13:07:15,870] {taskinstance.py:1240} INFO - 
--------------------------------------------------------------------------------
[2022-01-30 13:07:15,912] {taskinstance.py:1259} INFO - Executing <Task(PythonOperator): halo> on 2020-10-02 06:00:00+00:00
[2022-01-30 13:07:15,920] {standard_task_runner.py:52} INFO - Started process 2923 to run task
[2022-01-30 13:07:15,926] {standard_task_runner.py:76} INFO - Running: ['***', 'tasks', 'run', 'HomeWorkWeek2', 'halo', 'scheduled__2020-10-02T06:00:00+00:00', '--job-id', '150', '--raw', '--subdir', 'DAGS_FOLDER/dag_questions1.py', '--cfg-path', '/tmp/tmpmbxryg68', '--error-file', '/tmp/tmpgy04tpz3']
[2022-01-30 13:07:15,929] {standard_task_runner.py:77} INFO - Job 150: Subtask halo
[2022-01-30 13:07:16,119] {logging_mixin.py:109} INFO - Running <TaskInstance: HomeWorkWeek2.halo scheduled__2020-10-02T06:00:00+00:00 [running]> on host 4b3b8c5e49b1
[2022-01-30 13:07:16,428] {taskinstance.py:1426} INFO - Exporting the following env vars:
AIRFLOW_CTX_DAG_OWNER=***
AIRFLOW_CTX_DAG_ID=HomeWorkWeek2
AIRFLOW_CTX_TASK_ID=halo
AIRFLOW_CTX_EXECUTION_DATE=2020-10-02T06:00:00+00:00
AIRFLOW_CTX_DAG_RUN_ID=scheduled__2020-10-02T06:00:00+00:00
[2022-01-30 13:07:16,431] {logging_mixin.py:109} INFO - helloworld
[2022-01-30 13:07:16,431] {python.py:175} INFO - Done. Returned value was: None
[2022-01-30 13:07:16,470] {taskinstance.py:1277} INFO - Marking task as SUCCESS. dag_id=HomeWorkWeek2, task_id=halo, execution_date=20201002T060000, start_date=20220130T130715, end_date=20220130T130716
[2022-01-30 13:07:16,575] {local_task_job.py:154} INFO - Task exited with return code 0
[2022-01-30 13:07:16,706] {local_task_job.py:264} INFO - 0 downstream tasks scheduled from follow-on schedule check
[2022-01-30 14:56:10,000] {taskinstance.py:1032} INFO - Dependencies all met for <TaskInstance: HomeWorkWeek2.halo scheduled__2020-10-02T06:00:00+00:00 [queued]>
[2022-01-30 14:56:10,052] {taskinstance.py:1032} INFO - Dependencies all met for <TaskInstance: HomeWorkWeek2.halo scheduled__2020-10-02T06:00:00+00:00 [queued]>
[2022-01-30 14:56:10,053] {taskinstance.py:1238} INFO - 
--------------------------------------------------------------------------------
[2022-01-30 14:56:10,053] {taskinstance.py:1239} INFO - Starting attempt 1 of 2
[2022-01-30 14:56:10,053] {taskinstance.py:1240} INFO - 
--------------------------------------------------------------------------------
[2022-01-30 14:56:10,118] {taskinstance.py:1259} INFO - Executing <Task(PythonOperator): halo> on 2020-10-02 06:00:00+00:00
[2022-01-30 14:56:10,126] {standard_task_runner.py:52} INFO - Started process 1344 to run task
[2022-01-30 14:56:10,140] {standard_task_runner.py:76} INFO - Running: ['***', 'tasks', 'run', 'HomeWorkWeek2', 'halo', 'scheduled__2020-10-02T06:00:00+00:00', '--job-id', '246', '--raw', '--subdir', 'DAGS_FOLDER/dag_questions1.py', '--cfg-path', '/tmp/tmpgkm7ga4i', '--error-file', '/tmp/tmpz515pou0']
[2022-01-30 14:56:10,142] {standard_task_runner.py:77} INFO - Job 246: Subtask halo
[2022-01-30 14:56:10,356] {logging_mixin.py:109} INFO - Running <TaskInstance: HomeWorkWeek2.halo scheduled__2020-10-02T06:00:00+00:00 [running]> on host 785c0c715caa
[2022-01-30 14:56:10,562] {taskinstance.py:1426} INFO - Exporting the following env vars:
AIRFLOW_CTX_DAG_OWNER=***
AIRFLOW_CTX_DAG_ID=HomeWorkWeek2
AIRFLOW_CTX_TASK_ID=halo
AIRFLOW_CTX_EXECUTION_DATE=2020-10-02T06:00:00+00:00
AIRFLOW_CTX_DAG_RUN_ID=scheduled__2020-10-02T06:00:00+00:00
[2022-01-30 14:56:10,564] {logging_mixin.py:109} INFO - hello world!!
[2022-01-30 14:56:10,565] {python.py:175} INFO - Done. Returned value was: None
[2022-01-30 14:56:10,604] {taskinstance.py:1277} INFO - Marking task as SUCCESS. dag_id=HomeWorkWeek2, task_id=halo, execution_date=20201002T060000, start_date=20220130T145610, end_date=20220130T145610
[2022-01-30 14:56:10,672] {local_task_job.py:154} INFO - Task exited with return code 0
[2022-01-30 14:56:11,074] {local_task_job.py:264} INFO - 0 downstream tasks scheduled from follow-on schedule check
[2022-02-19 01:37:04,986] {taskinstance.py:1032} INFO - Dependencies all met for <TaskInstance: HomeWorkWeek2.halo scheduled__2020-10-02T06:00:00+00:00 [queued]>
[2022-02-19 01:37:05,043] {taskinstance.py:1032} INFO - Dependencies all met for <TaskInstance: HomeWorkWeek2.halo scheduled__2020-10-02T06:00:00+00:00 [queued]>
[2022-02-19 01:37:05,044] {taskinstance.py:1238} INFO - 
--------------------------------------------------------------------------------
[2022-02-19 01:37:05,045] {taskinstance.py:1239} INFO - Starting attempt 1 of 2
[2022-02-19 01:37:05,045] {taskinstance.py:1240} INFO - 
--------------------------------------------------------------------------------
[2022-02-19 01:37:05,096] {taskinstance.py:1259} INFO - Executing <Task(PythonOperator): halo> on 2020-10-02 06:00:00+00:00
[2022-02-19 01:37:05,105] {standard_task_runner.py:52} INFO - Started process 3358 to run task
[2022-02-19 01:37:05,111] {standard_task_runner.py:76} INFO - Running: ['***', 'tasks', 'run', 'HomeWorkWeek2', 'halo', 'scheduled__2020-10-02T06:00:00+00:00', '--job-id', '609', '--raw', '--subdir', 'DAGS_FOLDER/dag_questions1.py', '--cfg-path', '/tmp/tmpw_5_v2tz', '--error-file', '/tmp/tmpeg449pc_']
[2022-02-19 01:37:05,113] {standard_task_runner.py:77} INFO - Job 609: Subtask halo
[2022-02-19 01:37:05,277] {logging_mixin.py:109} INFO - Running <TaskInstance: HomeWorkWeek2.halo scheduled__2020-10-02T06:00:00+00:00 [running]> on host 312f1fe573aa
[2022-02-19 01:37:05,457] {taskinstance.py:1426} INFO - Exporting the following env vars:
AIRFLOW_CTX_DAG_OWNER=***
AIRFLOW_CTX_DAG_ID=HomeWorkWeek2
AIRFLOW_CTX_TASK_ID=halo
AIRFLOW_CTX_EXECUTION_DATE=2020-10-02T06:00:00+00:00
AIRFLOW_CTX_DAG_RUN_ID=scheduled__2020-10-02T06:00:00+00:00
[2022-02-19 01:37:05,459] {logging_mixin.py:109} INFO - hello world!!
[2022-02-19 01:37:05,459] {python.py:175} INFO - Done. Returned value was: None
[2022-02-19 01:37:05,501] {taskinstance.py:1277} INFO - Marking task as SUCCESS. dag_id=HomeWorkWeek2, task_id=halo, execution_date=20201002T060000, start_date=20220219T013704, end_date=20220219T013705
[2022-02-19 01:37:05,581] {local_task_job.py:154} INFO - Task exited with return code 0
[2022-02-19 01:37:05,673] {local_task_job.py:264} INFO - 0 downstream tasks scheduled from follow-on schedule check
