[2022-01-30 12:59:18,154] {taskinstance.py:1032} INFO - Dependencies all met for <TaskInstance: HomeWorkWeek2.dowdata scheduled__2019-09-02T06:00:00+00:00 [queued]>
[2022-01-30 12:59:18,328] {taskinstance.py:1032} INFO - Dependencies all met for <TaskInstance: HomeWorkWeek2.dowdata scheduled__2019-09-02T06:00:00+00:00 [queued]>
[2022-01-30 12:59:18,329] {taskinstance.py:1238} INFO - 
--------------------------------------------------------------------------------
[2022-01-30 12:59:18,329] {taskinstance.py:1239} INFO - Starting attempt 1 of 2
[2022-01-30 12:59:18,329] {taskinstance.py:1240} INFO - 
--------------------------------------------------------------------------------
[2022-01-30 12:59:18,389] {taskinstance.py:1259} INFO - Executing <Task(BashOperator): dowdata> on 2019-09-02 06:00:00+00:00
[2022-01-30 12:59:18,402] {standard_task_runner.py:52} INFO - Started process 2452 to run task
[2022-01-30 12:59:18,437] {standard_task_runner.py:76} INFO - Running: ['***', 'tasks', 'run', 'HomeWorkWeek2', 'dowdata', 'scheduled__2019-09-02T06:00:00+00:00', '--job-id', '120', '--raw', '--subdir', 'DAGS_FOLDER/dag_questions1.py', '--cfg-path', '/tmp/tmp6y94yjr0', '--error-file', '/tmp/tmp2h65c51n']
[2022-01-30 12:59:18,439] {standard_task_runner.py:77} INFO - Job 120: Subtask dowdata
[2022-01-30 12:59:18,667] {logging_mixin.py:109} INFO - Running <TaskInstance: HomeWorkWeek2.dowdata scheduled__2019-09-02T06:00:00+00:00 [running]> on host 4b3b8c5e49b1
[2022-01-30 12:59:18,838] {warnings.py:110} WARNING - /home/***/.local/lib/python3.7/site-packages/***/utils/context.py:152: AirflowContextDeprecationWarning: Accessing 'execution_date' from the template is deprecated and will be removed in a future version. Please use 'data_interval_start' or 'logical_date' instead.
  warnings.warn(_create_deprecation_warning(key, self._deprecation_replacements[key]))

[2022-01-30 12:59:18,949] {taskinstance.py:1426} INFO - Exporting the following env vars:
AIRFLOW_CTX_DAG_OWNER=***
AIRFLOW_CTX_DAG_ID=HomeWorkWeek2
AIRFLOW_CTX_TASK_ID=dowdata
AIRFLOW_CTX_EXECUTION_DATE=2019-09-02T06:00:00+00:00
AIRFLOW_CTX_DAG_RUN_ID=scheduled__2019-09-02T06:00:00+00:00
[2022-01-30 12:59:18,955] {subprocess.py:62} INFO - Tmp dir root location: 
 /tmp
[2022-01-30 12:59:18,956] {subprocess.py:74} INFO - Running command: ['bash', '-c', 'curl -sSLf https://s3.amazonaws.com/nyc-tlc/trip+data/yellow_tripdata_2019-09.csv > /opt/***output_2019-09.csv']
[2022-01-30 12:59:18,980] {subprocess.py:85} INFO - Output:
[2022-01-30 13:02:18,870] {subprocess.py:93} INFO - Command exited with return code 0
[2022-01-30 13:02:18,962] {taskinstance.py:1277} INFO - Marking task as SUCCESS. dag_id=HomeWorkWeek2, task_id=dowdata, execution_date=20190902T060000, start_date=20220130T125918, end_date=20220130T130218
[2022-01-30 13:02:19,055] {local_task_job.py:154} INFO - Task exited with return code 0
[2022-01-30 13:02:19,165] {local_task_job.py:264} INFO - 1 downstream tasks scheduled from follow-on schedule check
[2022-01-30 14:47:03,881] {taskinstance.py:1032} INFO - Dependencies all met for <TaskInstance: HomeWorkWeek2.dowdata scheduled__2019-09-02T06:00:00+00:00 [queued]>
[2022-01-30 14:47:03,938] {taskinstance.py:1032} INFO - Dependencies all met for <TaskInstance: HomeWorkWeek2.dowdata scheduled__2019-09-02T06:00:00+00:00 [queued]>
[2022-01-30 14:47:03,941] {taskinstance.py:1238} INFO - 
--------------------------------------------------------------------------------
[2022-01-30 14:47:03,941] {taskinstance.py:1239} INFO - Starting attempt 1 of 2
[2022-01-30 14:47:03,945] {taskinstance.py:1240} INFO - 
--------------------------------------------------------------------------------
[2022-01-30 14:47:04,002] {taskinstance.py:1259} INFO - Executing <Task(BashOperator): dowdata> on 2019-09-02 06:00:00+00:00
[2022-01-30 14:47:04,011] {standard_task_runner.py:52} INFO - Started process 684 to run task
[2022-01-30 14:47:04,019] {standard_task_runner.py:76} INFO - Running: ['***', 'tasks', 'run', 'HomeWorkWeek2', 'dowdata', 'scheduled__2019-09-02T06:00:00+00:00', '--job-id', '203', '--raw', '--subdir', 'DAGS_FOLDER/dag_questions1.py', '--cfg-path', '/tmp/tmpzw73pa3a', '--error-file', '/tmp/tmp9ij6sozn']
[2022-01-30 14:47:04,021] {standard_task_runner.py:77} INFO - Job 203: Subtask dowdata
[2022-01-30 14:47:04,234] {logging_mixin.py:109} INFO - Running <TaskInstance: HomeWorkWeek2.dowdata scheduled__2019-09-02T06:00:00+00:00 [running]> on host 785c0c715caa
[2022-01-30 14:47:04,452] {warnings.py:110} WARNING - /home/***/.local/lib/python3.7/site-packages/***/utils/context.py:152: AirflowContextDeprecationWarning: Accessing 'execution_date' from the template is deprecated and will be removed in a future version. Please use 'data_interval_start' or 'logical_date' instead.
  warnings.warn(_create_deprecation_warning(key, self._deprecation_replacements[key]))

[2022-01-30 14:47:04,537] {taskinstance.py:1426} INFO - Exporting the following env vars:
AIRFLOW_CTX_DAG_OWNER=***
AIRFLOW_CTX_DAG_ID=HomeWorkWeek2
AIRFLOW_CTX_TASK_ID=dowdata
AIRFLOW_CTX_EXECUTION_DATE=2019-09-02T06:00:00+00:00
AIRFLOW_CTX_DAG_RUN_ID=scheduled__2019-09-02T06:00:00+00:00
[2022-01-30 14:47:04,541] {subprocess.py:62} INFO - Tmp dir root location: 
 /tmp
[2022-01-30 14:47:04,543] {subprocess.py:74} INFO - Running command: ['bash', '-c', 'curl -sSLf https://s3.amazonaws.com/nyc-tlc/trip+data/yellow_tripdata_2019-09.csv > /opt/***output_2019-09.csv']
[2022-01-30 14:47:04,565] {subprocess.py:85} INFO - Output:
[2022-01-30 14:48:43,141] {subprocess.py:93} INFO - Command exited with return code 0
[2022-01-30 14:48:43,264] {taskinstance.py:1277} INFO - Marking task as SUCCESS. dag_id=HomeWorkWeek2, task_id=dowdata, execution_date=20190902T060000, start_date=20220130T144703, end_date=20220130T144843
[2022-01-30 14:48:43,355] {local_task_job.py:154} INFO - Task exited with return code 0
[2022-01-30 14:48:43,588] {local_task_job.py:264} INFO - 1 downstream tasks scheduled from follow-on schedule check
[2022-02-19 01:06:22,818] {taskinstance.py:1032} INFO - Dependencies all met for <TaskInstance: HomeWorkWeek2.dowdata scheduled__2019-09-02T06:00:00+00:00 [queued]>
[2022-02-19 01:06:22,869] {taskinstance.py:1032} INFO - Dependencies all met for <TaskInstance: HomeWorkWeek2.dowdata scheduled__2019-09-02T06:00:00+00:00 [queued]>
[2022-02-19 01:06:22,869] {taskinstance.py:1238} INFO - 
--------------------------------------------------------------------------------
[2022-02-19 01:06:22,870] {taskinstance.py:1239} INFO - Starting attempt 1 of 2
[2022-02-19 01:06:22,870] {taskinstance.py:1240} INFO - 
--------------------------------------------------------------------------------
[2022-02-19 01:06:22,912] {taskinstance.py:1259} INFO - Executing <Task(BashOperator): dowdata> on 2019-09-02 06:00:00+00:00
[2022-02-19 01:06:22,919] {standard_task_runner.py:52} INFO - Started process 1729 to run task
[2022-02-19 01:06:22,925] {standard_task_runner.py:76} INFO - Running: ['***', 'tasks', 'run', 'HomeWorkWeek2', 'dowdata', 'scheduled__2019-09-02T06:00:00+00:00', '--job-id', '546', '--raw', '--subdir', 'DAGS_FOLDER/dag_questions1.py', '--cfg-path', '/tmp/tmppyzn4tqd', '--error-file', '/tmp/tmpaxcj4zn6']
[2022-02-19 01:06:22,927] {standard_task_runner.py:77} INFO - Job 546: Subtask dowdata
[2022-02-19 01:06:23,120] {logging_mixin.py:109} INFO - Running <TaskInstance: HomeWorkWeek2.dowdata scheduled__2019-09-02T06:00:00+00:00 [running]> on host 312f1fe573aa
[2022-02-19 01:06:23,278] {warnings.py:110} WARNING - /home/***/.local/lib/python3.7/site-packages/***/utils/context.py:152: AirflowContextDeprecationWarning: Accessing 'execution_date' from the template is deprecated and will be removed in a future version. Please use 'data_interval_start' or 'logical_date' instead.
  warnings.warn(_create_deprecation_warning(key, self._deprecation_replacements[key]))

[2022-02-19 01:06:23,336] {taskinstance.py:1426} INFO - Exporting the following env vars:
AIRFLOW_CTX_DAG_OWNER=***
AIRFLOW_CTX_DAG_ID=HomeWorkWeek2
AIRFLOW_CTX_TASK_ID=dowdata
AIRFLOW_CTX_EXECUTION_DATE=2019-09-02T06:00:00+00:00
AIRFLOW_CTX_DAG_RUN_ID=scheduled__2019-09-02T06:00:00+00:00
[2022-02-19 01:06:23,339] {subprocess.py:62} INFO - Tmp dir root location: 
 /tmp
[2022-02-19 01:06:23,340] {subprocess.py:74} INFO - Running command: ['bash', '-c', 'curl -sSLf https://s3.amazonaws.com/nyc-tlc/trip+data/yellow_tripdata_2019-09.csv > /opt/***output_2019-09.csv']
[2022-02-19 01:06:23,359] {subprocess.py:85} INFO - Output:
[2022-02-19 01:07:21,072] {subprocess.py:93} INFO - Command exited with return code 0
[2022-02-19 01:07:21,149] {taskinstance.py:1277} INFO - Marking task as SUCCESS. dag_id=HomeWorkWeek2, task_id=dowdata, execution_date=20190902T060000, start_date=20220219T010622, end_date=20220219T010721
[2022-02-19 01:07:21,243] {local_task_job.py:154} INFO - Task exited with return code 0
[2022-02-19 01:07:21,365] {local_task_job.py:264} INFO - 1 downstream tasks scheduled from follow-on schedule check
