[2022-01-30 14:54:17,935] {taskinstance.py:1032} INFO - Dependencies all met for <TaskInstance: HomeWorkWeek2.csv_to_parquet scheduled__2020-06-02T06:00:00+00:00 [queued]>
[2022-01-30 14:54:17,981] {taskinstance.py:1032} INFO - Dependencies all met for <TaskInstance: HomeWorkWeek2.csv_to_parquet scheduled__2020-06-02T06:00:00+00:00 [queued]>
[2022-01-30 14:54:17,981] {taskinstance.py:1238} INFO - 
--------------------------------------------------------------------------------
[2022-01-30 14:54:17,982] {taskinstance.py:1239} INFO - Starting attempt 1 of 2
[2022-01-30 14:54:17,982] {taskinstance.py:1240} INFO - 
--------------------------------------------------------------------------------
[2022-01-30 14:54:18,044] {taskinstance.py:1259} INFO - Executing <Task(PythonOperator): csv_to_parquet> on 2020-06-02 06:00:00+00:00
[2022-01-30 14:54:18,055] {standard_task_runner.py:52} INFO - Started process 1180 to run task
[2022-01-30 14:54:18,063] {standard_task_runner.py:76} INFO - Running: ['***', 'tasks', 'run', 'HomeWorkWeek2', 'csv_to_parquet', 'scheduled__2020-06-02T06:00:00+00:00', '--job-id', '232', '--raw', '--subdir', 'DAGS_FOLDER/dag_questions1.py', '--cfg-path', '/tmp/tmptbo_bjoe', '--error-file', '/tmp/tmp1uvhfxj2']
[2022-01-30 14:54:18,066] {standard_task_runner.py:77} INFO - Job 232: Subtask csv_to_parquet
[2022-01-30 14:54:18,331] {logging_mixin.py:109} INFO - Running <TaskInstance: HomeWorkWeek2.csv_to_parquet scheduled__2020-06-02T06:00:00+00:00 [running]> on host 785c0c715caa
[2022-01-30 14:54:18,616] {warnings.py:110} WARNING - /home/***/.local/lib/python3.7/site-packages/***/utils/context.py:152: AirflowContextDeprecationWarning: Accessing 'execution_date' from the template is deprecated and will be removed in a future version. Please use 'data_interval_start' or 'logical_date' instead.
  warnings.warn(_create_deprecation_warning(key, self._deprecation_replacements[key]))

[2022-01-30 14:54:18,690] {taskinstance.py:1426} INFO - Exporting the following env vars:
AIRFLOW_CTX_DAG_OWNER=***
AIRFLOW_CTX_DAG_ID=HomeWorkWeek2
AIRFLOW_CTX_TASK_ID=csv_to_parquet
AIRFLOW_CTX_EXECUTION_DATE=2020-06-02T06:00:00+00:00
AIRFLOW_CTX_DAG_RUN_ID=scheduled__2020-06-02T06:00:00+00:00
[2022-01-30 14:54:20,837] {python.py:175} INFO - Done. Returned value was: None
[2022-01-30 14:54:20,922] {taskinstance.py:1277} INFO - Marking task as SUCCESS. dag_id=HomeWorkWeek2, task_id=csv_to_parquet, execution_date=20200602T060000, start_date=20220130T145417, end_date=20220130T145420
[2022-01-30 14:54:21,055] {local_task_job.py:154} INFO - Task exited with return code 0
[2022-01-30 14:54:21,169] {local_task_job.py:264} INFO - 1 downstream tasks scheduled from follow-on schedule check
[2022-02-19 01:32:38,682] {taskinstance.py:1032} INFO - Dependencies all met for <TaskInstance: HomeWorkWeek2.csv_to_parquet scheduled__2020-06-02T06:00:00+00:00 [queued]>
[2022-02-19 01:32:38,732] {taskinstance.py:1032} INFO - Dependencies all met for <TaskInstance: HomeWorkWeek2.csv_to_parquet scheduled__2020-06-02T06:00:00+00:00 [queued]>
[2022-02-19 01:32:38,733] {taskinstance.py:1238} INFO - 
--------------------------------------------------------------------------------
[2022-02-19 01:32:38,733] {taskinstance.py:1239} INFO - Starting attempt 1 of 2
[2022-02-19 01:32:38,733] {taskinstance.py:1240} INFO - 
--------------------------------------------------------------------------------
[2022-02-19 01:32:38,779] {taskinstance.py:1259} INFO - Executing <Task(PythonOperator): csv_to_parquet> on 2020-06-02 06:00:00+00:00
[2022-02-19 01:32:38,787] {standard_task_runner.py:52} INFO - Started process 3042 to run task
[2022-02-19 01:32:38,796] {standard_task_runner.py:76} INFO - Running: ['***', 'tasks', 'run', 'HomeWorkWeek2', 'csv_to_parquet', 'scheduled__2020-06-02T06:00:00+00:00', '--job-id', '584', '--raw', '--subdir', 'DAGS_FOLDER/dag_questions1.py', '--cfg-path', '/tmp/tmp06wl6zks', '--error-file', '/tmp/tmpe7k41s_b']
[2022-02-19 01:32:38,797] {standard_task_runner.py:77} INFO - Job 584: Subtask csv_to_parquet
[2022-02-19 01:32:39,029] {logging_mixin.py:109} INFO - Running <TaskInstance: HomeWorkWeek2.csv_to_parquet scheduled__2020-06-02T06:00:00+00:00 [running]> on host 312f1fe573aa
[2022-02-19 01:32:39,172] {warnings.py:110} WARNING - /home/***/.local/lib/python3.7/site-packages/***/utils/context.py:152: AirflowContextDeprecationWarning: Accessing 'execution_date' from the template is deprecated and will be removed in a future version. Please use 'data_interval_start' or 'logical_date' instead.
  warnings.warn(_create_deprecation_warning(key, self._deprecation_replacements[key]))

[2022-02-19 01:32:39,229] {taskinstance.py:1426} INFO - Exporting the following env vars:
AIRFLOW_CTX_DAG_OWNER=***
AIRFLOW_CTX_DAG_ID=HomeWorkWeek2
AIRFLOW_CTX_TASK_ID=csv_to_parquet
AIRFLOW_CTX_EXECUTION_DATE=2020-06-02T06:00:00+00:00
AIRFLOW_CTX_DAG_RUN_ID=scheduled__2020-06-02T06:00:00+00:00
[2022-02-19 01:32:40,870] {python.py:175} INFO - Done. Returned value was: None
[2022-02-19 01:32:40,899] {taskinstance.py:1277} INFO - Marking task as SUCCESS. dag_id=HomeWorkWeek2, task_id=csv_to_parquet, execution_date=20200602T060000, start_date=20220219T013238, end_date=20220219T013240
[2022-02-19 01:32:40,997] {local_task_job.py:154} INFO - Task exited with return code 0
[2022-02-19 01:32:41,080] {local_task_job.py:264} INFO - 1 downstream tasks scheduled from follow-on schedule check
[2022-02-19 11:35:02,962] {taskinstance.py:1032} INFO - Dependencies all met for <TaskInstance: HomeWorkWeek2.csv_to_parquet scheduled__2020-06-02T06:00:00+00:00 [queued]>
[2022-02-19 11:35:03,017] {taskinstance.py:1032} INFO - Dependencies all met for <TaskInstance: HomeWorkWeek2.csv_to_parquet scheduled__2020-06-02T06:00:00+00:00 [queued]>
[2022-02-19 11:35:03,017] {taskinstance.py:1238} INFO - 
--------------------------------------------------------------------------------
[2022-02-19 11:35:03,018] {taskinstance.py:1239} INFO - Starting attempt 1 of 2
[2022-02-19 11:35:03,018] {taskinstance.py:1240} INFO - 
--------------------------------------------------------------------------------
[2022-02-19 11:35:03,054] {taskinstance.py:1259} INFO - Executing <Task(PythonOperator): csv_to_parquet> on 2020-06-02 06:00:00+00:00
[2022-02-19 11:35:03,060] {standard_task_runner.py:52} INFO - Started process 4003 to run task
[2022-02-19 11:35:03,067] {standard_task_runner.py:76} INFO - Running: ['***', 'tasks', 'run', 'HomeWorkWeek2', 'csv_to_parquet', 'scheduled__2020-06-02T06:00:00+00:00', '--job-id', '953', '--raw', '--subdir', 'DAGS_FOLDER/dag_questions1.py', '--cfg-path', '/tmp/tmpq6d1iznm', '--error-file', '/tmp/tmpsfsq6xf6']
[2022-02-19 11:35:03,069] {standard_task_runner.py:77} INFO - Job 953: Subtask csv_to_parquet
[2022-02-19 11:35:03,231] {logging_mixin.py:109} INFO - Running <TaskInstance: HomeWorkWeek2.csv_to_parquet scheduled__2020-06-02T06:00:00+00:00 [running]> on host f81f14254480
[2022-02-19 11:35:03,400] {warnings.py:110} WARNING - /home/***/.local/lib/python3.7/site-packages/***/utils/context.py:152: AirflowContextDeprecationWarning: Accessing 'execution_date' from the template is deprecated and will be removed in a future version. Please use 'data_interval_start' or 'logical_date' instead.
  warnings.warn(_create_deprecation_warning(key, self._deprecation_replacements[key]))

[2022-02-19 11:35:03,484] {taskinstance.py:1426} INFO - Exporting the following env vars:
AIRFLOW_CTX_DAG_OWNER=***
AIRFLOW_CTX_DAG_ID=HomeWorkWeek2
AIRFLOW_CTX_TASK_ID=csv_to_parquet
AIRFLOW_CTX_EXECUTION_DATE=2020-06-02T06:00:00+00:00
AIRFLOW_CTX_DAG_RUN_ID=scheduled__2020-06-02T06:00:00+00:00
[2022-02-19 11:35:04,871] {python.py:175} INFO - Done. Returned value was: None
[2022-02-19 11:35:04,915] {taskinstance.py:1277} INFO - Marking task as SUCCESS. dag_id=HomeWorkWeek2, task_id=csv_to_parquet, execution_date=20200602T060000, start_date=20220219T113502, end_date=20220219T113504
[2022-02-19 11:35:05,012] {local_task_job.py:154} INFO - Task exited with return code 0
[2022-02-19 11:35:05,220] {local_task_job.py:264} INFO - 1 downstream tasks scheduled from follow-on schedule check
[2022-02-20 00:18:35,201] {taskinstance.py:1032} INFO - Dependencies all met for <TaskInstance: HomeWorkWeek2.csv_to_parquet scheduled__2020-06-02T06:00:00+00:00 [queued]>
[2022-02-20 00:18:35,248] {taskinstance.py:1032} INFO - Dependencies all met for <TaskInstance: HomeWorkWeek2.csv_to_parquet scheduled__2020-06-02T06:00:00+00:00 [queued]>
[2022-02-20 00:18:35,248] {taskinstance.py:1238} INFO - 
--------------------------------------------------------------------------------
[2022-02-20 00:18:35,248] {taskinstance.py:1239} INFO - Starting attempt 1 of 2
[2022-02-20 00:18:35,248] {taskinstance.py:1240} INFO - 
--------------------------------------------------------------------------------
[2022-02-20 00:18:35,293] {taskinstance.py:1259} INFO - Executing <Task(PythonOperator): csv_to_parquet> on 2020-06-02 06:00:00+00:00
[2022-02-20 00:18:35,301] {standard_task_runner.py:52} INFO - Started process 23987 to run task
[2022-02-20 00:18:35,308] {standard_task_runner.py:76} INFO - Running: ['***', 'tasks', 'run', 'HomeWorkWeek2', 'csv_to_parquet', 'scheduled__2020-06-02T06:00:00+00:00', '--job-id', '1117', '--raw', '--subdir', 'DAGS_FOLDER/dag_questions1.py', '--cfg-path', '/tmp/tmp3ffyxngv', '--error-file', '/tmp/tmpmuthl5ml']
[2022-02-20 00:18:35,310] {standard_task_runner.py:77} INFO - Job 1117: Subtask csv_to_parquet
[2022-02-20 00:18:35,524] {logging_mixin.py:109} INFO - Running <TaskInstance: HomeWorkWeek2.csv_to_parquet scheduled__2020-06-02T06:00:00+00:00 [running]> on host d9977d7db207
[2022-02-20 00:18:35,668] {warnings.py:110} WARNING - /home/***/.local/lib/python3.7/site-packages/***/utils/context.py:152: AirflowContextDeprecationWarning: Accessing 'execution_date' from the template is deprecated and will be removed in a future version. Please use 'data_interval_start' or 'logical_date' instead.
  warnings.warn(_create_deprecation_warning(key, self._deprecation_replacements[key]))

[2022-02-20 00:18:35,727] {taskinstance.py:1426} INFO - Exporting the following env vars:
AIRFLOW_CTX_DAG_OWNER=***
AIRFLOW_CTX_DAG_ID=HomeWorkWeek2
AIRFLOW_CTX_TASK_ID=csv_to_parquet
AIRFLOW_CTX_EXECUTION_DATE=2020-06-02T06:00:00+00:00
AIRFLOW_CTX_DAG_RUN_ID=scheduled__2020-06-02T06:00:00+00:00
[2022-02-20 00:18:37,118] {python.py:175} INFO - Done. Returned value was: None
[2022-02-20 00:18:37,153] {taskinstance.py:1277} INFO - Marking task as SUCCESS. dag_id=HomeWorkWeek2, task_id=csv_to_parquet, execution_date=20200602T060000, start_date=20220220T001835, end_date=20220220T001837
[2022-02-20 00:18:37,231] {local_task_job.py:154} INFO - Task exited with return code 0
[2022-02-20 00:18:37,633] {local_task_job.py:264} INFO - 0 downstream tasks scheduled from follow-on schedule check
