[2022-02-02 21:15:47,925] {taskinstance.py:1032} INFO - Dependencies all met for <TaskInstance: Question3_FHV.csv_to_parquet scheduled__2019-05-02T06:00:00+00:00 [queued]>
[2022-02-02 21:15:47,962] {taskinstance.py:1032} INFO - Dependencies all met for <TaskInstance: Question3_FHV.csv_to_parquet scheduled__2019-05-02T06:00:00+00:00 [queued]>
[2022-02-02 21:15:47,962] {taskinstance.py:1238} INFO - 
--------------------------------------------------------------------------------
[2022-02-02 21:15:47,963] {taskinstance.py:1239} INFO - Starting attempt 1 of 2
[2022-02-02 21:15:47,963] {taskinstance.py:1240} INFO - 
--------------------------------------------------------------------------------
[2022-02-02 21:15:48,002] {taskinstance.py:1259} INFO - Executing <Task(PythonOperator): csv_to_parquet> on 2019-05-02 06:00:00+00:00
[2022-02-02 21:15:48,010] {standard_task_runner.py:52} INFO - Started process 784 to run task
[2022-02-02 21:15:48,015] {standard_task_runner.py:76} INFO - Running: ['***', 'tasks', 'run', 'Question3_FHV', 'csv_to_parquet', 'scheduled__2019-05-02T06:00:00+00:00', '--job-id', '329', '--raw', '--subdir', 'DAGS_FOLDER/dag_questions3.py', '--cfg-path', '/tmp/tmp8u59rbgk', '--error-file', '/tmp/tmpw7mmlw2d']
[2022-02-02 21:15:48,016] {standard_task_runner.py:77} INFO - Job 329: Subtask csv_to_parquet
[2022-02-02 21:15:48,168] {logging_mixin.py:109} INFO - Running <TaskInstance: Question3_FHV.csv_to_parquet scheduled__2019-05-02T06:00:00+00:00 [running]> on host d574c7c5b085
[2022-02-02 21:15:48,294] {warnings.py:110} WARNING - /home/***/.local/lib/python3.7/site-packages/***/utils/context.py:152: AirflowContextDeprecationWarning: Accessing 'execution_date' from the template is deprecated and will be removed in a future version. Please use 'data_interval_start' or 'logical_date' instead.
  warnings.warn(_create_deprecation_warning(key, self._deprecation_replacements[key]))

[2022-02-02 21:15:48,343] {taskinstance.py:1426} INFO - Exporting the following env vars:
AIRFLOW_CTX_DAG_OWNER=***
AIRFLOW_CTX_DAG_ID=Question3_FHV
AIRFLOW_CTX_TASK_ID=csv_to_parquet
AIRFLOW_CTX_EXECUTION_DATE=2019-05-02T06:00:00+00:00
AIRFLOW_CTX_DAG_RUN_ID=scheduled__2019-05-02T06:00:00+00:00
[2022-02-02 21:15:50,595] {python.py:175} INFO - Done. Returned value was: None
[2022-02-02 21:15:50,766] {taskinstance.py:1277} INFO - Marking task as SUCCESS. dag_id=Question3_FHV, task_id=csv_to_parquet, execution_date=20190502T060000, start_date=20220202T211547, end_date=20220202T211550
[2022-02-02 21:15:50,901] {local_task_job.py:154} INFO - Task exited with return code 0
[2022-02-02 21:15:51,194] {local_task_job.py:264} INFO - 1 downstream tasks scheduled from follow-on schedule check
[2022-02-09 11:33:25,523] {taskinstance.py:1032} INFO - Dependencies all met for <TaskInstance: Question3_FHV.csv_to_parquet scheduled__2019-05-02T06:00:00+00:00 [queued]>
[2022-02-09 11:33:25,570] {taskinstance.py:1032} INFO - Dependencies all met for <TaskInstance: Question3_FHV.csv_to_parquet scheduled__2019-05-02T06:00:00+00:00 [queued]>
[2022-02-09 11:33:25,570] {taskinstance.py:1238} INFO - 
--------------------------------------------------------------------------------
[2022-02-09 11:33:25,571] {taskinstance.py:1239} INFO - Starting attempt 1 of 2
[2022-02-09 11:33:25,571] {taskinstance.py:1240} INFO - 
--------------------------------------------------------------------------------
[2022-02-09 11:33:25,616] {taskinstance.py:1259} INFO - Executing <Task(PythonOperator): csv_to_parquet> on 2019-05-02 06:00:00+00:00
[2022-02-09 11:33:25,623] {standard_task_runner.py:52} INFO - Started process 561 to run task
[2022-02-09 11:33:25,635] {standard_task_runner.py:76} INFO - Running: ['***', 'tasks', 'run', 'Question3_FHV', 'csv_to_parquet', 'scheduled__2019-05-02T06:00:00+00:00', '--job-id', '400', '--raw', '--subdir', 'DAGS_FOLDER/dag_questions3.py', '--cfg-path', '/tmp/tmpoxxp2i_n', '--error-file', '/tmp/tmpahv32j2x']
[2022-02-09 11:33:25,637] {standard_task_runner.py:77} INFO - Job 400: Subtask csv_to_parquet
[2022-02-09 11:33:25,818] {logging_mixin.py:109} INFO - Running <TaskInstance: Question3_FHV.csv_to_parquet scheduled__2019-05-02T06:00:00+00:00 [running]> on host c5795c3f6004
[2022-02-09 11:33:25,951] {warnings.py:110} WARNING - /home/***/.local/lib/python3.7/site-packages/***/utils/context.py:152: AirflowContextDeprecationWarning: Accessing 'execution_date' from the template is deprecated and will be removed in a future version. Please use 'data_interval_start' or 'logical_date' instead.
  warnings.warn(_create_deprecation_warning(key, self._deprecation_replacements[key]))

[2022-02-09 11:33:26,003] {taskinstance.py:1426} INFO - Exporting the following env vars:
AIRFLOW_CTX_DAG_OWNER=***
AIRFLOW_CTX_DAG_ID=Question3_FHV
AIRFLOW_CTX_TASK_ID=csv_to_parquet
AIRFLOW_CTX_EXECUTION_DATE=2019-05-02T06:00:00+00:00
AIRFLOW_CTX_DAG_RUN_ID=scheduled__2019-05-02T06:00:00+00:00
[2022-02-09 11:33:27,559] {python.py:175} INFO - Done. Returned value was: None
[2022-02-09 11:33:27,601] {taskinstance.py:1277} INFO - Marking task as SUCCESS. dag_id=Question3_FHV, task_id=csv_to_parquet, execution_date=20190502T060000, start_date=20220209T113325, end_date=20220209T113327
[2022-02-09 11:33:27,690] {local_task_job.py:154} INFO - Task exited with return code 0
[2022-02-09 11:33:27,817] {local_task_job.py:264} INFO - 1 downstream tasks scheduled from follow-on schedule check
[2022-02-10 01:11:40,718] {taskinstance.py:1032} INFO - Dependencies all met for <TaskInstance: Question3_FHV.csv_to_parquet scheduled__2019-05-02T06:00:00+00:00 [queued]>
[2022-02-10 01:11:40,757] {taskinstance.py:1032} INFO - Dependencies all met for <TaskInstance: Question3_FHV.csv_to_parquet scheduled__2019-05-02T06:00:00+00:00 [queued]>
[2022-02-10 01:11:40,758] {taskinstance.py:1238} INFO - 
--------------------------------------------------------------------------------
[2022-02-10 01:11:40,758] {taskinstance.py:1239} INFO - Starting attempt 1 of 2
[2022-02-10 01:11:40,759] {taskinstance.py:1240} INFO - 
--------------------------------------------------------------------------------
[2022-02-10 01:11:40,798] {taskinstance.py:1259} INFO - Executing <Task(PythonOperator): csv_to_parquet> on 2019-05-02 06:00:00+00:00
[2022-02-10 01:11:40,805] {standard_task_runner.py:52} INFO - Started process 7276 to run task
[2022-02-10 01:11:40,811] {standard_task_runner.py:76} INFO - Running: ['***', 'tasks', 'run', 'Question3_FHV', 'csv_to_parquet', 'scheduled__2019-05-02T06:00:00+00:00', '--job-id', '471', '--raw', '--subdir', 'DAGS_FOLDER/dag_questions3.py', '--cfg-path', '/tmp/tmptwatdr_p', '--error-file', '/tmp/tmpnevpf_qe']
[2022-02-10 01:11:40,812] {standard_task_runner.py:77} INFO - Job 471: Subtask csv_to_parquet
[2022-02-10 01:11:41,005] {logging_mixin.py:109} INFO - Running <TaskInstance: Question3_FHV.csv_to_parquet scheduled__2019-05-02T06:00:00+00:00 [running]> on host 0fd4ea805f5e
[2022-02-10 01:11:41,155] {warnings.py:110} WARNING - /home/***/.local/lib/python3.7/site-packages/***/utils/context.py:152: AirflowContextDeprecationWarning: Accessing 'execution_date' from the template is deprecated and will be removed in a future version. Please use 'data_interval_start' or 'logical_date' instead.
  warnings.warn(_create_deprecation_warning(key, self._deprecation_replacements[key]))

[2022-02-10 01:11:41,203] {taskinstance.py:1426} INFO - Exporting the following env vars:
AIRFLOW_CTX_DAG_OWNER=***
AIRFLOW_CTX_DAG_ID=Question3_FHV
AIRFLOW_CTX_TASK_ID=csv_to_parquet
AIRFLOW_CTX_EXECUTION_DATE=2019-05-02T06:00:00+00:00
AIRFLOW_CTX_DAG_RUN_ID=scheduled__2019-05-02T06:00:00+00:00
[2022-02-10 01:11:42,859] {python.py:175} INFO - Done. Returned value was: None
[2022-02-10 01:11:42,896] {taskinstance.py:1277} INFO - Marking task as SUCCESS. dag_id=Question3_FHV, task_id=csv_to_parquet, execution_date=20190502T060000, start_date=20220210T011140, end_date=20220210T011142
[2022-02-10 01:11:42,985] {local_task_job.py:154} INFO - Task exited with return code 0
[2022-02-10 01:11:43,226] {local_task_job.py:264} INFO - 0 downstream tasks scheduled from follow-on schedule check
[2022-02-19 01:48:14,868] {taskinstance.py:1032} INFO - Dependencies all met for <TaskInstance: Question3_FHV.csv_to_parquet scheduled__2019-05-02T06:00:00+00:00 [queued]>
[2022-02-19 01:48:14,926] {taskinstance.py:1032} INFO - Dependencies all met for <TaskInstance: Question3_FHV.csv_to_parquet scheduled__2019-05-02T06:00:00+00:00 [queued]>
[2022-02-19 01:48:14,926] {taskinstance.py:1238} INFO - 
--------------------------------------------------------------------------------
[2022-02-19 01:48:14,926] {taskinstance.py:1239} INFO - Starting attempt 1 of 2
[2022-02-19 01:48:14,927] {taskinstance.py:1240} INFO - 
--------------------------------------------------------------------------------
[2022-02-19 01:48:14,973] {taskinstance.py:1259} INFO - Executing <Task(PythonOperator): csv_to_parquet> on 2019-05-02 06:00:00+00:00
[2022-02-19 01:48:14,998] {standard_task_runner.py:52} INFO - Started process 3929 to run task
[2022-02-19 01:48:15,004] {standard_task_runner.py:76} INFO - Running: ['***', 'tasks', 'run', 'Question3_FHV', 'csv_to_parquet', 'scheduled__2019-05-02T06:00:00+00:00', '--job-id', '629', '--raw', '--subdir', 'DAGS_FOLDER/dag_questions3.py', '--cfg-path', '/tmp/tmp8g2tfx7o', '--error-file', '/tmp/tmpf1v2fr2r']
[2022-02-19 01:48:15,007] {standard_task_runner.py:77} INFO - Job 629: Subtask csv_to_parquet
[2022-02-19 01:48:15,239] {logging_mixin.py:109} INFO - Running <TaskInstance: Question3_FHV.csv_to_parquet scheduled__2019-05-02T06:00:00+00:00 [running]> on host 312f1fe573aa
[2022-02-19 01:48:15,410] {warnings.py:110} WARNING - /home/***/.local/lib/python3.7/site-packages/***/utils/context.py:152: AirflowContextDeprecationWarning: Accessing 'execution_date' from the template is deprecated and will be removed in a future version. Please use 'data_interval_start' or 'logical_date' instead.
  warnings.warn(_create_deprecation_warning(key, self._deprecation_replacements[key]))

[2022-02-19 01:48:15,493] {taskinstance.py:1426} INFO - Exporting the following env vars:
AIRFLOW_CTX_DAG_OWNER=***
AIRFLOW_CTX_DAG_ID=Question3_FHV
AIRFLOW_CTX_TASK_ID=csv_to_parquet
AIRFLOW_CTX_EXECUTION_DATE=2019-05-02T06:00:00+00:00
AIRFLOW_CTX_DAG_RUN_ID=scheduled__2019-05-02T06:00:00+00:00
[2022-02-19 01:48:17,740] {python.py:175} INFO - Done. Returned value was: None
[2022-02-19 01:48:17,781] {taskinstance.py:1277} INFO - Marking task as SUCCESS. dag_id=Question3_FHV, task_id=csv_to_parquet, execution_date=20190502T060000, start_date=20220219T014814, end_date=20220219T014817
[2022-02-19 01:48:17,899] {local_task_job.py:154} INFO - Task exited with return code 0
[2022-02-19 01:48:18,049] {local_task_job.py:264} INFO - 1 downstream tasks scheduled from follow-on schedule check
