[2022-01-30 13:05:41,182] {taskinstance.py:1032} INFO - Dependencies all met for <TaskInstance: HomeWorkWeek2.halo scheduled__2020-04-02T06:00:00+00:00 [queued]>
[2022-01-30 13:05:41,246] {taskinstance.py:1032} INFO - Dependencies all met for <TaskInstance: HomeWorkWeek2.halo scheduled__2020-04-02T06:00:00+00:00 [queued]>
[2022-01-30 13:05:41,246] {taskinstance.py:1238} INFO - 
--------------------------------------------------------------------------------
[2022-01-30 13:05:41,247] {taskinstance.py:1239} INFO - Starting attempt 1 of 2
[2022-01-30 13:05:41,248] {taskinstance.py:1240} INFO - 
--------------------------------------------------------------------------------
[2022-01-30 13:05:41,309] {taskinstance.py:1259} INFO - Executing <Task(PythonOperator): halo> on 2020-04-02 06:00:00+00:00
[2022-01-30 13:05:41,322] {standard_task_runner.py:52} INFO - Started process 2796 to run task
[2022-01-30 13:05:41,330] {standard_task_runner.py:76} INFO - Running: ['***', 'tasks', 'run', 'HomeWorkWeek2', 'halo', 'scheduled__2020-04-02T06:00:00+00:00', '--job-id', '136', '--raw', '--subdir', 'DAGS_FOLDER/dag_questions1.py', '--cfg-path', '/tmp/tmpwlx434i2', '--error-file', '/tmp/tmp47gq74ko']
[2022-01-30 13:05:41,333] {standard_task_runner.py:77} INFO - Job 136: Subtask halo
[2022-01-30 13:05:41,589] {logging_mixin.py:109} INFO - Running <TaskInstance: HomeWorkWeek2.halo scheduled__2020-04-02T06:00:00+00:00 [running]> on host 4b3b8c5e49b1
[2022-01-30 13:05:41,908] {taskinstance.py:1426} INFO - Exporting the following env vars:
AIRFLOW_CTX_DAG_OWNER=***
AIRFLOW_CTX_DAG_ID=HomeWorkWeek2
AIRFLOW_CTX_TASK_ID=halo
AIRFLOW_CTX_EXECUTION_DATE=2020-04-02T06:00:00+00:00
AIRFLOW_CTX_DAG_RUN_ID=scheduled__2020-04-02T06:00:00+00:00
[2022-01-30 13:05:41,911] {logging_mixin.py:109} INFO - helloworld
[2022-01-30 13:05:41,911] {python.py:175} INFO - Done. Returned value was: None
[2022-01-30 13:05:41,995] {taskinstance.py:1277} INFO - Marking task as SUCCESS. dag_id=HomeWorkWeek2, task_id=halo, execution_date=20200402T060000, start_date=20220130T130541, end_date=20220130T130541
[2022-01-30 13:05:42,066] {local_task_job.py:154} INFO - Task exited with return code 0
[2022-01-30 13:05:42,282] {local_task_job.py:264} INFO - 0 downstream tasks scheduled from follow-on schedule check
[2022-01-30 14:53:25,048] {taskinstance.py:1032} INFO - Dependencies all met for <TaskInstance: HomeWorkWeek2.halo scheduled__2020-04-02T06:00:00+00:00 [queued]>
[2022-01-30 14:53:25,119] {taskinstance.py:1032} INFO - Dependencies all met for <TaskInstance: HomeWorkWeek2.halo scheduled__2020-04-02T06:00:00+00:00 [queued]>
[2022-01-30 14:53:25,120] {taskinstance.py:1238} INFO - 
--------------------------------------------------------------------------------
[2022-01-30 14:53:25,120] {taskinstance.py:1239} INFO - Starting attempt 1 of 2
[2022-01-30 14:53:25,121] {taskinstance.py:1240} INFO - 
--------------------------------------------------------------------------------
[2022-01-30 14:53:25,188] {taskinstance.py:1259} INFO - Executing <Task(PythonOperator): halo> on 2020-04-02 06:00:00+00:00
[2022-01-30 14:53:25,206] {standard_task_runner.py:52} INFO - Started process 1101 to run task
[2022-01-30 14:53:25,237] {standard_task_runner.py:76} INFO - Running: ['***', 'tasks', 'run', 'HomeWorkWeek2', 'halo', 'scheduled__2020-04-02T06:00:00+00:00', '--job-id', '224', '--raw', '--subdir', 'DAGS_FOLDER/dag_questions1.py', '--cfg-path', '/tmp/tmpamti0zbx', '--error-file', '/tmp/tmpdxw4lht_']
[2022-01-30 14:53:25,245] {standard_task_runner.py:77} INFO - Job 224: Subtask halo
[2022-01-30 14:53:25,561] {logging_mixin.py:109} INFO - Running <TaskInstance: HomeWorkWeek2.halo scheduled__2020-04-02T06:00:00+00:00 [running]> on host 785c0c715caa
[2022-01-30 14:53:25,871] {taskinstance.py:1426} INFO - Exporting the following env vars:
AIRFLOW_CTX_DAG_OWNER=***
AIRFLOW_CTX_DAG_ID=HomeWorkWeek2
AIRFLOW_CTX_TASK_ID=halo
AIRFLOW_CTX_EXECUTION_DATE=2020-04-02T06:00:00+00:00
AIRFLOW_CTX_DAG_RUN_ID=scheduled__2020-04-02T06:00:00+00:00
[2022-01-30 14:53:25,873] {logging_mixin.py:109} INFO - hello world!!
[2022-01-30 14:53:25,874] {python.py:175} INFO - Done. Returned value was: None
[2022-01-30 14:53:25,920] {taskinstance.py:1277} INFO - Marking task as SUCCESS. dag_id=HomeWorkWeek2, task_id=halo, execution_date=20200402T060000, start_date=20220130T145325, end_date=20220130T145325
[2022-01-30 14:53:26,013] {local_task_job.py:154} INFO - Task exited with return code 0
[2022-01-30 14:53:26,180] {local_task_job.py:264} INFO - 0 downstream tasks scheduled from follow-on schedule check
[2022-02-19 01:32:21,358] {taskinstance.py:1032} INFO - Dependencies all met for <TaskInstance: HomeWorkWeek2.halo scheduled__2020-04-02T06:00:00+00:00 [queued]>
[2022-02-19 01:32:21,403] {taskinstance.py:1032} INFO - Dependencies all met for <TaskInstance: HomeWorkWeek2.halo scheduled__2020-04-02T06:00:00+00:00 [queued]>
[2022-02-19 01:32:21,403] {taskinstance.py:1238} INFO - 
--------------------------------------------------------------------------------
[2022-02-19 01:32:21,403] {taskinstance.py:1239} INFO - Starting attempt 1 of 2
[2022-02-19 01:32:21,404] {taskinstance.py:1240} INFO - 
--------------------------------------------------------------------------------
[2022-02-19 01:32:21,462] {taskinstance.py:1259} INFO - Executing <Task(PythonOperator): halo> on 2020-04-02 06:00:00+00:00
[2022-02-19 01:32:21,473] {standard_task_runner.py:52} INFO - Started process 3014 to run task
[2022-02-19 01:32:21,494] {standard_task_runner.py:76} INFO - Running: ['***', 'tasks', 'run', 'HomeWorkWeek2', 'halo', 'scheduled__2020-04-02T06:00:00+00:00', '--job-id', '581', '--raw', '--subdir', 'DAGS_FOLDER/dag_questions1.py', '--cfg-path', '/tmp/tmpeu773279', '--error-file', '/tmp/tmpz72jriwj']
[2022-02-19 01:32:21,496] {standard_task_runner.py:77} INFO - Job 581: Subtask halo
[2022-02-19 01:32:21,683] {logging_mixin.py:109} INFO - Running <TaskInstance: HomeWorkWeek2.halo scheduled__2020-04-02T06:00:00+00:00 [running]> on host 312f1fe573aa
[2022-02-19 01:32:21,865] {taskinstance.py:1426} INFO - Exporting the following env vars:
AIRFLOW_CTX_DAG_OWNER=***
AIRFLOW_CTX_DAG_ID=HomeWorkWeek2
AIRFLOW_CTX_TASK_ID=halo
AIRFLOW_CTX_EXECUTION_DATE=2020-04-02T06:00:00+00:00
AIRFLOW_CTX_DAG_RUN_ID=scheduled__2020-04-02T06:00:00+00:00
[2022-02-19 01:32:21,867] {logging_mixin.py:109} INFO - hello world!!
[2022-02-19 01:32:21,868] {python.py:175} INFO - Done. Returned value was: None
[2022-02-19 01:32:21,902] {taskinstance.py:1277} INFO - Marking task as SUCCESS. dag_id=HomeWorkWeek2, task_id=halo, execution_date=20200402T060000, start_date=20220219T013221, end_date=20220219T013221
[2022-02-19 01:32:21,981] {local_task_job.py:154} INFO - Task exited with return code 0
[2022-02-19 01:32:22,134] {local_task_job.py:264} INFO - 0 downstream tasks scheduled from follow-on schedule check
