[2022-02-02 21:26:28,486] {taskinstance.py:1032} INFO - Dependencies all met for <TaskInstance: Question3_FHV.local_to_gcs_task scheduled__2019-09-02T06:00:00+00:00 [queued]>
[2022-02-02 21:26:28,527] {taskinstance.py:1032} INFO - Dependencies all met for <TaskInstance: Question3_FHV.local_to_gcs_task scheduled__2019-09-02T06:00:00+00:00 [queued]>
[2022-02-02 21:26:28,528] {taskinstance.py:1238} INFO - 
--------------------------------------------------------------------------------
[2022-02-02 21:26:28,528] {taskinstance.py:1239} INFO - Starting attempt 1 of 1
[2022-02-02 21:26:28,529] {taskinstance.py:1240} INFO - 
--------------------------------------------------------------------------------
[2022-02-02 21:26:28,572] {taskinstance.py:1259} INFO - Executing <Task(PythonOperator): local_to_gcs_task> on 2019-09-02 06:00:00+00:00
[2022-02-02 21:26:28,580] {standard_task_runner.py:52} INFO - Started process 1355 to run task
[2022-02-02 21:26:28,587] {standard_task_runner.py:76} INFO - Running: ['***', 'tasks', 'run', 'Question3_FHV', 'local_to_gcs_task', 'scheduled__2019-09-02T06:00:00+00:00', '--job-id', '350', '--raw', '--subdir', 'DAGS_FOLDER/dag_questions3.py', '--cfg-path', '/tmp/tmptuk5zvsl', '--error-file', '/tmp/tmptzsatzpa']
[2022-02-02 21:26:28,589] {standard_task_runner.py:77} INFO - Job 350: Subtask local_to_gcs_task
[2022-02-02 21:26:28,799] {logging_mixin.py:109} INFO - Running <TaskInstance: Question3_FHV.local_to_gcs_task scheduled__2019-09-02T06:00:00+00:00 [running]> on host d574c7c5b085
[2022-02-02 21:26:28,971] {warnings.py:110} WARNING - /home/***/.local/lib/python3.7/site-packages/***/utils/context.py:152: AirflowContextDeprecationWarning: Accessing 'execution_date' from the template is deprecated and will be removed in a future version. Please use 'data_interval_start' or 'logical_date' instead.
  warnings.warn(_create_deprecation_warning(key, self._deprecation_replacements[key]))

[2022-02-02 21:26:29,046] {taskinstance.py:1426} INFO - Exporting the following env vars:
AIRFLOW_CTX_DAG_OWNER=***
AIRFLOW_CTX_DAG_ID=Question3_FHV
AIRFLOW_CTX_TASK_ID=local_to_gcs_task
AIRFLOW_CTX_EXECUTION_DATE=2019-09-02T06:00:00+00:00
AIRFLOW_CTX_DAG_RUN_ID=scheduled__2019-09-02T06:00:00+00:00
[2022-02-02 21:27:12,614] {python.py:175} INFO - Done. Returned value was: None
[2022-02-02 21:27:12,652] {taskinstance.py:1277} INFO - Marking task as SUCCESS. dag_id=Question3_FHV, task_id=local_to_gcs_task, execution_date=20190902T060000, start_date=20220202T212628, end_date=20220202T212712
[2022-02-02 21:27:12,714] {local_task_job.py:154} INFO - Task exited with return code 0
[2022-02-02 21:27:12,839] {local_task_job.py:264} INFO - 1 downstream tasks scheduled from follow-on schedule check
[2022-02-09 11:42:40,343] {taskinstance.py:1032} INFO - Dependencies all met for <TaskInstance: Question3_FHV.local_to_gcs_task scheduled__2019-09-02T06:00:00+00:00 [queued]>
[2022-02-09 11:42:40,397] {taskinstance.py:1032} INFO - Dependencies all met for <TaskInstance: Question3_FHV.local_to_gcs_task scheduled__2019-09-02T06:00:00+00:00 [queued]>
[2022-02-09 11:42:40,398] {taskinstance.py:1238} INFO - 
--------------------------------------------------------------------------------
[2022-02-09 11:42:40,398] {taskinstance.py:1239} INFO - Starting attempt 1 of 1
[2022-02-09 11:42:40,398] {taskinstance.py:1240} INFO - 
--------------------------------------------------------------------------------
[2022-02-09 11:42:40,445] {taskinstance.py:1259} INFO - Executing <Task(PythonOperator): local_to_gcs_task> on 2019-09-02 06:00:00+00:00
[2022-02-09 11:42:40,453] {standard_task_runner.py:52} INFO - Started process 1050 to run task
[2022-02-09 11:42:40,460] {standard_task_runner.py:76} INFO - Running: ['***', 'tasks', 'run', 'Question3_FHV', 'local_to_gcs_task', 'scheduled__2019-09-02T06:00:00+00:00', '--job-id', '419', '--raw', '--subdir', 'DAGS_FOLDER/dag_questions3.py', '--cfg-path', '/tmp/tmpn70aunuo', '--error-file', '/tmp/tmpbt3351k1']
[2022-02-09 11:42:40,462] {standard_task_runner.py:77} INFO - Job 419: Subtask local_to_gcs_task
[2022-02-09 11:42:40,644] {logging_mixin.py:109} INFO - Running <TaskInstance: Question3_FHV.local_to_gcs_task scheduled__2019-09-02T06:00:00+00:00 [running]> on host c5795c3f6004
[2022-02-09 11:42:40,805] {warnings.py:110} WARNING - /home/***/.local/lib/python3.7/site-packages/***/utils/context.py:152: AirflowContextDeprecationWarning: Accessing 'execution_date' from the template is deprecated and will be removed in a future version. Please use 'data_interval_start' or 'logical_date' instead.
  warnings.warn(_create_deprecation_warning(key, self._deprecation_replacements[key]))

[2022-02-09 11:42:40,875] {taskinstance.py:1426} INFO - Exporting the following env vars:
AIRFLOW_CTX_DAG_OWNER=***
AIRFLOW_CTX_DAG_ID=Question3_FHV
AIRFLOW_CTX_TASK_ID=local_to_gcs_task
AIRFLOW_CTX_EXECUTION_DATE=2019-09-02T06:00:00+00:00
AIRFLOW_CTX_DAG_RUN_ID=scheduled__2019-09-02T06:00:00+00:00
[2022-02-09 11:43:07,640] {python.py:175} INFO - Done. Returned value was: None
[2022-02-09 11:43:07,776] {taskinstance.py:1277} INFO - Marking task as SUCCESS. dag_id=Question3_FHV, task_id=local_to_gcs_task, execution_date=20190902T060000, start_date=20220209T114240, end_date=20220209T114307
[2022-02-09 11:43:07,847] {local_task_job.py:154} INFO - Task exited with return code 0
[2022-02-09 11:43:07,973] {local_task_job.py:264} INFO - 1 downstream tasks scheduled from follow-on schedule check
[2022-02-10 01:14:01,238] {taskinstance.py:1032} INFO - Dependencies all met for <TaskInstance: Question3_FHV.local_to_gcs_task scheduled__2019-09-02T06:00:00+00:00 [queued]>
[2022-02-10 01:14:01,297] {taskinstance.py:1032} INFO - Dependencies all met for <TaskInstance: Question3_FHV.local_to_gcs_task scheduled__2019-09-02T06:00:00+00:00 [queued]>
[2022-02-10 01:14:01,298] {taskinstance.py:1238} INFO - 
--------------------------------------------------------------------------------
[2022-02-10 01:14:01,298] {taskinstance.py:1239} INFO - Starting attempt 1 of 1
[2022-02-10 01:14:01,298] {taskinstance.py:1240} INFO - 
--------------------------------------------------------------------------------
[2022-02-10 01:14:01,343] {taskinstance.py:1259} INFO - Executing <Task(PythonOperator): local_to_gcs_task> on 2019-09-02 06:00:00+00:00
[2022-02-10 01:14:01,352] {standard_task_runner.py:52} INFO - Started process 7457 to run task
[2022-02-10 01:14:01,358] {standard_task_runner.py:76} INFO - Running: ['***', 'tasks', 'run', 'Question3_FHV', 'local_to_gcs_task', 'scheduled__2019-09-02T06:00:00+00:00', '--job-id', '487', '--raw', '--subdir', 'DAGS_FOLDER/dag_questions3.py', '--cfg-path', '/tmp/tmp6eusqv2m', '--error-file', '/tmp/tmpgghu1s6u']
[2022-02-10 01:14:01,361] {standard_task_runner.py:77} INFO - Job 487: Subtask local_to_gcs_task
[2022-02-10 01:14:01,650] {logging_mixin.py:109} INFO - Running <TaskInstance: Question3_FHV.local_to_gcs_task scheduled__2019-09-02T06:00:00+00:00 [running]> on host 0fd4ea805f5e
[2022-02-10 01:14:01,876] {warnings.py:110} WARNING - /home/***/.local/lib/python3.7/site-packages/***/utils/context.py:152: AirflowContextDeprecationWarning: Accessing 'execution_date' from the template is deprecated and will be removed in a future version. Please use 'data_interval_start' or 'logical_date' instead.
  warnings.warn(_create_deprecation_warning(key, self._deprecation_replacements[key]))

[2022-02-10 01:14:01,955] {taskinstance.py:1426} INFO - Exporting the following env vars:
AIRFLOW_CTX_DAG_OWNER=***
AIRFLOW_CTX_DAG_ID=Question3_FHV
AIRFLOW_CTX_TASK_ID=local_to_gcs_task
AIRFLOW_CTX_EXECUTION_DATE=2019-09-02T06:00:00+00:00
AIRFLOW_CTX_DAG_RUN_ID=scheduled__2019-09-02T06:00:00+00:00
[2022-02-10 01:14:54,306] {python.py:175} INFO - Done. Returned value was: None
[2022-02-10 01:14:54,369] {taskinstance.py:1277} INFO - Marking task as SUCCESS. dag_id=Question3_FHV, task_id=local_to_gcs_task, execution_date=20190902T060000, start_date=20220210T011401, end_date=20220210T011454
[2022-02-10 01:14:54,457] {local_task_job.py:154} INFO - Task exited with return code 0
[2022-02-10 01:14:54,565] {local_task_job.py:264} INFO - 1 downstream tasks scheduled from follow-on schedule check
