[2022-02-02 21:26:20,950] {taskinstance.py:1032} INFO - Dependencies all met for <TaskInstance: Question3_FHV.csv_to_parquet scheduled__2019-10-02T06:00:00+00:00 [queued]>
[2022-02-02 21:26:20,999] {taskinstance.py:1032} INFO - Dependencies all met for <TaskInstance: Question3_FHV.csv_to_parquet scheduled__2019-10-02T06:00:00+00:00 [queued]>
[2022-02-02 21:26:20,999] {taskinstance.py:1238} INFO - 
--------------------------------------------------------------------------------
[2022-02-02 21:26:21,000] {taskinstance.py:1239} INFO - Starting attempt 1 of 2
[2022-02-02 21:26:21,000] {taskinstance.py:1240} INFO - 
--------------------------------------------------------------------------------
[2022-02-02 21:26:21,048] {taskinstance.py:1259} INFO - Executing <Task(PythonOperator): csv_to_parquet> on 2019-10-02 06:00:00+00:00
[2022-02-02 21:26:21,055] {standard_task_runner.py:52} INFO - Started process 1332 to run task
[2022-02-02 21:26:21,060] {standard_task_runner.py:76} INFO - Running: ['***', 'tasks', 'run', 'Question3_FHV', 'csv_to_parquet', 'scheduled__2019-10-02T06:00:00+00:00', '--job-id', '348', '--raw', '--subdir', 'DAGS_FOLDER/dag_questions3.py', '--cfg-path', '/tmp/tmphow51jb5', '--error-file', '/tmp/tmpyqa5iao7']
[2022-02-02 21:26:21,062] {standard_task_runner.py:77} INFO - Job 348: Subtask csv_to_parquet
[2022-02-02 21:26:21,257] {logging_mixin.py:109} INFO - Running <TaskInstance: Question3_FHV.csv_to_parquet scheduled__2019-10-02T06:00:00+00:00 [running]> on host d574c7c5b085
[2022-02-02 21:26:21,407] {warnings.py:110} WARNING - /home/***/.local/lib/python3.7/site-packages/***/utils/context.py:152: AirflowContextDeprecationWarning: Accessing 'execution_date' from the template is deprecated and will be removed in a future version. Please use 'data_interval_start' or 'logical_date' instead.
  warnings.warn(_create_deprecation_warning(key, self._deprecation_replacements[key]))

[2022-02-02 21:26:21,487] {taskinstance.py:1426} INFO - Exporting the following env vars:
AIRFLOW_CTX_DAG_OWNER=***
AIRFLOW_CTX_DAG_ID=Question3_FHV
AIRFLOW_CTX_TASK_ID=csv_to_parquet
AIRFLOW_CTX_EXECUTION_DATE=2019-10-02T06:00:00+00:00
AIRFLOW_CTX_DAG_RUN_ID=scheduled__2019-10-02T06:00:00+00:00
[2022-02-02 21:26:25,620] {python.py:175} INFO - Done. Returned value was: None
[2022-02-02 21:26:25,635] {taskinstance.py:1277} INFO - Marking task as SUCCESS. dag_id=Question3_FHV, task_id=csv_to_parquet, execution_date=20191002T060000, start_date=20220202T212620, end_date=20220202T212625
[2022-02-02 21:26:25,723] {local_task_job.py:154} INFO - Task exited with return code 0
[2022-02-02 21:26:25,792] {local_task_job.py:264} INFO - 1 downstream tasks scheduled from follow-on schedule check
[2022-02-09 11:43:01,652] {taskinstance.py:1032} INFO - Dependencies all met for <TaskInstance: Question3_FHV.csv_to_parquet scheduled__2019-10-02T06:00:00+00:00 [queued]>
[2022-02-09 11:43:01,694] {taskinstance.py:1032} INFO - Dependencies all met for <TaskInstance: Question3_FHV.csv_to_parquet scheduled__2019-10-02T06:00:00+00:00 [queued]>
[2022-02-09 11:43:01,694] {taskinstance.py:1238} INFO - 
--------------------------------------------------------------------------------
[2022-02-09 11:43:01,695] {taskinstance.py:1239} INFO - Starting attempt 1 of 2
[2022-02-09 11:43:01,695] {taskinstance.py:1240} INFO - 
--------------------------------------------------------------------------------
[2022-02-09 11:43:01,733] {taskinstance.py:1259} INFO - Executing <Task(PythonOperator): csv_to_parquet> on 2019-10-02 06:00:00+00:00
[2022-02-09 11:43:01,740] {standard_task_runner.py:52} INFO - Started process 1068 to run task
[2022-02-09 11:43:01,746] {standard_task_runner.py:76} INFO - Running: ['***', 'tasks', 'run', 'Question3_FHV', 'csv_to_parquet', 'scheduled__2019-10-02T06:00:00+00:00', '--job-id', '420', '--raw', '--subdir', 'DAGS_FOLDER/dag_questions3.py', '--cfg-path', '/tmp/tmpkgyppq6_', '--error-file', '/tmp/tmph5dahiib']
[2022-02-09 11:43:01,748] {standard_task_runner.py:77} INFO - Job 420: Subtask csv_to_parquet
[2022-02-09 11:43:01,923] {logging_mixin.py:109} INFO - Running <TaskInstance: Question3_FHV.csv_to_parquet scheduled__2019-10-02T06:00:00+00:00 [running]> on host c5795c3f6004
[2022-02-09 11:43:02,065] {warnings.py:110} WARNING - /home/***/.local/lib/python3.7/site-packages/***/utils/context.py:152: AirflowContextDeprecationWarning: Accessing 'execution_date' from the template is deprecated and will be removed in a future version. Please use 'data_interval_start' or 'logical_date' instead.
  warnings.warn(_create_deprecation_warning(key, self._deprecation_replacements[key]))

[2022-02-09 11:43:02,130] {taskinstance.py:1426} INFO - Exporting the following env vars:
AIRFLOW_CTX_DAG_OWNER=***
AIRFLOW_CTX_DAG_ID=Question3_FHV
AIRFLOW_CTX_TASK_ID=csv_to_parquet
AIRFLOW_CTX_EXECUTION_DATE=2019-10-02T06:00:00+00:00
AIRFLOW_CTX_DAG_RUN_ID=scheduled__2019-10-02T06:00:00+00:00
[2022-02-09 11:43:03,754] {python.py:175} INFO - Done. Returned value was: None
[2022-02-09 11:43:03,788] {taskinstance.py:1277} INFO - Marking task as SUCCESS. dag_id=Question3_FHV, task_id=csv_to_parquet, execution_date=20191002T060000, start_date=20220209T114301, end_date=20220209T114303
[2022-02-09 11:43:03,879] {local_task_job.py:154} INFO - Task exited with return code 0
[2022-02-09 11:43:04,188] {local_task_job.py:264} INFO - 0 downstream tasks scheduled from follow-on schedule check
[2022-02-10 01:14:14,972] {taskinstance.py:1032} INFO - Dependencies all met for <TaskInstance: Question3_FHV.csv_to_parquet scheduled__2019-10-02T06:00:00+00:00 [queued]>
[2022-02-10 01:14:15,010] {taskinstance.py:1032} INFO - Dependencies all met for <TaskInstance: Question3_FHV.csv_to_parquet scheduled__2019-10-02T06:00:00+00:00 [queued]>
[2022-02-10 01:14:15,011] {taskinstance.py:1238} INFO - 
--------------------------------------------------------------------------------
[2022-02-10 01:14:15,011] {taskinstance.py:1239} INFO - Starting attempt 1 of 2
[2022-02-10 01:14:15,011] {taskinstance.py:1240} INFO - 
--------------------------------------------------------------------------------
[2022-02-10 01:14:15,047] {taskinstance.py:1259} INFO - Executing <Task(PythonOperator): csv_to_parquet> on 2019-10-02 06:00:00+00:00
[2022-02-10 01:14:15,053] {standard_task_runner.py:52} INFO - Started process 7466 to run task
[2022-02-10 01:14:15,058] {standard_task_runner.py:76} INFO - Running: ['***', 'tasks', 'run', 'Question3_FHV', 'csv_to_parquet', 'scheduled__2019-10-02T06:00:00+00:00', '--job-id', '488', '--raw', '--subdir', 'DAGS_FOLDER/dag_questions3.py', '--cfg-path', '/tmp/tmp7f7t06jw', '--error-file', '/tmp/tmpvjgnskkj']
[2022-02-10 01:14:15,059] {standard_task_runner.py:77} INFO - Job 488: Subtask csv_to_parquet
[2022-02-10 01:14:15,286] {logging_mixin.py:109} INFO - Running <TaskInstance: Question3_FHV.csv_to_parquet scheduled__2019-10-02T06:00:00+00:00 [running]> on host 0fd4ea805f5e
[2022-02-10 01:14:15,417] {warnings.py:110} WARNING - /home/***/.local/lib/python3.7/site-packages/***/utils/context.py:152: AirflowContextDeprecationWarning: Accessing 'execution_date' from the template is deprecated and will be removed in a future version. Please use 'data_interval_start' or 'logical_date' instead.
  warnings.warn(_create_deprecation_warning(key, self._deprecation_replacements[key]))

[2022-02-10 01:14:15,463] {taskinstance.py:1426} INFO - Exporting the following env vars:
AIRFLOW_CTX_DAG_OWNER=***
AIRFLOW_CTX_DAG_ID=Question3_FHV
AIRFLOW_CTX_TASK_ID=csv_to_parquet
AIRFLOW_CTX_EXECUTION_DATE=2019-10-02T06:00:00+00:00
AIRFLOW_CTX_DAG_RUN_ID=scheduled__2019-10-02T06:00:00+00:00
[2022-02-10 01:14:18,776] {python.py:175} INFO - Done. Returned value was: None
[2022-02-10 01:14:18,836] {taskinstance.py:1277} INFO - Marking task as SUCCESS. dag_id=Question3_FHV, task_id=csv_to_parquet, execution_date=20191002T060000, start_date=20220210T011414, end_date=20220210T011418
[2022-02-10 01:14:18,952] {local_task_job.py:154} INFO - Task exited with return code 0
[2022-02-10 01:14:19,062] {local_task_job.py:264} INFO - 1 downstream tasks scheduled from follow-on schedule check
[2022-02-19 01:53:32,732] {taskinstance.py:1032} INFO - Dependencies all met for <TaskInstance: Question3_FHV.csv_to_parquet scheduled__2019-10-02T06:00:00+00:00 [queued]>
[2022-02-19 01:53:32,776] {taskinstance.py:1032} INFO - Dependencies all met for <TaskInstance: Question3_FHV.csv_to_parquet scheduled__2019-10-02T06:00:00+00:00 [queued]>
[2022-02-19 01:53:32,776] {taskinstance.py:1238} INFO - 
--------------------------------------------------------------------------------
[2022-02-19 01:53:32,777] {taskinstance.py:1239} INFO - Starting attempt 1 of 2
[2022-02-19 01:53:32,777] {taskinstance.py:1240} INFO - 
--------------------------------------------------------------------------------
[2022-02-19 01:53:32,819] {taskinstance.py:1259} INFO - Executing <Task(PythonOperator): csv_to_parquet> on 2019-10-02 06:00:00+00:00
[2022-02-19 01:53:32,827] {standard_task_runner.py:52} INFO - Started process 4251 to run task
[2022-02-19 01:53:32,833] {standard_task_runner.py:76} INFO - Running: ['***', 'tasks', 'run', 'Question3_FHV', 'csv_to_parquet', 'scheduled__2019-10-02T06:00:00+00:00', '--job-id', '650', '--raw', '--subdir', 'DAGS_FOLDER/dag_questions3.py', '--cfg-path', '/tmp/tmpjcev1mr7', '--error-file', '/tmp/tmptk9f9r7x']
[2022-02-19 01:53:32,835] {standard_task_runner.py:77} INFO - Job 650: Subtask csv_to_parquet
[2022-02-19 01:53:33,028] {logging_mixin.py:109} INFO - Running <TaskInstance: Question3_FHV.csv_to_parquet scheduled__2019-10-02T06:00:00+00:00 [running]> on host 312f1fe573aa
[2022-02-19 01:53:33,158] {warnings.py:110} WARNING - /home/***/.local/lib/python3.7/site-packages/***/utils/context.py:152: AirflowContextDeprecationWarning: Accessing 'execution_date' from the template is deprecated and will be removed in a future version. Please use 'data_interval_start' or 'logical_date' instead.
  warnings.warn(_create_deprecation_warning(key, self._deprecation_replacements[key]))

[2022-02-19 01:53:33,218] {taskinstance.py:1426} INFO - Exporting the following env vars:
AIRFLOW_CTX_DAG_OWNER=***
AIRFLOW_CTX_DAG_ID=Question3_FHV
AIRFLOW_CTX_TASK_ID=csv_to_parquet
AIRFLOW_CTX_EXECUTION_DATE=2019-10-02T06:00:00+00:00
AIRFLOW_CTX_DAG_RUN_ID=scheduled__2019-10-02T06:00:00+00:00
[2022-02-19 01:53:34,716] {python.py:175} INFO - Done. Returned value was: None
[2022-02-19 01:53:34,751] {taskinstance.py:1277} INFO - Marking task as SUCCESS. dag_id=Question3_FHV, task_id=csv_to_parquet, execution_date=20191002T060000, start_date=20220219T015332, end_date=20220219T015334
[2022-02-19 01:53:34,837] {local_task_job.py:154} INFO - Task exited with return code 0
[2022-02-19 01:53:34,967] {local_task_job.py:264} INFO - 1 downstream tasks scheduled from follow-on schedule check
[2022-02-19 11:53:08,273] {taskinstance.py:1032} INFO - Dependencies all met for <TaskInstance: Question3_FHV.csv_to_parquet scheduled__2019-10-02T06:00:00+00:00 [queued]>
[2022-02-19 11:53:08,317] {taskinstance.py:1032} INFO - Dependencies all met for <TaskInstance: Question3_FHV.csv_to_parquet scheduled__2019-10-02T06:00:00+00:00 [queued]>
[2022-02-19 11:53:08,318] {taskinstance.py:1238} INFO - 
--------------------------------------------------------------------------------
[2022-02-19 11:53:08,318] {taskinstance.py:1239} INFO - Starting attempt 1 of 2
[2022-02-19 11:53:08,318] {taskinstance.py:1240} INFO - 
--------------------------------------------------------------------------------
[2022-02-19 11:53:08,363] {taskinstance.py:1259} INFO - Executing <Task(PythonOperator): csv_to_parquet> on 2019-10-02 06:00:00+00:00
[2022-02-19 11:53:08,371] {standard_task_runner.py:52} INFO - Started process 5097 to run task
[2022-02-19 11:53:08,378] {standard_task_runner.py:76} INFO - Running: ['***', 'tasks', 'run', 'Question3_FHV', 'csv_to_parquet', 'scheduled__2019-10-02T06:00:00+00:00', '--job-id', '1020', '--raw', '--subdir', 'DAGS_FOLDER/dag_questions3.py', '--cfg-path', '/tmp/tmpg0ail797', '--error-file', '/tmp/tmppj951rvp']
[2022-02-19 11:53:08,380] {standard_task_runner.py:77} INFO - Job 1020: Subtask csv_to_parquet
[2022-02-19 11:53:08,561] {logging_mixin.py:109} INFO - Running <TaskInstance: Question3_FHV.csv_to_parquet scheduled__2019-10-02T06:00:00+00:00 [running]> on host f81f14254480
[2022-02-19 11:53:08,764] {warnings.py:110} WARNING - /home/***/.local/lib/python3.7/site-packages/***/utils/context.py:152: AirflowContextDeprecationWarning: Accessing 'execution_date' from the template is deprecated and will be removed in a future version. Please use 'data_interval_start' or 'logical_date' instead.
  warnings.warn(_create_deprecation_warning(key, self._deprecation_replacements[key]))

[2022-02-19 11:53:08,847] {taskinstance.py:1426} INFO - Exporting the following env vars:
AIRFLOW_CTX_DAG_OWNER=***
AIRFLOW_CTX_DAG_ID=Question3_FHV
AIRFLOW_CTX_TASK_ID=csv_to_parquet
AIRFLOW_CTX_EXECUTION_DATE=2019-10-02T06:00:00+00:00
AIRFLOW_CTX_DAG_RUN_ID=scheduled__2019-10-02T06:00:00+00:00
[2022-02-19 11:53:10,377] {python.py:175} INFO - Done. Returned value was: None
[2022-02-19 11:53:10,413] {taskinstance.py:1277} INFO - Marking task as SUCCESS. dag_id=Question3_FHV, task_id=csv_to_parquet, execution_date=20191002T060000, start_date=20220219T115308, end_date=20220219T115310
[2022-02-19 11:53:10,511] {local_task_job.py:154} INFO - Task exited with return code 0
[2022-02-19 11:53:10,635] {local_task_job.py:264} INFO - 1 downstream tasks scheduled from follow-on schedule check
