[2022-01-30 13:02:28,987] {taskinstance.py:1032} INFO - Dependencies all met for <TaskInstance: HomeWorkWeek2.dowdata scheduled__2019-12-02T06:00:00+00:00 [queued]>
[2022-01-30 13:02:29,119] {taskinstance.py:1032} INFO - Dependencies all met for <TaskInstance: HomeWorkWeek2.dowdata scheduled__2019-12-02T06:00:00+00:00 [queued]>
[2022-01-30 13:02:29,120] {taskinstance.py:1238} INFO - 
--------------------------------------------------------------------------------
[2022-01-30 13:02:29,120] {taskinstance.py:1239} INFO - Starting attempt 1 of 2
[2022-01-30 13:02:29,120] {taskinstance.py:1240} INFO - 
--------------------------------------------------------------------------------
[2022-01-30 13:02:29,160] {taskinstance.py:1259} INFO - Executing <Task(BashOperator): dowdata> on 2019-12-02 06:00:00+00:00
[2022-01-30 13:02:29,171] {standard_task_runner.py:52} INFO - Started process 2616 to run task
[2022-01-30 13:02:29,206] {standard_task_runner.py:76} INFO - Running: ['***', 'tasks', 'run', 'HomeWorkWeek2', 'dowdata', 'scheduled__2019-12-02T06:00:00+00:00', '--job-id', '126', '--raw', '--subdir', 'DAGS_FOLDER/dag_questions1.py', '--cfg-path', '/tmp/tmp732xwmy_', '--error-file', '/tmp/tmp8yn_110l']
[2022-01-30 13:02:29,208] {standard_task_runner.py:77} INFO - Job 126: Subtask dowdata
[2022-01-30 13:02:29,566] {logging_mixin.py:109} INFO - Running <TaskInstance: HomeWorkWeek2.dowdata scheduled__2019-12-02T06:00:00+00:00 [running]> on host 4b3b8c5e49b1
[2022-01-30 13:02:29,866] {warnings.py:110} WARNING - /home/***/.local/lib/python3.7/site-packages/***/utils/context.py:152: AirflowContextDeprecationWarning: Accessing 'execution_date' from the template is deprecated and will be removed in a future version. Please use 'data_interval_start' or 'logical_date' instead.
  warnings.warn(_create_deprecation_warning(key, self._deprecation_replacements[key]))

[2022-01-30 13:02:30,026] {taskinstance.py:1426} INFO - Exporting the following env vars:
AIRFLOW_CTX_DAG_OWNER=***
AIRFLOW_CTX_DAG_ID=HomeWorkWeek2
AIRFLOW_CTX_TASK_ID=dowdata
AIRFLOW_CTX_EXECUTION_DATE=2019-12-02T06:00:00+00:00
AIRFLOW_CTX_DAG_RUN_ID=scheduled__2019-12-02T06:00:00+00:00
[2022-01-30 13:02:30,032] {subprocess.py:62} INFO - Tmp dir root location: 
 /tmp
[2022-01-30 13:02:30,034] {subprocess.py:74} INFO - Running command: ['bash', '-c', 'curl -sSLf https://s3.amazonaws.com/nyc-tlc/trip+data/yellow_tripdata_2019-12.csv > /opt/***output_2019-12.csv']
[2022-01-30 13:02:30,068] {subprocess.py:85} INFO - Output:
[2022-01-30 13:04:07,258] {subprocess.py:93} INFO - Command exited with return code 0
[2022-01-30 13:04:07,362] {taskinstance.py:1277} INFO - Marking task as SUCCESS. dag_id=HomeWorkWeek2, task_id=dowdata, execution_date=20191202T060000, start_date=20220130T130228, end_date=20220130T130407
[2022-01-30 13:04:07,454] {local_task_job.py:154} INFO - Task exited with return code 0
[2022-01-30 13:04:07,588] {local_task_job.py:264} INFO - 1 downstream tasks scheduled from follow-on schedule check
[2022-01-30 14:49:44,755] {taskinstance.py:1032} INFO - Dependencies all met for <TaskInstance: HomeWorkWeek2.dowdata scheduled__2019-12-02T06:00:00+00:00 [queued]>
[2022-01-30 14:49:44,806] {taskinstance.py:1032} INFO - Dependencies all met for <TaskInstance: HomeWorkWeek2.dowdata scheduled__2019-12-02T06:00:00+00:00 [queued]>
[2022-01-30 14:49:44,807] {taskinstance.py:1238} INFO - 
--------------------------------------------------------------------------------
[2022-01-30 14:49:44,807] {taskinstance.py:1239} INFO - Starting attempt 1 of 2
[2022-01-30 14:49:44,807] {taskinstance.py:1240} INFO - 
--------------------------------------------------------------------------------
[2022-01-30 14:49:44,857] {taskinstance.py:1259} INFO - Executing <Task(BashOperator): dowdata> on 2019-12-02 06:00:00+00:00
[2022-01-30 14:49:44,867] {standard_task_runner.py:52} INFO - Started process 832 to run task
[2022-01-30 14:49:44,877] {standard_task_runner.py:76} INFO - Running: ['***', 'tasks', 'run', 'HomeWorkWeek2', 'dowdata', 'scheduled__2019-12-02T06:00:00+00:00', '--job-id', '210', '--raw', '--subdir', 'DAGS_FOLDER/dag_questions1.py', '--cfg-path', '/tmp/tmpoa4osl8q', '--error-file', '/tmp/tmp0apd5fnu']
[2022-01-30 14:49:44,880] {standard_task_runner.py:77} INFO - Job 210: Subtask dowdata
[2022-01-30 14:49:45,141] {logging_mixin.py:109} INFO - Running <TaskInstance: HomeWorkWeek2.dowdata scheduled__2019-12-02T06:00:00+00:00 [running]> on host 785c0c715caa
[2022-01-30 14:49:45,400] {warnings.py:110} WARNING - /home/***/.local/lib/python3.7/site-packages/***/utils/context.py:152: AirflowContextDeprecationWarning: Accessing 'execution_date' from the template is deprecated and will be removed in a future version. Please use 'data_interval_start' or 'logical_date' instead.
  warnings.warn(_create_deprecation_warning(key, self._deprecation_replacements[key]))

[2022-01-30 14:49:45,463] {taskinstance.py:1426} INFO - Exporting the following env vars:
AIRFLOW_CTX_DAG_OWNER=***
AIRFLOW_CTX_DAG_ID=HomeWorkWeek2
AIRFLOW_CTX_TASK_ID=dowdata
AIRFLOW_CTX_EXECUTION_DATE=2019-12-02T06:00:00+00:00
AIRFLOW_CTX_DAG_RUN_ID=scheduled__2019-12-02T06:00:00+00:00
[2022-01-30 14:49:45,466] {subprocess.py:62} INFO - Tmp dir root location: 
 /tmp
[2022-01-30 14:49:45,468] {subprocess.py:74} INFO - Running command: ['bash', '-c', 'curl -sSLf https://s3.amazonaws.com/nyc-tlc/trip+data/yellow_tripdata_2019-12.csv > /opt/***output_2019-12.csv']
[2022-01-30 14:49:45,490] {subprocess.py:85} INFO - Output:
[2022-01-30 14:51:37,253] {subprocess.py:93} INFO - Command exited with return code 0
[2022-01-30 14:51:37,549] {taskinstance.py:1277} INFO - Marking task as SUCCESS. dag_id=HomeWorkWeek2, task_id=dowdata, execution_date=20191202T060000, start_date=20220130T144944, end_date=20220130T145137
[2022-01-30 14:51:37,902] {local_task_job.py:154} INFO - Task exited with return code 0
[2022-01-30 14:51:39,345] {local_task_job.py:264} INFO - 1 downstream tasks scheduled from follow-on schedule check
[2022-02-19 01:16:38,778] {taskinstance.py:1032} INFO - Dependencies all met for <TaskInstance: HomeWorkWeek2.dowdata scheduled__2019-12-02T06:00:00+00:00 [queued]>
[2022-02-19 01:16:38,859] {taskinstance.py:1032} INFO - Dependencies all met for <TaskInstance: HomeWorkWeek2.dowdata scheduled__2019-12-02T06:00:00+00:00 [queued]>
[2022-02-19 01:16:38,859] {taskinstance.py:1238} INFO - 
--------------------------------------------------------------------------------
[2022-02-19 01:16:38,860] {taskinstance.py:1239} INFO - Starting attempt 1 of 2
[2022-02-19 01:16:38,860] {taskinstance.py:1240} INFO - 
--------------------------------------------------------------------------------
[2022-02-19 01:16:38,925] {taskinstance.py:1259} INFO - Executing <Task(BashOperator): dowdata> on 2019-12-02 06:00:00+00:00
[2022-02-19 01:16:38,934] {standard_task_runner.py:52} INFO - Started process 2234 to run task
[2022-02-19 01:16:38,942] {standard_task_runner.py:76} INFO - Running: ['***', 'tasks', 'run', 'HomeWorkWeek2', 'dowdata', 'scheduled__2019-12-02T06:00:00+00:00', '--job-id', '558', '--raw', '--subdir', 'DAGS_FOLDER/dag_questions1.py', '--cfg-path', '/tmp/tmpvwfz95ke', '--error-file', '/tmp/tmpbrii28fg']
[2022-02-19 01:16:38,945] {standard_task_runner.py:77} INFO - Job 558: Subtask dowdata
[2022-02-19 01:16:39,205] {logging_mixin.py:109} INFO - Running <TaskInstance: HomeWorkWeek2.dowdata scheduled__2019-12-02T06:00:00+00:00 [running]> on host 312f1fe573aa
[2022-02-19 01:16:39,414] {warnings.py:110} WARNING - /home/***/.local/lib/python3.7/site-packages/***/utils/context.py:152: AirflowContextDeprecationWarning: Accessing 'execution_date' from the template is deprecated and will be removed in a future version. Please use 'data_interval_start' or 'logical_date' instead.
  warnings.warn(_create_deprecation_warning(key, self._deprecation_replacements[key]))

[2022-02-19 01:16:39,485] {taskinstance.py:1426} INFO - Exporting the following env vars:
AIRFLOW_CTX_DAG_OWNER=***
AIRFLOW_CTX_DAG_ID=HomeWorkWeek2
AIRFLOW_CTX_TASK_ID=dowdata
AIRFLOW_CTX_EXECUTION_DATE=2019-12-02T06:00:00+00:00
AIRFLOW_CTX_DAG_RUN_ID=scheduled__2019-12-02T06:00:00+00:00
[2022-02-19 01:16:39,489] {subprocess.py:62} INFO - Tmp dir root location: 
 /tmp
[2022-02-19 01:16:39,490] {subprocess.py:74} INFO - Running command: ['bash', '-c', 'curl -sSLf https://s3.amazonaws.com/nyc-tlc/trip+data/yellow_tripdata_2019-12.csv > /opt/***output_2019-12.csv']
[2022-02-19 01:16:39,513] {subprocess.py:85} INFO - Output:
[2022-02-19 01:17:53,135] {subprocess.py:93} INFO - Command exited with return code 0
[2022-02-19 01:17:53,221] {taskinstance.py:1277} INFO - Marking task as SUCCESS. dag_id=HomeWorkWeek2, task_id=dowdata, execution_date=20191202T060000, start_date=20220219T011638, end_date=20220219T011753
[2022-02-19 01:17:53,311] {local_task_job.py:154} INFO - Task exited with return code 0
[2022-02-19 01:17:53,450] {local_task_job.py:264} INFO - 1 downstream tasks scheduled from follow-on schedule check
[2022-02-19 11:18:05,836] {taskinstance.py:1032} INFO - Dependencies all met for <TaskInstance: HomeWorkWeek2.dowdata scheduled__2019-12-02T06:00:00+00:00 [queued]>
[2022-02-19 11:18:05,881] {taskinstance.py:1032} INFO - Dependencies all met for <TaskInstance: HomeWorkWeek2.dowdata scheduled__2019-12-02T06:00:00+00:00 [queued]>
[2022-02-19 11:18:05,882] {taskinstance.py:1238} INFO - 
--------------------------------------------------------------------------------
[2022-02-19 11:18:05,882] {taskinstance.py:1239} INFO - Starting attempt 1 of 2
[2022-02-19 11:18:05,883] {taskinstance.py:1240} INFO - 
--------------------------------------------------------------------------------
[2022-02-19 11:18:05,929] {taskinstance.py:1259} INFO - Executing <Task(BashOperator): dowdata> on 2019-12-02 06:00:00+00:00
[2022-02-19 11:18:05,938] {standard_task_runner.py:52} INFO - Started process 3162 to run task
[2022-02-19 11:18:05,949] {standard_task_runner.py:76} INFO - Running: ['***', 'tasks', 'run', 'HomeWorkWeek2', 'dowdata', 'scheduled__2019-12-02T06:00:00+00:00', '--job-id', '928', '--raw', '--subdir', 'DAGS_FOLDER/dag_questions1.py', '--cfg-path', '/tmp/tmp5vek50vz', '--error-file', '/tmp/tmpyoqrtyo6']
[2022-02-19 11:18:05,954] {standard_task_runner.py:77} INFO - Job 928: Subtask dowdata
[2022-02-19 11:18:06,143] {logging_mixin.py:109} INFO - Running <TaskInstance: HomeWorkWeek2.dowdata scheduled__2019-12-02T06:00:00+00:00 [running]> on host f81f14254480
[2022-02-19 11:18:06,328] {warnings.py:110} WARNING - /home/***/.local/lib/python3.7/site-packages/***/utils/context.py:152: AirflowContextDeprecationWarning: Accessing 'execution_date' from the template is deprecated and will be removed in a future version. Please use 'data_interval_start' or 'logical_date' instead.
  warnings.warn(_create_deprecation_warning(key, self._deprecation_replacements[key]))

[2022-02-19 11:18:06,411] {taskinstance.py:1426} INFO - Exporting the following env vars:
AIRFLOW_CTX_DAG_OWNER=***
AIRFLOW_CTX_DAG_ID=HomeWorkWeek2
AIRFLOW_CTX_TASK_ID=dowdata
AIRFLOW_CTX_EXECUTION_DATE=2019-12-02T06:00:00+00:00
AIRFLOW_CTX_DAG_RUN_ID=scheduled__2019-12-02T06:00:00+00:00
[2022-02-19 11:18:06,413] {subprocess.py:62} INFO - Tmp dir root location: 
 /tmp
[2022-02-19 11:18:06,415] {subprocess.py:74} INFO - Running command: ['bash', '-c', 'curl -sSLf https://s3.amazonaws.com/nyc-tlc/trip+data/yellow_tripdata_2019-12.csv > /opt/***output_2019-12.csv']
[2022-02-19 11:18:06,441] {subprocess.py:85} INFO - Output:
[2022-02-19 11:19:03,531] {subprocess.py:93} INFO - Command exited with return code 0
[2022-02-19 11:19:03,608] {taskinstance.py:1277} INFO - Marking task as SUCCESS. dag_id=HomeWorkWeek2, task_id=dowdata, execution_date=20191202T060000, start_date=20220219T111805, end_date=20220219T111903
[2022-02-19 11:19:03,661] {local_task_job.py:154} INFO - Task exited with return code 0
[2022-02-19 11:19:03,793] {local_task_job.py:264} INFO - 1 downstream tasks scheduled from follow-on schedule check
[2022-02-20 00:02:13,099] {taskinstance.py:1032} INFO - Dependencies all met for <TaskInstance: HomeWorkWeek2.dowdata scheduled__2019-12-02T06:00:00+00:00 [queued]>
[2022-02-20 00:02:13,164] {taskinstance.py:1032} INFO - Dependencies all met for <TaskInstance: HomeWorkWeek2.dowdata scheduled__2019-12-02T06:00:00+00:00 [queued]>
[2022-02-20 00:02:13,165] {taskinstance.py:1238} INFO - 
--------------------------------------------------------------------------------
[2022-02-20 00:02:13,166] {taskinstance.py:1239} INFO - Starting attempt 1 of 2
[2022-02-20 00:02:13,166] {taskinstance.py:1240} INFO - 
--------------------------------------------------------------------------------
[2022-02-20 00:02:13,237] {taskinstance.py:1259} INFO - Executing <Task(BashOperator): dowdata> on 2019-12-02 06:00:00+00:00
[2022-02-20 00:02:13,245] {standard_task_runner.py:52} INFO - Started process 23163 to run task
[2022-02-20 00:02:13,252] {standard_task_runner.py:76} INFO - Running: ['***', 'tasks', 'run', 'HomeWorkWeek2', 'dowdata', 'scheduled__2019-12-02T06:00:00+00:00', '--job-id', '1092', '--raw', '--subdir', 'DAGS_FOLDER/dag_questions1.py', '--cfg-path', '/tmp/tmp_3ov0bka', '--error-file', '/tmp/tmpbv1vwd0b']
[2022-02-20 00:02:13,254] {standard_task_runner.py:77} INFO - Job 1092: Subtask dowdata
[2022-02-20 00:02:13,488] {logging_mixin.py:109} INFO - Running <TaskInstance: HomeWorkWeek2.dowdata scheduled__2019-12-02T06:00:00+00:00 [running]> on host d9977d7db207
[2022-02-20 00:02:13,666] {warnings.py:110} WARNING - /home/***/.local/lib/python3.7/site-packages/***/utils/context.py:152: AirflowContextDeprecationWarning: Accessing 'execution_date' from the template is deprecated and will be removed in a future version. Please use 'data_interval_start' or 'logical_date' instead.
  warnings.warn(_create_deprecation_warning(key, self._deprecation_replacements[key]))

[2022-02-20 00:02:13,725] {taskinstance.py:1426} INFO - Exporting the following env vars:
AIRFLOW_CTX_DAG_OWNER=***
AIRFLOW_CTX_DAG_ID=HomeWorkWeek2
AIRFLOW_CTX_TASK_ID=dowdata
AIRFLOW_CTX_EXECUTION_DATE=2019-12-02T06:00:00+00:00
AIRFLOW_CTX_DAG_RUN_ID=scheduled__2019-12-02T06:00:00+00:00
[2022-02-20 00:02:13,728] {subprocess.py:62} INFO - Tmp dir root location: 
 /tmp
[2022-02-20 00:02:13,729] {subprocess.py:74} INFO - Running command: ['bash', '-c', 'curl -sSLf https://s3.amazonaws.com/nyc-tlc/trip+data/yellow_tripdata_2019-12.csv > /opt/***yellow_2019-12.csv']
[2022-02-20 00:02:13,756] {subprocess.py:85} INFO - Output:
[2022-02-20 00:03:11,586] {subprocess.py:93} INFO - Command exited with return code 0
[2022-02-20 00:03:11,871] {taskinstance.py:1277} INFO - Marking task as SUCCESS. dag_id=HomeWorkWeek2, task_id=dowdata, execution_date=20191202T060000, start_date=20220220T000213, end_date=20220220T000311
[2022-02-20 00:03:11,974] {local_task_job.py:154} INFO - Task exited with return code 0
[2022-02-20 00:03:12,141] {local_task_job.py:264} INFO - 1 downstream tasks scheduled from follow-on schedule check
