[2022-01-30 12:53:32,083] {taskinstance.py:1032} INFO - Dependencies all met for <TaskInstance: HomeWorkWeek2.halo scheduled__2019-02-02T06:00:00+00:00 [queued]>
[2022-01-30 12:53:32,142] {taskinstance.py:1032} INFO - Dependencies all met for <TaskInstance: HomeWorkWeek2.halo scheduled__2019-02-02T06:00:00+00:00 [queued]>
[2022-01-30 12:53:32,145] {taskinstance.py:1238} INFO - 
--------------------------------------------------------------------------------
[2022-01-30 12:53:32,146] {taskinstance.py:1239} INFO - Starting attempt 1 of 2
[2022-01-30 12:53:32,146] {taskinstance.py:1240} INFO - 
--------------------------------------------------------------------------------
[2022-01-30 12:53:32,214] {taskinstance.py:1259} INFO - Executing <Task(PythonOperator): halo> on 2019-02-02 06:00:00+00:00
[2022-01-30 12:53:32,234] {standard_task_runner.py:52} INFO - Started process 2151 to run task
[2022-01-30 12:53:32,263] {standard_task_runner.py:76} INFO - Running: ['***', 'tasks', 'run', 'HomeWorkWeek2', 'halo', 'scheduled__2019-02-02T06:00:00+00:00', '--job-id', '108', '--raw', '--subdir', 'DAGS_FOLDER/dag_questions1.py', '--cfg-path', '/tmp/tmpktpc8edb', '--error-file', '/tmp/tmpelnxh7wi']
[2022-01-30 12:53:32,267] {standard_task_runner.py:77} INFO - Job 108: Subtask halo
[2022-01-30 12:53:32,563] {logging_mixin.py:109} INFO - Running <TaskInstance: HomeWorkWeek2.halo scheduled__2019-02-02T06:00:00+00:00 [running]> on host 4b3b8c5e49b1
[2022-01-30 12:53:32,862] {taskinstance.py:1426} INFO - Exporting the following env vars:
AIRFLOW_CTX_DAG_OWNER=***
AIRFLOW_CTX_DAG_ID=HomeWorkWeek2
AIRFLOW_CTX_TASK_ID=halo
AIRFLOW_CTX_EXECUTION_DATE=2019-02-02T06:00:00+00:00
AIRFLOW_CTX_DAG_RUN_ID=scheduled__2019-02-02T06:00:00+00:00
[2022-01-30 12:53:32,864] {logging_mixin.py:109} INFO - helloworld
[2022-01-30 12:53:32,865] {python.py:175} INFO - Done. Returned value was: None
[2022-01-30 12:53:32,906] {taskinstance.py:1277} INFO - Marking task as SUCCESS. dag_id=HomeWorkWeek2, task_id=halo, execution_date=20190202T060000, start_date=20220130T125332, end_date=20220130T125332
[2022-01-30 12:53:32,998] {local_task_job.py:154} INFO - Task exited with return code 0
[2022-01-30 12:53:33,152] {local_task_job.py:264} INFO - 0 downstream tasks scheduled from follow-on schedule check
[2022-01-30 14:41:17,556] {taskinstance.py:1032} INFO - Dependencies all met for <TaskInstance: HomeWorkWeek2.halo scheduled__2019-02-02T06:00:00+00:00 [queued]>
[2022-01-30 14:41:17,618] {taskinstance.py:1032} INFO - Dependencies all met for <TaskInstance: HomeWorkWeek2.halo scheduled__2019-02-02T06:00:00+00:00 [queued]>
[2022-01-30 14:41:17,618] {taskinstance.py:1238} INFO - 
--------------------------------------------------------------------------------
[2022-01-30 14:41:17,619] {taskinstance.py:1239} INFO - Starting attempt 1 of 2
[2022-01-30 14:41:17,619] {taskinstance.py:1240} INFO - 
--------------------------------------------------------------------------------
[2022-01-30 14:41:17,699] {taskinstance.py:1259} INFO - Executing <Task(PythonOperator): halo> on 2019-02-02 06:00:00+00:00
[2022-01-30 14:41:17,708] {standard_task_runner.py:52} INFO - Started process 342 to run task
[2022-01-30 14:41:17,716] {standard_task_runner.py:76} INFO - Running: ['***', 'tasks', 'run', 'HomeWorkWeek2', 'halo', 'scheduled__2019-02-02T06:00:00+00:00', '--job-id', '186', '--raw', '--subdir', 'DAGS_FOLDER/dag_questions1.py', '--cfg-path', '/tmp/tmpnmxmrzyt', '--error-file', '/tmp/tmp5jwj5h85']
[2022-01-30 14:41:17,719] {standard_task_runner.py:77} INFO - Job 186: Subtask halo
[2022-01-30 14:41:17,904] {logging_mixin.py:109} INFO - Running <TaskInstance: HomeWorkWeek2.halo scheduled__2019-02-02T06:00:00+00:00 [running]> on host 785c0c715caa
[2022-01-30 14:41:18,139] {taskinstance.py:1426} INFO - Exporting the following env vars:
AIRFLOW_CTX_DAG_OWNER=***
AIRFLOW_CTX_DAG_ID=HomeWorkWeek2
AIRFLOW_CTX_TASK_ID=halo
AIRFLOW_CTX_EXECUTION_DATE=2019-02-02T06:00:00+00:00
AIRFLOW_CTX_DAG_RUN_ID=scheduled__2019-02-02T06:00:00+00:00
[2022-01-30 14:41:18,146] {logging_mixin.py:109} INFO - hello world!!
[2022-01-30 14:41:18,147] {python.py:175} INFO - Done. Returned value was: None
[2022-01-30 14:41:18,187] {taskinstance.py:1277} INFO - Marking task as SUCCESS. dag_id=HomeWorkWeek2, task_id=halo, execution_date=20190202T060000, start_date=20220130T144117, end_date=20220130T144118
[2022-01-30 14:41:18,269] {local_task_job.py:154} INFO - Task exited with return code 0
[2022-01-30 14:41:18,362] {local_task_job.py:264} INFO - 0 downstream tasks scheduled from follow-on schedule check
[2022-01-30 16:05:15,218] {taskinstance.py:1032} INFO - Dependencies all met for <TaskInstance: HomeWorkWeek2.halo scheduled__2019-02-02T06:00:00+00:00 [queued]>
[2022-01-30 16:05:15,290] {taskinstance.py:1032} INFO - Dependencies all met for <TaskInstance: HomeWorkWeek2.halo scheduled__2019-02-02T06:00:00+00:00 [queued]>
[2022-01-30 16:05:15,291] {taskinstance.py:1238} INFO - 
--------------------------------------------------------------------------------
[2022-01-30 16:05:15,291] {taskinstance.py:1239} INFO - Starting attempt 1 of 2
[2022-01-30 16:05:15,292] {taskinstance.py:1240} INFO - 
--------------------------------------------------------------------------------
[2022-01-30 16:05:15,369] {taskinstance.py:1259} INFO - Executing <Task(PythonOperator): halo> on 2019-02-02 06:00:00+00:00
[2022-01-30 16:05:15,386] {standard_task_runner.py:52} INFO - Started process 803 to run task
[2022-01-30 16:05:15,397] {standard_task_runner.py:76} INFO - Running: ['***', 'tasks', 'run', 'HomeWorkWeek2', 'halo', 'scheduled__2019-02-02T06:00:00+00:00', '--job-id', '299', '--raw', '--subdir', 'DAGS_FOLDER/dag_questions1.py', '--cfg-path', '/tmp/tmpnt2gf8e8', '--error-file', '/tmp/tmpe2czeebu']
[2022-01-30 16:05:15,415] {standard_task_runner.py:77} INFO - Job 299: Subtask halo
[2022-01-30 16:05:15,611] {logging_mixin.py:109} INFO - Running <TaskInstance: HomeWorkWeek2.halo scheduled__2019-02-02T06:00:00+00:00 [running]> on host 76a6ca5a1f6b
[2022-01-30 16:05:15,801] {taskinstance.py:1426} INFO - Exporting the following env vars:
AIRFLOW_CTX_DAG_OWNER=***
AIRFLOW_CTX_DAG_ID=HomeWorkWeek2
AIRFLOW_CTX_TASK_ID=halo
AIRFLOW_CTX_EXECUTION_DATE=2019-02-02T06:00:00+00:00
AIRFLOW_CTX_DAG_RUN_ID=scheduled__2019-02-02T06:00:00+00:00
[2022-01-30 16:05:15,803] {logging_mixin.py:109} INFO - hello world!!
[2022-01-30 16:05:15,803] {python.py:175} INFO - Done. Returned value was: None
[2022-01-30 16:05:15,845] {taskinstance.py:1277} INFO - Marking task as SUCCESS. dag_id=HomeWorkWeek2, task_id=halo, execution_date=20190202T060000, start_date=20220130T160515, end_date=20220130T160515
[2022-01-30 16:05:15,916] {local_task_job.py:154} INFO - Task exited with return code 0
[2022-01-30 16:05:16,045] {local_task_job.py:264} INFO - 0 downstream tasks scheduled from follow-on schedule check
