[2022-02-02 21:27:21,035] {taskinstance.py:1032} INFO - Dependencies all met for <TaskInstance: Question3_FHV.dowdata scheduled__2019-11-02T06:00:00+00:00 [queued]>
[2022-02-02 21:27:21,074] {taskinstance.py:1032} INFO - Dependencies all met for <TaskInstance: Question3_FHV.dowdata scheduled__2019-11-02T06:00:00+00:00 [queued]>
[2022-02-02 21:27:21,075] {taskinstance.py:1238} INFO - 
--------------------------------------------------------------------------------
[2022-02-02 21:27:21,075] {taskinstance.py:1239} INFO - Starting attempt 1 of 2
[2022-02-02 21:27:21,075] {taskinstance.py:1240} INFO - 
--------------------------------------------------------------------------------
[2022-02-02 21:27:21,118] {taskinstance.py:1259} INFO - Executing <Task(BashOperator): dowdata> on 2019-11-02 06:00:00+00:00
[2022-02-02 21:27:21,125] {standard_task_runner.py:52} INFO - Started process 1399 to run task
[2022-02-02 21:27:21,131] {standard_task_runner.py:76} INFO - Running: ['***', 'tasks', 'run', 'Question3_FHV', 'dowdata', 'scheduled__2019-11-02T06:00:00+00:00', '--job-id', '352', '--raw', '--subdir', 'DAGS_FOLDER/dag_questions3.py', '--cfg-path', '/tmp/tmptj5art6f', '--error-file', '/tmp/tmp063bxt6y']
[2022-02-02 21:27:21,133] {standard_task_runner.py:77} INFO - Job 352: Subtask dowdata
[2022-02-02 21:27:21,289] {logging_mixin.py:109} INFO - Running <TaskInstance: Question3_FHV.dowdata scheduled__2019-11-02T06:00:00+00:00 [running]> on host d574c7c5b085
[2022-02-02 21:27:21,430] {warnings.py:110} WARNING - /home/***/.local/lib/python3.7/site-packages/***/utils/context.py:152: AirflowContextDeprecationWarning: Accessing 'execution_date' from the template is deprecated and will be removed in a future version. Please use 'data_interval_start' or 'logical_date' instead.
  warnings.warn(_create_deprecation_warning(key, self._deprecation_replacements[key]))

[2022-02-02 21:27:21,480] {taskinstance.py:1426} INFO - Exporting the following env vars:
AIRFLOW_CTX_DAG_OWNER=***
AIRFLOW_CTX_DAG_ID=Question3_FHV
AIRFLOW_CTX_TASK_ID=dowdata
AIRFLOW_CTX_EXECUTION_DATE=2019-11-02T06:00:00+00:00
AIRFLOW_CTX_DAG_RUN_ID=scheduled__2019-11-02T06:00:00+00:00
[2022-02-02 21:27:21,482] {subprocess.py:62} INFO - Tmp dir root location: 
 /tmp
[2022-02-02 21:27:21,483] {subprocess.py:74} INFO - Running command: ['bash', '-c', 'curl -sSLf https://nyc-tlc.s3.amazonaws.com/trip+data/fhv_tripdata_2019-11.csv > /opt/***output_fhv_2019-11.csv']
[2022-02-02 21:27:21,508] {subprocess.py:85} INFO - Output:
[2022-02-02 21:27:35,515] {subprocess.py:93} INFO - Command exited with return code 0
[2022-02-02 21:27:35,596] {taskinstance.py:1277} INFO - Marking task as SUCCESS. dag_id=Question3_FHV, task_id=dowdata, execution_date=20191102T060000, start_date=20220202T212721, end_date=20220202T212735
[2022-02-02 21:27:35,649] {local_task_job.py:154} INFO - Task exited with return code 0
[2022-02-02 21:27:35,757] {local_task_job.py:264} INFO - 1 downstream tasks scheduled from follow-on schedule check
[2022-02-09 11:43:29,720] {taskinstance.py:1032} INFO - Dependencies all met for <TaskInstance: Question3_FHV.dowdata scheduled__2019-11-02T06:00:00+00:00 [queued]>
[2022-02-09 11:43:29,791] {taskinstance.py:1032} INFO - Dependencies all met for <TaskInstance: Question3_FHV.dowdata scheduled__2019-11-02T06:00:00+00:00 [queued]>
[2022-02-09 11:43:29,792] {taskinstance.py:1238} INFO - 
--------------------------------------------------------------------------------
[2022-02-09 11:43:29,792] {taskinstance.py:1239} INFO - Starting attempt 1 of 2
[2022-02-09 11:43:29,792] {taskinstance.py:1240} INFO - 
--------------------------------------------------------------------------------
[2022-02-09 11:43:29,841] {taskinstance.py:1259} INFO - Executing <Task(BashOperator): dowdata> on 2019-11-02 06:00:00+00:00
[2022-02-09 11:43:29,849] {standard_task_runner.py:52} INFO - Started process 1106 to run task
[2022-02-09 11:43:29,856] {standard_task_runner.py:76} INFO - Running: ['***', 'tasks', 'run', 'Question3_FHV', 'dowdata', 'scheduled__2019-11-02T06:00:00+00:00', '--job-id', '423', '--raw', '--subdir', 'DAGS_FOLDER/dag_questions3.py', '--cfg-path', '/tmp/tmpjzyn0kpp', '--error-file', '/tmp/tmpbts277_k']
[2022-02-09 11:43:29,859] {standard_task_runner.py:77} INFO - Job 423: Subtask dowdata
[2022-02-09 11:43:30,050] {logging_mixin.py:109} INFO - Running <TaskInstance: Question3_FHV.dowdata scheduled__2019-11-02T06:00:00+00:00 [running]> on host c5795c3f6004
[2022-02-09 11:43:30,214] {warnings.py:110} WARNING - /home/***/.local/lib/python3.7/site-packages/***/utils/context.py:152: AirflowContextDeprecationWarning: Accessing 'execution_date' from the template is deprecated and will be removed in a future version. Please use 'data_interval_start' or 'logical_date' instead.
  warnings.warn(_create_deprecation_warning(key, self._deprecation_replacements[key]))

[2022-02-09 11:43:30,278] {taskinstance.py:1426} INFO - Exporting the following env vars:
AIRFLOW_CTX_DAG_OWNER=***
AIRFLOW_CTX_DAG_ID=Question3_FHV
AIRFLOW_CTX_TASK_ID=dowdata
AIRFLOW_CTX_EXECUTION_DATE=2019-11-02T06:00:00+00:00
AIRFLOW_CTX_DAG_RUN_ID=scheduled__2019-11-02T06:00:00+00:00
[2022-02-09 11:43:30,282] {subprocess.py:62} INFO - Tmp dir root location: 
 /tmp
[2022-02-09 11:43:30,284] {subprocess.py:74} INFO - Running command: ['bash', '-c', 'curl -sSLf https://nyc-tlc.s3.amazonaws.com/trip+data/fhv_tripdata_2019-11.csv > /opt/***output_fhv_2019-11.csv']
[2022-02-09 11:43:30,313] {subprocess.py:85} INFO - Output:
[2022-02-09 11:46:16,002] {subprocess.py:93} INFO - Command exited with return code 0
[2022-02-09 11:46:16,092] {taskinstance.py:1277} INFO - Marking task as SUCCESS. dag_id=Question3_FHV, task_id=dowdata, execution_date=20191102T060000, start_date=20220209T114329, end_date=20220209T114616
[2022-02-09 11:46:16,189] {local_task_job.py:154} INFO - Task exited with return code 0
[2022-02-09 11:46:16,317] {local_task_job.py:264} INFO - 1 downstream tasks scheduled from follow-on schedule check
[2022-02-10 01:15:01,822] {taskinstance.py:1032} INFO - Dependencies all met for <TaskInstance: Question3_FHV.dowdata scheduled__2019-11-02T06:00:00+00:00 [queued]>
[2022-02-10 01:15:01,869] {taskinstance.py:1032} INFO - Dependencies all met for <TaskInstance: Question3_FHV.dowdata scheduled__2019-11-02T06:00:00+00:00 [queued]>
[2022-02-10 01:15:01,869] {taskinstance.py:1238} INFO - 
--------------------------------------------------------------------------------
[2022-02-10 01:15:01,869] {taskinstance.py:1239} INFO - Starting attempt 1 of 2
[2022-02-10 01:15:01,870] {taskinstance.py:1240} INFO - 
--------------------------------------------------------------------------------
[2022-02-10 01:15:01,906] {taskinstance.py:1259} INFO - Executing <Task(BashOperator): dowdata> on 2019-11-02 06:00:00+00:00
[2022-02-10 01:15:01,917] {standard_task_runner.py:52} INFO - Started process 7520 to run task
[2022-02-10 01:15:01,941] {standard_task_runner.py:76} INFO - Running: ['***', 'tasks', 'run', 'Question3_FHV', 'dowdata', 'scheduled__2019-11-02T06:00:00+00:00', '--job-id', '491', '--raw', '--subdir', 'DAGS_FOLDER/dag_questions3.py', '--cfg-path', '/tmp/tmph1pzxrrk', '--error-file', '/tmp/tmpzyw4q0qd']
[2022-02-10 01:15:01,943] {standard_task_runner.py:77} INFO - Job 491: Subtask dowdata
[2022-02-10 01:15:02,224] {logging_mixin.py:109} INFO - Running <TaskInstance: Question3_FHV.dowdata scheduled__2019-11-02T06:00:00+00:00 [running]> on host 0fd4ea805f5e
[2022-02-10 01:15:02,404] {warnings.py:110} WARNING - /home/***/.local/lib/python3.7/site-packages/***/utils/context.py:152: AirflowContextDeprecationWarning: Accessing 'execution_date' from the template is deprecated and will be removed in a future version. Please use 'data_interval_start' or 'logical_date' instead.
  warnings.warn(_create_deprecation_warning(key, self._deprecation_replacements[key]))

[2022-02-10 01:15:02,503] {taskinstance.py:1426} INFO - Exporting the following env vars:
AIRFLOW_CTX_DAG_OWNER=***
AIRFLOW_CTX_DAG_ID=Question3_FHV
AIRFLOW_CTX_TASK_ID=dowdata
AIRFLOW_CTX_EXECUTION_DATE=2019-11-02T06:00:00+00:00
AIRFLOW_CTX_DAG_RUN_ID=scheduled__2019-11-02T06:00:00+00:00
[2022-02-10 01:15:02,505] {subprocess.py:62} INFO - Tmp dir root location: 
 /tmp
[2022-02-10 01:15:02,509] {subprocess.py:74} INFO - Running command: ['bash', '-c', 'curl -sSLf https://nyc-tlc.s3.amazonaws.com/trip+data/fhv_tripdata_2019-11.csv > /opt/***fhv_2019-11.csv']
[2022-02-10 01:15:02,535] {subprocess.py:85} INFO - Output:
[2022-02-10 01:15:14,163] {subprocess.py:93} INFO - Command exited with return code 0
[2022-02-10 01:15:14,236] {taskinstance.py:1277} INFO - Marking task as SUCCESS. dag_id=Question3_FHV, task_id=dowdata, execution_date=20191102T060000, start_date=20220210T011501, end_date=20220210T011514
[2022-02-10 01:15:14,316] {local_task_job.py:154} INFO - Task exited with return code 0
[2022-02-10 01:15:14,442] {local_task_job.py:264} INFO - 1 downstream tasks scheduled from follow-on schedule check
