[2022-01-30 13:06:48,788] {taskinstance.py:1032} INFO - Dependencies all met for <TaskInstance: HomeWorkWeek2.halo scheduled__2020-08-02T06:00:00+00:00 [queued]>
[2022-01-30 13:06:48,845] {taskinstance.py:1032} INFO - Dependencies all met for <TaskInstance: HomeWorkWeek2.halo scheduled__2020-08-02T06:00:00+00:00 [queued]>
[2022-01-30 13:06:48,845] {taskinstance.py:1238} INFO - 
--------------------------------------------------------------------------------
[2022-01-30 13:06:48,845] {taskinstance.py:1239} INFO - Starting attempt 1 of 2
[2022-01-30 13:06:48,846] {taskinstance.py:1240} INFO - 
--------------------------------------------------------------------------------
[2022-01-30 13:06:48,893] {taskinstance.py:1259} INFO - Executing <Task(PythonOperator): halo> on 2020-08-02 06:00:00+00:00
[2022-01-30 13:06:48,903] {standard_task_runner.py:52} INFO - Started process 2891 to run task
[2022-01-30 13:06:48,920] {standard_task_runner.py:76} INFO - Running: ['***', 'tasks', 'run', 'HomeWorkWeek2', 'halo', 'scheduled__2020-08-02T06:00:00+00:00', '--job-id', '146', '--raw', '--subdir', 'DAGS_FOLDER/dag_questions1.py', '--cfg-path', '/tmp/tmplaqraxzo', '--error-file', '/tmp/tmpakq3rb7p']
[2022-01-30 13:06:48,922] {standard_task_runner.py:77} INFO - Job 146: Subtask halo
[2022-01-30 13:06:49,227] {logging_mixin.py:109} INFO - Running <TaskInstance: HomeWorkWeek2.halo scheduled__2020-08-02T06:00:00+00:00 [running]> on host 4b3b8c5e49b1
[2022-01-30 13:06:49,605] {taskinstance.py:1426} INFO - Exporting the following env vars:
AIRFLOW_CTX_DAG_OWNER=***
AIRFLOW_CTX_DAG_ID=HomeWorkWeek2
AIRFLOW_CTX_TASK_ID=halo
AIRFLOW_CTX_EXECUTION_DATE=2020-08-02T06:00:00+00:00
AIRFLOW_CTX_DAG_RUN_ID=scheduled__2020-08-02T06:00:00+00:00
[2022-01-30 13:06:49,608] {logging_mixin.py:109} INFO - helloworld
[2022-01-30 13:06:49,608] {python.py:175} INFO - Done. Returned value was: None
[2022-01-30 13:06:49,660] {taskinstance.py:1277} INFO - Marking task as SUCCESS. dag_id=HomeWorkWeek2, task_id=halo, execution_date=20200802T060000, start_date=20220130T130648, end_date=20220130T130649
[2022-01-30 13:06:49,797] {local_task_job.py:154} INFO - Task exited with return code 0
[2022-01-30 13:06:49,950] {local_task_job.py:264} INFO - 0 downstream tasks scheduled from follow-on schedule check
[2022-01-30 14:55:07,065] {taskinstance.py:1032} INFO - Dependencies all met for <TaskInstance: HomeWorkWeek2.halo scheduled__2020-08-02T06:00:00+00:00 [queued]>
[2022-01-30 14:55:07,112] {taskinstance.py:1032} INFO - Dependencies all met for <TaskInstance: HomeWorkWeek2.halo scheduled__2020-08-02T06:00:00+00:00 [queued]>
[2022-01-30 14:55:07,113] {taskinstance.py:1238} INFO - 
--------------------------------------------------------------------------------
[2022-01-30 14:55:07,113] {taskinstance.py:1239} INFO - Starting attempt 1 of 2
[2022-01-30 14:55:07,114] {taskinstance.py:1240} INFO - 
--------------------------------------------------------------------------------
[2022-01-30 14:55:07,160] {taskinstance.py:1259} INFO - Executing <Task(PythonOperator): halo> on 2020-08-02 06:00:00+00:00
[2022-01-30 14:55:07,169] {standard_task_runner.py:52} INFO - Started process 1254 to run task
[2022-01-30 14:55:07,175] {standard_task_runner.py:76} INFO - Running: ['***', 'tasks', 'run', 'HomeWorkWeek2', 'halo', 'scheduled__2020-08-02T06:00:00+00:00', '--job-id', '238', '--raw', '--subdir', 'DAGS_FOLDER/dag_questions1.py', '--cfg-path', '/tmp/tmp9wvwhh3p', '--error-file', '/tmp/tmpfab1fskk']
[2022-01-30 14:55:07,176] {standard_task_runner.py:77} INFO - Job 238: Subtask halo
[2022-01-30 14:55:07,373] {logging_mixin.py:109} INFO - Running <TaskInstance: HomeWorkWeek2.halo scheduled__2020-08-02T06:00:00+00:00 [running]> on host 785c0c715caa
[2022-01-30 14:55:07,583] {taskinstance.py:1426} INFO - Exporting the following env vars:
AIRFLOW_CTX_DAG_OWNER=***
AIRFLOW_CTX_DAG_ID=HomeWorkWeek2
AIRFLOW_CTX_TASK_ID=halo
AIRFLOW_CTX_EXECUTION_DATE=2020-08-02T06:00:00+00:00
AIRFLOW_CTX_DAG_RUN_ID=scheduled__2020-08-02T06:00:00+00:00
[2022-01-30 14:55:07,585] {logging_mixin.py:109} INFO - hello world!!
[2022-01-30 14:55:07,585] {python.py:175} INFO - Done. Returned value was: None
[2022-01-30 14:55:07,628] {taskinstance.py:1277} INFO - Marking task as SUCCESS. dag_id=HomeWorkWeek2, task_id=halo, execution_date=20200802T060000, start_date=20220130T145507, end_date=20220130T145507
[2022-01-30 14:55:07,718] {local_task_job.py:154} INFO - Task exited with return code 0
[2022-01-30 14:55:07,832] {local_task_job.py:264} INFO - 0 downstream tasks scheduled from follow-on schedule check
[2022-02-19 01:35:11,920] {taskinstance.py:1032} INFO - Dependencies all met for <TaskInstance: HomeWorkWeek2.halo scheduled__2020-08-02T06:00:00+00:00 [queued]>
[2022-02-19 01:35:11,960] {taskinstance.py:1032} INFO - Dependencies all met for <TaskInstance: HomeWorkWeek2.halo scheduled__2020-08-02T06:00:00+00:00 [queued]>
[2022-02-19 01:35:11,961] {taskinstance.py:1238} INFO - 
--------------------------------------------------------------------------------
[2022-02-19 01:35:11,961] {taskinstance.py:1239} INFO - Starting attempt 1 of 2
[2022-02-19 01:35:11,962] {taskinstance.py:1240} INFO - 
--------------------------------------------------------------------------------
[2022-02-19 01:35:12,002] {taskinstance.py:1259} INFO - Executing <Task(PythonOperator): halo> on 2020-08-02 06:00:00+00:00
[2022-02-19 01:35:12,008] {standard_task_runner.py:52} INFO - Started process 3243 to run task
[2022-02-19 01:35:12,014] {standard_task_runner.py:76} INFO - Running: ['***', 'tasks', 'run', 'HomeWorkWeek2', 'halo', 'scheduled__2020-08-02T06:00:00+00:00', '--job-id', '601', '--raw', '--subdir', 'DAGS_FOLDER/dag_questions1.py', '--cfg-path', '/tmp/tmpg1ppj3ar', '--error-file', '/tmp/tmpje91rwen']
[2022-02-19 01:35:12,015] {standard_task_runner.py:77} INFO - Job 601: Subtask halo
[2022-02-19 01:35:12,202] {logging_mixin.py:109} INFO - Running <TaskInstance: HomeWorkWeek2.halo scheduled__2020-08-02T06:00:00+00:00 [running]> on host 312f1fe573aa
[2022-02-19 01:35:12,376] {taskinstance.py:1426} INFO - Exporting the following env vars:
AIRFLOW_CTX_DAG_OWNER=***
AIRFLOW_CTX_DAG_ID=HomeWorkWeek2
AIRFLOW_CTX_TASK_ID=halo
AIRFLOW_CTX_EXECUTION_DATE=2020-08-02T06:00:00+00:00
AIRFLOW_CTX_DAG_RUN_ID=scheduled__2020-08-02T06:00:00+00:00
[2022-02-19 01:35:12,378] {logging_mixin.py:109} INFO - hello world!!
[2022-02-19 01:35:12,378] {python.py:175} INFO - Done. Returned value was: None
[2022-02-19 01:35:12,414] {taskinstance.py:1277} INFO - Marking task as SUCCESS. dag_id=HomeWorkWeek2, task_id=halo, execution_date=20200802T060000, start_date=20220219T013511, end_date=20220219T013512
[2022-02-19 01:35:12,486] {local_task_job.py:154} INFO - Task exited with return code 0
[2022-02-19 01:35:12,591] {local_task_job.py:264} INFO - 0 downstream tasks scheduled from follow-on schedule check
[2022-02-19 11:37:21,374] {taskinstance.py:1032} INFO - Dependencies all met for <TaskInstance: HomeWorkWeek2.halo scheduled__2020-08-02T06:00:00+00:00 [queued]>
[2022-02-19 11:37:21,429] {taskinstance.py:1032} INFO - Dependencies all met for <TaskInstance: HomeWorkWeek2.halo scheduled__2020-08-02T06:00:00+00:00 [queued]>
[2022-02-19 11:37:21,429] {taskinstance.py:1238} INFO - 
--------------------------------------------------------------------------------
[2022-02-19 11:37:21,430] {taskinstance.py:1239} INFO - Starting attempt 1 of 2
[2022-02-19 11:37:21,430] {taskinstance.py:1240} INFO - 
--------------------------------------------------------------------------------
[2022-02-19 11:37:21,480] {taskinstance.py:1259} INFO - Executing <Task(PythonOperator): halo> on 2020-08-02 06:00:00+00:00
[2022-02-19 11:37:21,507] {standard_task_runner.py:52} INFO - Started process 4187 to run task
[2022-02-19 11:37:21,514] {standard_task_runner.py:76} INFO - Running: ['***', 'tasks', 'run', 'HomeWorkWeek2', 'halo', 'scheduled__2020-08-02T06:00:00+00:00', '--job-id', '969', '--raw', '--subdir', 'DAGS_FOLDER/dag_questions1.py', '--cfg-path', '/tmp/tmp3cvhz2ae', '--error-file', '/tmp/tmpvm2cww0c']
[2022-02-19 11:37:21,517] {standard_task_runner.py:77} INFO - Job 969: Subtask halo
[2022-02-19 11:37:21,790] {logging_mixin.py:109} INFO - Running <TaskInstance: HomeWorkWeek2.halo scheduled__2020-08-02T06:00:00+00:00 [running]> on host f81f14254480
[2022-02-19 11:37:22,096] {taskinstance.py:1426} INFO - Exporting the following env vars:
AIRFLOW_CTX_DAG_OWNER=***
AIRFLOW_CTX_DAG_ID=HomeWorkWeek2
AIRFLOW_CTX_TASK_ID=halo
AIRFLOW_CTX_EXECUTION_DATE=2020-08-02T06:00:00+00:00
AIRFLOW_CTX_DAG_RUN_ID=scheduled__2020-08-02T06:00:00+00:00
[2022-02-19 11:37:22,098] {logging_mixin.py:109} INFO - hello world!!
[2022-02-19 11:37:22,099] {python.py:175} INFO - Done. Returned value was: None
[2022-02-19 11:37:22,147] {taskinstance.py:1277} INFO - Marking task as SUCCESS. dag_id=HomeWorkWeek2, task_id=halo, execution_date=20200802T060000, start_date=20220219T113721, end_date=20220219T113722
[2022-02-19 11:37:22,223] {local_task_job.py:154} INFO - Task exited with return code 0
[2022-02-19 11:37:22,370] {local_task_job.py:264} INFO - 0 downstream tasks scheduled from follow-on schedule check
[2022-02-20 00:21:07,359] {taskinstance.py:1032} INFO - Dependencies all met for <TaskInstance: HomeWorkWeek2.halo scheduled__2020-08-02T06:00:00+00:00 [queued]>
[2022-02-20 00:21:07,426] {taskinstance.py:1032} INFO - Dependencies all met for <TaskInstance: HomeWorkWeek2.halo scheduled__2020-08-02T06:00:00+00:00 [queued]>
[2022-02-20 00:21:07,427] {taskinstance.py:1238} INFO - 
--------------------------------------------------------------------------------
[2022-02-20 00:21:07,427] {taskinstance.py:1239} INFO - Starting attempt 1 of 2
[2022-02-20 00:21:07,428] {taskinstance.py:1240} INFO - 
--------------------------------------------------------------------------------
[2022-02-20 00:21:07,480] {taskinstance.py:1259} INFO - Executing <Task(PythonOperator): halo> on 2020-08-02 06:00:00+00:00
[2022-02-20 00:21:07,491] {standard_task_runner.py:52} INFO - Started process 24182 to run task
[2022-02-20 00:21:07,503] {standard_task_runner.py:76} INFO - Running: ['***', 'tasks', 'run', 'HomeWorkWeek2', 'halo', 'scheduled__2020-08-02T06:00:00+00:00', '--job-id', '1135', '--raw', '--subdir', 'DAGS_FOLDER/dag_questions1.py', '--cfg-path', '/tmp/tmpwqgc_xlq', '--error-file', '/tmp/tmp8qq69j0r']
[2022-02-20 00:21:07,505] {standard_task_runner.py:77} INFO - Job 1135: Subtask halo
[2022-02-20 00:21:07,801] {logging_mixin.py:109} INFO - Running <TaskInstance: HomeWorkWeek2.halo scheduled__2020-08-02T06:00:00+00:00 [running]> on host d9977d7db207
[2022-02-20 00:21:07,994] {taskinstance.py:1426} INFO - Exporting the following env vars:
AIRFLOW_CTX_DAG_OWNER=***
AIRFLOW_CTX_DAG_ID=HomeWorkWeek2
AIRFLOW_CTX_TASK_ID=halo
AIRFLOW_CTX_EXECUTION_DATE=2020-08-02T06:00:00+00:00
AIRFLOW_CTX_DAG_RUN_ID=scheduled__2020-08-02T06:00:00+00:00
[2022-02-20 00:21:07,996] {logging_mixin.py:109} INFO - hello world!!
[2022-02-20 00:21:07,996] {python.py:175} INFO - Done. Returned value was: None
[2022-02-20 00:21:08,023] {taskinstance.py:1277} INFO - Marking task as SUCCESS. dag_id=HomeWorkWeek2, task_id=halo, execution_date=20200802T060000, start_date=20220220T002107, end_date=20220220T002108
[2022-02-20 00:21:08,085] {local_task_job.py:154} INFO - Task exited with return code 0
[2022-02-20 00:21:08,142] {local_task_job.py:264} INFO - 0 downstream tasks scheduled from follow-on schedule check
