[2022-01-30 13:06:24,030] {taskinstance.py:1032} INFO - Dependencies all met for <TaskInstance: HomeWorkWeek2.dowdata scheduled__2020-10-02T06:00:00+00:00 [queued]>
[2022-01-30 13:06:24,084] {taskinstance.py:1032} INFO - Dependencies all met for <TaskInstance: HomeWorkWeek2.dowdata scheduled__2020-10-02T06:00:00+00:00 [queued]>
[2022-01-30 13:06:24,084] {taskinstance.py:1238} INFO - 
--------------------------------------------------------------------------------
[2022-01-30 13:06:24,085] {taskinstance.py:1239} INFO - Starting attempt 1 of 2
[2022-01-30 13:06:24,086] {taskinstance.py:1240} INFO - 
--------------------------------------------------------------------------------
[2022-01-30 13:06:24,145] {taskinstance.py:1259} INFO - Executing <Task(BashOperator): dowdata> on 2020-10-02 06:00:00+00:00
[2022-01-30 13:06:24,156] {standard_task_runner.py:52} INFO - Started process 2863 to run task
[2022-01-30 13:06:24,167] {standard_task_runner.py:76} INFO - Running: ['***', 'tasks', 'run', 'HomeWorkWeek2', 'dowdata', 'scheduled__2020-10-02T06:00:00+00:00', '--job-id', '145', '--raw', '--subdir', 'DAGS_FOLDER/dag_questions1.py', '--cfg-path', '/tmp/tmpk4rw37_c', '--error-file', '/tmp/tmpft_4rs14']
[2022-01-30 13:06:24,169] {standard_task_runner.py:77} INFO - Job 145: Subtask dowdata
[2022-01-30 13:06:24,516] {logging_mixin.py:109} INFO - Running <TaskInstance: HomeWorkWeek2.dowdata scheduled__2020-10-02T06:00:00+00:00 [running]> on host 4b3b8c5e49b1
[2022-01-30 13:06:24,776] {warnings.py:110} WARNING - /home/***/.local/lib/python3.7/site-packages/***/utils/context.py:152: AirflowContextDeprecationWarning: Accessing 'execution_date' from the template is deprecated and will be removed in a future version. Please use 'data_interval_start' or 'logical_date' instead.
  warnings.warn(_create_deprecation_warning(key, self._deprecation_replacements[key]))

[2022-01-30 13:06:24,938] {taskinstance.py:1426} INFO - Exporting the following env vars:
AIRFLOW_CTX_DAG_OWNER=***
AIRFLOW_CTX_DAG_ID=HomeWorkWeek2
AIRFLOW_CTX_TASK_ID=dowdata
AIRFLOW_CTX_EXECUTION_DATE=2020-10-02T06:00:00+00:00
AIRFLOW_CTX_DAG_RUN_ID=scheduled__2020-10-02T06:00:00+00:00
[2022-01-30 13:06:24,940] {subprocess.py:62} INFO - Tmp dir root location: 
 /tmp
[2022-01-30 13:06:24,941] {subprocess.py:74} INFO - Running command: ['bash', '-c', 'curl -sSLf https://s3.amazonaws.com/nyc-tlc/trip+data/yellow_tripdata_2020-10.csv > /opt/***output_2020-10.csv']
[2022-01-30 13:06:25,000] {subprocess.py:85} INFO - Output:
[2022-01-30 13:07:12,372] {subprocess.py:93} INFO - Command exited with return code 0
[2022-01-30 13:07:12,627] {taskinstance.py:1277} INFO - Marking task as SUCCESS. dag_id=HomeWorkWeek2, task_id=dowdata, execution_date=20201002T060000, start_date=20220130T130624, end_date=20220130T130712
[2022-01-30 13:07:12,693] {local_task_job.py:154} INFO - Task exited with return code 0
[2022-01-30 13:07:12,792] {local_task_job.py:264} INFO - 1 downstream tasks scheduled from follow-on schedule check
[2022-01-30 14:55:12,704] {taskinstance.py:1032} INFO - Dependencies all met for <TaskInstance: HomeWorkWeek2.dowdata scheduled__2020-10-02T06:00:00+00:00 [queued]>
[2022-01-30 14:55:12,758] {taskinstance.py:1032} INFO - Dependencies all met for <TaskInstance: HomeWorkWeek2.dowdata scheduled__2020-10-02T06:00:00+00:00 [queued]>
[2022-01-30 14:55:12,759] {taskinstance.py:1238} INFO - 
--------------------------------------------------------------------------------
[2022-01-30 14:55:12,760] {taskinstance.py:1239} INFO - Starting attempt 1 of 2
[2022-01-30 14:55:12,760] {taskinstance.py:1240} INFO - 
--------------------------------------------------------------------------------
[2022-01-30 14:55:12,815] {taskinstance.py:1259} INFO - Executing <Task(BashOperator): dowdata> on 2020-10-02 06:00:00+00:00
[2022-01-30 14:55:12,825] {standard_task_runner.py:52} INFO - Started process 1270 to run task
[2022-01-30 14:55:12,832] {standard_task_runner.py:76} INFO - Running: ['***', 'tasks', 'run', 'HomeWorkWeek2', 'dowdata', 'scheduled__2020-10-02T06:00:00+00:00', '--job-id', '240', '--raw', '--subdir', 'DAGS_FOLDER/dag_questions1.py', '--cfg-path', '/tmp/tmpmosnlfsf', '--error-file', '/tmp/tmp1pmxcvl0']
[2022-01-30 14:55:12,834] {standard_task_runner.py:77} INFO - Job 240: Subtask dowdata
[2022-01-30 14:55:13,086] {logging_mixin.py:109} INFO - Running <TaskInstance: HomeWorkWeek2.dowdata scheduled__2020-10-02T06:00:00+00:00 [running]> on host 785c0c715caa
[2022-01-30 14:55:13,257] {warnings.py:110} WARNING - /home/***/.local/lib/python3.7/site-packages/***/utils/context.py:152: AirflowContextDeprecationWarning: Accessing 'execution_date' from the template is deprecated and will be removed in a future version. Please use 'data_interval_start' or 'logical_date' instead.
  warnings.warn(_create_deprecation_warning(key, self._deprecation_replacements[key]))

[2022-01-30 14:55:13,332] {taskinstance.py:1426} INFO - Exporting the following env vars:
AIRFLOW_CTX_DAG_OWNER=***
AIRFLOW_CTX_DAG_ID=HomeWorkWeek2
AIRFLOW_CTX_TASK_ID=dowdata
AIRFLOW_CTX_EXECUTION_DATE=2020-10-02T06:00:00+00:00
AIRFLOW_CTX_DAG_RUN_ID=scheduled__2020-10-02T06:00:00+00:00
[2022-01-30 14:55:13,334] {subprocess.py:62} INFO - Tmp dir root location: 
 /tmp
[2022-01-30 14:55:13,335] {subprocess.py:74} INFO - Running command: ['bash', '-c', 'curl -sSLf https://s3.amazonaws.com/nyc-tlc/trip+data/yellow_tripdata_2020-10.csv > /opt/***output_2020-10.csv']
[2022-01-30 14:55:13,355] {subprocess.py:85} INFO - Output:
[2022-01-30 14:55:59,749] {subprocess.py:93} INFO - Command exited with return code 0
[2022-01-30 14:55:59,832] {taskinstance.py:1277} INFO - Marking task as SUCCESS. dag_id=HomeWorkWeek2, task_id=dowdata, execution_date=20201002T060000, start_date=20220130T145512, end_date=20220130T145559
[2022-01-30 14:55:59,970] {local_task_job.py:154} INFO - Task exited with return code 0
[2022-01-30 14:56:00,118] {local_task_job.py:264} INFO - 1 downstream tasks scheduled from follow-on schedule check
[2022-02-19 01:34:24,282] {taskinstance.py:1032} INFO - Dependencies all met for <TaskInstance: HomeWorkWeek2.dowdata scheduled__2020-10-02T06:00:00+00:00 [queued]>
[2022-02-19 01:34:24,338] {taskinstance.py:1032} INFO - Dependencies all met for <TaskInstance: HomeWorkWeek2.dowdata scheduled__2020-10-02T06:00:00+00:00 [queued]>
[2022-02-19 01:34:24,339] {taskinstance.py:1238} INFO - 
--------------------------------------------------------------------------------
[2022-02-19 01:34:24,339] {taskinstance.py:1239} INFO - Starting attempt 1 of 2
[2022-02-19 01:34:24,340] {taskinstance.py:1240} INFO - 
--------------------------------------------------------------------------------
[2022-02-19 01:34:24,390] {taskinstance.py:1259} INFO - Executing <Task(BashOperator): dowdata> on 2020-10-02 06:00:00+00:00
[2022-02-19 01:34:24,403] {standard_task_runner.py:52} INFO - Started process 3175 to run task
[2022-02-19 01:34:24,416] {standard_task_runner.py:76} INFO - Running: ['***', 'tasks', 'run', 'HomeWorkWeek2', 'dowdata', 'scheduled__2020-10-02T06:00:00+00:00', '--job-id', '596', '--raw', '--subdir', 'DAGS_FOLDER/dag_questions1.py', '--cfg-path', '/tmp/tmpeo39dsi_', '--error-file', '/tmp/tmp01_o_s_o']
[2022-02-19 01:34:24,418] {standard_task_runner.py:77} INFO - Job 596: Subtask dowdata
[2022-02-19 01:34:24,602] {logging_mixin.py:109} INFO - Running <TaskInstance: HomeWorkWeek2.dowdata scheduled__2020-10-02T06:00:00+00:00 [running]> on host 312f1fe573aa
[2022-02-19 01:34:24,745] {warnings.py:110} WARNING - /home/***/.local/lib/python3.7/site-packages/***/utils/context.py:152: AirflowContextDeprecationWarning: Accessing 'execution_date' from the template is deprecated and will be removed in a future version. Please use 'data_interval_start' or 'logical_date' instead.
  warnings.warn(_create_deprecation_warning(key, self._deprecation_replacements[key]))

[2022-02-19 01:34:24,840] {taskinstance.py:1426} INFO - Exporting the following env vars:
AIRFLOW_CTX_DAG_OWNER=***
AIRFLOW_CTX_DAG_ID=HomeWorkWeek2
AIRFLOW_CTX_TASK_ID=dowdata
AIRFLOW_CTX_EXECUTION_DATE=2020-10-02T06:00:00+00:00
AIRFLOW_CTX_DAG_RUN_ID=scheduled__2020-10-02T06:00:00+00:00
[2022-02-19 01:34:24,844] {subprocess.py:62} INFO - Tmp dir root location: 
 /tmp
[2022-02-19 01:34:24,845] {subprocess.py:74} INFO - Running command: ['bash', '-c', 'curl -sSLf https://s3.amazonaws.com/nyc-tlc/trip+data/yellow_tripdata_2020-10.csv > /opt/***output_2020-10.csv']
[2022-02-19 01:34:24,865] {subprocess.py:85} INFO - Output:
[2022-02-19 01:34:42,932] {subprocess.py:93} INFO - Command exited with return code 0
[2022-02-19 01:34:42,997] {taskinstance.py:1277} INFO - Marking task as SUCCESS. dag_id=HomeWorkWeek2, task_id=dowdata, execution_date=20201002T060000, start_date=20220219T013424, end_date=20220219T013442
[2022-02-19 01:34:43,064] {local_task_job.py:154} INFO - Task exited with return code 0
[2022-02-19 01:34:43,193] {local_task_job.py:264} INFO - 1 downstream tasks scheduled from follow-on schedule check
[2022-02-19 11:37:02,687] {taskinstance.py:1032} INFO - Dependencies all met for <TaskInstance: HomeWorkWeek2.dowdata scheduled__2020-10-02T06:00:00+00:00 [queued]>
[2022-02-19 11:37:02,741] {taskinstance.py:1032} INFO - Dependencies all met for <TaskInstance: HomeWorkWeek2.dowdata scheduled__2020-10-02T06:00:00+00:00 [queued]>
[2022-02-19 11:37:02,741] {taskinstance.py:1238} INFO - 
--------------------------------------------------------------------------------
[2022-02-19 11:37:02,742] {taskinstance.py:1239} INFO - Starting attempt 1 of 2
[2022-02-19 11:37:02,742] {taskinstance.py:1240} INFO - 
--------------------------------------------------------------------------------
[2022-02-19 11:37:02,786] {taskinstance.py:1259} INFO - Executing <Task(BashOperator): dowdata> on 2020-10-02 06:00:00+00:00
[2022-02-19 11:37:02,794] {standard_task_runner.py:52} INFO - Started process 4167 to run task
[2022-02-19 11:37:02,802] {standard_task_runner.py:76} INFO - Running: ['***', 'tasks', 'run', 'HomeWorkWeek2', 'dowdata', 'scheduled__2020-10-02T06:00:00+00:00', '--job-id', '968', '--raw', '--subdir', 'DAGS_FOLDER/dag_questions1.py', '--cfg-path', '/tmp/tmp3zu28lri', '--error-file', '/tmp/tmpiwrnw9it']
[2022-02-19 11:37:02,804] {standard_task_runner.py:77} INFO - Job 968: Subtask dowdata
[2022-02-19 11:37:03,031] {logging_mixin.py:109} INFO - Running <TaskInstance: HomeWorkWeek2.dowdata scheduled__2020-10-02T06:00:00+00:00 [running]> on host f81f14254480
[2022-02-19 11:37:03,181] {warnings.py:110} WARNING - /home/***/.local/lib/python3.7/site-packages/***/utils/context.py:152: AirflowContextDeprecationWarning: Accessing 'execution_date' from the template is deprecated and will be removed in a future version. Please use 'data_interval_start' or 'logical_date' instead.
  warnings.warn(_create_deprecation_warning(key, self._deprecation_replacements[key]))

[2022-02-19 11:37:03,238] {taskinstance.py:1426} INFO - Exporting the following env vars:
AIRFLOW_CTX_DAG_OWNER=***
AIRFLOW_CTX_DAG_ID=HomeWorkWeek2
AIRFLOW_CTX_TASK_ID=dowdata
AIRFLOW_CTX_EXECUTION_DATE=2020-10-02T06:00:00+00:00
AIRFLOW_CTX_DAG_RUN_ID=scheduled__2020-10-02T06:00:00+00:00
[2022-02-19 11:37:03,241] {subprocess.py:62} INFO - Tmp dir root location: 
 /tmp
[2022-02-19 11:37:03,243] {subprocess.py:74} INFO - Running command: ['bash', '-c', 'curl -sSLf https://s3.amazonaws.com/nyc-tlc/trip+data/yellow_tripdata_2020-10.csv > /opt/***output_2020-10.csv']
[2022-02-19 11:37:03,263] {subprocess.py:85} INFO - Output:
[2022-02-19 11:37:30,228] {subprocess.py:93} INFO - Command exited with return code 0
[2022-02-19 11:37:30,452] {taskinstance.py:1277} INFO - Marking task as SUCCESS. dag_id=HomeWorkWeek2, task_id=dowdata, execution_date=20201002T060000, start_date=20220219T113702, end_date=20220219T113730
[2022-02-19 11:37:30,525] {local_task_job.py:154} INFO - Task exited with return code 0
[2022-02-19 11:37:30,677] {local_task_job.py:264} INFO - 1 downstream tasks scheduled from follow-on schedule check
[2022-02-20 00:20:33,679] {taskinstance.py:1032} INFO - Dependencies all met for <TaskInstance: HomeWorkWeek2.dowdata scheduled__2020-10-02T06:00:00+00:00 [queued]>
[2022-02-20 00:20:33,739] {taskinstance.py:1032} INFO - Dependencies all met for <TaskInstance: HomeWorkWeek2.dowdata scheduled__2020-10-02T06:00:00+00:00 [queued]>
[2022-02-20 00:20:33,740] {taskinstance.py:1238} INFO - 
--------------------------------------------------------------------------------
[2022-02-20 00:20:33,740] {taskinstance.py:1239} INFO - Starting attempt 1 of 2
[2022-02-20 00:20:33,740] {taskinstance.py:1240} INFO - 
--------------------------------------------------------------------------------
[2022-02-20 00:20:33,810] {taskinstance.py:1259} INFO - Executing <Task(BashOperator): dowdata> on 2020-10-02 06:00:00+00:00
[2022-02-20 00:20:33,818] {standard_task_runner.py:52} INFO - Started process 24143 to run task
[2022-02-20 00:20:33,831] {standard_task_runner.py:76} INFO - Running: ['***', 'tasks', 'run', 'HomeWorkWeek2', 'dowdata', 'scheduled__2020-10-02T06:00:00+00:00', '--job-id', '1132', '--raw', '--subdir', 'DAGS_FOLDER/dag_questions1.py', '--cfg-path', '/tmp/tmp5_woohei', '--error-file', '/tmp/tmpodllidd8']
[2022-02-20 00:20:33,832] {standard_task_runner.py:77} INFO - Job 1132: Subtask dowdata
[2022-02-20 00:20:34,095] {logging_mixin.py:109} INFO - Running <TaskInstance: HomeWorkWeek2.dowdata scheduled__2020-10-02T06:00:00+00:00 [running]> on host d9977d7db207
[2022-02-20 00:20:34,269] {warnings.py:110} WARNING - /home/***/.local/lib/python3.7/site-packages/***/utils/context.py:152: AirflowContextDeprecationWarning: Accessing 'execution_date' from the template is deprecated and will be removed in a future version. Please use 'data_interval_start' or 'logical_date' instead.
  warnings.warn(_create_deprecation_warning(key, self._deprecation_replacements[key]))

[2022-02-20 00:20:34,373] {taskinstance.py:1426} INFO - Exporting the following env vars:
AIRFLOW_CTX_DAG_OWNER=***
AIRFLOW_CTX_DAG_ID=HomeWorkWeek2
AIRFLOW_CTX_TASK_ID=dowdata
AIRFLOW_CTX_EXECUTION_DATE=2020-10-02T06:00:00+00:00
AIRFLOW_CTX_DAG_RUN_ID=scheduled__2020-10-02T06:00:00+00:00
[2022-02-20 00:20:34,376] {subprocess.py:62} INFO - Tmp dir root location: 
 /tmp
[2022-02-20 00:20:34,379] {subprocess.py:74} INFO - Running command: ['bash', '-c', 'curl -sSLf https://s3.amazonaws.com/nyc-tlc/trip+data/yellow_tripdata_2020-10.csv > /opt/***yellow_2020-10.csv']
[2022-02-20 00:20:34,395] {subprocess.py:85} INFO - Output:
[2022-02-20 00:20:50,599] {subprocess.py:93} INFO - Command exited with return code 0
[2022-02-20 00:20:50,658] {taskinstance.py:1277} INFO - Marking task as SUCCESS. dag_id=HomeWorkWeek2, task_id=dowdata, execution_date=20201002T060000, start_date=20220220T002033, end_date=20220220T002050
[2022-02-20 00:20:50,728] {local_task_job.py:154} INFO - Task exited with return code 0
[2022-02-20 00:20:50,779] {local_task_job.py:264} INFO - 1 downstream tasks scheduled from follow-on schedule check
