[2022-01-30 14:56:36,511] {taskinstance.py:1032} INFO - Dependencies all met for <TaskInstance: HomeWorkWeek2.csv_to_parquet scheduled__2020-11-02T06:00:00+00:00 [queued]>
[2022-01-30 14:56:36,567] {taskinstance.py:1032} INFO - Dependencies all met for <TaskInstance: HomeWorkWeek2.csv_to_parquet scheduled__2020-11-02T06:00:00+00:00 [queued]>
[2022-01-30 14:56:36,569] {taskinstance.py:1238} INFO - 
--------------------------------------------------------------------------------
[2022-01-30 14:56:36,569] {taskinstance.py:1239} INFO - Starting attempt 1 of 2
[2022-01-30 14:56:36,569] {taskinstance.py:1240} INFO - 
--------------------------------------------------------------------------------
[2022-01-30 14:56:36,622] {taskinstance.py:1259} INFO - Executing <Task(PythonOperator): csv_to_parquet> on 2020-11-02 06:00:00+00:00
[2022-01-30 14:56:36,633] {standard_task_runner.py:52} INFO - Started process 1379 to run task
[2022-01-30 14:56:36,642] {standard_task_runner.py:76} INFO - Running: ['***', 'tasks', 'run', 'HomeWorkWeek2', 'csv_to_parquet', 'scheduled__2020-11-02T06:00:00+00:00', '--job-id', '250', '--raw', '--subdir', 'DAGS_FOLDER/dag_questions1.py', '--cfg-path', '/tmp/tmpqi_p_6qs', '--error-file', '/tmp/tmp8ko_75bh']
[2022-01-30 14:56:36,644] {standard_task_runner.py:77} INFO - Job 250: Subtask csv_to_parquet
[2022-01-30 14:56:36,841] {logging_mixin.py:109} INFO - Running <TaskInstance: HomeWorkWeek2.csv_to_parquet scheduled__2020-11-02T06:00:00+00:00 [running]> on host 785c0c715caa
[2022-01-30 14:56:37,005] {warnings.py:110} WARNING - /home/***/.local/lib/python3.7/site-packages/***/utils/context.py:152: AirflowContextDeprecationWarning: Accessing 'execution_date' from the template is deprecated and will be removed in a future version. Please use 'data_interval_start' or 'logical_date' instead.
  warnings.warn(_create_deprecation_warning(key, self._deprecation_replacements[key]))

[2022-01-30 14:56:37,087] {taskinstance.py:1426} INFO - Exporting the following env vars:
AIRFLOW_CTX_DAG_OWNER=***
AIRFLOW_CTX_DAG_ID=HomeWorkWeek2
AIRFLOW_CTX_TASK_ID=csv_to_parquet
AIRFLOW_CTX_EXECUTION_DATE=2020-11-02T06:00:00+00:00
AIRFLOW_CTX_DAG_RUN_ID=scheduled__2020-11-02T06:00:00+00:00
[2022-01-30 14:56:42,315] {python.py:175} INFO - Done. Returned value was: None
[2022-01-30 14:56:42,387] {taskinstance.py:1277} INFO - Marking task as SUCCESS. dag_id=HomeWorkWeek2, task_id=csv_to_parquet, execution_date=20201102T060000, start_date=20220130T145636, end_date=20220130T145642
[2022-01-30 14:56:42,583] {local_task_job.py:154} INFO - Task exited with return code 0
[2022-01-30 14:56:42,716] {local_task_job.py:264} INFO - 1 downstream tasks scheduled from follow-on schedule check
[2022-02-19 01:35:52,462] {taskinstance.py:1032} INFO - Dependencies all met for <TaskInstance: HomeWorkWeek2.csv_to_parquet scheduled__2020-11-02T06:00:00+00:00 [queued]>
[2022-02-19 01:35:52,513] {taskinstance.py:1032} INFO - Dependencies all met for <TaskInstance: HomeWorkWeek2.csv_to_parquet scheduled__2020-11-02T06:00:00+00:00 [queued]>
[2022-02-19 01:35:52,513] {taskinstance.py:1238} INFO - 
--------------------------------------------------------------------------------
[2022-02-19 01:35:52,514] {taskinstance.py:1239} INFO - Starting attempt 1 of 2
[2022-02-19 01:35:52,514] {taskinstance.py:1240} INFO - 
--------------------------------------------------------------------------------
[2022-02-19 01:35:52,560] {taskinstance.py:1259} INFO - Executing <Task(PythonOperator): csv_to_parquet> on 2020-11-02 06:00:00+00:00
[2022-02-19 01:35:52,567] {standard_task_runner.py:52} INFO - Started process 3274 to run task
[2022-02-19 01:35:52,574] {standard_task_runner.py:76} INFO - Running: ['***', 'tasks', 'run', 'HomeWorkWeek2', 'csv_to_parquet', 'scheduled__2020-11-02T06:00:00+00:00', '--job-id', '603', '--raw', '--subdir', 'DAGS_FOLDER/dag_questions1.py', '--cfg-path', '/tmp/tmpmqtpeaye', '--error-file', '/tmp/tmp2myo8zyy']
[2022-02-19 01:35:52,576] {standard_task_runner.py:77} INFO - Job 603: Subtask csv_to_parquet
[2022-02-19 01:35:52,929] {logging_mixin.py:109} INFO - Running <TaskInstance: HomeWorkWeek2.csv_to_parquet scheduled__2020-11-02T06:00:00+00:00 [running]> on host 312f1fe573aa
[2022-02-19 01:35:53,111] {warnings.py:110} WARNING - /home/***/.local/lib/python3.7/site-packages/***/utils/context.py:152: AirflowContextDeprecationWarning: Accessing 'execution_date' from the template is deprecated and will be removed in a future version. Please use 'data_interval_start' or 'logical_date' instead.
  warnings.warn(_create_deprecation_warning(key, self._deprecation_replacements[key]))

[2022-02-19 01:35:53,196] {taskinstance.py:1426} INFO - Exporting the following env vars:
AIRFLOW_CTX_DAG_OWNER=***
AIRFLOW_CTX_DAG_ID=HomeWorkWeek2
AIRFLOW_CTX_TASK_ID=csv_to_parquet
AIRFLOW_CTX_EXECUTION_DATE=2020-11-02T06:00:00+00:00
AIRFLOW_CTX_DAG_RUN_ID=scheduled__2020-11-02T06:00:00+00:00
[2022-02-19 01:35:57,245] {python.py:175} INFO - Done. Returned value was: None
[2022-02-19 01:35:57,311] {taskinstance.py:1277} INFO - Marking task as SUCCESS. dag_id=HomeWorkWeek2, task_id=csv_to_parquet, execution_date=20201102T060000, start_date=20220219T013552, end_date=20220219T013557
[2022-02-19 01:35:57,495] {local_task_job.py:154} INFO - Task exited with return code 0
[2022-02-19 01:35:57,622] {local_task_job.py:264} INFO - 1 downstream tasks scheduled from follow-on schedule check
[2022-02-19 11:37:53,538] {taskinstance.py:1032} INFO - Dependencies all met for <TaskInstance: HomeWorkWeek2.csv_to_parquet scheduled__2020-11-02T06:00:00+00:00 [queued]>
[2022-02-19 11:37:53,594] {taskinstance.py:1032} INFO - Dependencies all met for <TaskInstance: HomeWorkWeek2.csv_to_parquet scheduled__2020-11-02T06:00:00+00:00 [queued]>
[2022-02-19 11:37:53,594] {taskinstance.py:1238} INFO - 
--------------------------------------------------------------------------------
[2022-02-19 11:37:53,595] {taskinstance.py:1239} INFO - Starting attempt 1 of 2
[2022-02-19 11:37:53,595] {taskinstance.py:1240} INFO - 
--------------------------------------------------------------------------------
[2022-02-19 11:37:53,635] {taskinstance.py:1259} INFO - Executing <Task(PythonOperator): csv_to_parquet> on 2020-11-02 06:00:00+00:00
[2022-02-19 11:37:53,643] {standard_task_runner.py:52} INFO - Started process 4228 to run task
[2022-02-19 11:37:53,651] {standard_task_runner.py:76} INFO - Running: ['***', 'tasks', 'run', 'HomeWorkWeek2', 'csv_to_parquet', 'scheduled__2020-11-02T06:00:00+00:00', '--job-id', '973', '--raw', '--subdir', 'DAGS_FOLDER/dag_questions1.py', '--cfg-path', '/tmp/tmpobrbshwe', '--error-file', '/tmp/tmpmh3in6w8']
[2022-02-19 11:37:53,653] {standard_task_runner.py:77} INFO - Job 973: Subtask csv_to_parquet
[2022-02-19 11:37:53,848] {logging_mixin.py:109} INFO - Running <TaskInstance: HomeWorkWeek2.csv_to_parquet scheduled__2020-11-02T06:00:00+00:00 [running]> on host f81f14254480
[2022-02-19 11:37:54,015] {warnings.py:110} WARNING - /home/***/.local/lib/python3.7/site-packages/***/utils/context.py:152: AirflowContextDeprecationWarning: Accessing 'execution_date' from the template is deprecated and will be removed in a future version. Please use 'data_interval_start' or 'logical_date' instead.
  warnings.warn(_create_deprecation_warning(key, self._deprecation_replacements[key]))

[2022-02-19 11:37:54,096] {taskinstance.py:1426} INFO - Exporting the following env vars:
AIRFLOW_CTX_DAG_OWNER=***
AIRFLOW_CTX_DAG_ID=HomeWorkWeek2
AIRFLOW_CTX_TASK_ID=csv_to_parquet
AIRFLOW_CTX_EXECUTION_DATE=2020-11-02T06:00:00+00:00
AIRFLOW_CTX_DAG_RUN_ID=scheduled__2020-11-02T06:00:00+00:00
[2022-02-19 11:37:56,760] {python.py:175} INFO - Done. Returned value was: None
[2022-02-19 11:37:56,903] {taskinstance.py:1277} INFO - Marking task as SUCCESS. dag_id=HomeWorkWeek2, task_id=csv_to_parquet, execution_date=20201102T060000, start_date=20220219T113753, end_date=20220219T113756
[2022-02-19 11:37:57,101] {local_task_job.py:154} INFO - Task exited with return code 0
[2022-02-19 11:37:57,232] {local_task_job.py:264} INFO - 1 downstream tasks scheduled from follow-on schedule check
[2022-02-20 00:21:58,019] {taskinstance.py:1032} INFO - Dependencies all met for <TaskInstance: HomeWorkWeek2.csv_to_parquet scheduled__2020-11-02T06:00:00+00:00 [queued]>
[2022-02-20 00:21:58,064] {taskinstance.py:1032} INFO - Dependencies all met for <TaskInstance: HomeWorkWeek2.csv_to_parquet scheduled__2020-11-02T06:00:00+00:00 [queued]>
[2022-02-20 00:21:58,065] {taskinstance.py:1238} INFO - 
--------------------------------------------------------------------------------
[2022-02-20 00:21:58,065] {taskinstance.py:1239} INFO - Starting attempt 1 of 2
[2022-02-20 00:21:58,066] {taskinstance.py:1240} INFO - 
--------------------------------------------------------------------------------
[2022-02-20 00:21:58,104] {taskinstance.py:1259} INFO - Executing <Task(PythonOperator): csv_to_parquet> on 2020-11-02 06:00:00+00:00
[2022-02-20 00:21:58,111] {standard_task_runner.py:52} INFO - Started process 24230 to run task
[2022-02-20 00:21:58,117] {standard_task_runner.py:76} INFO - Running: ['***', 'tasks', 'run', 'HomeWorkWeek2', 'csv_to_parquet', 'scheduled__2020-11-02T06:00:00+00:00', '--job-id', '1137', '--raw', '--subdir', 'DAGS_FOLDER/dag_questions1.py', '--cfg-path', '/tmp/tmpv25agkbr', '--error-file', '/tmp/tmpp3mancxx']
[2022-02-20 00:21:58,119] {standard_task_runner.py:77} INFO - Job 1137: Subtask csv_to_parquet
[2022-02-20 00:21:58,326] {logging_mixin.py:109} INFO - Running <TaskInstance: HomeWorkWeek2.csv_to_parquet scheduled__2020-11-02T06:00:00+00:00 [running]> on host d9977d7db207
[2022-02-20 00:21:58,472] {warnings.py:110} WARNING - /home/***/.local/lib/python3.7/site-packages/***/utils/context.py:152: AirflowContextDeprecationWarning: Accessing 'execution_date' from the template is deprecated and will be removed in a future version. Please use 'data_interval_start' or 'logical_date' instead.
  warnings.warn(_create_deprecation_warning(key, self._deprecation_replacements[key]))

[2022-02-20 00:21:58,527] {taskinstance.py:1426} INFO - Exporting the following env vars:
AIRFLOW_CTX_DAG_OWNER=***
AIRFLOW_CTX_DAG_ID=HomeWorkWeek2
AIRFLOW_CTX_TASK_ID=csv_to_parquet
AIRFLOW_CTX_EXECUTION_DATE=2020-11-02T06:00:00+00:00
AIRFLOW_CTX_DAG_RUN_ID=scheduled__2020-11-02T06:00:00+00:00
[2022-02-20 00:22:01,229] {python.py:175} INFO - Done. Returned value was: None
[2022-02-20 00:22:01,270] {taskinstance.py:1277} INFO - Marking task as SUCCESS. dag_id=HomeWorkWeek2, task_id=csv_to_parquet, execution_date=20201102T060000, start_date=20220220T002158, end_date=20220220T002201
[2022-02-20 00:22:01,388] {local_task_job.py:154} INFO - Task exited with return code 0
[2022-02-20 00:22:01,511] {local_task_job.py:264} INFO - 1 downstream tasks scheduled from follow-on schedule check
