[2022-02-02 21:25:46,196] {taskinstance.py:1032} INFO - Dependencies all met for <TaskInstance: Question3_FHV.halo scheduled__2019-01-02T06:00:00+00:00 [queued]>
[2022-02-02 21:25:46,253] {taskinstance.py:1032} INFO - Dependencies all met for <TaskInstance: Question3_FHV.halo scheduled__2019-01-02T06:00:00+00:00 [queued]>
[2022-02-02 21:25:46,254] {taskinstance.py:1238} INFO - 
--------------------------------------------------------------------------------
[2022-02-02 21:25:46,254] {taskinstance.py:1239} INFO - Starting attempt 1 of 2
[2022-02-02 21:25:46,254] {taskinstance.py:1240} INFO - 
--------------------------------------------------------------------------------
[2022-02-02 21:25:46,334] {taskinstance.py:1259} INFO - Executing <Task(PythonOperator): halo> on 2019-01-02 06:00:00+00:00
[2022-02-02 21:25:46,341] {standard_task_runner.py:52} INFO - Started process 1290 to run task
[2022-02-02 21:25:46,346] {standard_task_runner.py:76} INFO - Running: ['***', 'tasks', 'run', 'Question3_FHV', 'halo', 'scheduled__2019-01-02T06:00:00+00:00', '--job-id', '344', '--raw', '--subdir', 'DAGS_FOLDER/dag_questions3.py', '--cfg-path', '/tmp/tmpom_f5l7l', '--error-file', '/tmp/tmp1scbfbj4']
[2022-02-02 21:25:46,348] {standard_task_runner.py:77} INFO - Job 344: Subtask halo
[2022-02-02 21:25:46,525] {logging_mixin.py:109} INFO - Running <TaskInstance: Question3_FHV.halo scheduled__2019-01-02T06:00:00+00:00 [running]> on host d574c7c5b085
[2022-02-02 21:25:46,693] {taskinstance.py:1426} INFO - Exporting the following env vars:
AIRFLOW_CTX_DAG_OWNER=***
AIRFLOW_CTX_DAG_ID=Question3_FHV
AIRFLOW_CTX_TASK_ID=halo
AIRFLOW_CTX_EXECUTION_DATE=2019-01-02T06:00:00+00:00
AIRFLOW_CTX_DAG_RUN_ID=scheduled__2019-01-02T06:00:00+00:00
[2022-02-02 21:25:46,695] {logging_mixin.py:109} INFO - hello world!!
[2022-02-02 21:25:46,695] {python.py:175} INFO - Done. Returned value was: None
[2022-02-02 21:25:46,733] {taskinstance.py:1277} INFO - Marking task as SUCCESS. dag_id=Question3_FHV, task_id=halo, execution_date=20190102T060000, start_date=20220202T212546, end_date=20220202T212546
[2022-02-02 21:25:46,788] {local_task_job.py:154} INFO - Task exited with return code 0
[2022-02-02 21:25:46,919] {local_task_job.py:264} INFO - 0 downstream tasks scheduled from follow-on schedule check
[2022-02-09 21:31:25,872] {taskinstance.py:1032} INFO - Dependencies all met for <TaskInstance: Question3_FHV.halo scheduled__2019-01-02T06:00:00+00:00 [queued]>
[2022-02-09 21:31:25,918] {taskinstance.py:1032} INFO - Dependencies all met for <TaskInstance: Question3_FHV.halo scheduled__2019-01-02T06:00:00+00:00 [queued]>
[2022-02-09 21:31:25,919] {taskinstance.py:1238} INFO - 
--------------------------------------------------------------------------------
[2022-02-09 21:31:25,919] {taskinstance.py:1239} INFO - Starting attempt 1 of 2
[2022-02-09 21:31:25,919] {taskinstance.py:1240} INFO - 
--------------------------------------------------------------------------------
[2022-02-09 21:31:25,960] {taskinstance.py:1259} INFO - Executing <Task(PythonOperator): halo> on 2019-01-02 06:00:00+00:00
[2022-02-09 21:31:25,968] {standard_task_runner.py:52} INFO - Started process 1024 to run task
[2022-02-09 21:31:25,978] {standard_task_runner.py:76} INFO - Running: ['***', 'tasks', 'run', 'Question3_FHV', 'halo', 'scheduled__2019-01-02T06:00:00+00:00', '--job-id', '439', '--raw', '--subdir', 'DAGS_FOLDER/dag_questions3.py', '--cfg-path', '/tmp/tmpw6m_xna1', '--error-file', '/tmp/tmp_m3fddnr']
[2022-02-09 21:31:25,980] {standard_task_runner.py:77} INFO - Job 439: Subtask halo
[2022-02-09 21:31:26,181] {logging_mixin.py:109} INFO - Running <TaskInstance: Question3_FHV.halo scheduled__2019-01-02T06:00:00+00:00 [running]> on host 9fc7f13f453f
[2022-02-09 21:31:26,407] {taskinstance.py:1426} INFO - Exporting the following env vars:
AIRFLOW_CTX_DAG_OWNER=***
AIRFLOW_CTX_DAG_ID=Question3_FHV
AIRFLOW_CTX_TASK_ID=halo
AIRFLOW_CTX_EXECUTION_DATE=2019-01-02T06:00:00+00:00
AIRFLOW_CTX_DAG_RUN_ID=scheduled__2019-01-02T06:00:00+00:00
[2022-02-09 21:31:26,409] {logging_mixin.py:109} INFO - hello world!!
[2022-02-09 21:31:26,410] {python.py:175} INFO - Done. Returned value was: None
[2022-02-09 21:31:26,453] {taskinstance.py:1277} INFO - Marking task as SUCCESS. dag_id=Question3_FHV, task_id=halo, execution_date=20190102T060000, start_date=20220209T213125, end_date=20220209T213126
[2022-02-09 21:31:26,531] {local_task_job.py:154} INFO - Task exited with return code 0
[2022-02-09 21:31:26,631] {local_task_job.py:264} INFO - 0 downstream tasks scheduled from follow-on schedule check
[2022-02-09 22:47:52,044] {taskinstance.py:1032} INFO - Dependencies all met for <TaskInstance: Question3_FHV.halo scheduled__2019-01-02T06:00:00+00:00 [queued]>
[2022-02-09 22:47:52,084] {taskinstance.py:1032} INFO - Dependencies all met for <TaskInstance: Question3_FHV.halo scheduled__2019-01-02T06:00:00+00:00 [queued]>
[2022-02-09 22:47:52,085] {taskinstance.py:1238} INFO - 
--------------------------------------------------------------------------------
[2022-02-09 22:47:52,085] {taskinstance.py:1239} INFO - Starting attempt 1 of 2
[2022-02-09 22:47:52,086] {taskinstance.py:1240} INFO - 
--------------------------------------------------------------------------------
[2022-02-09 22:47:52,125] {taskinstance.py:1259} INFO - Executing <Task(PythonOperator): halo> on 2019-01-02 06:00:00+00:00
[2022-02-09 22:47:52,133] {standard_task_runner.py:52} INFO - Started process 968 to run task
[2022-02-09 22:47:52,139] {standard_task_runner.py:76} INFO - Running: ['***', 'tasks', 'run', 'Question3_FHV', 'halo', 'scheduled__2019-01-02T06:00:00+00:00', '--job-id', '456', '--raw', '--subdir', 'DAGS_FOLDER/dag_questions3.py', '--cfg-path', '/tmp/tmpv2_4jwwp', '--error-file', '/tmp/tmpeiq6nlxv']
[2022-02-09 22:47:52,140] {standard_task_runner.py:77} INFO - Job 456: Subtask halo
[2022-02-09 22:47:52,307] {logging_mixin.py:109} INFO - Running <TaskInstance: Question3_FHV.halo scheduled__2019-01-02T06:00:00+00:00 [running]> on host 0fd4ea805f5e
[2022-02-09 22:47:52,522] {taskinstance.py:1426} INFO - Exporting the following env vars:
AIRFLOW_CTX_DAG_OWNER=***
AIRFLOW_CTX_DAG_ID=Question3_FHV
AIRFLOW_CTX_TASK_ID=halo
AIRFLOW_CTX_EXECUTION_DATE=2019-01-02T06:00:00+00:00
AIRFLOW_CTX_DAG_RUN_ID=scheduled__2019-01-02T06:00:00+00:00
[2022-02-09 22:47:52,524] {logging_mixin.py:109} INFO - hello world!!
[2022-02-09 22:47:52,524] {python.py:175} INFO - Done. Returned value was: None
[2022-02-09 22:47:52,606] {taskinstance.py:1277} INFO - Marking task as SUCCESS. dag_id=Question3_FHV, task_id=halo, execution_date=20190102T060000, start_date=20220209T224752, end_date=20220209T224752
[2022-02-09 22:47:52,664] {local_task_job.py:154} INFO - Task exited with return code 0
[2022-02-09 22:47:52,758] {local_task_job.py:264} INFO - 0 downstream tasks scheduled from follow-on schedule check
[2022-02-19 02:01:04,515] {taskinstance.py:1032} INFO - Dependencies all met for <TaskInstance: Question3_FHV.halo scheduled__2019-01-02T06:00:00+00:00 [queued]>
[2022-02-19 02:01:04,558] {taskinstance.py:1032} INFO - Dependencies all met for <TaskInstance: Question3_FHV.halo scheduled__2019-01-02T06:00:00+00:00 [queued]>
[2022-02-19 02:01:04,559] {taskinstance.py:1238} INFO - 
--------------------------------------------------------------------------------
[2022-02-19 02:01:04,559] {taskinstance.py:1239} INFO - Starting attempt 1 of 2
[2022-02-19 02:01:04,559] {taskinstance.py:1240} INFO - 
--------------------------------------------------------------------------------
[2022-02-19 02:01:04,604] {taskinstance.py:1259} INFO - Executing <Task(PythonOperator): halo> on 2019-01-02 06:00:00+00:00
[2022-02-19 02:01:04,612] {standard_task_runner.py:52} INFO - Started process 4633 to run task
[2022-02-19 02:01:04,619] {standard_task_runner.py:76} INFO - Running: ['***', 'tasks', 'run', 'Question3_FHV', 'halo', 'scheduled__2019-01-02T06:00:00+00:00', '--job-id', '661', '--raw', '--subdir', 'DAGS_FOLDER/dag_questions3.py', '--cfg-path', '/tmp/tmptbdn6g7c', '--error-file', '/tmp/tmpgbwwbuqm']
[2022-02-19 02:01:04,622] {standard_task_runner.py:77} INFO - Job 661: Subtask halo
[2022-02-19 02:01:04,776] {logging_mixin.py:109} INFO - Running <TaskInstance: Question3_FHV.halo scheduled__2019-01-02T06:00:00+00:00 [running]> on host 312f1fe573aa
[2022-02-19 02:01:04,936] {taskinstance.py:1426} INFO - Exporting the following env vars:
AIRFLOW_CTX_DAG_OWNER=***
AIRFLOW_CTX_DAG_ID=Question3_FHV
AIRFLOW_CTX_TASK_ID=halo
AIRFLOW_CTX_EXECUTION_DATE=2019-01-02T06:00:00+00:00
AIRFLOW_CTX_DAG_RUN_ID=scheduled__2019-01-02T06:00:00+00:00
[2022-02-19 02:01:04,938] {logging_mixin.py:109} INFO - hello world!!
[2022-02-19 02:01:04,938] {python.py:175} INFO - Done. Returned value was: None
[2022-02-19 02:01:04,974] {taskinstance.py:1277} INFO - Marking task as SUCCESS. dag_id=Question3_FHV, task_id=halo, execution_date=20190102T060000, start_date=20220219T020104, end_date=20220219T020104
[2022-02-19 02:01:05,038] {local_task_job.py:154} INFO - Task exited with return code 0
[2022-02-19 02:01:05,152] {local_task_job.py:264} INFO - 0 downstream tasks scheduled from follow-on schedule check
[2022-02-19 12:00:44,489] {taskinstance.py:1032} INFO - Dependencies all met for <TaskInstance: Question3_FHV.halo scheduled__2019-01-02T06:00:00+00:00 [queued]>
[2022-02-19 12:00:44,535] {taskinstance.py:1032} INFO - Dependencies all met for <TaskInstance: Question3_FHV.halo scheduled__2019-01-02T06:00:00+00:00 [queued]>
[2022-02-19 12:00:44,535] {taskinstance.py:1238} INFO - 
--------------------------------------------------------------------------------
[2022-02-19 12:00:44,536] {taskinstance.py:1239} INFO - Starting attempt 1 of 2
[2022-02-19 12:00:44,536] {taskinstance.py:1240} INFO - 
--------------------------------------------------------------------------------
[2022-02-19 12:00:44,601] {taskinstance.py:1259} INFO - Executing <Task(PythonOperator): halo> on 2019-01-02 06:00:00+00:00
[2022-02-19 12:00:44,611] {standard_task_runner.py:52} INFO - Started process 5473 to run task
[2022-02-19 12:00:44,618] {standard_task_runner.py:76} INFO - Running: ['***', 'tasks', 'run', 'Question3_FHV', 'halo', 'scheduled__2019-01-02T06:00:00+00:00', '--job-id', '1031', '--raw', '--subdir', 'DAGS_FOLDER/dag_questions3.py', '--cfg-path', '/tmp/tmpx6fynj57', '--error-file', '/tmp/tmpv3dabjra']
[2022-02-19 12:00:44,620] {standard_task_runner.py:77} INFO - Job 1031: Subtask halo
[2022-02-19 12:00:44,794] {logging_mixin.py:109} INFO - Running <TaskInstance: Question3_FHV.halo scheduled__2019-01-02T06:00:00+00:00 [running]> on host f81f14254480
[2022-02-19 12:00:45,021] {taskinstance.py:1426} INFO - Exporting the following env vars:
AIRFLOW_CTX_DAG_OWNER=***
AIRFLOW_CTX_DAG_ID=Question3_FHV
AIRFLOW_CTX_TASK_ID=halo
AIRFLOW_CTX_EXECUTION_DATE=2019-01-02T06:00:00+00:00
AIRFLOW_CTX_DAG_RUN_ID=scheduled__2019-01-02T06:00:00+00:00
[2022-02-19 12:00:45,024] {logging_mixin.py:109} INFO - hello world!!
[2022-02-19 12:00:45,024] {python.py:175} INFO - Done. Returned value was: None
[2022-02-19 12:00:45,073] {taskinstance.py:1277} INFO - Marking task as SUCCESS. dag_id=Question3_FHV, task_id=halo, execution_date=20190102T060000, start_date=20220219T120044, end_date=20220219T120045
[2022-02-19 12:00:45,132] {local_task_job.py:154} INFO - Task exited with return code 0
[2022-02-19 12:00:45,252] {local_task_job.py:264} INFO - 0 downstream tasks scheduled from follow-on schedule check
