[2022-01-30 13:07:23,476] {taskinstance.py:1032} INFO - Dependencies all met for <TaskInstance: HomeWorkWeek2.dowdata scheduled__2021-01-02T06:00:00+00:00 [queued]>
[2022-01-30 13:07:23,531] {taskinstance.py:1032} INFO - Dependencies all met for <TaskInstance: HomeWorkWeek2.dowdata scheduled__2021-01-02T06:00:00+00:00 [queued]>
[2022-01-30 13:07:23,532] {taskinstance.py:1238} INFO - 
--------------------------------------------------------------------------------
[2022-01-30 13:07:23,532] {taskinstance.py:1239} INFO - Starting attempt 1 of 2
[2022-01-30 13:07:23,533] {taskinstance.py:1240} INFO - 
--------------------------------------------------------------------------------
[2022-01-30 13:07:23,596] {taskinstance.py:1259} INFO - Executing <Task(BashOperator): dowdata> on 2021-01-02 06:00:00+00:00
[2022-01-30 13:07:23,610] {standard_task_runner.py:52} INFO - Started process 2933 to run task
[2022-01-30 13:07:23,617] {standard_task_runner.py:76} INFO - Running: ['***', 'tasks', 'run', 'HomeWorkWeek2', 'dowdata', 'scheduled__2021-01-02T06:00:00+00:00', '--job-id', '151', '--raw', '--subdir', 'DAGS_FOLDER/dag_questions1.py', '--cfg-path', '/tmp/tmpy86u5g3x', '--error-file', '/tmp/tmptx3mywg5']
[2022-01-30 13:07:23,620] {standard_task_runner.py:77} INFO - Job 151: Subtask dowdata
[2022-01-30 13:07:23,881] {logging_mixin.py:109} INFO - Running <TaskInstance: HomeWorkWeek2.dowdata scheduled__2021-01-02T06:00:00+00:00 [running]> on host 4b3b8c5e49b1
[2022-01-30 13:07:24,195] {warnings.py:110} WARNING - /home/***/.local/lib/python3.7/site-packages/***/utils/context.py:152: AirflowContextDeprecationWarning: Accessing 'execution_date' from the template is deprecated and will be removed in a future version. Please use 'data_interval_start' or 'logical_date' instead.
  warnings.warn(_create_deprecation_warning(key, self._deprecation_replacements[key]))

[2022-01-30 13:07:24,349] {taskinstance.py:1426} INFO - Exporting the following env vars:
AIRFLOW_CTX_DAG_OWNER=***
AIRFLOW_CTX_DAG_ID=HomeWorkWeek2
AIRFLOW_CTX_TASK_ID=dowdata
AIRFLOW_CTX_EXECUTION_DATE=2021-01-02T06:00:00+00:00
AIRFLOW_CTX_DAG_RUN_ID=scheduled__2021-01-02T06:00:00+00:00
[2022-01-30 13:07:24,355] {subprocess.py:62} INFO - Tmp dir root location: 
 /tmp
[2022-01-30 13:07:24,357] {subprocess.py:74} INFO - Running command: ['bash', '-c', 'curl -sSLf https://s3.amazonaws.com/nyc-tlc/trip+data/yellow_tripdata_2021-01.csv > /opt/***output_2021-01.csv']
[2022-01-30 13:07:24,381] {subprocess.py:85} INFO - Output:
[2022-01-30 13:07:59,155] {subprocess.py:93} INFO - Command exited with return code 0
[2022-01-30 13:07:59,321] {taskinstance.py:1277} INFO - Marking task as SUCCESS. dag_id=HomeWorkWeek2, task_id=dowdata, execution_date=20210102T060000, start_date=20220130T130723, end_date=20220130T130759
[2022-01-30 13:07:59,417] {local_task_job.py:154} INFO - Task exited with return code 0
[2022-01-30 13:07:59,649] {local_task_job.py:264} INFO - 1 downstream tasks scheduled from follow-on schedule check
[2022-01-30 14:56:16,381] {taskinstance.py:1032} INFO - Dependencies all met for <TaskInstance: HomeWorkWeek2.dowdata scheduled__2021-01-02T06:00:00+00:00 [queued]>
[2022-01-30 14:56:16,453] {taskinstance.py:1032} INFO - Dependencies all met for <TaskInstance: HomeWorkWeek2.dowdata scheduled__2021-01-02T06:00:00+00:00 [queued]>
[2022-01-30 14:56:16,453] {taskinstance.py:1238} INFO - 
--------------------------------------------------------------------------------
[2022-01-30 14:56:16,453] {taskinstance.py:1239} INFO - Starting attempt 1 of 2
[2022-01-30 14:56:16,454] {taskinstance.py:1240} INFO - 
--------------------------------------------------------------------------------
[2022-01-30 14:56:16,502] {taskinstance.py:1259} INFO - Executing <Task(BashOperator): dowdata> on 2021-01-02 06:00:00+00:00
[2022-01-30 14:56:16,520] {standard_task_runner.py:52} INFO - Started process 1359 to run task
[2022-01-30 14:56:16,534] {standard_task_runner.py:76} INFO - Running: ['***', 'tasks', 'run', 'HomeWorkWeek2', 'dowdata', 'scheduled__2021-01-02T06:00:00+00:00', '--job-id', '249', '--raw', '--subdir', 'DAGS_FOLDER/dag_questions1.py', '--cfg-path', '/tmp/tmp280um_6b', '--error-file', '/tmp/tmp06yq8gwb']
[2022-01-30 14:56:16,537] {standard_task_runner.py:77} INFO - Job 249: Subtask dowdata
[2022-01-30 14:56:16,769] {logging_mixin.py:109} INFO - Running <TaskInstance: HomeWorkWeek2.dowdata scheduled__2021-01-02T06:00:00+00:00 [running]> on host 785c0c715caa
[2022-01-30 14:56:17,059] {warnings.py:110} WARNING - /home/***/.local/lib/python3.7/site-packages/***/utils/context.py:152: AirflowContextDeprecationWarning: Accessing 'execution_date' from the template is deprecated and will be removed in a future version. Please use 'data_interval_start' or 'logical_date' instead.
  warnings.warn(_create_deprecation_warning(key, self._deprecation_replacements[key]))

[2022-01-30 14:56:17,185] {taskinstance.py:1426} INFO - Exporting the following env vars:
AIRFLOW_CTX_DAG_OWNER=***
AIRFLOW_CTX_DAG_ID=HomeWorkWeek2
AIRFLOW_CTX_TASK_ID=dowdata
AIRFLOW_CTX_EXECUTION_DATE=2021-01-02T06:00:00+00:00
AIRFLOW_CTX_DAG_RUN_ID=scheduled__2021-01-02T06:00:00+00:00
[2022-01-30 14:56:17,193] {subprocess.py:62} INFO - Tmp dir root location: 
 /tmp
[2022-01-30 14:56:17,195] {subprocess.py:74} INFO - Running command: ['bash', '-c', 'curl -sSLf https://s3.amazonaws.com/nyc-tlc/trip+data/yellow_tripdata_2021-01.csv > /opt/***output_2021-01.csv']
[2022-01-30 14:56:17,217] {subprocess.py:85} INFO - Output:
[2022-01-30 14:56:45,379] {subprocess.py:93} INFO - Command exited with return code 0
[2022-01-30 14:56:45,474] {taskinstance.py:1277} INFO - Marking task as SUCCESS. dag_id=HomeWorkWeek2, task_id=dowdata, execution_date=20210102T060000, start_date=20220130T145616, end_date=20220130T145645
[2022-01-30 14:56:45,545] {local_task_job.py:154} INFO - Task exited with return code 0
[2022-01-30 14:56:45,791] {local_task_job.py:264} INFO - 1 downstream tasks scheduled from follow-on schedule check
