[2022-01-29 14:07:55,702] {taskinstance.py:1032} INFO - Dependencies all met for <TaskInstance: HomeWorkWeek2.get_data scheduled__2020-08-02T06:00:00+00:00 [queued]>
[2022-01-29 14:07:55,750] {taskinstance.py:1032} INFO - Dependencies all met for <TaskInstance: HomeWorkWeek2.get_data scheduled__2020-08-02T06:00:00+00:00 [queued]>
[2022-01-29 14:07:55,751] {taskinstance.py:1238} INFO - 
--------------------------------------------------------------------------------
[2022-01-29 14:07:55,751] {taskinstance.py:1239} INFO - Starting attempt 1 of 1
[2022-01-29 14:07:55,752] {taskinstance.py:1240} INFO - 
--------------------------------------------------------------------------------
[2022-01-29 14:07:55,827] {taskinstance.py:1259} INFO - Executing <Task(BashOperator): get_data> on 2020-08-02 06:00:00+00:00
[2022-01-29 14:07:55,834] {standard_task_runner.py:52} INFO - Started process 377 to run task
[2022-01-29 14:07:55,845] {standard_task_runner.py:76} INFO - Running: ['***', 'tasks', 'run', 'HomeWorkWeek2', 'get_data', 'scheduled__2020-08-02T06:00:00+00:00', '--job-id', '37', '--raw', '--subdir', 'DAGS_FOLDER/dag_questions1.py', '--cfg-path', '/tmp/tmpge36nhat', '--error-file', '/tmp/tmpfz9olx0t']
[2022-01-29 14:07:55,846] {standard_task_runner.py:77} INFO - Job 37: Subtask get_data
[2022-01-29 14:07:56,100] {logging_mixin.py:109} INFO - Running <TaskInstance: HomeWorkWeek2.get_data scheduled__2020-08-02T06:00:00+00:00 [running]> on host d1e1fe005577
[2022-01-29 14:07:56,340] {taskinstance.py:1426} INFO - Exporting the following env vars:
AIRFLOW_CTX_DAG_OWNER=***
AIRFLOW_CTX_DAG_ID=HomeWorkWeek2
AIRFLOW_CTX_TASK_ID=get_data
AIRFLOW_CTX_EXECUTION_DATE=2020-08-02T06:00:00+00:00
AIRFLOW_CTX_DAG_RUN_ID=scheduled__2020-08-02T06:00:00+00:00
[2022-01-29 14:07:56,344] {subprocess.py:62} INFO - Tmp dir root location: 
 /tmp
[2022-01-29 14:07:56,346] {subprocess.py:74} INFO - Running command: ['bash', '-c', 'echo "helloworld!!"']
[2022-01-29 14:07:56,365] {subprocess.py:85} INFO - Output:
[2022-01-29 14:07:56,369] {subprocess.py:89} INFO - helloworld!!
[2022-01-29 14:07:56,370] {subprocess.py:93} INFO - Command exited with return code 0
[2022-01-29 14:07:56,485] {taskinstance.py:1277} INFO - Marking task as SUCCESS. dag_id=HomeWorkWeek2, task_id=get_data, execution_date=20200802T060000, start_date=20220129T140755, end_date=20220129T140756
[2022-01-29 14:07:56,610] {local_task_job.py:154} INFO - Task exited with return code 0
[2022-01-29 14:07:56,761] {local_task_job.py:264} INFO - 0 downstream tasks scheduled from follow-on schedule check
[2022-01-30 10:52:01,786] {taskinstance.py:1032} INFO - Dependencies all met for <TaskInstance: HomeWorkWeek2.get_data scheduled__2020-08-02T06:00:00+00:00 [queued]>
[2022-01-30 10:52:01,850] {taskinstance.py:1032} INFO - Dependencies all met for <TaskInstance: HomeWorkWeek2.get_data scheduled__2020-08-02T06:00:00+00:00 [queued]>
[2022-01-30 10:52:01,851] {taskinstance.py:1238} INFO - 
--------------------------------------------------------------------------------
[2022-01-30 10:52:01,851] {taskinstance.py:1239} INFO - Starting attempt 1 of 1
[2022-01-30 10:52:01,851] {taskinstance.py:1240} INFO - 
--------------------------------------------------------------------------------
[2022-01-30 10:52:01,937] {taskinstance.py:1259} INFO - Executing <Task(BashOperator): get_data> on 2020-08-02 06:00:00+00:00
[2022-01-30 10:52:01,952] {standard_task_runner.py:52} INFO - Started process 984 to run task
[2022-01-30 10:52:01,968] {standard_task_runner.py:76} INFO - Running: ['***', 'tasks', 'run', 'HomeWorkWeek2', 'get_data', 'scheduled__2020-08-02T06:00:00+00:00', '--job-id', '82', '--raw', '--subdir', 'DAGS_FOLDER/dag_questions1.py', '--cfg-path', '/tmp/tmpur79b3om', '--error-file', '/tmp/tmpkwr23n7p']
[2022-01-30 10:52:01,969] {standard_task_runner.py:77} INFO - Job 82: Subtask get_data
[2022-01-30 10:52:02,201] {logging_mixin.py:109} INFO - Running <TaskInstance: HomeWorkWeek2.get_data scheduled__2020-08-02T06:00:00+00:00 [running]> on host fc414ca9b482
[2022-01-30 10:52:02,386] {warnings.py:110} WARNING - /home/***/.local/lib/python3.7/site-packages/***/utils/context.py:152: AirflowContextDeprecationWarning: Accessing 'execution_date' from the template is deprecated and will be removed in a future version. Please use 'data_interval_start' or 'logical_date' instead.
  warnings.warn(_create_deprecation_warning(key, self._deprecation_replacements[key]))

[2022-01-30 10:52:02,466] {taskinstance.py:1426} INFO - Exporting the following env vars:
AIRFLOW_CTX_DAG_OWNER=***
AIRFLOW_CTX_DAG_ID=HomeWorkWeek2
AIRFLOW_CTX_TASK_ID=get_data
AIRFLOW_CTX_EXECUTION_DATE=2020-08-02T06:00:00+00:00
AIRFLOW_CTX_DAG_RUN_ID=scheduled__2020-08-02T06:00:00+00:00
[2022-01-30 10:52:02,468] {subprocess.py:62} INFO - Tmp dir root location: 
 /tmp
[2022-01-30 10:52:02,469] {subprocess.py:74} INFO - Running command: ['bash', '-c', 'curl -sSLf https://s3.amazonaws.com/nyc-tlc/trip+data/yellow_tripdata_2020-08.csv > /opt/***output_2020-08.csv']
[2022-01-30 10:52:02,486] {subprocess.py:85} INFO - Output:
[2022-01-30 10:52:15,166] {subprocess.py:93} INFO - Command exited with return code 0
[2022-01-30 10:52:15,240] {taskinstance.py:1277} INFO - Marking task as SUCCESS. dag_id=HomeWorkWeek2, task_id=get_data, execution_date=20200802T060000, start_date=20220130T105201, end_date=20220130T105215
[2022-01-30 10:52:15,328] {local_task_job.py:154} INFO - Task exited with return code 0
[2022-01-30 10:52:15,426] {local_task_job.py:264} INFO - 0 downstream tasks scheduled from follow-on schedule check
