[2022-02-02 21:13:39,014] {taskinstance.py:1032} INFO - Dependencies all met for <TaskInstance: Question3_FHV.local_to_gcs_task scheduled__2019-04-02T06:00:00+00:00 [queued]>
[2022-02-02 21:13:39,056] {taskinstance.py:1032} INFO - Dependencies all met for <TaskInstance: Question3_FHV.local_to_gcs_task scheduled__2019-04-02T06:00:00+00:00 [queued]>
[2022-02-02 21:13:39,057] {taskinstance.py:1238} INFO - 
--------------------------------------------------------------------------------
[2022-02-02 21:13:39,057] {taskinstance.py:1239} INFO - Starting attempt 1 of 1
[2022-02-02 21:13:39,057] {taskinstance.py:1240} INFO - 
--------------------------------------------------------------------------------
[2022-02-02 21:13:39,099] {taskinstance.py:1259} INFO - Executing <Task(PythonOperator): local_to_gcs_task> on 2019-04-02 06:00:00+00:00
[2022-02-02 21:13:39,105] {standard_task_runner.py:52} INFO - Started process 673 to run task
[2022-02-02 21:13:39,111] {standard_task_runner.py:76} INFO - Running: ['***', 'tasks', 'run', 'Question3_FHV', 'local_to_gcs_task', 'scheduled__2019-04-02T06:00:00+00:00', '--job-id', '326', '--raw', '--subdir', 'DAGS_FOLDER/dag_questions3.py', '--cfg-path', '/tmp/tmptd7g9wxd', '--error-file', '/tmp/tmp773sv1ua']
[2022-02-02 21:13:39,112] {standard_task_runner.py:77} INFO - Job 326: Subtask local_to_gcs_task
[2022-02-02 21:13:39,323] {logging_mixin.py:109} INFO - Running <TaskInstance: Question3_FHV.local_to_gcs_task scheduled__2019-04-02T06:00:00+00:00 [running]> on host d574c7c5b085
[2022-02-02 21:13:39,519] {warnings.py:110} WARNING - /home/***/.local/lib/python3.7/site-packages/***/utils/context.py:152: AirflowContextDeprecationWarning: Accessing 'execution_date' from the template is deprecated and will be removed in a future version. Please use 'data_interval_start' or 'logical_date' instead.
  warnings.warn(_create_deprecation_warning(key, self._deprecation_replacements[key]))

[2022-02-02 21:13:39,597] {taskinstance.py:1426} INFO - Exporting the following env vars:
AIRFLOW_CTX_DAG_OWNER=***
AIRFLOW_CTX_DAG_ID=Question3_FHV
AIRFLOW_CTX_TASK_ID=local_to_gcs_task
AIRFLOW_CTX_EXECUTION_DATE=2019-04-02T06:00:00+00:00
AIRFLOW_CTX_DAG_RUN_ID=scheduled__2019-04-02T06:00:00+00:00
[2022-02-02 21:14:55,109] {python.py:175} INFO - Done. Returned value was: None
[2022-02-02 21:14:55,144] {taskinstance.py:1277} INFO - Marking task as SUCCESS. dag_id=Question3_FHV, task_id=local_to_gcs_task, execution_date=20190402T060000, start_date=20220202T211339, end_date=20220202T211455
[2022-02-02 21:14:55,213] {local_task_job.py:154} INFO - Task exited with return code 0
[2022-02-02 21:14:55,311] {local_task_job.py:264} INFO - 1 downstream tasks scheduled from follow-on schedule check
[2022-02-09 11:33:25,338] {taskinstance.py:1032} INFO - Dependencies all met for <TaskInstance: Question3_FHV.local_to_gcs_task scheduled__2019-04-02T06:00:00+00:00 [queued]>
[2022-02-09 11:33:25,382] {taskinstance.py:1032} INFO - Dependencies all met for <TaskInstance: Question3_FHV.local_to_gcs_task scheduled__2019-04-02T06:00:00+00:00 [queued]>
[2022-02-09 11:33:25,382] {taskinstance.py:1238} INFO - 
--------------------------------------------------------------------------------
[2022-02-09 11:33:25,382] {taskinstance.py:1239} INFO - Starting attempt 1 of 1
[2022-02-09 11:33:25,382] {taskinstance.py:1240} INFO - 
--------------------------------------------------------------------------------
[2022-02-09 11:33:25,424] {taskinstance.py:1259} INFO - Executing <Task(PythonOperator): local_to_gcs_task> on 2019-04-02 06:00:00+00:00
[2022-02-09 11:33:25,431] {standard_task_runner.py:52} INFO - Started process 560 to run task
[2022-02-09 11:33:25,437] {standard_task_runner.py:76} INFO - Running: ['***', 'tasks', 'run', 'Question3_FHV', 'local_to_gcs_task', 'scheduled__2019-04-02T06:00:00+00:00', '--job-id', '399', '--raw', '--subdir', 'DAGS_FOLDER/dag_questions3.py', '--cfg-path', '/tmp/tmp_kwznwz5', '--error-file', '/tmp/tmpcs12xcxd']
[2022-02-09 11:33:25,439] {standard_task_runner.py:77} INFO - Job 399: Subtask local_to_gcs_task
[2022-02-09 11:33:25,592] {logging_mixin.py:109} INFO - Running <TaskInstance: Question3_FHV.local_to_gcs_task scheduled__2019-04-02T06:00:00+00:00 [running]> on host c5795c3f6004
[2022-02-09 11:33:25,723] {warnings.py:110} WARNING - /home/***/.local/lib/python3.7/site-packages/***/utils/context.py:152: AirflowContextDeprecationWarning: Accessing 'execution_date' from the template is deprecated and will be removed in a future version. Please use 'data_interval_start' or 'logical_date' instead.
  warnings.warn(_create_deprecation_warning(key, self._deprecation_replacements[key]))

[2022-02-09 11:33:25,784] {taskinstance.py:1426} INFO - Exporting the following env vars:
AIRFLOW_CTX_DAG_OWNER=***
AIRFLOW_CTX_DAG_ID=Question3_FHV
AIRFLOW_CTX_TASK_ID=local_to_gcs_task
AIRFLOW_CTX_EXECUTION_DATE=2019-04-02T06:00:00+00:00
AIRFLOW_CTX_DAG_RUN_ID=scheduled__2019-04-02T06:00:00+00:00
[2022-02-09 11:34:06,224] {python.py:175} INFO - Done. Returned value was: None
[2022-02-09 11:34:06,270] {taskinstance.py:1277} INFO - Marking task as SUCCESS. dag_id=Question3_FHV, task_id=local_to_gcs_task, execution_date=20190402T060000, start_date=20220209T113325, end_date=20220209T113406
[2022-02-09 11:34:06,351] {local_task_job.py:154} INFO - Task exited with return code 0
[2022-02-09 11:34:06,465] {local_task_job.py:264} INFO - 1 downstream tasks scheduled from follow-on schedule check
[2022-02-10 01:09:55,961] {taskinstance.py:1032} INFO - Dependencies all met for <TaskInstance: Question3_FHV.local_to_gcs_task scheduled__2019-04-02T06:00:00+00:00 [queued]>
[2022-02-10 01:09:56,004] {taskinstance.py:1032} INFO - Dependencies all met for <TaskInstance: Question3_FHV.local_to_gcs_task scheduled__2019-04-02T06:00:00+00:00 [queued]>
[2022-02-10 01:09:56,004] {taskinstance.py:1238} INFO - 
--------------------------------------------------------------------------------
[2022-02-10 01:09:56,005] {taskinstance.py:1239} INFO - Starting attempt 1 of 1
[2022-02-10 01:09:56,005] {taskinstance.py:1240} INFO - 
--------------------------------------------------------------------------------
[2022-02-10 01:09:56,044] {taskinstance.py:1259} INFO - Executing <Task(PythonOperator): local_to_gcs_task> on 2019-04-02 06:00:00+00:00
[2022-02-10 01:09:56,054] {standard_task_runner.py:52} INFO - Started process 7173 to run task
[2022-02-10 01:09:56,069] {standard_task_runner.py:76} INFO - Running: ['***', 'tasks', 'run', 'Question3_FHV', 'local_to_gcs_task', 'scheduled__2019-04-02T06:00:00+00:00', '--job-id', '465', '--raw', '--subdir', 'DAGS_FOLDER/dag_questions3.py', '--cfg-path', '/tmp/tmp1wq5gch4', '--error-file', '/tmp/tmpl6teobfx']
[2022-02-10 01:09:56,071] {standard_task_runner.py:77} INFO - Job 465: Subtask local_to_gcs_task
[2022-02-10 01:09:56,354] {logging_mixin.py:109} INFO - Running <TaskInstance: Question3_FHV.local_to_gcs_task scheduled__2019-04-02T06:00:00+00:00 [running]> on host 0fd4ea805f5e
[2022-02-10 01:09:56,623] {warnings.py:110} WARNING - /home/***/.local/lib/python3.7/site-packages/***/utils/context.py:152: AirflowContextDeprecationWarning: Accessing 'execution_date' from the template is deprecated and will be removed in a future version. Please use 'data_interval_start' or 'logical_date' instead.
  warnings.warn(_create_deprecation_warning(key, self._deprecation_replacements[key]))

[2022-02-10 01:09:56,732] {taskinstance.py:1426} INFO - Exporting the following env vars:
AIRFLOW_CTX_DAG_OWNER=***
AIRFLOW_CTX_DAG_ID=Question3_FHV
AIRFLOW_CTX_TASK_ID=local_to_gcs_task
AIRFLOW_CTX_EXECUTION_DATE=2019-04-02T06:00:00+00:00
AIRFLOW_CTX_DAG_RUN_ID=scheduled__2019-04-02T06:00:00+00:00
[2022-02-10 01:11:10,197] {python.py:175} INFO - Done. Returned value was: None
[2022-02-10 01:11:10,238] {taskinstance.py:1277} INFO - Marking task as SUCCESS. dag_id=Question3_FHV, task_id=local_to_gcs_task, execution_date=20190402T060000, start_date=20220210T010955, end_date=20220210T011110
[2022-02-10 01:11:10,301] {local_task_job.py:154} INFO - Task exited with return code 0
[2022-02-10 01:11:10,388] {local_task_job.py:264} INFO - 1 downstream tasks scheduled from follow-on schedule check
[2022-02-19 01:47:10,000] {taskinstance.py:1032} INFO - Dependencies all met for <TaskInstance: Question3_FHV.local_to_gcs_task scheduled__2019-04-02T06:00:00+00:00 [queued]>
[2022-02-19 01:47:10,045] {taskinstance.py:1032} INFO - Dependencies all met for <TaskInstance: Question3_FHV.local_to_gcs_task scheduled__2019-04-02T06:00:00+00:00 [queued]>
[2022-02-19 01:47:10,046] {taskinstance.py:1238} INFO - 
--------------------------------------------------------------------------------
[2022-02-19 01:47:10,046] {taskinstance.py:1239} INFO - Starting attempt 1 of 1
[2022-02-19 01:47:10,046] {taskinstance.py:1240} INFO - 
--------------------------------------------------------------------------------
[2022-02-19 01:47:10,086] {taskinstance.py:1259} INFO - Executing <Task(PythonOperator): local_to_gcs_task> on 2019-04-02 06:00:00+00:00
[2022-02-19 01:47:10,093] {standard_task_runner.py:52} INFO - Started process 3865 to run task
[2022-02-19 01:47:10,100] {standard_task_runner.py:76} INFO - Running: ['***', 'tasks', 'run', 'Question3_FHV', 'local_to_gcs_task', 'scheduled__2019-04-02T06:00:00+00:00', '--job-id', '626', '--raw', '--subdir', 'DAGS_FOLDER/dag_questions3.py', '--cfg-path', '/tmp/tmp921ppzga', '--error-file', '/tmp/tmp4ue9rsxt']
[2022-02-19 01:47:10,106] {standard_task_runner.py:77} INFO - Job 626: Subtask local_to_gcs_task
[2022-02-19 01:47:10,363] {logging_mixin.py:109} INFO - Running <TaskInstance: Question3_FHV.local_to_gcs_task scheduled__2019-04-02T06:00:00+00:00 [running]> on host 312f1fe573aa
[2022-02-19 01:47:10,576] {warnings.py:110} WARNING - /home/***/.local/lib/python3.7/site-packages/***/utils/context.py:152: AirflowContextDeprecationWarning: Accessing 'execution_date' from the template is deprecated and will be removed in a future version. Please use 'data_interval_start' or 'logical_date' instead.
  warnings.warn(_create_deprecation_warning(key, self._deprecation_replacements[key]))

[2022-02-19 01:47:10,640] {taskinstance.py:1426} INFO - Exporting the following env vars:
AIRFLOW_CTX_DAG_OWNER=***
AIRFLOW_CTX_DAG_ID=Question3_FHV
AIRFLOW_CTX_TASK_ID=local_to_gcs_task
AIRFLOW_CTX_EXECUTION_DATE=2019-04-02T06:00:00+00:00
AIRFLOW_CTX_DAG_RUN_ID=scheduled__2019-04-02T06:00:00+00:00
[2022-02-19 01:48:24,385] {python.py:175} INFO - Done. Returned value was: None
[2022-02-19 01:48:24,427] {taskinstance.py:1277} INFO - Marking task as SUCCESS. dag_id=Question3_FHV, task_id=local_to_gcs_task, execution_date=20190402T060000, start_date=20220219T014710, end_date=20220219T014824
[2022-02-19 01:48:24,516] {local_task_job.py:154} INFO - Task exited with return code 0
[2022-02-19 01:48:24,625] {local_task_job.py:264} INFO - 1 downstream tasks scheduled from follow-on schedule check
[2022-02-19 11:46:46,194] {taskinstance.py:1032} INFO - Dependencies all met for <TaskInstance: Question3_FHV.local_to_gcs_task scheduled__2019-04-02T06:00:00+00:00 [queued]>
[2022-02-19 11:46:46,253] {taskinstance.py:1032} INFO - Dependencies all met for <TaskInstance: Question3_FHV.local_to_gcs_task scheduled__2019-04-02T06:00:00+00:00 [queued]>
[2022-02-19 11:46:46,254] {taskinstance.py:1238} INFO - 
--------------------------------------------------------------------------------
[2022-02-19 11:46:46,254] {taskinstance.py:1239} INFO - Starting attempt 1 of 1
[2022-02-19 11:46:46,254] {taskinstance.py:1240} INFO - 
--------------------------------------------------------------------------------
[2022-02-19 11:46:46,313] {taskinstance.py:1259} INFO - Executing <Task(PythonOperator): local_to_gcs_task> on 2019-04-02 06:00:00+00:00
[2022-02-19 11:46:46,326] {standard_task_runner.py:52} INFO - Started process 4713 to run task
[2022-02-19 11:46:46,334] {standard_task_runner.py:76} INFO - Running: ['***', 'tasks', 'run', 'Question3_FHV', 'local_to_gcs_task', 'scheduled__2019-04-02T06:00:00+00:00', '--job-id', '996', '--raw', '--subdir', 'DAGS_FOLDER/dag_questions3.py', '--cfg-path', '/tmp/tmps4ml3c4h', '--error-file', '/tmp/tmp2yhaiqon']
[2022-02-19 11:46:46,336] {standard_task_runner.py:77} INFO - Job 996: Subtask local_to_gcs_task
[2022-02-19 11:46:46,615] {logging_mixin.py:109} INFO - Running <TaskInstance: Question3_FHV.local_to_gcs_task scheduled__2019-04-02T06:00:00+00:00 [running]> on host f81f14254480
[2022-02-19 11:46:46,745] {warnings.py:110} WARNING - /home/***/.local/lib/python3.7/site-packages/***/utils/context.py:152: AirflowContextDeprecationWarning: Accessing 'execution_date' from the template is deprecated and will be removed in a future version. Please use 'data_interval_start' or 'logical_date' instead.
  warnings.warn(_create_deprecation_warning(key, self._deprecation_replacements[key]))

[2022-02-19 11:46:46,804] {taskinstance.py:1426} INFO - Exporting the following env vars:
AIRFLOW_CTX_DAG_OWNER=***
AIRFLOW_CTX_DAG_ID=Question3_FHV
AIRFLOW_CTX_TASK_ID=local_to_gcs_task
AIRFLOW_CTX_EXECUTION_DATE=2019-04-02T06:00:00+00:00
AIRFLOW_CTX_DAG_RUN_ID=scheduled__2019-04-02T06:00:00+00:00
[2022-02-19 11:47:59,657] {python.py:175} INFO - Done. Returned value was: None
[2022-02-19 11:47:59,691] {taskinstance.py:1277} INFO - Marking task as SUCCESS. dag_id=Question3_FHV, task_id=local_to_gcs_task, execution_date=20190402T060000, start_date=20220219T114646, end_date=20220219T114759
[2022-02-19 11:47:59,758] {local_task_job.py:154} INFO - Task exited with return code 0
[2022-02-19 11:47:59,875] {local_task_job.py:264} INFO - 1 downstream tasks scheduled from follow-on schedule check
