[2022-01-30 12:58:48,604] {taskinstance.py:1032} INFO - Dependencies all met for <TaskInstance: HomeWorkWeek2.dowdata scheduled__2019-08-02T06:00:00+00:00 [queued]>
[2022-01-30 12:58:48,653] {taskinstance.py:1032} INFO - Dependencies all met for <TaskInstance: HomeWorkWeek2.dowdata scheduled__2019-08-02T06:00:00+00:00 [queued]>
[2022-01-30 12:58:48,654] {taskinstance.py:1238} INFO - 
--------------------------------------------------------------------------------
[2022-01-30 12:58:48,655] {taskinstance.py:1239} INFO - Starting attempt 1 of 2
[2022-01-30 12:58:48,655] {taskinstance.py:1240} INFO - 
--------------------------------------------------------------------------------
[2022-01-30 12:58:48,703] {taskinstance.py:1259} INFO - Executing <Task(BashOperator): dowdata> on 2019-08-02 06:00:00+00:00
[2022-01-30 12:58:48,715] {standard_task_runner.py:52} INFO - Started process 2416 to run task
[2022-01-30 12:58:48,722] {standard_task_runner.py:76} INFO - Running: ['***', 'tasks', 'run', 'HomeWorkWeek2', 'dowdata', 'scheduled__2019-08-02T06:00:00+00:00', '--job-id', '117', '--raw', '--subdir', 'DAGS_FOLDER/dag_questions1.py', '--cfg-path', '/tmp/tmpx66urdph', '--error-file', '/tmp/tmpur2uca_t']
[2022-01-30 12:58:48,725] {standard_task_runner.py:77} INFO - Job 117: Subtask dowdata
[2022-01-30 12:58:48,906] {logging_mixin.py:109} INFO - Running <TaskInstance: HomeWorkWeek2.dowdata scheduled__2019-08-02T06:00:00+00:00 [running]> on host 4b3b8c5e49b1
[2022-01-30 12:58:49,063] {warnings.py:110} WARNING - /home/***/.local/lib/python3.7/site-packages/***/utils/context.py:152: AirflowContextDeprecationWarning: Accessing 'execution_date' from the template is deprecated and will be removed in a future version. Please use 'data_interval_start' or 'logical_date' instead.
  warnings.warn(_create_deprecation_warning(key, self._deprecation_replacements[key]))

[2022-01-30 12:58:49,151] {taskinstance.py:1426} INFO - Exporting the following env vars:
AIRFLOW_CTX_DAG_OWNER=***
AIRFLOW_CTX_DAG_ID=HomeWorkWeek2
AIRFLOW_CTX_TASK_ID=dowdata
AIRFLOW_CTX_EXECUTION_DATE=2019-08-02T06:00:00+00:00
AIRFLOW_CTX_DAG_RUN_ID=scheduled__2019-08-02T06:00:00+00:00
[2022-01-30 12:58:49,154] {subprocess.py:62} INFO - Tmp dir root location: 
 /tmp
[2022-01-30 12:58:49,156] {subprocess.py:74} INFO - Running command: ['bash', '-c', 'curl -sSLf https://s3.amazonaws.com/nyc-tlc/trip+data/yellow_tripdata_2019-08.csv > /opt/***output_2019-08.csv']
[2022-01-30 12:58:49,195] {subprocess.py:85} INFO - Output:
[2022-01-30 13:00:02,510] {subprocess.py:93} INFO - Command exited with return code 0
[2022-01-30 13:00:02,659] {taskinstance.py:1277} INFO - Marking task as SUCCESS. dag_id=HomeWorkWeek2, task_id=dowdata, execution_date=20190802T060000, start_date=20220130T125848, end_date=20220130T130002
[2022-01-30 13:00:02,730] {local_task_job.py:154} INFO - Task exited with return code 0
[2022-01-30 13:00:02,843] {local_task_job.py:264} INFO - 1 downstream tasks scheduled from follow-on schedule check
[2022-01-30 14:46:33,080] {taskinstance.py:1032} INFO - Dependencies all met for <TaskInstance: HomeWorkWeek2.dowdata scheduled__2019-08-02T06:00:00+00:00 [queued]>
[2022-01-30 14:46:33,165] {taskinstance.py:1032} INFO - Dependencies all met for <TaskInstance: HomeWorkWeek2.dowdata scheduled__2019-08-02T06:00:00+00:00 [queued]>
[2022-01-30 14:46:33,166] {taskinstance.py:1238} INFO - 
--------------------------------------------------------------------------------
[2022-01-30 14:46:33,166] {taskinstance.py:1239} INFO - Starting attempt 1 of 2
[2022-01-30 14:46:33,167] {taskinstance.py:1240} INFO - 
--------------------------------------------------------------------------------
[2022-01-30 14:46:33,316] {taskinstance.py:1259} INFO - Executing <Task(BashOperator): dowdata> on 2019-08-02 06:00:00+00:00
[2022-01-30 14:46:33,328] {standard_task_runner.py:52} INFO - Started process 650 to run task
[2022-01-30 14:46:33,346] {standard_task_runner.py:76} INFO - Running: ['***', 'tasks', 'run', 'HomeWorkWeek2', 'dowdata', 'scheduled__2019-08-02T06:00:00+00:00', '--job-id', '200', '--raw', '--subdir', 'DAGS_FOLDER/dag_questions1.py', '--cfg-path', '/tmp/tmphuzrk2el', '--error-file', '/tmp/tmp6dch51j_']
[2022-01-30 14:46:33,360] {standard_task_runner.py:77} INFO - Job 200: Subtask dowdata
[2022-01-30 14:46:34,117] {logging_mixin.py:109} INFO - Running <TaskInstance: HomeWorkWeek2.dowdata scheduled__2019-08-02T06:00:00+00:00 [running]> on host 785c0c715caa
[2022-01-30 14:46:34,384] {warnings.py:110} WARNING - /home/***/.local/lib/python3.7/site-packages/***/utils/context.py:152: AirflowContextDeprecationWarning: Accessing 'execution_date' from the template is deprecated and will be removed in a future version. Please use 'data_interval_start' or 'logical_date' instead.
  warnings.warn(_create_deprecation_warning(key, self._deprecation_replacements[key]))

[2022-01-30 14:46:34,473] {taskinstance.py:1426} INFO - Exporting the following env vars:
AIRFLOW_CTX_DAG_OWNER=***
AIRFLOW_CTX_DAG_ID=HomeWorkWeek2
AIRFLOW_CTX_TASK_ID=dowdata
AIRFLOW_CTX_EXECUTION_DATE=2019-08-02T06:00:00+00:00
AIRFLOW_CTX_DAG_RUN_ID=scheduled__2019-08-02T06:00:00+00:00
[2022-01-30 14:46:34,476] {subprocess.py:62} INFO - Tmp dir root location: 
 /tmp
[2022-01-30 14:46:34,477] {subprocess.py:74} INFO - Running command: ['bash', '-c', 'curl -sSLf https://s3.amazonaws.com/nyc-tlc/trip+data/yellow_tripdata_2019-08.csv > /opt/***output_2019-08.csv']
[2022-01-30 14:46:34,509] {subprocess.py:85} INFO - Output:
[2022-01-30 14:48:20,348] {subprocess.py:93} INFO - Command exited with return code 0
[2022-01-30 14:48:20,450] {taskinstance.py:1277} INFO - Marking task as SUCCESS. dag_id=HomeWorkWeek2, task_id=dowdata, execution_date=20190802T060000, start_date=20220130T144633, end_date=20220130T144820
[2022-01-30 14:48:20,550] {local_task_job.py:154} INFO - Task exited with return code 0
[2022-01-30 14:48:21,025] {local_task_job.py:264} INFO - 0 downstream tasks scheduled from follow-on schedule check
