[2022-02-02 21:12:58,963] {taskinstance.py:1032} INFO - Dependencies all met for <TaskInstance: Question3_FHV.halo scheduled__2019-03-02T06:00:00+00:00 [queued]>
[2022-02-02 21:12:59,029] {taskinstance.py:1032} INFO - Dependencies all met for <TaskInstance: Question3_FHV.halo scheduled__2019-03-02T06:00:00+00:00 [queued]>
[2022-02-02 21:12:59,029] {taskinstance.py:1238} INFO - 
--------------------------------------------------------------------------------
[2022-02-02 21:12:59,030] {taskinstance.py:1239} INFO - Starting attempt 1 of 2
[2022-02-02 21:12:59,030] {taskinstance.py:1240} INFO - 
--------------------------------------------------------------------------------
[2022-02-02 21:12:59,068] {taskinstance.py:1259} INFO - Executing <Task(PythonOperator): halo> on 2019-03-02 06:00:00+00:00
[2022-02-02 21:12:59,074] {standard_task_runner.py:52} INFO - Started process 627 to run task
[2022-02-02 21:12:59,083] {standard_task_runner.py:76} INFO - Running: ['***', 'tasks', 'run', 'Question3_FHV', 'halo', 'scheduled__2019-03-02T06:00:00+00:00', '--job-id', '323', '--raw', '--subdir', 'DAGS_FOLDER/dag_questions3.py', '--cfg-path', '/tmp/tmp35looqc_', '--error-file', '/tmp/tmp7o5_q39t']
[2022-02-02 21:12:59,085] {standard_task_runner.py:77} INFO - Job 323: Subtask halo
[2022-02-02 21:12:59,249] {logging_mixin.py:109} INFO - Running <TaskInstance: Question3_FHV.halo scheduled__2019-03-02T06:00:00+00:00 [running]> on host d574c7c5b085
[2022-02-02 21:12:59,419] {taskinstance.py:1426} INFO - Exporting the following env vars:
AIRFLOW_CTX_DAG_OWNER=***
AIRFLOW_CTX_DAG_ID=Question3_FHV
AIRFLOW_CTX_TASK_ID=halo
AIRFLOW_CTX_EXECUTION_DATE=2019-03-02T06:00:00+00:00
AIRFLOW_CTX_DAG_RUN_ID=scheduled__2019-03-02T06:00:00+00:00
[2022-02-02 21:12:59,421] {logging_mixin.py:109} INFO - hello world!!
[2022-02-02 21:12:59,421] {python.py:175} INFO - Done. Returned value was: None
[2022-02-02 21:12:59,453] {taskinstance.py:1277} INFO - Marking task as SUCCESS. dag_id=Question3_FHV, task_id=halo, execution_date=20190302T060000, start_date=20220202T211258, end_date=20220202T211259
[2022-02-02 21:12:59,510] {local_task_job.py:154} INFO - Task exited with return code 0
[2022-02-02 21:12:59,596] {local_task_job.py:264} INFO - 0 downstream tasks scheduled from follow-on schedule check
[2022-02-09 11:29:55,339] {taskinstance.py:1032} INFO - Dependencies all met for <TaskInstance: Question3_FHV.halo scheduled__2019-03-02T06:00:00+00:00 [queued]>
[2022-02-09 11:29:55,397] {taskinstance.py:1032} INFO - Dependencies all met for <TaskInstance: Question3_FHV.halo scheduled__2019-03-02T06:00:00+00:00 [queued]>
[2022-02-09 11:29:55,397] {taskinstance.py:1238} INFO - 
--------------------------------------------------------------------------------
[2022-02-09 11:29:55,397] {taskinstance.py:1239} INFO - Starting attempt 1 of 2
[2022-02-09 11:29:55,398] {taskinstance.py:1240} INFO - 
--------------------------------------------------------------------------------
[2022-02-09 11:29:55,443] {taskinstance.py:1259} INFO - Executing <Task(PythonOperator): halo> on 2019-03-02 06:00:00+00:00
[2022-02-09 11:29:55,461] {standard_task_runner.py:52} INFO - Started process 387 to run task
[2022-02-09 11:29:55,468] {standard_task_runner.py:76} INFO - Running: ['***', 'tasks', 'run', 'Question3_FHV', 'halo', 'scheduled__2019-03-02T06:00:00+00:00', '--job-id', '394', '--raw', '--subdir', 'DAGS_FOLDER/dag_questions3.py', '--cfg-path', '/tmp/tmpfbczzyyg', '--error-file', '/tmp/tmp_yfb5r85']
[2022-02-09 11:29:55,470] {standard_task_runner.py:77} INFO - Job 394: Subtask halo
[2022-02-09 11:29:55,627] {logging_mixin.py:109} INFO - Running <TaskInstance: Question3_FHV.halo scheduled__2019-03-02T06:00:00+00:00 [running]> on host c5795c3f6004
[2022-02-09 11:29:55,783] {taskinstance.py:1426} INFO - Exporting the following env vars:
AIRFLOW_CTX_DAG_OWNER=***
AIRFLOW_CTX_DAG_ID=Question3_FHV
AIRFLOW_CTX_TASK_ID=halo
AIRFLOW_CTX_EXECUTION_DATE=2019-03-02T06:00:00+00:00
AIRFLOW_CTX_DAG_RUN_ID=scheduled__2019-03-02T06:00:00+00:00
[2022-02-09 11:29:55,785] {logging_mixin.py:109} INFO - hello world!!
[2022-02-09 11:29:55,785] {python.py:175} INFO - Done. Returned value was: None
[2022-02-09 11:29:55,832] {taskinstance.py:1277} INFO - Marking task as SUCCESS. dag_id=Question3_FHV, task_id=halo, execution_date=20190302T060000, start_date=20220209T112955, end_date=20220209T112955
[2022-02-09 11:29:55,903] {local_task_job.py:154} INFO - Task exited with return code 0
[2022-02-09 11:29:56,122] {local_task_job.py:264} INFO - 0 downstream tasks scheduled from follow-on schedule check
[2022-02-10 01:10:34,145] {taskinstance.py:1032} INFO - Dependencies all met for <TaskInstance: Question3_FHV.halo scheduled__2019-03-02T06:00:00+00:00 [queued]>
[2022-02-10 01:10:34,181] {taskinstance.py:1032} INFO - Dependencies all met for <TaskInstance: Question3_FHV.halo scheduled__2019-03-02T06:00:00+00:00 [queued]>
[2022-02-10 01:10:34,182] {taskinstance.py:1238} INFO - 
--------------------------------------------------------------------------------
[2022-02-10 01:10:34,182] {taskinstance.py:1239} INFO - Starting attempt 1 of 2
[2022-02-10 01:10:34,182] {taskinstance.py:1240} INFO - 
--------------------------------------------------------------------------------
[2022-02-10 01:10:34,216] {taskinstance.py:1259} INFO - Executing <Task(PythonOperator): halo> on 2019-03-02 06:00:00+00:00
[2022-02-10 01:10:34,223] {standard_task_runner.py:52} INFO - Started process 7205 to run task
[2022-02-10 01:10:34,228] {standard_task_runner.py:76} INFO - Running: ['***', 'tasks', 'run', 'Question3_FHV', 'halo', 'scheduled__2019-03-02T06:00:00+00:00', '--job-id', '466', '--raw', '--subdir', 'DAGS_FOLDER/dag_questions3.py', '--cfg-path', '/tmp/tmp4cqayjo4', '--error-file', '/tmp/tmptbl03ouy']
[2022-02-10 01:10:34,230] {standard_task_runner.py:77} INFO - Job 466: Subtask halo
[2022-02-10 01:10:34,386] {logging_mixin.py:109} INFO - Running <TaskInstance: Question3_FHV.halo scheduled__2019-03-02T06:00:00+00:00 [running]> on host 0fd4ea805f5e
[2022-02-10 01:10:34,554] {taskinstance.py:1426} INFO - Exporting the following env vars:
AIRFLOW_CTX_DAG_OWNER=***
AIRFLOW_CTX_DAG_ID=Question3_FHV
AIRFLOW_CTX_TASK_ID=halo
AIRFLOW_CTX_EXECUTION_DATE=2019-03-02T06:00:00+00:00
AIRFLOW_CTX_DAG_RUN_ID=scheduled__2019-03-02T06:00:00+00:00
[2022-02-10 01:10:34,556] {logging_mixin.py:109} INFO - hello world!!
[2022-02-10 01:10:34,557] {python.py:175} INFO - Done. Returned value was: None
[2022-02-10 01:10:34,618] {taskinstance.py:1277} INFO - Marking task as SUCCESS. dag_id=Question3_FHV, task_id=halo, execution_date=20190302T060000, start_date=20220210T011034, end_date=20220210T011034
[2022-02-10 01:10:34,694] {local_task_job.py:154} INFO - Task exited with return code 0
[2022-02-10 01:10:34,771] {local_task_job.py:264} INFO - 0 downstream tasks scheduled from follow-on schedule check
