[2022-02-02 21:02:04,268] {processor.py:163} INFO - Started process (PID=52) to work on /opt/airflow/dags/dag_questions3.py
[2022-02-02 21:02:04,270] {processor.py:642} INFO - Processing file /opt/airflow/dags/dag_questions3.py for tasks to queue
[2022-02-02 21:02:04,271] {logging_mixin.py:109} INFO - [2022-02-02 21:02:04,271] {dagbag.py:500} INFO - Filling up the DagBag from /opt/airflow/dags/dag_questions3.py
[2022-02-02 21:02:23,488] {processor.py:654} INFO - DAG(s) dict_keys(['Question3_FHV']) retrieved from /opt/airflow/dags/dag_questions3.py
[2022-02-02 21:02:31,998] {logging_mixin.py:109} INFO - [2022-02-02 21:02:31,998] {manager.py:496} INFO - Created Permission View: can read on DAG:Question3_FHV
[2022-02-02 21:02:32,011] {logging_mixin.py:109} INFO - [2022-02-02 21:02:32,011] {manager.py:496} INFO - Created Permission View: can edit on DAG:Question3_FHV
[2022-02-02 21:02:32,012] {logging_mixin.py:109} INFO - [2022-02-02 21:02:32,012] {dag.py:2396} INFO - Sync 1 DAGs
[2022-02-02 21:02:32,024] {logging_mixin.py:109} INFO - [2022-02-02 21:02:32,024] {dag.py:2415} INFO - Creating ORM DAG for Question3_FHV
[2022-02-02 21:02:32,039] {logging_mixin.py:109} INFO - [2022-02-02 21:02:32,039] {dag.py:2935} INFO - Setting next_dagrun for Question3_FHV to 2019-01-02 06:00:00+00:00
[2022-02-02 21:02:32,054] {processor.py:171} INFO - Processing /opt/airflow/dags/dag_questions3.py took 27.821 seconds
[2022-02-02 21:03:02,287] {processor.py:163} INFO - Started process (PID=101) to work on /opt/airflow/dags/dag_questions3.py
[2022-02-02 21:03:02,290] {processor.py:642} INFO - Processing file /opt/airflow/dags/dag_questions3.py for tasks to queue
[2022-02-02 21:03:02,292] {logging_mixin.py:109} INFO - [2022-02-02 21:03:02,292] {dagbag.py:500} INFO - Filling up the DagBag from /opt/airflow/dags/dag_questions3.py
[2022-02-02 21:03:04,148] {processor.py:654} INFO - DAG(s) dict_keys(['Question3_FHV']) retrieved from /opt/airflow/dags/dag_questions3.py
[2022-02-02 21:03:04,174] {logging_mixin.py:109} INFO - [2022-02-02 21:03:04,173] {dag.py:2396} INFO - Sync 1 DAGs
[2022-02-02 21:03:04,227] {logging_mixin.py:109} INFO - [2022-02-02 21:03:04,227] {dag.py:2935} INFO - Setting next_dagrun for Question3_FHV to 2019-01-02 06:00:00+00:00
[2022-02-02 21:03:04,269] {processor.py:171} INFO - Processing /opt/airflow/dags/dag_questions3.py took 1.989 seconds
[2022-02-02 21:03:34,568] {processor.py:163} INFO - Started process (PID=130) to work on /opt/airflow/dags/dag_questions3.py
[2022-02-02 21:03:34,571] {processor.py:642} INFO - Processing file /opt/airflow/dags/dag_questions3.py for tasks to queue
[2022-02-02 21:03:34,572] {logging_mixin.py:109} INFO - [2022-02-02 21:03:34,572] {dagbag.py:500} INFO - Filling up the DagBag from /opt/airflow/dags/dag_questions3.py
[2022-02-02 21:03:36,602] {processor.py:654} INFO - DAG(s) dict_keys(['Question3_FHV']) retrieved from /opt/airflow/dags/dag_questions3.py
[2022-02-02 21:03:36,637] {logging_mixin.py:109} INFO - [2022-02-02 21:03:36,636] {dag.py:2396} INFO - Sync 1 DAGs
[2022-02-02 21:03:36,702] {logging_mixin.py:109} INFO - [2022-02-02 21:03:36,701] {dag.py:2935} INFO - Setting next_dagrun for Question3_FHV to 2019-01-02 06:00:00+00:00
[2022-02-02 21:03:36,734] {processor.py:171} INFO - Processing /opt/airflow/dags/dag_questions3.py took 2.171 seconds
[2022-02-02 21:04:06,837] {processor.py:163} INFO - Started process (PID=163) to work on /opt/airflow/dags/dag_questions3.py
[2022-02-02 21:04:06,841] {processor.py:642} INFO - Processing file /opt/airflow/dags/dag_questions3.py for tasks to queue
[2022-02-02 21:04:06,842] {logging_mixin.py:109} INFO - [2022-02-02 21:04:06,842] {dagbag.py:500} INFO - Filling up the DagBag from /opt/airflow/dags/dag_questions3.py
[2022-02-02 21:04:08,795] {processor.py:654} INFO - DAG(s) dict_keys(['Question3_FHV']) retrieved from /opt/airflow/dags/dag_questions3.py
[2022-02-02 21:04:08,824] {logging_mixin.py:109} INFO - [2022-02-02 21:04:08,823] {dag.py:2396} INFO - Sync 1 DAGs
[2022-02-02 21:04:08,897] {processor.py:171} INFO - Processing /opt/airflow/dags/dag_questions3.py took 2.069 seconds
[2022-02-02 21:04:38,985] {processor.py:163} INFO - Started process (PID=191) to work on /opt/airflow/dags/dag_questions3.py
[2022-02-02 21:04:38,988] {processor.py:642} INFO - Processing file /opt/airflow/dags/dag_questions3.py for tasks to queue
[2022-02-02 21:04:38,990] {logging_mixin.py:109} INFO - [2022-02-02 21:04:38,990] {dagbag.py:500} INFO - Filling up the DagBag from /opt/airflow/dags/dag_questions3.py
[2022-02-02 21:04:40,953] {processor.py:654} INFO - DAG(s) dict_keys(['Question3_FHV']) retrieved from /opt/airflow/dags/dag_questions3.py
[2022-02-02 21:04:40,979] {logging_mixin.py:109} INFO - [2022-02-02 21:04:40,979] {dag.py:2396} INFO - Sync 1 DAGs
[2022-02-02 21:04:41,085] {processor.py:171} INFO - Processing /opt/airflow/dags/dag_questions3.py took 2.106 seconds
[2022-02-02 21:05:11,176] {processor.py:163} INFO - Started process (PID=220) to work on /opt/airflow/dags/dag_questions3.py
[2022-02-02 21:05:11,179] {processor.py:642} INFO - Processing file /opt/airflow/dags/dag_questions3.py for tasks to queue
[2022-02-02 21:05:11,180] {logging_mixin.py:109} INFO - [2022-02-02 21:05:11,180] {dagbag.py:500} INFO - Filling up the DagBag from /opt/airflow/dags/dag_questions3.py
[2022-02-02 21:05:13,178] {processor.py:654} INFO - DAG(s) dict_keys(['Question3_FHV']) retrieved from /opt/airflow/dags/dag_questions3.py
[2022-02-02 21:05:13,220] {logging_mixin.py:109} INFO - [2022-02-02 21:05:13,219] {dag.py:2396} INFO - Sync 1 DAGs
[2022-02-02 21:05:13,377] {processor.py:171} INFO - Processing /opt/airflow/dags/dag_questions3.py took 2.207 seconds
[2022-02-02 21:05:43,469] {processor.py:163} INFO - Started process (PID=257) to work on /opt/airflow/dags/dag_questions3.py
[2022-02-02 21:05:43,472] {processor.py:642} INFO - Processing file /opt/airflow/dags/dag_questions3.py for tasks to queue
[2022-02-02 21:05:43,473] {logging_mixin.py:109} INFO - [2022-02-02 21:05:43,473] {dagbag.py:500} INFO - Filling up the DagBag from /opt/airflow/dags/dag_questions3.py
[2022-02-02 21:05:45,474] {processor.py:654} INFO - DAG(s) dict_keys(['Question3_FHV']) retrieved from /opt/airflow/dags/dag_questions3.py
[2022-02-02 21:05:45,515] {logging_mixin.py:109} INFO - [2022-02-02 21:05:45,515] {dag.py:2396} INFO - Sync 1 DAGs
[2022-02-02 21:05:45,596] {processor.py:171} INFO - Processing /opt/airflow/dags/dag_questions3.py took 2.133 seconds
[2022-02-02 21:06:15,788] {processor.py:163} INFO - Started process (PID=279) to work on /opt/airflow/dags/dag_questions3.py
[2022-02-02 21:06:15,791] {processor.py:642} INFO - Processing file /opt/airflow/dags/dag_questions3.py for tasks to queue
[2022-02-02 21:06:15,793] {logging_mixin.py:109} INFO - [2022-02-02 21:06:15,792] {dagbag.py:500} INFO - Filling up the DagBag from /opt/airflow/dags/dag_questions3.py
[2022-02-02 21:06:17,583] {processor.py:654} INFO - DAG(s) dict_keys(['Question3_FHV']) retrieved from /opt/airflow/dags/dag_questions3.py
[2022-02-02 21:06:17,611] {logging_mixin.py:109} INFO - [2022-02-02 21:06:17,610] {dag.py:2396} INFO - Sync 1 DAGs
[2022-02-02 21:06:17,710] {processor.py:171} INFO - Processing /opt/airflow/dags/dag_questions3.py took 1.928 seconds
[2022-02-02 21:06:48,045] {processor.py:163} INFO - Started process (PID=308) to work on /opt/airflow/dags/dag_questions3.py
[2022-02-02 21:06:48,048] {processor.py:642} INFO - Processing file /opt/airflow/dags/dag_questions3.py for tasks to queue
[2022-02-02 21:06:48,050] {logging_mixin.py:109} INFO - [2022-02-02 21:06:48,049] {dagbag.py:500} INFO - Filling up the DagBag from /opt/airflow/dags/dag_questions3.py
[2022-02-02 21:06:49,940] {processor.py:654} INFO - DAG(s) dict_keys(['Question3_FHV']) retrieved from /opt/airflow/dags/dag_questions3.py
[2022-02-02 21:06:49,972] {logging_mixin.py:109} INFO - [2022-02-02 21:06:49,971] {dag.py:2396} INFO - Sync 1 DAGs
[2022-02-02 21:06:50,081] {processor.py:171} INFO - Processing /opt/airflow/dags/dag_questions3.py took 2.042 seconds
[2022-02-02 21:07:20,203] {processor.py:163} INFO - Started process (PID=336) to work on /opt/airflow/dags/dag_questions3.py
[2022-02-02 21:07:20,206] {processor.py:642} INFO - Processing file /opt/airflow/dags/dag_questions3.py for tasks to queue
[2022-02-02 21:07:20,207] {logging_mixin.py:109} INFO - [2022-02-02 21:07:20,207] {dagbag.py:500} INFO - Filling up the DagBag from /opt/airflow/dags/dag_questions3.py
[2022-02-02 21:07:21,773] {processor.py:654} INFO - DAG(s) dict_keys(['Question3_FHV']) retrieved from /opt/airflow/dags/dag_questions3.py
[2022-02-02 21:07:21,807] {logging_mixin.py:109} INFO - [2022-02-02 21:07:21,806] {dag.py:2396} INFO - Sync 1 DAGs
[2022-02-02 21:07:21,891] {processor.py:171} INFO - Processing /opt/airflow/dags/dag_questions3.py took 1.695 seconds
[2022-02-02 21:07:52,106] {processor.py:163} INFO - Started process (PID=366) to work on /opt/airflow/dags/dag_questions3.py
[2022-02-02 21:07:52,109] {processor.py:642} INFO - Processing file /opt/airflow/dags/dag_questions3.py for tasks to queue
[2022-02-02 21:07:52,110] {logging_mixin.py:109} INFO - [2022-02-02 21:07:52,110] {dagbag.py:500} INFO - Filling up the DagBag from /opt/airflow/dags/dag_questions3.py
[2022-02-02 21:07:54,356] {processor.py:654} INFO - DAG(s) dict_keys(['Question3_FHV']) retrieved from /opt/airflow/dags/dag_questions3.py
[2022-02-02 21:07:54,391] {logging_mixin.py:109} INFO - [2022-02-02 21:07:54,390] {dag.py:2396} INFO - Sync 1 DAGs
[2022-02-02 21:07:54,482] {processor.py:171} INFO - Processing /opt/airflow/dags/dag_questions3.py took 2.382 seconds
[2022-02-02 21:08:24,769] {processor.py:163} INFO - Started process (PID=394) to work on /opt/airflow/dags/dag_questions3.py
[2022-02-02 21:08:24,771] {processor.py:642} INFO - Processing file /opt/airflow/dags/dag_questions3.py for tasks to queue
[2022-02-02 21:08:24,773] {logging_mixin.py:109} INFO - [2022-02-02 21:08:24,772] {dagbag.py:500} INFO - Filling up the DagBag from /opt/airflow/dags/dag_questions3.py
[2022-02-02 21:08:26,348] {processor.py:654} INFO - DAG(s) dict_keys(['Question3_FHV']) retrieved from /opt/airflow/dags/dag_questions3.py
[2022-02-02 21:08:26,382] {logging_mixin.py:109} INFO - [2022-02-02 21:08:26,381] {dag.py:2396} INFO - Sync 1 DAGs
[2022-02-02 21:08:26,472] {processor.py:171} INFO - Processing /opt/airflow/dags/dag_questions3.py took 1.709 seconds
[2022-02-02 21:08:56,622] {processor.py:163} INFO - Started process (PID=425) to work on /opt/airflow/dags/dag_questions3.py
[2022-02-02 21:08:56,624] {processor.py:642} INFO - Processing file /opt/airflow/dags/dag_questions3.py for tasks to queue
[2022-02-02 21:08:56,626] {logging_mixin.py:109} INFO - [2022-02-02 21:08:56,626] {dagbag.py:500} INFO - Filling up the DagBag from /opt/airflow/dags/dag_questions3.py
[2022-02-02 21:08:58,525] {processor.py:654} INFO - DAG(s) dict_keys(['Question3_FHV']) retrieved from /opt/airflow/dags/dag_questions3.py
[2022-02-02 21:08:58,554] {logging_mixin.py:109} INFO - [2022-02-02 21:08:58,553] {dag.py:2396} INFO - Sync 1 DAGs
[2022-02-02 21:08:58,641] {processor.py:171} INFO - Processing /opt/airflow/dags/dag_questions3.py took 2.026 seconds
[2022-02-02 21:09:28,815] {processor.py:163} INFO - Started process (PID=454) to work on /opt/airflow/dags/dag_questions3.py
[2022-02-02 21:09:28,817] {processor.py:642} INFO - Processing file /opt/airflow/dags/dag_questions3.py for tasks to queue
[2022-02-02 21:09:28,819] {logging_mixin.py:109} INFO - [2022-02-02 21:09:28,819] {dagbag.py:500} INFO - Filling up the DagBag from /opt/airflow/dags/dag_questions3.py
[2022-02-02 21:09:32,279] {processor.py:654} INFO - DAG(s) dict_keys(['Question3_FHV']) retrieved from /opt/airflow/dags/dag_questions3.py
[2022-02-02 21:09:32,347] {logging_mixin.py:109} INFO - [2022-02-02 21:09:32,345] {dag.py:2396} INFO - Sync 1 DAGs
[2022-02-02 21:09:32,472] {logging_mixin.py:109} INFO - [2022-02-02 21:09:32,472] {dag.py:2935} INFO - Setting next_dagrun for Question3_FHV to 2019-02-02T06:00:00+00:00
[2022-02-02 21:09:32,517] {processor.py:171} INFO - Processing /opt/airflow/dags/dag_questions3.py took 3.705 seconds
[2022-02-02 21:10:02,761] {processor.py:163} INFO - Started process (PID=482) to work on /opt/airflow/dags/dag_questions3.py
[2022-02-02 21:10:02,764] {processor.py:642} INFO - Processing file /opt/airflow/dags/dag_questions3.py for tasks to queue
[2022-02-02 21:10:02,765] {logging_mixin.py:109} INFO - [2022-02-02 21:10:02,765] {dagbag.py:500} INFO - Filling up the DagBag from /opt/airflow/dags/dag_questions3.py
[2022-02-02 21:10:04,542] {processor.py:654} INFO - DAG(s) dict_keys(['Question3_FHV']) retrieved from /opt/airflow/dags/dag_questions3.py
[2022-02-02 21:10:04,571] {logging_mixin.py:109} INFO - [2022-02-02 21:10:04,570] {dag.py:2396} INFO - Sync 1 DAGs
[2022-02-02 21:10:04,655] {processor.py:171} INFO - Processing /opt/airflow/dags/dag_questions3.py took 1.900 seconds
[2022-02-02 21:10:34,902] {processor.py:163} INFO - Started process (PID=511) to work on /opt/airflow/dags/dag_questions3.py
[2022-02-02 21:10:34,905] {processor.py:642} INFO - Processing file /opt/airflow/dags/dag_questions3.py for tasks to queue
[2022-02-02 21:10:34,906] {logging_mixin.py:109} INFO - [2022-02-02 21:10:34,906] {dagbag.py:500} INFO - Filling up the DagBag from /opt/airflow/dags/dag_questions3.py
[2022-02-02 21:10:36,457] {processor.py:654} INFO - DAG(s) dict_keys(['Question3_FHV']) retrieved from /opt/airflow/dags/dag_questions3.py
[2022-02-02 21:10:36,485] {logging_mixin.py:109} INFO - [2022-02-02 21:10:36,483] {dag.py:2396} INFO - Sync 1 DAGs
[2022-02-02 21:10:36,579] {processor.py:171} INFO - Processing /opt/airflow/dags/dag_questions3.py took 1.682 seconds
[2022-02-02 21:11:06,875] {processor.py:163} INFO - Started process (PID=540) to work on /opt/airflow/dags/dag_questions3.py
[2022-02-02 21:11:06,878] {processor.py:642} INFO - Processing file /opt/airflow/dags/dag_questions3.py for tasks to queue
[2022-02-02 21:11:06,880] {logging_mixin.py:109} INFO - [2022-02-02 21:11:06,880] {dagbag.py:500} INFO - Filling up the DagBag from /opt/airflow/dags/dag_questions3.py
[2022-02-02 21:11:08,433] {processor.py:654} INFO - DAG(s) dict_keys(['Question3_FHV']) retrieved from /opt/airflow/dags/dag_questions3.py
[2022-02-02 21:11:08,458] {logging_mixin.py:109} INFO - [2022-02-02 21:11:08,457] {dag.py:2396} INFO - Sync 1 DAGs
[2022-02-02 21:11:08,533] {processor.py:171} INFO - Processing /opt/airflow/dags/dag_questions3.py took 1.665 seconds
[2022-02-02 21:11:38,817] {processor.py:163} INFO - Started process (PID=570) to work on /opt/airflow/dags/dag_questions3.py
[2022-02-02 21:11:38,821] {processor.py:642} INFO - Processing file /opt/airflow/dags/dag_questions3.py for tasks to queue
[2022-02-02 21:11:38,822] {logging_mixin.py:109} INFO - [2022-02-02 21:11:38,822] {dagbag.py:500} INFO - Filling up the DagBag from /opt/airflow/dags/dag_questions3.py
[2022-02-02 21:11:40,368] {processor.py:654} INFO - DAG(s) dict_keys(['Question3_FHV']) retrieved from /opt/airflow/dags/dag_questions3.py
[2022-02-02 21:11:40,397] {logging_mixin.py:109} INFO - [2022-02-02 21:11:40,396] {dag.py:2396} INFO - Sync 1 DAGs
[2022-02-02 21:11:40,455] {logging_mixin.py:109} INFO - [2022-02-02 21:11:40,454] {dag.py:2935} INFO - Setting next_dagrun for Question3_FHV to 2019-03-02T06:00:00+00:00
[2022-02-02 21:11:40,479] {processor.py:171} INFO - Processing /opt/airflow/dags/dag_questions3.py took 1.668 seconds
[2022-02-02 21:12:10,794] {processor.py:163} INFO - Started process (PID=598) to work on /opt/airflow/dags/dag_questions3.py
[2022-02-02 21:12:10,797] {processor.py:642} INFO - Processing file /opt/airflow/dags/dag_questions3.py for tasks to queue
[2022-02-02 21:12:10,800] {logging_mixin.py:109} INFO - [2022-02-02 21:12:10,799] {dagbag.py:500} INFO - Filling up the DagBag from /opt/airflow/dags/dag_questions3.py
[2022-02-02 21:12:12,445] {processor.py:654} INFO - DAG(s) dict_keys(['Question3_FHV']) retrieved from /opt/airflow/dags/dag_questions3.py
[2022-02-02 21:12:12,475] {logging_mixin.py:109} INFO - [2022-02-02 21:12:12,473] {dag.py:2396} INFO - Sync 1 DAGs
[2022-02-02 21:12:12,555] {processor.py:171} INFO - Processing /opt/airflow/dags/dag_questions3.py took 1.766 seconds
[2022-02-02 21:12:42,885] {processor.py:163} INFO - Started process (PID=626) to work on /opt/airflow/dags/dag_questions3.py
[2022-02-02 21:12:42,887] {processor.py:642} INFO - Processing file /opt/airflow/dags/dag_questions3.py for tasks to queue
[2022-02-02 21:12:42,889] {logging_mixin.py:109} INFO - [2022-02-02 21:12:42,889] {dagbag.py:500} INFO - Filling up the DagBag from /opt/airflow/dags/dag_questions3.py
[2022-02-02 21:12:44,596] {processor.py:654} INFO - DAG(s) dict_keys(['Question3_FHV']) retrieved from /opt/airflow/dags/dag_questions3.py
[2022-02-02 21:12:44,625] {logging_mixin.py:109} INFO - [2022-02-02 21:12:44,625] {dag.py:2396} INFO - Sync 1 DAGs
[2022-02-02 21:12:44,696] {processor.py:171} INFO - Processing /opt/airflow/dags/dag_questions3.py took 1.818 seconds
[2022-02-02 21:13:15,107] {processor.py:163} INFO - Started process (PID=655) to work on /opt/airflow/dags/dag_questions3.py
[2022-02-02 21:13:15,110] {processor.py:642} INFO - Processing file /opt/airflow/dags/dag_questions3.py for tasks to queue
[2022-02-02 21:13:15,111] {logging_mixin.py:109} INFO - [2022-02-02 21:13:15,111] {dagbag.py:500} INFO - Filling up the DagBag from /opt/airflow/dags/dag_questions3.py
[2022-02-02 21:13:16,746] {processor.py:654} INFO - DAG(s) dict_keys(['Question3_FHV']) retrieved from /opt/airflow/dags/dag_questions3.py
[2022-02-02 21:13:16,770] {logging_mixin.py:109} INFO - [2022-02-02 21:13:16,770] {dag.py:2396} INFO - Sync 1 DAGs
[2022-02-02 21:13:16,824] {logging_mixin.py:109} INFO - [2022-02-02 21:13:16,824] {dag.py:2935} INFO - Setting next_dagrun for Question3_FHV to 2019-04-02T06:00:00+00:00
[2022-02-02 21:13:16,853] {processor.py:171} INFO - Processing /opt/airflow/dags/dag_questions3.py took 1.752 seconds
[2022-02-02 21:13:46,995] {processor.py:163} INFO - Started process (PID=684) to work on /opt/airflow/dags/dag_questions3.py
[2022-02-02 21:13:46,999] {processor.py:642} INFO - Processing file /opt/airflow/dags/dag_questions3.py for tasks to queue
[2022-02-02 21:13:47,002] {logging_mixin.py:109} INFO - [2022-02-02 21:13:47,001] {dagbag.py:500} INFO - Filling up the DagBag from /opt/airflow/dags/dag_questions3.py
[2022-02-02 21:13:48,665] {processor.py:654} INFO - DAG(s) dict_keys(['Question3_FHV']) retrieved from /opt/airflow/dags/dag_questions3.py
[2022-02-02 21:13:48,694] {logging_mixin.py:109} INFO - [2022-02-02 21:13:48,693] {dag.py:2396} INFO - Sync 1 DAGs
[2022-02-02 21:13:48,761] {processor.py:171} INFO - Processing /opt/airflow/dags/dag_questions3.py took 1.770 seconds
[2022-02-02 21:14:18,986] {processor.py:163} INFO - Started process (PID=714) to work on /opt/airflow/dags/dag_questions3.py
[2022-02-02 21:14:18,989] {processor.py:642} INFO - Processing file /opt/airflow/dags/dag_questions3.py for tasks to queue
[2022-02-02 21:14:18,991] {logging_mixin.py:109} INFO - [2022-02-02 21:14:18,991] {dagbag.py:500} INFO - Filling up the DagBag from /opt/airflow/dags/dag_questions3.py
[2022-02-02 21:14:20,467] {processor.py:654} INFO - DAG(s) dict_keys(['Question3_FHV']) retrieved from /opt/airflow/dags/dag_questions3.py
[2022-02-02 21:14:20,493] {logging_mixin.py:109} INFO - [2022-02-02 21:14:20,492] {dag.py:2396} INFO - Sync 1 DAGs
[2022-02-02 21:14:20,573] {processor.py:171} INFO - Processing /opt/airflow/dags/dag_questions3.py took 1.593 seconds
[2022-02-02 21:14:50,781] {processor.py:163} INFO - Started process (PID=743) to work on /opt/airflow/dags/dag_questions3.py
[2022-02-02 21:14:50,784] {processor.py:642} INFO - Processing file /opt/airflow/dags/dag_questions3.py for tasks to queue
[2022-02-02 21:14:50,786] {logging_mixin.py:109} INFO - [2022-02-02 21:14:50,786] {dagbag.py:500} INFO - Filling up the DagBag from /opt/airflow/dags/dag_questions3.py
[2022-02-02 21:14:52,417] {processor.py:654} INFO - DAG(s) dict_keys(['Question3_FHV']) retrieved from /opt/airflow/dags/dag_questions3.py
[2022-02-02 21:14:52,454] {logging_mixin.py:109} INFO - [2022-02-02 21:14:52,453] {dag.py:2396} INFO - Sync 1 DAGs
[2022-02-02 21:14:52,543] {processor.py:171} INFO - Processing /opt/airflow/dags/dag_questions3.py took 1.768 seconds
[2022-02-02 21:15:22,721] {processor.py:163} INFO - Started process (PID=773) to work on /opt/airflow/dags/dag_questions3.py
[2022-02-02 21:15:22,724] {processor.py:642} INFO - Processing file /opt/airflow/dags/dag_questions3.py for tasks to queue
[2022-02-02 21:15:22,725] {logging_mixin.py:109} INFO - [2022-02-02 21:15:22,725] {dagbag.py:500} INFO - Filling up the DagBag from /opt/airflow/dags/dag_questions3.py
[2022-02-02 21:15:24,379] {processor.py:654} INFO - DAG(s) dict_keys(['Question3_FHV']) retrieved from /opt/airflow/dags/dag_questions3.py
[2022-02-02 21:15:24,417] {logging_mixin.py:109} INFO - [2022-02-02 21:15:24,416] {dag.py:2396} INFO - Sync 1 DAGs
[2022-02-02 21:15:24,497] {logging_mixin.py:109} INFO - [2022-02-02 21:15:24,496] {dag.py:2935} INFO - Setting next_dagrun for Question3_FHV to 2019-05-02T06:00:00+00:00
[2022-02-02 21:15:24,523] {processor.py:171} INFO - Processing /opt/airflow/dags/dag_questions3.py took 1.807 seconds
[2022-02-02 21:15:54,558] {processor.py:163} INFO - Started process (PID=802) to work on /opt/airflow/dags/dag_questions3.py
[2022-02-02 21:15:54,561] {processor.py:642} INFO - Processing file /opt/airflow/dags/dag_questions3.py for tasks to queue
[2022-02-02 21:15:54,562] {logging_mixin.py:109} INFO - [2022-02-02 21:15:54,562] {dagbag.py:500} INFO - Filling up the DagBag from /opt/airflow/dags/dag_questions3.py
[2022-02-02 21:15:57,100] {processor.py:654} INFO - DAG(s) dict_keys(['Question3_FHV']) retrieved from /opt/airflow/dags/dag_questions3.py
[2022-02-02 21:15:57,147] {logging_mixin.py:109} INFO - [2022-02-02 21:15:57,146] {dag.py:2396} INFO - Sync 1 DAGs
[2022-02-02 21:15:57,330] {processor.py:171} INFO - Processing /opt/airflow/dags/dag_questions3.py took 2.777 seconds
[2022-02-02 21:16:27,629] {processor.py:163} INFO - Started process (PID=831) to work on /opt/airflow/dags/dag_questions3.py
[2022-02-02 21:16:27,632] {processor.py:642} INFO - Processing file /opt/airflow/dags/dag_questions3.py for tasks to queue
[2022-02-02 21:16:27,634] {logging_mixin.py:109} INFO - [2022-02-02 21:16:27,634] {dagbag.py:500} INFO - Filling up the DagBag from /opt/airflow/dags/dag_questions3.py
[2022-02-02 21:16:29,334] {processor.py:654} INFO - DAG(s) dict_keys(['Question3_FHV']) retrieved from /opt/airflow/dags/dag_questions3.py
[2022-02-02 21:16:29,360] {logging_mixin.py:109} INFO - [2022-02-02 21:16:29,360] {dag.py:2396} INFO - Sync 1 DAGs
[2022-02-02 21:16:29,432] {processor.py:171} INFO - Processing /opt/airflow/dags/dag_questions3.py took 1.809 seconds
[2022-02-02 21:16:59,545] {processor.py:163} INFO - Started process (PID=860) to work on /opt/airflow/dags/dag_questions3.py
[2022-02-02 21:16:59,547] {processor.py:642} INFO - Processing file /opt/airflow/dags/dag_questions3.py for tasks to queue
[2022-02-02 21:16:59,549] {logging_mixin.py:109} INFO - [2022-02-02 21:16:59,548] {dagbag.py:500} INFO - Filling up the DagBag from /opt/airflow/dags/dag_questions3.py
[2022-02-02 21:17:01,186] {processor.py:654} INFO - DAG(s) dict_keys(['Question3_FHV']) retrieved from /opt/airflow/dags/dag_questions3.py
[2022-02-02 21:17:01,219] {logging_mixin.py:109} INFO - [2022-02-02 21:17:01,218] {dag.py:2396} INFO - Sync 1 DAGs
[2022-02-02 21:17:01,288] {processor.py:171} INFO - Processing /opt/airflow/dags/dag_questions3.py took 1.749 seconds
[2022-02-02 21:17:31,422] {processor.py:163} INFO - Started process (PID=888) to work on /opt/airflow/dags/dag_questions3.py
[2022-02-02 21:17:31,425] {processor.py:642} INFO - Processing file /opt/airflow/dags/dag_questions3.py for tasks to queue
[2022-02-02 21:17:31,427] {logging_mixin.py:109} INFO - [2022-02-02 21:17:31,426] {dagbag.py:500} INFO - Filling up the DagBag from /opt/airflow/dags/dag_questions3.py
[2022-02-02 21:17:33,089] {processor.py:654} INFO - DAG(s) dict_keys(['Question3_FHV']) retrieved from /opt/airflow/dags/dag_questions3.py
[2022-02-02 21:17:33,118] {logging_mixin.py:109} INFO - [2022-02-02 21:17:33,117] {dag.py:2396} INFO - Sync 1 DAGs
[2022-02-02 21:17:33,190] {logging_mixin.py:109} INFO - [2022-02-02 21:17:33,190] {dag.py:2935} INFO - Setting next_dagrun for Question3_FHV to 2019-06-02T06:00:00+00:00
[2022-02-02 21:17:33,226] {processor.py:171} INFO - Processing /opt/airflow/dags/dag_questions3.py took 1.808 seconds
[2022-02-02 21:18:03,914] {processor.py:163} INFO - Started process (PID=925) to work on /opt/airflow/dags/dag_questions3.py
[2022-02-02 21:18:03,917] {processor.py:642} INFO - Processing file /opt/airflow/dags/dag_questions3.py for tasks to queue
[2022-02-02 21:18:03,919] {logging_mixin.py:109} INFO - [2022-02-02 21:18:03,919] {dagbag.py:500} INFO - Filling up the DagBag from /opt/airflow/dags/dag_questions3.py
[2022-02-02 21:18:05,686] {processor.py:654} INFO - DAG(s) dict_keys(['Question3_FHV']) retrieved from /opt/airflow/dags/dag_questions3.py
[2022-02-02 21:18:05,716] {logging_mixin.py:109} INFO - [2022-02-02 21:18:05,715] {dag.py:2396} INFO - Sync 1 DAGs
[2022-02-02 21:18:05,800] {processor.py:171} INFO - Processing /opt/airflow/dags/dag_questions3.py took 1.891 seconds
[2022-02-02 21:18:36,426] {processor.py:163} INFO - Started process (PID=954) to work on /opt/airflow/dags/dag_questions3.py
[2022-02-02 21:18:36,429] {processor.py:642} INFO - Processing file /opt/airflow/dags/dag_questions3.py for tasks to queue
[2022-02-02 21:18:36,431] {logging_mixin.py:109} INFO - [2022-02-02 21:18:36,431] {dagbag.py:500} INFO - Filling up the DagBag from /opt/airflow/dags/dag_questions3.py
[2022-02-02 21:18:38,171] {processor.py:654} INFO - DAG(s) dict_keys(['Question3_FHV']) retrieved from /opt/airflow/dags/dag_questions3.py
[2022-02-02 21:18:38,198] {logging_mixin.py:109} INFO - [2022-02-02 21:18:38,198] {dag.py:2396} INFO - Sync 1 DAGs
[2022-02-02 21:18:38,274] {processor.py:171} INFO - Processing /opt/airflow/dags/dag_questions3.py took 1.854 seconds
[2022-02-02 21:19:08,448] {processor.py:163} INFO - Started process (PID=983) to work on /opt/airflow/dags/dag_questions3.py
[2022-02-02 21:19:08,451] {processor.py:642} INFO - Processing file /opt/airflow/dags/dag_questions3.py for tasks to queue
[2022-02-02 21:19:08,456] {logging_mixin.py:109} INFO - [2022-02-02 21:19:08,455] {dagbag.py:500} INFO - Filling up the DagBag from /opt/airflow/dags/dag_questions3.py
[2022-02-02 21:19:10,076] {processor.py:654} INFO - DAG(s) dict_keys(['Question3_FHV']) retrieved from /opt/airflow/dags/dag_questions3.py
[2022-02-02 21:19:10,110] {logging_mixin.py:109} INFO - [2022-02-02 21:19:10,109] {dag.py:2396} INFO - Sync 1 DAGs
[2022-02-02 21:19:10,190] {processor.py:171} INFO - Processing /opt/airflow/dags/dag_questions3.py took 1.749 seconds
[2022-02-02 21:19:40,634] {processor.py:163} INFO - Started process (PID=1012) to work on /opt/airflow/dags/dag_questions3.py
[2022-02-02 21:19:40,637] {processor.py:642} INFO - Processing file /opt/airflow/dags/dag_questions3.py for tasks to queue
[2022-02-02 21:19:40,639] {logging_mixin.py:109} INFO - [2022-02-02 21:19:40,638] {dagbag.py:500} INFO - Filling up the DagBag from /opt/airflow/dags/dag_questions3.py
[2022-02-02 21:19:42,423] {processor.py:654} INFO - DAG(s) dict_keys(['Question3_FHV']) retrieved from /opt/airflow/dags/dag_questions3.py
[2022-02-02 21:19:42,457] {logging_mixin.py:109} INFO - [2022-02-02 21:19:42,456] {dag.py:2396} INFO - Sync 1 DAGs
[2022-02-02 21:19:42,542] {processor.py:171} INFO - Processing /opt/airflow/dags/dag_questions3.py took 1.913 seconds
[2022-02-02 21:20:12,830] {processor.py:163} INFO - Started process (PID=1041) to work on /opt/airflow/dags/dag_questions3.py
[2022-02-02 21:20:12,833] {processor.py:642} INFO - Processing file /opt/airflow/dags/dag_questions3.py for tasks to queue
[2022-02-02 21:20:12,835] {logging_mixin.py:109} INFO - [2022-02-02 21:20:12,835] {dagbag.py:500} INFO - Filling up the DagBag from /opt/airflow/dags/dag_questions3.py
[2022-02-02 21:20:14,550] {processor.py:654} INFO - DAG(s) dict_keys(['Question3_FHV']) retrieved from /opt/airflow/dags/dag_questions3.py
[2022-02-02 21:20:14,577] {logging_mixin.py:109} INFO - [2022-02-02 21:20:14,576] {dag.py:2396} INFO - Sync 1 DAGs
[2022-02-02 21:20:14,665] {processor.py:171} INFO - Processing /opt/airflow/dags/dag_questions3.py took 1.841 seconds
[2022-02-02 21:20:44,906] {processor.py:163} INFO - Started process (PID=1070) to work on /opt/airflow/dags/dag_questions3.py
[2022-02-02 21:20:44,909] {processor.py:642} INFO - Processing file /opt/airflow/dags/dag_questions3.py for tasks to queue
[2022-02-02 21:20:44,910] {logging_mixin.py:109} INFO - [2022-02-02 21:20:44,910] {dagbag.py:500} INFO - Filling up the DagBag from /opt/airflow/dags/dag_questions3.py
[2022-02-02 21:20:46,571] {processor.py:654} INFO - DAG(s) dict_keys(['Question3_FHV']) retrieved from /opt/airflow/dags/dag_questions3.py
[2022-02-02 21:20:46,601] {logging_mixin.py:109} INFO - [2022-02-02 21:20:46,600] {dag.py:2396} INFO - Sync 1 DAGs
[2022-02-02 21:20:46,684] {processor.py:171} INFO - Processing /opt/airflow/dags/dag_questions3.py took 1.784 seconds
[2022-02-02 21:21:16,967] {processor.py:163} INFO - Started process (PID=1099) to work on /opt/airflow/dags/dag_questions3.py
[2022-02-02 21:21:16,970] {processor.py:642} INFO - Processing file /opt/airflow/dags/dag_questions3.py for tasks to queue
[2022-02-02 21:21:16,972] {logging_mixin.py:109} INFO - [2022-02-02 21:21:16,972] {dagbag.py:500} INFO - Filling up the DagBag from /opt/airflow/dags/dag_questions3.py
[2022-02-02 21:21:18,742] {processor.py:654} INFO - DAG(s) dict_keys(['Question3_FHV']) retrieved from /opt/airflow/dags/dag_questions3.py
[2022-02-02 21:21:18,773] {logging_mixin.py:109} INFO - [2022-02-02 21:21:18,772] {dag.py:2396} INFO - Sync 1 DAGs
[2022-02-02 21:21:18,857] {processor.py:171} INFO - Processing /opt/airflow/dags/dag_questions3.py took 1.894 seconds
[2022-02-02 21:21:49,300] {processor.py:163} INFO - Started process (PID=1129) to work on /opt/airflow/dags/dag_questions3.py
[2022-02-02 21:21:49,327] {processor.py:642} INFO - Processing file /opt/airflow/dags/dag_questions3.py for tasks to queue
[2022-02-02 21:21:49,329] {logging_mixin.py:109} INFO - [2022-02-02 21:21:49,328] {dagbag.py:500} INFO - Filling up the DagBag from /opt/airflow/dags/dag_questions3.py
[2022-02-02 21:21:52,558] {processor.py:654} INFO - DAG(s) dict_keys(['Question3_FHV']) retrieved from /opt/airflow/dags/dag_questions3.py
[2022-02-02 21:21:52,595] {logging_mixin.py:109} INFO - [2022-02-02 21:21:52,594] {dag.py:2396} INFO - Sync 1 DAGs
[2022-02-02 21:21:52,816] {logging_mixin.py:109} INFO - [2022-02-02 21:21:52,816] {dag.py:2935} INFO - Setting next_dagrun for Question3_FHV to 2019-07-02T06:00:00+00:00
[2022-02-02 21:21:52,836] {processor.py:171} INFO - Processing /opt/airflow/dags/dag_questions3.py took 3.542 seconds
[2022-02-02 21:22:22,907] {processor.py:163} INFO - Started process (PID=1159) to work on /opt/airflow/dags/dag_questions3.py
[2022-02-02 21:22:22,911] {processor.py:642} INFO - Processing file /opt/airflow/dags/dag_questions3.py for tasks to queue
[2022-02-02 21:22:22,912] {logging_mixin.py:109} INFO - [2022-02-02 21:22:22,912] {dagbag.py:500} INFO - Filling up the DagBag from /opt/airflow/dags/dag_questions3.py
[2022-02-02 21:22:24,411] {processor.py:654} INFO - DAG(s) dict_keys(['Question3_FHV']) retrieved from /opt/airflow/dags/dag_questions3.py
[2022-02-02 21:22:24,444] {logging_mixin.py:109} INFO - [2022-02-02 21:22:24,444] {dag.py:2396} INFO - Sync 1 DAGs
[2022-02-02 21:22:24,638] {processor.py:171} INFO - Processing /opt/airflow/dags/dag_questions3.py took 1.739 seconds
[2022-02-02 21:22:55,196] {processor.py:163} INFO - Started process (PID=1187) to work on /opt/airflow/dags/dag_questions3.py
[2022-02-02 21:22:55,200] {processor.py:642} INFO - Processing file /opt/airflow/dags/dag_questions3.py for tasks to queue
[2022-02-02 21:22:55,202] {logging_mixin.py:109} INFO - [2022-02-02 21:22:55,202] {dagbag.py:500} INFO - Filling up the DagBag from /opt/airflow/dags/dag_questions3.py
[2022-02-02 21:22:56,935] {processor.py:654} INFO - DAG(s) dict_keys(['Question3_FHV']) retrieved from /opt/airflow/dags/dag_questions3.py
[2022-02-02 21:22:56,963] {logging_mixin.py:109} INFO - [2022-02-02 21:22:56,962] {dag.py:2396} INFO - Sync 1 DAGs
[2022-02-02 21:22:57,230] {processor.py:171} INFO - Processing /opt/airflow/dags/dag_questions3.py took 2.041 seconds
[2022-02-02 21:23:27,557] {processor.py:163} INFO - Started process (PID=1215) to work on /opt/airflow/dags/dag_questions3.py
[2022-02-02 21:23:27,560] {processor.py:642} INFO - Processing file /opt/airflow/dags/dag_questions3.py for tasks to queue
[2022-02-02 21:23:27,562] {logging_mixin.py:109} INFO - [2022-02-02 21:23:27,561] {dagbag.py:500} INFO - Filling up the DagBag from /opt/airflow/dags/dag_questions3.py
[2022-02-02 21:23:29,484] {processor.py:654} INFO - DAG(s) dict_keys(['Question3_FHV']) retrieved from /opt/airflow/dags/dag_questions3.py
[2022-02-02 21:23:29,777] {logging_mixin.py:109} INFO - [2022-02-02 21:23:29,776] {dag.py:2396} INFO - Sync 1 DAGs
[2022-02-02 21:23:30,832] {processor.py:171} INFO - Processing /opt/airflow/dags/dag_questions3.py took 3.281 seconds
[2022-02-02 21:24:01,047] {processor.py:163} INFO - Started process (PID=1243) to work on /opt/airflow/dags/dag_questions3.py
[2022-02-02 21:24:01,052] {processor.py:642} INFO - Processing file /opt/airflow/dags/dag_questions3.py for tasks to queue
[2022-02-02 21:24:01,054] {logging_mixin.py:109} INFO - [2022-02-02 21:24:01,053] {dagbag.py:500} INFO - Filling up the DagBag from /opt/airflow/dags/dag_questions3.py
[2022-02-02 21:24:02,686] {processor.py:654} INFO - DAG(s) dict_keys(['Question3_FHV']) retrieved from /opt/airflow/dags/dag_questions3.py
[2022-02-02 21:24:02,901] {logging_mixin.py:109} INFO - [2022-02-02 21:24:02,900] {dag.py:2396} INFO - Sync 1 DAGs
[2022-02-02 21:24:02,963] {logging_mixin.py:109} INFO - [2022-02-02 21:24:02,963] {dag.py:2935} INFO - Setting next_dagrun for Question3_FHV to 2019-08-02T06:00:00+00:00
[2022-02-02 21:24:02,990] {processor.py:171} INFO - Processing /opt/airflow/dags/dag_questions3.py took 1.949 seconds
[2022-02-02 21:24:33,103] {processor.py:163} INFO - Started process (PID=1271) to work on /opt/airflow/dags/dag_questions3.py
[2022-02-02 21:24:33,107] {processor.py:642} INFO - Processing file /opt/airflow/dags/dag_questions3.py for tasks to queue
[2022-02-02 21:24:33,109] {logging_mixin.py:109} INFO - [2022-02-02 21:24:33,108] {dagbag.py:500} INFO - Filling up the DagBag from /opt/airflow/dags/dag_questions3.py
[2022-02-02 21:24:34,796] {processor.py:654} INFO - DAG(s) dict_keys(['Question3_FHV']) retrieved from /opt/airflow/dags/dag_questions3.py
[2022-02-02 21:24:35,027] {logging_mixin.py:109} INFO - [2022-02-02 21:24:35,026] {dag.py:2396} INFO - Sync 1 DAGs
[2022-02-02 21:24:35,108] {processor.py:171} INFO - Processing /opt/airflow/dags/dag_questions3.py took 2.014 seconds
[2022-02-02 21:25:05,428] {processor.py:163} INFO - Started process (PID=1300) to work on /opt/airflow/dags/dag_questions3.py
[2022-02-02 21:25:05,432] {processor.py:642} INFO - Processing file /opt/airflow/dags/dag_questions3.py for tasks to queue
[2022-02-02 21:25:05,434] {logging_mixin.py:109} INFO - [2022-02-02 21:25:05,434] {dagbag.py:500} INFO - Filling up the DagBag from /opt/airflow/dags/dag_questions3.py
[2022-02-02 21:25:07,075] {processor.py:654} INFO - DAG(s) dict_keys(['Question3_FHV']) retrieved from /opt/airflow/dags/dag_questions3.py
[2022-02-02 21:25:07,302] {logging_mixin.py:109} INFO - [2022-02-02 21:25:07,301] {dag.py:2396} INFO - Sync 1 DAGs
[2022-02-02 21:25:07,380] {processor.py:171} INFO - Processing /opt/airflow/dags/dag_questions3.py took 1.959 seconds
[2022-02-02 21:25:37,714] {processor.py:163} INFO - Started process (PID=1329) to work on /opt/airflow/dags/dag_questions3.py
[2022-02-02 21:25:37,716] {processor.py:642} INFO - Processing file /opt/airflow/dags/dag_questions3.py for tasks to queue
[2022-02-02 21:25:37,718] {logging_mixin.py:109} INFO - [2022-02-02 21:25:37,718] {dagbag.py:500} INFO - Filling up the DagBag from /opt/airflow/dags/dag_questions3.py
[2022-02-02 21:25:39,520] {processor.py:654} INFO - DAG(s) dict_keys(['Question3_FHV']) retrieved from /opt/airflow/dags/dag_questions3.py
[2022-02-02 21:25:39,547] {logging_mixin.py:109} INFO - [2022-02-02 21:25:39,546] {dag.py:2396} INFO - Sync 1 DAGs
[2022-02-02 21:25:39,617] {processor.py:171} INFO - Processing /opt/airflow/dags/dag_questions3.py took 1.909 seconds
[2022-02-02 21:26:10,433] {processor.py:163} INFO - Started process (PID=1358) to work on /opt/airflow/dags/dag_questions3.py
[2022-02-02 21:26:10,436] {processor.py:642} INFO - Processing file /opt/airflow/dags/dag_questions3.py for tasks to queue
[2022-02-02 21:26:10,438] {logging_mixin.py:109} INFO - [2022-02-02 21:26:10,438] {dagbag.py:500} INFO - Filling up the DagBag from /opt/airflow/dags/dag_questions3.py
[2022-02-02 21:26:13,651] {processor.py:654} INFO - DAG(s) dict_keys(['Question3_FHV']) retrieved from /opt/airflow/dags/dag_questions3.py
[2022-02-02 21:26:13,677] {logging_mixin.py:109} INFO - [2022-02-02 21:26:13,676] {dag.py:2396} INFO - Sync 1 DAGs
[2022-02-02 21:26:13,756] {processor.py:171} INFO - Processing /opt/airflow/dags/dag_questions3.py took 3.332 seconds
[2022-02-02 21:26:43,979] {processor.py:163} INFO - Started process (PID=1395) to work on /opt/airflow/dags/dag_questions3.py
[2022-02-02 21:26:43,981] {processor.py:642} INFO - Processing file /opt/airflow/dags/dag_questions3.py for tasks to queue
[2022-02-02 21:26:43,983] {logging_mixin.py:109} INFO - [2022-02-02 21:26:43,982] {dagbag.py:500} INFO - Filling up the DagBag from /opt/airflow/dags/dag_questions3.py
[2022-02-02 21:26:45,786] {processor.py:654} INFO - DAG(s) dict_keys(['Question3_FHV']) retrieved from /opt/airflow/dags/dag_questions3.py
[2022-02-02 21:26:45,814] {logging_mixin.py:109} INFO - [2022-02-02 21:26:45,813] {dag.py:2396} INFO - Sync 1 DAGs
[2022-02-02 21:26:45,911] {processor.py:171} INFO - Processing /opt/airflow/dags/dag_questions3.py took 1.938 seconds
[2022-02-02 21:27:16,187] {processor.py:163} INFO - Started process (PID=1423) to work on /opt/airflow/dags/dag_questions3.py
[2022-02-02 21:27:16,190] {processor.py:642} INFO - Processing file /opt/airflow/dags/dag_questions3.py for tasks to queue
[2022-02-02 21:27:16,191] {logging_mixin.py:109} INFO - [2022-02-02 21:27:16,191] {dagbag.py:500} INFO - Filling up the DagBag from /opt/airflow/dags/dag_questions3.py
[2022-02-02 21:27:17,957] {processor.py:654} INFO - DAG(s) dict_keys(['Question3_FHV']) retrieved from /opt/airflow/dags/dag_questions3.py
[2022-02-02 21:27:17,983] {logging_mixin.py:109} INFO - [2022-02-02 21:27:17,983] {dag.py:2396} INFO - Sync 1 DAGs
[2022-02-02 21:27:18,042] {logging_mixin.py:109} INFO - [2022-02-02 21:27:18,042] {dag.py:2935} INFO - Setting next_dagrun for Question3_FHV to 2019-11-02T06:00:00+00:00
[2022-02-02 21:27:18,077] {processor.py:171} INFO - Processing /opt/airflow/dags/dag_questions3.py took 1.894 seconds
[2022-02-02 21:27:48,241] {processor.py:163} INFO - Started process (PID=1450) to work on /opt/airflow/dags/dag_questions3.py
[2022-02-02 21:27:48,245] {processor.py:642} INFO - Processing file /opt/airflow/dags/dag_questions3.py for tasks to queue
[2022-02-02 21:27:48,247] {logging_mixin.py:109} INFO - [2022-02-02 21:27:48,247] {dagbag.py:500} INFO - Filling up the DagBag from /opt/airflow/dags/dag_questions3.py
[2022-02-02 21:27:50,139] {processor.py:654} INFO - DAG(s) dict_keys(['Question3_FHV']) retrieved from /opt/airflow/dags/dag_questions3.py
[2022-02-02 21:27:50,173] {logging_mixin.py:109} INFO - [2022-02-02 21:27:50,172] {dag.py:2396} INFO - Sync 1 DAGs
[2022-02-02 21:27:50,248] {processor.py:171} INFO - Processing /opt/airflow/dags/dag_questions3.py took 2.012 seconds
[2022-02-02 21:28:20,622] {processor.py:163} INFO - Started process (PID=1480) to work on /opt/airflow/dags/dag_questions3.py
[2022-02-02 21:28:20,624] {processor.py:642} INFO - Processing file /opt/airflow/dags/dag_questions3.py for tasks to queue
[2022-02-02 21:28:20,626] {logging_mixin.py:109} INFO - [2022-02-02 21:28:20,626] {dagbag.py:500} INFO - Filling up the DagBag from /opt/airflow/dags/dag_questions3.py
[2022-02-02 21:28:22,250] {processor.py:654} INFO - DAG(s) dict_keys(['Question3_FHV']) retrieved from /opt/airflow/dags/dag_questions3.py
[2022-02-02 21:28:22,283] {logging_mixin.py:109} INFO - [2022-02-02 21:28:22,282] {dag.py:2396} INFO - Sync 1 DAGs
[2022-02-02 21:28:22,338] {logging_mixin.py:109} INFO - [2022-02-02 21:28:22,338] {dag.py:2935} INFO - Setting next_dagrun for Question3_FHV to 2019-12-02T06:00:00+00:00
[2022-02-02 21:28:22,366] {processor.py:171} INFO - Processing /opt/airflow/dags/dag_questions3.py took 1.748 seconds
[2022-02-02 21:28:53,018] {processor.py:163} INFO - Started process (PID=1509) to work on /opt/airflow/dags/dag_questions3.py
[2022-02-02 21:28:53,021] {processor.py:642} INFO - Processing file /opt/airflow/dags/dag_questions3.py for tasks to queue
[2022-02-02 21:28:53,023] {logging_mixin.py:109} INFO - [2022-02-02 21:28:53,022] {dagbag.py:500} INFO - Filling up the DagBag from /opt/airflow/dags/dag_questions3.py
[2022-02-02 21:28:56,316] {processor.py:654} INFO - DAG(s) dict_keys(['Question3_FHV']) retrieved from /opt/airflow/dags/dag_questions3.py
[2022-02-02 21:28:56,338] {logging_mixin.py:109} INFO - [2022-02-02 21:28:56,337] {dag.py:2396} INFO - Sync 1 DAGs
[2022-02-02 21:28:56,445] {logging_mixin.py:109} INFO - [2022-02-02 21:28:56,445] {dag.py:2935} INFO - Setting next_dagrun for Question3_FHV to None
[2022-02-02 21:28:56,604] {processor.py:171} INFO - Processing /opt/airflow/dags/dag_questions3.py took 3.593 seconds
[2022-02-02 21:29:26,880] {processor.py:163} INFO - Started process (PID=1539) to work on /opt/airflow/dags/dag_questions3.py
[2022-02-02 21:29:26,883] {processor.py:642} INFO - Processing file /opt/airflow/dags/dag_questions3.py for tasks to queue
[2022-02-02 21:29:26,885] {logging_mixin.py:109} INFO - [2022-02-02 21:29:26,885] {dagbag.py:500} INFO - Filling up the DagBag from /opt/airflow/dags/dag_questions3.py
[2022-02-02 21:29:28,589] {processor.py:654} INFO - DAG(s) dict_keys(['Question3_FHV']) retrieved from /opt/airflow/dags/dag_questions3.py
[2022-02-02 21:29:28,620] {logging_mixin.py:109} INFO - [2022-02-02 21:29:28,619] {dag.py:2396} INFO - Sync 1 DAGs
[2022-02-02 21:29:28,685] {logging_mixin.py:109} INFO - [2022-02-02 21:29:28,685] {dag.py:2935} INFO - Setting next_dagrun for Question3_FHV to None
[2022-02-02 21:29:28,716] {processor.py:171} INFO - Processing /opt/airflow/dags/dag_questions3.py took 1.844 seconds
[2022-02-02 21:29:58,917] {processor.py:163} INFO - Started process (PID=1568) to work on /opt/airflow/dags/dag_questions3.py
[2022-02-02 21:29:58,920] {processor.py:642} INFO - Processing file /opt/airflow/dags/dag_questions3.py for tasks to queue
[2022-02-02 21:29:58,921] {logging_mixin.py:109} INFO - [2022-02-02 21:29:58,921] {dagbag.py:500} INFO - Filling up the DagBag from /opt/airflow/dags/dag_questions3.py
[2022-02-02 21:30:00,592] {processor.py:654} INFO - DAG(s) dict_keys(['Question3_FHV']) retrieved from /opt/airflow/dags/dag_questions3.py
[2022-02-02 21:30:00,624] {logging_mixin.py:109} INFO - [2022-02-02 21:30:00,623] {dag.py:2396} INFO - Sync 1 DAGs
[2022-02-02 21:30:00,680] {logging_mixin.py:109} INFO - [2022-02-02 21:30:00,680] {dag.py:2935} INFO - Setting next_dagrun for Question3_FHV to None
[2022-02-02 21:30:00,705] {processor.py:171} INFO - Processing /opt/airflow/dags/dag_questions3.py took 1.795 seconds
[2022-02-02 21:30:30,798] {processor.py:163} INFO - Started process (PID=1597) to work on /opt/airflow/dags/dag_questions3.py
[2022-02-02 21:30:30,801] {processor.py:642} INFO - Processing file /opt/airflow/dags/dag_questions3.py for tasks to queue
[2022-02-02 21:30:30,802] {logging_mixin.py:109} INFO - [2022-02-02 21:30:30,802] {dagbag.py:500} INFO - Filling up the DagBag from /opt/airflow/dags/dag_questions3.py
[2022-02-02 21:30:32,398] {processor.py:654} INFO - DAG(s) dict_keys(['Question3_FHV']) retrieved from /opt/airflow/dags/dag_questions3.py
[2022-02-02 21:30:32,431] {logging_mixin.py:109} INFO - [2022-02-02 21:30:32,430] {dag.py:2396} INFO - Sync 1 DAGs
[2022-02-02 21:30:32,495] {logging_mixin.py:109} INFO - [2022-02-02 21:30:32,494] {dag.py:2935} INFO - Setting next_dagrun for Question3_FHV to None
[2022-02-02 21:30:32,525] {processor.py:171} INFO - Processing /opt/airflow/dags/dag_questions3.py took 1.734 seconds
[2022-02-02 21:31:02,765] {processor.py:163} INFO - Started process (PID=1635) to work on /opt/airflow/dags/dag_questions3.py
[2022-02-02 21:31:02,768] {processor.py:642} INFO - Processing file /opt/airflow/dags/dag_questions3.py for tasks to queue
[2022-02-02 21:31:02,769] {logging_mixin.py:109} INFO - [2022-02-02 21:31:02,769] {dagbag.py:500} INFO - Filling up the DagBag from /opt/airflow/dags/dag_questions3.py
[2022-02-02 21:31:04,462] {processor.py:654} INFO - DAG(s) dict_keys(['Question3_FHV']) retrieved from /opt/airflow/dags/dag_questions3.py
[2022-02-02 21:31:04,492] {logging_mixin.py:109} INFO - [2022-02-02 21:31:04,491] {dag.py:2396} INFO - Sync 1 DAGs
[2022-02-02 21:31:04,550] {logging_mixin.py:109} INFO - [2022-02-02 21:31:04,550] {dag.py:2935} INFO - Setting next_dagrun for Question3_FHV to None
[2022-02-02 21:31:04,571] {processor.py:171} INFO - Processing /opt/airflow/dags/dag_questions3.py took 1.813 seconds
[2022-02-02 21:31:34,810] {processor.py:163} INFO - Started process (PID=1664) to work on /opt/airflow/dags/dag_questions3.py
[2022-02-02 21:31:34,813] {processor.py:642} INFO - Processing file /opt/airflow/dags/dag_questions3.py for tasks to queue
[2022-02-02 21:31:34,815] {logging_mixin.py:109} INFO - [2022-02-02 21:31:34,815] {dagbag.py:500} INFO - Filling up the DagBag from /opt/airflow/dags/dag_questions3.py
[2022-02-02 21:31:36,642] {processor.py:654} INFO - DAG(s) dict_keys(['Question3_FHV']) retrieved from /opt/airflow/dags/dag_questions3.py
[2022-02-02 21:31:36,664] {logging_mixin.py:109} INFO - [2022-02-02 21:31:36,663] {dag.py:2396} INFO - Sync 1 DAGs
[2022-02-02 21:31:36,708] {logging_mixin.py:109} INFO - [2022-02-02 21:31:36,708] {dag.py:2935} INFO - Setting next_dagrun for Question3_FHV to None
[2022-02-02 21:31:36,725] {processor.py:171} INFO - Processing /opt/airflow/dags/dag_questions3.py took 1.924 seconds
[2022-02-02 21:32:06,981] {processor.py:163} INFO - Started process (PID=1692) to work on /opt/airflow/dags/dag_questions3.py
[2022-02-02 21:32:06,984] {processor.py:642} INFO - Processing file /opt/airflow/dags/dag_questions3.py for tasks to queue
[2022-02-02 21:32:06,985] {logging_mixin.py:109} INFO - [2022-02-02 21:32:06,985] {dagbag.py:500} INFO - Filling up the DagBag from /opt/airflow/dags/dag_questions3.py
[2022-02-02 21:32:08,860] {processor.py:654} INFO - DAG(s) dict_keys(['Question3_FHV']) retrieved from /opt/airflow/dags/dag_questions3.py
[2022-02-02 21:32:08,888] {logging_mixin.py:109} INFO - [2022-02-02 21:32:08,887] {dag.py:2396} INFO - Sync 1 DAGs
[2022-02-02 21:32:08,940] {logging_mixin.py:109} INFO - [2022-02-02 21:32:08,940] {dag.py:2935} INFO - Setting next_dagrun for Question3_FHV to None
[2022-02-02 21:32:08,979] {processor.py:171} INFO - Processing /opt/airflow/dags/dag_questions3.py took 2.005 seconds
[2022-02-02 21:32:39,289] {processor.py:163} INFO - Started process (PID=1720) to work on /opt/airflow/dags/dag_questions3.py
[2022-02-02 21:32:39,291] {processor.py:642} INFO - Processing file /opt/airflow/dags/dag_questions3.py for tasks to queue
[2022-02-02 21:32:39,293] {logging_mixin.py:109} INFO - [2022-02-02 21:32:39,292] {dagbag.py:500} INFO - Filling up the DagBag from /opt/airflow/dags/dag_questions3.py
[2022-02-02 21:32:41,064] {processor.py:654} INFO - DAG(s) dict_keys(['Question3_FHV']) retrieved from /opt/airflow/dags/dag_questions3.py
[2022-02-02 21:32:41,095] {logging_mixin.py:109} INFO - [2022-02-02 21:32:41,095] {dag.py:2396} INFO - Sync 1 DAGs
[2022-02-02 21:32:41,150] {logging_mixin.py:109} INFO - [2022-02-02 21:32:41,149] {dag.py:2935} INFO - Setting next_dagrun for Question3_FHV to None
[2022-02-02 21:32:41,184] {processor.py:171} INFO - Processing /opt/airflow/dags/dag_questions3.py took 1.901 seconds
[2022-02-02 21:33:11,461] {processor.py:163} INFO - Started process (PID=1749) to work on /opt/airflow/dags/dag_questions3.py
[2022-02-02 21:33:11,465] {processor.py:642} INFO - Processing file /opt/airflow/dags/dag_questions3.py for tasks to queue
[2022-02-02 21:33:11,467] {logging_mixin.py:109} INFO - [2022-02-02 21:33:11,466] {dagbag.py:500} INFO - Filling up the DagBag from /opt/airflow/dags/dag_questions3.py
[2022-02-02 21:33:13,241] {processor.py:654} INFO - DAG(s) dict_keys(['Question3_FHV']) retrieved from /opt/airflow/dags/dag_questions3.py
[2022-02-02 21:33:13,272] {logging_mixin.py:109} INFO - [2022-02-02 21:33:13,271] {dag.py:2396} INFO - Sync 1 DAGs
[2022-02-02 21:33:13,326] {logging_mixin.py:109} INFO - [2022-02-02 21:33:13,325] {dag.py:2935} INFO - Setting next_dagrun for Question3_FHV to None
[2022-02-02 21:33:13,351] {processor.py:171} INFO - Processing /opt/airflow/dags/dag_questions3.py took 1.901 seconds
[2022-02-02 21:33:43,786] {processor.py:163} INFO - Started process (PID=1779) to work on /opt/airflow/dags/dag_questions3.py
[2022-02-02 21:33:43,789] {processor.py:642} INFO - Processing file /opt/airflow/dags/dag_questions3.py for tasks to queue
[2022-02-02 21:33:43,790] {logging_mixin.py:109} INFO - [2022-02-02 21:33:43,790] {dagbag.py:500} INFO - Filling up the DagBag from /opt/airflow/dags/dag_questions3.py
[2022-02-02 21:33:45,585] {processor.py:654} INFO - DAG(s) dict_keys(['Question3_FHV']) retrieved from /opt/airflow/dags/dag_questions3.py
[2022-02-02 21:33:45,619] {logging_mixin.py:109} INFO - [2022-02-02 21:33:45,618] {dag.py:2396} INFO - Sync 1 DAGs
[2022-02-02 21:33:45,678] {logging_mixin.py:109} INFO - [2022-02-02 21:33:45,677] {dag.py:2935} INFO - Setting next_dagrun for Question3_FHV to None
[2022-02-02 21:33:45,702] {processor.py:171} INFO - Processing /opt/airflow/dags/dag_questions3.py took 1.922 seconds
[2022-02-02 21:34:16,048] {processor.py:163} INFO - Started process (PID=1809) to work on /opt/airflow/dags/dag_questions3.py
[2022-02-02 21:34:16,055] {processor.py:642} INFO - Processing file /opt/airflow/dags/dag_questions3.py for tasks to queue
[2022-02-02 21:34:16,057] {logging_mixin.py:109} INFO - [2022-02-02 21:34:16,057] {dagbag.py:500} INFO - Filling up the DagBag from /opt/airflow/dags/dag_questions3.py
[2022-02-02 21:34:17,773] {processor.py:654} INFO - DAG(s) dict_keys(['Question3_FHV']) retrieved from /opt/airflow/dags/dag_questions3.py
[2022-02-02 21:34:17,811] {logging_mixin.py:109} INFO - [2022-02-02 21:34:17,809] {dag.py:2396} INFO - Sync 1 DAGs
[2022-02-02 21:34:17,874] {logging_mixin.py:109} INFO - [2022-02-02 21:34:17,874] {dag.py:2935} INFO - Setting next_dagrun for Question3_FHV to None
[2022-02-02 21:34:17,900] {processor.py:171} INFO - Processing /opt/airflow/dags/dag_questions3.py took 1.868 seconds
[2022-02-02 21:34:48,070] {processor.py:163} INFO - Started process (PID=1838) to work on /opt/airflow/dags/dag_questions3.py
[2022-02-02 21:34:48,075] {processor.py:642} INFO - Processing file /opt/airflow/dags/dag_questions3.py for tasks to queue
[2022-02-02 21:34:48,077] {logging_mixin.py:109} INFO - [2022-02-02 21:34:48,076] {dagbag.py:500} INFO - Filling up the DagBag from /opt/airflow/dags/dag_questions3.py
[2022-02-02 21:34:49,609] {processor.py:654} INFO - DAG(s) dict_keys(['Question3_FHV']) retrieved from /opt/airflow/dags/dag_questions3.py
[2022-02-02 21:34:49,636] {logging_mixin.py:109} INFO - [2022-02-02 21:34:49,635] {dag.py:2396} INFO - Sync 1 DAGs
[2022-02-02 21:34:49,689] {logging_mixin.py:109} INFO - [2022-02-02 21:34:49,689] {dag.py:2935} INFO - Setting next_dagrun for Question3_FHV to None
[2022-02-02 21:34:49,712] {processor.py:171} INFO - Processing /opt/airflow/dags/dag_questions3.py took 1.651 seconds
[2022-02-02 21:35:20,111] {processor.py:163} INFO - Started process (PID=1867) to work on /opt/airflow/dags/dag_questions3.py
[2022-02-02 21:35:20,113] {processor.py:642} INFO - Processing file /opt/airflow/dags/dag_questions3.py for tasks to queue
[2022-02-02 21:35:20,115] {logging_mixin.py:109} INFO - [2022-02-02 21:35:20,114] {dagbag.py:500} INFO - Filling up the DagBag from /opt/airflow/dags/dag_questions3.py
[2022-02-02 21:35:21,660] {processor.py:654} INFO - DAG(s) dict_keys(['Question3_FHV']) retrieved from /opt/airflow/dags/dag_questions3.py
[2022-02-02 21:35:21,685] {logging_mixin.py:109} INFO - [2022-02-02 21:35:21,684] {dag.py:2396} INFO - Sync 1 DAGs
[2022-02-02 21:35:21,731] {logging_mixin.py:109} INFO - [2022-02-02 21:35:21,731] {dag.py:2935} INFO - Setting next_dagrun for Question3_FHV to None
[2022-02-02 21:35:21,762] {processor.py:171} INFO - Processing /opt/airflow/dags/dag_questions3.py took 1.657 seconds
[2022-02-02 21:35:52,062] {processor.py:163} INFO - Started process (PID=1895) to work on /opt/airflow/dags/dag_questions3.py
[2022-02-02 21:35:52,065] {processor.py:642} INFO - Processing file /opt/airflow/dags/dag_questions3.py for tasks to queue
[2022-02-02 21:35:52,066] {logging_mixin.py:109} INFO - [2022-02-02 21:35:52,066] {dagbag.py:500} INFO - Filling up the DagBag from /opt/airflow/dags/dag_questions3.py
[2022-02-02 21:35:53,751] {processor.py:654} INFO - DAG(s) dict_keys(['Question3_FHV']) retrieved from /opt/airflow/dags/dag_questions3.py
[2022-02-02 21:35:53,778] {logging_mixin.py:109} INFO - [2022-02-02 21:35:53,777] {dag.py:2396} INFO - Sync 1 DAGs
[2022-02-02 21:35:53,833] {logging_mixin.py:109} INFO - [2022-02-02 21:35:53,833] {dag.py:2935} INFO - Setting next_dagrun for Question3_FHV to None
[2022-02-02 21:35:53,864] {processor.py:171} INFO - Processing /opt/airflow/dags/dag_questions3.py took 1.807 seconds
[2022-02-02 21:36:24,175] {processor.py:163} INFO - Started process (PID=1923) to work on /opt/airflow/dags/dag_questions3.py
[2022-02-02 21:36:24,177] {processor.py:642} INFO - Processing file /opt/airflow/dags/dag_questions3.py for tasks to queue
[2022-02-02 21:36:24,179] {logging_mixin.py:109} INFO - [2022-02-02 21:36:24,179] {dagbag.py:500} INFO - Filling up the DagBag from /opt/airflow/dags/dag_questions3.py
[2022-02-02 21:36:25,775] {processor.py:654} INFO - DAG(s) dict_keys(['Question3_FHV']) retrieved from /opt/airflow/dags/dag_questions3.py
[2022-02-02 21:36:25,801] {logging_mixin.py:109} INFO - [2022-02-02 21:36:25,799] {dag.py:2396} INFO - Sync 1 DAGs
[2022-02-02 21:36:25,853] {logging_mixin.py:109} INFO - [2022-02-02 21:36:25,853] {dag.py:2935} INFO - Setting next_dagrun for Question3_FHV to None
[2022-02-02 21:36:25,879] {processor.py:171} INFO - Processing /opt/airflow/dags/dag_questions3.py took 1.711 seconds
[2022-02-02 21:36:56,735] {processor.py:163} INFO - Started process (PID=1952) to work on /opt/airflow/dags/dag_questions3.py
[2022-02-02 21:36:56,738] {processor.py:642} INFO - Processing file /opt/airflow/dags/dag_questions3.py for tasks to queue
[2022-02-02 21:36:56,739] {logging_mixin.py:109} INFO - [2022-02-02 21:36:56,739] {dagbag.py:500} INFO - Filling up the DagBag from /opt/airflow/dags/dag_questions3.py
[2022-02-02 21:36:58,380] {processor.py:654} INFO - DAG(s) dict_keys(['Question3_FHV']) retrieved from /opt/airflow/dags/dag_questions3.py
[2022-02-02 21:36:58,413] {logging_mixin.py:109} INFO - [2022-02-02 21:36:58,412] {dag.py:2396} INFO - Sync 1 DAGs
[2022-02-02 21:36:58,484] {logging_mixin.py:109} INFO - [2022-02-02 21:36:58,484] {dag.py:2935} INFO - Setting next_dagrun for Question3_FHV to None
[2022-02-02 21:36:58,511] {processor.py:171} INFO - Processing /opt/airflow/dags/dag_questions3.py took 1.782 seconds
[2022-02-02 21:37:29,083] {processor.py:163} INFO - Started process (PID=1986) to work on /opt/airflow/dags/dag_questions3.py
[2022-02-02 21:37:29,086] {processor.py:642} INFO - Processing file /opt/airflow/dags/dag_questions3.py for tasks to queue
[2022-02-02 21:37:29,088] {logging_mixin.py:109} INFO - [2022-02-02 21:37:29,088] {dagbag.py:500} INFO - Filling up the DagBag from /opt/airflow/dags/dag_questions3.py
[2022-02-02 21:37:30,634] {processor.py:654} INFO - DAG(s) dict_keys(['Question3_FHV']) retrieved from /opt/airflow/dags/dag_questions3.py
[2022-02-02 21:37:30,655] {logging_mixin.py:109} INFO - [2022-02-02 21:37:30,651] {dag.py:2396} INFO - Sync 1 DAGs
[2022-02-02 21:37:30,735] {logging_mixin.py:109} INFO - [2022-02-02 21:37:30,735] {dag.py:2935} INFO - Setting next_dagrun for Question3_FHV to None
[2022-02-02 21:37:30,758] {processor.py:171} INFO - Processing /opt/airflow/dags/dag_questions3.py took 1.681 seconds
[2022-02-02 21:38:00,976] {processor.py:163} INFO - Started process (PID=2021) to work on /opt/airflow/dags/dag_questions3.py
[2022-02-02 21:38:00,979] {processor.py:642} INFO - Processing file /opt/airflow/dags/dag_questions3.py for tasks to queue
[2022-02-02 21:38:00,980] {logging_mixin.py:109} INFO - [2022-02-02 21:38:00,980] {dagbag.py:500} INFO - Filling up the DagBag from /opt/airflow/dags/dag_questions3.py
[2022-02-02 21:38:02,721] {processor.py:654} INFO - DAG(s) dict_keys(['Question3_FHV']) retrieved from /opt/airflow/dags/dag_questions3.py
[2022-02-02 21:38:03,421] {logging_mixin.py:109} INFO - [2022-02-02 21:38:03,420] {dag.py:2396} INFO - Sync 1 DAGs
[2022-02-02 21:38:03,474] {logging_mixin.py:109} INFO - [2022-02-02 21:38:03,473] {dag.py:2935} INFO - Setting next_dagrun for Question3_FHV to None
[2022-02-02 21:38:03,511] {processor.py:171} INFO - Processing /opt/airflow/dags/dag_questions3.py took 2.540 seconds
[2022-02-02 21:38:33,829] {processor.py:163} INFO - Started process (PID=2061) to work on /opt/airflow/dags/dag_questions3.py
[2022-02-02 21:38:33,834] {processor.py:642} INFO - Processing file /opt/airflow/dags/dag_questions3.py for tasks to queue
[2022-02-02 21:38:33,836] {logging_mixin.py:109} INFO - [2022-02-02 21:38:33,836] {dagbag.py:500} INFO - Filling up the DagBag from /opt/airflow/dags/dag_questions3.py
[2022-02-02 21:38:35,516] {processor.py:654} INFO - DAG(s) dict_keys(['Question3_FHV']) retrieved from /opt/airflow/dags/dag_questions3.py
[2022-02-02 21:38:35,549] {logging_mixin.py:109} INFO - [2022-02-02 21:38:35,548] {dag.py:2396} INFO - Sync 1 DAGs
[2022-02-02 21:38:35,617] {logging_mixin.py:109} INFO - [2022-02-02 21:38:35,617] {dag.py:2935} INFO - Setting next_dagrun for Question3_FHV to None
[2022-02-02 21:38:35,648] {processor.py:171} INFO - Processing /opt/airflow/dags/dag_questions3.py took 1.836 seconds
[2022-02-02 21:39:05,794] {processor.py:163} INFO - Started process (PID=2095) to work on /opt/airflow/dags/dag_questions3.py
[2022-02-02 21:39:05,798] {processor.py:642} INFO - Processing file /opt/airflow/dags/dag_questions3.py for tasks to queue
[2022-02-02 21:39:05,800] {logging_mixin.py:109} INFO - [2022-02-02 21:39:05,800] {dagbag.py:500} INFO - Filling up the DagBag from /opt/airflow/dags/dag_questions3.py
[2022-02-02 21:39:07,373] {processor.py:654} INFO - DAG(s) dict_keys(['Question3_FHV']) retrieved from /opt/airflow/dags/dag_questions3.py
[2022-02-02 21:39:07,390] {logging_mixin.py:109} INFO - [2022-02-02 21:39:07,390] {dag.py:2396} INFO - Sync 1 DAGs
[2022-02-02 21:39:07,458] {logging_mixin.py:109} INFO - [2022-02-02 21:39:07,457] {dag.py:2935} INFO - Setting next_dagrun for Question3_FHV to None
[2022-02-02 21:39:07,494] {processor.py:171} INFO - Processing /opt/airflow/dags/dag_questions3.py took 1.705 seconds
[2022-02-02 21:39:38,239] {processor.py:163} INFO - Started process (PID=2133) to work on /opt/airflow/dags/dag_questions3.py
[2022-02-02 21:39:38,241] {processor.py:642} INFO - Processing file /opt/airflow/dags/dag_questions3.py for tasks to queue
[2022-02-02 21:39:38,242] {logging_mixin.py:109} INFO - [2022-02-02 21:39:38,242] {dagbag.py:500} INFO - Filling up the DagBag from /opt/airflow/dags/dag_questions3.py
[2022-02-02 21:39:40,049] {processor.py:654} INFO - DAG(s) dict_keys(['Question3_FHV']) retrieved from /opt/airflow/dags/dag_questions3.py
[2022-02-02 21:39:41,020] {logging_mixin.py:109} INFO - [2022-02-02 21:39:41,019] {dag.py:2396} INFO - Sync 1 DAGs
[2022-02-02 21:39:41,081] {logging_mixin.py:109} INFO - [2022-02-02 21:39:41,080] {dag.py:2935} INFO - Setting next_dagrun for Question3_FHV to None
[2022-02-02 21:39:41,130] {processor.py:171} INFO - Processing /opt/airflow/dags/dag_questions3.py took 2.896 seconds
[2022-02-02 21:40:11,270] {processor.py:163} INFO - Started process (PID=2173) to work on /opt/airflow/dags/dag_questions3.py
[2022-02-02 21:40:11,273] {processor.py:642} INFO - Processing file /opt/airflow/dags/dag_questions3.py for tasks to queue
[2022-02-02 21:40:11,274] {logging_mixin.py:109} INFO - [2022-02-02 21:40:11,274] {dagbag.py:500} INFO - Filling up the DagBag from /opt/airflow/dags/dag_questions3.py
[2022-02-02 21:40:12,916] {processor.py:654} INFO - DAG(s) dict_keys(['Question3_FHV']) retrieved from /opt/airflow/dags/dag_questions3.py
[2022-02-02 21:40:12,949] {logging_mixin.py:109} INFO - [2022-02-02 21:40:12,948] {dag.py:2396} INFO - Sync 1 DAGs
[2022-02-02 21:40:13,011] {logging_mixin.py:109} INFO - [2022-02-02 21:40:13,011] {dag.py:2935} INFO - Setting next_dagrun for Question3_FHV to None
[2022-02-02 21:40:13,035] {processor.py:171} INFO - Processing /opt/airflow/dags/dag_questions3.py took 1.771 seconds
[2022-02-02 21:40:43,375] {processor.py:163} INFO - Started process (PID=2207) to work on /opt/airflow/dags/dag_questions3.py
[2022-02-02 21:40:43,378] {processor.py:642} INFO - Processing file /opt/airflow/dags/dag_questions3.py for tasks to queue
[2022-02-02 21:40:43,380] {logging_mixin.py:109} INFO - [2022-02-02 21:40:43,380] {dagbag.py:500} INFO - Filling up the DagBag from /opt/airflow/dags/dag_questions3.py
[2022-02-02 21:40:45,020] {processor.py:654} INFO - DAG(s) dict_keys(['Question3_FHV']) retrieved from /opt/airflow/dags/dag_questions3.py
[2022-02-02 21:40:45,051] {logging_mixin.py:109} INFO - [2022-02-02 21:40:45,050] {dag.py:2396} INFO - Sync 1 DAGs
[2022-02-02 21:40:45,102] {logging_mixin.py:109} INFO - [2022-02-02 21:40:45,101] {dag.py:2935} INFO - Setting next_dagrun for Question3_FHV to None
[2022-02-02 21:40:45,130] {processor.py:171} INFO - Processing /opt/airflow/dags/dag_questions3.py took 1.760 seconds
[2022-02-02 21:41:15,265] {processor.py:163} INFO - Started process (PID=2241) to work on /opt/airflow/dags/dag_questions3.py
[2022-02-02 21:41:15,268] {processor.py:642} INFO - Processing file /opt/airflow/dags/dag_questions3.py for tasks to queue
[2022-02-02 21:41:15,269] {logging_mixin.py:109} INFO - [2022-02-02 21:41:15,269] {dagbag.py:500} INFO - Filling up the DagBag from /opt/airflow/dags/dag_questions3.py
[2022-02-02 21:41:16,957] {processor.py:654} INFO - DAG(s) dict_keys(['Question3_FHV']) retrieved from /opt/airflow/dags/dag_questions3.py
[2022-02-02 21:41:17,000] {logging_mixin.py:109} INFO - [2022-02-02 21:41:16,999] {dag.py:2396} INFO - Sync 1 DAGs
[2022-02-02 21:41:17,057] {logging_mixin.py:109} INFO - [2022-02-02 21:41:17,057] {dag.py:2935} INFO - Setting next_dagrun for Question3_FHV to None
[2022-02-02 21:41:17,090] {processor.py:171} INFO - Processing /opt/airflow/dags/dag_questions3.py took 1.831 seconds
[2022-02-02 21:41:20,146] {processor.py:163} INFO - Started process (PID=2255) to work on /opt/airflow/dags/dag_questions3.py
[2022-02-02 21:41:20,149] {processor.py:642} INFO - Processing file /opt/airflow/dags/dag_questions3.py for tasks to queue
[2022-02-02 21:41:20,151] {logging_mixin.py:109} INFO - [2022-02-02 21:41:20,151] {dagbag.py:500} INFO - Filling up the DagBag from /opt/airflow/dags/dag_questions3.py
[2022-02-02 21:41:21,933] {processor.py:654} INFO - DAG(s) dict_keys(['Question3_FHV']) retrieved from /opt/airflow/dags/dag_questions3.py
[2022-02-02 21:41:21,966] {logging_mixin.py:109} INFO - [2022-02-02 21:41:21,965] {dag.py:2396} INFO - Sync 1 DAGs
[2022-02-02 21:41:22,015] {logging_mixin.py:109} INFO - [2022-02-02 21:41:22,015] {dag.py:2935} INFO - Setting next_dagrun for Question3_FHV to None
[2022-02-02 21:41:22,040] {processor.py:171} INFO - Processing /opt/airflow/dags/dag_questions3.py took 1.901 seconds
[2022-02-02 21:41:52,317] {processor.py:163} INFO - Started process (PID=2293) to work on /opt/airflow/dags/dag_questions3.py
[2022-02-02 21:41:52,320] {processor.py:642} INFO - Processing file /opt/airflow/dags/dag_questions3.py for tasks to queue
[2022-02-02 21:41:52,321] {logging_mixin.py:109} INFO - [2022-02-02 21:41:52,321] {dagbag.py:500} INFO - Filling up the DagBag from /opt/airflow/dags/dag_questions3.py
[2022-02-02 21:41:53,905] {processor.py:654} INFO - DAG(s) dict_keys(['Question3_FHV']) retrieved from /opt/airflow/dags/dag_questions3.py
[2022-02-02 21:41:53,927] {logging_mixin.py:109} INFO - [2022-02-02 21:41:53,926] {dag.py:2396} INFO - Sync 1 DAGs
[2022-02-02 21:41:54,019] {logging_mixin.py:109} INFO - [2022-02-02 21:41:54,019] {dag.py:2935} INFO - Setting next_dagrun for Question3_FHV to None
[2022-02-02 21:41:54,041] {processor.py:171} INFO - Processing /opt/airflow/dags/dag_questions3.py took 1.731 seconds
[2022-02-02 21:42:24,981] {processor.py:163} INFO - Started process (PID=2328) to work on /opt/airflow/dags/dag_questions3.py
[2022-02-02 21:42:24,984] {processor.py:642} INFO - Processing file /opt/airflow/dags/dag_questions3.py for tasks to queue
[2022-02-02 21:42:24,986] {logging_mixin.py:109} INFO - [2022-02-02 21:42:24,986] {dagbag.py:500} INFO - Filling up the DagBag from /opt/airflow/dags/dag_questions3.py
[2022-02-02 21:42:26,784] {processor.py:654} INFO - DAG(s) dict_keys(['Question3_FHV']) retrieved from /opt/airflow/dags/dag_questions3.py
[2022-02-02 21:42:27,488] {logging_mixin.py:109} INFO - [2022-02-02 21:42:27,487] {dag.py:2396} INFO - Sync 1 DAGs
[2022-02-02 21:42:27,538] {logging_mixin.py:109} INFO - [2022-02-02 21:42:27,537] {dag.py:2935} INFO - Setting next_dagrun for Question3_FHV to None
[2022-02-02 21:42:27,566] {processor.py:171} INFO - Processing /opt/airflow/dags/dag_questions3.py took 2.590 seconds
[2022-02-02 21:42:57,865] {processor.py:163} INFO - Started process (PID=2361) to work on /opt/airflow/dags/dag_questions3.py
[2022-02-02 21:42:57,868] {processor.py:642} INFO - Processing file /opt/airflow/dags/dag_questions3.py for tasks to queue
[2022-02-02 21:42:57,869] {logging_mixin.py:109} INFO - [2022-02-02 21:42:57,869] {dagbag.py:500} INFO - Filling up the DagBag from /opt/airflow/dags/dag_questions3.py
[2022-02-02 21:42:59,446] {processor.py:654} INFO - DAG(s) dict_keys(['Question3_FHV']) retrieved from /opt/airflow/dags/dag_questions3.py
[2022-02-02 21:42:59,475] {logging_mixin.py:109} INFO - [2022-02-02 21:42:59,474] {dag.py:2396} INFO - Sync 1 DAGs
[2022-02-02 21:42:59,531] {logging_mixin.py:109} INFO - [2022-02-02 21:42:59,531] {dag.py:2935} INFO - Setting next_dagrun for Question3_FHV to None
[2022-02-02 21:42:59,556] {processor.py:171} INFO - Processing /opt/airflow/dags/dag_questions3.py took 1.698 seconds
[2022-02-02 21:43:30,119] {processor.py:163} INFO - Started process (PID=2394) to work on /opt/airflow/dags/dag_questions3.py
[2022-02-02 21:43:30,122] {processor.py:642} INFO - Processing file /opt/airflow/dags/dag_questions3.py for tasks to queue
[2022-02-02 21:43:30,124] {logging_mixin.py:109} INFO - [2022-02-02 21:43:30,124] {dagbag.py:500} INFO - Filling up the DagBag from /opt/airflow/dags/dag_questions3.py
[2022-02-02 21:43:31,719] {processor.py:654} INFO - DAG(s) dict_keys(['Question3_FHV']) retrieved from /opt/airflow/dags/dag_questions3.py
[2022-02-02 21:43:31,728] {logging_mixin.py:109} INFO - [2022-02-02 21:43:31,728] {dag.py:2396} INFO - Sync 1 DAGs
[2022-02-02 21:43:31,775] {logging_mixin.py:109} INFO - [2022-02-02 21:43:31,774] {dag.py:2935} INFO - Setting next_dagrun for Question3_FHV to None
[2022-02-02 21:43:31,796] {processor.py:171} INFO - Processing /opt/airflow/dags/dag_questions3.py took 1.682 seconds
[2022-02-02 21:44:02,690] {processor.py:163} INFO - Started process (PID=2429) to work on /opt/airflow/dags/dag_questions3.py
[2022-02-02 21:44:02,694] {processor.py:642} INFO - Processing file /opt/airflow/dags/dag_questions3.py for tasks to queue
[2022-02-02 21:44:02,696] {logging_mixin.py:109} INFO - [2022-02-02 21:44:02,695] {dagbag.py:500} INFO - Filling up the DagBag from /opt/airflow/dags/dag_questions3.py
[2022-02-02 21:44:04,321] {processor.py:654} INFO - DAG(s) dict_keys(['Question3_FHV']) retrieved from /opt/airflow/dags/dag_questions3.py
[2022-02-02 21:44:04,911] {logging_mixin.py:109} INFO - [2022-02-02 21:44:04,911] {dag.py:2396} INFO - Sync 1 DAGs
[2022-02-02 21:44:04,964] {logging_mixin.py:109} INFO - [2022-02-02 21:44:04,964] {dag.py:2935} INFO - Setting next_dagrun for Question3_FHV to None
[2022-02-02 21:44:05,006] {processor.py:171} INFO - Processing /opt/airflow/dags/dag_questions3.py took 2.322 seconds
[2022-02-02 21:44:35,727] {processor.py:163} INFO - Started process (PID=2462) to work on /opt/airflow/dags/dag_questions3.py
[2022-02-02 21:44:35,731] {processor.py:642} INFO - Processing file /opt/airflow/dags/dag_questions3.py for tasks to queue
[2022-02-02 21:44:35,732] {logging_mixin.py:109} INFO - [2022-02-02 21:44:35,732] {dagbag.py:500} INFO - Filling up the DagBag from /opt/airflow/dags/dag_questions3.py
[2022-02-02 21:44:37,262] {processor.py:654} INFO - DAG(s) dict_keys(['Question3_FHV']) retrieved from /opt/airflow/dags/dag_questions3.py
[2022-02-02 21:44:37,291] {logging_mixin.py:109} INFO - [2022-02-02 21:44:37,290] {dag.py:2396} INFO - Sync 1 DAGs
[2022-02-02 21:44:37,339] {logging_mixin.py:109} INFO - [2022-02-02 21:44:37,339] {dag.py:2935} INFO - Setting next_dagrun for Question3_FHV to None
[2022-02-02 21:44:37,364] {processor.py:171} INFO - Processing /opt/airflow/dags/dag_questions3.py took 1.642 seconds
[2022-02-02 21:45:08,165] {processor.py:163} INFO - Started process (PID=2496) to work on /opt/airflow/dags/dag_questions3.py
[2022-02-02 21:45:08,168] {processor.py:642} INFO - Processing file /opt/airflow/dags/dag_questions3.py for tasks to queue
[2022-02-02 21:45:08,170] {logging_mixin.py:109} INFO - [2022-02-02 21:45:08,169] {dagbag.py:500} INFO - Filling up the DagBag from /opt/airflow/dags/dag_questions3.py
[2022-02-02 21:45:09,783] {processor.py:654} INFO - DAG(s) dict_keys(['Question3_FHV']) retrieved from /opt/airflow/dags/dag_questions3.py
[2022-02-02 21:45:09,809] {logging_mixin.py:109} INFO - [2022-02-02 21:45:09,809] {dag.py:2396} INFO - Sync 1 DAGs
[2022-02-02 21:45:09,848] {logging_mixin.py:109} INFO - [2022-02-02 21:45:09,848] {dag.py:2935} INFO - Setting next_dagrun for Question3_FHV to None
[2022-02-02 21:45:09,869] {processor.py:171} INFO - Processing /opt/airflow/dags/dag_questions3.py took 1.712 seconds
[2022-02-02 21:45:40,259] {processor.py:163} INFO - Started process (PID=2528) to work on /opt/airflow/dags/dag_questions3.py
[2022-02-02 21:45:40,262] {processor.py:642} INFO - Processing file /opt/airflow/dags/dag_questions3.py for tasks to queue
[2022-02-02 21:45:40,263] {logging_mixin.py:109} INFO - [2022-02-02 21:45:40,263] {dagbag.py:500} INFO - Filling up the DagBag from /opt/airflow/dags/dag_questions3.py
[2022-02-02 21:45:41,888] {processor.py:654} INFO - DAG(s) dict_keys(['Question3_FHV']) retrieved from /opt/airflow/dags/dag_questions3.py
[2022-02-02 21:45:41,910] {logging_mixin.py:109} INFO - [2022-02-02 21:45:41,909] {dag.py:2396} INFO - Sync 1 DAGs
[2022-02-02 21:45:41,968] {logging_mixin.py:109} INFO - [2022-02-02 21:45:41,967] {dag.py:2935} INFO - Setting next_dagrun for Question3_FHV to None
[2022-02-02 21:45:41,988] {processor.py:171} INFO - Processing /opt/airflow/dags/dag_questions3.py took 1.735 seconds
[2022-02-02 21:46:12,355] {processor.py:163} INFO - Started process (PID=2567) to work on /opt/airflow/dags/dag_questions3.py
[2022-02-02 21:46:12,359] {processor.py:642} INFO - Processing file /opt/airflow/dags/dag_questions3.py for tasks to queue
[2022-02-02 21:46:12,361] {logging_mixin.py:109} INFO - [2022-02-02 21:46:12,361] {dagbag.py:500} INFO - Filling up the DagBag from /opt/airflow/dags/dag_questions3.py
[2022-02-02 21:46:14,184] {processor.py:654} INFO - DAG(s) dict_keys(['Question3_FHV']) retrieved from /opt/airflow/dags/dag_questions3.py
[2022-02-02 21:46:14,300] {logging_mixin.py:109} INFO - [2022-02-02 21:46:14,299] {dag.py:2396} INFO - Sync 1 DAGs
[2022-02-02 21:46:14,457] {logging_mixin.py:109} INFO - [2022-02-02 21:46:14,456] {dag.py:2935} INFO - Setting next_dagrun for Question3_FHV to None
[2022-02-02 21:46:14,483] {processor.py:171} INFO - Processing /opt/airflow/dags/dag_questions3.py took 2.134 seconds
[2022-02-02 21:46:44,743] {processor.py:163} INFO - Started process (PID=2600) to work on /opt/airflow/dags/dag_questions3.py
[2022-02-02 21:46:44,746] {processor.py:642} INFO - Processing file /opt/airflow/dags/dag_questions3.py for tasks to queue
[2022-02-02 21:46:44,748] {logging_mixin.py:109} INFO - [2022-02-02 21:46:44,748] {dagbag.py:500} INFO - Filling up the DagBag from /opt/airflow/dags/dag_questions3.py
[2022-02-02 21:46:46,493] {processor.py:654} INFO - DAG(s) dict_keys(['Question3_FHV']) retrieved from /opt/airflow/dags/dag_questions3.py
[2022-02-02 21:46:46,518] {logging_mixin.py:109} INFO - [2022-02-02 21:46:46,517] {dag.py:2396} INFO - Sync 1 DAGs
[2022-02-02 21:46:46,573] {logging_mixin.py:109} INFO - [2022-02-02 21:46:46,573] {dag.py:2935} INFO - Setting next_dagrun for Question3_FHV to None
[2022-02-02 21:46:46,598] {processor.py:171} INFO - Processing /opt/airflow/dags/dag_questions3.py took 1.861 seconds
[2022-02-02 21:47:17,088] {processor.py:163} INFO - Started process (PID=2635) to work on /opt/airflow/dags/dag_questions3.py
[2022-02-02 21:47:17,090] {processor.py:642} INFO - Processing file /opt/airflow/dags/dag_questions3.py for tasks to queue
[2022-02-02 21:47:17,092] {logging_mixin.py:109} INFO - [2022-02-02 21:47:17,092] {dagbag.py:500} INFO - Filling up the DagBag from /opt/airflow/dags/dag_questions3.py
[2022-02-02 21:47:18,695] {processor.py:654} INFO - DAG(s) dict_keys(['Question3_FHV']) retrieved from /opt/airflow/dags/dag_questions3.py
[2022-02-02 21:47:18,718] {logging_mixin.py:109} INFO - [2022-02-02 21:47:18,717] {dag.py:2396} INFO - Sync 1 DAGs
[2022-02-02 21:47:18,768] {logging_mixin.py:109} INFO - [2022-02-02 21:47:18,767] {dag.py:2935} INFO - Setting next_dagrun for Question3_FHV to None
[2022-02-02 21:47:18,789] {processor.py:171} INFO - Processing /opt/airflow/dags/dag_questions3.py took 1.708 seconds
[2022-02-02 21:47:49,019] {processor.py:163} INFO - Started process (PID=2680) to work on /opt/airflow/dags/dag_questions3.py
[2022-02-02 21:47:49,021] {processor.py:642} INFO - Processing file /opt/airflow/dags/dag_questions3.py for tasks to queue
[2022-02-02 21:47:49,023] {logging_mixin.py:109} INFO - [2022-02-02 21:47:49,023] {dagbag.py:500} INFO - Filling up the DagBag from /opt/airflow/dags/dag_questions3.py
[2022-02-02 21:47:50,594] {processor.py:654} INFO - DAG(s) dict_keys(['Question3_FHV']) retrieved from /opt/airflow/dags/dag_questions3.py
[2022-02-02 21:47:50,621] {logging_mixin.py:109} INFO - [2022-02-02 21:47:50,621] {dag.py:2396} INFO - Sync 1 DAGs
[2022-02-02 21:47:50,678] {logging_mixin.py:109} INFO - [2022-02-02 21:47:50,678] {dag.py:2935} INFO - Setting next_dagrun for Question3_FHV to None
[2022-02-02 21:47:50,705] {processor.py:171} INFO - Processing /opt/airflow/dags/dag_questions3.py took 1.692 seconds
[2022-02-02 21:48:20,841] {processor.py:163} INFO - Started process (PID=2722) to work on /opt/airflow/dags/dag_questions3.py
[2022-02-02 21:48:20,844] {processor.py:642} INFO - Processing file /opt/airflow/dags/dag_questions3.py for tasks to queue
[2022-02-02 21:48:20,845] {logging_mixin.py:109} INFO - [2022-02-02 21:48:20,845] {dagbag.py:500} INFO - Filling up the DagBag from /opt/airflow/dags/dag_questions3.py
[2022-02-02 21:48:22,270] {processor.py:654} INFO - DAG(s) dict_keys(['Question3_FHV']) retrieved from /opt/airflow/dags/dag_questions3.py
[2022-02-02 21:48:22,293] {logging_mixin.py:109} INFO - [2022-02-02 21:48:22,292] {dag.py:2396} INFO - Sync 1 DAGs
[2022-02-02 21:48:22,324] {logging_mixin.py:109} INFO - [2022-02-02 21:48:22,324] {dag.py:2935} INFO - Setting next_dagrun for Question3_FHV to None
[2022-02-02 21:48:22,350] {processor.py:171} INFO - Processing /opt/airflow/dags/dag_questions3.py took 1.514 seconds
[2022-02-02 21:48:52,448] {processor.py:163} INFO - Started process (PID=2759) to work on /opt/airflow/dags/dag_questions3.py
[2022-02-02 21:48:52,451] {processor.py:642} INFO - Processing file /opt/airflow/dags/dag_questions3.py for tasks to queue
[2022-02-02 21:48:52,453] {logging_mixin.py:109} INFO - [2022-02-02 21:48:52,452] {dagbag.py:500} INFO - Filling up the DagBag from /opt/airflow/dags/dag_questions3.py
[2022-02-02 21:48:53,994] {processor.py:654} INFO - DAG(s) dict_keys(['Question3_FHV']) retrieved from /opt/airflow/dags/dag_questions3.py
[2022-02-02 21:48:54,020] {logging_mixin.py:109} INFO - [2022-02-02 21:48:54,019] {dag.py:2396} INFO - Sync 1 DAGs
[2022-02-02 21:48:54,069] {logging_mixin.py:109} INFO - [2022-02-02 21:48:54,069] {dag.py:2935} INFO - Setting next_dagrun for Question3_FHV to None
[2022-02-02 21:48:54,089] {processor.py:171} INFO - Processing /opt/airflow/dags/dag_questions3.py took 1.648 seconds
[2022-02-02 21:49:24,416] {processor.py:163} INFO - Started process (PID=2793) to work on /opt/airflow/dags/dag_questions3.py
[2022-02-02 21:49:24,419] {processor.py:642} INFO - Processing file /opt/airflow/dags/dag_questions3.py for tasks to queue
[2022-02-02 21:49:24,420] {logging_mixin.py:109} INFO - [2022-02-02 21:49:24,420] {dagbag.py:500} INFO - Filling up the DagBag from /opt/airflow/dags/dag_questions3.py
[2022-02-02 21:49:25,990] {processor.py:654} INFO - DAG(s) dict_keys(['Question3_FHV']) retrieved from /opt/airflow/dags/dag_questions3.py
[2022-02-02 21:49:26,019] {logging_mixin.py:109} INFO - [2022-02-02 21:49:26,018] {dag.py:2396} INFO - Sync 1 DAGs
[2022-02-02 21:49:26,071] {logging_mixin.py:109} INFO - [2022-02-02 21:49:26,070] {dag.py:2935} INFO - Setting next_dagrun for Question3_FHV to None
[2022-02-02 21:49:26,097] {processor.py:171} INFO - Processing /opt/airflow/dags/dag_questions3.py took 1.688 seconds
[2022-02-02 21:49:56,533] {processor.py:163} INFO - Started process (PID=2841) to work on /opt/airflow/dags/dag_questions3.py
[2022-02-02 21:49:56,537] {processor.py:642} INFO - Processing file /opt/airflow/dags/dag_questions3.py for tasks to queue
[2022-02-02 21:49:56,538] {logging_mixin.py:109} INFO - [2022-02-02 21:49:56,538] {dagbag.py:500} INFO - Filling up the DagBag from /opt/airflow/dags/dag_questions3.py
[2022-02-02 21:49:58,183] {processor.py:654} INFO - DAG(s) dict_keys(['Question3_FHV']) retrieved from /opt/airflow/dags/dag_questions3.py
[2022-02-02 21:49:58,208] {logging_mixin.py:109} INFO - [2022-02-02 21:49:58,207] {dag.py:2396} INFO - Sync 1 DAGs
[2022-02-02 21:49:58,258] {logging_mixin.py:109} INFO - [2022-02-02 21:49:58,258] {dag.py:2935} INFO - Setting next_dagrun for Question3_FHV to None
[2022-02-02 21:49:58,283] {processor.py:171} INFO - Processing /opt/airflow/dags/dag_questions3.py took 1.757 seconds
[2022-02-02 21:50:28,529] {processor.py:163} INFO - Started process (PID=2875) to work on /opt/airflow/dags/dag_questions3.py
[2022-02-02 21:50:28,532] {processor.py:642} INFO - Processing file /opt/airflow/dags/dag_questions3.py for tasks to queue
[2022-02-02 21:50:28,534] {logging_mixin.py:109} INFO - [2022-02-02 21:50:28,534] {dagbag.py:500} INFO - Filling up the DagBag from /opt/airflow/dags/dag_questions3.py
[2022-02-02 21:50:30,144] {processor.py:654} INFO - DAG(s) dict_keys(['Question3_FHV']) retrieved from /opt/airflow/dags/dag_questions3.py
[2022-02-02 21:50:30,175] {logging_mixin.py:109} INFO - [2022-02-02 21:50:30,174] {dag.py:2396} INFO - Sync 1 DAGs
[2022-02-02 21:50:30,229] {logging_mixin.py:109} INFO - [2022-02-02 21:50:30,228] {dag.py:2935} INFO - Setting next_dagrun for Question3_FHV to None
[2022-02-02 21:50:30,258] {processor.py:171} INFO - Processing /opt/airflow/dags/dag_questions3.py took 1.733 seconds
[2022-02-02 21:51:00,584] {processor.py:163} INFO - Started process (PID=2910) to work on /opt/airflow/dags/dag_questions3.py
[2022-02-02 21:51:00,589] {processor.py:642} INFO - Processing file /opt/airflow/dags/dag_questions3.py for tasks to queue
[2022-02-02 21:51:00,592] {logging_mixin.py:109} INFO - [2022-02-02 21:51:00,591] {dagbag.py:500} INFO - Filling up the DagBag from /opt/airflow/dags/dag_questions3.py
[2022-02-02 21:51:02,328] {processor.py:654} INFO - DAG(s) dict_keys(['Question3_FHV']) retrieved from /opt/airflow/dags/dag_questions3.py
[2022-02-02 21:51:02,354] {logging_mixin.py:109} INFO - [2022-02-02 21:51:02,354] {dag.py:2396} INFO - Sync 1 DAGs
[2022-02-02 21:51:02,403] {logging_mixin.py:109} INFO - [2022-02-02 21:51:02,403] {dag.py:2935} INFO - Setting next_dagrun for Question3_FHV to None
[2022-02-02 21:51:02,428] {processor.py:171} INFO - Processing /opt/airflow/dags/dag_questions3.py took 1.850 seconds
[2022-02-02 21:51:32,693] {processor.py:163} INFO - Started process (PID=2944) to work on /opt/airflow/dags/dag_questions3.py
[2022-02-02 21:51:32,697] {processor.py:642} INFO - Processing file /opt/airflow/dags/dag_questions3.py for tasks to queue
[2022-02-02 21:51:32,699] {logging_mixin.py:109} INFO - [2022-02-02 21:51:32,699] {dagbag.py:500} INFO - Filling up the DagBag from /opt/airflow/dags/dag_questions3.py
[2022-02-02 21:51:34,314] {processor.py:654} INFO - DAG(s) dict_keys(['Question3_FHV']) retrieved from /opt/airflow/dags/dag_questions3.py
[2022-02-02 21:51:34,339] {logging_mixin.py:109} INFO - [2022-02-02 21:51:34,338] {dag.py:2396} INFO - Sync 1 DAGs
[2022-02-02 21:51:34,391] {logging_mixin.py:109} INFO - [2022-02-02 21:51:34,391] {dag.py:2935} INFO - Setting next_dagrun for Question3_FHV to None
[2022-02-02 21:51:34,414] {processor.py:171} INFO - Processing /opt/airflow/dags/dag_questions3.py took 1.728 seconds
[2022-02-02 21:52:04,477] {processor.py:163} INFO - Started process (PID=2979) to work on /opt/airflow/dags/dag_questions3.py
[2022-02-02 21:52:04,480] {processor.py:642} INFO - Processing file /opt/airflow/dags/dag_questions3.py for tasks to queue
[2022-02-02 21:52:04,481] {logging_mixin.py:109} INFO - [2022-02-02 21:52:04,481] {dagbag.py:500} INFO - Filling up the DagBag from /opt/airflow/dags/dag_questions3.py
[2022-02-02 21:52:06,045] {processor.py:654} INFO - DAG(s) dict_keys(['Question3_FHV']) retrieved from /opt/airflow/dags/dag_questions3.py
[2022-02-02 21:52:06,074] {logging_mixin.py:109} INFO - [2022-02-02 21:52:06,073] {dag.py:2396} INFO - Sync 1 DAGs
[2022-02-02 21:52:06,126] {logging_mixin.py:109} INFO - [2022-02-02 21:52:06,126] {dag.py:2935} INFO - Setting next_dagrun for Question3_FHV to None
[2022-02-02 21:52:06,153] {processor.py:171} INFO - Processing /opt/airflow/dags/dag_questions3.py took 1.684 seconds
[2022-02-02 21:52:36,390] {processor.py:163} INFO - Started process (PID=3013) to work on /opt/airflow/dags/dag_questions3.py
[2022-02-02 21:52:36,393] {processor.py:642} INFO - Processing file /opt/airflow/dags/dag_questions3.py for tasks to queue
[2022-02-02 21:52:36,394] {logging_mixin.py:109} INFO - [2022-02-02 21:52:36,394] {dagbag.py:500} INFO - Filling up the DagBag from /opt/airflow/dags/dag_questions3.py
[2022-02-02 21:52:37,896] {processor.py:654} INFO - DAG(s) dict_keys(['Question3_FHV']) retrieved from /opt/airflow/dags/dag_questions3.py
[2022-02-02 21:52:37,921] {logging_mixin.py:109} INFO - [2022-02-02 21:52:37,921] {dag.py:2396} INFO - Sync 1 DAGs
[2022-02-02 21:52:37,971] {logging_mixin.py:109} INFO - [2022-02-02 21:52:37,971] {dag.py:2935} INFO - Setting next_dagrun for Question3_FHV to None
[2022-02-02 21:52:37,992] {processor.py:171} INFO - Processing /opt/airflow/dags/dag_questions3.py took 1.608 seconds
[2022-02-02 21:53:08,243] {processor.py:163} INFO - Started process (PID=3046) to work on /opt/airflow/dags/dag_questions3.py
[2022-02-02 21:53:08,246] {processor.py:642} INFO - Processing file /opt/airflow/dags/dag_questions3.py for tasks to queue
[2022-02-02 21:53:08,249] {logging_mixin.py:109} INFO - [2022-02-02 21:53:08,248] {dagbag.py:500} INFO - Filling up the DagBag from /opt/airflow/dags/dag_questions3.py
[2022-02-02 21:53:09,876] {processor.py:654} INFO - DAG(s) dict_keys(['Question3_FHV']) retrieved from /opt/airflow/dags/dag_questions3.py
[2022-02-02 21:53:09,903] {logging_mixin.py:109} INFO - [2022-02-02 21:53:09,901] {dag.py:2396} INFO - Sync 1 DAGs
[2022-02-02 21:53:09,948] {logging_mixin.py:109} INFO - [2022-02-02 21:53:09,947] {dag.py:2935} INFO - Setting next_dagrun for Question3_FHV to None
[2022-02-02 21:53:09,968] {processor.py:171} INFO - Processing /opt/airflow/dags/dag_questions3.py took 1.733 seconds
[2022-02-02 21:53:40,319] {processor.py:163} INFO - Started process (PID=3081) to work on /opt/airflow/dags/dag_questions3.py
[2022-02-02 21:53:40,322] {processor.py:642} INFO - Processing file /opt/airflow/dags/dag_questions3.py for tasks to queue
[2022-02-02 21:53:40,323] {logging_mixin.py:109} INFO - [2022-02-02 21:53:40,323] {dagbag.py:500} INFO - Filling up the DagBag from /opt/airflow/dags/dag_questions3.py
[2022-02-02 21:53:41,982] {processor.py:654} INFO - DAG(s) dict_keys(['Question3_FHV']) retrieved from /opt/airflow/dags/dag_questions3.py
[2022-02-02 21:53:42,015] {logging_mixin.py:109} INFO - [2022-02-02 21:53:42,014] {dag.py:2396} INFO - Sync 1 DAGs
[2022-02-02 21:53:42,066] {logging_mixin.py:109} INFO - [2022-02-02 21:53:42,066] {dag.py:2935} INFO - Setting next_dagrun for Question3_FHV to None
[2022-02-02 21:53:42,089] {processor.py:171} INFO - Processing /opt/airflow/dags/dag_questions3.py took 1.775 seconds
[2022-02-02 21:54:12,238] {processor.py:163} INFO - Started process (PID=3116) to work on /opt/airflow/dags/dag_questions3.py
[2022-02-02 21:54:12,240] {processor.py:642} INFO - Processing file /opt/airflow/dags/dag_questions3.py for tasks to queue
[2022-02-02 21:54:12,242] {logging_mixin.py:109} INFO - [2022-02-02 21:54:12,242] {dagbag.py:500} INFO - Filling up the DagBag from /opt/airflow/dags/dag_questions3.py
[2022-02-02 21:54:13,732] {processor.py:654} INFO - DAG(s) dict_keys(['Question3_FHV']) retrieved from /opt/airflow/dags/dag_questions3.py
[2022-02-02 21:54:13,758] {logging_mixin.py:109} INFO - [2022-02-02 21:54:13,757] {dag.py:2396} INFO - Sync 1 DAGs
[2022-02-02 21:54:13,807] {logging_mixin.py:109} INFO - [2022-02-02 21:54:13,807] {dag.py:2935} INFO - Setting next_dagrun for Question3_FHV to None
[2022-02-02 21:54:13,828] {processor.py:171} INFO - Processing /opt/airflow/dags/dag_questions3.py took 1.595 seconds
[2022-02-02 21:54:44,057] {processor.py:163} INFO - Started process (PID=3151) to work on /opt/airflow/dags/dag_questions3.py
[2022-02-02 21:54:44,061] {processor.py:642} INFO - Processing file /opt/airflow/dags/dag_questions3.py for tasks to queue
[2022-02-02 21:54:44,063] {logging_mixin.py:109} INFO - [2022-02-02 21:54:44,062] {dagbag.py:500} INFO - Filling up the DagBag from /opt/airflow/dags/dag_questions3.py
[2022-02-02 21:54:45,706] {processor.py:654} INFO - DAG(s) dict_keys(['Question3_FHV']) retrieved from /opt/airflow/dags/dag_questions3.py
[2022-02-02 21:54:45,734] {logging_mixin.py:109} INFO - [2022-02-02 21:54:45,733] {dag.py:2396} INFO - Sync 1 DAGs
[2022-02-02 21:54:45,786] {logging_mixin.py:109} INFO - [2022-02-02 21:54:45,786] {dag.py:2935} INFO - Setting next_dagrun for Question3_FHV to None
[2022-02-02 21:54:45,809] {processor.py:171} INFO - Processing /opt/airflow/dags/dag_questions3.py took 1.757 seconds
[2022-02-02 21:55:16,030] {processor.py:163} INFO - Started process (PID=3184) to work on /opt/airflow/dags/dag_questions3.py
[2022-02-02 21:55:16,034] {processor.py:642} INFO - Processing file /opt/airflow/dags/dag_questions3.py for tasks to queue
[2022-02-02 21:55:16,035] {logging_mixin.py:109} INFO - [2022-02-02 21:55:16,035] {dagbag.py:500} INFO - Filling up the DagBag from /opt/airflow/dags/dag_questions3.py
[2022-02-02 21:55:17,629] {processor.py:654} INFO - DAG(s) dict_keys(['Question3_FHV']) retrieved from /opt/airflow/dags/dag_questions3.py
[2022-02-02 21:55:17,658] {logging_mixin.py:109} INFO - [2022-02-02 21:55:17,657] {dag.py:2396} INFO - Sync 1 DAGs
[2022-02-02 21:55:17,718] {logging_mixin.py:109} INFO - [2022-02-02 21:55:17,718] {dag.py:2935} INFO - Setting next_dagrun for Question3_FHV to None
[2022-02-02 21:55:17,755] {processor.py:171} INFO - Processing /opt/airflow/dags/dag_questions3.py took 1.732 seconds
[2022-02-02 21:55:48,013] {processor.py:163} INFO - Started process (PID=3218) to work on /opt/airflow/dags/dag_questions3.py
[2022-02-02 21:55:48,015] {processor.py:642} INFO - Processing file /opt/airflow/dags/dag_questions3.py for tasks to queue
[2022-02-02 21:55:48,017] {logging_mixin.py:109} INFO - [2022-02-02 21:55:48,017] {dagbag.py:500} INFO - Filling up the DagBag from /opt/airflow/dags/dag_questions3.py
[2022-02-02 21:55:49,957] {processor.py:654} INFO - DAG(s) dict_keys(['Question3_FHV']) retrieved from /opt/airflow/dags/dag_questions3.py
[2022-02-02 21:55:49,988] {logging_mixin.py:109} INFO - [2022-02-02 21:55:49,987] {dag.py:2396} INFO - Sync 1 DAGs
[2022-02-02 21:55:50,052] {logging_mixin.py:109} INFO - [2022-02-02 21:55:50,052] {dag.py:2935} INFO - Setting next_dagrun for Question3_FHV to None
[2022-02-02 21:55:50,076] {processor.py:171} INFO - Processing /opt/airflow/dags/dag_questions3.py took 2.068 seconds
[2022-02-02 21:56:20,581] {processor.py:163} INFO - Started process (PID=3257) to work on /opt/airflow/dags/dag_questions3.py
[2022-02-02 21:56:20,583] {processor.py:642} INFO - Processing file /opt/airflow/dags/dag_questions3.py for tasks to queue
[2022-02-02 21:56:20,585] {logging_mixin.py:109} INFO - [2022-02-02 21:56:20,584] {dagbag.py:500} INFO - Filling up the DagBag from /opt/airflow/dags/dag_questions3.py
[2022-02-02 21:56:22,214] {processor.py:654} INFO - DAG(s) dict_keys(['Question3_FHV']) retrieved from /opt/airflow/dags/dag_questions3.py
[2022-02-02 21:56:22,243] {logging_mixin.py:109} INFO - [2022-02-02 21:56:22,242] {dag.py:2396} INFO - Sync 1 DAGs
[2022-02-02 21:56:22,305] {logging_mixin.py:109} INFO - [2022-02-02 21:56:22,304] {dag.py:2935} INFO - Setting next_dagrun for Question3_FHV to None
[2022-02-02 21:56:22,330] {processor.py:171} INFO - Processing /opt/airflow/dags/dag_questions3.py took 1.754 seconds
[2022-02-02 21:56:52,629] {processor.py:163} INFO - Started process (PID=3289) to work on /opt/airflow/dags/dag_questions3.py
[2022-02-02 21:56:52,647] {processor.py:642} INFO - Processing file /opt/airflow/dags/dag_questions3.py for tasks to queue
[2022-02-02 21:56:52,649] {logging_mixin.py:109} INFO - [2022-02-02 21:56:52,649] {dagbag.py:500} INFO - Filling up the DagBag from /opt/airflow/dags/dag_questions3.py
[2022-02-02 21:56:54,537] {processor.py:654} INFO - DAG(s) dict_keys(['Question3_FHV']) retrieved from /opt/airflow/dags/dag_questions3.py
[2022-02-02 21:56:54,566] {logging_mixin.py:109} INFO - [2022-02-02 21:56:54,565] {dag.py:2396} INFO - Sync 1 DAGs
[2022-02-02 21:56:54,625] {logging_mixin.py:109} INFO - [2022-02-02 21:56:54,624] {dag.py:2935} INFO - Setting next_dagrun for Question3_FHV to None
[2022-02-02 21:56:54,648] {processor.py:171} INFO - Processing /opt/airflow/dags/dag_questions3.py took 2.027 seconds
[2022-02-02 21:57:25,005] {processor.py:163} INFO - Started process (PID=3326) to work on /opt/airflow/dags/dag_questions3.py
[2022-02-02 21:57:25,016] {processor.py:642} INFO - Processing file /opt/airflow/dags/dag_questions3.py for tasks to queue
[2022-02-02 21:57:25,017] {logging_mixin.py:109} INFO - [2022-02-02 21:57:25,017] {dagbag.py:500} INFO - Filling up the DagBag from /opt/airflow/dags/dag_questions3.py
[2022-02-02 21:57:26,163] {processor.py:654} INFO - DAG(s) dict_keys(['Question3_FHV']) retrieved from /opt/airflow/dags/dag_questions3.py
[2022-02-02 21:57:26,183] {logging_mixin.py:109} INFO - [2022-02-02 21:57:26,183] {dag.py:2396} INFO - Sync 1 DAGs
[2022-02-02 21:57:26,232] {logging_mixin.py:109} INFO - [2022-02-02 21:57:26,232] {dag.py:2935} INFO - Setting next_dagrun for Question3_FHV to None
[2022-02-02 21:57:26,250] {processor.py:171} INFO - Processing /opt/airflow/dags/dag_questions3.py took 1.250 seconds
[2022-02-02 21:57:56,799] {processor.py:163} INFO - Started process (PID=3357) to work on /opt/airflow/dags/dag_questions3.py
[2022-02-02 21:57:56,802] {processor.py:642} INFO - Processing file /opt/airflow/dags/dag_questions3.py for tasks to queue
[2022-02-02 21:57:56,804] {logging_mixin.py:109} INFO - [2022-02-02 21:57:56,803] {dagbag.py:500} INFO - Filling up the DagBag from /opt/airflow/dags/dag_questions3.py
[2022-02-02 21:57:58,548] {processor.py:654} INFO - DAG(s) dict_keys(['Question3_FHV']) retrieved from /opt/airflow/dags/dag_questions3.py
[2022-02-02 21:57:58,583] {logging_mixin.py:109} INFO - [2022-02-02 21:57:58,582] {dag.py:2396} INFO - Sync 1 DAGs
[2022-02-02 21:57:58,645] {logging_mixin.py:109} INFO - [2022-02-02 21:57:58,644] {dag.py:2935} INFO - Setting next_dagrun for Question3_FHV to None
[2022-02-02 21:57:58,678] {processor.py:171} INFO - Processing /opt/airflow/dags/dag_questions3.py took 1.885 seconds
[2022-02-02 21:58:29,300] {processor.py:163} INFO - Started process (PID=3391) to work on /opt/airflow/dags/dag_questions3.py
[2022-02-02 21:58:29,303] {processor.py:642} INFO - Processing file /opt/airflow/dags/dag_questions3.py for tasks to queue
[2022-02-02 21:58:29,304] {logging_mixin.py:109} INFO - [2022-02-02 21:58:29,304] {dagbag.py:500} INFO - Filling up the DagBag from /opt/airflow/dags/dag_questions3.py
[2022-02-02 21:58:30,741] {processor.py:654} INFO - DAG(s) dict_keys(['Question3_FHV']) retrieved from /opt/airflow/dags/dag_questions3.py
[2022-02-02 21:58:30,782] {logging_mixin.py:109} INFO - [2022-02-02 21:58:30,781] {dag.py:2396} INFO - Sync 1 DAGs
[2022-02-02 21:58:30,843] {logging_mixin.py:109} INFO - [2022-02-02 21:58:30,842] {dag.py:2935} INFO - Setting next_dagrun for Question3_FHV to None
[2022-02-02 21:58:30,870] {processor.py:171} INFO - Processing /opt/airflow/dags/dag_questions3.py took 1.575 seconds
[2022-02-02 21:59:01,138] {processor.py:163} INFO - Started process (PID=3424) to work on /opt/airflow/dags/dag_questions3.py
[2022-02-02 21:59:01,141] {processor.py:642} INFO - Processing file /opt/airflow/dags/dag_questions3.py for tasks to queue
[2022-02-02 21:59:01,142] {logging_mixin.py:109} INFO - [2022-02-02 21:59:01,142] {dagbag.py:500} INFO - Filling up the DagBag from /opt/airflow/dags/dag_questions3.py
[2022-02-02 21:59:02,630] {processor.py:654} INFO - DAG(s) dict_keys(['Question3_FHV']) retrieved from /opt/airflow/dags/dag_questions3.py
[2022-02-02 21:59:02,650] {logging_mixin.py:109} INFO - [2022-02-02 21:59:02,650] {dag.py:2396} INFO - Sync 1 DAGs
[2022-02-02 21:59:02,689] {logging_mixin.py:109} INFO - [2022-02-02 21:59:02,689] {dag.py:2935} INFO - Setting next_dagrun for Question3_FHV to None
[2022-02-02 21:59:02,708] {processor.py:171} INFO - Processing /opt/airflow/dags/dag_questions3.py took 1.575 seconds
[2022-02-02 21:59:32,961] {processor.py:163} INFO - Started process (PID=3458) to work on /opt/airflow/dags/dag_questions3.py
[2022-02-02 21:59:32,964] {processor.py:642} INFO - Processing file /opt/airflow/dags/dag_questions3.py for tasks to queue
[2022-02-02 21:59:32,966] {logging_mixin.py:109} INFO - [2022-02-02 21:59:32,966] {dagbag.py:500} INFO - Filling up the DagBag from /opt/airflow/dags/dag_questions3.py
[2022-02-02 21:59:34,664] {processor.py:654} INFO - DAG(s) dict_keys(['Question3_FHV']) retrieved from /opt/airflow/dags/dag_questions3.py
[2022-02-02 21:59:34,692] {logging_mixin.py:109} INFO - [2022-02-02 21:59:34,691] {dag.py:2396} INFO - Sync 1 DAGs
[2022-02-02 21:59:34,782] {logging_mixin.py:109} INFO - [2022-02-02 21:59:34,781] {dag.py:2935} INFO - Setting next_dagrun for Question3_FHV to None
[2022-02-02 21:59:34,813] {processor.py:171} INFO - Processing /opt/airflow/dags/dag_questions3.py took 1.858 seconds
[2022-02-02 22:00:04,882] {processor.py:163} INFO - Started process (PID=3492) to work on /opt/airflow/dags/dag_questions3.py
[2022-02-02 22:00:04,885] {processor.py:642} INFO - Processing file /opt/airflow/dags/dag_questions3.py for tasks to queue
[2022-02-02 22:00:04,888] {logging_mixin.py:109} INFO - [2022-02-02 22:00:04,887] {dagbag.py:500} INFO - Filling up the DagBag from /opt/airflow/dags/dag_questions3.py
[2022-02-02 22:00:06,473] {processor.py:654} INFO - DAG(s) dict_keys(['Question3_FHV']) retrieved from /opt/airflow/dags/dag_questions3.py
[2022-02-02 22:00:06,500] {logging_mixin.py:109} INFO - [2022-02-02 22:00:06,499] {dag.py:2396} INFO - Sync 1 DAGs
[2022-02-02 22:00:06,545] {logging_mixin.py:109} INFO - [2022-02-02 22:00:06,545] {dag.py:2935} INFO - Setting next_dagrun for Question3_FHV to None
[2022-02-02 22:00:06,565] {processor.py:171} INFO - Processing /opt/airflow/dags/dag_questions3.py took 1.691 seconds
