[2022-02-02 21:37:06,704] {processor.py:163} INFO - Started process (PID=1966) to work on /opt/airflow/dags/dag_questions4.py
[2022-02-02 21:37:06,708] {processor.py:642} INFO - Processing file /opt/airflow/dags/dag_questions4.py for tasks to queue
[2022-02-02 21:37:06,709] {logging_mixin.py:109} INFO - [2022-02-02 21:37:06,709] {dagbag.py:500} INFO - Filling up the DagBag from /opt/airflow/dags/dag_questions4.py
[2022-02-02 21:37:08,419] {processor.py:654} INFO - DAG(s) dict_keys(['Question3_FHV']) retrieved from /opt/airflow/dags/dag_questions4.py
[2022-02-02 21:37:09,685] {logging_mixin.py:109} INFO - [2022-02-02 21:37:09,684] {dag.py:2396} INFO - Sync 1 DAGs
[2022-02-02 21:37:09,776] {logging_mixin.py:109} INFO - [2022-02-02 21:37:09,775] {dag.py:2935} INFO - Setting next_dagrun for Question3_FHV to None
[2022-02-02 21:37:09,810] {processor.py:171} INFO - Processing /opt/airflow/dags/dag_questions4.py took 3.117 seconds
[2022-02-02 21:37:40,357] {processor.py:163} INFO - Started process (PID=2001) to work on /opt/airflow/dags/dag_questions4.py
[2022-02-02 21:37:40,360] {processor.py:642} INFO - Processing file /opt/airflow/dags/dag_questions4.py for tasks to queue
[2022-02-02 21:37:40,362] {logging_mixin.py:109} INFO - [2022-02-02 21:37:40,361] {dagbag.py:500} INFO - Filling up the DagBag from /opt/airflow/dags/dag_questions4.py
[2022-02-02 21:37:42,173] {processor.py:654} INFO - DAG(s) dict_keys(['Question3_FHV']) retrieved from /opt/airflow/dags/dag_questions4.py
[2022-02-02 21:37:42,194] {logging_mixin.py:109} INFO - [2022-02-02 21:37:42,193] {dag.py:2396} INFO - Sync 1 DAGs
[2022-02-02 21:37:42,250] {logging_mixin.py:109} INFO - [2022-02-02 21:37:42,250] {dag.py:2935} INFO - Setting next_dagrun for Question3_FHV to None
[2022-02-02 21:37:42,275] {processor.py:171} INFO - Processing /opt/airflow/dags/dag_questions4.py took 1.924 seconds
[2022-02-02 21:38:12,514] {processor.py:163} INFO - Started process (PID=2036) to work on /opt/airflow/dags/dag_questions4.py
[2022-02-02 21:38:12,517] {processor.py:642} INFO - Processing file /opt/airflow/dags/dag_questions4.py for tasks to queue
[2022-02-02 21:38:12,518] {logging_mixin.py:109} INFO - [2022-02-02 21:38:12,518] {dagbag.py:500} INFO - Filling up the DagBag from /opt/airflow/dags/dag_questions4.py
[2022-02-02 21:38:14,008] {processor.py:654} INFO - DAG(s) dict_keys(['Question3_FHV']) retrieved from /opt/airflow/dags/dag_questions4.py
[2022-02-02 21:38:14,018] {logging_mixin.py:109} INFO - [2022-02-02 21:38:14,017] {dag.py:2396} INFO - Sync 1 DAGs
[2022-02-02 21:38:14,071] {logging_mixin.py:109} INFO - [2022-02-02 21:38:14,071] {dag.py:2935} INFO - Setting next_dagrun for Question3_FHV to None
[2022-02-02 21:38:14,100] {processor.py:171} INFO - Processing /opt/airflow/dags/dag_questions4.py took 1.592 seconds
[2022-02-02 21:38:29,848] {processor.py:163} INFO - Started process (PID=2056) to work on /opt/airflow/dags/dag_questions4.py
[2022-02-02 21:38:29,852] {processor.py:642} INFO - Processing file /opt/airflow/dags/dag_questions4.py for tasks to queue
[2022-02-02 21:38:29,854] {logging_mixin.py:109} INFO - [2022-02-02 21:38:29,853] {dagbag.py:500} INFO - Filling up the DagBag from /opt/airflow/dags/dag_questions4.py
[2022-02-02 21:38:31,622] {processor.py:654} INFO - DAG(s) dict_keys(['Question3_FHV']) retrieved from /opt/airflow/dags/dag_questions4.py
[2022-02-02 21:38:31,645] {logging_mixin.py:109} INFO - [2022-02-02 21:38:31,644] {dag.py:2396} INFO - Sync 1 DAGs
[2022-02-02 21:38:31,715] {logging_mixin.py:109} INFO - [2022-02-02 21:38:31,715] {dag.py:2935} INFO - Setting next_dagrun for Question3_FHV to None
[2022-02-02 21:38:31,760] {processor.py:171} INFO - Processing /opt/airflow/dags/dag_questions4.py took 1.918 seconds
[2022-02-02 21:39:02,546] {processor.py:163} INFO - Started process (PID=2090) to work on /opt/airflow/dags/dag_questions4.py
[2022-02-02 21:39:02,550] {processor.py:642} INFO - Processing file /opt/airflow/dags/dag_questions4.py for tasks to queue
[2022-02-02 21:39:02,551] {logging_mixin.py:109} INFO - [2022-02-02 21:39:02,551] {dagbag.py:500} INFO - Filling up the DagBag from /opt/airflow/dags/dag_questions4.py
[2022-02-02 21:39:04,356] {processor.py:654} INFO - DAG(s) dict_keys(['Question3_FHV']) retrieved from /opt/airflow/dags/dag_questions4.py
[2022-02-02 21:39:05,054] {logging_mixin.py:109} INFO - [2022-02-02 21:39:05,053] {dag.py:2396} INFO - Sync 1 DAGs
[2022-02-02 21:39:05,095] {logging_mixin.py:109} INFO - [2022-02-02 21:39:05,095] {dag.py:2935} INFO - Setting next_dagrun for Question3_FHV to None
[2022-02-02 21:39:05,127] {processor.py:171} INFO - Processing /opt/airflow/dags/dag_questions4.py took 2.589 seconds
[2022-02-02 21:39:13,598] {processor.py:163} INFO - Started process (PID=2100) to work on /opt/airflow/dags/dag_questions4.py
[2022-02-02 21:39:13,601] {processor.py:642} INFO - Processing file /opt/airflow/dags/dag_questions4.py for tasks to queue
[2022-02-02 21:39:13,605] {logging_mixin.py:109} INFO - [2022-02-02 21:39:13,604] {dagbag.py:500} INFO - Filling up the DagBag from /opt/airflow/dags/dag_questions4.py
[2022-02-02 21:39:15,214] {processor.py:654} INFO - DAG(s) dict_keys(['Question4_ZONE']) retrieved from /opt/airflow/dags/dag_questions4.py
[2022-02-02 21:39:20,945] {logging_mixin.py:109} INFO - [2022-02-02 21:39:20,944] {manager.py:496} INFO - Created Permission View: can read on DAG:Question4_ZONE
[2022-02-02 21:39:20,974] {logging_mixin.py:109} INFO - [2022-02-02 21:39:20,974] {manager.py:496} INFO - Created Permission View: can edit on DAG:Question4_ZONE
[2022-02-02 21:39:20,975] {logging_mixin.py:109} INFO - [2022-02-02 21:39:20,975] {dag.py:2396} INFO - Sync 1 DAGs
[2022-02-02 21:39:20,998] {logging_mixin.py:109} INFO - [2022-02-02 21:39:20,997] {dag.py:2415} INFO - Creating ORM DAG for Question4_ZONE
[2022-02-02 21:39:21,023] {logging_mixin.py:109} INFO - [2022-02-02 21:39:21,023] {dag.py:2935} INFO - Setting next_dagrun for Question4_ZONE to 2022-01-01T00:00:00+00:00
[2022-02-02 21:39:21,052] {processor.py:171} INFO - Processing /opt/airflow/dags/dag_questions4.py took 7.462 seconds
[2022-02-02 21:39:51,286] {processor.py:163} INFO - Started process (PID=2155) to work on /opt/airflow/dags/dag_questions4.py
[2022-02-02 21:39:51,289] {processor.py:642} INFO - Processing file /opt/airflow/dags/dag_questions4.py for tasks to queue
[2022-02-02 21:39:51,290] {logging_mixin.py:109} INFO - [2022-02-02 21:39:51,290] {dagbag.py:500} INFO - Filling up the DagBag from /opt/airflow/dags/dag_questions4.py
[2022-02-02 21:39:52,995] {processor.py:654} INFO - DAG(s) dict_keys(['Question4_ZONE']) retrieved from /opt/airflow/dags/dag_questions4.py
[2022-02-02 21:39:53,017] {logging_mixin.py:109} INFO - [2022-02-02 21:39:53,017] {dag.py:2396} INFO - Sync 1 DAGs
[2022-02-02 21:39:53,062] {logging_mixin.py:109} INFO - [2022-02-02 21:39:53,062] {dag.py:2935} INFO - Setting next_dagrun for Question4_ZONE to None
[2022-02-02 21:39:53,082] {processor.py:171} INFO - Processing /opt/airflow/dags/dag_questions4.py took 1.802 seconds
[2022-02-02 21:40:23,870] {processor.py:163} INFO - Started process (PID=2187) to work on /opt/airflow/dags/dag_questions4.py
[2022-02-02 21:40:23,873] {processor.py:642} INFO - Processing file /opt/airflow/dags/dag_questions4.py for tasks to queue
[2022-02-02 21:40:23,874] {logging_mixin.py:109} INFO - [2022-02-02 21:40:23,874] {dagbag.py:500} INFO - Filling up the DagBag from /opt/airflow/dags/dag_questions4.py
[2022-02-02 21:40:25,468] {processor.py:654} INFO - DAG(s) dict_keys(['Question4_ZONE']) retrieved from /opt/airflow/dags/dag_questions4.py
[2022-02-02 21:40:25,495] {logging_mixin.py:109} INFO - [2022-02-02 21:40:25,494] {dag.py:2396} INFO - Sync 1 DAGs
[2022-02-02 21:40:25,543] {logging_mixin.py:109} INFO - [2022-02-02 21:40:25,543] {dag.py:2935} INFO - Setting next_dagrun for Question4_ZONE to None
[2022-02-02 21:40:25,564] {processor.py:171} INFO - Processing /opt/airflow/dags/dag_questions4.py took 1.700 seconds
[2022-02-02 21:40:55,734] {processor.py:163} INFO - Started process (PID=2221) to work on /opt/airflow/dags/dag_questions4.py
[2022-02-02 21:40:55,744] {processor.py:642} INFO - Processing file /opt/airflow/dags/dag_questions4.py for tasks to queue
[2022-02-02 21:40:55,748] {logging_mixin.py:109} INFO - [2022-02-02 21:40:55,746] {dagbag.py:500} INFO - Filling up the DagBag from /opt/airflow/dags/dag_questions4.py
[2022-02-02 21:40:57,314] {processor.py:654} INFO - DAG(s) dict_keys(['Question4_ZONE']) retrieved from /opt/airflow/dags/dag_questions4.py
[2022-02-02 21:40:57,343] {logging_mixin.py:109} INFO - [2022-02-02 21:40:57,342] {dag.py:2396} INFO - Sync 1 DAGs
[2022-02-02 21:40:57,383] {logging_mixin.py:109} INFO - [2022-02-02 21:40:57,383] {dag.py:2935} INFO - Setting next_dagrun for Question4_ZONE to None
[2022-02-02 21:40:57,403] {processor.py:171} INFO - Processing /opt/airflow/dags/dag_questions4.py took 1.677 seconds
[2022-02-02 21:41:27,692] {processor.py:163} INFO - Started process (PID=2260) to work on /opt/airflow/dags/dag_questions4.py
[2022-02-02 21:41:27,695] {processor.py:642} INFO - Processing file /opt/airflow/dags/dag_questions4.py for tasks to queue
[2022-02-02 21:41:27,696] {logging_mixin.py:109} INFO - [2022-02-02 21:41:27,696] {dagbag.py:500} INFO - Filling up the DagBag from /opt/airflow/dags/dag_questions4.py
[2022-02-02 21:41:29,365] {processor.py:654} INFO - DAG(s) dict_keys(['Question4_ZONE']) retrieved from /opt/airflow/dags/dag_questions4.py
[2022-02-02 21:41:29,397] {logging_mixin.py:109} INFO - [2022-02-02 21:41:29,396] {dag.py:2396} INFO - Sync 1 DAGs
[2022-02-02 21:41:29,460] {logging_mixin.py:109} INFO - [2022-02-02 21:41:29,460] {dag.py:2935} INFO - Setting next_dagrun for Question4_ZONE to None
[2022-02-02 21:41:29,486] {processor.py:171} INFO - Processing /opt/airflow/dags/dag_questions4.py took 1.799 seconds
[2022-02-02 21:41:39,207] {processor.py:163} INFO - Started process (PID=2274) to work on /opt/airflow/dags/dag_questions4.py
[2022-02-02 21:41:39,210] {processor.py:642} INFO - Processing file /opt/airflow/dags/dag_questions4.py for tasks to queue
[2022-02-02 21:41:39,211] {logging_mixin.py:109} INFO - [2022-02-02 21:41:39,211] {dagbag.py:500} INFO - Filling up the DagBag from /opt/airflow/dags/dag_questions4.py
[2022-02-02 21:41:40,875] {processor.py:690} INFO - Deactivated 1 DAGs which are no longer present in /opt/airflow/dags/dag_questions4.py
[2022-02-02 21:41:40,875] {processor.py:654} INFO - DAG(s) dict_keys(['Question3_FHV']) retrieved from /opt/airflow/dags/dag_questions4.py
[2022-02-02 21:41:41,685] {logging_mixin.py:109} INFO - [2022-02-02 21:41:41,684] {dag.py:2396} INFO - Sync 1 DAGs
[2022-02-02 21:41:41,740] {logging_mixin.py:109} INFO - [2022-02-02 21:41:41,740] {dag.py:2935} INFO - Setting next_dagrun for Question3_FHV to None
[2022-02-02 21:41:41,781] {processor.py:171} INFO - Processing /opt/airflow/dags/dag_questions4.py took 2.580 seconds
[2022-02-02 21:42:12,082] {processor.py:163} INFO - Started process (PID=2308) to work on /opt/airflow/dags/dag_questions4.py
[2022-02-02 21:42:12,085] {processor.py:642} INFO - Processing file /opt/airflow/dags/dag_questions4.py for tasks to queue
[2022-02-02 21:42:12,086] {logging_mixin.py:109} INFO - [2022-02-02 21:42:12,086] {dagbag.py:500} INFO - Filling up the DagBag from /opt/airflow/dags/dag_questions4.py
[2022-02-02 21:42:13,747] {processor.py:654} INFO - DAG(s) dict_keys(['Question3_FHV']) retrieved from /opt/airflow/dags/dag_questions4.py
[2022-02-02 21:42:13,777] {logging_mixin.py:109} INFO - [2022-02-02 21:42:13,777] {dag.py:2396} INFO - Sync 1 DAGs
[2022-02-02 21:42:13,834] {logging_mixin.py:109} INFO - [2022-02-02 21:42:13,834] {dag.py:2935} INFO - Setting next_dagrun for Question3_FHV to None
[2022-02-02 21:42:13,860] {processor.py:171} INFO - Processing /opt/airflow/dags/dag_questions4.py took 1.784 seconds
[2022-02-02 21:42:44,383] {processor.py:163} INFO - Started process (PID=2342) to work on /opt/airflow/dags/dag_questions4.py
[2022-02-02 21:42:44,386] {processor.py:642} INFO - Processing file /opt/airflow/dags/dag_questions4.py for tasks to queue
[2022-02-02 21:42:44,389] {logging_mixin.py:109} INFO - [2022-02-02 21:42:44,389] {dagbag.py:500} INFO - Filling up the DagBag from /opt/airflow/dags/dag_questions4.py
[2022-02-02 21:42:46,038] {processor.py:654} INFO - DAG(s) dict_keys(['Question3_FHV']) retrieved from /opt/airflow/dags/dag_questions4.py
[2022-02-02 21:42:46,057] {logging_mixin.py:109} INFO - [2022-02-02 21:42:46,056] {dag.py:2396} INFO - Sync 1 DAGs
[2022-02-02 21:42:46,111] {logging_mixin.py:109} INFO - [2022-02-02 21:42:46,110] {dag.py:2935} INFO - Setting next_dagrun for Question3_FHV to None
[2022-02-02 21:42:46,133] {processor.py:171} INFO - Processing /opt/airflow/dags/dag_questions4.py took 1.758 seconds
[2022-02-02 21:43:16,526] {processor.py:163} INFO - Started process (PID=2375) to work on /opt/airflow/dags/dag_questions4.py
[2022-02-02 21:43:16,528] {processor.py:642} INFO - Processing file /opt/airflow/dags/dag_questions4.py for tasks to queue
[2022-02-02 21:43:16,530] {logging_mixin.py:109} INFO - [2022-02-02 21:43:16,530] {dagbag.py:500} INFO - Filling up the DagBag from /opt/airflow/dags/dag_questions4.py
[2022-02-02 21:43:18,240] {processor.py:654} INFO - DAG(s) dict_keys(['Question3_FHV']) retrieved from /opt/airflow/dags/dag_questions4.py
[2022-02-02 21:43:18,828] {logging_mixin.py:109} INFO - [2022-02-02 21:43:18,827] {dag.py:2396} INFO - Sync 1 DAGs
[2022-02-02 21:43:18,876] {logging_mixin.py:109} INFO - [2022-02-02 21:43:18,876] {dag.py:2935} INFO - Setting next_dagrun for Question3_FHV to None
[2022-02-02 21:43:18,906] {processor.py:171} INFO - Processing /opt/airflow/dags/dag_questions4.py took 2.388 seconds
[2022-02-02 21:43:49,711] {processor.py:163} INFO - Started process (PID=2409) to work on /opt/airflow/dags/dag_questions4.py
[2022-02-02 21:43:49,715] {processor.py:642} INFO - Processing file /opt/airflow/dags/dag_questions4.py for tasks to queue
[2022-02-02 21:43:49,717] {logging_mixin.py:109} INFO - [2022-02-02 21:43:49,717] {dagbag.py:500} INFO - Filling up the DagBag from /opt/airflow/dags/dag_questions4.py
[2022-02-02 21:43:51,390] {processor.py:654} INFO - DAG(s) dict_keys(['Question3_FHV']) retrieved from /opt/airflow/dags/dag_questions4.py
[2022-02-02 21:43:51,424] {logging_mixin.py:109} INFO - [2022-02-02 21:43:51,423] {dag.py:2396} INFO - Sync 1 DAGs
[2022-02-02 21:43:51,493] {logging_mixin.py:109} INFO - [2022-02-02 21:43:51,493] {dag.py:2935} INFO - Setting next_dagrun for Question3_FHV to None
[2022-02-02 21:43:51,520] {processor.py:171} INFO - Processing /opt/airflow/dags/dag_questions4.py took 1.817 seconds
[2022-02-02 21:44:21,906] {processor.py:163} INFO - Started process (PID=2443) to work on /opt/airflow/dags/dag_questions4.py
[2022-02-02 21:44:21,911] {processor.py:642} INFO - Processing file /opt/airflow/dags/dag_questions4.py for tasks to queue
[2022-02-02 21:44:21,914] {logging_mixin.py:109} INFO - [2022-02-02 21:44:21,914] {dagbag.py:500} INFO - Filling up the DagBag from /opt/airflow/dags/dag_questions4.py
[2022-02-02 21:44:23,520] {processor.py:654} INFO - DAG(s) dict_keys(['Question3_FHV']) retrieved from /opt/airflow/dags/dag_questions4.py
[2022-02-02 21:44:23,529] {logging_mixin.py:109} INFO - [2022-02-02 21:44:23,528] {dag.py:2396} INFO - Sync 1 DAGs
[2022-02-02 21:44:23,570] {logging_mixin.py:109} INFO - [2022-02-02 21:44:23,570] {dag.py:2935} INFO - Setting next_dagrun for Question3_FHV to None
[2022-02-02 21:44:23,589] {processor.py:171} INFO - Processing /opt/airflow/dags/dag_questions4.py took 1.690 seconds
[2022-02-02 21:44:52,997] {processor.py:163} INFO - Started process (PID=2477) to work on /opt/airflow/dags/dag_questions4.py
[2022-02-02 21:44:53,000] {processor.py:642} INFO - Processing file /opt/airflow/dags/dag_questions4.py for tasks to queue
[2022-02-02 21:44:53,001] {logging_mixin.py:109} INFO - [2022-02-02 21:44:53,001] {dagbag.py:500} INFO - Filling up the DagBag from /opt/airflow/dags/dag_questions4.py
[2022-02-02 21:44:54,646] {processor.py:654} INFO - DAG(s) dict_keys(['Question4_Zone']) retrieved from /opt/airflow/dags/dag_questions4.py
[2022-02-02 21:44:58,824] {logging_mixin.py:109} INFO - [2022-02-02 21:44:58,824] {manager.py:496} INFO - Created Permission View: can read on DAG:Question4_Zone
[2022-02-02 21:44:58,844] {logging_mixin.py:109} INFO - [2022-02-02 21:44:58,844] {manager.py:496} INFO - Created Permission View: can edit on DAG:Question4_Zone
[2022-02-02 21:44:58,846] {logging_mixin.py:109} INFO - [2022-02-02 21:44:58,845] {dag.py:2396} INFO - Sync 1 DAGs
[2022-02-02 21:44:58,864] {logging_mixin.py:109} INFO - [2022-02-02 21:44:58,863] {dag.py:2415} INFO - Creating ORM DAG for Question4_Zone
[2022-02-02 21:44:58,884] {logging_mixin.py:109} INFO - [2022-02-02 21:44:58,884] {dag.py:2935} INFO - Setting next_dagrun for Question4_Zone to 2022-02-03T00:00:00+00:00
[2022-02-02 21:44:58,936] {processor.py:171} INFO - Processing /opt/airflow/dags/dag_questions4.py took 5.945 seconds
[2022-02-02 21:45:29,013] {processor.py:163} INFO - Started process (PID=2523) to work on /opt/airflow/dags/dag_questions4.py
[2022-02-02 21:45:29,015] {processor.py:642} INFO - Processing file /opt/airflow/dags/dag_questions4.py for tasks to queue
[2022-02-02 21:45:29,016] {logging_mixin.py:109} INFO - [2022-02-02 21:45:29,016] {dagbag.py:500} INFO - Filling up the DagBag from /opt/airflow/dags/dag_questions4.py
[2022-02-02 21:45:30,688] {processor.py:654} INFO - DAG(s) dict_keys(['Question4_Zone']) retrieved from /opt/airflow/dags/dag_questions4.py
[2022-02-02 21:45:30,715] {logging_mixin.py:109} INFO - [2022-02-02 21:45:30,715] {dag.py:2396} INFO - Sync 1 DAGs
[2022-02-02 21:45:30,764] {logging_mixin.py:109} INFO - [2022-02-02 21:45:30,763] {dag.py:2935} INFO - Setting next_dagrun for Question4_Zone to 2022-02-03T00:00:00+00:00
[2022-02-02 21:45:30,787] {processor.py:171} INFO - Processing /opt/airflow/dags/dag_questions4.py took 1.780 seconds
[2022-02-02 21:46:00,998] {processor.py:163} INFO - Started process (PID=2557) to work on /opt/airflow/dags/dag_questions4.py
[2022-02-02 21:46:01,001] {processor.py:642} INFO - Processing file /opt/airflow/dags/dag_questions4.py for tasks to queue
[2022-02-02 21:46:01,004] {logging_mixin.py:109} INFO - [2022-02-02 21:46:01,003] {dagbag.py:500} INFO - Filling up the DagBag from /opt/airflow/dags/dag_questions4.py
[2022-02-02 21:46:03,087] {processor.py:654} INFO - DAG(s) dict_keys(['Question4_Zone']) retrieved from /opt/airflow/dags/dag_questions4.py
[2022-02-02 21:46:03,113] {logging_mixin.py:109} INFO - [2022-02-02 21:46:03,112] {dag.py:2396} INFO - Sync 1 DAGs
[2022-02-02 21:46:03,161] {logging_mixin.py:109} INFO - [2022-02-02 21:46:03,161] {dag.py:2935} INFO - Setting next_dagrun for Question4_Zone to 2022-02-03T00:00:00+00:00
[2022-02-02 21:46:03,188] {processor.py:171} INFO - Processing /opt/airflow/dags/dag_questions4.py took 2.194 seconds
[2022-02-02 21:46:08,235] {processor.py:163} INFO - Started process (PID=2562) to work on /opt/airflow/dags/dag_questions4.py
[2022-02-02 21:46:08,238] {processor.py:642} INFO - Processing file /opt/airflow/dags/dag_questions4.py for tasks to queue
[2022-02-02 21:46:08,240] {logging_mixin.py:109} INFO - [2022-02-02 21:46:08,239] {dagbag.py:500} INFO - Filling up the DagBag from /opt/airflow/dags/dag_questions4.py
[2022-02-02 21:46:09,839] {processor.py:654} INFO - DAG(s) dict_keys(['Question4_Zone']) retrieved from /opt/airflow/dags/dag_questions4.py
[2022-02-02 21:46:10,607] {logging_mixin.py:109} INFO - [2022-02-02 21:46:10,606] {dag.py:2396} INFO - Sync 1 DAGs
[2022-02-02 21:46:10,654] {logging_mixin.py:109} INFO - [2022-02-02 21:46:10,654] {dag.py:2935} INFO - Setting next_dagrun for Question4_Zone to 2022-01-01T00:00:00+00:00
[2022-02-02 21:46:10,685] {processor.py:171} INFO - Processing /opt/airflow/dags/dag_questions4.py took 2.458 seconds
[2022-02-02 21:46:41,560] {processor.py:163} INFO - Started process (PID=2595) to work on /opt/airflow/dags/dag_questions4.py
[2022-02-02 21:46:41,564] {processor.py:642} INFO - Processing file /opt/airflow/dags/dag_questions4.py for tasks to queue
[2022-02-02 21:46:41,566] {logging_mixin.py:109} INFO - [2022-02-02 21:46:41,565] {dagbag.py:500} INFO - Filling up the DagBag from /opt/airflow/dags/dag_questions4.py
[2022-02-02 21:46:43,298] {processor.py:654} INFO - DAG(s) dict_keys(['Question4_Zone']) retrieved from /opt/airflow/dags/dag_questions4.py
[2022-02-02 21:46:43,930] {logging_mixin.py:109} INFO - [2022-02-02 21:46:43,929] {dag.py:2396} INFO - Sync 1 DAGs
[2022-02-02 21:46:43,949] {logging_mixin.py:109} INFO - [2022-02-02 21:46:43,948] {dag.py:2415} INFO - Creating ORM DAG for Question4_Zone
[2022-02-02 21:46:43,977] {logging_mixin.py:109} INFO - [2022-02-02 21:46:43,977] {dag.py:2935} INFO - Setting next_dagrun for Question4_Zone to 2022-01-01T00:00:00+00:00
[2022-02-02 21:46:44,010] {processor.py:171} INFO - Processing /opt/airflow/dags/dag_questions4.py took 2.456 seconds
[2022-02-02 21:47:14,394] {processor.py:163} INFO - Started process (PID=2630) to work on /opt/airflow/dags/dag_questions4.py
[2022-02-02 21:47:14,397] {processor.py:642} INFO - Processing file /opt/airflow/dags/dag_questions4.py for tasks to queue
[2022-02-02 21:47:14,398] {logging_mixin.py:109} INFO - [2022-02-02 21:47:14,398] {dagbag.py:500} INFO - Filling up the DagBag from /opt/airflow/dags/dag_questions4.py
[2022-02-02 21:47:15,954] {processor.py:654} INFO - DAG(s) dict_keys(['Question4_Zone']) retrieved from /opt/airflow/dags/dag_questions4.py
[2022-02-02 21:47:15,979] {logging_mixin.py:109} INFO - [2022-02-02 21:47:15,978] {dag.py:2396} INFO - Sync 1 DAGs
[2022-02-02 21:47:16,021] {logging_mixin.py:109} INFO - [2022-02-02 21:47:16,021] {dag.py:2935} INFO - Setting next_dagrun for Question4_Zone to 2022-01-01T00:00:00+00:00
[2022-02-02 21:47:16,042] {processor.py:171} INFO - Processing /opt/airflow/dags/dag_questions4.py took 1.654 seconds
[2022-02-02 21:47:46,582] {processor.py:163} INFO - Started process (PID=2675) to work on /opt/airflow/dags/dag_questions4.py
[2022-02-02 21:47:46,584] {processor.py:642} INFO - Processing file /opt/airflow/dags/dag_questions4.py for tasks to queue
[2022-02-02 21:47:46,586] {logging_mixin.py:109} INFO - [2022-02-02 21:47:46,585] {dagbag.py:500} INFO - Filling up the DagBag from /opt/airflow/dags/dag_questions4.py
[2022-02-02 21:47:48,101] {processor.py:654} INFO - DAG(s) dict_keys(['Question4_Zone']) retrieved from /opt/airflow/dags/dag_questions4.py
[2022-02-02 21:47:48,134] {logging_mixin.py:109} INFO - [2022-02-02 21:47:48,133] {dag.py:2396} INFO - Sync 1 DAGs
[2022-02-02 21:47:48,190] {logging_mixin.py:109} INFO - [2022-02-02 21:47:48,190] {dag.py:2935} INFO - Setting next_dagrun for Question4_Zone to None
[2022-02-02 21:47:48,220] {processor.py:171} INFO - Processing /opt/airflow/dags/dag_questions4.py took 1.644 seconds
[2022-02-02 21:48:15,510] {processor.py:163} INFO - Started process (PID=2709) to work on /opt/airflow/dags/dag_questions4.py
[2022-02-02 21:48:15,514] {processor.py:642} INFO - Processing file /opt/airflow/dags/dag_questions4.py for tasks to queue
[2022-02-02 21:48:15,516] {logging_mixin.py:109} INFO - [2022-02-02 21:48:15,516] {dagbag.py:500} INFO - Filling up the DagBag from /opt/airflow/dags/dag_questions4.py
[2022-02-02 21:48:17,103] {processor.py:654} INFO - DAG(s) dict_keys(['Question4_Zone']) retrieved from /opt/airflow/dags/dag_questions4.py
[2022-02-02 21:48:17,829] {logging_mixin.py:109} INFO - [2022-02-02 21:48:17,829] {dag.py:2396} INFO - Sync 1 DAGs
[2022-02-02 21:48:17,871] {logging_mixin.py:109} INFO - [2022-02-02 21:48:17,871] {dag.py:2935} INFO - Setting next_dagrun for Question4_Zone to None
[2022-02-02 21:48:17,904] {processor.py:171} INFO - Processing /opt/airflow/dags/dag_questions4.py took 2.404 seconds
[2022-02-02 21:48:48,612] {processor.py:163} INFO - Started process (PID=2744) to work on /opt/airflow/dags/dag_questions4.py
[2022-02-02 21:48:48,615] {processor.py:642} INFO - Processing file /opt/airflow/dags/dag_questions4.py for tasks to queue
[2022-02-02 21:48:48,616] {logging_mixin.py:109} INFO - [2022-02-02 21:48:48,616] {dagbag.py:500} INFO - Filling up the DagBag from /opt/airflow/dags/dag_questions4.py
[2022-02-02 21:48:50,317] {processor.py:654} INFO - DAG(s) dict_keys(['Question4_Zone']) retrieved from /opt/airflow/dags/dag_questions4.py
[2022-02-02 21:48:50,344] {logging_mixin.py:109} INFO - [2022-02-02 21:48:50,343] {dag.py:2396} INFO - Sync 1 DAGs
[2022-02-02 21:48:50,387] {logging_mixin.py:109} INFO - [2022-02-02 21:48:50,387] {dag.py:2935} INFO - Setting next_dagrun for Question4_Zone to None
[2022-02-02 21:48:50,407] {processor.py:171} INFO - Processing /opt/airflow/dags/dag_questions4.py took 1.800 seconds
[2022-02-02 21:49:21,105] {processor.py:163} INFO - Started process (PID=2779) to work on /opt/airflow/dags/dag_questions4.py
[2022-02-02 21:49:21,110] {processor.py:642} INFO - Processing file /opt/airflow/dags/dag_questions4.py for tasks to queue
[2022-02-02 21:49:21,112] {logging_mixin.py:109} INFO - [2022-02-02 21:49:21,112] {dagbag.py:500} INFO - Filling up the DagBag from /opt/airflow/dags/dag_questions4.py
[2022-02-02 21:49:22,811] {processor.py:654} INFO - DAG(s) dict_keys(['Question4_Zone']) retrieved from /opt/airflow/dags/dag_questions4.py
[2022-02-02 21:49:23,511] {logging_mixin.py:109} INFO - [2022-02-02 21:49:23,510] {dag.py:2396} INFO - Sync 1 DAGs
[2022-02-02 21:49:23,535] {logging_mixin.py:109} INFO - [2022-02-02 21:49:23,534] {dag.py:2415} INFO - Creating ORM DAG for Question4_Zone
[2022-02-02 21:49:23,573] {logging_mixin.py:109} INFO - [2022-02-02 21:49:23,572] {dag.py:2935} INFO - Setting next_dagrun for Question4_Zone to 2022-01-01T00:00:00+00:00
[2022-02-02 21:49:23,600] {processor.py:171} INFO - Processing /opt/airflow/dags/dag_questions4.py took 2.501 seconds
[2022-02-02 21:49:54,431] {processor.py:163} INFO - Started process (PID=2836) to work on /opt/airflow/dags/dag_questions4.py
[2022-02-02 21:49:54,434] {processor.py:642} INFO - Processing file /opt/airflow/dags/dag_questions4.py for tasks to queue
[2022-02-02 21:49:54,436] {logging_mixin.py:109} INFO - [2022-02-02 21:49:54,435] {dagbag.py:500} INFO - Filling up the DagBag from /opt/airflow/dags/dag_questions4.py
[2022-02-02 21:49:55,524] {processor.py:654} INFO - DAG(s) dict_keys(['Question4_Zone']) retrieved from /opt/airflow/dags/dag_questions4.py
[2022-02-02 21:49:55,545] {logging_mixin.py:109} INFO - [2022-02-02 21:49:55,545] {dag.py:2396} INFO - Sync 1 DAGs
[2022-02-02 21:49:55,580] {logging_mixin.py:109} INFO - [2022-02-02 21:49:55,580] {dag.py:2935} INFO - Setting next_dagrun for Question4_Zone to None
[2022-02-02 21:49:55,592] {processor.py:171} INFO - Processing /opt/airflow/dags/dag_questions4.py took 1.167 seconds
[2022-02-02 21:50:25,726] {processor.py:163} INFO - Started process (PID=2870) to work on /opt/airflow/dags/dag_questions4.py
[2022-02-02 21:50:25,729] {processor.py:642} INFO - Processing file /opt/airflow/dags/dag_questions4.py for tasks to queue
[2022-02-02 21:50:25,731] {logging_mixin.py:109} INFO - [2022-02-02 21:50:25,731] {dagbag.py:500} INFO - Filling up the DagBag from /opt/airflow/dags/dag_questions4.py
[2022-02-02 21:50:27,367] {processor.py:654} INFO - DAG(s) dict_keys(['Question4_Zone']) retrieved from /opt/airflow/dags/dag_questions4.py
[2022-02-02 21:50:27,392] {logging_mixin.py:109} INFO - [2022-02-02 21:50:27,391] {dag.py:2396} INFO - Sync 1 DAGs
[2022-02-02 21:50:27,438] {logging_mixin.py:109} INFO - [2022-02-02 21:50:27,437] {dag.py:2935} INFO - Setting next_dagrun for Question4_Zone to None
[2022-02-02 21:50:27,458] {processor.py:171} INFO - Processing /opt/airflow/dags/dag_questions4.py took 1.739 seconds
[2022-02-02 21:50:57,971] {processor.py:163} INFO - Started process (PID=2905) to work on /opt/airflow/dags/dag_questions4.py
[2022-02-02 21:50:57,974] {processor.py:642} INFO - Processing file /opt/airflow/dags/dag_questions4.py for tasks to queue
[2022-02-02 21:50:57,975] {logging_mixin.py:109} INFO - [2022-02-02 21:50:57,975] {dagbag.py:500} INFO - Filling up the DagBag from /opt/airflow/dags/dag_questions4.py
[2022-02-02 21:50:59,702] {processor.py:654} INFO - DAG(s) dict_keys(['Question4_Zone']) retrieved from /opt/airflow/dags/dag_questions4.py
[2022-02-02 21:50:59,726] {logging_mixin.py:109} INFO - [2022-02-02 21:50:59,725] {dag.py:2396} INFO - Sync 1 DAGs
[2022-02-02 21:50:59,773] {logging_mixin.py:109} INFO - [2022-02-02 21:50:59,773] {dag.py:2935} INFO - Setting next_dagrun for Question4_Zone to None
[2022-02-02 21:50:59,794] {processor.py:171} INFO - Processing /opt/airflow/dags/dag_questions4.py took 1.830 seconds
[2022-02-02 21:51:29,945] {processor.py:163} INFO - Started process (PID=2939) to work on /opt/airflow/dags/dag_questions4.py
[2022-02-02 21:51:29,948] {processor.py:642} INFO - Processing file /opt/airflow/dags/dag_questions4.py for tasks to queue
[2022-02-02 21:51:29,949] {logging_mixin.py:109} INFO - [2022-02-02 21:51:29,949] {dagbag.py:500} INFO - Filling up the DagBag from /opt/airflow/dags/dag_questions4.py
[2022-02-02 21:51:31,653] {processor.py:654} INFO - DAG(s) dict_keys(['Question4_Zone']) retrieved from /opt/airflow/dags/dag_questions4.py
[2022-02-02 21:51:31,681] {logging_mixin.py:109} INFO - [2022-02-02 21:51:31,680] {dag.py:2396} INFO - Sync 1 DAGs
[2022-02-02 21:51:31,734] {logging_mixin.py:109} INFO - [2022-02-02 21:51:31,734] {dag.py:2935} INFO - Setting next_dagrun for Question4_Zone to None
[2022-02-02 21:51:31,759] {processor.py:171} INFO - Processing /opt/airflow/dags/dag_questions4.py took 1.819 seconds
[2022-02-02 21:52:02,683] {processor.py:163} INFO - Started process (PID=2974) to work on /opt/airflow/dags/dag_questions4.py
[2022-02-02 21:52:02,686] {processor.py:642} INFO - Processing file /opt/airflow/dags/dag_questions4.py for tasks to queue
[2022-02-02 21:52:02,688] {logging_mixin.py:109} INFO - [2022-02-02 21:52:02,687] {dagbag.py:500} INFO - Filling up the DagBag from /opt/airflow/dags/dag_questions4.py
[2022-02-02 21:52:04,333] {processor.py:654} INFO - DAG(s) dict_keys(['Question4_Zone']) retrieved from /opt/airflow/dags/dag_questions4.py
[2022-02-02 21:52:04,364] {logging_mixin.py:109} INFO - [2022-02-02 21:52:04,363] {dag.py:2396} INFO - Sync 1 DAGs
[2022-02-02 21:52:04,415] {logging_mixin.py:109} INFO - [2022-02-02 21:52:04,414] {dag.py:2935} INFO - Setting next_dagrun for Question4_Zone to None
[2022-02-02 21:52:04,438] {processor.py:171} INFO - Processing /opt/airflow/dags/dag_questions4.py took 1.761 seconds
[2022-02-02 21:52:34,931] {processor.py:163} INFO - Started process (PID=3008) to work on /opt/airflow/dags/dag_questions4.py
[2022-02-02 21:52:34,934] {processor.py:642} INFO - Processing file /opt/airflow/dags/dag_questions4.py for tasks to queue
[2022-02-02 21:52:34,936] {logging_mixin.py:109} INFO - [2022-02-02 21:52:34,935] {dagbag.py:500} INFO - Filling up the DagBag from /opt/airflow/dags/dag_questions4.py
[2022-02-02 21:52:36,552] {processor.py:654} INFO - DAG(s) dict_keys(['Question4_Zone']) retrieved from /opt/airflow/dags/dag_questions4.py
[2022-02-02 21:52:36,579] {logging_mixin.py:109} INFO - [2022-02-02 21:52:36,579] {dag.py:2396} INFO - Sync 1 DAGs
[2022-02-02 21:52:36,627] {logging_mixin.py:109} INFO - [2022-02-02 21:52:36,627] {dag.py:2935} INFO - Setting next_dagrun for Question4_Zone to None
[2022-02-02 21:52:36,650] {processor.py:171} INFO - Processing /opt/airflow/dags/dag_questions4.py took 1.728 seconds
[2022-02-02 21:53:06,740] {processor.py:163} INFO - Started process (PID=3041) to work on /opt/airflow/dags/dag_questions4.py
[2022-02-02 21:53:06,742] {processor.py:642} INFO - Processing file /opt/airflow/dags/dag_questions4.py for tasks to queue
[2022-02-02 21:53:06,744] {logging_mixin.py:109} INFO - [2022-02-02 21:53:06,743] {dagbag.py:500} INFO - Filling up the DagBag from /opt/airflow/dags/dag_questions4.py
[2022-02-02 21:53:08,308] {processor.py:654} INFO - DAG(s) dict_keys(['Question4_Zone']) retrieved from /opt/airflow/dags/dag_questions4.py
[2022-02-02 21:53:08,344] {logging_mixin.py:109} INFO - [2022-02-02 21:53:08,343] {dag.py:2396} INFO - Sync 1 DAGs
[2022-02-02 21:53:08,400] {logging_mixin.py:109} INFO - [2022-02-02 21:53:08,400] {dag.py:2935} INFO - Setting next_dagrun for Question4_Zone to None
[2022-02-02 21:53:08,427] {processor.py:171} INFO - Processing /opt/airflow/dags/dag_questions4.py took 1.692 seconds
[2022-02-02 21:53:38,755] {processor.py:163} INFO - Started process (PID=3076) to work on /opt/airflow/dags/dag_questions4.py
[2022-02-02 21:53:38,760] {processor.py:642} INFO - Processing file /opt/airflow/dags/dag_questions4.py for tasks to queue
[2022-02-02 21:53:38,762] {logging_mixin.py:109} INFO - [2022-02-02 21:53:38,762] {dagbag.py:500} INFO - Filling up the DagBag from /opt/airflow/dags/dag_questions4.py
[2022-02-02 21:53:40,281] {processor.py:654} INFO - DAG(s) dict_keys(['Question4_Zone']) retrieved from /opt/airflow/dags/dag_questions4.py
[2022-02-02 21:53:40,311] {logging_mixin.py:109} INFO - [2022-02-02 21:53:40,310] {dag.py:2396} INFO - Sync 1 DAGs
[2022-02-02 21:53:40,360] {logging_mixin.py:109} INFO - [2022-02-02 21:53:40,359] {dag.py:2935} INFO - Setting next_dagrun for Question4_Zone to None
[2022-02-02 21:53:40,410] {processor.py:171} INFO - Processing /opt/airflow/dags/dag_questions4.py took 1.664 seconds
[2022-02-02 21:54:10,599] {processor.py:163} INFO - Started process (PID=3111) to work on /opt/airflow/dags/dag_questions4.py
[2022-02-02 21:54:10,602] {processor.py:642} INFO - Processing file /opt/airflow/dags/dag_questions4.py for tasks to queue
[2022-02-02 21:54:10,603] {logging_mixin.py:109} INFO - [2022-02-02 21:54:10,603] {dagbag.py:500} INFO - Filling up the DagBag from /opt/airflow/dags/dag_questions4.py
[2022-02-02 21:54:12,122] {processor.py:654} INFO - DAG(s) dict_keys(['Question4_Zone']) retrieved from /opt/airflow/dags/dag_questions4.py
[2022-02-02 21:54:12,147] {logging_mixin.py:109} INFO - [2022-02-02 21:54:12,146] {dag.py:2396} INFO - Sync 1 DAGs
[2022-02-02 21:54:12,186] {logging_mixin.py:109} INFO - [2022-02-02 21:54:12,186] {dag.py:2935} INFO - Setting next_dagrun for Question4_Zone to None
[2022-02-02 21:54:12,205] {processor.py:171} INFO - Processing /opt/airflow/dags/dag_questions4.py took 1.614 seconds
[2022-02-02 21:54:42,834] {processor.py:163} INFO - Started process (PID=3146) to work on /opt/airflow/dags/dag_questions4.py
[2022-02-02 21:54:42,836] {processor.py:642} INFO - Processing file /opt/airflow/dags/dag_questions4.py for tasks to queue
[2022-02-02 21:54:42,838] {logging_mixin.py:109} INFO - [2022-02-02 21:54:42,838] {dagbag.py:500} INFO - Filling up the DagBag from /opt/airflow/dags/dag_questions4.py
[2022-02-02 21:54:44,566] {processor.py:654} INFO - DAG(s) dict_keys(['Question4_Zone']) retrieved from /opt/airflow/dags/dag_questions4.py
[2022-02-02 21:54:44,596] {logging_mixin.py:109} INFO - [2022-02-02 21:54:44,596] {dag.py:2396} INFO - Sync 1 DAGs
[2022-02-02 21:54:44,653] {logging_mixin.py:109} INFO - [2022-02-02 21:54:44,653] {dag.py:2935} INFO - Setting next_dagrun for Question4_Zone to None
[2022-02-02 21:54:44,676] {processor.py:171} INFO - Processing /opt/airflow/dags/dag_questions4.py took 1.849 seconds
[2022-02-02 21:55:15,025] {processor.py:163} INFO - Started process (PID=3179) to work on /opt/airflow/dags/dag_questions4.py
[2022-02-02 21:55:15,051] {processor.py:642} INFO - Processing file /opt/airflow/dags/dag_questions4.py for tasks to queue
[2022-02-02 21:55:15,070] {logging_mixin.py:109} INFO - [2022-02-02 21:55:15,069] {dagbag.py:500} INFO - Filling up the DagBag from /opt/airflow/dags/dag_questions4.py
[2022-02-02 21:55:16,681] {processor.py:654} INFO - DAG(s) dict_keys(['Question4_Zone']) retrieved from /opt/airflow/dags/dag_questions4.py
[2022-02-02 21:55:16,705] {logging_mixin.py:109} INFO - [2022-02-02 21:55:16,705] {dag.py:2396} INFO - Sync 1 DAGs
[2022-02-02 21:55:16,753] {logging_mixin.py:109} INFO - [2022-02-02 21:55:16,752] {dag.py:2935} INFO - Setting next_dagrun for Question4_Zone to None
[2022-02-02 21:55:16,774] {processor.py:171} INFO - Processing /opt/airflow/dags/dag_questions4.py took 1.756 seconds
[2022-02-02 21:55:47,004] {processor.py:163} INFO - Started process (PID=3213) to work on /opt/airflow/dags/dag_questions4.py
[2022-02-02 21:55:47,007] {processor.py:642} INFO - Processing file /opt/airflow/dags/dag_questions4.py for tasks to queue
[2022-02-02 21:55:47,008] {logging_mixin.py:109} INFO - [2022-02-02 21:55:47,008] {dagbag.py:500} INFO - Filling up the DagBag from /opt/airflow/dags/dag_questions4.py
[2022-02-02 21:55:48,775] {processor.py:654} INFO - DAG(s) dict_keys(['Question4_Zone']) retrieved from /opt/airflow/dags/dag_questions4.py
[2022-02-02 21:55:48,799] {logging_mixin.py:109} INFO - [2022-02-02 21:55:48,799] {dag.py:2396} INFO - Sync 1 DAGs
[2022-02-02 21:55:48,854] {logging_mixin.py:109} INFO - [2022-02-02 21:55:48,854] {dag.py:2935} INFO - Setting next_dagrun for Question4_Zone to None
[2022-02-02 21:55:48,879] {processor.py:171} INFO - Processing /opt/airflow/dags/dag_questions4.py took 1.879 seconds
[2022-02-02 21:56:19,574] {processor.py:163} INFO - Started process (PID=3245) to work on /opt/airflow/dags/dag_questions4.py
[2022-02-02 21:56:19,576] {processor.py:642} INFO - Processing file /opt/airflow/dags/dag_questions4.py for tasks to queue
[2022-02-02 21:56:19,578] {logging_mixin.py:109} INFO - [2022-02-02 21:56:19,578] {dagbag.py:500} INFO - Filling up the DagBag from /opt/airflow/dags/dag_questions4.py
[2022-02-02 21:56:21,335] {processor.py:654} INFO - DAG(s) dict_keys(['Question4_Zone']) retrieved from /opt/airflow/dags/dag_questions4.py
[2022-02-02 21:56:21,363] {logging_mixin.py:109} INFO - [2022-02-02 21:56:21,362] {dag.py:2396} INFO - Sync 1 DAGs
[2022-02-02 21:56:21,413] {logging_mixin.py:109} INFO - [2022-02-02 21:56:21,413] {dag.py:2935} INFO - Setting next_dagrun for Question4_Zone to None
[2022-02-02 21:56:21,433] {processor.py:171} INFO - Processing /opt/airflow/dags/dag_questions4.py took 1.867 seconds
[2022-02-02 21:56:51,591] {processor.py:163} INFO - Started process (PID=3278) to work on /opt/airflow/dags/dag_questions4.py
[2022-02-02 21:56:51,593] {processor.py:642} INFO - Processing file /opt/airflow/dags/dag_questions4.py for tasks to queue
[2022-02-02 21:56:51,595] {logging_mixin.py:109} INFO - [2022-02-02 21:56:51,595] {dagbag.py:500} INFO - Filling up the DagBag from /opt/airflow/dags/dag_questions4.py
[2022-02-02 21:56:53,551] {processor.py:654} INFO - DAG(s) dict_keys(['Question4_Zone']) retrieved from /opt/airflow/dags/dag_questions4.py
[2022-02-02 21:56:53,576] {logging_mixin.py:109} INFO - [2022-02-02 21:56:53,576] {dag.py:2396} INFO - Sync 1 DAGs
[2022-02-02 21:56:53,637] {logging_mixin.py:109} INFO - [2022-02-02 21:56:53,637] {dag.py:2935} INFO - Setting next_dagrun for Question4_Zone to None
[2022-02-02 21:56:53,666] {processor.py:171} INFO - Processing /opt/airflow/dags/dag_questions4.py took 2.081 seconds
[2022-02-02 21:57:24,001] {processor.py:163} INFO - Started process (PID=3316) to work on /opt/airflow/dags/dag_questions4.py
[2022-02-02 21:57:24,007] {processor.py:642} INFO - Processing file /opt/airflow/dags/dag_questions4.py for tasks to queue
[2022-02-02 21:57:24,008] {logging_mixin.py:109} INFO - [2022-02-02 21:57:24,008] {dagbag.py:500} INFO - Filling up the DagBag from /opt/airflow/dags/dag_questions4.py
[2022-02-02 21:57:25,482] {processor.py:654} INFO - DAG(s) dict_keys(['Question4_Zone']) retrieved from /opt/airflow/dags/dag_questions4.py
[2022-02-02 21:57:25,508] {logging_mixin.py:109} INFO - [2022-02-02 21:57:25,508] {dag.py:2396} INFO - Sync 1 DAGs
[2022-02-02 21:57:25,546] {logging_mixin.py:109} INFO - [2022-02-02 21:57:25,546] {dag.py:2935} INFO - Setting next_dagrun for Question4_Zone to None
[2022-02-02 21:57:25,566] {processor.py:171} INFO - Processing /opt/airflow/dags/dag_questions4.py took 1.574 seconds
[2022-02-02 21:57:55,796] {processor.py:163} INFO - Started process (PID=3350) to work on /opt/airflow/dags/dag_questions4.py
[2022-02-02 21:57:55,805] {processor.py:642} INFO - Processing file /opt/airflow/dags/dag_questions4.py for tasks to queue
[2022-02-02 21:57:55,807] {logging_mixin.py:109} INFO - [2022-02-02 21:57:55,806] {dagbag.py:500} INFO - Filling up the DagBag from /opt/airflow/dags/dag_questions4.py
[2022-02-02 21:57:57,571] {processor.py:654} INFO - DAG(s) dict_keys(['Question4_Zone']) retrieved from /opt/airflow/dags/dag_questions4.py
[2022-02-02 21:57:57,609] {logging_mixin.py:109} INFO - [2022-02-02 21:57:57,608] {dag.py:2396} INFO - Sync 1 DAGs
[2022-02-02 21:57:57,654] {logging_mixin.py:109} INFO - [2022-02-02 21:57:57,654] {dag.py:2935} INFO - Setting next_dagrun for Question4_Zone to None
[2022-02-02 21:57:57,693] {processor.py:171} INFO - Processing /opt/airflow/dags/dag_questions4.py took 1.909 seconds
[2022-02-02 21:58:28,293] {processor.py:163} INFO - Started process (PID=3386) to work on /opt/airflow/dags/dag_questions4.py
[2022-02-02 21:58:28,295] {processor.py:642} INFO - Processing file /opt/airflow/dags/dag_questions4.py for tasks to queue
[2022-02-02 21:58:28,297] {logging_mixin.py:109} INFO - [2022-02-02 21:58:28,297] {dagbag.py:500} INFO - Filling up the DagBag from /opt/airflow/dags/dag_questions4.py
[2022-02-02 21:58:29,713] {processor.py:654} INFO - DAG(s) dict_keys(['Question4_Zone']) retrieved from /opt/airflow/dags/dag_questions4.py
[2022-02-02 21:58:29,731] {logging_mixin.py:109} INFO - [2022-02-02 21:58:29,731] {dag.py:2396} INFO - Sync 1 DAGs
[2022-02-02 21:58:29,766] {logging_mixin.py:109} INFO - [2022-02-02 21:58:29,765] {dag.py:2935} INFO - Setting next_dagrun for Question4_Zone to None
[2022-02-02 21:58:29,779] {processor.py:171} INFO - Processing /opt/airflow/dags/dag_questions4.py took 1.492 seconds
[2022-02-02 21:58:59,864] {processor.py:163} INFO - Started process (PID=3419) to work on /opt/airflow/dags/dag_questions4.py
[2022-02-02 21:58:59,869] {processor.py:642} INFO - Processing file /opt/airflow/dags/dag_questions4.py for tasks to queue
[2022-02-02 21:58:59,871] {logging_mixin.py:109} INFO - [2022-02-02 21:58:59,870] {dagbag.py:500} INFO - Filling up the DagBag from /opt/airflow/dags/dag_questions4.py
[2022-02-02 21:59:01,508] {processor.py:654} INFO - DAG(s) dict_keys(['Question4_Zone']) retrieved from /opt/airflow/dags/dag_questions4.py
[2022-02-02 21:59:01,531] {logging_mixin.py:109} INFO - [2022-02-02 21:59:01,530] {dag.py:2396} INFO - Sync 1 DAGs
[2022-02-02 21:59:01,576] {logging_mixin.py:109} INFO - [2022-02-02 21:59:01,575] {dag.py:2935} INFO - Setting next_dagrun for Question4_Zone to None
[2022-02-02 21:59:01,598] {processor.py:171} INFO - Processing /opt/airflow/dags/dag_questions4.py took 1.744 seconds
[2022-02-02 21:59:31,691] {processor.py:163} INFO - Started process (PID=3453) to work on /opt/airflow/dags/dag_questions4.py
[2022-02-02 21:59:31,693] {processor.py:642} INFO - Processing file /opt/airflow/dags/dag_questions4.py for tasks to queue
[2022-02-02 21:59:31,695] {logging_mixin.py:109} INFO - [2022-02-02 21:59:31,695] {dagbag.py:500} INFO - Filling up the DagBag from /opt/airflow/dags/dag_questions4.py
[2022-02-02 21:59:33,380] {processor.py:654} INFO - DAG(s) dict_keys(['Question4_Zone']) retrieved from /opt/airflow/dags/dag_questions4.py
[2022-02-02 21:59:33,418] {logging_mixin.py:109} INFO - [2022-02-02 21:59:33,417] {dag.py:2396} INFO - Sync 1 DAGs
[2022-02-02 21:59:33,480] {logging_mixin.py:109} INFO - [2022-02-02 21:59:33,480] {dag.py:2935} INFO - Setting next_dagrun for Question4_Zone to None
[2022-02-02 21:59:33,536] {processor.py:171} INFO - Processing /opt/airflow/dags/dag_questions4.py took 1.852 seconds
[2022-02-02 22:00:03,863] {processor.py:163} INFO - Started process (PID=3487) to work on /opt/airflow/dags/dag_questions4.py
[2022-02-02 22:00:03,866] {processor.py:642} INFO - Processing file /opt/airflow/dags/dag_questions4.py for tasks to queue
[2022-02-02 22:00:03,868] {logging_mixin.py:109} INFO - [2022-02-02 22:00:03,868] {dagbag.py:500} INFO - Filling up the DagBag from /opt/airflow/dags/dag_questions4.py
[2022-02-02 22:00:05,601] {processor.py:654} INFO - DAG(s) dict_keys(['Question4_Zone']) retrieved from /opt/airflow/dags/dag_questions4.py
[2022-02-02 22:00:05,631] {logging_mixin.py:109} INFO - [2022-02-02 22:00:05,631] {dag.py:2396} INFO - Sync 1 DAGs
[2022-02-02 22:00:05,679] {logging_mixin.py:109} INFO - [2022-02-02 22:00:05,679] {dag.py:2935} INFO - Setting next_dagrun for Question4_Zone to None
[2022-02-02 22:00:05,704] {processor.py:171} INFO - Processing /opt/airflow/dags/dag_questions4.py took 1.849 seconds
