[2022-02-02 21:24:05,500] {taskinstance.py:1032} INFO - Dependencies all met for <TaskInstance: Question3_FHV.dowdata scheduled__2019-08-02T06:00:00+00:00 [queued]>
[2022-02-02 21:24:05,538] {taskinstance.py:1032} INFO - Dependencies all met for <TaskInstance: Question3_FHV.dowdata scheduled__2019-08-02T06:00:00+00:00 [queued]>
[2022-02-02 21:24:05,538] {taskinstance.py:1238} INFO - 
--------------------------------------------------------------------------------
[2022-02-02 21:24:05,538] {taskinstance.py:1239} INFO - Starting attempt 1 of 2
[2022-02-02 21:24:05,538] {taskinstance.py:1240} INFO - 
--------------------------------------------------------------------------------
[2022-02-02 21:24:05,579] {taskinstance.py:1259} INFO - Executing <Task(BashOperator): dowdata> on 2019-08-02 06:00:00+00:00
[2022-02-02 21:24:05,586] {standard_task_runner.py:52} INFO - Started process 1194 to run task
[2022-02-02 21:24:05,592] {standard_task_runner.py:76} INFO - Running: ['***', 'tasks', 'run', 'Question3_FHV', 'dowdata', 'scheduled__2019-08-02T06:00:00+00:00', '--job-id', '340', '--raw', '--subdir', 'DAGS_FOLDER/dag_questions3.py', '--cfg-path', '/tmp/tmp5g2k1b89', '--error-file', '/tmp/tmp8vym7n4f']
[2022-02-02 21:24:05,594] {standard_task_runner.py:77} INFO - Job 340: Subtask dowdata
[2022-02-02 21:24:05,747] {logging_mixin.py:109} INFO - Running <TaskInstance: Question3_FHV.dowdata scheduled__2019-08-02T06:00:00+00:00 [running]> on host d574c7c5b085
[2022-02-02 21:24:05,880] {warnings.py:110} WARNING - /home/***/.local/lib/python3.7/site-packages/***/utils/context.py:152: AirflowContextDeprecationWarning: Accessing 'execution_date' from the template is deprecated and will be removed in a future version. Please use 'data_interval_start' or 'logical_date' instead.
  warnings.warn(_create_deprecation_warning(key, self._deprecation_replacements[key]))

[2022-02-02 21:24:05,927] {taskinstance.py:1426} INFO - Exporting the following env vars:
AIRFLOW_CTX_DAG_OWNER=***
AIRFLOW_CTX_DAG_ID=Question3_FHV
AIRFLOW_CTX_TASK_ID=dowdata
AIRFLOW_CTX_EXECUTION_DATE=2019-08-02T06:00:00+00:00
AIRFLOW_CTX_DAG_RUN_ID=scheduled__2019-08-02T06:00:00+00:00
[2022-02-02 21:24:05,930] {subprocess.py:62} INFO - Tmp dir root location: 
 /tmp
[2022-02-02 21:24:05,931] {subprocess.py:74} INFO - Running command: ['bash', '-c', 'curl -sSLf https://nyc-tlc.s3.amazonaws.com/trip+data/fhv_tripdata_2019-08.csv > /opt/***output_fhv_2019-08.csv']
[2022-02-02 21:24:05,948] {subprocess.py:85} INFO - Output:
[2022-02-02 21:24:18,849] {subprocess.py:93} INFO - Command exited with return code 0
[2022-02-02 21:24:18,914] {taskinstance.py:1277} INFO - Marking task as SUCCESS. dag_id=Question3_FHV, task_id=dowdata, execution_date=20190802T060000, start_date=20220202T212405, end_date=20220202T212418
[2022-02-02 21:24:18,991] {local_task_job.py:154} INFO - Task exited with return code 0
[2022-02-02 21:24:19,104] {local_task_job.py:264} INFO - 1 downstream tasks scheduled from follow-on schedule check
[2022-02-09 11:37:35,267] {taskinstance.py:1032} INFO - Dependencies all met for <TaskInstance: Question3_FHV.dowdata scheduled__2019-08-02T06:00:00+00:00 [queued]>
[2022-02-09 11:37:35,311] {taskinstance.py:1032} INFO - Dependencies all met for <TaskInstance: Question3_FHV.dowdata scheduled__2019-08-02T06:00:00+00:00 [queued]>
[2022-02-09 11:37:35,312] {taskinstance.py:1238} INFO - 
--------------------------------------------------------------------------------
[2022-02-09 11:37:35,313] {taskinstance.py:1239} INFO - Starting attempt 1 of 2
[2022-02-09 11:37:35,313] {taskinstance.py:1240} INFO - 
--------------------------------------------------------------------------------
[2022-02-09 11:37:35,380] {taskinstance.py:1259} INFO - Executing <Task(BashOperator): dowdata> on 2019-08-02 06:00:00+00:00
[2022-02-09 11:37:35,388] {standard_task_runner.py:52} INFO - Started process 783 to run task
[2022-02-09 11:37:35,395] {standard_task_runner.py:76} INFO - Running: ['***', 'tasks', 'run', 'Question3_FHV', 'dowdata', 'scheduled__2019-08-02T06:00:00+00:00', '--job-id', '409', '--raw', '--subdir', 'DAGS_FOLDER/dag_questions3.py', '--cfg-path', '/tmp/tmpezzan4lh', '--error-file', '/tmp/tmpcuy4wz52']
[2022-02-09 11:37:35,397] {standard_task_runner.py:77} INFO - Job 409: Subtask dowdata
[2022-02-09 11:37:35,612] {logging_mixin.py:109} INFO - Running <TaskInstance: Question3_FHV.dowdata scheduled__2019-08-02T06:00:00+00:00 [running]> on host c5795c3f6004
[2022-02-09 11:37:35,764] {warnings.py:110} WARNING - /home/***/.local/lib/python3.7/site-packages/***/utils/context.py:152: AirflowContextDeprecationWarning: Accessing 'execution_date' from the template is deprecated and will be removed in a future version. Please use 'data_interval_start' or 'logical_date' instead.
  warnings.warn(_create_deprecation_warning(key, self._deprecation_replacements[key]))

[2022-02-09 11:37:35,816] {taskinstance.py:1426} INFO - Exporting the following env vars:
AIRFLOW_CTX_DAG_OWNER=***
AIRFLOW_CTX_DAG_ID=Question3_FHV
AIRFLOW_CTX_TASK_ID=dowdata
AIRFLOW_CTX_EXECUTION_DATE=2019-08-02T06:00:00+00:00
AIRFLOW_CTX_DAG_RUN_ID=scheduled__2019-08-02T06:00:00+00:00
[2022-02-09 11:37:35,819] {subprocess.py:62} INFO - Tmp dir root location: 
 /tmp
[2022-02-09 11:37:35,820] {subprocess.py:74} INFO - Running command: ['bash', '-c', 'curl -sSLf https://nyc-tlc.s3.amazonaws.com/trip+data/fhv_tripdata_2019-08.csv > /opt/***output_fhv_2019-08.csv']
[2022-02-09 11:37:35,840] {subprocess.py:85} INFO - Output:
[2022-02-09 11:39:11,310] {subprocess.py:93} INFO - Command exited with return code 0
[2022-02-09 11:39:11,383] {taskinstance.py:1277} INFO - Marking task as SUCCESS. dag_id=Question3_FHV, task_id=dowdata, execution_date=20190802T060000, start_date=20220209T113735, end_date=20220209T113911
[2022-02-09 11:39:11,473] {local_task_job.py:154} INFO - Task exited with return code 0
[2022-02-09 11:39:11,597] {local_task_job.py:264} INFO - 1 downstream tasks scheduled from follow-on schedule check
[2022-02-10 01:13:20,339] {taskinstance.py:1032} INFO - Dependencies all met for <TaskInstance: Question3_FHV.dowdata scheduled__2019-08-02T06:00:00+00:00 [queued]>
[2022-02-10 01:13:20,378] {taskinstance.py:1032} INFO - Dependencies all met for <TaskInstance: Question3_FHV.dowdata scheduled__2019-08-02T06:00:00+00:00 [queued]>
[2022-02-10 01:13:20,378] {taskinstance.py:1238} INFO - 
--------------------------------------------------------------------------------
[2022-02-10 01:13:20,379] {taskinstance.py:1239} INFO - Starting attempt 1 of 2
[2022-02-10 01:13:20,379] {taskinstance.py:1240} INFO - 
--------------------------------------------------------------------------------
[2022-02-10 01:13:20,421] {taskinstance.py:1259} INFO - Executing <Task(BashOperator): dowdata> on 2019-08-02 06:00:00+00:00
[2022-02-10 01:13:20,431] {standard_task_runner.py:52} INFO - Started process 7390 to run task
[2022-02-10 01:13:20,437] {standard_task_runner.py:76} INFO - Running: ['***', 'tasks', 'run', 'Question3_FHV', 'dowdata', 'scheduled__2019-08-02T06:00:00+00:00', '--job-id', '480', '--raw', '--subdir', 'DAGS_FOLDER/dag_questions3.py', '--cfg-path', '/tmp/tmpo1kt74g4', '--error-file', '/tmp/tmp7h0c9mkf']
[2022-02-10 01:13:20,439] {standard_task_runner.py:77} INFO - Job 480: Subtask dowdata
[2022-02-10 01:13:20,617] {logging_mixin.py:109} INFO - Running <TaskInstance: Question3_FHV.dowdata scheduled__2019-08-02T06:00:00+00:00 [running]> on host 0fd4ea805f5e
[2022-02-10 01:13:20,743] {warnings.py:110} WARNING - /home/***/.local/lib/python3.7/site-packages/***/utils/context.py:152: AirflowContextDeprecationWarning: Accessing 'execution_date' from the template is deprecated and will be removed in a future version. Please use 'data_interval_start' or 'logical_date' instead.
  warnings.warn(_create_deprecation_warning(key, self._deprecation_replacements[key]))

[2022-02-10 01:13:20,790] {taskinstance.py:1426} INFO - Exporting the following env vars:
AIRFLOW_CTX_DAG_OWNER=***
AIRFLOW_CTX_DAG_ID=Question3_FHV
AIRFLOW_CTX_TASK_ID=dowdata
AIRFLOW_CTX_EXECUTION_DATE=2019-08-02T06:00:00+00:00
AIRFLOW_CTX_DAG_RUN_ID=scheduled__2019-08-02T06:00:00+00:00
[2022-02-10 01:13:20,793] {subprocess.py:62} INFO - Tmp dir root location: 
 /tmp
[2022-02-10 01:13:20,794] {subprocess.py:74} INFO - Running command: ['bash', '-c', 'curl -sSLf https://nyc-tlc.s3.amazonaws.com/trip+data/fhv_tripdata_2019-08.csv > /opt/***fhv_2019-08.csv']
[2022-02-10 01:13:20,831] {subprocess.py:85} INFO - Output:
[2022-02-10 01:13:35,266] {subprocess.py:93} INFO - Command exited with return code 0
[2022-02-10 01:13:35,347] {taskinstance.py:1277} INFO - Marking task as SUCCESS. dag_id=Question3_FHV, task_id=dowdata, execution_date=20190802T060000, start_date=20220210T011320, end_date=20220210T011335
[2022-02-10 01:13:35,430] {local_task_job.py:154} INFO - Task exited with return code 0
[2022-02-10 01:13:35,563] {local_task_job.py:264} INFO - 1 downstream tasks scheduled from follow-on schedule check
