[2022-02-02 21:22:18,560] {taskinstance.py:1032} INFO - Dependencies all met for <TaskInstance: Question3_FHV.local_to_gcs_task scheduled__2019-07-02T06:00:00+00:00 [queued]>
[2022-02-02 21:22:18,610] {taskinstance.py:1032} INFO - Dependencies all met for <TaskInstance: Question3_FHV.local_to_gcs_task scheduled__2019-07-02T06:00:00+00:00 [queued]>
[2022-02-02 21:22:18,611] {taskinstance.py:1238} INFO - 
--------------------------------------------------------------------------------
[2022-02-02 21:22:18,611] {taskinstance.py:1239} INFO - Starting attempt 1 of 1
[2022-02-02 21:22:18,612] {taskinstance.py:1240} INFO - 
--------------------------------------------------------------------------------
[2022-02-02 21:22:18,650] {taskinstance.py:1259} INFO - Executing <Task(PythonOperator): local_to_gcs_task> on 2019-07-02 06:00:00+00:00
[2022-02-02 21:22:18,656] {standard_task_runner.py:52} INFO - Started process 1115 to run task
[2022-02-02 21:22:18,663] {standard_task_runner.py:76} INFO - Running: ['***', 'tasks', 'run', 'Question3_FHV', 'local_to_gcs_task', 'scheduled__2019-07-02T06:00:00+00:00', '--job-id', '338', '--raw', '--subdir', 'DAGS_FOLDER/dag_questions3.py', '--cfg-path', '/tmp/tmp_b4zltwr', '--error-file', '/tmp/tmpmcszbpw4']
[2022-02-02 21:22:18,665] {standard_task_runner.py:77} INFO - Job 338: Subtask local_to_gcs_task
[2022-02-02 21:22:18,873] {logging_mixin.py:109} INFO - Running <TaskInstance: Question3_FHV.local_to_gcs_task scheduled__2019-07-02T06:00:00+00:00 [running]> on host d574c7c5b085
[2022-02-02 21:22:19,029] {warnings.py:110} WARNING - /home/***/.local/lib/python3.7/site-packages/***/utils/context.py:152: AirflowContextDeprecationWarning: Accessing 'execution_date' from the template is deprecated and will be removed in a future version. Please use 'data_interval_start' or 'logical_date' instead.
  warnings.warn(_create_deprecation_warning(key, self._deprecation_replacements[key]))

[2022-02-02 21:22:19,099] {taskinstance.py:1426} INFO - Exporting the following env vars:
AIRFLOW_CTX_DAG_OWNER=***
AIRFLOW_CTX_DAG_ID=Question3_FHV
AIRFLOW_CTX_TASK_ID=local_to_gcs_task
AIRFLOW_CTX_EXECUTION_DATE=2019-07-02T06:00:00+00:00
AIRFLOW_CTX_DAG_RUN_ID=scheduled__2019-07-02T06:00:00+00:00
[2022-02-02 21:23:34,094] {python.py:175} INFO - Done. Returned value was: None
[2022-02-02 21:23:34,131] {taskinstance.py:1277} INFO - Marking task as SUCCESS. dag_id=Question3_FHV, task_id=local_to_gcs_task, execution_date=20190702T060000, start_date=20220202T212218, end_date=20220202T212334
[2022-02-02 21:23:34,213] {local_task_job.py:154} INFO - Task exited with return code 0
[2022-02-02 21:23:34,369] {local_task_job.py:264} INFO - 1 downstream tasks scheduled from follow-on schedule check
