[2022-01-30 16:01:11,656] {taskinstance.py:1032} INFO - Dependencies all met for <TaskInstance: HomeWorkWeek2.local_to_gcs_task scheduled__2019-03-02T06:00:00+00:00 [queued]>
[2022-01-30 16:01:11,704] {taskinstance.py:1032} INFO - Dependencies all met for <TaskInstance: HomeWorkWeek2.local_to_gcs_task scheduled__2019-03-02T06:00:00+00:00 [queued]>
[2022-01-30 16:01:11,704] {taskinstance.py:1238} INFO - 
--------------------------------------------------------------------------------
[2022-01-30 16:01:11,704] {taskinstance.py:1239} INFO - Starting attempt 1 of 1
[2022-01-30 16:01:11,705] {taskinstance.py:1240} INFO - 
--------------------------------------------------------------------------------
[2022-01-30 16:01:11,758] {taskinstance.py:1259} INFO - Executing <Task(PythonOperator): local_to_gcs_task> on 2019-03-02 06:00:00+00:00
[2022-01-30 16:01:11,783] {standard_task_runner.py:52} INFO - Started process 618 to run task
[2022-01-30 16:01:11,789] {standard_task_runner.py:76} INFO - Running: ['***', 'tasks', 'run', 'HomeWorkWeek2', 'local_to_gcs_task', 'scheduled__2019-03-02T06:00:00+00:00', '--job-id', '298', '--raw', '--subdir', 'DAGS_FOLDER/dag_questions1.py', '--cfg-path', '/tmp/tmp998bel5g', '--error-file', '/tmp/tmp0kgb7fsa']
[2022-01-30 16:01:11,829] {standard_task_runner.py:77} INFO - Job 298: Subtask local_to_gcs_task
[2022-01-30 16:01:12,361] {logging_mixin.py:109} INFO - Running <TaskInstance: HomeWorkWeek2.local_to_gcs_task scheduled__2019-03-02T06:00:00+00:00 [running]> on host 76a6ca5a1f6b
[2022-01-30 16:01:12,616] {warnings.py:110} WARNING - /home/***/.local/lib/python3.7/site-packages/***/utils/context.py:152: AirflowContextDeprecationWarning: Accessing 'execution_date' from the template is deprecated and will be removed in a future version. Please use 'data_interval_start' or 'logical_date' instead.
  warnings.warn(_create_deprecation_warning(key, self._deprecation_replacements[key]))

[2022-01-30 16:01:12,747] {taskinstance.py:1426} INFO - Exporting the following env vars:
AIRFLOW_CTX_DAG_OWNER=***
AIRFLOW_CTX_DAG_ID=HomeWorkWeek2
AIRFLOW_CTX_TASK_ID=local_to_gcs_task
AIRFLOW_CTX_EXECUTION_DATE=2019-03-02T06:00:00+00:00
AIRFLOW_CTX_DAG_RUN_ID=scheduled__2019-03-02T06:00:00+00:00
