[2022-02-02 21:27:37,832] {taskinstance.py:1032} INFO - Dependencies all met for <TaskInstance: Question3_FHV.csv_to_parquet scheduled__2019-11-02T06:00:00+00:00 [queued]>
[2022-02-02 21:27:37,886] {taskinstance.py:1032} INFO - Dependencies all met for <TaskInstance: Question3_FHV.csv_to_parquet scheduled__2019-11-02T06:00:00+00:00 [queued]>
[2022-02-02 21:27:37,887] {taskinstance.py:1238} INFO - 
--------------------------------------------------------------------------------
[2022-02-02 21:27:37,887] {taskinstance.py:1239} INFO - Starting attempt 1 of 2
[2022-02-02 21:27:37,887] {taskinstance.py:1240} INFO - 
--------------------------------------------------------------------------------
[2022-02-02 21:27:37,933] {taskinstance.py:1259} INFO - Executing <Task(PythonOperator): csv_to_parquet> on 2019-11-02 06:00:00+00:00
[2022-02-02 21:27:37,940] {standard_task_runner.py:52} INFO - Started process 1421 to run task
[2022-02-02 21:27:37,947] {standard_task_runner.py:76} INFO - Running: ['***', 'tasks', 'run', 'Question3_FHV', 'csv_to_parquet', 'scheduled__2019-11-02T06:00:00+00:00', '--job-id', '353', '--raw', '--subdir', 'DAGS_FOLDER/dag_questions3.py', '--cfg-path', '/tmp/tmpa2jgvgsp', '--error-file', '/tmp/tmpggoyn44i']
[2022-02-02 21:27:37,948] {standard_task_runner.py:77} INFO - Job 353: Subtask csv_to_parquet
[2022-02-02 21:27:38,131] {logging_mixin.py:109} INFO - Running <TaskInstance: Question3_FHV.csv_to_parquet scheduled__2019-11-02T06:00:00+00:00 [running]> on host d574c7c5b085
[2022-02-02 21:27:38,252] {warnings.py:110} WARNING - /home/***/.local/lib/python3.7/site-packages/***/utils/context.py:152: AirflowContextDeprecationWarning: Accessing 'execution_date' from the template is deprecated and will be removed in a future version. Please use 'data_interval_start' or 'logical_date' instead.
  warnings.warn(_create_deprecation_warning(key, self._deprecation_replacements[key]))

[2022-02-02 21:27:38,301] {taskinstance.py:1426} INFO - Exporting the following env vars:
AIRFLOW_CTX_DAG_OWNER=***
AIRFLOW_CTX_DAG_ID=Question3_FHV
AIRFLOW_CTX_TASK_ID=csv_to_parquet
AIRFLOW_CTX_EXECUTION_DATE=2019-11-02T06:00:00+00:00
AIRFLOW_CTX_DAG_RUN_ID=scheduled__2019-11-02T06:00:00+00:00
[2022-02-02 21:27:39,682] {python.py:175} INFO - Done. Returned value was: None
[2022-02-02 21:27:39,713] {taskinstance.py:1277} INFO - Marking task as SUCCESS. dag_id=Question3_FHV, task_id=csv_to_parquet, execution_date=20191102T060000, start_date=20220202T212737, end_date=20220202T212739
[2022-02-02 21:27:39,791] {local_task_job.py:154} INFO - Task exited with return code 0
[2022-02-02 21:27:39,951] {local_task_job.py:264} INFO - 1 downstream tasks scheduled from follow-on schedule check
[2022-02-09 11:46:19,076] {taskinstance.py:1032} INFO - Dependencies all met for <TaskInstance: Question3_FHV.csv_to_parquet scheduled__2019-11-02T06:00:00+00:00 [queued]>
[2022-02-09 11:46:19,125] {taskinstance.py:1032} INFO - Dependencies all met for <TaskInstance: Question3_FHV.csv_to_parquet scheduled__2019-11-02T06:00:00+00:00 [queued]>
[2022-02-09 11:46:19,126] {taskinstance.py:1238} INFO - 
--------------------------------------------------------------------------------
[2022-02-09 11:46:19,126] {taskinstance.py:1239} INFO - Starting attempt 1 of 2
[2022-02-09 11:46:19,126] {taskinstance.py:1240} INFO - 
--------------------------------------------------------------------------------
[2022-02-09 11:46:19,165] {taskinstance.py:1259} INFO - Executing <Task(PythonOperator): csv_to_parquet> on 2019-11-02 06:00:00+00:00
[2022-02-09 11:46:19,175] {standard_task_runner.py:52} INFO - Started process 1250 to run task
[2022-02-09 11:46:19,180] {standard_task_runner.py:76} INFO - Running: ['***', 'tasks', 'run', 'Question3_FHV', 'csv_to_parquet', 'scheduled__2019-11-02T06:00:00+00:00', '--job-id', '426', '--raw', '--subdir', 'DAGS_FOLDER/dag_questions3.py', '--cfg-path', '/tmp/tmpeibsruxs', '--error-file', '/tmp/tmpurw5obyw']
[2022-02-09 11:46:19,182] {standard_task_runner.py:77} INFO - Job 426: Subtask csv_to_parquet
[2022-02-09 11:46:19,391] {logging_mixin.py:109} INFO - Running <TaskInstance: Question3_FHV.csv_to_parquet scheduled__2019-11-02T06:00:00+00:00 [running]> on host c5795c3f6004
[2022-02-09 11:46:19,564] {warnings.py:110} WARNING - /home/***/.local/lib/python3.7/site-packages/***/utils/context.py:152: AirflowContextDeprecationWarning: Accessing 'execution_date' from the template is deprecated and will be removed in a future version. Please use 'data_interval_start' or 'logical_date' instead.
  warnings.warn(_create_deprecation_warning(key, self._deprecation_replacements[key]))

[2022-02-09 11:46:19,615] {taskinstance.py:1426} INFO - Exporting the following env vars:
AIRFLOW_CTX_DAG_OWNER=***
AIRFLOW_CTX_DAG_ID=Question3_FHV
AIRFLOW_CTX_TASK_ID=csv_to_parquet
AIRFLOW_CTX_EXECUTION_DATE=2019-11-02T06:00:00+00:00
AIRFLOW_CTX_DAG_RUN_ID=scheduled__2019-11-02T06:00:00+00:00
[2022-02-09 11:46:21,034] {python.py:175} INFO - Done. Returned value was: None
[2022-02-09 11:46:21,074] {taskinstance.py:1277} INFO - Marking task as SUCCESS. dag_id=Question3_FHV, task_id=csv_to_parquet, execution_date=20191102T060000, start_date=20220209T114619, end_date=20220209T114621
[2022-02-09 11:46:21,198] {local_task_job.py:154} INFO - Task exited with return code 0
[2022-02-09 11:46:21,551] {local_task_job.py:264} INFO - 0 downstream tasks scheduled from follow-on schedule check
[2022-02-10 01:15:16,182] {taskinstance.py:1032} INFO - Dependencies all met for <TaskInstance: Question3_FHV.csv_to_parquet scheduled__2019-11-02T06:00:00+00:00 [queued]>
[2022-02-10 01:15:16,247] {taskinstance.py:1032} INFO - Dependencies all met for <TaskInstance: Question3_FHV.csv_to_parquet scheduled__2019-11-02T06:00:00+00:00 [queued]>
[2022-02-10 01:15:16,247] {taskinstance.py:1238} INFO - 
--------------------------------------------------------------------------------
[2022-02-10 01:15:16,248] {taskinstance.py:1239} INFO - Starting attempt 1 of 2
[2022-02-10 01:15:16,248] {taskinstance.py:1240} INFO - 
--------------------------------------------------------------------------------
[2022-02-10 01:15:16,305] {taskinstance.py:1259} INFO - Executing <Task(PythonOperator): csv_to_parquet> on 2019-11-02 06:00:00+00:00
[2022-02-10 01:15:16,314] {standard_task_runner.py:52} INFO - Started process 7535 to run task
[2022-02-10 01:15:16,329] {standard_task_runner.py:76} INFO - Running: ['***', 'tasks', 'run', 'Question3_FHV', 'csv_to_parquet', 'scheduled__2019-11-02T06:00:00+00:00', '--job-id', '493', '--raw', '--subdir', 'DAGS_FOLDER/dag_questions3.py', '--cfg-path', '/tmp/tmp4qcvhnc4', '--error-file', '/tmp/tmp96gophlm']
[2022-02-10 01:15:16,331] {standard_task_runner.py:77} INFO - Job 493: Subtask csv_to_parquet
[2022-02-10 01:15:16,528] {logging_mixin.py:109} INFO - Running <TaskInstance: Question3_FHV.csv_to_parquet scheduled__2019-11-02T06:00:00+00:00 [running]> on host 0fd4ea805f5e
[2022-02-10 01:15:16,674] {warnings.py:110} WARNING - /home/***/.local/lib/python3.7/site-packages/***/utils/context.py:152: AirflowContextDeprecationWarning: Accessing 'execution_date' from the template is deprecated and will be removed in a future version. Please use 'data_interval_start' or 'logical_date' instead.
  warnings.warn(_create_deprecation_warning(key, self._deprecation_replacements[key]))

[2022-02-10 01:15:16,725] {taskinstance.py:1426} INFO - Exporting the following env vars:
AIRFLOW_CTX_DAG_OWNER=***
AIRFLOW_CTX_DAG_ID=Question3_FHV
AIRFLOW_CTX_TASK_ID=csv_to_parquet
AIRFLOW_CTX_EXECUTION_DATE=2019-11-02T06:00:00+00:00
AIRFLOW_CTX_DAG_RUN_ID=scheduled__2019-11-02T06:00:00+00:00
[2022-02-10 01:15:18,696] {python.py:175} INFO - Done. Returned value was: None
[2022-02-10 01:15:18,746] {taskinstance.py:1277} INFO - Marking task as SUCCESS. dag_id=Question3_FHV, task_id=csv_to_parquet, execution_date=20191102T060000, start_date=20220210T011516, end_date=20220210T011518
[2022-02-10 01:15:18,838] {local_task_job.py:154} INFO - Task exited with return code 0
[2022-02-10 01:15:18,960] {local_task_job.py:264} INFO - 1 downstream tasks scheduled from follow-on schedule check
[2022-02-19 01:54:04,198] {taskinstance.py:1032} INFO - Dependencies all met for <TaskInstance: Question3_FHV.csv_to_parquet scheduled__2019-11-02T06:00:00+00:00 [queued]>
[2022-02-19 01:54:04,239] {taskinstance.py:1032} INFO - Dependencies all met for <TaskInstance: Question3_FHV.csv_to_parquet scheduled__2019-11-02T06:00:00+00:00 [queued]>
[2022-02-19 01:54:04,239] {taskinstance.py:1238} INFO - 
--------------------------------------------------------------------------------
[2022-02-19 01:54:04,240] {taskinstance.py:1239} INFO - Starting attempt 1 of 2
[2022-02-19 01:54:04,240] {taskinstance.py:1240} INFO - 
--------------------------------------------------------------------------------
[2022-02-19 01:54:04,276] {taskinstance.py:1259} INFO - Executing <Task(PythonOperator): csv_to_parquet> on 2019-11-02 06:00:00+00:00
[2022-02-19 01:54:04,283] {standard_task_runner.py:52} INFO - Started process 4289 to run task
[2022-02-19 01:54:04,290] {standard_task_runner.py:76} INFO - Running: ['***', 'tasks', 'run', 'Question3_FHV', 'csv_to_parquet', 'scheduled__2019-11-02T06:00:00+00:00', '--job-id', '653', '--raw', '--subdir', 'DAGS_FOLDER/dag_questions3.py', '--cfg-path', '/tmp/tmphhn894wt', '--error-file', '/tmp/tmpdf8s5dhl']
[2022-02-19 01:54:04,292] {standard_task_runner.py:77} INFO - Job 653: Subtask csv_to_parquet
[2022-02-19 01:54:04,463] {logging_mixin.py:109} INFO - Running <TaskInstance: Question3_FHV.csv_to_parquet scheduled__2019-11-02T06:00:00+00:00 [running]> on host 312f1fe573aa
[2022-02-19 01:54:04,599] {warnings.py:110} WARNING - /home/***/.local/lib/python3.7/site-packages/***/utils/context.py:152: AirflowContextDeprecationWarning: Accessing 'execution_date' from the template is deprecated and will be removed in a future version. Please use 'data_interval_start' or 'logical_date' instead.
  warnings.warn(_create_deprecation_warning(key, self._deprecation_replacements[key]))

[2022-02-19 01:54:04,651] {taskinstance.py:1426} INFO - Exporting the following env vars:
AIRFLOW_CTX_DAG_OWNER=***
AIRFLOW_CTX_DAG_ID=Question3_FHV
AIRFLOW_CTX_TASK_ID=csv_to_parquet
AIRFLOW_CTX_EXECUTION_DATE=2019-11-02T06:00:00+00:00
AIRFLOW_CTX_DAG_RUN_ID=scheduled__2019-11-02T06:00:00+00:00
[2022-02-19 01:54:05,978] {python.py:175} INFO - Done. Returned value was: None
[2022-02-19 01:54:06,126] {taskinstance.py:1277} INFO - Marking task as SUCCESS. dag_id=Question3_FHV, task_id=csv_to_parquet, execution_date=20191102T060000, start_date=20220219T015404, end_date=20220219T015406
[2022-02-19 01:54:06,229] {local_task_job.py:154} INFO - Task exited with return code 0
[2022-02-19 01:54:06,357] {local_task_job.py:264} INFO - 1 downstream tasks scheduled from follow-on schedule check
[2022-02-19 11:53:39,858] {taskinstance.py:1032} INFO - Dependencies all met for <TaskInstance: Question3_FHV.csv_to_parquet scheduled__2019-11-02T06:00:00+00:00 [queued]>
[2022-02-19 11:53:39,902] {taskinstance.py:1032} INFO - Dependencies all met for <TaskInstance: Question3_FHV.csv_to_parquet scheduled__2019-11-02T06:00:00+00:00 [queued]>
[2022-02-19 11:53:39,902] {taskinstance.py:1238} INFO - 
--------------------------------------------------------------------------------
[2022-02-19 11:53:39,903] {taskinstance.py:1239} INFO - Starting attempt 1 of 2
[2022-02-19 11:53:39,903] {taskinstance.py:1240} INFO - 
--------------------------------------------------------------------------------
[2022-02-19 11:53:39,950] {taskinstance.py:1259} INFO - Executing <Task(PythonOperator): csv_to_parquet> on 2019-11-02 06:00:00+00:00
[2022-02-19 11:53:39,962] {standard_task_runner.py:52} INFO - Started process 5134 to run task
[2022-02-19 11:53:39,970] {standard_task_runner.py:76} INFO - Running: ['***', 'tasks', 'run', 'Question3_FHV', 'csv_to_parquet', 'scheduled__2019-11-02T06:00:00+00:00', '--job-id', '1023', '--raw', '--subdir', 'DAGS_FOLDER/dag_questions3.py', '--cfg-path', '/tmp/tmpt70cbbr5', '--error-file', '/tmp/tmpfye7iugj']
[2022-02-19 11:53:39,972] {standard_task_runner.py:77} INFO - Job 1023: Subtask csv_to_parquet
[2022-02-19 11:53:40,155] {logging_mixin.py:109} INFO - Running <TaskInstance: Question3_FHV.csv_to_parquet scheduled__2019-11-02T06:00:00+00:00 [running]> on host f81f14254480
[2022-02-19 11:53:40,306] {warnings.py:110} WARNING - /home/***/.local/lib/python3.7/site-packages/***/utils/context.py:152: AirflowContextDeprecationWarning: Accessing 'execution_date' from the template is deprecated and will be removed in a future version. Please use 'data_interval_start' or 'logical_date' instead.
  warnings.warn(_create_deprecation_warning(key, self._deprecation_replacements[key]))

[2022-02-19 11:53:40,358] {taskinstance.py:1426} INFO - Exporting the following env vars:
AIRFLOW_CTX_DAG_OWNER=***
AIRFLOW_CTX_DAG_ID=Question3_FHV
AIRFLOW_CTX_TASK_ID=csv_to_parquet
AIRFLOW_CTX_EXECUTION_DATE=2019-11-02T06:00:00+00:00
AIRFLOW_CTX_DAG_RUN_ID=scheduled__2019-11-02T06:00:00+00:00
[2022-02-19 11:53:41,846] {python.py:175} INFO - Done. Returned value was: None
[2022-02-19 11:53:41,907] {taskinstance.py:1277} INFO - Marking task as SUCCESS. dag_id=Question3_FHV, task_id=csv_to_parquet, execution_date=20191102T060000, start_date=20220219T115339, end_date=20220219T115341
[2022-02-19 11:53:42,021] {local_task_job.py:154} INFO - Task exited with return code 0
[2022-02-19 11:53:42,160] {local_task_job.py:264} INFO - 1 downstream tasks scheduled from follow-on schedule check
