[2022-02-02 21:09:39,780] {taskinstance.py:1032} INFO - Dependencies all met for <TaskInstance: Question3_FHV.dowdata scheduled__2019-02-02T06:00:00+00:00 [queued]>
[2022-02-02 21:09:39,895] {taskinstance.py:1032} INFO - Dependencies all met for <TaskInstance: Question3_FHV.dowdata scheduled__2019-02-02T06:00:00+00:00 [queued]>
[2022-02-02 21:09:39,896] {taskinstance.py:1238} INFO - 
--------------------------------------------------------------------------------
[2022-02-02 21:09:39,896] {taskinstance.py:1239} INFO - Starting attempt 1 of 2
[2022-02-02 21:09:39,896] {taskinstance.py:1240} INFO - 
--------------------------------------------------------------------------------
[2022-02-02 21:09:39,981] {taskinstance.py:1259} INFO - Executing <Task(BashOperator): dowdata> on 2019-02-02 06:00:00+00:00
[2022-02-02 21:09:39,989] {standard_task_runner.py:52} INFO - Started process 428 to run task
[2022-02-02 21:09:40,005] {standard_task_runner.py:76} INFO - Running: ['***', 'tasks', 'run', 'Question3_FHV', 'dowdata', 'scheduled__2019-02-02T06:00:00+00:00', '--job-id', '315', '--raw', '--subdir', 'DAGS_FOLDER/dag_questions3.py', '--cfg-path', '/tmp/tmpfl8r6600', '--error-file', '/tmp/tmpz7fwsxam']
[2022-02-02 21:09:40,024] {standard_task_runner.py:77} INFO - Job 315: Subtask dowdata
[2022-02-02 21:09:40,306] {logging_mixin.py:109} INFO - Running <TaskInstance: Question3_FHV.dowdata scheduled__2019-02-02T06:00:00+00:00 [running]> on host d574c7c5b085
[2022-02-02 21:09:40,486] {warnings.py:110} WARNING - /home/***/.local/lib/python3.7/site-packages/***/utils/context.py:152: AirflowContextDeprecationWarning: Accessing 'execution_date' from the template is deprecated and will be removed in a future version. Please use 'data_interval_start' or 'logical_date' instead.
  warnings.warn(_create_deprecation_warning(key, self._deprecation_replacements[key]))

[2022-02-02 21:09:40,538] {taskinstance.py:1426} INFO - Exporting the following env vars:
AIRFLOW_CTX_DAG_OWNER=***
AIRFLOW_CTX_DAG_ID=Question3_FHV
AIRFLOW_CTX_TASK_ID=dowdata
AIRFLOW_CTX_EXECUTION_DATE=2019-02-02T06:00:00+00:00
AIRFLOW_CTX_DAG_RUN_ID=scheduled__2019-02-02T06:00:00+00:00
[2022-02-02 21:09:40,543] {subprocess.py:62} INFO - Tmp dir root location: 
 /tmp
[2022-02-02 21:09:40,544] {subprocess.py:74} INFO - Running command: ['bash', '-c', 'curl -sSLf https://nyc-tlc.s3.amazonaws.com/trip+data/fhv_tripdata_2019-02.csv > /opt/***output_fhv_2019-02.csv']
[2022-02-02 21:09:40,584] {subprocess.py:85} INFO - Output:
[2022-02-02 21:10:09,592] {subprocess.py:93} INFO - Command exited with return code 0
[2022-02-02 21:10:09,658] {taskinstance.py:1277} INFO - Marking task as SUCCESS. dag_id=Question3_FHV, task_id=dowdata, execution_date=20190202T060000, start_date=20220202T210939, end_date=20220202T211009
[2022-02-02 21:10:09,736] {local_task_job.py:154} INFO - Task exited with return code 0
[2022-02-02 21:10:09,889] {local_task_job.py:264} INFO - 1 downstream tasks scheduled from follow-on schedule check
