[2022-01-30 14:40:01,291] {taskinstance.py:1032} INFO - Dependencies all met for <TaskInstance: HomeWorkWeek2.csv_to_parquet scheduled__2019-01-02T06:00:00+00:00 [queued]>
[2022-01-30 14:40:01,338] {taskinstance.py:1032} INFO - Dependencies all met for <TaskInstance: HomeWorkWeek2.csv_to_parquet scheduled__2019-01-02T06:00:00+00:00 [queued]>
[2022-01-30 14:40:01,338] {taskinstance.py:1238} INFO - 
--------------------------------------------------------------------------------
[2022-01-30 14:40:01,339] {taskinstance.py:1239} INFO - Starting attempt 1 of 2
[2022-01-30 14:40:01,339] {taskinstance.py:1240} INFO - 
--------------------------------------------------------------------------------
[2022-01-30 14:40:01,402] {taskinstance.py:1259} INFO - Executing <Task(PythonOperator): csv_to_parquet> on 2019-01-02 06:00:00+00:00
[2022-01-30 14:40:01,416] {standard_task_runner.py:52} INFO - Started process 251 to run task
[2022-01-30 14:40:01,426] {standard_task_runner.py:76} INFO - Running: ['***', 'tasks', 'run', 'HomeWorkWeek2', 'csv_to_parquet', 'scheduled__2019-01-02T06:00:00+00:00', '--job-id', '182', '--raw', '--subdir', 'DAGS_FOLDER/dag_questions1.py', '--cfg-path', '/tmp/tmpogq90x_9', '--error-file', '/tmp/tmpuaqbdpes']
[2022-01-30 14:40:01,429] {standard_task_runner.py:77} INFO - Job 182: Subtask csv_to_parquet
[2022-01-30 14:40:01,600] {logging_mixin.py:109} INFO - Running <TaskInstance: HomeWorkWeek2.csv_to_parquet scheduled__2019-01-02T06:00:00+00:00 [running]> on host 785c0c715caa
[2022-01-30 14:40:01,738] {warnings.py:110} WARNING - /home/***/.local/lib/python3.7/site-packages/***/utils/context.py:152: AirflowContextDeprecationWarning: Accessing 'execution_date' from the template is deprecated and will be removed in a future version. Please use 'data_interval_start' or 'logical_date' instead.
  warnings.warn(_create_deprecation_warning(key, self._deprecation_replacements[key]))

[2022-01-30 14:40:01,791] {taskinstance.py:1426} INFO - Exporting the following env vars:
AIRFLOW_CTX_DAG_OWNER=***
AIRFLOW_CTX_DAG_ID=HomeWorkWeek2
AIRFLOW_CTX_TASK_ID=csv_to_parquet
AIRFLOW_CTX_EXECUTION_DATE=2019-01-02T06:00:00+00:00
AIRFLOW_CTX_DAG_RUN_ID=scheduled__2019-01-02T06:00:00+00:00
[2022-01-30 14:40:19,951] {python.py:175} INFO - Done. Returned value was: None
[2022-01-30 14:40:20,006] {taskinstance.py:1277} INFO - Marking task as SUCCESS. dag_id=HomeWorkWeek2, task_id=csv_to_parquet, execution_date=20190102T060000, start_date=20220130T144001, end_date=20220130T144020
[2022-01-30 14:40:20,439] {local_task_job.py:154} INFO - Task exited with return code 0
[2022-01-30 14:40:20,568] {local_task_job.py:264} INFO - 1 downstream tasks scheduled from follow-on schedule check
[2022-01-30 15:55:41,905] {taskinstance.py:1032} INFO - Dependencies all met for <TaskInstance: HomeWorkWeek2.csv_to_parquet scheduled__2019-01-02T06:00:00+00:00 [queued]>
[2022-01-30 15:55:41,951] {taskinstance.py:1032} INFO - Dependencies all met for <TaskInstance: HomeWorkWeek2.csv_to_parquet scheduled__2019-01-02T06:00:00+00:00 [queued]>
[2022-01-30 15:55:41,952] {taskinstance.py:1238} INFO - 
--------------------------------------------------------------------------------
[2022-01-30 15:55:41,952] {taskinstance.py:1239} INFO - Starting attempt 1 of 2
[2022-01-30 15:55:41,953] {taskinstance.py:1240} INFO - 
--------------------------------------------------------------------------------
[2022-01-30 15:55:42,006] {taskinstance.py:1259} INFO - Executing <Task(PythonOperator): csv_to_parquet> on 2019-01-02 06:00:00+00:00
[2022-01-30 15:55:42,016] {standard_task_runner.py:52} INFO - Started process 344 to run task
[2022-01-30 15:55:42,023] {standard_task_runner.py:76} INFO - Running: ['***', 'tasks', 'run', 'HomeWorkWeek2', 'csv_to_parquet', 'scheduled__2019-01-02T06:00:00+00:00', '--job-id', '291', '--raw', '--subdir', 'DAGS_FOLDER/dag_questions1.py', '--cfg-path', '/tmp/tmpb5tbf94l', '--error-file', '/tmp/tmp0rsr6ypg']
[2022-01-30 15:55:42,025] {standard_task_runner.py:77} INFO - Job 291: Subtask csv_to_parquet
[2022-01-30 15:55:42,208] {logging_mixin.py:109} INFO - Running <TaskInstance: HomeWorkWeek2.csv_to_parquet scheduled__2019-01-02T06:00:00+00:00 [running]> on host 76a6ca5a1f6b
[2022-01-30 15:55:42,334] {warnings.py:110} WARNING - /home/***/.local/lib/python3.7/site-packages/***/utils/context.py:152: AirflowContextDeprecationWarning: Accessing 'execution_date' from the template is deprecated and will be removed in a future version. Please use 'data_interval_start' or 'logical_date' instead.
  warnings.warn(_create_deprecation_warning(key, self._deprecation_replacements[key]))

[2022-01-30 15:55:42,388] {taskinstance.py:1426} INFO - Exporting the following env vars:
AIRFLOW_CTX_DAG_OWNER=***
AIRFLOW_CTX_DAG_ID=HomeWorkWeek2
AIRFLOW_CTX_TASK_ID=csv_to_parquet
AIRFLOW_CTX_EXECUTION_DATE=2019-01-02T06:00:00+00:00
AIRFLOW_CTX_DAG_RUN_ID=scheduled__2019-01-02T06:00:00+00:00
[2022-01-30 15:56:03,030] {python.py:175} INFO - Done. Returned value was: None
[2022-01-30 15:56:03,076] {taskinstance.py:1277} INFO - Marking task as SUCCESS. dag_id=HomeWorkWeek2, task_id=csv_to_parquet, execution_date=20190102T060000, start_date=20220130T155541, end_date=20220130T155603
[2022-01-30 15:56:03,529] {local_task_job.py:154} INFO - Task exited with return code 0
[2022-01-30 15:56:03,889] {local_task_job.py:264} INFO - 0 downstream tasks scheduled from follow-on schedule check
[2022-02-19 00:37:13,489] {taskinstance.py:1032} INFO - Dependencies all met for <TaskInstance: HomeWorkWeek2.csv_to_parquet scheduled__2019-01-02T06:00:00+00:00 [queued]>
[2022-02-19 00:37:13,548] {taskinstance.py:1032} INFO - Dependencies all met for <TaskInstance: HomeWorkWeek2.csv_to_parquet scheduled__2019-01-02T06:00:00+00:00 [queued]>
[2022-02-19 00:37:13,549] {taskinstance.py:1238} INFO - 
--------------------------------------------------------------------------------
[2022-02-19 00:37:13,549] {taskinstance.py:1239} INFO - Starting attempt 1 of 2
[2022-02-19 00:37:13,550] {taskinstance.py:1240} INFO - 
--------------------------------------------------------------------------------
[2022-02-19 00:37:13,592] {taskinstance.py:1259} INFO - Executing <Task(PythonOperator): csv_to_parquet> on 2019-01-02 06:00:00+00:00
[2022-02-19 00:37:13,600] {standard_task_runner.py:52} INFO - Started process 328 to run task
[2022-02-19 00:37:13,610] {standard_task_runner.py:76} INFO - Running: ['***', 'tasks', 'run', 'HomeWorkWeek2', 'csv_to_parquet', 'scheduled__2019-01-02T06:00:00+00:00', '--job-id', '517', '--raw', '--subdir', 'DAGS_FOLDER/dag_questions1.py', '--cfg-path', '/tmp/tmp6rwfyazd', '--error-file', '/tmp/tmpyxpd_237']
[2022-02-19 00:37:13,612] {standard_task_runner.py:77} INFO - Job 517: Subtask csv_to_parquet
[2022-02-19 00:37:13,783] {logging_mixin.py:109} INFO - Running <TaskInstance: HomeWorkWeek2.csv_to_parquet scheduled__2019-01-02T06:00:00+00:00 [running]> on host 312f1fe573aa
[2022-02-19 00:37:13,930] {warnings.py:110} WARNING - /home/***/.local/lib/python3.7/site-packages/***/utils/context.py:152: AirflowContextDeprecationWarning: Accessing 'execution_date' from the template is deprecated and will be removed in a future version. Please use 'data_interval_start' or 'logical_date' instead.
  warnings.warn(_create_deprecation_warning(key, self._deprecation_replacements[key]))

[2022-02-19 00:37:13,990] {taskinstance.py:1426} INFO - Exporting the following env vars:
AIRFLOW_CTX_DAG_OWNER=***
AIRFLOW_CTX_DAG_ID=HomeWorkWeek2
AIRFLOW_CTX_TASK_ID=csv_to_parquet
AIRFLOW_CTX_EXECUTION_DATE=2019-01-02T06:00:00+00:00
AIRFLOW_CTX_DAG_RUN_ID=scheduled__2019-01-02T06:00:00+00:00
[2022-02-19 00:37:36,454] {python.py:175} INFO - Done. Returned value was: None
[2022-02-19 00:37:36,498] {taskinstance.py:1277} INFO - Marking task as SUCCESS. dag_id=HomeWorkWeek2, task_id=csv_to_parquet, execution_date=20190102T060000, start_date=20220219T003713, end_date=20220219T003736
[2022-02-19 00:37:36,835] {local_task_job.py:154} INFO - Task exited with return code 0
[2022-02-19 00:37:36,956] {local_task_job.py:264} INFO - 1 downstream tasks scheduled from follow-on schedule check
