[2022-02-02 21:39:50,135] {taskinstance.py:1032} INFO - Dependencies all met for <TaskInstance: Question4_ZONE.halo scheduled__2022-01-01T00:00:00+00:00 [queued]>
[2022-02-02 21:39:50,156] {taskinstance.py:1032} INFO - Dependencies all met for <TaskInstance: Question4_ZONE.halo scheduled__2022-01-01T00:00:00+00:00 [queued]>
[2022-02-02 21:39:50,156] {taskinstance.py:1238} INFO - 
--------------------------------------------------------------------------------
[2022-02-02 21:39:50,156] {taskinstance.py:1239} INFO - Starting attempt 1 of 2
[2022-02-02 21:39:50,156] {taskinstance.py:1240} INFO - 
--------------------------------------------------------------------------------
[2022-02-02 21:39:50,178] {taskinstance.py:1259} INFO - Executing <Task(PythonOperator): halo> on 2022-01-01 00:00:00+00:00
[2022-02-02 21:39:50,182] {standard_task_runner.py:52} INFO - Started process 2017 to run task
[2022-02-02 21:39:50,186] {standard_task_runner.py:76} INFO - Running: ['***', 'tasks', 'run', 'Question4_ZONE', 'halo', 'scheduled__2022-01-01T00:00:00+00:00', '--job-id', '368', '--raw', '--subdir', 'DAGS_FOLDER/dag_questions4.py', '--cfg-path', '/tmp/tmpu45gynin', '--error-file', '/tmp/tmpbd0gi1ih']
[2022-02-02 21:39:50,188] {standard_task_runner.py:77} INFO - Job 368: Subtask halo
[2022-02-02 21:39:50,262] {logging_mixin.py:109} INFO - Running <TaskInstance: Question4_ZONE.halo scheduled__2022-01-01T00:00:00+00:00 [running]> on host d574c7c5b085
[2022-02-02 21:39:50,354] {taskinstance.py:1426} INFO - Exporting the following env vars:
AIRFLOW_CTX_DAG_OWNER=***
AIRFLOW_CTX_DAG_ID=Question4_ZONE
AIRFLOW_CTX_TASK_ID=halo
AIRFLOW_CTX_EXECUTION_DATE=2022-01-01T00:00:00+00:00
AIRFLOW_CTX_DAG_RUN_ID=scheduled__2022-01-01T00:00:00+00:00
[2022-02-02 21:39:50,355] {logging_mixin.py:109} INFO - hello world!!
[2022-02-02 21:39:50,355] {python.py:175} INFO - Done. Returned value was: None
[2022-02-02 21:39:50,377] {taskinstance.py:1277} INFO - Marking task as SUCCESS. dag_id=Question4_ZONE, task_id=halo, execution_date=20220101T000000, start_date=20220202T213950, end_date=20220202T213950
[2022-02-02 21:39:50,444] {local_task_job.py:154} INFO - Task exited with return code 0
[2022-02-02 21:39:50,495] {local_task_job.py:264} INFO - 0 downstream tasks scheduled from follow-on schedule check
