[2022-02-02 21:26:28,457] {taskinstance.py:1032} INFO - Dependencies all met for <TaskInstance: Question3_FHV.local_to_gcs_task scheduled__2019-10-02T06:00:00+00:00 [queued]>
[2022-02-02 21:26:28,498] {taskinstance.py:1032} INFO - Dependencies all met for <TaskInstance: Question3_FHV.local_to_gcs_task scheduled__2019-10-02T06:00:00+00:00 [queued]>
[2022-02-02 21:26:28,498] {taskinstance.py:1238} INFO - 
--------------------------------------------------------------------------------
[2022-02-02 21:26:28,498] {taskinstance.py:1239} INFO - Starting attempt 1 of 1
[2022-02-02 21:26:28,499] {taskinstance.py:1240} INFO - 
--------------------------------------------------------------------------------
[2022-02-02 21:26:28,539] {taskinstance.py:1259} INFO - Executing <Task(PythonOperator): local_to_gcs_task> on 2019-10-02 06:00:00+00:00
[2022-02-02 21:26:28,546] {standard_task_runner.py:52} INFO - Started process 1354 to run task
[2022-02-02 21:26:28,552] {standard_task_runner.py:76} INFO - Running: ['***', 'tasks', 'run', 'Question3_FHV', 'local_to_gcs_task', 'scheduled__2019-10-02T06:00:00+00:00', '--job-id', '349', '--raw', '--subdir', 'DAGS_FOLDER/dag_questions3.py', '--cfg-path', '/tmp/tmp7x_3gmf9', '--error-file', '/tmp/tmpdgao8mdv']
[2022-02-02 21:26:28,554] {standard_task_runner.py:77} INFO - Job 349: Subtask local_to_gcs_task
[2022-02-02 21:26:28,776] {logging_mixin.py:109} INFO - Running <TaskInstance: Question3_FHV.local_to_gcs_task scheduled__2019-10-02T06:00:00+00:00 [running]> on host d574c7c5b085
[2022-02-02 21:26:28,962] {warnings.py:110} WARNING - /home/***/.local/lib/python3.7/site-packages/***/utils/context.py:152: AirflowContextDeprecationWarning: Accessing 'execution_date' from the template is deprecated and will be removed in a future version. Please use 'data_interval_start' or 'logical_date' instead.
  warnings.warn(_create_deprecation_warning(key, self._deprecation_replacements[key]))

[2022-02-02 21:26:29,039] {taskinstance.py:1426} INFO - Exporting the following env vars:
AIRFLOW_CTX_DAG_OWNER=***
AIRFLOW_CTX_DAG_ID=Question3_FHV
AIRFLOW_CTX_TASK_ID=local_to_gcs_task
AIRFLOW_CTX_EXECUTION_DATE=2019-10-02T06:00:00+00:00
AIRFLOW_CTX_DAG_RUN_ID=scheduled__2019-10-02T06:00:00+00:00
[2022-02-02 21:27:48,499] {python.py:175} INFO - Done. Returned value was: None
[2022-02-02 21:27:48,553] {taskinstance.py:1277} INFO - Marking task as SUCCESS. dag_id=Question3_FHV, task_id=local_to_gcs_task, execution_date=20191002T060000, start_date=20220202T212628, end_date=20220202T212748
[2022-02-02 21:27:48,657] {local_task_job.py:154} INFO - Task exited with return code 0
[2022-02-02 21:27:48,756] {local_task_job.py:264} INFO - 1 downstream tasks scheduled from follow-on schedule check
