[2022-02-02 21:20:06,703] {taskinstance.py:1032} INFO - Dependencies all met for <TaskInstance: Question3_FHV.local_to_gcs_task scheduled__2019-06-02T06:00:00+00:00 [queued]>
[2022-02-02 21:20:06,736] {taskinstance.py:1032} INFO - Dependencies all met for <TaskInstance: Question3_FHV.local_to_gcs_task scheduled__2019-06-02T06:00:00+00:00 [queued]>
[2022-02-02 21:20:06,737] {taskinstance.py:1238} INFO - 
--------------------------------------------------------------------------------
[2022-02-02 21:20:06,737] {taskinstance.py:1239} INFO - Starting attempt 1 of 1
[2022-02-02 21:20:06,737] {taskinstance.py:1240} INFO - 
--------------------------------------------------------------------------------
[2022-02-02 21:20:06,774] {taskinstance.py:1259} INFO - Executing <Task(PythonOperator): local_to_gcs_task> on 2019-06-02 06:00:00+00:00
[2022-02-02 21:20:06,786] {standard_task_runner.py:52} INFO - Started process 999 to run task
[2022-02-02 21:20:06,791] {standard_task_runner.py:76} INFO - Running: ['***', 'tasks', 'run', 'Question3_FHV', 'local_to_gcs_task', 'scheduled__2019-06-02T06:00:00+00:00', '--job-id', '334', '--raw', '--subdir', 'DAGS_FOLDER/dag_questions3.py', '--cfg-path', '/tmp/tmpgcvswr2z', '--error-file', '/tmp/tmpoba2x8ze']
[2022-02-02 21:20:06,792] {standard_task_runner.py:77} INFO - Job 334: Subtask local_to_gcs_task
[2022-02-02 21:20:06,950] {logging_mixin.py:109} INFO - Running <TaskInstance: Question3_FHV.local_to_gcs_task scheduled__2019-06-02T06:00:00+00:00 [running]> on host d574c7c5b085
[2022-02-02 21:20:07,091] {warnings.py:110} WARNING - /home/***/.local/lib/python3.7/site-packages/***/utils/context.py:152: AirflowContextDeprecationWarning: Accessing 'execution_date' from the template is deprecated and will be removed in a future version. Please use 'data_interval_start' or 'logical_date' instead.
  warnings.warn(_create_deprecation_warning(key, self._deprecation_replacements[key]))

[2022-02-02 21:20:07,141] {taskinstance.py:1426} INFO - Exporting the following env vars:
AIRFLOW_CTX_DAG_OWNER=***
AIRFLOW_CTX_DAG_ID=Question3_FHV
AIRFLOW_CTX_TASK_ID=local_to_gcs_task
AIRFLOW_CTX_EXECUTION_DATE=2019-06-02T06:00:00+00:00
AIRFLOW_CTX_DAG_RUN_ID=scheduled__2019-06-02T06:00:00+00:00
[2022-02-02 21:21:22,449] {python.py:175} INFO - Done. Returned value was: None
[2022-02-02 21:21:22,483] {taskinstance.py:1277} INFO - Marking task as SUCCESS. dag_id=Question3_FHV, task_id=local_to_gcs_task, execution_date=20190602T060000, start_date=20220202T212006, end_date=20220202T212122
[2022-02-02 21:21:22,573] {local_task_job.py:154} INFO - Task exited with return code 0
[2022-02-02 21:21:22,671] {local_task_job.py:264} INFO - 1 downstream tasks scheduled from follow-on schedule check
[2022-02-09 11:36:10,085] {taskinstance.py:1032} INFO - Dependencies all met for <TaskInstance: Question3_FHV.local_to_gcs_task scheduled__2019-06-02T06:00:00+00:00 [queued]>
[2022-02-09 11:36:10,138] {taskinstance.py:1032} INFO - Dependencies all met for <TaskInstance: Question3_FHV.local_to_gcs_task scheduled__2019-06-02T06:00:00+00:00 [queued]>
[2022-02-09 11:36:10,138] {taskinstance.py:1238} INFO - 
--------------------------------------------------------------------------------
[2022-02-09 11:36:10,139] {taskinstance.py:1239} INFO - Starting attempt 1 of 1
[2022-02-09 11:36:10,139] {taskinstance.py:1240} INFO - 
--------------------------------------------------------------------------------
[2022-02-09 11:36:10,176] {taskinstance.py:1259} INFO - Executing <Task(PythonOperator): local_to_gcs_task> on 2019-06-02 06:00:00+00:00
[2022-02-09 11:36:10,183] {standard_task_runner.py:52} INFO - Started process 718 to run task
[2022-02-09 11:36:10,189] {standard_task_runner.py:76} INFO - Running: ['***', 'tasks', 'run', 'Question3_FHV', 'local_to_gcs_task', 'scheduled__2019-06-02T06:00:00+00:00', '--job-id', '407', '--raw', '--subdir', 'DAGS_FOLDER/dag_questions3.py', '--cfg-path', '/tmp/tmptcfrxrh5', '--error-file', '/tmp/tmpnsekn1v8']
[2022-02-09 11:36:10,191] {standard_task_runner.py:77} INFO - Job 407: Subtask local_to_gcs_task
[2022-02-09 11:36:10,370] {logging_mixin.py:109} INFO - Running <TaskInstance: Question3_FHV.local_to_gcs_task scheduled__2019-06-02T06:00:00+00:00 [running]> on host c5795c3f6004
[2022-02-09 11:36:10,514] {warnings.py:110} WARNING - /home/***/.local/lib/python3.7/site-packages/***/utils/context.py:152: AirflowContextDeprecationWarning: Accessing 'execution_date' from the template is deprecated and will be removed in a future version. Please use 'data_interval_start' or 'logical_date' instead.
  warnings.warn(_create_deprecation_warning(key, self._deprecation_replacements[key]))

[2022-02-09 11:36:10,577] {taskinstance.py:1426} INFO - Exporting the following env vars:
AIRFLOW_CTX_DAG_OWNER=***
AIRFLOW_CTX_DAG_ID=Question3_FHV
AIRFLOW_CTX_TASK_ID=local_to_gcs_task
AIRFLOW_CTX_EXECUTION_DATE=2019-06-02T06:00:00+00:00
AIRFLOW_CTX_DAG_RUN_ID=scheduled__2019-06-02T06:00:00+00:00
[2022-02-09 11:36:58,240] {python.py:175} INFO - Done. Returned value was: None
[2022-02-09 11:36:58,276] {taskinstance.py:1277} INFO - Marking task as SUCCESS. dag_id=Question3_FHV, task_id=local_to_gcs_task, execution_date=20190602T060000, start_date=20220209T113610, end_date=20220209T113658
[2022-02-09 11:36:58,329] {local_task_job.py:154} INFO - Task exited with return code 0
[2022-02-09 11:36:58,678] {local_task_job.py:264} INFO - 0 downstream tasks scheduled from follow-on schedule check
[2022-02-10 01:11:53,256] {taskinstance.py:1032} INFO - Dependencies all met for <TaskInstance: Question3_FHV.local_to_gcs_task scheduled__2019-06-02T06:00:00+00:00 [queued]>
[2022-02-10 01:11:53,321] {taskinstance.py:1032} INFO - Dependencies all met for <TaskInstance: Question3_FHV.local_to_gcs_task scheduled__2019-06-02T06:00:00+00:00 [queued]>
[2022-02-10 01:11:53,321] {taskinstance.py:1238} INFO - 
--------------------------------------------------------------------------------
[2022-02-10 01:11:53,322] {taskinstance.py:1239} INFO - Starting attempt 1 of 1
[2022-02-10 01:11:53,322] {taskinstance.py:1240} INFO - 
--------------------------------------------------------------------------------
[2022-02-10 01:11:53,369] {taskinstance.py:1259} INFO - Executing <Task(PythonOperator): local_to_gcs_task> on 2019-06-02 06:00:00+00:00
[2022-02-10 01:11:53,376] {standard_task_runner.py:52} INFO - Started process 7308 to run task
[2022-02-10 01:11:53,384] {standard_task_runner.py:76} INFO - Running: ['***', 'tasks', 'run', 'Question3_FHV', 'local_to_gcs_task', 'scheduled__2019-06-02T06:00:00+00:00', '--job-id', '475', '--raw', '--subdir', 'DAGS_FOLDER/dag_questions3.py', '--cfg-path', '/tmp/tmpjuojsled', '--error-file', '/tmp/tmpucd1fycd']
[2022-02-10 01:11:53,386] {standard_task_runner.py:77} INFO - Job 475: Subtask local_to_gcs_task
[2022-02-10 01:11:53,545] {logging_mixin.py:109} INFO - Running <TaskInstance: Question3_FHV.local_to_gcs_task scheduled__2019-06-02T06:00:00+00:00 [running]> on host 0fd4ea805f5e
[2022-02-10 01:11:53,692] {warnings.py:110} WARNING - /home/***/.local/lib/python3.7/site-packages/***/utils/context.py:152: AirflowContextDeprecationWarning: Accessing 'execution_date' from the template is deprecated and will be removed in a future version. Please use 'data_interval_start' or 'logical_date' instead.
  warnings.warn(_create_deprecation_warning(key, self._deprecation_replacements[key]))

[2022-02-10 01:11:53,749] {taskinstance.py:1426} INFO - Exporting the following env vars:
AIRFLOW_CTX_DAG_OWNER=***
AIRFLOW_CTX_DAG_ID=Question3_FHV
AIRFLOW_CTX_TASK_ID=local_to_gcs_task
AIRFLOW_CTX_EXECUTION_DATE=2019-06-02T06:00:00+00:00
AIRFLOW_CTX_DAG_RUN_ID=scheduled__2019-06-02T06:00:00+00:00
[2022-02-10 01:13:11,990] {python.py:175} INFO - Done. Returned value was: None
[2022-02-10 01:13:12,021] {taskinstance.py:1277} INFO - Marking task as SUCCESS. dag_id=Question3_FHV, task_id=local_to_gcs_task, execution_date=20190602T060000, start_date=20220210T011153, end_date=20220210T011312
[2022-02-10 01:13:12,085] {local_task_job.py:154} INFO - Task exited with return code 0
[2022-02-10 01:13:12,177] {local_task_job.py:264} INFO - 1 downstream tasks scheduled from follow-on schedule check
[2022-02-19 01:49:21,621] {taskinstance.py:1032} INFO - Dependencies all met for <TaskInstance: Question3_FHV.local_to_gcs_task scheduled__2019-06-02T06:00:00+00:00 [queued]>
[2022-02-19 01:49:21,672] {taskinstance.py:1032} INFO - Dependencies all met for <TaskInstance: Question3_FHV.local_to_gcs_task scheduled__2019-06-02T06:00:00+00:00 [queued]>
[2022-02-19 01:49:21,673] {taskinstance.py:1238} INFO - 
--------------------------------------------------------------------------------
[2022-02-19 01:49:21,673] {taskinstance.py:1239} INFO - Starting attempt 1 of 1
[2022-02-19 01:49:21,673] {taskinstance.py:1240} INFO - 
--------------------------------------------------------------------------------
[2022-02-19 01:49:21,760] {taskinstance.py:1259} INFO - Executing <Task(PythonOperator): local_to_gcs_task> on 2019-06-02 06:00:00+00:00
[2022-02-19 01:49:21,771] {standard_task_runner.py:52} INFO - Started process 4002 to run task
[2022-02-19 01:49:21,781] {standard_task_runner.py:76} INFO - Running: ['***', 'tasks', 'run', 'Question3_FHV', 'local_to_gcs_task', 'scheduled__2019-06-02T06:00:00+00:00', '--job-id', '634', '--raw', '--subdir', 'DAGS_FOLDER/dag_questions3.py', '--cfg-path', '/tmp/tmp7b5hptud', '--error-file', '/tmp/tmpanyxaihz']
[2022-02-19 01:49:21,783] {standard_task_runner.py:77} INFO - Job 634: Subtask local_to_gcs_task
[2022-02-19 01:49:22,059] {logging_mixin.py:109} INFO - Running <TaskInstance: Question3_FHV.local_to_gcs_task scheduled__2019-06-02T06:00:00+00:00 [running]> on host 312f1fe573aa
[2022-02-19 01:49:22,243] {warnings.py:110} WARNING - /home/***/.local/lib/python3.7/site-packages/***/utils/context.py:152: AirflowContextDeprecationWarning: Accessing 'execution_date' from the template is deprecated and will be removed in a future version. Please use 'data_interval_start' or 'logical_date' instead.
  warnings.warn(_create_deprecation_warning(key, self._deprecation_replacements[key]))

[2022-02-19 01:49:22,303] {taskinstance.py:1426} INFO - Exporting the following env vars:
AIRFLOW_CTX_DAG_OWNER=***
AIRFLOW_CTX_DAG_ID=Question3_FHV
AIRFLOW_CTX_TASK_ID=local_to_gcs_task
AIRFLOW_CTX_EXECUTION_DATE=2019-06-02T06:00:00+00:00
AIRFLOW_CTX_DAG_RUN_ID=scheduled__2019-06-02T06:00:00+00:00
[2022-02-19 01:50:43,719] {python.py:175} INFO - Done. Returned value was: None
[2022-02-19 01:50:43,760] {taskinstance.py:1277} INFO - Marking task as SUCCESS. dag_id=Question3_FHV, task_id=local_to_gcs_task, execution_date=20190602T060000, start_date=20220219T014921, end_date=20220219T015043
[2022-02-19 01:50:43,833] {local_task_job.py:154} INFO - Task exited with return code 0
[2022-02-19 01:50:43,962] {local_task_job.py:264} INFO - 1 downstream tasks scheduled from follow-on schedule check
