[2022-01-30 13:04:42,102] {taskinstance.py:1032} INFO - Dependencies all met for <TaskInstance: HomeWorkWeek2.dowdata scheduled__2020-03-02T06:00:00+00:00 [queued]>
[2022-01-30 13:04:42,159] {taskinstance.py:1032} INFO - Dependencies all met for <TaskInstance: HomeWorkWeek2.dowdata scheduled__2020-03-02T06:00:00+00:00 [queued]>
[2022-01-30 13:04:42,160] {taskinstance.py:1238} INFO - 
--------------------------------------------------------------------------------
[2022-01-30 13:04:42,160] {taskinstance.py:1239} INFO - Starting attempt 1 of 2
[2022-01-30 13:04:42,160] {taskinstance.py:1240} INFO - 
--------------------------------------------------------------------------------
[2022-01-30 13:04:42,206] {taskinstance.py:1259} INFO - Executing <Task(BashOperator): dowdata> on 2020-03-02 06:00:00+00:00
[2022-01-30 13:04:42,222] {standard_task_runner.py:52} INFO - Started process 2735 to run task
[2022-01-30 13:04:42,230] {standard_task_runner.py:76} INFO - Running: ['***', 'tasks', 'run', 'HomeWorkWeek2', 'dowdata', 'scheduled__2020-03-02T06:00:00+00:00', '--job-id', '131', '--raw', '--subdir', 'DAGS_FOLDER/dag_questions1.py', '--cfg-path', '/tmp/tmpoi2wp69m', '--error-file', '/tmp/tmp71k2jtl6']
[2022-01-30 13:04:42,243] {standard_task_runner.py:77} INFO - Job 131: Subtask dowdata
[2022-01-30 13:04:42,475] {logging_mixin.py:109} INFO - Running <TaskInstance: HomeWorkWeek2.dowdata scheduled__2020-03-02T06:00:00+00:00 [running]> on host 4b3b8c5e49b1
[2022-01-30 13:04:42,633] {warnings.py:110} WARNING - /home/***/.local/lib/python3.7/site-packages/***/utils/context.py:152: AirflowContextDeprecationWarning: Accessing 'execution_date' from the template is deprecated and will be removed in a future version. Please use 'data_interval_start' or 'logical_date' instead.
  warnings.warn(_create_deprecation_warning(key, self._deprecation_replacements[key]))

[2022-01-30 13:04:42,704] {taskinstance.py:1426} INFO - Exporting the following env vars:
AIRFLOW_CTX_DAG_OWNER=***
AIRFLOW_CTX_DAG_ID=HomeWorkWeek2
AIRFLOW_CTX_TASK_ID=dowdata
AIRFLOW_CTX_EXECUTION_DATE=2020-03-02T06:00:00+00:00
AIRFLOW_CTX_DAG_RUN_ID=scheduled__2020-03-02T06:00:00+00:00
[2022-01-30 13:04:42,707] {subprocess.py:62} INFO - Tmp dir root location: 
 /tmp
[2022-01-30 13:04:42,708] {subprocess.py:74} INFO - Running command: ['bash', '-c', 'curl -sSLf https://s3.amazonaws.com/nyc-tlc/trip+data/yellow_tripdata_2020-03.csv > /opt/***output_2020-03.csv']
[2022-01-30 13:04:42,741] {subprocess.py:85} INFO - Output:
[2022-01-30 13:05:24,001] {subprocess.py:93} INFO - Command exited with return code 0
[2022-01-30 13:05:24,148] {taskinstance.py:1277} INFO - Marking task as SUCCESS. dag_id=HomeWorkWeek2, task_id=dowdata, execution_date=20200302T060000, start_date=20220130T130442, end_date=20220130T130524
[2022-01-30 13:05:24,250] {local_task_job.py:154} INFO - Task exited with return code 0
[2022-01-30 13:05:24,646] {local_task_job.py:264} INFO - 1 downstream tasks scheduled from follow-on schedule check
[2022-01-30 14:52:39,868] {taskinstance.py:1032} INFO - Dependencies all met for <TaskInstance: HomeWorkWeek2.dowdata scheduled__2020-03-02T06:00:00+00:00 [queued]>
[2022-01-30 14:52:40,015] {taskinstance.py:1032} INFO - Dependencies all met for <TaskInstance: HomeWorkWeek2.dowdata scheduled__2020-03-02T06:00:00+00:00 [queued]>
[2022-01-30 14:52:40,016] {taskinstance.py:1238} INFO - 
--------------------------------------------------------------------------------
[2022-01-30 14:52:40,016] {taskinstance.py:1239} INFO - Starting attempt 1 of 2
[2022-01-30 14:52:40,016] {taskinstance.py:1240} INFO - 
--------------------------------------------------------------------------------
[2022-01-30 14:52:40,111] {taskinstance.py:1259} INFO - Executing <Task(BashOperator): dowdata> on 2020-03-02 06:00:00+00:00
[2022-01-30 14:52:40,126] {standard_task_runner.py:52} INFO - Started process 1044 to run task
[2022-01-30 14:52:40,154] {standard_task_runner.py:76} INFO - Running: ['***', 'tasks', 'run', 'HomeWorkWeek2', 'dowdata', 'scheduled__2020-03-02T06:00:00+00:00', '--job-id', '219', '--raw', '--subdir', 'DAGS_FOLDER/dag_questions1.py', '--cfg-path', '/tmp/tmp8a18zauq', '--error-file', '/tmp/tmpngzw53a4']
[2022-01-30 14:52:40,193] {standard_task_runner.py:77} INFO - Job 219: Subtask dowdata
[2022-01-30 14:52:40,667] {logging_mixin.py:109} INFO - Running <TaskInstance: HomeWorkWeek2.dowdata scheduled__2020-03-02T06:00:00+00:00 [running]> on host 785c0c715caa
[2022-01-30 14:52:40,998] {warnings.py:110} WARNING - /home/***/.local/lib/python3.7/site-packages/***/utils/context.py:152: AirflowContextDeprecationWarning: Accessing 'execution_date' from the template is deprecated and will be removed in a future version. Please use 'data_interval_start' or 'logical_date' instead.
  warnings.warn(_create_deprecation_warning(key, self._deprecation_replacements[key]))

[2022-01-30 14:52:41,103] {taskinstance.py:1426} INFO - Exporting the following env vars:
AIRFLOW_CTX_DAG_OWNER=***
AIRFLOW_CTX_DAG_ID=HomeWorkWeek2
AIRFLOW_CTX_TASK_ID=dowdata
AIRFLOW_CTX_EXECUTION_DATE=2020-03-02T06:00:00+00:00
AIRFLOW_CTX_DAG_RUN_ID=scheduled__2020-03-02T06:00:00+00:00
[2022-01-30 14:52:41,106] {subprocess.py:62} INFO - Tmp dir root location: 
 /tmp
[2022-01-30 14:52:41,107] {subprocess.py:74} INFO - Running command: ['bash', '-c', 'curl -sSLf https://s3.amazonaws.com/nyc-tlc/trip+data/yellow_tripdata_2020-03.csv > /opt/***output_2020-03.csv']
[2022-01-30 14:52:41,180] {subprocess.py:85} INFO - Output:
[2022-01-30 14:53:35,608] {subprocess.py:93} INFO - Command exited with return code 0
[2022-01-30 14:53:35,727] {taskinstance.py:1277} INFO - Marking task as SUCCESS. dag_id=HomeWorkWeek2, task_id=dowdata, execution_date=20200302T060000, start_date=20220130T145239, end_date=20220130T145335
[2022-01-30 14:53:35,809] {local_task_job.py:154} INFO - Task exited with return code 0
[2022-01-30 14:53:35,982] {local_task_job.py:264} INFO - 1 downstream tasks scheduled from follow-on schedule check
[2022-02-19 01:27:26,290] {taskinstance.py:1032} INFO - Dependencies all met for <TaskInstance: HomeWorkWeek2.dowdata scheduled__2020-03-02T06:00:00+00:00 [queued]>
[2022-02-19 01:27:26,340] {taskinstance.py:1032} INFO - Dependencies all met for <TaskInstance: HomeWorkWeek2.dowdata scheduled__2020-03-02T06:00:00+00:00 [queued]>
[2022-02-19 01:27:26,340] {taskinstance.py:1238} INFO - 
--------------------------------------------------------------------------------
[2022-02-19 01:27:26,341] {taskinstance.py:1239} INFO - Starting attempt 1 of 2
[2022-02-19 01:27:26,341] {taskinstance.py:1240} INFO - 
--------------------------------------------------------------------------------
[2022-02-19 01:27:26,409] {taskinstance.py:1259} INFO - Executing <Task(BashOperator): dowdata> on 2020-03-02 06:00:00+00:00
[2022-02-19 01:27:26,421] {standard_task_runner.py:52} INFO - Started process 2753 to run task
[2022-02-19 01:27:26,434] {standard_task_runner.py:76} INFO - Running: ['***', 'tasks', 'run', 'HomeWorkWeek2', 'dowdata', 'scheduled__2020-03-02T06:00:00+00:00', '--job-id', '570', '--raw', '--subdir', 'DAGS_FOLDER/dag_questions1.py', '--cfg-path', '/tmp/tmp1lp9nf5q', '--error-file', '/tmp/tmpu594cdc3']
[2022-02-19 01:27:26,436] {standard_task_runner.py:77} INFO - Job 570: Subtask dowdata
[2022-02-19 01:27:26,717] {logging_mixin.py:109} INFO - Running <TaskInstance: HomeWorkWeek2.dowdata scheduled__2020-03-02T06:00:00+00:00 [running]> on host 312f1fe573aa
[2022-02-19 01:27:26,904] {warnings.py:110} WARNING - /home/***/.local/lib/python3.7/site-packages/***/utils/context.py:152: AirflowContextDeprecationWarning: Accessing 'execution_date' from the template is deprecated and will be removed in a future version. Please use 'data_interval_start' or 'logical_date' instead.
  warnings.warn(_create_deprecation_warning(key, self._deprecation_replacements[key]))

[2022-02-19 01:27:27,015] {taskinstance.py:1426} INFO - Exporting the following env vars:
AIRFLOW_CTX_DAG_OWNER=***
AIRFLOW_CTX_DAG_ID=HomeWorkWeek2
AIRFLOW_CTX_TASK_ID=dowdata
AIRFLOW_CTX_EXECUTION_DATE=2020-03-02T06:00:00+00:00
AIRFLOW_CTX_DAG_RUN_ID=scheduled__2020-03-02T06:00:00+00:00
[2022-02-19 01:27:27,017] {subprocess.py:62} INFO - Tmp dir root location: 
 /tmp
[2022-02-19 01:27:27,018] {subprocess.py:74} INFO - Running command: ['bash', '-c', 'curl -sSLf https://s3.amazonaws.com/nyc-tlc/trip+data/yellow_tripdata_2020-03.csv > /opt/***output_2020-03.csv']
[2022-02-19 01:27:27,047] {subprocess.py:85} INFO - Output:
[2022-02-19 01:28:09,354] {subprocess.py:93} INFO - Command exited with return code 0
[2022-02-19 01:28:09,432] {taskinstance.py:1277} INFO - Marking task as SUCCESS. dag_id=HomeWorkWeek2, task_id=dowdata, execution_date=20200302T060000, start_date=20220219T012726, end_date=20220219T012809
[2022-02-19 01:28:09,525] {local_task_job.py:154} INFO - Task exited with return code 0
[2022-02-19 01:28:09,661] {local_task_job.py:264} INFO - 1 downstream tasks scheduled from follow-on schedule check
[2022-02-19 11:28:24,445] {taskinstance.py:1032} INFO - Dependencies all met for <TaskInstance: HomeWorkWeek2.dowdata scheduled__2020-03-02T06:00:00+00:00 [queued]>
[2022-02-19 11:28:24,498] {taskinstance.py:1032} INFO - Dependencies all met for <TaskInstance: HomeWorkWeek2.dowdata scheduled__2020-03-02T06:00:00+00:00 [queued]>
[2022-02-19 11:28:24,499] {taskinstance.py:1238} INFO - 
--------------------------------------------------------------------------------
[2022-02-19 11:28:24,499] {taskinstance.py:1239} INFO - Starting attempt 1 of 2
[2022-02-19 11:28:24,500] {taskinstance.py:1240} INFO - 
--------------------------------------------------------------------------------
[2022-02-19 11:28:24,557] {taskinstance.py:1259} INFO - Executing <Task(BashOperator): dowdata> on 2020-03-02 06:00:00+00:00
[2022-02-19 11:28:24,580] {standard_task_runner.py:52} INFO - Started process 3653 to run task
[2022-02-19 11:28:24,586] {standard_task_runner.py:76} INFO - Running: ['***', 'tasks', 'run', 'HomeWorkWeek2', 'dowdata', 'scheduled__2020-03-02T06:00:00+00:00', '--job-id', '940', '--raw', '--subdir', 'DAGS_FOLDER/dag_questions1.py', '--cfg-path', '/tmp/tmppsm0r9tg', '--error-file', '/tmp/tmp0qfmnh0o']
[2022-02-19 11:28:24,588] {standard_task_runner.py:77} INFO - Job 940: Subtask dowdata
[2022-02-19 11:28:24,784] {logging_mixin.py:109} INFO - Running <TaskInstance: HomeWorkWeek2.dowdata scheduled__2020-03-02T06:00:00+00:00 [running]> on host f81f14254480
[2022-02-19 11:28:24,941] {warnings.py:110} WARNING - /home/***/.local/lib/python3.7/site-packages/***/utils/context.py:152: AirflowContextDeprecationWarning: Accessing 'execution_date' from the template is deprecated and will be removed in a future version. Please use 'data_interval_start' or 'logical_date' instead.
  warnings.warn(_create_deprecation_warning(key, self._deprecation_replacements[key]))

[2022-02-19 11:28:25,059] {taskinstance.py:1426} INFO - Exporting the following env vars:
AIRFLOW_CTX_DAG_OWNER=***
AIRFLOW_CTX_DAG_ID=HomeWorkWeek2
AIRFLOW_CTX_TASK_ID=dowdata
AIRFLOW_CTX_EXECUTION_DATE=2020-03-02T06:00:00+00:00
AIRFLOW_CTX_DAG_RUN_ID=scheduled__2020-03-02T06:00:00+00:00
[2022-02-19 11:28:25,062] {subprocess.py:62} INFO - Tmp dir root location: 
 /tmp
[2022-02-19 11:28:25,065] {subprocess.py:74} INFO - Running command: ['bash', '-c', 'curl -sSLf https://s3.amazonaws.com/nyc-tlc/trip+data/yellow_tripdata_2020-03.csv > /opt/***output_2020-03.csv']
[2022-02-19 11:28:25,103] {subprocess.py:85} INFO - Output:
[2022-02-19 11:28:51,327] {subprocess.py:93} INFO - Command exited with return code 0
[2022-02-19 11:28:51,568] {taskinstance.py:1277} INFO - Marking task as SUCCESS. dag_id=HomeWorkWeek2, task_id=dowdata, execution_date=20200302T060000, start_date=20220219T112824, end_date=20220219T112851
[2022-02-19 11:28:51,651] {local_task_job.py:154} INFO - Task exited with return code 0
[2022-02-19 11:28:51,767] {local_task_job.py:264} INFO - 1 downstream tasks scheduled from follow-on schedule check
[2022-02-20 00:12:28,599] {taskinstance.py:1032} INFO - Dependencies all met for <TaskInstance: HomeWorkWeek2.dowdata scheduled__2020-03-02T06:00:00+00:00 [queued]>
[2022-02-20 00:12:28,653] {taskinstance.py:1032} INFO - Dependencies all met for <TaskInstance: HomeWorkWeek2.dowdata scheduled__2020-03-02T06:00:00+00:00 [queued]>
[2022-02-20 00:12:28,653] {taskinstance.py:1238} INFO - 
--------------------------------------------------------------------------------
[2022-02-20 00:12:28,654] {taskinstance.py:1239} INFO - Starting attempt 1 of 2
[2022-02-20 00:12:28,654] {taskinstance.py:1240} INFO - 
--------------------------------------------------------------------------------
[2022-02-20 00:12:28,702] {taskinstance.py:1259} INFO - Executing <Task(BashOperator): dowdata> on 2020-03-02 06:00:00+00:00
[2022-02-20 00:12:28,709] {standard_task_runner.py:52} INFO - Started process 23657 to run task
[2022-02-20 00:12:28,719] {standard_task_runner.py:76} INFO - Running: ['***', 'tasks', 'run', 'HomeWorkWeek2', 'dowdata', 'scheduled__2020-03-02T06:00:00+00:00', '--job-id', '1104', '--raw', '--subdir', 'DAGS_FOLDER/dag_questions1.py', '--cfg-path', '/tmp/tmp1f6_ektt', '--error-file', '/tmp/tmpo49qe0hd']
[2022-02-20 00:12:28,721] {standard_task_runner.py:77} INFO - Job 1104: Subtask dowdata
[2022-02-20 00:12:28,997] {logging_mixin.py:109} INFO - Running <TaskInstance: HomeWorkWeek2.dowdata scheduled__2020-03-02T06:00:00+00:00 [running]> on host d9977d7db207
[2022-02-20 00:12:29,169] {warnings.py:110} WARNING - /home/***/.local/lib/python3.7/site-packages/***/utils/context.py:152: AirflowContextDeprecationWarning: Accessing 'execution_date' from the template is deprecated and will be removed in a future version. Please use 'data_interval_start' or 'logical_date' instead.
  warnings.warn(_create_deprecation_warning(key, self._deprecation_replacements[key]))

[2022-02-20 00:12:29,244] {taskinstance.py:1426} INFO - Exporting the following env vars:
AIRFLOW_CTX_DAG_OWNER=***
AIRFLOW_CTX_DAG_ID=HomeWorkWeek2
AIRFLOW_CTX_TASK_ID=dowdata
AIRFLOW_CTX_EXECUTION_DATE=2020-03-02T06:00:00+00:00
AIRFLOW_CTX_DAG_RUN_ID=scheduled__2020-03-02T06:00:00+00:00
[2022-02-20 00:12:29,247] {subprocess.py:62} INFO - Tmp dir root location: 
 /tmp
[2022-02-20 00:12:29,249] {subprocess.py:74} INFO - Running command: ['bash', '-c', 'curl -sSLf https://s3.amazonaws.com/nyc-tlc/trip+data/yellow_tripdata_2020-03.csv > /opt/***yellow_2020-03.csv']
[2022-02-20 00:12:29,270] {subprocess.py:85} INFO - Output:
[2022-02-20 00:12:56,361] {subprocess.py:93} INFO - Command exited with return code 0
[2022-02-20 00:12:56,626] {taskinstance.py:1277} INFO - Marking task as SUCCESS. dag_id=HomeWorkWeek2, task_id=dowdata, execution_date=20200302T060000, start_date=20220220T001228, end_date=20220220T001256
[2022-02-20 00:12:56,699] {local_task_job.py:154} INFO - Task exited with return code 0
[2022-02-20 00:12:56,831] {local_task_job.py:264} INFO - 1 downstream tasks scheduled from follow-on schedule check
