[2022-01-30 13:08:08,137] {taskinstance.py:1032} INFO - Dependencies all met for <TaskInstance: HomeWorkWeek2.dowdata scheduled__2021-04-02T06:00:00+00:00 [queued]>
[2022-01-30 13:08:08,198] {taskinstance.py:1032} INFO - Dependencies all met for <TaskInstance: HomeWorkWeek2.dowdata scheduled__2021-04-02T06:00:00+00:00 [queued]>
[2022-01-30 13:08:08,199] {taskinstance.py:1238} INFO - 
--------------------------------------------------------------------------------
[2022-01-30 13:08:08,199] {taskinstance.py:1239} INFO - Starting attempt 1 of 2
[2022-01-30 13:08:08,199] {taskinstance.py:1240} INFO - 
--------------------------------------------------------------------------------
[2022-01-30 13:08:08,301] {taskinstance.py:1259} INFO - Executing <Task(BashOperator): dowdata> on 2021-04-02 06:00:00+00:00
[2022-01-30 13:08:08,315] {standard_task_runner.py:52} INFO - Started process 2987 to run task
[2022-01-30 13:08:08,332] {standard_task_runner.py:76} INFO - Running: ['***', 'tasks', 'run', 'HomeWorkWeek2', 'dowdata', 'scheduled__2021-04-02T06:00:00+00:00', '--job-id', '157', '--raw', '--subdir', 'DAGS_FOLDER/dag_questions1.py', '--cfg-path', '/tmp/tmpcczdnbb8', '--error-file', '/tmp/tmpfcnobsg2']
[2022-01-30 13:08:08,334] {standard_task_runner.py:77} INFO - Job 157: Subtask dowdata
[2022-01-30 13:08:08,535] {logging_mixin.py:109} INFO - Running <TaskInstance: HomeWorkWeek2.dowdata scheduled__2021-04-02T06:00:00+00:00 [running]> on host 4b3b8c5e49b1
[2022-01-30 13:08:08,692] {warnings.py:110} WARNING - /home/***/.local/lib/python3.7/site-packages/***/utils/context.py:152: AirflowContextDeprecationWarning: Accessing 'execution_date' from the template is deprecated and will be removed in a future version. Please use 'data_interval_start' or 'logical_date' instead.
  warnings.warn(_create_deprecation_warning(key, self._deprecation_replacements[key]))

[2022-01-30 13:08:08,746] {taskinstance.py:1426} INFO - Exporting the following env vars:
AIRFLOW_CTX_DAG_OWNER=***
AIRFLOW_CTX_DAG_ID=HomeWorkWeek2
AIRFLOW_CTX_TASK_ID=dowdata
AIRFLOW_CTX_EXECUTION_DATE=2021-04-02T06:00:00+00:00
AIRFLOW_CTX_DAG_RUN_ID=scheduled__2021-04-02T06:00:00+00:00
[2022-01-30 13:08:08,751] {subprocess.py:62} INFO - Tmp dir root location: 
 /tmp
[2022-01-30 13:08:08,753] {subprocess.py:74} INFO - Running command: ['bash', '-c', 'curl -sSLf https://s3.amazonaws.com/nyc-tlc/trip+data/yellow_tripdata_2021-04.csv > /opt/***output_2021-04.csv']
[2022-01-30 13:08:08,773] {subprocess.py:85} INFO - Output:
[2022-01-30 13:09:32,102] {subprocess.py:93} INFO - Command exited with return code 0
[2022-01-30 13:09:32,256] {taskinstance.py:1277} INFO - Marking task as SUCCESS. dag_id=HomeWorkWeek2, task_id=dowdata, execution_date=20210402T060000, start_date=20220130T130808, end_date=20220130T130932
[2022-01-30 13:09:32,455] {local_task_job.py:154} INFO - Task exited with return code 0
[2022-01-30 13:09:32,836] {local_task_job.py:264} INFO - 1 downstream tasks scheduled from follow-on schedule check
[2022-01-30 14:57:24,919] {taskinstance.py:1032} INFO - Dependencies all met for <TaskInstance: HomeWorkWeek2.dowdata scheduled__2021-04-02T06:00:00+00:00 [queued]>
[2022-01-30 14:57:24,998] {taskinstance.py:1032} INFO - Dependencies all met for <TaskInstance: HomeWorkWeek2.dowdata scheduled__2021-04-02T06:00:00+00:00 [queued]>
[2022-01-30 14:57:24,998] {taskinstance.py:1238} INFO - 
--------------------------------------------------------------------------------
[2022-01-30 14:57:24,999] {taskinstance.py:1239} INFO - Starting attempt 1 of 2
[2022-01-30 14:57:25,000] {taskinstance.py:1240} INFO - 
--------------------------------------------------------------------------------
[2022-01-30 14:57:25,088] {taskinstance.py:1259} INFO - Executing <Task(BashOperator): dowdata> on 2021-04-02 06:00:00+00:00
[2022-01-30 14:57:25,099] {standard_task_runner.py:52} INFO - Started process 1459 to run task
[2022-01-30 14:57:25,109] {standard_task_runner.py:76} INFO - Running: ['***', 'tasks', 'run', 'HomeWorkWeek2', 'dowdata', 'scheduled__2021-04-02T06:00:00+00:00', '--job-id', '258', '--raw', '--subdir', 'DAGS_FOLDER/dag_questions1.py', '--cfg-path', '/tmp/tmp9o_hv6gx', '--error-file', '/tmp/tmph8xscecy']
[2022-01-30 14:57:25,112] {standard_task_runner.py:77} INFO - Job 258: Subtask dowdata
[2022-01-30 14:57:25,307] {logging_mixin.py:109} INFO - Running <TaskInstance: HomeWorkWeek2.dowdata scheduled__2021-04-02T06:00:00+00:00 [running]> on host 785c0c715caa
[2022-01-30 14:57:25,501] {warnings.py:110} WARNING - /home/***/.local/lib/python3.7/site-packages/***/utils/context.py:152: AirflowContextDeprecationWarning: Accessing 'execution_date' from the template is deprecated and will be removed in a future version. Please use 'data_interval_start' or 'logical_date' instead.
  warnings.warn(_create_deprecation_warning(key, self._deprecation_replacements[key]))

[2022-01-30 14:57:25,574] {taskinstance.py:1426} INFO - Exporting the following env vars:
AIRFLOW_CTX_DAG_OWNER=***
AIRFLOW_CTX_DAG_ID=HomeWorkWeek2
AIRFLOW_CTX_TASK_ID=dowdata
AIRFLOW_CTX_EXECUTION_DATE=2021-04-02T06:00:00+00:00
AIRFLOW_CTX_DAG_RUN_ID=scheduled__2021-04-02T06:00:00+00:00
[2022-01-30 14:57:25,578] {subprocess.py:62} INFO - Tmp dir root location: 
 /tmp
[2022-01-30 14:57:25,580] {subprocess.py:74} INFO - Running command: ['bash', '-c', 'curl -sSLf https://s3.amazonaws.com/nyc-tlc/trip+data/yellow_tripdata_2021-04.csv > /opt/***output_2021-04.csv']
[2022-01-30 14:57:25,604] {subprocess.py:85} INFO - Output:
[2022-01-30 14:58:00,943] {subprocess.py:93} INFO - Command exited with return code 0
[2022-01-30 14:58:01,032] {taskinstance.py:1277} INFO - Marking task as SUCCESS. dag_id=HomeWorkWeek2, task_id=dowdata, execution_date=20210402T060000, start_date=20220130T145724, end_date=20220130T145801
[2022-01-30 14:58:01,146] {local_task_job.py:154} INFO - Task exited with return code 0
[2022-01-30 14:58:01,282] {local_task_job.py:264} INFO - 1 downstream tasks scheduled from follow-on schedule check
