[2022-02-02 21:10:11,570] {taskinstance.py:1032} INFO - Dependencies all met for <TaskInstance: Question3_FHV.csv_to_parquet scheduled__2019-02-02T06:00:00+00:00 [queued]>
[2022-02-02 21:10:11,611] {taskinstance.py:1032} INFO - Dependencies all met for <TaskInstance: Question3_FHV.csv_to_parquet scheduled__2019-02-02T06:00:00+00:00 [queued]>
[2022-02-02 21:10:11,612] {taskinstance.py:1238} INFO - 
--------------------------------------------------------------------------------
[2022-02-02 21:10:11,612] {taskinstance.py:1239} INFO - Starting attempt 1 of 2
[2022-02-02 21:10:11,612] {taskinstance.py:1240} INFO - 
--------------------------------------------------------------------------------
[2022-02-02 21:10:11,652] {taskinstance.py:1259} INFO - Executing <Task(PythonOperator): csv_to_parquet> on 2019-02-02 06:00:00+00:00
[2022-02-02 21:10:11,658] {standard_task_runner.py:52} INFO - Started process 459 to run task
[2022-02-02 21:10:11,665] {standard_task_runner.py:76} INFO - Running: ['***', 'tasks', 'run', 'Question3_FHV', 'csv_to_parquet', 'scheduled__2019-02-02T06:00:00+00:00', '--job-id', '317', '--raw', '--subdir', 'DAGS_FOLDER/dag_questions3.py', '--cfg-path', '/tmp/tmprjpyhqb3', '--error-file', '/tmp/tmpjtx07syp']
[2022-02-02 21:10:11,667] {standard_task_runner.py:77} INFO - Job 317: Subtask csv_to_parquet
[2022-02-02 21:10:11,811] {logging_mixin.py:109} INFO - Running <TaskInstance: Question3_FHV.csv_to_parquet scheduled__2019-02-02T06:00:00+00:00 [running]> on host d574c7c5b085
[2022-02-02 21:10:11,925] {warnings.py:110} WARNING - /home/***/.local/lib/python3.7/site-packages/***/utils/context.py:152: AirflowContextDeprecationWarning: Accessing 'execution_date' from the template is deprecated and will be removed in a future version. Please use 'data_interval_start' or 'logical_date' instead.
  warnings.warn(_create_deprecation_warning(key, self._deprecation_replacements[key]))

[2022-02-02 21:10:11,969] {taskinstance.py:1426} INFO - Exporting the following env vars:
AIRFLOW_CTX_DAG_OWNER=***
AIRFLOW_CTX_DAG_ID=Question3_FHV
AIRFLOW_CTX_TASK_ID=csv_to_parquet
AIRFLOW_CTX_EXECUTION_DATE=2019-02-02T06:00:00+00:00
AIRFLOW_CTX_DAG_RUN_ID=scheduled__2019-02-02T06:00:00+00:00
[2022-02-02 21:10:13,576] {python.py:175} INFO - Done. Returned value was: None
[2022-02-02 21:10:13,612] {taskinstance.py:1277} INFO - Marking task as SUCCESS. dag_id=Question3_FHV, task_id=csv_to_parquet, execution_date=20190202T060000, start_date=20220202T211011, end_date=20220202T211013
[2022-02-02 21:10:13,704] {local_task_job.py:154} INFO - Task exited with return code 0
[2022-02-02 21:10:13,841] {local_task_job.py:264} INFO - 1 downstream tasks scheduled from follow-on schedule check
[2022-02-09 11:29:13,506] {taskinstance.py:1032} INFO - Dependencies all met for <TaskInstance: Question3_FHV.csv_to_parquet scheduled__2019-02-02T06:00:00+00:00 [queued]>
[2022-02-09 11:29:13,557] {taskinstance.py:1032} INFO - Dependencies all met for <TaskInstance: Question3_FHV.csv_to_parquet scheduled__2019-02-02T06:00:00+00:00 [queued]>
[2022-02-09 11:29:13,558] {taskinstance.py:1238} INFO - 
--------------------------------------------------------------------------------
[2022-02-09 11:29:13,558] {taskinstance.py:1239} INFO - Starting attempt 1 of 2
[2022-02-09 11:29:13,558] {taskinstance.py:1240} INFO - 
--------------------------------------------------------------------------------
[2022-02-09 11:29:13,598] {taskinstance.py:1259} INFO - Executing <Task(PythonOperator): csv_to_parquet> on 2019-02-02 06:00:00+00:00
[2022-02-09 11:29:13,605] {standard_task_runner.py:52} INFO - Started process 335 to run task
[2022-02-09 11:29:13,610] {standard_task_runner.py:76} INFO - Running: ['***', 'tasks', 'run', 'Question3_FHV', 'csv_to_parquet', 'scheduled__2019-02-02T06:00:00+00:00', '--job-id', '390', '--raw', '--subdir', 'DAGS_FOLDER/dag_questions3.py', '--cfg-path', '/tmp/tmpqaffhmv1', '--error-file', '/tmp/tmpzrtq7dgp']
[2022-02-09 11:29:13,613] {standard_task_runner.py:77} INFO - Job 390: Subtask csv_to_parquet
[2022-02-09 11:29:13,776] {logging_mixin.py:109} INFO - Running <TaskInstance: Question3_FHV.csv_to_parquet scheduled__2019-02-02T06:00:00+00:00 [running]> on host c5795c3f6004
[2022-02-09 11:29:13,889] {warnings.py:110} WARNING - /home/***/.local/lib/python3.7/site-packages/***/utils/context.py:152: AirflowContextDeprecationWarning: Accessing 'execution_date' from the template is deprecated and will be removed in a future version. Please use 'data_interval_start' or 'logical_date' instead.
  warnings.warn(_create_deprecation_warning(key, self._deprecation_replacements[key]))

[2022-02-09 11:29:13,944] {taskinstance.py:1426} INFO - Exporting the following env vars:
AIRFLOW_CTX_DAG_OWNER=***
AIRFLOW_CTX_DAG_ID=Question3_FHV
AIRFLOW_CTX_TASK_ID=csv_to_parquet
AIRFLOW_CTX_EXECUTION_DATE=2019-02-02T06:00:00+00:00
AIRFLOW_CTX_DAG_RUN_ID=scheduled__2019-02-02T06:00:00+00:00
[2022-02-09 11:29:17,456] {python.py:175} INFO - Done. Returned value was: None
[2022-02-09 11:29:17,593] {taskinstance.py:1277} INFO - Marking task as SUCCESS. dag_id=Question3_FHV, task_id=csv_to_parquet, execution_date=20190202T060000, start_date=20220209T112913, end_date=20220209T112917
[2022-02-09 11:29:17,697] {local_task_job.py:154} INFO - Task exited with return code 0
[2022-02-09 11:29:17,833] {local_task_job.py:264} INFO - 1 downstream tasks scheduled from follow-on schedule check
[2022-02-10 01:09:28,934] {taskinstance.py:1032} INFO - Dependencies all met for <TaskInstance: Question3_FHV.csv_to_parquet scheduled__2019-02-02T06:00:00+00:00 [queued]>
[2022-02-10 01:09:28,970] {taskinstance.py:1032} INFO - Dependencies all met for <TaskInstance: Question3_FHV.csv_to_parquet scheduled__2019-02-02T06:00:00+00:00 [queued]>
[2022-02-10 01:09:28,970] {taskinstance.py:1238} INFO - 
--------------------------------------------------------------------------------
[2022-02-10 01:09:28,970] {taskinstance.py:1239} INFO - Starting attempt 1 of 2
[2022-02-10 01:09:28,971] {taskinstance.py:1240} INFO - 
--------------------------------------------------------------------------------
[2022-02-10 01:09:29,004] {taskinstance.py:1259} INFO - Executing <Task(PythonOperator): csv_to_parquet> on 2019-02-02 06:00:00+00:00
[2022-02-10 01:09:29,011] {standard_task_runner.py:52} INFO - Started process 7128 to run task
[2022-02-10 01:09:29,015] {standard_task_runner.py:76} INFO - Running: ['***', 'tasks', 'run', 'Question3_FHV', 'csv_to_parquet', 'scheduled__2019-02-02T06:00:00+00:00', '--job-id', '460', '--raw', '--subdir', 'DAGS_FOLDER/dag_questions3.py', '--cfg-path', '/tmp/tmp14nhl7sh', '--error-file', '/tmp/tmpudbqf8df']
[2022-02-10 01:09:29,017] {standard_task_runner.py:77} INFO - Job 460: Subtask csv_to_parquet
[2022-02-10 01:09:29,162] {logging_mixin.py:109} INFO - Running <TaskInstance: Question3_FHV.csv_to_parquet scheduled__2019-02-02T06:00:00+00:00 [running]> on host 0fd4ea805f5e
[2022-02-10 01:09:29,282] {warnings.py:110} WARNING - /home/***/.local/lib/python3.7/site-packages/***/utils/context.py:152: AirflowContextDeprecationWarning: Accessing 'execution_date' from the template is deprecated and will be removed in a future version. Please use 'data_interval_start' or 'logical_date' instead.
  warnings.warn(_create_deprecation_warning(key, self._deprecation_replacements[key]))

[2022-02-10 01:09:29,392] {taskinstance.py:1426} INFO - Exporting the following env vars:
AIRFLOW_CTX_DAG_OWNER=***
AIRFLOW_CTX_DAG_ID=Question3_FHV
AIRFLOW_CTX_TASK_ID=csv_to_parquet
AIRFLOW_CTX_EXECUTION_DATE=2019-02-02T06:00:00+00:00
AIRFLOW_CTX_DAG_RUN_ID=scheduled__2019-02-02T06:00:00+00:00
[2022-02-10 01:09:30,676] {python.py:175} INFO - Done. Returned value was: None
[2022-02-10 01:09:30,707] {taskinstance.py:1277} INFO - Marking task as SUCCESS. dag_id=Question3_FHV, task_id=csv_to_parquet, execution_date=20190202T060000, start_date=20220210T010928, end_date=20220210T010930
[2022-02-10 01:09:30,785] {local_task_job.py:154} INFO - Task exited with return code 0
[2022-02-10 01:09:30,991] {local_task_job.py:264} INFO - 0 downstream tasks scheduled from follow-on schedule check
