[2022-01-29 14:07:28,131] {taskinstance.py:1032} INFO - Dependencies all met for <TaskInstance: HomeWorkWeek2.get_data scheduled__2019-03-02T06:00:00+00:00 [queued]>
[2022-01-29 14:07:28,256] {taskinstance.py:1032} INFO - Dependencies all met for <TaskInstance: HomeWorkWeek2.get_data scheduled__2019-03-02T06:00:00+00:00 [queued]>
[2022-01-29 14:07:28,256] {taskinstance.py:1238} INFO - 
--------------------------------------------------------------------------------
[2022-01-29 14:07:28,256] {taskinstance.py:1239} INFO - Starting attempt 1 of 1
[2022-01-29 14:07:28,256] {taskinstance.py:1240} INFO - 
--------------------------------------------------------------------------------
[2022-01-29 14:07:28,372] {taskinstance.py:1259} INFO - Executing <Task(BashOperator): get_data> on 2019-03-02 06:00:00+00:00
[2022-01-29 14:07:28,384] {standard_task_runner.py:52} INFO - Started process 303 to run task
[2022-01-29 14:07:28,402] {standard_task_runner.py:76} INFO - Running: ['***', 'tasks', 'run', 'HomeWorkWeek2', 'get_data', 'scheduled__2019-03-02T06:00:00+00:00', '--job-id', '20', '--raw', '--subdir', 'DAGS_FOLDER/dag_questions1.py', '--cfg-path', '/tmp/tmp6m3s6i7z', '--error-file', '/tmp/tmp9ne8dd25']
[2022-01-29 14:07:28,421] {standard_task_runner.py:77} INFO - Job 20: Subtask get_data
[2022-01-29 14:07:29,194] {logging_mixin.py:109} INFO - Running <TaskInstance: HomeWorkWeek2.get_data scheduled__2019-03-02T06:00:00+00:00 [running]> on host d1e1fe005577
[2022-01-29 14:07:30,173] {taskinstance.py:1426} INFO - Exporting the following env vars:
AIRFLOW_CTX_DAG_OWNER=***
AIRFLOW_CTX_DAG_ID=HomeWorkWeek2
AIRFLOW_CTX_TASK_ID=get_data
AIRFLOW_CTX_EXECUTION_DATE=2019-03-02T06:00:00+00:00
AIRFLOW_CTX_DAG_RUN_ID=scheduled__2019-03-02T06:00:00+00:00
[2022-01-29 14:07:30,180] {subprocess.py:62} INFO - Tmp dir root location: 
 /tmp
[2022-01-29 14:07:30,186] {subprocess.py:74} INFO - Running command: ['bash', '-c', 'echo "helloworld!!"']
[2022-01-29 14:07:30,254] {subprocess.py:85} INFO - Output:
[2022-01-29 14:07:30,255] {subprocess.py:89} INFO - helloworld!!
[2022-01-29 14:07:30,255] {subprocess.py:93} INFO - Command exited with return code 0
[2022-01-29 14:07:30,513] {taskinstance.py:1277} INFO - Marking task as SUCCESS. dag_id=HomeWorkWeek2, task_id=get_data, execution_date=20190302T060000, start_date=20220129T140728, end_date=20220129T140730
[2022-01-29 14:07:30,632] {local_task_job.py:154} INFO - Task exited with return code 0
[2022-01-29 14:07:30,737] {local_task_job.py:264} INFO - 0 downstream tasks scheduled from follow-on schedule check
[2022-01-30 10:37:34,329] {taskinstance.py:1032} INFO - Dependencies all met for <TaskInstance: HomeWorkWeek2.get_data scheduled__2019-03-02T06:00:00+00:00 [queued]>
[2022-01-30 10:37:34,376] {taskinstance.py:1032} INFO - Dependencies all met for <TaskInstance: HomeWorkWeek2.get_data scheduled__2019-03-02T06:00:00+00:00 [queued]>
[2022-01-30 10:37:34,376] {taskinstance.py:1238} INFO - 
--------------------------------------------------------------------------------
[2022-01-30 10:37:34,377] {taskinstance.py:1239} INFO - Starting attempt 1 of 1
[2022-01-30 10:37:34,377] {taskinstance.py:1240} INFO - 
--------------------------------------------------------------------------------
[2022-01-30 10:37:34,429] {taskinstance.py:1259} INFO - Executing <Task(BashOperator): get_data> on 2019-03-02 06:00:00+00:00
[2022-01-30 10:37:34,438] {standard_task_runner.py:52} INFO - Started process 285 to run task
[2022-01-30 10:37:34,453] {standard_task_runner.py:76} INFO - Running: ['***', 'tasks', 'run', 'HomeWorkWeek2', 'get_data', 'scheduled__2019-03-02T06:00:00+00:00', '--job-id', '64', '--raw', '--subdir', 'DAGS_FOLDER/dag_questions1.py', '--cfg-path', '/tmp/tmpflpgzg0j', '--error-file', '/tmp/tmpzy0zapzy']
[2022-01-30 10:37:34,454] {standard_task_runner.py:77} INFO - Job 64: Subtask get_data
[2022-01-30 10:37:34,743] {logging_mixin.py:109} INFO - Running <TaskInstance: HomeWorkWeek2.get_data scheduled__2019-03-02T06:00:00+00:00 [running]> on host fc414ca9b482
[2022-01-30 10:37:34,950] {warnings.py:110} WARNING - /home/***/.local/lib/python3.7/site-packages/***/utils/context.py:152: AirflowContextDeprecationWarning: Accessing 'execution_date' from the template is deprecated and will be removed in a future version. Please use 'data_interval_start' or 'logical_date' instead.
  warnings.warn(_create_deprecation_warning(key, self._deprecation_replacements[key]))

[2022-01-30 10:37:35,072] {taskinstance.py:1426} INFO - Exporting the following env vars:
AIRFLOW_CTX_DAG_OWNER=***
AIRFLOW_CTX_DAG_ID=HomeWorkWeek2
AIRFLOW_CTX_TASK_ID=get_data
AIRFLOW_CTX_EXECUTION_DATE=2019-03-02T06:00:00+00:00
AIRFLOW_CTX_DAG_RUN_ID=scheduled__2019-03-02T06:00:00+00:00
[2022-01-30 10:37:35,075] {subprocess.py:62} INFO - Tmp dir root location: 
 /tmp
[2022-01-30 10:37:35,081] {subprocess.py:74} INFO - Running command: ['bash', '-c', 'curl -sSLf https://s3.amazonaws.com/nyc-tlc/trip+data/yellow_tripdata_2019-03.csv > /opt/***output_2019-03.csv']
[2022-01-30 10:37:35,130] {subprocess.py:85} INFO - Output:
[2022-01-30 10:40:24,230] {subprocess.py:93} INFO - Command exited with return code 0
[2022-01-30 10:40:24,317] {taskinstance.py:1277} INFO - Marking task as SUCCESS. dag_id=HomeWorkWeek2, task_id=get_data, execution_date=20190302T060000, start_date=20220130T103734, end_date=20220130T104024
[2022-01-30 10:40:24,421] {local_task_job.py:154} INFO - Task exited with return code 0
[2022-01-30 10:40:24,535] {local_task_job.py:264} INFO - 0 downstream tasks scheduled from follow-on schedule check
