[2022-01-29 14:08:06,611] {taskinstance.py:1032} INFO - Dependencies all met for <TaskInstance: HomeWorkWeek2.get_data scheduled__2021-04-02T06:00:00+00:00 [queued]>
[2022-01-29 14:08:06,666] {taskinstance.py:1032} INFO - Dependencies all met for <TaskInstance: HomeWorkWeek2.get_data scheduled__2021-04-02T06:00:00+00:00 [queued]>
[2022-01-29 14:08:06,666] {taskinstance.py:1238} INFO - 
--------------------------------------------------------------------------------
[2022-01-29 14:08:06,667] {taskinstance.py:1239} INFO - Starting attempt 1 of 1
[2022-01-29 14:08:06,667] {taskinstance.py:1240} INFO - 
--------------------------------------------------------------------------------
[2022-01-29 14:08:06,726] {taskinstance.py:1259} INFO - Executing <Task(BashOperator): get_data> on 2021-04-02 06:00:00+00:00
[2022-01-29 14:08:06,740] {standard_task_runner.py:52} INFO - Started process 410 to run task
[2022-01-29 14:08:06,748] {standard_task_runner.py:76} INFO - Running: ['***', 'tasks', 'run', 'HomeWorkWeek2', 'get_data', 'scheduled__2021-04-02T06:00:00+00:00', '--job-id', '45', '--raw', '--subdir', 'DAGS_FOLDER/dag_questions1.py', '--cfg-path', '/tmp/tmpdf6l3xm1', '--error-file', '/tmp/tmpqvkz52gp']
[2022-01-29 14:08:06,750] {standard_task_runner.py:77} INFO - Job 45: Subtask get_data
[2022-01-29 14:08:07,083] {logging_mixin.py:109} INFO - Running <TaskInstance: HomeWorkWeek2.get_data scheduled__2021-04-02T06:00:00+00:00 [running]> on host d1e1fe005577
[2022-01-29 14:08:07,333] {taskinstance.py:1426} INFO - Exporting the following env vars:
AIRFLOW_CTX_DAG_OWNER=***
AIRFLOW_CTX_DAG_ID=HomeWorkWeek2
AIRFLOW_CTX_TASK_ID=get_data
AIRFLOW_CTX_EXECUTION_DATE=2021-04-02T06:00:00+00:00
AIRFLOW_CTX_DAG_RUN_ID=scheduled__2021-04-02T06:00:00+00:00
[2022-01-29 14:08:07,335] {subprocess.py:62} INFO - Tmp dir root location: 
 /tmp
[2022-01-29 14:08:07,336] {subprocess.py:74} INFO - Running command: ['bash', '-c', 'echo "helloworld!!"']
[2022-01-29 14:08:07,351] {subprocess.py:85} INFO - Output:
[2022-01-29 14:08:07,352] {subprocess.py:89} INFO - helloworld!!
[2022-01-29 14:08:07,352] {subprocess.py:93} INFO - Command exited with return code 0
[2022-01-29 14:08:07,503] {taskinstance.py:1277} INFO - Marking task as SUCCESS. dag_id=HomeWorkWeek2, task_id=get_data, execution_date=20210402T060000, start_date=20220129T140806, end_date=20220129T140807
[2022-01-29 14:08:07,603] {local_task_job.py:154} INFO - Task exited with return code 0
[2022-01-29 14:08:07,680] {local_task_job.py:264} INFO - 0 downstream tasks scheduled from follow-on schedule check
[2022-01-30 10:53:47,114] {taskinstance.py:1032} INFO - Dependencies all met for <TaskInstance: HomeWorkWeek2.get_data scheduled__2021-04-02T06:00:00+00:00 [queued]>
[2022-01-30 10:53:47,170] {taskinstance.py:1032} INFO - Dependencies all met for <TaskInstance: HomeWorkWeek2.get_data scheduled__2021-04-02T06:00:00+00:00 [queued]>
[2022-01-30 10:53:47,171] {taskinstance.py:1238} INFO - 
--------------------------------------------------------------------------------
[2022-01-30 10:53:47,171] {taskinstance.py:1239} INFO - Starting attempt 1 of 1
[2022-01-30 10:53:47,171] {taskinstance.py:1240} INFO - 
--------------------------------------------------------------------------------
[2022-01-30 10:53:47,246] {taskinstance.py:1259} INFO - Executing <Task(BashOperator): get_data> on 2021-04-02 06:00:00+00:00
[2022-01-30 10:53:47,256] {standard_task_runner.py:52} INFO - Started process 1097 to run task
[2022-01-30 10:53:47,263] {standard_task_runner.py:76} INFO - Running: ['***', 'tasks', 'run', 'HomeWorkWeek2', 'get_data', 'scheduled__2021-04-02T06:00:00+00:00', '--job-id', '90', '--raw', '--subdir', 'DAGS_FOLDER/dag_questions1.py', '--cfg-path', '/tmp/tmpn_38p65n', '--error-file', '/tmp/tmpfyjptelt']
[2022-01-30 10:53:47,264] {standard_task_runner.py:77} INFO - Job 90: Subtask get_data
[2022-01-30 10:53:47,473] {logging_mixin.py:109} INFO - Running <TaskInstance: HomeWorkWeek2.get_data scheduled__2021-04-02T06:00:00+00:00 [running]> on host fc414ca9b482
[2022-01-30 10:53:47,658] {warnings.py:110} WARNING - /home/***/.local/lib/python3.7/site-packages/***/utils/context.py:152: AirflowContextDeprecationWarning: Accessing 'execution_date' from the template is deprecated and will be removed in a future version. Please use 'data_interval_start' or 'logical_date' instead.
  warnings.warn(_create_deprecation_warning(key, self._deprecation_replacements[key]))

[2022-01-30 10:53:47,717] {taskinstance.py:1426} INFO - Exporting the following env vars:
AIRFLOW_CTX_DAG_OWNER=***
AIRFLOW_CTX_DAG_ID=HomeWorkWeek2
AIRFLOW_CTX_TASK_ID=get_data
AIRFLOW_CTX_EXECUTION_DATE=2021-04-02T06:00:00+00:00
AIRFLOW_CTX_DAG_RUN_ID=scheduled__2021-04-02T06:00:00+00:00
[2022-01-30 10:53:47,720] {subprocess.py:62} INFO - Tmp dir root location: 
 /tmp
[2022-01-30 10:53:47,721] {subprocess.py:74} INFO - Running command: ['bash', '-c', 'curl -sSLf https://s3.amazonaws.com/nyc-tlc/trip+data/yellow_tripdata_2021-04.csv > /opt/***output_2021-04.csv']
[2022-01-30 10:53:47,741] {subprocess.py:85} INFO - Output:
[2022-01-30 10:55:09,067] {subprocess.py:93} INFO - Command exited with return code 0
[2022-01-30 10:55:09,163] {taskinstance.py:1277} INFO - Marking task as SUCCESS. dag_id=HomeWorkWeek2, task_id=get_data, execution_date=20210402T060000, start_date=20220130T105347, end_date=20220130T105509
[2022-01-30 10:55:09,260] {local_task_job.py:154} INFO - Task exited with return code 0
[2022-01-30 10:55:09,362] {local_task_job.py:264} INFO - 0 downstream tasks scheduled from follow-on schedule check
