[2022-01-30 13:02:21,361] {taskinstance.py:1032} INFO - Dependencies all met for <TaskInstance: HomeWorkWeek2.halo scheduled__2019-09-02T06:00:00+00:00 [queued]>
[2022-01-30 13:02:21,409] {taskinstance.py:1032} INFO - Dependencies all met for <TaskInstance: HomeWorkWeek2.halo scheduled__2019-09-02T06:00:00+00:00 [queued]>
[2022-01-30 13:02:21,410] {taskinstance.py:1238} INFO - 
--------------------------------------------------------------------------------
[2022-01-30 13:02:21,410] {taskinstance.py:1239} INFO - Starting attempt 1 of 2
[2022-01-30 13:02:21,411] {taskinstance.py:1240} INFO - 
--------------------------------------------------------------------------------
[2022-01-30 13:02:21,450] {taskinstance.py:1259} INFO - Executing <Task(PythonOperator): halo> on 2019-09-02 06:00:00+00:00
[2022-01-30 13:02:21,462] {standard_task_runner.py:52} INFO - Started process 2609 to run task
[2022-01-30 13:02:21,469] {standard_task_runner.py:76} INFO - Running: ['***', 'tasks', 'run', 'HomeWorkWeek2', 'halo', 'scheduled__2019-09-02T06:00:00+00:00', '--job-id', '125', '--raw', '--subdir', 'DAGS_FOLDER/dag_questions1.py', '--cfg-path', '/tmp/tmpqiwyha_q', '--error-file', '/tmp/tmp53ykps39']
[2022-01-30 13:02:21,471] {standard_task_runner.py:77} INFO - Job 125: Subtask halo
[2022-01-30 13:02:21,673] {logging_mixin.py:109} INFO - Running <TaskInstance: HomeWorkWeek2.halo scheduled__2019-09-02T06:00:00+00:00 [running]> on host 4b3b8c5e49b1
[2022-01-30 13:02:21,865] {taskinstance.py:1426} INFO - Exporting the following env vars:
AIRFLOW_CTX_DAG_OWNER=***
AIRFLOW_CTX_DAG_ID=HomeWorkWeek2
AIRFLOW_CTX_TASK_ID=halo
AIRFLOW_CTX_EXECUTION_DATE=2019-09-02T06:00:00+00:00
AIRFLOW_CTX_DAG_RUN_ID=scheduled__2019-09-02T06:00:00+00:00
[2022-01-30 13:02:21,868] {logging_mixin.py:109} INFO - helloworld
[2022-01-30 13:02:21,868] {python.py:175} INFO - Done. Returned value was: None
[2022-01-30 13:02:21,905] {taskinstance.py:1277} INFO - Marking task as SUCCESS. dag_id=HomeWorkWeek2, task_id=halo, execution_date=20190902T060000, start_date=20220130T130221, end_date=20220130T130221
[2022-01-30 13:02:21,980] {local_task_job.py:154} INFO - Task exited with return code 0
[2022-01-30 13:02:22,176] {local_task_job.py:264} INFO - 0 downstream tasks scheduled from follow-on schedule check
[2022-01-30 14:49:12,479] {taskinstance.py:1032} INFO - Dependencies all met for <TaskInstance: HomeWorkWeek2.halo scheduled__2019-09-02T06:00:00+00:00 [queued]>
[2022-01-30 14:49:12,529] {taskinstance.py:1032} INFO - Dependencies all met for <TaskInstance: HomeWorkWeek2.halo scheduled__2019-09-02T06:00:00+00:00 [queued]>
[2022-01-30 14:49:12,530] {taskinstance.py:1238} INFO - 
--------------------------------------------------------------------------------
[2022-01-30 14:49:12,530] {taskinstance.py:1239} INFO - Starting attempt 1 of 2
[2022-01-30 14:49:12,530] {taskinstance.py:1240} INFO - 
--------------------------------------------------------------------------------
[2022-01-30 14:49:12,585] {taskinstance.py:1259} INFO - Executing <Task(PythonOperator): halo> on 2019-09-02 06:00:00+00:00
[2022-01-30 14:49:12,594] {standard_task_runner.py:52} INFO - Started process 805 to run task
[2022-01-30 14:49:12,601] {standard_task_runner.py:76} INFO - Running: ['***', 'tasks', 'run', 'HomeWorkWeek2', 'halo', 'scheduled__2019-09-02T06:00:00+00:00', '--job-id', '208', '--raw', '--subdir', 'DAGS_FOLDER/dag_questions1.py', '--cfg-path', '/tmp/tmpdh_kmjet', '--error-file', '/tmp/tmpm9d6xz0o']
[2022-01-30 14:49:12,603] {standard_task_runner.py:77} INFO - Job 208: Subtask halo
[2022-01-30 14:49:12,802] {logging_mixin.py:109} INFO - Running <TaskInstance: HomeWorkWeek2.halo scheduled__2019-09-02T06:00:00+00:00 [running]> on host 785c0c715caa
[2022-01-30 14:49:13,080] {taskinstance.py:1426} INFO - Exporting the following env vars:
AIRFLOW_CTX_DAG_OWNER=***
AIRFLOW_CTX_DAG_ID=HomeWorkWeek2
AIRFLOW_CTX_TASK_ID=halo
AIRFLOW_CTX_EXECUTION_DATE=2019-09-02T06:00:00+00:00
AIRFLOW_CTX_DAG_RUN_ID=scheduled__2019-09-02T06:00:00+00:00
[2022-01-30 14:49:13,083] {logging_mixin.py:109} INFO - hello world!!
[2022-01-30 14:49:13,083] {python.py:175} INFO - Done. Returned value was: None
[2022-01-30 14:49:13,128] {taskinstance.py:1277} INFO - Marking task as SUCCESS. dag_id=HomeWorkWeek2, task_id=halo, execution_date=20190902T060000, start_date=20220130T144912, end_date=20220130T144913
[2022-01-30 14:49:13,236] {local_task_job.py:154} INFO - Task exited with return code 0
[2022-01-30 14:49:13,338] {local_task_job.py:264} INFO - 0 downstream tasks scheduled from follow-on schedule check
