[2022-01-30 14:58:04,593] {taskinstance.py:1032} INFO - Dependencies all met for <TaskInstance: HomeWorkWeek2.csv_to_parquet scheduled__2021-03-02T06:00:00+00:00 [queued]>
[2022-01-30 14:58:04,644] {taskinstance.py:1032} INFO - Dependencies all met for <TaskInstance: HomeWorkWeek2.csv_to_parquet scheduled__2021-03-02T06:00:00+00:00 [queued]>
[2022-01-30 14:58:04,645] {taskinstance.py:1238} INFO - 
--------------------------------------------------------------------------------
[2022-01-30 14:58:04,645] {taskinstance.py:1239} INFO - Starting attempt 1 of 2
[2022-01-30 14:58:04,646] {taskinstance.py:1240} INFO - 
--------------------------------------------------------------------------------
[2022-01-30 14:58:04,702] {taskinstance.py:1259} INFO - Executing <Task(PythonOperator): csv_to_parquet> on 2021-03-02 06:00:00+00:00
[2022-01-30 14:58:04,710] {standard_task_runner.py:52} INFO - Started process 1515 to run task
[2022-01-30 14:58:04,718] {standard_task_runner.py:76} INFO - Running: ['***', 'tasks', 'run', 'HomeWorkWeek2', 'csv_to_parquet', 'scheduled__2021-03-02T06:00:00+00:00', '--job-id', '263', '--raw', '--subdir', 'DAGS_FOLDER/dag_questions1.py', '--cfg-path', '/tmp/tmp0vzddfgq', '--error-file', '/tmp/tmp5xx6dph9']
[2022-01-30 14:58:04,721] {standard_task_runner.py:77} INFO - Job 263: Subtask csv_to_parquet
[2022-01-30 14:58:04,899] {logging_mixin.py:109} INFO - Running <TaskInstance: HomeWorkWeek2.csv_to_parquet scheduled__2021-03-02T06:00:00+00:00 [running]> on host 785c0c715caa
[2022-01-30 14:58:05,066] {warnings.py:110} WARNING - /home/***/.local/lib/python3.7/site-packages/***/utils/context.py:152: AirflowContextDeprecationWarning: Accessing 'execution_date' from the template is deprecated and will be removed in a future version. Please use 'data_interval_start' or 'logical_date' instead.
  warnings.warn(_create_deprecation_warning(key, self._deprecation_replacements[key]))

[2022-01-30 14:58:05,136] {taskinstance.py:1426} INFO - Exporting the following env vars:
AIRFLOW_CTX_DAG_OWNER=***
AIRFLOW_CTX_DAG_ID=HomeWorkWeek2
AIRFLOW_CTX_TASK_ID=csv_to_parquet
AIRFLOW_CTX_EXECUTION_DATE=2021-03-02T06:00:00+00:00
AIRFLOW_CTX_DAG_RUN_ID=scheduled__2021-03-02T06:00:00+00:00
[2022-01-30 14:58:12,971] {python.py:175} INFO - Done. Returned value was: None
[2022-01-30 14:58:13,029] {taskinstance.py:1277} INFO - Marking task as SUCCESS. dag_id=HomeWorkWeek2, task_id=csv_to_parquet, execution_date=20210302T060000, start_date=20220130T145804, end_date=20220130T145813
[2022-01-30 14:58:13,211] {local_task_job.py:154} INFO - Task exited with return code 0
[2022-01-30 14:58:13,361] {local_task_job.py:264} INFO - 1 downstream tasks scheduled from follow-on schedule check
