[2022-01-30 13:08:01,143] {taskinstance.py:1032} INFO - Dependencies all met for <TaskInstance: HomeWorkWeek2.halo scheduled__2021-01-02T06:00:00+00:00 [queued]>
[2022-01-30 13:08:01,189] {taskinstance.py:1032} INFO - Dependencies all met for <TaskInstance: HomeWorkWeek2.halo scheduled__2021-01-02T06:00:00+00:00 [queued]>
[2022-01-30 13:08:01,190] {taskinstance.py:1238} INFO - 
--------------------------------------------------------------------------------
[2022-01-30 13:08:01,190] {taskinstance.py:1239} INFO - Starting attempt 1 of 2
[2022-01-30 13:08:01,191] {taskinstance.py:1240} INFO - 
--------------------------------------------------------------------------------
[2022-01-30 13:08:01,237] {taskinstance.py:1259} INFO - Executing <Task(PythonOperator): halo> on 2021-01-02 06:00:00+00:00
[2022-01-30 13:08:01,245] {standard_task_runner.py:52} INFO - Started process 2978 to run task
[2022-01-30 13:08:01,254] {standard_task_runner.py:76} INFO - Running: ['***', 'tasks', 'run', 'HomeWorkWeek2', 'halo', 'scheduled__2021-01-02T06:00:00+00:00', '--job-id', '155', '--raw', '--subdir', 'DAGS_FOLDER/dag_questions1.py', '--cfg-path', '/tmp/tmpfdunn7xf', '--error-file', '/tmp/tmp75vcy0om']
[2022-01-30 13:08:01,256] {standard_task_runner.py:77} INFO - Job 155: Subtask halo
[2022-01-30 13:08:01,517] {logging_mixin.py:109} INFO - Running <TaskInstance: HomeWorkWeek2.halo scheduled__2021-01-02T06:00:00+00:00 [running]> on host 4b3b8c5e49b1
[2022-01-30 13:08:01,763] {taskinstance.py:1426} INFO - Exporting the following env vars:
AIRFLOW_CTX_DAG_OWNER=***
AIRFLOW_CTX_DAG_ID=HomeWorkWeek2
AIRFLOW_CTX_TASK_ID=halo
AIRFLOW_CTX_EXECUTION_DATE=2021-01-02T06:00:00+00:00
AIRFLOW_CTX_DAG_RUN_ID=scheduled__2021-01-02T06:00:00+00:00
[2022-01-30 13:08:01,766] {logging_mixin.py:109} INFO - helloworld
[2022-01-30 13:08:01,766] {python.py:175} INFO - Done. Returned value was: None
[2022-01-30 13:08:01,817] {taskinstance.py:1277} INFO - Marking task as SUCCESS. dag_id=HomeWorkWeek2, task_id=halo, execution_date=20210102T060000, start_date=20220130T130801, end_date=20220130T130801
[2022-01-30 13:08:01,918] {local_task_job.py:154} INFO - Task exited with return code 0
[2022-01-30 13:08:02,038] {local_task_job.py:264} INFO - 0 downstream tasks scheduled from follow-on schedule check
[2022-01-30 14:56:58,130] {taskinstance.py:1032} INFO - Dependencies all met for <TaskInstance: HomeWorkWeek2.halo scheduled__2021-01-02T06:00:00+00:00 [queued]>
[2022-01-30 14:56:58,186] {taskinstance.py:1032} INFO - Dependencies all met for <TaskInstance: HomeWorkWeek2.halo scheduled__2021-01-02T06:00:00+00:00 [queued]>
[2022-01-30 14:56:58,186] {taskinstance.py:1238} INFO - 
--------------------------------------------------------------------------------
[2022-01-30 14:56:58,187] {taskinstance.py:1239} INFO - Starting attempt 1 of 2
[2022-01-30 14:56:58,187] {taskinstance.py:1240} INFO - 
--------------------------------------------------------------------------------
[2022-01-30 14:56:58,227] {taskinstance.py:1259} INFO - Executing <Task(PythonOperator): halo> on 2021-01-02 06:00:00+00:00
[2022-01-30 14:56:58,235] {standard_task_runner.py:52} INFO - Started process 1418 to run task
[2022-01-30 14:56:58,242] {standard_task_runner.py:76} INFO - Running: ['***', 'tasks', 'run', 'HomeWorkWeek2', 'halo', 'scheduled__2021-01-02T06:00:00+00:00', '--job-id', '254', '--raw', '--subdir', 'DAGS_FOLDER/dag_questions1.py', '--cfg-path', '/tmp/tmpsrptfp98', '--error-file', '/tmp/tmp9qfna0bx']
[2022-01-30 14:56:58,244] {standard_task_runner.py:77} INFO - Job 254: Subtask halo
[2022-01-30 14:56:58,444] {logging_mixin.py:109} INFO - Running <TaskInstance: HomeWorkWeek2.halo scheduled__2021-01-02T06:00:00+00:00 [running]> on host 785c0c715caa
[2022-01-30 14:56:58,656] {taskinstance.py:1426} INFO - Exporting the following env vars:
AIRFLOW_CTX_DAG_OWNER=***
AIRFLOW_CTX_DAG_ID=HomeWorkWeek2
AIRFLOW_CTX_TASK_ID=halo
AIRFLOW_CTX_EXECUTION_DATE=2021-01-02T06:00:00+00:00
AIRFLOW_CTX_DAG_RUN_ID=scheduled__2021-01-02T06:00:00+00:00
[2022-01-30 14:56:58,658] {logging_mixin.py:109} INFO - hello world!!
[2022-01-30 14:56:58,659] {python.py:175} INFO - Done. Returned value was: None
[2022-01-30 14:56:58,701] {taskinstance.py:1277} INFO - Marking task as SUCCESS. dag_id=HomeWorkWeek2, task_id=halo, execution_date=20210102T060000, start_date=20220130T145658, end_date=20220130T145658
[2022-01-30 14:56:58,787] {local_task_job.py:154} INFO - Task exited with return code 0
[2022-01-30 14:56:58,914] {local_task_job.py:264} INFO - 0 downstream tasks scheduled from follow-on schedule check
