[2022-01-30 13:07:11,477] {taskinstance.py:1032} INFO - Dependencies all met for <TaskInstance: HomeWorkWeek2.dowdata scheduled__2020-11-02T06:00:00+00:00 [queued]>
[2022-01-30 13:07:11,536] {taskinstance.py:1032} INFO - Dependencies all met for <TaskInstance: HomeWorkWeek2.dowdata scheduled__2020-11-02T06:00:00+00:00 [queued]>
[2022-01-30 13:07:11,537] {taskinstance.py:1238} INFO - 
--------------------------------------------------------------------------------
[2022-01-30 13:07:11,537] {taskinstance.py:1239} INFO - Starting attempt 1 of 2
[2022-01-30 13:07:11,537] {taskinstance.py:1240} INFO - 
--------------------------------------------------------------------------------
[2022-01-30 13:07:11,592] {taskinstance.py:1259} INFO - Executing <Task(BashOperator): dowdata> on 2020-11-02 06:00:00+00:00
[2022-01-30 13:07:11,606] {standard_task_runner.py:52} INFO - Started process 2913 to run task
[2022-01-30 13:07:11,613] {standard_task_runner.py:76} INFO - Running: ['***', 'tasks', 'run', 'HomeWorkWeek2', 'dowdata', 'scheduled__2020-11-02T06:00:00+00:00', '--job-id', '148', '--raw', '--subdir', 'DAGS_FOLDER/dag_questions1.py', '--cfg-path', '/tmp/tmpue9azzib', '--error-file', '/tmp/tmp5l37z_ob']
[2022-01-30 13:07:11,615] {standard_task_runner.py:77} INFO - Job 148: Subtask dowdata
[2022-01-30 13:07:11,820] {logging_mixin.py:109} INFO - Running <TaskInstance: HomeWorkWeek2.dowdata scheduled__2020-11-02T06:00:00+00:00 [running]> on host 4b3b8c5e49b1
[2022-01-30 13:07:11,985] {warnings.py:110} WARNING - /home/***/.local/lib/python3.7/site-packages/***/utils/context.py:152: AirflowContextDeprecationWarning: Accessing 'execution_date' from the template is deprecated and will be removed in a future version. Please use 'data_interval_start' or 'logical_date' instead.
  warnings.warn(_create_deprecation_warning(key, self._deprecation_replacements[key]))

[2022-01-30 13:07:12,046] {taskinstance.py:1426} INFO - Exporting the following env vars:
AIRFLOW_CTX_DAG_OWNER=***
AIRFLOW_CTX_DAG_ID=HomeWorkWeek2
AIRFLOW_CTX_TASK_ID=dowdata
AIRFLOW_CTX_EXECUTION_DATE=2020-11-02T06:00:00+00:00
AIRFLOW_CTX_DAG_RUN_ID=scheduled__2020-11-02T06:00:00+00:00
[2022-01-30 13:07:12,048] {subprocess.py:62} INFO - Tmp dir root location: 
 /tmp
[2022-01-30 13:07:12,050] {subprocess.py:74} INFO - Running command: ['bash', '-c', 'curl -sSLf https://s3.amazonaws.com/nyc-tlc/trip+data/yellow_tripdata_2020-11.csv > /opt/***output_2020-11.csv']
[2022-01-30 13:07:12,071] {subprocess.py:85} INFO - Output:
[2022-01-30 13:07:39,770] {subprocess.py:93} INFO - Command exited with return code 0
[2022-01-30 13:07:40,051] {taskinstance.py:1277} INFO - Marking task as SUCCESS. dag_id=HomeWorkWeek2, task_id=dowdata, execution_date=20201102T060000, start_date=20220130T130711, end_date=20220130T130740
[2022-01-30 13:07:40,141] {local_task_job.py:154} INFO - Task exited with return code 0
[2022-01-30 13:07:40,350] {local_task_job.py:264} INFO - 1 downstream tasks scheduled from follow-on schedule check
[2022-01-30 14:56:13,003] {taskinstance.py:1032} INFO - Dependencies all met for <TaskInstance: HomeWorkWeek2.dowdata scheduled__2020-11-02T06:00:00+00:00 [queued]>
[2022-01-30 14:56:13,083] {taskinstance.py:1032} INFO - Dependencies all met for <TaskInstance: HomeWorkWeek2.dowdata scheduled__2020-11-02T06:00:00+00:00 [queued]>
[2022-01-30 14:56:13,084] {taskinstance.py:1238} INFO - 
--------------------------------------------------------------------------------
[2022-01-30 14:56:13,084] {taskinstance.py:1239} INFO - Starting attempt 1 of 2
[2022-01-30 14:56:13,085] {taskinstance.py:1240} INFO - 
--------------------------------------------------------------------------------
[2022-01-30 14:56:13,169] {taskinstance.py:1259} INFO - Executing <Task(BashOperator): dowdata> on 2020-11-02 06:00:00+00:00
[2022-01-30 14:56:13,185] {standard_task_runner.py:52} INFO - Started process 1347 to run task
[2022-01-30 14:56:13,194] {standard_task_runner.py:76} INFO - Running: ['***', 'tasks', 'run', 'HomeWorkWeek2', 'dowdata', 'scheduled__2020-11-02T06:00:00+00:00', '--job-id', '247', '--raw', '--subdir', 'DAGS_FOLDER/dag_questions1.py', '--cfg-path', '/tmp/tmp0zcemnwx', '--error-file', '/tmp/tmppdfbhna8']
[2022-01-30 14:56:13,201] {standard_task_runner.py:77} INFO - Job 247: Subtask dowdata
[2022-01-30 14:56:13,410] {logging_mixin.py:109} INFO - Running <TaskInstance: HomeWorkWeek2.dowdata scheduled__2020-11-02T06:00:00+00:00 [running]> on host 785c0c715caa
[2022-01-30 14:56:13,591] {warnings.py:110} WARNING - /home/***/.local/lib/python3.7/site-packages/***/utils/context.py:152: AirflowContextDeprecationWarning: Accessing 'execution_date' from the template is deprecated and will be removed in a future version. Please use 'data_interval_start' or 'logical_date' instead.
  warnings.warn(_create_deprecation_warning(key, self._deprecation_replacements[key]))

[2022-01-30 14:56:13,670] {taskinstance.py:1426} INFO - Exporting the following env vars:
AIRFLOW_CTX_DAG_OWNER=***
AIRFLOW_CTX_DAG_ID=HomeWorkWeek2
AIRFLOW_CTX_TASK_ID=dowdata
AIRFLOW_CTX_EXECUTION_DATE=2020-11-02T06:00:00+00:00
AIRFLOW_CTX_DAG_RUN_ID=scheduled__2020-11-02T06:00:00+00:00
[2022-01-30 14:56:13,673] {subprocess.py:62} INFO - Tmp dir root location: 
 /tmp
[2022-01-30 14:56:13,674] {subprocess.py:74} INFO - Running command: ['bash', '-c', 'curl -sSLf https://s3.amazonaws.com/nyc-tlc/trip+data/yellow_tripdata_2020-11.csv > /opt/***output_2020-11.csv']
[2022-01-30 14:56:13,697] {subprocess.py:85} INFO - Output:
[2022-01-30 14:56:32,926] {subprocess.py:93} INFO - Command exited with return code 0
[2022-01-30 14:56:33,246] {taskinstance.py:1277} INFO - Marking task as SUCCESS. dag_id=HomeWorkWeek2, task_id=dowdata, execution_date=20201102T060000, start_date=20220130T145613, end_date=20220130T145633
[2022-01-30 14:56:33,313] {local_task_job.py:154} INFO - Task exited with return code 0
[2022-01-30 14:56:33,468] {local_task_job.py:264} INFO - 1 downstream tasks scheduled from follow-on schedule check
[2022-02-19 01:35:28,609] {taskinstance.py:1032} INFO - Dependencies all met for <TaskInstance: HomeWorkWeek2.dowdata scheduled__2020-11-02T06:00:00+00:00 [queued]>
[2022-02-19 01:35:28,655] {taskinstance.py:1032} INFO - Dependencies all met for <TaskInstance: HomeWorkWeek2.dowdata scheduled__2020-11-02T06:00:00+00:00 [queued]>
[2022-02-19 01:35:28,655] {taskinstance.py:1238} INFO - 
--------------------------------------------------------------------------------
[2022-02-19 01:35:28,656] {taskinstance.py:1239} INFO - Starting attempt 1 of 2
[2022-02-19 01:35:28,657] {taskinstance.py:1240} INFO - 
--------------------------------------------------------------------------------
[2022-02-19 01:35:28,708] {taskinstance.py:1259} INFO - Executing <Task(BashOperator): dowdata> on 2020-11-02 06:00:00+00:00
[2022-02-19 01:35:28,716] {standard_task_runner.py:52} INFO - Started process 3253 to run task
[2022-02-19 01:35:28,725] {standard_task_runner.py:76} INFO - Running: ['***', 'tasks', 'run', 'HomeWorkWeek2', 'dowdata', 'scheduled__2020-11-02T06:00:00+00:00', '--job-id', '602', '--raw', '--subdir', 'DAGS_FOLDER/dag_questions1.py', '--cfg-path', '/tmp/tmpy6u2s9mb', '--error-file', '/tmp/tmpinay6780']
[2022-02-19 01:35:28,728] {standard_task_runner.py:77} INFO - Job 602: Subtask dowdata
[2022-02-19 01:35:28,948] {logging_mixin.py:109} INFO - Running <TaskInstance: HomeWorkWeek2.dowdata scheduled__2020-11-02T06:00:00+00:00 [running]> on host 312f1fe573aa
[2022-02-19 01:35:29,092] {warnings.py:110} WARNING - /home/***/.local/lib/python3.7/site-packages/***/utils/context.py:152: AirflowContextDeprecationWarning: Accessing 'execution_date' from the template is deprecated and will be removed in a future version. Please use 'data_interval_start' or 'logical_date' instead.
  warnings.warn(_create_deprecation_warning(key, self._deprecation_replacements[key]))

[2022-02-19 01:35:29,154] {taskinstance.py:1426} INFO - Exporting the following env vars:
AIRFLOW_CTX_DAG_OWNER=***
AIRFLOW_CTX_DAG_ID=HomeWorkWeek2
AIRFLOW_CTX_TASK_ID=dowdata
AIRFLOW_CTX_EXECUTION_DATE=2020-11-02T06:00:00+00:00
AIRFLOW_CTX_DAG_RUN_ID=scheduled__2020-11-02T06:00:00+00:00
[2022-02-19 01:35:29,156] {subprocess.py:62} INFO - Tmp dir root location: 
 /tmp
[2022-02-19 01:35:29,158] {subprocess.py:74} INFO - Running command: ['bash', '-c', 'curl -sSLf https://s3.amazonaws.com/nyc-tlc/trip+data/yellow_tripdata_2020-11.csv > /opt/***output_2020-11.csv']
[2022-02-19 01:35:29,179] {subprocess.py:85} INFO - Output:
[2022-02-19 01:35:49,682] {subprocess.py:93} INFO - Command exited with return code 0
[2022-02-19 01:35:49,757] {taskinstance.py:1277} INFO - Marking task as SUCCESS. dag_id=HomeWorkWeek2, task_id=dowdata, execution_date=20201102T060000, start_date=20220219T013528, end_date=20220219T013549
[2022-02-19 01:35:49,850] {local_task_job.py:154} INFO - Task exited with return code 0
[2022-02-19 01:35:49,989] {local_task_job.py:264} INFO - 1 downstream tasks scheduled from follow-on schedule check
[2022-02-19 11:37:34,550] {taskinstance.py:1032} INFO - Dependencies all met for <TaskInstance: HomeWorkWeek2.dowdata scheduled__2020-11-02T06:00:00+00:00 [queued]>
[2022-02-19 11:37:34,684] {taskinstance.py:1032} INFO - Dependencies all met for <TaskInstance: HomeWorkWeek2.dowdata scheduled__2020-11-02T06:00:00+00:00 [queued]>
[2022-02-19 11:37:34,685] {taskinstance.py:1238} INFO - 
--------------------------------------------------------------------------------
[2022-02-19 11:37:34,687] {taskinstance.py:1239} INFO - Starting attempt 1 of 2
[2022-02-19 11:37:34,688] {taskinstance.py:1240} INFO - 
--------------------------------------------------------------------------------
[2022-02-19 11:37:34,789] {taskinstance.py:1259} INFO - Executing <Task(BashOperator): dowdata> on 2020-11-02 06:00:00+00:00
[2022-02-19 11:37:34,797] {standard_task_runner.py:52} INFO - Started process 4205 to run task
[2022-02-19 11:37:34,827] {standard_task_runner.py:76} INFO - Running: ['***', 'tasks', 'run', 'HomeWorkWeek2', 'dowdata', 'scheduled__2020-11-02T06:00:00+00:00', '--job-id', '971', '--raw', '--subdir', 'DAGS_FOLDER/dag_questions1.py', '--cfg-path', '/tmp/tmpxr14z2db', '--error-file', '/tmp/tmphedwbf16']
[2022-02-19 11:37:34,829] {standard_task_runner.py:77} INFO - Job 971: Subtask dowdata
[2022-02-19 11:37:35,117] {logging_mixin.py:109} INFO - Running <TaskInstance: HomeWorkWeek2.dowdata scheduled__2020-11-02T06:00:00+00:00 [running]> on host f81f14254480
[2022-02-19 11:37:35,363] {warnings.py:110} WARNING - /home/***/.local/lib/python3.7/site-packages/***/utils/context.py:152: AirflowContextDeprecationWarning: Accessing 'execution_date' from the template is deprecated and will be removed in a future version. Please use 'data_interval_start' or 'logical_date' instead.
  warnings.warn(_create_deprecation_warning(key, self._deprecation_replacements[key]))

[2022-02-19 11:37:35,423] {taskinstance.py:1426} INFO - Exporting the following env vars:
AIRFLOW_CTX_DAG_OWNER=***
AIRFLOW_CTX_DAG_ID=HomeWorkWeek2
AIRFLOW_CTX_TASK_ID=dowdata
AIRFLOW_CTX_EXECUTION_DATE=2020-11-02T06:00:00+00:00
AIRFLOW_CTX_DAG_RUN_ID=scheduled__2020-11-02T06:00:00+00:00
[2022-02-19 11:37:35,431] {subprocess.py:62} INFO - Tmp dir root location: 
 /tmp
[2022-02-19 11:37:35,432] {subprocess.py:74} INFO - Running command: ['bash', '-c', 'curl -sSLf https://s3.amazonaws.com/nyc-tlc/trip+data/yellow_tripdata_2020-11.csv > /opt/***output_2020-11.csv']
[2022-02-19 11:37:35,461] {subprocess.py:85} INFO - Output:
[2022-02-19 11:37:50,304] {subprocess.py:93} INFO - Command exited with return code 0
[2022-02-19 11:37:50,390] {taskinstance.py:1277} INFO - Marking task as SUCCESS. dag_id=HomeWorkWeek2, task_id=dowdata, execution_date=20201102T060000, start_date=20220219T113734, end_date=20220219T113750
[2022-02-19 11:37:50,486] {local_task_job.py:154} INFO - Task exited with return code 0
[2022-02-19 11:37:50,609] {local_task_job.py:264} INFO - 1 downstream tasks scheduled from follow-on schedule check
[2022-02-20 00:21:39,343] {taskinstance.py:1032} INFO - Dependencies all met for <TaskInstance: HomeWorkWeek2.dowdata scheduled__2020-11-02T06:00:00+00:00 [queued]>
[2022-02-20 00:21:39,387] {taskinstance.py:1032} INFO - Dependencies all met for <TaskInstance: HomeWorkWeek2.dowdata scheduled__2020-11-02T06:00:00+00:00 [queued]>
[2022-02-20 00:21:39,387] {taskinstance.py:1238} INFO - 
--------------------------------------------------------------------------------
[2022-02-20 00:21:39,388] {taskinstance.py:1239} INFO - Starting attempt 1 of 2
[2022-02-20 00:21:39,389] {taskinstance.py:1240} INFO - 
--------------------------------------------------------------------------------
[2022-02-20 00:21:39,447] {taskinstance.py:1259} INFO - Executing <Task(BashOperator): dowdata> on 2020-11-02 06:00:00+00:00
[2022-02-20 00:21:39,457] {standard_task_runner.py:52} INFO - Started process 24208 to run task
[2022-02-20 00:21:39,465] {standard_task_runner.py:76} INFO - Running: ['***', 'tasks', 'run', 'HomeWorkWeek2', 'dowdata', 'scheduled__2020-11-02T06:00:00+00:00', '--job-id', '1136', '--raw', '--subdir', 'DAGS_FOLDER/dag_questions1.py', '--cfg-path', '/tmp/tmp47djp5ar', '--error-file', '/tmp/tmpqu54c4io']
[2022-02-20 00:21:39,467] {standard_task_runner.py:77} INFO - Job 1136: Subtask dowdata
[2022-02-20 00:21:39,632] {logging_mixin.py:109} INFO - Running <TaskInstance: HomeWorkWeek2.dowdata scheduled__2020-11-02T06:00:00+00:00 [running]> on host d9977d7db207
[2022-02-20 00:21:39,833] {warnings.py:110} WARNING - /home/***/.local/lib/python3.7/site-packages/***/utils/context.py:152: AirflowContextDeprecationWarning: Accessing 'execution_date' from the template is deprecated and will be removed in a future version. Please use 'data_interval_start' or 'logical_date' instead.
  warnings.warn(_create_deprecation_warning(key, self._deprecation_replacements[key]))

[2022-02-20 00:21:39,972] {taskinstance.py:1426} INFO - Exporting the following env vars:
AIRFLOW_CTX_DAG_OWNER=***
AIRFLOW_CTX_DAG_ID=HomeWorkWeek2
AIRFLOW_CTX_TASK_ID=dowdata
AIRFLOW_CTX_EXECUTION_DATE=2020-11-02T06:00:00+00:00
AIRFLOW_CTX_DAG_RUN_ID=scheduled__2020-11-02T06:00:00+00:00
[2022-02-20 00:21:39,975] {subprocess.py:62} INFO - Tmp dir root location: 
 /tmp
[2022-02-20 00:21:39,976] {subprocess.py:74} INFO - Running command: ['bash', '-c', 'curl -sSLf https://s3.amazonaws.com/nyc-tlc/trip+data/yellow_tripdata_2020-11.csv > /opt/***yellow_2020-11.csv']
[2022-02-20 00:21:40,003] {subprocess.py:85} INFO - Output:
[2022-02-20 00:21:54,794] {subprocess.py:93} INFO - Command exited with return code 0
[2022-02-20 00:21:54,981] {taskinstance.py:1277} INFO - Marking task as SUCCESS. dag_id=HomeWorkWeek2, task_id=dowdata, execution_date=20201102T060000, start_date=20220220T002139, end_date=20220220T002154
[2022-02-20 00:21:55,069] {local_task_job.py:154} INFO - Task exited with return code 0
[2022-02-20 00:21:55,192] {local_task_job.py:264} INFO - 1 downstream tasks scheduled from follow-on schedule check
