[2022-01-30 13:06:01,615] {taskinstance.py:1032} INFO - Dependencies all met for <TaskInstance: HomeWorkWeek2.dowdata scheduled__2020-07-02T06:00:00+00:00 [queued]>
[2022-01-30 13:06:01,664] {taskinstance.py:1032} INFO - Dependencies all met for <TaskInstance: HomeWorkWeek2.dowdata scheduled__2020-07-02T06:00:00+00:00 [queued]>
[2022-01-30 13:06:01,665] {taskinstance.py:1238} INFO - 
--------------------------------------------------------------------------------
[2022-01-30 13:06:01,666] {taskinstance.py:1239} INFO - Starting attempt 1 of 2
[2022-01-30 13:06:01,666] {taskinstance.py:1240} INFO - 
--------------------------------------------------------------------------------
[2022-01-30 13:06:01,720] {taskinstance.py:1259} INFO - Executing <Task(BashOperator): dowdata> on 2020-07-02 06:00:00+00:00
[2022-01-30 13:06:01,730] {standard_task_runner.py:52} INFO - Started process 2827 to run task
[2022-01-30 13:06:01,737] {standard_task_runner.py:76} INFO - Running: ['***', 'tasks', 'run', 'HomeWorkWeek2', 'dowdata', 'scheduled__2020-07-02T06:00:00+00:00', '--job-id', '140', '--raw', '--subdir', 'DAGS_FOLDER/dag_questions1.py', '--cfg-path', '/tmp/tmp78l8mqgx', '--error-file', '/tmp/tmp71lvbzki']
[2022-01-30 13:06:01,740] {standard_task_runner.py:77} INFO - Job 140: Subtask dowdata
[2022-01-30 13:06:01,966] {logging_mixin.py:109} INFO - Running <TaskInstance: HomeWorkWeek2.dowdata scheduled__2020-07-02T06:00:00+00:00 [running]> on host 4b3b8c5e49b1
[2022-01-30 13:06:02,120] {warnings.py:110} WARNING - /home/***/.local/lib/python3.7/site-packages/***/utils/context.py:152: AirflowContextDeprecationWarning: Accessing 'execution_date' from the template is deprecated and will be removed in a future version. Please use 'data_interval_start' or 'logical_date' instead.
  warnings.warn(_create_deprecation_warning(key, self._deprecation_replacements[key]))

[2022-01-30 13:06:02,186] {taskinstance.py:1426} INFO - Exporting the following env vars:
AIRFLOW_CTX_DAG_OWNER=***
AIRFLOW_CTX_DAG_ID=HomeWorkWeek2
AIRFLOW_CTX_TASK_ID=dowdata
AIRFLOW_CTX_EXECUTION_DATE=2020-07-02T06:00:00+00:00
AIRFLOW_CTX_DAG_RUN_ID=scheduled__2020-07-02T06:00:00+00:00
[2022-01-30 13:06:02,190] {subprocess.py:62} INFO - Tmp dir root location: 
 /tmp
[2022-01-30 13:06:02,192] {subprocess.py:74} INFO - Running command: ['bash', '-c', 'curl -sSLf https://s3.amazonaws.com/nyc-tlc/trip+data/yellow_tripdata_2020-07.csv > /opt/***output_2020-07.csv']
[2022-01-30 13:06:02,213] {subprocess.py:85} INFO - Output:
[2022-01-30 13:06:14,307] {subprocess.py:93} INFO - Command exited with return code 0
[2022-01-30 13:06:14,468] {taskinstance.py:1277} INFO - Marking task as SUCCESS. dag_id=HomeWorkWeek2, task_id=dowdata, execution_date=20200702T060000, start_date=20220130T130601, end_date=20220130T130614
[2022-01-30 13:06:14,590] {local_task_job.py:154} INFO - Task exited with return code 0
[2022-01-30 13:06:14,830] {local_task_job.py:264} INFO - 1 downstream tasks scheduled from follow-on schedule check
[2022-01-30 14:54:02,342] {taskinstance.py:1032} INFO - Dependencies all met for <TaskInstance: HomeWorkWeek2.dowdata scheduled__2020-07-02T06:00:00+00:00 [queued]>
[2022-01-30 14:54:02,402] {taskinstance.py:1032} INFO - Dependencies all met for <TaskInstance: HomeWorkWeek2.dowdata scheduled__2020-07-02T06:00:00+00:00 [queued]>
[2022-01-30 14:54:02,403] {taskinstance.py:1238} INFO - 
--------------------------------------------------------------------------------
[2022-01-30 14:54:02,404] {taskinstance.py:1239} INFO - Starting attempt 1 of 2
[2022-01-30 14:54:02,404] {taskinstance.py:1240} INFO - 
--------------------------------------------------------------------------------
[2022-01-30 14:54:02,447] {taskinstance.py:1259} INFO - Executing <Task(BashOperator): dowdata> on 2020-07-02 06:00:00+00:00
[2022-01-30 14:54:02,455] {standard_task_runner.py:52} INFO - Started process 1164 to run task
[2022-01-30 14:54:02,467] {standard_task_runner.py:76} INFO - Running: ['***', 'tasks', 'run', 'HomeWorkWeek2', 'dowdata', 'scheduled__2020-07-02T06:00:00+00:00', '--job-id', '231', '--raw', '--subdir', 'DAGS_FOLDER/dag_questions1.py', '--cfg-path', '/tmp/tmptkkeig8d', '--error-file', '/tmp/tmp0qorsl5u']
[2022-01-30 14:54:02,469] {standard_task_runner.py:77} INFO - Job 231: Subtask dowdata
[2022-01-30 14:54:02,696] {logging_mixin.py:109} INFO - Running <TaskInstance: HomeWorkWeek2.dowdata scheduled__2020-07-02T06:00:00+00:00 [running]> on host 785c0c715caa
[2022-01-30 14:54:02,834] {warnings.py:110} WARNING - /home/***/.local/lib/python3.7/site-packages/***/utils/context.py:152: AirflowContextDeprecationWarning: Accessing 'execution_date' from the template is deprecated and will be removed in a future version. Please use 'data_interval_start' or 'logical_date' instead.
  warnings.warn(_create_deprecation_warning(key, self._deprecation_replacements[key]))

[2022-01-30 14:54:02,885] {taskinstance.py:1426} INFO - Exporting the following env vars:
AIRFLOW_CTX_DAG_OWNER=***
AIRFLOW_CTX_DAG_ID=HomeWorkWeek2
AIRFLOW_CTX_TASK_ID=dowdata
AIRFLOW_CTX_EXECUTION_DATE=2020-07-02T06:00:00+00:00
AIRFLOW_CTX_DAG_RUN_ID=scheduled__2020-07-02T06:00:00+00:00
[2022-01-30 14:54:02,888] {subprocess.py:62} INFO - Tmp dir root location: 
 /tmp
[2022-01-30 14:54:02,890] {subprocess.py:74} INFO - Running command: ['bash', '-c', 'curl -sSLf https://s3.amazonaws.com/nyc-tlc/trip+data/yellow_tripdata_2020-07.csv > /opt/***output_2020-07.csv']
[2022-01-30 14:54:02,912] {subprocess.py:85} INFO - Output:
[2022-01-30 14:54:29,592] {subprocess.py:93} INFO - Command exited with return code 0
[2022-01-30 14:54:29,672] {taskinstance.py:1277} INFO - Marking task as SUCCESS. dag_id=HomeWorkWeek2, task_id=dowdata, execution_date=20200702T060000, start_date=20220130T145402, end_date=20220130T145429
[2022-01-30 14:54:29,772] {local_task_job.py:154} INFO - Task exited with return code 0
[2022-01-30 14:54:29,933] {local_task_job.py:264} INFO - 1 downstream tasks scheduled from follow-on schedule check
[2022-02-19 01:32:47,728] {taskinstance.py:1032} INFO - Dependencies all met for <TaskInstance: HomeWorkWeek2.dowdata scheduled__2020-07-02T06:00:00+00:00 [queued]>
[2022-02-19 01:32:47,865] {taskinstance.py:1032} INFO - Dependencies all met for <TaskInstance: HomeWorkWeek2.dowdata scheduled__2020-07-02T06:00:00+00:00 [queued]>
[2022-02-19 01:32:47,866] {taskinstance.py:1238} INFO - 
--------------------------------------------------------------------------------
[2022-02-19 01:32:47,866] {taskinstance.py:1239} INFO - Starting attempt 1 of 2
[2022-02-19 01:32:47,866] {taskinstance.py:1240} INFO - 
--------------------------------------------------------------------------------
[2022-02-19 01:32:47,908] {taskinstance.py:1259} INFO - Executing <Task(BashOperator): dowdata> on 2020-07-02 06:00:00+00:00
[2022-02-19 01:32:47,916] {standard_task_runner.py:52} INFO - Started process 3059 to run task
[2022-02-19 01:32:47,926] {standard_task_runner.py:76} INFO - Running: ['***', 'tasks', 'run', 'HomeWorkWeek2', 'dowdata', 'scheduled__2020-07-02T06:00:00+00:00', '--job-id', '586', '--raw', '--subdir', 'DAGS_FOLDER/dag_questions1.py', '--cfg-path', '/tmp/tmpjzrjqqyd', '--error-file', '/tmp/tmprc2itpw1']
[2022-02-19 01:32:47,928] {standard_task_runner.py:77} INFO - Job 586: Subtask dowdata
[2022-02-19 01:32:48,129] {logging_mixin.py:109} INFO - Running <TaskInstance: HomeWorkWeek2.dowdata scheduled__2020-07-02T06:00:00+00:00 [running]> on host 312f1fe573aa
[2022-02-19 01:32:48,306] {warnings.py:110} WARNING - /home/***/.local/lib/python3.7/site-packages/***/utils/context.py:152: AirflowContextDeprecationWarning: Accessing 'execution_date' from the template is deprecated and will be removed in a future version. Please use 'data_interval_start' or 'logical_date' instead.
  warnings.warn(_create_deprecation_warning(key, self._deprecation_replacements[key]))

[2022-02-19 01:32:48,387] {taskinstance.py:1426} INFO - Exporting the following env vars:
AIRFLOW_CTX_DAG_OWNER=***
AIRFLOW_CTX_DAG_ID=HomeWorkWeek2
AIRFLOW_CTX_TASK_ID=dowdata
AIRFLOW_CTX_EXECUTION_DATE=2020-07-02T06:00:00+00:00
AIRFLOW_CTX_DAG_RUN_ID=scheduled__2020-07-02T06:00:00+00:00
[2022-02-19 01:32:48,389] {subprocess.py:62} INFO - Tmp dir root location: 
 /tmp
[2022-02-19 01:32:48,392] {subprocess.py:74} INFO - Running command: ['bash', '-c', 'curl -sSLf https://s3.amazonaws.com/nyc-tlc/trip+data/yellow_tripdata_2020-07.csv > /opt/***output_2020-07.csv']
[2022-02-19 01:32:48,414] {subprocess.py:85} INFO - Output:
[2022-02-19 01:33:01,008] {subprocess.py:93} INFO - Command exited with return code 0
[2022-02-19 01:33:01,189] {taskinstance.py:1277} INFO - Marking task as SUCCESS. dag_id=HomeWorkWeek2, task_id=dowdata, execution_date=20200702T060000, start_date=20220219T013247, end_date=20220219T013301
[2022-02-19 01:33:01,255] {local_task_job.py:154} INFO - Task exited with return code 0
[2022-02-19 01:33:01,378] {local_task_job.py:264} INFO - 1 downstream tasks scheduled from follow-on schedule check
[2022-02-19 11:35:24,845] {taskinstance.py:1032} INFO - Dependencies all met for <TaskInstance: HomeWorkWeek2.dowdata scheduled__2020-07-02T06:00:00+00:00 [queued]>
[2022-02-19 11:35:24,907] {taskinstance.py:1032} INFO - Dependencies all met for <TaskInstance: HomeWorkWeek2.dowdata scheduled__2020-07-02T06:00:00+00:00 [queued]>
[2022-02-19 11:35:24,908] {taskinstance.py:1238} INFO - 
--------------------------------------------------------------------------------
[2022-02-19 11:35:24,908] {taskinstance.py:1239} INFO - Starting attempt 1 of 2
[2022-02-19 11:35:24,908] {taskinstance.py:1240} INFO - 
--------------------------------------------------------------------------------
[2022-02-19 11:35:24,955] {taskinstance.py:1259} INFO - Executing <Task(BashOperator): dowdata> on 2020-07-02 06:00:00+00:00
[2022-02-19 11:35:24,968] {standard_task_runner.py:52} INFO - Started process 4045 to run task
[2022-02-19 11:35:24,978] {standard_task_runner.py:76} INFO - Running: ['***', 'tasks', 'run', 'HomeWorkWeek2', 'dowdata', 'scheduled__2020-07-02T06:00:00+00:00', '--job-id', '957', '--raw', '--subdir', 'DAGS_FOLDER/dag_questions1.py', '--cfg-path', '/tmp/tmpvr8_rro4', '--error-file', '/tmp/tmpgkd9_ndb']
[2022-02-19 11:35:24,987] {standard_task_runner.py:77} INFO - Job 957: Subtask dowdata
[2022-02-19 11:35:25,199] {logging_mixin.py:109} INFO - Running <TaskInstance: HomeWorkWeek2.dowdata scheduled__2020-07-02T06:00:00+00:00 [running]> on host f81f14254480
[2022-02-19 11:35:25,350] {warnings.py:110} WARNING - /home/***/.local/lib/python3.7/site-packages/***/utils/context.py:152: AirflowContextDeprecationWarning: Accessing 'execution_date' from the template is deprecated and will be removed in a future version. Please use 'data_interval_start' or 'logical_date' instead.
  warnings.warn(_create_deprecation_warning(key, self._deprecation_replacements[key]))

[2022-02-19 11:35:25,405] {taskinstance.py:1426} INFO - Exporting the following env vars:
AIRFLOW_CTX_DAG_OWNER=***
AIRFLOW_CTX_DAG_ID=HomeWorkWeek2
AIRFLOW_CTX_TASK_ID=dowdata
AIRFLOW_CTX_EXECUTION_DATE=2020-07-02T06:00:00+00:00
AIRFLOW_CTX_DAG_RUN_ID=scheduled__2020-07-02T06:00:00+00:00
[2022-02-19 11:35:25,408] {subprocess.py:62} INFO - Tmp dir root location: 
 /tmp
[2022-02-19 11:35:25,409] {subprocess.py:74} INFO - Running command: ['bash', '-c', 'curl -sSLf https://s3.amazonaws.com/nyc-tlc/trip+data/yellow_tripdata_2020-07.csv > /opt/***output_2020-07.csv']
[2022-02-19 11:35:25,442] {subprocess.py:85} INFO - Output:
[2022-02-19 11:35:35,064] {subprocess.py:93} INFO - Command exited with return code 0
[2022-02-19 11:35:35,136] {taskinstance.py:1277} INFO - Marking task as SUCCESS. dag_id=HomeWorkWeek2, task_id=dowdata, execution_date=20200702T060000, start_date=20220219T113524, end_date=20220219T113535
[2022-02-19 11:35:35,220] {local_task_job.py:154} INFO - Task exited with return code 0
[2022-02-19 11:35:35,385] {local_task_job.py:264} INFO - 1 downstream tasks scheduled from follow-on schedule check
[2022-02-20 00:18:56,445] {taskinstance.py:1032} INFO - Dependencies all met for <TaskInstance: HomeWorkWeek2.dowdata scheduled__2020-07-02T06:00:00+00:00 [queued]>
[2022-02-20 00:18:56,503] {taskinstance.py:1032} INFO - Dependencies all met for <TaskInstance: HomeWorkWeek2.dowdata scheduled__2020-07-02T06:00:00+00:00 [queued]>
[2022-02-20 00:18:56,503] {taskinstance.py:1238} INFO - 
--------------------------------------------------------------------------------
[2022-02-20 00:18:56,503] {taskinstance.py:1239} INFO - Starting attempt 1 of 2
[2022-02-20 00:18:56,504] {taskinstance.py:1240} INFO - 
--------------------------------------------------------------------------------
[2022-02-20 00:18:56,550] {taskinstance.py:1259} INFO - Executing <Task(BashOperator): dowdata> on 2020-07-02 06:00:00+00:00
[2022-02-20 00:18:56,557] {standard_task_runner.py:52} INFO - Started process 24016 to run task
[2022-02-20 00:18:56,568] {standard_task_runner.py:76} INFO - Running: ['***', 'tasks', 'run', 'HomeWorkWeek2', 'dowdata', 'scheduled__2020-07-02T06:00:00+00:00', '--job-id', '1120', '--raw', '--subdir', 'DAGS_FOLDER/dag_questions1.py', '--cfg-path', '/tmp/tmp7o3vz_j9', '--error-file', '/tmp/tmp5qvub2ft']
[2022-02-20 00:18:56,570] {standard_task_runner.py:77} INFO - Job 1120: Subtask dowdata
[2022-02-20 00:18:56,871] {logging_mixin.py:109} INFO - Running <TaskInstance: HomeWorkWeek2.dowdata scheduled__2020-07-02T06:00:00+00:00 [running]> on host d9977d7db207
[2022-02-20 00:18:57,033] {warnings.py:110} WARNING - /home/***/.local/lib/python3.7/site-packages/***/utils/context.py:152: AirflowContextDeprecationWarning: Accessing 'execution_date' from the template is deprecated and will be removed in a future version. Please use 'data_interval_start' or 'logical_date' instead.
  warnings.warn(_create_deprecation_warning(key, self._deprecation_replacements[key]))

[2022-02-20 00:18:57,114] {taskinstance.py:1426} INFO - Exporting the following env vars:
AIRFLOW_CTX_DAG_OWNER=***
AIRFLOW_CTX_DAG_ID=HomeWorkWeek2
AIRFLOW_CTX_TASK_ID=dowdata
AIRFLOW_CTX_EXECUTION_DATE=2020-07-02T06:00:00+00:00
AIRFLOW_CTX_DAG_RUN_ID=scheduled__2020-07-02T06:00:00+00:00
[2022-02-20 00:18:57,120] {subprocess.py:62} INFO - Tmp dir root location: 
 /tmp
[2022-02-20 00:18:57,121] {subprocess.py:74} INFO - Running command: ['bash', '-c', 'curl -sSLf https://s3.amazonaws.com/nyc-tlc/trip+data/yellow_tripdata_2020-07.csv > /opt/***yellow_2020-07.csv']
[2022-02-20 00:18:57,142] {subprocess.py:85} INFO - Output:
[2022-02-20 00:19:06,327] {subprocess.py:93} INFO - Command exited with return code 0
[2022-02-20 00:19:06,416] {taskinstance.py:1277} INFO - Marking task as SUCCESS. dag_id=HomeWorkWeek2, task_id=dowdata, execution_date=20200702T060000, start_date=20220220T001856, end_date=20220220T001906
[2022-02-20 00:19:06,514] {local_task_job.py:154} INFO - Task exited with return code 0
[2022-02-20 00:19:06,631] {local_task_job.py:264} INFO - 1 downstream tasks scheduled from follow-on schedule check
