[2022-01-30 14:51:32,079] {taskinstance.py:1032} INFO - Dependencies all met for <TaskInstance: HomeWorkWeek2.csv_to_parquet scheduled__2019-11-02T06:00:00+00:00 [queued]>
[2022-01-30 14:51:32,142] {taskinstance.py:1032} INFO - Dependencies all met for <TaskInstance: HomeWorkWeek2.csv_to_parquet scheduled__2019-11-02T06:00:00+00:00 [queued]>
[2022-01-30 14:51:32,142] {taskinstance.py:1238} INFO - 
--------------------------------------------------------------------------------
[2022-01-30 14:51:32,143] {taskinstance.py:1239} INFO - Starting attempt 1 of 2
[2022-01-30 14:51:32,143] {taskinstance.py:1240} INFO - 
--------------------------------------------------------------------------------
[2022-01-30 14:51:32,210] {taskinstance.py:1259} INFO - Executing <Task(PythonOperator): csv_to_parquet> on 2019-11-02 06:00:00+00:00
[2022-01-30 14:51:32,219] {standard_task_runner.py:52} INFO - Started process 970 to run task
[2022-01-30 14:51:32,226] {standard_task_runner.py:76} INFO - Running: ['***', 'tasks', 'run', 'HomeWorkWeek2', 'csv_to_parquet', 'scheduled__2019-11-02T06:00:00+00:00', '--job-id', '214', '--raw', '--subdir', 'DAGS_FOLDER/dag_questions1.py', '--cfg-path', '/tmp/tmpbyybdoql', '--error-file', '/tmp/tmpqr515x1s']
[2022-01-30 14:51:32,228] {standard_task_runner.py:77} INFO - Job 214: Subtask csv_to_parquet
[2022-01-30 14:51:32,505] {logging_mixin.py:109} INFO - Running <TaskInstance: HomeWorkWeek2.csv_to_parquet scheduled__2019-11-02T06:00:00+00:00 [running]> on host 785c0c715caa
[2022-01-30 14:51:32,694] {warnings.py:110} WARNING - /home/***/.local/lib/python3.7/site-packages/***/utils/context.py:152: AirflowContextDeprecationWarning: Accessing 'execution_date' from the template is deprecated and will be removed in a future version. Please use 'data_interval_start' or 'logical_date' instead.
  warnings.warn(_create_deprecation_warning(key, self._deprecation_replacements[key]))

[2022-01-30 14:51:32,801] {taskinstance.py:1426} INFO - Exporting the following env vars:
AIRFLOW_CTX_DAG_OWNER=***
AIRFLOW_CTX_DAG_ID=HomeWorkWeek2
AIRFLOW_CTX_TASK_ID=csv_to_parquet
AIRFLOW_CTX_EXECUTION_DATE=2019-11-02T06:00:00+00:00
AIRFLOW_CTX_DAG_RUN_ID=scheduled__2019-11-02T06:00:00+00:00
[2022-01-30 14:52:17,674] {python.py:175} INFO - Done. Returned value was: None
[2022-01-30 14:52:18,485] {taskinstance.py:1277} INFO - Marking task as SUCCESS. dag_id=HomeWorkWeek2, task_id=csv_to_parquet, execution_date=20191102T060000, start_date=20220130T145132, end_date=20220130T145218
[2022-01-30 14:52:18,925] {local_task_job.py:154} INFO - Task exited with return code 0
[2022-01-30 14:52:19,165] {local_task_job.py:264} INFO - 1 downstream tasks scheduled from follow-on schedule check
[2022-02-19 01:12:19,828] {taskinstance.py:1032} INFO - Dependencies all met for <TaskInstance: HomeWorkWeek2.csv_to_parquet scheduled__2019-11-02T06:00:00+00:00 [queued]>
[2022-02-19 01:12:19,933] {taskinstance.py:1032} INFO - Dependencies all met for <TaskInstance: HomeWorkWeek2.csv_to_parquet scheduled__2019-11-02T06:00:00+00:00 [queued]>
[2022-02-19 01:12:19,934] {taskinstance.py:1238} INFO - 
--------------------------------------------------------------------------------
[2022-02-19 01:12:19,934] {taskinstance.py:1239} INFO - Starting attempt 1 of 2
[2022-02-19 01:12:19,934] {taskinstance.py:1240} INFO - 
--------------------------------------------------------------------------------
[2022-02-19 01:12:19,996] {taskinstance.py:1259} INFO - Executing <Task(PythonOperator): csv_to_parquet> on 2019-11-02 06:00:00+00:00
[2022-02-19 01:12:20,017] {standard_task_runner.py:52} INFO - Started process 2028 to run task
[2022-02-19 01:12:20,024] {standard_task_runner.py:76} INFO - Running: ['***', 'tasks', 'run', 'HomeWorkWeek2', 'csv_to_parquet', 'scheduled__2019-11-02T06:00:00+00:00', '--job-id', '554', '--raw', '--subdir', 'DAGS_FOLDER/dag_questions1.py', '--cfg-path', '/tmp/tmpxjm8kte0', '--error-file', '/tmp/tmps6e96he1']
[2022-02-19 01:12:20,038] {standard_task_runner.py:77} INFO - Job 554: Subtask csv_to_parquet
[2022-02-19 01:12:20,665] {logging_mixin.py:109} INFO - Running <TaskInstance: HomeWorkWeek2.csv_to_parquet scheduled__2019-11-02T06:00:00+00:00 [running]> on host 312f1fe573aa
[2022-02-19 01:12:21,039] {warnings.py:110} WARNING - /home/***/.local/lib/python3.7/site-packages/***/utils/context.py:152: AirflowContextDeprecationWarning: Accessing 'execution_date' from the template is deprecated and will be removed in a future version. Please use 'data_interval_start' or 'logical_date' instead.
  warnings.warn(_create_deprecation_warning(key, self._deprecation_replacements[key]))

[2022-02-19 01:12:21,198] {taskinstance.py:1426} INFO - Exporting the following env vars:
AIRFLOW_CTX_DAG_OWNER=***
AIRFLOW_CTX_DAG_ID=HomeWorkWeek2
AIRFLOW_CTX_TASK_ID=csv_to_parquet
AIRFLOW_CTX_EXECUTION_DATE=2019-11-02T06:00:00+00:00
AIRFLOW_CTX_DAG_RUN_ID=scheduled__2019-11-02T06:00:00+00:00
[2022-02-19 01:12:39,522] {python.py:175} INFO - Done. Returned value was: None
[2022-02-19 01:12:39,567] {taskinstance.py:1277} INFO - Marking task as SUCCESS. dag_id=HomeWorkWeek2, task_id=csv_to_parquet, execution_date=20191102T060000, start_date=20220219T011219, end_date=20220219T011239
[2022-02-19 01:12:39,959] {local_task_job.py:154} INFO - Task exited with return code 0
[2022-02-19 01:12:40,105] {local_task_job.py:264} INFO - 0 downstream tasks scheduled from follow-on schedule check
[2022-02-19 11:16:25,741] {taskinstance.py:1032} INFO - Dependencies all met for <TaskInstance: HomeWorkWeek2.csv_to_parquet scheduled__2019-11-02T06:00:00+00:00 [queued]>
[2022-02-19 11:16:25,793] {taskinstance.py:1032} INFO - Dependencies all met for <TaskInstance: HomeWorkWeek2.csv_to_parquet scheduled__2019-11-02T06:00:00+00:00 [queued]>
[2022-02-19 11:16:25,794] {taskinstance.py:1238} INFO - 
--------------------------------------------------------------------------------
[2022-02-19 11:16:25,794] {taskinstance.py:1239} INFO - Starting attempt 1 of 2
[2022-02-19 11:16:25,795] {taskinstance.py:1240} INFO - 
--------------------------------------------------------------------------------
[2022-02-19 11:16:25,843] {taskinstance.py:1259} INFO - Executing <Task(PythonOperator): csv_to_parquet> on 2019-11-02 06:00:00+00:00
[2022-02-19 11:16:25,853] {standard_task_runner.py:52} INFO - Started process 3079 to run task
[2022-02-19 11:16:25,862] {standard_task_runner.py:76} INFO - Running: ['***', 'tasks', 'run', 'HomeWorkWeek2', 'csv_to_parquet', 'scheduled__2019-11-02T06:00:00+00:00', '--job-id', '925', '--raw', '--subdir', 'DAGS_FOLDER/dag_questions1.py', '--cfg-path', '/tmp/tmp8fb9rvc4', '--error-file', '/tmp/tmpbxqfaobn']
[2022-02-19 11:16:25,864] {standard_task_runner.py:77} INFO - Job 925: Subtask csv_to_parquet
[2022-02-19 11:16:26,096] {logging_mixin.py:109} INFO - Running <TaskInstance: HomeWorkWeek2.csv_to_parquet scheduled__2019-11-02T06:00:00+00:00 [running]> on host f81f14254480
[2022-02-19 11:16:26,219] {warnings.py:110} WARNING - /home/***/.local/lib/python3.7/site-packages/***/utils/context.py:152: AirflowContextDeprecationWarning: Accessing 'execution_date' from the template is deprecated and will be removed in a future version. Please use 'data_interval_start' or 'logical_date' instead.
  warnings.warn(_create_deprecation_warning(key, self._deprecation_replacements[key]))

[2022-02-19 11:16:26,270] {taskinstance.py:1426} INFO - Exporting the following env vars:
AIRFLOW_CTX_DAG_OWNER=***
AIRFLOW_CTX_DAG_ID=HomeWorkWeek2
AIRFLOW_CTX_TASK_ID=csv_to_parquet
AIRFLOW_CTX_EXECUTION_DATE=2019-11-02T06:00:00+00:00
AIRFLOW_CTX_DAG_RUN_ID=scheduled__2019-11-02T06:00:00+00:00
[2022-02-19 11:16:41,351] {python.py:175} INFO - Done. Returned value was: None
[2022-02-19 11:16:41,554] {taskinstance.py:1277} INFO - Marking task as SUCCESS. dag_id=HomeWorkWeek2, task_id=csv_to_parquet, execution_date=20191102T060000, start_date=20220219T111625, end_date=20220219T111641
[2022-02-19 11:16:41,879] {local_task_job.py:154} INFO - Task exited with return code 0
[2022-02-19 11:16:42,024] {local_task_job.py:264} INFO - 1 downstream tasks scheduled from follow-on schedule check
[2022-02-20 00:00:10,171] {taskinstance.py:1032} INFO - Dependencies all met for <TaskInstance: HomeWorkWeek2.csv_to_parquet scheduled__2019-11-02T06:00:00+00:00 [queued]>
[2022-02-20 00:00:10,218] {taskinstance.py:1032} INFO - Dependencies all met for <TaskInstance: HomeWorkWeek2.csv_to_parquet scheduled__2019-11-02T06:00:00+00:00 [queued]>
[2022-02-20 00:00:10,219] {taskinstance.py:1238} INFO - 
--------------------------------------------------------------------------------
[2022-02-20 00:00:10,219] {taskinstance.py:1239} INFO - Starting attempt 1 of 2
[2022-02-20 00:00:10,219] {taskinstance.py:1240} INFO - 
--------------------------------------------------------------------------------
[2022-02-20 00:00:10,287] {taskinstance.py:1259} INFO - Executing <Task(PythonOperator): csv_to_parquet> on 2019-11-02 06:00:00+00:00
[2022-02-20 00:00:10,295] {standard_task_runner.py:52} INFO - Started process 23068 to run task
[2022-02-20 00:00:10,304] {standard_task_runner.py:76} INFO - Running: ['***', 'tasks', 'run', 'HomeWorkWeek2', 'csv_to_parquet', 'scheduled__2019-11-02T06:00:00+00:00', '--job-id', '1089', '--raw', '--subdir', 'DAGS_FOLDER/dag_questions1.py', '--cfg-path', '/tmp/tmpj4luz78u', '--error-file', '/tmp/tmpnf0bcq3z']
[2022-02-20 00:00:10,306] {standard_task_runner.py:77} INFO - Job 1089: Subtask csv_to_parquet
[2022-02-20 00:00:10,546] {logging_mixin.py:109} INFO - Running <TaskInstance: HomeWorkWeek2.csv_to_parquet scheduled__2019-11-02T06:00:00+00:00 [running]> on host d9977d7db207
[2022-02-20 00:00:10,694] {warnings.py:110} WARNING - /home/***/.local/lib/python3.7/site-packages/***/utils/context.py:152: AirflowContextDeprecationWarning: Accessing 'execution_date' from the template is deprecated and will be removed in a future version. Please use 'data_interval_start' or 'logical_date' instead.
  warnings.warn(_create_deprecation_warning(key, self._deprecation_replacements[key]))

[2022-02-20 00:00:10,770] {taskinstance.py:1426} INFO - Exporting the following env vars:
AIRFLOW_CTX_DAG_OWNER=***
AIRFLOW_CTX_DAG_ID=HomeWorkWeek2
AIRFLOW_CTX_TASK_ID=csv_to_parquet
AIRFLOW_CTX_EXECUTION_DATE=2019-11-02T06:00:00+00:00
AIRFLOW_CTX_DAG_RUN_ID=scheduled__2019-11-02T06:00:00+00:00
[2022-02-20 00:00:26,422] {python.py:175} INFO - Done. Returned value was: None
[2022-02-20 00:00:26,467] {taskinstance.py:1277} INFO - Marking task as SUCCESS. dag_id=HomeWorkWeek2, task_id=csv_to_parquet, execution_date=20191102T060000, start_date=20220220T000010, end_date=20220220T000026
[2022-02-20 00:00:26,763] {local_task_job.py:154} INFO - Task exited with return code 0
[2022-02-20 00:00:26,886] {local_task_job.py:264} INFO - 1 downstream tasks scheduled from follow-on schedule check
