[2022-01-30 13:05:45,517] {taskinstance.py:1032} INFO - Dependencies all met for <TaskInstance: HomeWorkWeek2.dowdata scheduled__2020-06-02T06:00:00+00:00 [queued]>
[2022-01-30 13:05:45,561] {taskinstance.py:1032} INFO - Dependencies all met for <TaskInstance: HomeWorkWeek2.dowdata scheduled__2020-06-02T06:00:00+00:00 [queued]>
[2022-01-30 13:05:45,561] {taskinstance.py:1238} INFO - 
--------------------------------------------------------------------------------
[2022-01-30 13:05:45,562] {taskinstance.py:1239} INFO - Starting attempt 1 of 2
[2022-01-30 13:05:45,562] {taskinstance.py:1240} INFO - 
--------------------------------------------------------------------------------
[2022-01-30 13:05:45,612] {taskinstance.py:1259} INFO - Executing <Task(BashOperator): dowdata> on 2020-06-02 06:00:00+00:00
[2022-01-30 13:05:45,622] {standard_task_runner.py:52} INFO - Started process 2806 to run task
[2022-01-30 13:05:45,630] {standard_task_runner.py:76} INFO - Running: ['***', 'tasks', 'run', 'HomeWorkWeek2', 'dowdata', 'scheduled__2020-06-02T06:00:00+00:00', '--job-id', '137', '--raw', '--subdir', 'DAGS_FOLDER/dag_questions1.py', '--cfg-path', '/tmp/tmprum_y3zs', '--error-file', '/tmp/tmp1mnkldu3']
[2022-01-30 13:05:45,633] {standard_task_runner.py:77} INFO - Job 137: Subtask dowdata
[2022-01-30 13:05:45,846] {logging_mixin.py:109} INFO - Running <TaskInstance: HomeWorkWeek2.dowdata scheduled__2020-06-02T06:00:00+00:00 [running]> on host 4b3b8c5e49b1
[2022-01-30 13:05:46,049] {warnings.py:110} WARNING - /home/***/.local/lib/python3.7/site-packages/***/utils/context.py:152: AirflowContextDeprecationWarning: Accessing 'execution_date' from the template is deprecated and will be removed in a future version. Please use 'data_interval_start' or 'logical_date' instead.
  warnings.warn(_create_deprecation_warning(key, self._deprecation_replacements[key]))

[2022-01-30 13:05:46,138] {taskinstance.py:1426} INFO - Exporting the following env vars:
AIRFLOW_CTX_DAG_OWNER=***
AIRFLOW_CTX_DAG_ID=HomeWorkWeek2
AIRFLOW_CTX_TASK_ID=dowdata
AIRFLOW_CTX_EXECUTION_DATE=2020-06-02T06:00:00+00:00
AIRFLOW_CTX_DAG_RUN_ID=scheduled__2020-06-02T06:00:00+00:00
[2022-01-30 13:05:46,145] {subprocess.py:62} INFO - Tmp dir root location: 
 /tmp
[2022-01-30 13:05:46,147] {subprocess.py:74} INFO - Running command: ['bash', '-c', 'curl -sSLf https://s3.amazonaws.com/nyc-tlc/trip+data/yellow_tripdata_2020-06.csv > /opt/***output_2020-06.csv']
[2022-01-30 13:05:46,188] {subprocess.py:85} INFO - Output:
[2022-01-30 13:05:54,565] {subprocess.py:93} INFO - Command exited with return code 0
[2022-01-30 13:05:54,651] {taskinstance.py:1277} INFO - Marking task as SUCCESS. dag_id=HomeWorkWeek2, task_id=dowdata, execution_date=20200602T060000, start_date=20220130T130545, end_date=20220130T130554
[2022-01-30 13:05:54,763] {local_task_job.py:154} INFO - Task exited with return code 0
[2022-01-30 13:05:54,879] {local_task_job.py:264} INFO - 1 downstream tasks scheduled from follow-on schedule check
[2022-01-30 14:54:01,848] {taskinstance.py:1032} INFO - Dependencies all met for <TaskInstance: HomeWorkWeek2.dowdata scheduled__2020-06-02T06:00:00+00:00 [queued]>
[2022-01-30 14:54:01,912] {taskinstance.py:1032} INFO - Dependencies all met for <TaskInstance: HomeWorkWeek2.dowdata scheduled__2020-06-02T06:00:00+00:00 [queued]>
[2022-01-30 14:54:01,913] {taskinstance.py:1238} INFO - 
--------------------------------------------------------------------------------
[2022-01-30 14:54:01,913] {taskinstance.py:1239} INFO - Starting attempt 1 of 2
[2022-01-30 14:54:01,914] {taskinstance.py:1240} INFO - 
--------------------------------------------------------------------------------
[2022-01-30 14:54:01,985] {taskinstance.py:1259} INFO - Executing <Task(BashOperator): dowdata> on 2020-06-02 06:00:00+00:00
[2022-01-30 14:54:02,002] {standard_task_runner.py:76} INFO - Running: ['***', 'tasks', 'run', 'HomeWorkWeek2', 'dowdata', 'scheduled__2020-06-02T06:00:00+00:00', '--job-id', '230', '--raw', '--subdir', 'DAGS_FOLDER/dag_questions1.py', '--cfg-path', '/tmp/tmpee5xb4hl', '--error-file', '/tmp/tmpvoc2yt4c']
[2022-01-30 14:54:02,005] {standard_task_runner.py:77} INFO - Job 230: Subtask dowdata
[2022-01-30 14:54:01,997] {standard_task_runner.py:52} INFO - Started process 1163 to run task
[2022-01-30 14:54:02,217] {logging_mixin.py:109} INFO - Running <TaskInstance: HomeWorkWeek2.dowdata scheduled__2020-06-02T06:00:00+00:00 [running]> on host 785c0c715caa
[2022-01-30 14:54:02,386] {warnings.py:110} WARNING - /home/***/.local/lib/python3.7/site-packages/***/utils/context.py:152: AirflowContextDeprecationWarning: Accessing 'execution_date' from the template is deprecated and will be removed in a future version. Please use 'data_interval_start' or 'logical_date' instead.
  warnings.warn(_create_deprecation_warning(key, self._deprecation_replacements[key]))

[2022-01-30 14:54:02,468] {taskinstance.py:1426} INFO - Exporting the following env vars:
AIRFLOW_CTX_DAG_OWNER=***
AIRFLOW_CTX_DAG_ID=HomeWorkWeek2
AIRFLOW_CTX_TASK_ID=dowdata
AIRFLOW_CTX_EXECUTION_DATE=2020-06-02T06:00:00+00:00
AIRFLOW_CTX_DAG_RUN_ID=scheduled__2020-06-02T06:00:00+00:00
[2022-01-30 14:54:02,471] {subprocess.py:62} INFO - Tmp dir root location: 
 /tmp
[2022-01-30 14:54:02,472] {subprocess.py:74} INFO - Running command: ['bash', '-c', 'curl -sSLf https://s3.amazonaws.com/nyc-tlc/trip+data/yellow_tripdata_2020-06.csv > /opt/***output_2020-06.csv']
[2022-01-30 14:54:02,493] {subprocess.py:85} INFO - Output:
[2022-01-30 14:54:15,074] {subprocess.py:93} INFO - Command exited with return code 0
[2022-01-30 14:54:15,153] {taskinstance.py:1277} INFO - Marking task as SUCCESS. dag_id=HomeWorkWeek2, task_id=dowdata, execution_date=20200602T060000, start_date=20220130T145401, end_date=20220130T145415
[2022-01-30 14:54:15,267] {local_task_job.py:154} INFO - Task exited with return code 0
[2022-01-30 14:54:15,413] {local_task_job.py:264} INFO - 1 downstream tasks scheduled from follow-on schedule check
[2022-02-19 01:32:12,426] {taskinstance.py:1032} INFO - Dependencies all met for <TaskInstance: HomeWorkWeek2.dowdata scheduled__2020-06-02T06:00:00+00:00 [queued]>
[2022-02-19 01:32:12,472] {taskinstance.py:1032} INFO - Dependencies all met for <TaskInstance: HomeWorkWeek2.dowdata scheduled__2020-06-02T06:00:00+00:00 [queued]>
[2022-02-19 01:32:12,472] {taskinstance.py:1238} INFO - 
--------------------------------------------------------------------------------
[2022-02-19 01:32:12,473] {taskinstance.py:1239} INFO - Starting attempt 1 of 2
[2022-02-19 01:32:12,473] {taskinstance.py:1240} INFO - 
--------------------------------------------------------------------------------
[2022-02-19 01:32:12,520] {taskinstance.py:1259} INFO - Executing <Task(BashOperator): dowdata> on 2020-06-02 06:00:00+00:00
[2022-02-19 01:32:12,528] {standard_task_runner.py:52} INFO - Started process 3001 to run task
[2022-02-19 01:32:12,537] {standard_task_runner.py:76} INFO - Running: ['***', 'tasks', 'run', 'HomeWorkWeek2', 'dowdata', 'scheduled__2020-06-02T06:00:00+00:00', '--job-id', '580', '--raw', '--subdir', 'DAGS_FOLDER/dag_questions1.py', '--cfg-path', '/tmp/tmp65igaxeb', '--error-file', '/tmp/tmpsvm21zz0']
[2022-02-19 01:32:12,539] {standard_task_runner.py:77} INFO - Job 580: Subtask dowdata
[2022-02-19 01:32:12,700] {logging_mixin.py:109} INFO - Running <TaskInstance: HomeWorkWeek2.dowdata scheduled__2020-06-02T06:00:00+00:00 [running]> on host 312f1fe573aa
[2022-02-19 01:32:12,856] {warnings.py:110} WARNING - /home/***/.local/lib/python3.7/site-packages/***/utils/context.py:152: AirflowContextDeprecationWarning: Accessing 'execution_date' from the template is deprecated and will be removed in a future version. Please use 'data_interval_start' or 'logical_date' instead.
  warnings.warn(_create_deprecation_warning(key, self._deprecation_replacements[key]))

[2022-02-19 01:32:12,919] {taskinstance.py:1426} INFO - Exporting the following env vars:
AIRFLOW_CTX_DAG_OWNER=***
AIRFLOW_CTX_DAG_ID=HomeWorkWeek2
AIRFLOW_CTX_TASK_ID=dowdata
AIRFLOW_CTX_EXECUTION_DATE=2020-06-02T06:00:00+00:00
AIRFLOW_CTX_DAG_RUN_ID=scheduled__2020-06-02T06:00:00+00:00
[2022-02-19 01:32:12,922] {subprocess.py:62} INFO - Tmp dir root location: 
 /tmp
[2022-02-19 01:32:12,924] {subprocess.py:74} INFO - Running command: ['bash', '-c', 'curl -sSLf https://s3.amazonaws.com/nyc-tlc/trip+data/yellow_tripdata_2020-06.csv > /opt/***output_2020-06.csv']
[2022-02-19 01:32:12,942] {subprocess.py:85} INFO - Output:
[2022-02-19 01:32:36,544] {subprocess.py:93} INFO - Command exited with return code 0
[2022-02-19 01:32:36,628] {taskinstance.py:1277} INFO - Marking task as SUCCESS. dag_id=HomeWorkWeek2, task_id=dowdata, execution_date=20200602T060000, start_date=20220219T013212, end_date=20220219T013236
[2022-02-19 01:32:36,685] {local_task_job.py:154} INFO - Task exited with return code 0
[2022-02-19 01:32:36,842] {local_task_job.py:264} INFO - 1 downstream tasks scheduled from follow-on schedule check
