[2022-01-30 14:46:25,425] {taskinstance.py:1032} INFO - Dependencies all met for <TaskInstance: HomeWorkWeek2.csv_to_parquet scheduled__2019-06-02T06:00:00+00:00 [queued]>
[2022-01-30 14:46:25,466] {taskinstance.py:1032} INFO - Dependencies all met for <TaskInstance: HomeWorkWeek2.csv_to_parquet scheduled__2019-06-02T06:00:00+00:00 [queued]>
[2022-01-30 14:46:25,467] {taskinstance.py:1238} INFO - 
--------------------------------------------------------------------------------
[2022-01-30 14:46:25,467] {taskinstance.py:1239} INFO - Starting attempt 1 of 2
[2022-01-30 14:46:25,468] {taskinstance.py:1240} INFO - 
--------------------------------------------------------------------------------
[2022-01-30 14:46:25,546] {taskinstance.py:1259} INFO - Executing <Task(PythonOperator): csv_to_parquet> on 2019-06-02 06:00:00+00:00
[2022-01-30 14:46:25,558] {standard_task_runner.py:52} INFO - Started process 642 to run task
[2022-01-30 14:46:25,567] {standard_task_runner.py:76} INFO - Running: ['***', 'tasks', 'run', 'HomeWorkWeek2', 'csv_to_parquet', 'scheduled__2019-06-02T06:00:00+00:00', '--job-id', '199', '--raw', '--subdir', 'DAGS_FOLDER/dag_questions1.py', '--cfg-path', '/tmp/tmpt_2kqitm', '--error-file', '/tmp/tmpyjt1gjfl']
[2022-01-30 14:46:25,569] {standard_task_runner.py:77} INFO - Job 199: Subtask csv_to_parquet
[2022-01-30 14:46:25,917] {logging_mixin.py:109} INFO - Running <TaskInstance: HomeWorkWeek2.csv_to_parquet scheduled__2019-06-02T06:00:00+00:00 [running]> on host 785c0c715caa
[2022-01-30 14:46:26,345] {warnings.py:110} WARNING - /home/***/.local/lib/python3.7/site-packages/***/utils/context.py:152: AirflowContextDeprecationWarning: Accessing 'execution_date' from the template is deprecated and will be removed in a future version. Please use 'data_interval_start' or 'logical_date' instead.
  warnings.warn(_create_deprecation_warning(key, self._deprecation_replacements[key]))

[2022-01-30 14:46:26,475] {taskinstance.py:1426} INFO - Exporting the following env vars:
AIRFLOW_CTX_DAG_OWNER=***
AIRFLOW_CTX_DAG_ID=HomeWorkWeek2
AIRFLOW_CTX_TASK_ID=csv_to_parquet
AIRFLOW_CTX_EXECUTION_DATE=2019-06-02T06:00:00+00:00
AIRFLOW_CTX_DAG_RUN_ID=scheduled__2019-06-02T06:00:00+00:00
[2022-01-30 14:46:58,536] {python.py:175} INFO - Done. Returned value was: None
[2022-01-30 14:46:58,581] {taskinstance.py:1277} INFO - Marking task as SUCCESS. dag_id=HomeWorkWeek2, task_id=csv_to_parquet, execution_date=20190602T060000, start_date=20220130T144625, end_date=20220130T144658
[2022-01-30 14:46:58,983] {local_task_job.py:154} INFO - Task exited with return code 0
[2022-01-30 14:46:59,129] {local_task_job.py:264} INFO - 1 downstream tasks scheduled from follow-on schedule check
[2022-02-19 00:56:46,313] {taskinstance.py:1032} INFO - Dependencies all met for <TaskInstance: HomeWorkWeek2.csv_to_parquet scheduled__2019-06-02T06:00:00+00:00 [queued]>
[2022-02-19 00:56:46,387] {taskinstance.py:1032} INFO - Dependencies all met for <TaskInstance: HomeWorkWeek2.csv_to_parquet scheduled__2019-06-02T06:00:00+00:00 [queued]>
[2022-02-19 00:56:46,388] {taskinstance.py:1238} INFO - 
--------------------------------------------------------------------------------
[2022-02-19 00:56:46,388] {taskinstance.py:1239} INFO - Starting attempt 1 of 2
[2022-02-19 00:56:46,388] {taskinstance.py:1240} INFO - 
--------------------------------------------------------------------------------
[2022-02-19 00:56:46,439] {taskinstance.py:1259} INFO - Executing <Task(PythonOperator): csv_to_parquet> on 2019-06-02 06:00:00+00:00
[2022-02-19 00:56:46,447] {standard_task_runner.py:52} INFO - Started process 1263 to run task
[2022-02-19 00:56:46,463] {standard_task_runner.py:76} INFO - Running: ['***', 'tasks', 'run', 'HomeWorkWeek2', 'csv_to_parquet', 'scheduled__2019-06-02T06:00:00+00:00', '--job-id', '535', '--raw', '--subdir', 'DAGS_FOLDER/dag_questions1.py', '--cfg-path', '/tmp/tmpq_d_8k_h', '--error-file', '/tmp/tmpmtgu2z5t']
[2022-02-19 00:56:46,465] {standard_task_runner.py:77} INFO - Job 535: Subtask csv_to_parquet
[2022-02-19 00:56:46,753] {logging_mixin.py:109} INFO - Running <TaskInstance: HomeWorkWeek2.csv_to_parquet scheduled__2019-06-02T06:00:00+00:00 [running]> on host 312f1fe573aa
[2022-02-19 00:56:46,885] {warnings.py:110} WARNING - /home/***/.local/lib/python3.7/site-packages/***/utils/context.py:152: AirflowContextDeprecationWarning: Accessing 'execution_date' from the template is deprecated and will be removed in a future version. Please use 'data_interval_start' or 'logical_date' instead.
  warnings.warn(_create_deprecation_warning(key, self._deprecation_replacements[key]))

[2022-02-19 00:56:46,933] {taskinstance.py:1426} INFO - Exporting the following env vars:
AIRFLOW_CTX_DAG_OWNER=***
AIRFLOW_CTX_DAG_ID=HomeWorkWeek2
AIRFLOW_CTX_TASK_ID=csv_to_parquet
AIRFLOW_CTX_EXECUTION_DATE=2019-06-02T06:00:00+00:00
AIRFLOW_CTX_DAG_RUN_ID=scheduled__2019-06-02T06:00:00+00:00
[2022-02-19 00:57:00,443] {python.py:175} INFO - Done. Returned value was: None
[2022-02-19 00:57:00,481] {taskinstance.py:1277} INFO - Marking task as SUCCESS. dag_id=HomeWorkWeek2, task_id=csv_to_parquet, execution_date=20190602T060000, start_date=20220219T005646, end_date=20220219T005700
[2022-02-19 00:57:00,772] {local_task_job.py:154} INFO - Task exited with return code 0
[2022-02-19 00:57:00,910] {local_task_job.py:264} INFO - 1 downstream tasks scheduled from follow-on schedule check
[2022-02-19 10:59:05,029] {taskinstance.py:1032} INFO - Dependencies all met for <TaskInstance: HomeWorkWeek2.csv_to_parquet scheduled__2019-06-02T06:00:00+00:00 [queued]>
[2022-02-19 10:59:05,078] {taskinstance.py:1032} INFO - Dependencies all met for <TaskInstance: HomeWorkWeek2.csv_to_parquet scheduled__2019-06-02T06:00:00+00:00 [queued]>
[2022-02-19 10:59:05,079] {taskinstance.py:1238} INFO - 
--------------------------------------------------------------------------------
[2022-02-19 10:59:05,079] {taskinstance.py:1239} INFO - Starting attempt 1 of 2
[2022-02-19 10:59:05,079] {taskinstance.py:1240} INFO - 
--------------------------------------------------------------------------------
[2022-02-19 10:59:05,122] {taskinstance.py:1259} INFO - Executing <Task(PythonOperator): csv_to_parquet> on 2019-06-02 06:00:00+00:00
[2022-02-19 10:59:05,136] {standard_task_runner.py:52} INFO - Started process 2236 to run task
[2022-02-19 10:59:05,144] {standard_task_runner.py:76} INFO - Running: ['***', 'tasks', 'run', 'HomeWorkWeek2', 'csv_to_parquet', 'scheduled__2019-06-02T06:00:00+00:00', '--job-id', '905', '--raw', '--subdir', 'DAGS_FOLDER/dag_questions1.py', '--cfg-path', '/tmp/tmpt3cv7z8h', '--error-file', '/tmp/tmp3ezx10z8']
[2022-02-19 10:59:05,147] {standard_task_runner.py:77} INFO - Job 905: Subtask csv_to_parquet
[2022-02-19 10:59:05,487] {logging_mixin.py:109} INFO - Running <TaskInstance: HomeWorkWeek2.csv_to_parquet scheduled__2019-06-02T06:00:00+00:00 [running]> on host f81f14254480
[2022-02-19 10:59:05,725] {warnings.py:110} WARNING - /home/***/.local/lib/python3.7/site-packages/***/utils/context.py:152: AirflowContextDeprecationWarning: Accessing 'execution_date' from the template is deprecated and will be removed in a future version. Please use 'data_interval_start' or 'logical_date' instead.
  warnings.warn(_create_deprecation_warning(key, self._deprecation_replacements[key]))

[2022-02-19 10:59:05,853] {taskinstance.py:1426} INFO - Exporting the following env vars:
AIRFLOW_CTX_DAG_OWNER=***
AIRFLOW_CTX_DAG_ID=HomeWorkWeek2
AIRFLOW_CTX_TASK_ID=csv_to_parquet
AIRFLOW_CTX_EXECUTION_DATE=2019-06-02T06:00:00+00:00
AIRFLOW_CTX_DAG_RUN_ID=scheduled__2019-06-02T06:00:00+00:00
[2022-02-19 10:59:19,096] {python.py:175} INFO - Done. Returned value was: None
[2022-02-19 10:59:19,132] {taskinstance.py:1277} INFO - Marking task as SUCCESS. dag_id=HomeWorkWeek2, task_id=csv_to_parquet, execution_date=20190602T060000, start_date=20220219T105905, end_date=20220219T105919
[2022-02-19 10:59:19,445] {local_task_job.py:154} INFO - Task exited with return code 0
[2022-02-19 10:59:19,608] {local_task_job.py:264} INFO - 1 downstream tasks scheduled from follow-on schedule check
[2022-02-19 23:43:15,640] {taskinstance.py:1032} INFO - Dependencies all met for <TaskInstance: HomeWorkWeek2.csv_to_parquet scheduled__2019-06-02T06:00:00+00:00 [queued]>
[2022-02-19 23:43:15,687] {taskinstance.py:1032} INFO - Dependencies all met for <TaskInstance: HomeWorkWeek2.csv_to_parquet scheduled__2019-06-02T06:00:00+00:00 [queued]>
[2022-02-19 23:43:15,687] {taskinstance.py:1238} INFO - 
--------------------------------------------------------------------------------
[2022-02-19 23:43:15,688] {taskinstance.py:1239} INFO - Starting attempt 1 of 2
[2022-02-19 23:43:15,688] {taskinstance.py:1240} INFO - 
--------------------------------------------------------------------------------
[2022-02-19 23:43:15,742] {taskinstance.py:1259} INFO - Executing <Task(PythonOperator): csv_to_parquet> on 2019-06-02 06:00:00+00:00
[2022-02-19 23:43:15,750] {standard_task_runner.py:52} INFO - Started process 22248 to run task
[2022-02-19 23:43:15,758] {standard_task_runner.py:76} INFO - Running: ['***', 'tasks', 'run', 'HomeWorkWeek2', 'csv_to_parquet', 'scheduled__2019-06-02T06:00:00+00:00', '--job-id', '1069', '--raw', '--subdir', 'DAGS_FOLDER/dag_questions1.py', '--cfg-path', '/tmp/tmp1xwiplvj', '--error-file', '/tmp/tmpbwrauvue']
[2022-02-19 23:43:15,761] {standard_task_runner.py:77} INFO - Job 1069: Subtask csv_to_parquet
[2022-02-19 23:43:16,029] {logging_mixin.py:109} INFO - Running <TaskInstance: HomeWorkWeek2.csv_to_parquet scheduled__2019-06-02T06:00:00+00:00 [running]> on host d9977d7db207
[2022-02-19 23:43:16,240] {warnings.py:110} WARNING - /home/***/.local/lib/python3.7/site-packages/***/utils/context.py:152: AirflowContextDeprecationWarning: Accessing 'execution_date' from the template is deprecated and will be removed in a future version. Please use 'data_interval_start' or 'logical_date' instead.
  warnings.warn(_create_deprecation_warning(key, self._deprecation_replacements[key]))

[2022-02-19 23:43:16,292] {taskinstance.py:1426} INFO - Exporting the following env vars:
AIRFLOW_CTX_DAG_OWNER=***
AIRFLOW_CTX_DAG_ID=HomeWorkWeek2
AIRFLOW_CTX_TASK_ID=csv_to_parquet
AIRFLOW_CTX_EXECUTION_DATE=2019-06-02T06:00:00+00:00
AIRFLOW_CTX_DAG_RUN_ID=scheduled__2019-06-02T06:00:00+00:00
[2022-02-19 23:43:32,216] {python.py:175} INFO - Done. Returned value was: None
[2022-02-19 23:43:32,301] {taskinstance.py:1277} INFO - Marking task as SUCCESS. dag_id=HomeWorkWeek2, task_id=csv_to_parquet, execution_date=20190602T060000, start_date=20220219T234315, end_date=20220219T234332
[2022-02-19 23:43:32,636] {local_task_job.py:154} INFO - Task exited with return code 0
[2022-02-19 23:43:32,760] {local_task_job.py:264} INFO - 1 downstream tasks scheduled from follow-on schedule check
