[2022-01-30 14:57:04,220] {taskinstance.py:1032} INFO - Dependencies all met for <TaskInstance: HomeWorkWeek2.csv_to_parquet scheduled__2020-12-02T06:00:00+00:00 [queued]>
[2022-01-30 14:57:04,292] {taskinstance.py:1032} INFO - Dependencies all met for <TaskInstance: HomeWorkWeek2.csv_to_parquet scheduled__2020-12-02T06:00:00+00:00 [queued]>
[2022-01-30 14:57:04,292] {taskinstance.py:1238} INFO - 
--------------------------------------------------------------------------------
[2022-01-30 14:57:04,293] {taskinstance.py:1239} INFO - Starting attempt 1 of 2
[2022-01-30 14:57:04,293] {taskinstance.py:1240} INFO - 
--------------------------------------------------------------------------------
[2022-01-30 14:57:04,355] {taskinstance.py:1259} INFO - Executing <Task(PythonOperator): csv_to_parquet> on 2020-12-02 06:00:00+00:00
[2022-01-30 14:57:04,363] {standard_task_runner.py:52} INFO - Started process 1428 to run task
[2022-01-30 14:57:04,372] {standard_task_runner.py:76} INFO - Running: ['***', 'tasks', 'run', 'HomeWorkWeek2', 'csv_to_parquet', 'scheduled__2020-12-02T06:00:00+00:00', '--job-id', '255', '--raw', '--subdir', 'DAGS_FOLDER/dag_questions1.py', '--cfg-path', '/tmp/tmpgwbtmo_u', '--error-file', '/tmp/tmp1vt6i2__']
[2022-01-30 14:57:04,374] {standard_task_runner.py:77} INFO - Job 255: Subtask csv_to_parquet
[2022-01-30 14:57:04,547] {logging_mixin.py:109} INFO - Running <TaskInstance: HomeWorkWeek2.csv_to_parquet scheduled__2020-12-02T06:00:00+00:00 [running]> on host 785c0c715caa
[2022-01-30 14:57:04,678] {warnings.py:110} WARNING - /home/***/.local/lib/python3.7/site-packages/***/utils/context.py:152: AirflowContextDeprecationWarning: Accessing 'execution_date' from the template is deprecated and will be removed in a future version. Please use 'data_interval_start' or 'logical_date' instead.
  warnings.warn(_create_deprecation_warning(key, self._deprecation_replacements[key]))

[2022-01-30 14:57:04,733] {taskinstance.py:1426} INFO - Exporting the following env vars:
AIRFLOW_CTX_DAG_OWNER=***
AIRFLOW_CTX_DAG_ID=HomeWorkWeek2
AIRFLOW_CTX_TASK_ID=csv_to_parquet
AIRFLOW_CTX_EXECUTION_DATE=2020-12-02T06:00:00+00:00
AIRFLOW_CTX_DAG_RUN_ID=scheduled__2020-12-02T06:00:00+00:00
[2022-01-30 14:57:11,599] {python.py:175} INFO - Done. Returned value was: None
[2022-01-30 14:57:11,628] {taskinstance.py:1277} INFO - Marking task as SUCCESS. dag_id=HomeWorkWeek2, task_id=csv_to_parquet, execution_date=20201202T060000, start_date=20220130T145704, end_date=20220130T145711
[2022-01-30 14:57:11,729] {local_task_job.py:154} INFO - Task exited with return code 0
[2022-01-30 14:57:11,826] {local_task_job.py:264} INFO - 1 downstream tasks scheduled from follow-on schedule check
[2022-02-19 01:36:51,753] {taskinstance.py:1032} INFO - Dependencies all met for <TaskInstance: HomeWorkWeek2.csv_to_parquet scheduled__2020-12-02T06:00:00+00:00 [queued]>
[2022-02-19 01:36:51,804] {taskinstance.py:1032} INFO - Dependencies all met for <TaskInstance: HomeWorkWeek2.csv_to_parquet scheduled__2020-12-02T06:00:00+00:00 [queued]>
[2022-02-19 01:36:51,805] {taskinstance.py:1238} INFO - 
--------------------------------------------------------------------------------
[2022-02-19 01:36:51,805] {taskinstance.py:1239} INFO - Starting attempt 1 of 2
[2022-02-19 01:36:51,805] {taskinstance.py:1240} INFO - 
--------------------------------------------------------------------------------
[2022-02-19 01:36:51,845] {taskinstance.py:1259} INFO - Executing <Task(PythonOperator): csv_to_parquet> on 2020-12-02 06:00:00+00:00
[2022-02-19 01:36:51,852] {standard_task_runner.py:52} INFO - Started process 3340 to run task
[2022-02-19 01:36:51,858] {standard_task_runner.py:76} INFO - Running: ['***', 'tasks', 'run', 'HomeWorkWeek2', 'csv_to_parquet', 'scheduled__2020-12-02T06:00:00+00:00', '--job-id', '607', '--raw', '--subdir', 'DAGS_FOLDER/dag_questions1.py', '--cfg-path', '/tmp/tmp0et3b63m', '--error-file', '/tmp/tmph65w_noe']
[2022-02-19 01:36:51,861] {standard_task_runner.py:77} INFO - Job 607: Subtask csv_to_parquet
[2022-02-19 01:36:52,041] {logging_mixin.py:109} INFO - Running <TaskInstance: HomeWorkWeek2.csv_to_parquet scheduled__2020-12-02T06:00:00+00:00 [running]> on host 312f1fe573aa
[2022-02-19 01:36:52,183] {warnings.py:110} WARNING - /home/***/.local/lib/python3.7/site-packages/***/utils/context.py:152: AirflowContextDeprecationWarning: Accessing 'execution_date' from the template is deprecated and will be removed in a future version. Please use 'data_interval_start' or 'logical_date' instead.
  warnings.warn(_create_deprecation_warning(key, self._deprecation_replacements[key]))

[2022-02-19 01:36:52,241] {taskinstance.py:1426} INFO - Exporting the following env vars:
AIRFLOW_CTX_DAG_OWNER=***
AIRFLOW_CTX_DAG_ID=HomeWorkWeek2
AIRFLOW_CTX_TASK_ID=csv_to_parquet
AIRFLOW_CTX_EXECUTION_DATE=2020-12-02T06:00:00+00:00
AIRFLOW_CTX_DAG_RUN_ID=scheduled__2020-12-02T06:00:00+00:00
[2022-02-19 01:36:55,102] {python.py:175} INFO - Done. Returned value was: None
[2022-02-19 01:36:55,140] {taskinstance.py:1277} INFO - Marking task as SUCCESS. dag_id=HomeWorkWeek2, task_id=csv_to_parquet, execution_date=20201202T060000, start_date=20220219T013651, end_date=20220219T013655
[2022-02-19 01:36:55,279] {local_task_job.py:154} INFO - Task exited with return code 0
[2022-02-19 01:36:55,451] {local_task_job.py:264} INFO - 1 downstream tasks scheduled from follow-on schedule check
