[2022-01-30 13:07:43,251] {taskinstance.py:1032} INFO - Dependencies all met for <TaskInstance: HomeWorkWeek2.halo scheduled__2020-11-02T06:00:00+00:00 [queued]>
[2022-01-30 13:07:43,304] {taskinstance.py:1032} INFO - Dependencies all met for <TaskInstance: HomeWorkWeek2.halo scheduled__2020-11-02T06:00:00+00:00 [queued]>
[2022-01-30 13:07:43,305] {taskinstance.py:1238} INFO - 
--------------------------------------------------------------------------------
[2022-01-30 13:07:43,305] {taskinstance.py:1239} INFO - Starting attempt 1 of 2
[2022-01-30 13:07:43,306] {taskinstance.py:1240} INFO - 
--------------------------------------------------------------------------------
[2022-01-30 13:07:43,356] {taskinstance.py:1259} INFO - Executing <Task(PythonOperator): halo> on 2020-11-02 06:00:00+00:00
[2022-01-30 13:07:43,364] {standard_task_runner.py:52} INFO - Started process 2953 to run task
[2022-01-30 13:07:43,374] {standard_task_runner.py:76} INFO - Running: ['***', 'tasks', 'run', 'HomeWorkWeek2', 'halo', 'scheduled__2020-11-02T06:00:00+00:00', '--job-id', '152', '--raw', '--subdir', 'DAGS_FOLDER/dag_questions1.py', '--cfg-path', '/tmp/tmpdpk9vya5', '--error-file', '/tmp/tmpey8h1lom']
[2022-01-30 13:07:43,376] {standard_task_runner.py:77} INFO - Job 152: Subtask halo
[2022-01-30 13:07:43,613] {logging_mixin.py:109} INFO - Running <TaskInstance: HomeWorkWeek2.halo scheduled__2020-11-02T06:00:00+00:00 [running]> on host 4b3b8c5e49b1
[2022-01-30 13:07:43,824] {taskinstance.py:1426} INFO - Exporting the following env vars:
AIRFLOW_CTX_DAG_OWNER=***
AIRFLOW_CTX_DAG_ID=HomeWorkWeek2
AIRFLOW_CTX_TASK_ID=halo
AIRFLOW_CTX_EXECUTION_DATE=2020-11-02T06:00:00+00:00
AIRFLOW_CTX_DAG_RUN_ID=scheduled__2020-11-02T06:00:00+00:00
[2022-01-30 13:07:43,828] {logging_mixin.py:109} INFO - helloworld
[2022-01-30 13:07:43,829] {python.py:175} INFO - Done. Returned value was: None
[2022-01-30 13:07:43,876] {taskinstance.py:1277} INFO - Marking task as SUCCESS. dag_id=HomeWorkWeek2, task_id=halo, execution_date=20201102T060000, start_date=20220130T130743, end_date=20220130T130743
[2022-01-30 13:07:43,953] {local_task_job.py:154} INFO - Task exited with return code 0
[2022-01-30 13:07:44,113] {local_task_job.py:264} INFO - 0 downstream tasks scheduled from follow-on schedule check
[2022-01-30 14:56:45,949] {taskinstance.py:1032} INFO - Dependencies all met for <TaskInstance: HomeWorkWeek2.halo scheduled__2020-11-02T06:00:00+00:00 [queued]>
[2022-01-30 14:56:46,002] {taskinstance.py:1032} INFO - Dependencies all met for <TaskInstance: HomeWorkWeek2.halo scheduled__2020-11-02T06:00:00+00:00 [queued]>
[2022-01-30 14:56:46,003] {taskinstance.py:1238} INFO - 
--------------------------------------------------------------------------------
[2022-01-30 14:56:46,003] {taskinstance.py:1239} INFO - Starting attempt 1 of 2
[2022-01-30 14:56:46,003] {taskinstance.py:1240} INFO - 
--------------------------------------------------------------------------------
[2022-01-30 14:56:46,045] {taskinstance.py:1259} INFO - Executing <Task(PythonOperator): halo> on 2020-11-02 06:00:00+00:00
[2022-01-30 14:56:46,053] {standard_task_runner.py:52} INFO - Started process 1394 to run task
[2022-01-30 14:56:46,061] {standard_task_runner.py:76} INFO - Running: ['***', 'tasks', 'run', 'HomeWorkWeek2', 'halo', 'scheduled__2020-11-02T06:00:00+00:00', '--job-id', '251', '--raw', '--subdir', 'DAGS_FOLDER/dag_questions1.py', '--cfg-path', '/tmp/tmpe4inb7eh', '--error-file', '/tmp/tmpv8pr4o8j']
[2022-01-30 14:56:46,064] {standard_task_runner.py:77} INFO - Job 251: Subtask halo
[2022-01-30 14:56:46,244] {logging_mixin.py:109} INFO - Running <TaskInstance: HomeWorkWeek2.halo scheduled__2020-11-02T06:00:00+00:00 [running]> on host 785c0c715caa
[2022-01-30 14:56:46,484] {taskinstance.py:1426} INFO - Exporting the following env vars:
AIRFLOW_CTX_DAG_OWNER=***
AIRFLOW_CTX_DAG_ID=HomeWorkWeek2
AIRFLOW_CTX_TASK_ID=halo
AIRFLOW_CTX_EXECUTION_DATE=2020-11-02T06:00:00+00:00
AIRFLOW_CTX_DAG_RUN_ID=scheduled__2020-11-02T06:00:00+00:00
[2022-01-30 14:56:46,487] {logging_mixin.py:109} INFO - hello world!!
[2022-01-30 14:56:46,487] {python.py:175} INFO - Done. Returned value was: None
[2022-01-30 14:56:46,529] {taskinstance.py:1277} INFO - Marking task as SUCCESS. dag_id=HomeWorkWeek2, task_id=halo, execution_date=20201102T060000, start_date=20220130T145645, end_date=20220130T145646
[2022-01-30 14:56:46,610] {local_task_job.py:154} INFO - Task exited with return code 0
[2022-01-30 14:56:46,994] {local_task_job.py:264} INFO - 0 downstream tasks scheduled from follow-on schedule check
