[2022-01-30 13:03:06,644] {taskinstance.py:1032} INFO - Dependencies all met for <TaskInstance: HomeWorkWeek2.dowdata scheduled__2020-02-02T06:00:00+00:00 [queued]>
[2022-01-30 13:03:06,703] {taskinstance.py:1032} INFO - Dependencies all met for <TaskInstance: HomeWorkWeek2.dowdata scheduled__2020-02-02T06:00:00+00:00 [queued]>
[2022-01-30 13:03:06,704] {taskinstance.py:1238} INFO - 
--------------------------------------------------------------------------------
[2022-01-30 13:03:06,704] {taskinstance.py:1239} INFO - Starting attempt 1 of 2
[2022-01-30 13:03:06,705] {taskinstance.py:1240} INFO - 
--------------------------------------------------------------------------------
[2022-01-30 13:03:06,768] {taskinstance.py:1259} INFO - Executing <Task(BashOperator): dowdata> on 2020-02-02 06:00:00+00:00
[2022-01-30 13:03:06,780] {standard_task_runner.py:52} INFO - Started process 2657 to run task
[2022-01-30 13:03:06,793] {standard_task_runner.py:76} INFO - Running: ['***', 'tasks', 'run', 'HomeWorkWeek2', 'dowdata', 'scheduled__2020-02-02T06:00:00+00:00', '--job-id', '129', '--raw', '--subdir', 'DAGS_FOLDER/dag_questions1.py', '--cfg-path', '/tmp/tmpdx7wtcwa', '--error-file', '/tmp/tmppd4nn35l']
[2022-01-30 13:03:06,796] {standard_task_runner.py:77} INFO - Job 129: Subtask dowdata
[2022-01-30 13:03:07,013] {logging_mixin.py:109} INFO - Running <TaskInstance: HomeWorkWeek2.dowdata scheduled__2020-02-02T06:00:00+00:00 [running]> on host 4b3b8c5e49b1
[2022-01-30 13:03:07,211] {warnings.py:110} WARNING - /home/***/.local/lib/python3.7/site-packages/***/utils/context.py:152: AirflowContextDeprecationWarning: Accessing 'execution_date' from the template is deprecated and will be removed in a future version. Please use 'data_interval_start' or 'logical_date' instead.
  warnings.warn(_create_deprecation_warning(key, self._deprecation_replacements[key]))

[2022-01-30 13:03:07,306] {taskinstance.py:1426} INFO - Exporting the following env vars:
AIRFLOW_CTX_DAG_OWNER=***
AIRFLOW_CTX_DAG_ID=HomeWorkWeek2
AIRFLOW_CTX_TASK_ID=dowdata
AIRFLOW_CTX_EXECUTION_DATE=2020-02-02T06:00:00+00:00
AIRFLOW_CTX_DAG_RUN_ID=scheduled__2020-02-02T06:00:00+00:00
[2022-01-30 13:03:07,321] {subprocess.py:62} INFO - Tmp dir root location: 
 /tmp
[2022-01-30 13:03:07,324] {subprocess.py:74} INFO - Running command: ['bash', '-c', 'curl -sSLf https://s3.amazonaws.com/nyc-tlc/trip+data/yellow_tripdata_2020-02.csv > /opt/***output_2020-02.csv']
[2022-01-30 13:03:07,348] {subprocess.py:85} INFO - Output:
[2022-01-30 13:06:12,228] {subprocess.py:93} INFO - Command exited with return code 0
[2022-01-30 13:06:12,623] {taskinstance.py:1277} INFO - Marking task as SUCCESS. dag_id=HomeWorkWeek2, task_id=dowdata, execution_date=20200202T060000, start_date=20220130T130306, end_date=20220130T130612
[2022-01-30 13:06:12,785] {local_task_job.py:154} INFO - Task exited with return code 0
[2022-01-30 13:06:12,902] {local_task_job.py:264} INFO - 1 downstream tasks scheduled from follow-on schedule check
[2022-01-30 14:52:45,857] {taskinstance.py:1032} INFO - Dependencies all met for <TaskInstance: HomeWorkWeek2.dowdata scheduled__2020-02-02T06:00:00+00:00 [queued]>
[2022-01-30 14:52:45,919] {taskinstance.py:1032} INFO - Dependencies all met for <TaskInstance: HomeWorkWeek2.dowdata scheduled__2020-02-02T06:00:00+00:00 [queued]>
[2022-01-30 14:52:45,919] {taskinstance.py:1238} INFO - 
--------------------------------------------------------------------------------
[2022-01-30 14:52:45,919] {taskinstance.py:1239} INFO - Starting attempt 1 of 2
[2022-01-30 14:52:45,919] {taskinstance.py:1240} INFO - 
--------------------------------------------------------------------------------
[2022-01-30 14:52:45,970] {taskinstance.py:1259} INFO - Executing <Task(BashOperator): dowdata> on 2020-02-02 06:00:00+00:00
[2022-01-30 14:52:45,983] {standard_task_runner.py:52} INFO - Started process 1056 to run task
[2022-01-30 14:52:45,998] {standard_task_runner.py:76} INFO - Running: ['***', 'tasks', 'run', 'HomeWorkWeek2', 'dowdata', 'scheduled__2020-02-02T06:00:00+00:00', '--job-id', '220', '--raw', '--subdir', 'DAGS_FOLDER/dag_questions1.py', '--cfg-path', '/tmp/tmpcmitx_f5', '--error-file', '/tmp/tmp359vachx']
[2022-01-30 14:52:46,001] {standard_task_runner.py:77} INFO - Job 220: Subtask dowdata
[2022-01-30 14:52:46,246] {logging_mixin.py:109} INFO - Running <TaskInstance: HomeWorkWeek2.dowdata scheduled__2020-02-02T06:00:00+00:00 [running]> on host 785c0c715caa
[2022-01-30 14:52:46,634] {warnings.py:110} WARNING - /home/***/.local/lib/python3.7/site-packages/***/utils/context.py:152: AirflowContextDeprecationWarning: Accessing 'execution_date' from the template is deprecated and will be removed in a future version. Please use 'data_interval_start' or 'logical_date' instead.
  warnings.warn(_create_deprecation_warning(key, self._deprecation_replacements[key]))

[2022-01-30 14:52:46,726] {taskinstance.py:1426} INFO - Exporting the following env vars:
AIRFLOW_CTX_DAG_OWNER=***
AIRFLOW_CTX_DAG_ID=HomeWorkWeek2
AIRFLOW_CTX_TASK_ID=dowdata
AIRFLOW_CTX_EXECUTION_DATE=2020-02-02T06:00:00+00:00
AIRFLOW_CTX_DAG_RUN_ID=scheduled__2020-02-02T06:00:00+00:00
[2022-01-30 14:52:46,729] {subprocess.py:62} INFO - Tmp dir root location: 
 /tmp
[2022-01-30 14:52:46,730] {subprocess.py:74} INFO - Running command: ['bash', '-c', 'curl -sSLf https://s3.amazonaws.com/nyc-tlc/trip+data/yellow_tripdata_2020-02.csv > /opt/***output_2020-02.csv']
[2022-01-30 14:52:46,776] {subprocess.py:85} INFO - Output:
[2022-01-30 14:55:28,502] {subprocess.py:93} INFO - Command exited with return code 0
[2022-01-30 14:55:28,659] {taskinstance.py:1277} INFO - Marking task as SUCCESS. dag_id=HomeWorkWeek2, task_id=dowdata, execution_date=20200202T060000, start_date=20220130T145245, end_date=20220130T145528
[2022-01-30 14:55:28,725] {local_task_job.py:154} INFO - Task exited with return code 0
[2022-01-30 14:55:28,857] {local_task_job.py:264} INFO - 1 downstream tasks scheduled from follow-on schedule check
[2022-02-19 01:22:02,820] {taskinstance.py:1032} INFO - Dependencies all met for <TaskInstance: HomeWorkWeek2.dowdata scheduled__2020-02-02T06:00:00+00:00 [queued]>
[2022-02-19 01:22:02,886] {taskinstance.py:1032} INFO - Dependencies all met for <TaskInstance: HomeWorkWeek2.dowdata scheduled__2020-02-02T06:00:00+00:00 [queued]>
[2022-02-19 01:22:02,886] {taskinstance.py:1238} INFO - 
--------------------------------------------------------------------------------
[2022-02-19 01:22:02,887] {taskinstance.py:1239} INFO - Starting attempt 1 of 2
[2022-02-19 01:22:02,887] {taskinstance.py:1240} INFO - 
--------------------------------------------------------------------------------
[2022-02-19 01:22:02,936] {taskinstance.py:1259} INFO - Executing <Task(BashOperator): dowdata> on 2020-02-02 06:00:00+00:00
[2022-02-19 01:22:02,947] {standard_task_runner.py:52} INFO - Started process 2494 to run task
[2022-02-19 01:22:02,957] {standard_task_runner.py:76} INFO - Running: ['***', 'tasks', 'run', 'HomeWorkWeek2', 'dowdata', 'scheduled__2020-02-02T06:00:00+00:00', '--job-id', '564', '--raw', '--subdir', 'DAGS_FOLDER/dag_questions1.py', '--cfg-path', '/tmp/tmp3c3aj6xb', '--error-file', '/tmp/tmpqbyip03j']
[2022-02-19 01:22:02,959] {standard_task_runner.py:77} INFO - Job 564: Subtask dowdata
[2022-02-19 01:22:03,164] {logging_mixin.py:109} INFO - Running <TaskInstance: HomeWorkWeek2.dowdata scheduled__2020-02-02T06:00:00+00:00 [running]> on host 312f1fe573aa
[2022-02-19 01:22:03,342] {warnings.py:110} WARNING - /home/***/.local/lib/python3.7/site-packages/***/utils/context.py:152: AirflowContextDeprecationWarning: Accessing 'execution_date' from the template is deprecated and will be removed in a future version. Please use 'data_interval_start' or 'logical_date' instead.
  warnings.warn(_create_deprecation_warning(key, self._deprecation_replacements[key]))

[2022-02-19 01:22:03,393] {taskinstance.py:1426} INFO - Exporting the following env vars:
AIRFLOW_CTX_DAG_OWNER=***
AIRFLOW_CTX_DAG_ID=HomeWorkWeek2
AIRFLOW_CTX_TASK_ID=dowdata
AIRFLOW_CTX_EXECUTION_DATE=2020-02-02T06:00:00+00:00
AIRFLOW_CTX_DAG_RUN_ID=scheduled__2020-02-02T06:00:00+00:00
[2022-02-19 01:22:03,395] {subprocess.py:62} INFO - Tmp dir root location: 
 /tmp
[2022-02-19 01:22:03,397] {subprocess.py:74} INFO - Running command: ['bash', '-c', 'curl -sSLf https://s3.amazonaws.com/nyc-tlc/trip+data/yellow_tripdata_2020-02.csv > /opt/***output_2020-02.csv']
[2022-02-19 01:22:03,417] {subprocess.py:85} INFO - Output:
[2022-02-19 01:23:44,508] {subprocess.py:93} INFO - Command exited with return code 0
[2022-02-19 01:23:44,725] {taskinstance.py:1277} INFO - Marking task as SUCCESS. dag_id=HomeWorkWeek2, task_id=dowdata, execution_date=20200202T060000, start_date=20220219T012202, end_date=20220219T012344
[2022-02-19 01:23:44,822] {local_task_job.py:154} INFO - Task exited with return code 0
[2022-02-19 01:23:44,951] {local_task_job.py:264} INFO - 1 downstream tasks scheduled from follow-on schedule check
