[2022-01-30 12:50:17,710] {taskinstance.py:1032} INFO - Dependencies all met for <TaskInstance: HomeWorkWeek2.dowdata scheduled__2019-02-02T06:00:00+00:00 [queued]>
[2022-01-30 12:50:17,764] {taskinstance.py:1032} INFO - Dependencies all met for <TaskInstance: HomeWorkWeek2.dowdata scheduled__2019-02-02T06:00:00+00:00 [queued]>
[2022-01-30 12:50:17,764] {taskinstance.py:1238} INFO - 
--------------------------------------------------------------------------------
[2022-01-30 12:50:17,765] {taskinstance.py:1239} INFO - Starting attempt 1 of 2
[2022-01-30 12:50:17,765] {taskinstance.py:1240} INFO - 
--------------------------------------------------------------------------------
[2022-01-30 12:50:17,818] {taskinstance.py:1259} INFO - Executing <Task(BashOperator): dowdata> on 2019-02-02 06:00:00+00:00
[2022-01-30 12:50:17,825] {standard_task_runner.py:52} INFO - Started process 1994 to run task
[2022-01-30 12:50:17,831] {standard_task_runner.py:76} INFO - Running: ['***', 'tasks', 'run', 'HomeWorkWeek2', 'dowdata', 'scheduled__2019-02-02T06:00:00+00:00', '--job-id', '104', '--raw', '--subdir', 'DAGS_FOLDER/dag_questions1.py', '--cfg-path', '/tmp/tmpjwmsxxmg', '--error-file', '/tmp/tmphelu_5j3']
[2022-01-30 12:50:17,833] {standard_task_runner.py:77} INFO - Job 104: Subtask dowdata
[2022-01-30 12:50:18,028] {logging_mixin.py:109} INFO - Running <TaskInstance: HomeWorkWeek2.dowdata scheduled__2019-02-02T06:00:00+00:00 [running]> on host 4b3b8c5e49b1
[2022-01-30 12:50:18,152] {warnings.py:110} WARNING - /home/***/.local/lib/python3.7/site-packages/***/utils/context.py:152: AirflowContextDeprecationWarning: Accessing 'execution_date' from the template is deprecated and will be removed in a future version. Please use 'data_interval_start' or 'logical_date' instead.
  warnings.warn(_create_deprecation_warning(key, self._deprecation_replacements[key]))

[2022-01-30 12:50:18,230] {taskinstance.py:1426} INFO - Exporting the following env vars:
AIRFLOW_CTX_DAG_OWNER=***
AIRFLOW_CTX_DAG_ID=HomeWorkWeek2
AIRFLOW_CTX_TASK_ID=dowdata
AIRFLOW_CTX_EXECUTION_DATE=2019-02-02T06:00:00+00:00
AIRFLOW_CTX_DAG_RUN_ID=scheduled__2019-02-02T06:00:00+00:00
[2022-01-30 12:50:18,234] {subprocess.py:62} INFO - Tmp dir root location: 
 /tmp
[2022-01-30 12:50:18,237] {subprocess.py:74} INFO - Running command: ['bash', '-c', 'curl -sSLf https://s3.amazonaws.com/nyc-tlc/trip+data/yellow_tripdata_2019-02.csv > /opt/***output_2019-02.csv']
[2022-01-30 12:50:18,273] {subprocess.py:85} INFO - Output:
[2022-01-30 12:53:28,674] {subprocess.py:93} INFO - Command exited with return code 0
[2022-01-30 12:53:28,977] {taskinstance.py:1277} INFO - Marking task as SUCCESS. dag_id=HomeWorkWeek2, task_id=dowdata, execution_date=20190202T060000, start_date=20220130T125017, end_date=20220130T125328
[2022-01-30 12:53:29,055] {local_task_job.py:154} INFO - Task exited with return code 0
[2022-01-30 12:53:29,157] {local_task_job.py:264} INFO - 1 downstream tasks scheduled from follow-on schedule check
[2022-01-30 14:38:28,429] {taskinstance.py:1032} INFO - Dependencies all met for <TaskInstance: HomeWorkWeek2.dowdata scheduled__2019-02-02T06:00:00+00:00 [queued]>
[2022-01-30 14:38:28,465] {taskinstance.py:1032} INFO - Dependencies all met for <TaskInstance: HomeWorkWeek2.dowdata scheduled__2019-02-02T06:00:00+00:00 [queued]>
[2022-01-30 14:38:28,465] {taskinstance.py:1238} INFO - 
--------------------------------------------------------------------------------
[2022-01-30 14:38:28,465] {taskinstance.py:1239} INFO - Starting attempt 1 of 2
[2022-01-30 14:38:28,465] {taskinstance.py:1240} INFO - 
--------------------------------------------------------------------------------
[2022-01-30 14:38:28,492] {taskinstance.py:1259} INFO - Executing <Task(BashOperator): dowdata> on 2019-02-02 06:00:00+00:00
[2022-01-30 14:38:28,501] {standard_task_runner.py:52} INFO - Started process 178 to run task
[2022-01-30 14:38:28,515] {standard_task_runner.py:76} INFO - Running: ['***', 'tasks', 'run', 'HomeWorkWeek2', 'dowdata', 'scheduled__2019-02-02T06:00:00+00:00', '--job-id', '181', '--raw', '--subdir', 'DAGS_FOLDER/dag_questions1.py', '--cfg-path', '/tmp/tmp7jn7jmxk', '--error-file', '/tmp/tmpjh7w9kk1']
[2022-01-30 14:38:28,517] {standard_task_runner.py:77} INFO - Job 181: Subtask dowdata
[2022-01-30 14:38:28,709] {logging_mixin.py:109} INFO - Running <TaskInstance: HomeWorkWeek2.dowdata scheduled__2019-02-02T06:00:00+00:00 [running]> on host 785c0c715caa
[2022-01-30 14:38:28,814] {warnings.py:110} WARNING - /home/***/.local/lib/python3.7/site-packages/***/utils/context.py:152: AirflowContextDeprecationWarning: Accessing 'execution_date' from the template is deprecated and will be removed in a future version. Please use 'data_interval_start' or 'logical_date' instead.
  warnings.warn(_create_deprecation_warning(key, self._deprecation_replacements[key]))

[2022-01-30 14:38:28,892] {taskinstance.py:1426} INFO - Exporting the following env vars:
AIRFLOW_CTX_DAG_OWNER=***
AIRFLOW_CTX_DAG_ID=HomeWorkWeek2
AIRFLOW_CTX_TASK_ID=dowdata
AIRFLOW_CTX_EXECUTION_DATE=2019-02-02T06:00:00+00:00
AIRFLOW_CTX_DAG_RUN_ID=scheduled__2019-02-02T06:00:00+00:00
[2022-01-30 14:38:28,899] {subprocess.py:62} INFO - Tmp dir root location: 
 /tmp
[2022-01-30 14:38:28,901] {subprocess.py:74} INFO - Running command: ['bash', '-c', 'curl -sSLf https://s3.amazonaws.com/nyc-tlc/trip+data/yellow_tripdata_2019-02.csv > /opt/***output_2019-02.csv']
[2022-01-30 14:38:28,919] {subprocess.py:85} INFO - Output:
[2022-01-30 14:40:51,017] {subprocess.py:93} INFO - Command exited with return code 0
[2022-01-30 14:40:51,136] {taskinstance.py:1277} INFO - Marking task as SUCCESS. dag_id=HomeWorkWeek2, task_id=dowdata, execution_date=20190202T060000, start_date=20220130T143828, end_date=20220130T144051
[2022-01-30 14:40:51,240] {local_task_job.py:154} INFO - Task exited with return code 0
[2022-01-30 14:40:51,378] {local_task_job.py:264} INFO - 1 downstream tasks scheduled from follow-on schedule check
[2022-01-30 15:53:31,692] {taskinstance.py:1032} INFO - Dependencies all met for <TaskInstance: HomeWorkWeek2.dowdata scheduled__2019-02-02T06:00:00+00:00 [queued]>
[2022-01-30 15:53:31,787] {taskinstance.py:1032} INFO - Dependencies all met for <TaskInstance: HomeWorkWeek2.dowdata scheduled__2019-02-02T06:00:00+00:00 [queued]>
[2022-01-30 15:53:31,788] {taskinstance.py:1238} INFO - 
--------------------------------------------------------------------------------
[2022-01-30 15:53:31,788] {taskinstance.py:1239} INFO - Starting attempt 1 of 2
[2022-01-30 15:53:31,788] {taskinstance.py:1240} INFO - 
--------------------------------------------------------------------------------
[2022-01-30 15:53:31,844] {taskinstance.py:1259} INFO - Executing <Task(BashOperator): dowdata> on 2019-02-02 06:00:00+00:00
[2022-01-30 15:53:31,856] {standard_task_runner.py:52} INFO - Started process 245 to run task
[2022-01-30 15:53:31,878] {standard_task_runner.py:76} INFO - Running: ['***', 'tasks', 'run', 'HomeWorkWeek2', 'dowdata', 'scheduled__2019-02-02T06:00:00+00:00', '--job-id', '290', '--raw', '--subdir', 'DAGS_FOLDER/dag_questions1.py', '--cfg-path', '/tmp/tmpu0ery1mv', '--error-file', '/tmp/tmp_nss0vsd']
[2022-01-30 15:53:31,880] {standard_task_runner.py:77} INFO - Job 290: Subtask dowdata
[2022-01-30 15:53:32,153] {logging_mixin.py:109} INFO - Running <TaskInstance: HomeWorkWeek2.dowdata scheduled__2019-02-02T06:00:00+00:00 [running]> on host 76a6ca5a1f6b
[2022-01-30 15:53:32,366] {warnings.py:110} WARNING - /home/***/.local/lib/python3.7/site-packages/***/utils/context.py:152: AirflowContextDeprecationWarning: Accessing 'execution_date' from the template is deprecated and will be removed in a future version. Please use 'data_interval_start' or 'logical_date' instead.
  warnings.warn(_create_deprecation_warning(key, self._deprecation_replacements[key]))

[2022-01-30 15:53:32,450] {taskinstance.py:1426} INFO - Exporting the following env vars:
AIRFLOW_CTX_DAG_OWNER=***
AIRFLOW_CTX_DAG_ID=HomeWorkWeek2
AIRFLOW_CTX_TASK_ID=dowdata
AIRFLOW_CTX_EXECUTION_DATE=2019-02-02T06:00:00+00:00
AIRFLOW_CTX_DAG_RUN_ID=scheduled__2019-02-02T06:00:00+00:00
[2022-01-30 15:53:32,457] {subprocess.py:62} INFO - Tmp dir root location: 
 /tmp
[2022-01-30 15:53:32,459] {subprocess.py:74} INFO - Running command: ['bash', '-c', 'curl -sSLf https://s3.amazonaws.com/nyc-tlc/trip+data/yellow_tripdata_2019-02.csv > /opt/***output_2019-02.csv']
[2022-01-30 15:53:32,510] {subprocess.py:85} INFO - Output:
[2022-01-30 15:56:11,623] {subprocess.py:93} INFO - Command exited with return code 0
[2022-01-30 15:56:11,707] {taskinstance.py:1277} INFO - Marking task as SUCCESS. dag_id=HomeWorkWeek2, task_id=dowdata, execution_date=20190202T060000, start_date=20220130T155331, end_date=20220130T155611
[2022-01-30 15:56:11,782] {local_task_job.py:154} INFO - Task exited with return code 0
[2022-01-30 15:56:11,926] {local_task_job.py:264} INFO - 1 downstream tasks scheduled from follow-on schedule check
[2022-02-19 00:36:23,695] {taskinstance.py:1032} INFO - Dependencies all met for <TaskInstance: HomeWorkWeek2.dowdata scheduled__2019-02-02T06:00:00+00:00 [queued]>
[2022-02-19 00:36:23,743] {taskinstance.py:1032} INFO - Dependencies all met for <TaskInstance: HomeWorkWeek2.dowdata scheduled__2019-02-02T06:00:00+00:00 [queued]>
[2022-02-19 00:36:23,744] {taskinstance.py:1238} INFO - 
--------------------------------------------------------------------------------
[2022-02-19 00:36:23,744] {taskinstance.py:1239} INFO - Starting attempt 1 of 2
[2022-02-19 00:36:23,744] {taskinstance.py:1240} INFO - 
--------------------------------------------------------------------------------
[2022-02-19 00:36:23,814] {taskinstance.py:1259} INFO - Executing <Task(BashOperator): dowdata> on 2019-02-02 06:00:00+00:00
[2022-02-19 00:36:23,834] {standard_task_runner.py:52} INFO - Started process 283 to run task
[2022-02-19 00:36:23,850] {standard_task_runner.py:76} INFO - Running: ['***', 'tasks', 'run', 'HomeWorkWeek2', 'dowdata', 'scheduled__2019-02-02T06:00:00+00:00', '--job-id', '515', '--raw', '--subdir', 'DAGS_FOLDER/dag_questions1.py', '--cfg-path', '/tmp/tmpae8qmyzh', '--error-file', '/tmp/tmpo8_is346']
[2022-02-19 00:36:23,854] {standard_task_runner.py:77} INFO - Job 515: Subtask dowdata
[2022-02-19 00:36:24,122] {logging_mixin.py:109} INFO - Running <TaskInstance: HomeWorkWeek2.dowdata scheduled__2019-02-02T06:00:00+00:00 [running]> on host 312f1fe573aa
[2022-02-19 00:36:24,257] {warnings.py:110} WARNING - /home/***/.local/lib/python3.7/site-packages/***/utils/context.py:152: AirflowContextDeprecationWarning: Accessing 'execution_date' from the template is deprecated and will be removed in a future version. Please use 'data_interval_start' or 'logical_date' instead.
  warnings.warn(_create_deprecation_warning(key, self._deprecation_replacements[key]))

[2022-02-19 00:36:24,309] {taskinstance.py:1426} INFO - Exporting the following env vars:
AIRFLOW_CTX_DAG_OWNER=***
AIRFLOW_CTX_DAG_ID=HomeWorkWeek2
AIRFLOW_CTX_TASK_ID=dowdata
AIRFLOW_CTX_EXECUTION_DATE=2019-02-02T06:00:00+00:00
AIRFLOW_CTX_DAG_RUN_ID=scheduled__2019-02-02T06:00:00+00:00
[2022-02-19 00:36:24,311] {subprocess.py:62} INFO - Tmp dir root location: 
 /tmp
[2022-02-19 00:36:24,312] {subprocess.py:74} INFO - Running command: ['bash', '-c', 'curl -sSLf https://s3.amazonaws.com/nyc-tlc/trip+data/yellow_tripdata_2019-02.csv > /opt/***output_2019-02.csv']
[2022-02-19 00:36:24,331] {subprocess.py:85} INFO - Output:
[2022-02-19 00:37:57,656] {subprocess.py:93} INFO - Command exited with return code 0
[2022-02-19 00:37:57,733] {taskinstance.py:1277} INFO - Marking task as SUCCESS. dag_id=HomeWorkWeek2, task_id=dowdata, execution_date=20190202T060000, start_date=20220219T003623, end_date=20220219T003757
[2022-02-19 00:37:57,833] {local_task_job.py:154} INFO - Task exited with return code 0
[2022-02-19 00:37:57,991] {local_task_job.py:264} INFO - 1 downstream tasks scheduled from follow-on schedule check
[2022-02-19 10:40:17,900] {taskinstance.py:1032} INFO - Dependencies all met for <TaskInstance: HomeWorkWeek2.dowdata scheduled__2019-02-02T06:00:00+00:00 [queued]>
[2022-02-19 10:40:17,948] {taskinstance.py:1032} INFO - Dependencies all met for <TaskInstance: HomeWorkWeek2.dowdata scheduled__2019-02-02T06:00:00+00:00 [queued]>
[2022-02-19 10:40:17,949] {taskinstance.py:1238} INFO - 
--------------------------------------------------------------------------------
[2022-02-19 10:40:17,949] {taskinstance.py:1239} INFO - Starting attempt 1 of 2
[2022-02-19 10:40:17,950] {taskinstance.py:1240} INFO - 
--------------------------------------------------------------------------------
[2022-02-19 10:40:18,003] {taskinstance.py:1259} INFO - Executing <Task(BashOperator): dowdata> on 2019-02-02 06:00:00+00:00
[2022-02-19 10:40:18,013] {standard_task_runner.py:52} INFO - Started process 1362 to run task
[2022-02-19 10:40:18,022] {standard_task_runner.py:76} INFO - Running: ['***', 'tasks', 'run', 'HomeWorkWeek2', 'dowdata', 'scheduled__2019-02-02T06:00:00+00:00', '--job-id', '886', '--raw', '--subdir', 'DAGS_FOLDER/dag_questions1.py', '--cfg-path', '/tmp/tmpuw76yls4', '--error-file', '/tmp/tmp7l8x5tf1']
[2022-02-19 10:40:18,025] {standard_task_runner.py:77} INFO - Job 886: Subtask dowdata
[2022-02-19 10:40:18,181] {logging_mixin.py:109} INFO - Running <TaskInstance: HomeWorkWeek2.dowdata scheduled__2019-02-02T06:00:00+00:00 [running]> on host f81f14254480
[2022-02-19 10:40:18,330] {warnings.py:110} WARNING - /home/***/.local/lib/python3.7/site-packages/***/utils/context.py:152: AirflowContextDeprecationWarning: Accessing 'execution_date' from the template is deprecated and will be removed in a future version. Please use 'data_interval_start' or 'logical_date' instead.
  warnings.warn(_create_deprecation_warning(key, self._deprecation_replacements[key]))

[2022-02-19 10:40:18,402] {taskinstance.py:1426} INFO - Exporting the following env vars:
AIRFLOW_CTX_DAG_OWNER=***
AIRFLOW_CTX_DAG_ID=HomeWorkWeek2
AIRFLOW_CTX_TASK_ID=dowdata
AIRFLOW_CTX_EXECUTION_DATE=2019-02-02T06:00:00+00:00
AIRFLOW_CTX_DAG_RUN_ID=scheduled__2019-02-02T06:00:00+00:00
[2022-02-19 10:40:18,405] {subprocess.py:62} INFO - Tmp dir root location: 
 /tmp
[2022-02-19 10:40:18,406] {subprocess.py:74} INFO - Running command: ['bash', '-c', 'curl -sSLf https://s3.amazonaws.com/nyc-tlc/trip+data/yellow_tripdata_2019-02.csv > /opt/***output_2019-02.csv']
[2022-02-19 10:40:18,431] {subprocess.py:85} INFO - Output:
[2022-02-19 10:42:16,430] {subprocess.py:93} INFO - Command exited with return code 0
[2022-02-19 10:42:16,522] {taskinstance.py:1277} INFO - Marking task as SUCCESS. dag_id=HomeWorkWeek2, task_id=dowdata, execution_date=20190202T060000, start_date=20220219T104017, end_date=20220219T104216
[2022-02-19 10:42:16,611] {local_task_job.py:154} INFO - Task exited with return code 0
[2022-02-19 10:42:16,752] {local_task_job.py:264} INFO - 1 downstream tasks scheduled from follow-on schedule check
[2022-02-19 23:24:43,147] {taskinstance.py:1032} INFO - Dependencies all met for <TaskInstance: HomeWorkWeek2.dowdata scheduled__2019-02-02T06:00:00+00:00 [queued]>
[2022-02-19 23:24:43,196] {taskinstance.py:1032} INFO - Dependencies all met for <TaskInstance: HomeWorkWeek2.dowdata scheduled__2019-02-02T06:00:00+00:00 [queued]>
[2022-02-19 23:24:43,197] {taskinstance.py:1238} INFO - 
--------------------------------------------------------------------------------
[2022-02-19 23:24:43,201] {taskinstance.py:1239} INFO - Starting attempt 1 of 2
[2022-02-19 23:24:43,201] {taskinstance.py:1240} INFO - 
--------------------------------------------------------------------------------
[2022-02-19 23:24:43,245] {taskinstance.py:1259} INFO - Executing <Task(BashOperator): dowdata> on 2019-02-02 06:00:00+00:00
[2022-02-19 23:24:43,252] {standard_task_runner.py:52} INFO - Started process 21372 to run task
[2022-02-19 23:24:43,258] {standard_task_runner.py:76} INFO - Running: ['***', 'tasks', 'run', 'HomeWorkWeek2', 'dowdata', 'scheduled__2019-02-02T06:00:00+00:00', '--job-id', '1050', '--raw', '--subdir', 'DAGS_FOLDER/dag_questions1.py', '--cfg-path', '/tmp/tmp498ngxe6', '--error-file', '/tmp/tmptn1wzca_']
[2022-02-19 23:24:43,261] {standard_task_runner.py:77} INFO - Job 1050: Subtask dowdata
[2022-02-19 23:24:43,426] {logging_mixin.py:109} INFO - Running <TaskInstance: HomeWorkWeek2.dowdata scheduled__2019-02-02T06:00:00+00:00 [running]> on host d9977d7db207
[2022-02-19 23:24:43,536] {warnings.py:110} WARNING - /home/***/.local/lib/python3.7/site-packages/***/utils/context.py:152: AirflowContextDeprecationWarning: Accessing 'execution_date' from the template is deprecated and will be removed in a future version. Please use 'data_interval_start' or 'logical_date' instead.
  warnings.warn(_create_deprecation_warning(key, self._deprecation_replacements[key]))

[2022-02-19 23:24:43,604] {taskinstance.py:1426} INFO - Exporting the following env vars:
AIRFLOW_CTX_DAG_OWNER=***
AIRFLOW_CTX_DAG_ID=HomeWorkWeek2
AIRFLOW_CTX_TASK_ID=dowdata
AIRFLOW_CTX_EXECUTION_DATE=2019-02-02T06:00:00+00:00
AIRFLOW_CTX_DAG_RUN_ID=scheduled__2019-02-02T06:00:00+00:00
[2022-02-19 23:24:43,607] {subprocess.py:62} INFO - Tmp dir root location: 
 /tmp
[2022-02-19 23:24:43,608] {subprocess.py:74} INFO - Running command: ['bash', '-c', 'curl -sSLf https://s3.amazonaws.com/nyc-tlc/trip+data/yellow_tripdata_2019-02.csv > /opt/***yellow_2019-02.csv']
[2022-02-19 23:24:43,629] {subprocess.py:85} INFO - Output:
[2022-02-19 23:26:45,570] {subprocess.py:93} INFO - Command exited with return code 0
[2022-02-19 23:26:46,549] {taskinstance.py:1277} INFO - Marking task as SUCCESS. dag_id=HomeWorkWeek2, task_id=dowdata, execution_date=20190202T060000, start_date=20220219T232443, end_date=20220219T232646
[2022-02-19 23:26:46,741] {local_task_job.py:154} INFO - Task exited with return code 0
[2022-02-19 23:26:47,002] {local_task_job.py:264} INFO - 1 downstream tasks scheduled from follow-on schedule check
