[2022-02-02 21:46:17,650] {taskinstance.py:1032} INFO - Dependencies all met for <TaskInstance: Question4_Zone.csv_to_parquet scheduled__2022-01-01T00:00:00+00:00 [queued]>
[2022-02-02 21:46:17,687] {taskinstance.py:1032} INFO - Dependencies all met for <TaskInstance: Question4_Zone.csv_to_parquet scheduled__2022-01-01T00:00:00+00:00 [queued]>
[2022-02-02 21:46:17,688] {taskinstance.py:1238} INFO - 
--------------------------------------------------------------------------------
[2022-02-02 21:46:17,688] {taskinstance.py:1239} INFO - Starting attempt 1 of 2
[2022-02-02 21:46:17,688] {taskinstance.py:1240} INFO - 
--------------------------------------------------------------------------------
[2022-02-02 21:46:17,725] {taskinstance.py:1259} INFO - Executing <Task(PythonOperator): csv_to_parquet> on 2022-01-01 00:00:00+00:00
[2022-02-02 21:46:17,733] {standard_task_runner.py:52} INFO - Started process 2303 to run task
[2022-02-02 21:46:17,742] {standard_task_runner.py:76} INFO - Running: ['***', 'tasks', 'run', 'Question4_Zone', 'csv_to_parquet', 'scheduled__2022-01-01T00:00:00+00:00', '--job-id', '370', '--raw', '--subdir', 'DAGS_FOLDER/dag_questions4.py', '--cfg-path', '/tmp/tmp7jkdq0oc', '--error-file', '/tmp/tmpws5ymuyy']
[2022-02-02 21:46:17,745] {standard_task_runner.py:77} INFO - Job 370: Subtask csv_to_parquet
[2022-02-02 21:46:17,891] {logging_mixin.py:109} INFO - Running <TaskInstance: Question4_Zone.csv_to_parquet scheduled__2022-01-01T00:00:00+00:00 [running]> on host d574c7c5b085
[2022-02-02 21:46:18,148] {taskinstance.py:1426} INFO - Exporting the following env vars:
AIRFLOW_CTX_DAG_OWNER=***
AIRFLOW_CTX_DAG_ID=Question4_Zone
AIRFLOW_CTX_TASK_ID=csv_to_parquet
AIRFLOW_CTX_EXECUTION_DATE=2022-01-01T00:00:00+00:00
AIRFLOW_CTX_DAG_RUN_ID=scheduled__2022-01-01T00:00:00+00:00
[2022-02-02 21:46:18,532] {python.py:175} INFO - Done. Returned value was: None
[2022-02-02 21:46:18,559] {taskinstance.py:1277} INFO - Marking task as SUCCESS. dag_id=Question4_Zone, task_id=csv_to_parquet, execution_date=20220101T000000, start_date=20220202T214617, end_date=20220202T214618
[2022-02-02 21:46:18,615] {local_task_job.py:154} INFO - Task exited with return code 0
[2022-02-02 21:46:18,850] {local_task_job.py:264} INFO - 1 downstream tasks scheduled from follow-on schedule check
[2022-02-02 21:47:25,037] {taskinstance.py:1032} INFO - Dependencies all met for <TaskInstance: Question4_Zone.csv_to_parquet scheduled__2022-01-01T00:00:00+00:00 [queued]>
[2022-02-02 21:47:25,079] {taskinstance.py:1032} INFO - Dependencies all met for <TaskInstance: Question4_Zone.csv_to_parquet scheduled__2022-01-01T00:00:00+00:00 [queued]>
[2022-02-02 21:47:25,080] {taskinstance.py:1238} INFO - 
--------------------------------------------------------------------------------
[2022-02-02 21:47:25,080] {taskinstance.py:1239} INFO - Starting attempt 1 of 2
[2022-02-02 21:47:25,081] {taskinstance.py:1240} INFO - 
--------------------------------------------------------------------------------
[2022-02-02 21:47:25,122] {taskinstance.py:1259} INFO - Executing <Task(PythonOperator): csv_to_parquet> on 2022-01-01 00:00:00+00:00
[2022-02-02 21:47:25,129] {standard_task_runner.py:52} INFO - Started process 2375 to run task
[2022-02-02 21:47:25,140] {standard_task_runner.py:76} INFO - Running: ['***', 'tasks', 'run', 'Question4_Zone', 'csv_to_parquet', 'scheduled__2022-01-01T00:00:00+00:00', '--job-id', '373', '--raw', '--subdir', 'DAGS_FOLDER/dag_questions4.py', '--cfg-path', '/tmp/tmp9yasyppk', '--error-file', '/tmp/tmp8gorao5r']
[2022-02-02 21:47:25,142] {standard_task_runner.py:77} INFO - Job 373: Subtask csv_to_parquet
[2022-02-02 21:47:25,310] {logging_mixin.py:109} INFO - Running <TaskInstance: Question4_Zone.csv_to_parquet scheduled__2022-01-01T00:00:00+00:00 [running]> on host d574c7c5b085
[2022-02-02 21:47:25,509] {taskinstance.py:1426} INFO - Exporting the following env vars:
AIRFLOW_CTX_DAG_OWNER=***
AIRFLOW_CTX_DAG_ID=Question4_Zone
AIRFLOW_CTX_TASK_ID=csv_to_parquet
AIRFLOW_CTX_EXECUTION_DATE=2022-01-01T00:00:00+00:00
AIRFLOW_CTX_DAG_RUN_ID=scheduled__2022-01-01T00:00:00+00:00
[2022-02-02 21:47:25,796] {python.py:175} INFO - Done. Returned value was: None
[2022-02-02 21:47:25,832] {taskinstance.py:1277} INFO - Marking task as SUCCESS. dag_id=Question4_Zone, task_id=csv_to_parquet, execution_date=20220101T000000, start_date=20220202T214725, end_date=20220202T214725
[2022-02-02 21:47:25,911] {local_task_job.py:154} INFO - Task exited with return code 0
[2022-02-02 21:47:26,062] {local_task_job.py:264} INFO - 1 downstream tasks scheduled from follow-on schedule check
[2022-02-02 21:49:43,203] {taskinstance.py:1032} INFO - Dependencies all met for <TaskInstance: Question4_Zone.csv_to_parquet scheduled__2022-01-01T00:00:00+00:00 [queued]>
[2022-02-02 21:49:43,244] {taskinstance.py:1032} INFO - Dependencies all met for <TaskInstance: Question4_Zone.csv_to_parquet scheduled__2022-01-01T00:00:00+00:00 [queued]>
[2022-02-02 21:49:43,244] {taskinstance.py:1238} INFO - 
--------------------------------------------------------------------------------
[2022-02-02 21:49:43,244] {taskinstance.py:1239} INFO - Starting attempt 1 of 2
[2022-02-02 21:49:43,244] {taskinstance.py:1240} INFO - 
--------------------------------------------------------------------------------
[2022-02-02 21:49:43,282] {taskinstance.py:1259} INFO - Executing <Task(PythonOperator): csv_to_parquet> on 2022-01-01 00:00:00+00:00
[2022-02-02 21:49:43,289] {standard_task_runner.py:52} INFO - Started process 2508 to run task
[2022-02-02 21:49:43,295] {standard_task_runner.py:76} INFO - Running: ['***', 'tasks', 'run', 'Question4_Zone', 'csv_to_parquet', 'scheduled__2022-01-01T00:00:00+00:00', '--job-id', '379', '--raw', '--subdir', 'DAGS_FOLDER/dag_questions4.py', '--cfg-path', '/tmp/tmpg609h090', '--error-file', '/tmp/tmpwjsw68tw']
[2022-02-02 21:49:43,297] {standard_task_runner.py:77} INFO - Job 379: Subtask csv_to_parquet
[2022-02-02 21:49:43,426] {logging_mixin.py:109} INFO - Running <TaskInstance: Question4_Zone.csv_to_parquet scheduled__2022-01-01T00:00:00+00:00 [running]> on host d574c7c5b085
[2022-02-02 21:49:43,603] {taskinstance.py:1426} INFO - Exporting the following env vars:
AIRFLOW_CTX_DAG_OWNER=***
AIRFLOW_CTX_DAG_ID=Question4_Zone
AIRFLOW_CTX_TASK_ID=csv_to_parquet
AIRFLOW_CTX_EXECUTION_DATE=2022-01-01T00:00:00+00:00
AIRFLOW_CTX_DAG_RUN_ID=scheduled__2022-01-01T00:00:00+00:00
[2022-02-02 21:49:43,911] {python.py:175} INFO - Done. Returned value was: None
[2022-02-02 21:49:43,962] {taskinstance.py:1277} INFO - Marking task as SUCCESS. dag_id=Question4_Zone, task_id=csv_to_parquet, execution_date=20220101T000000, start_date=20220202T214943, end_date=20220202T214943
[2022-02-02 21:49:44,020] {local_task_job.py:154} INFO - Task exited with return code 0
[2022-02-02 21:49:44,146] {local_task_job.py:264} INFO - 1 downstream tasks scheduled from follow-on schedule check
