[2022-01-30 13:05:57,406] {taskinstance.py:1032} INFO - Dependencies all met for <TaskInstance: HomeWorkWeek2.halo scheduled__2020-06-02T06:00:00+00:00 [queued]>
[2022-01-30 13:05:57,468] {taskinstance.py:1032} INFO - Dependencies all met for <TaskInstance: HomeWorkWeek2.halo scheduled__2020-06-02T06:00:00+00:00 [queued]>
[2022-01-30 13:05:57,469] {taskinstance.py:1238} INFO - 
--------------------------------------------------------------------------------
[2022-01-30 13:05:57,469] {taskinstance.py:1239} INFO - Starting attempt 1 of 2
[2022-01-30 13:05:57,470] {taskinstance.py:1240} INFO - 
--------------------------------------------------------------------------------
[2022-01-30 13:05:57,524] {taskinstance.py:1259} INFO - Executing <Task(PythonOperator): halo> on 2020-06-02 06:00:00+00:00
[2022-01-30 13:05:57,533] {standard_task_runner.py:52} INFO - Started process 2822 to run task
[2022-01-30 13:05:57,542] {standard_task_runner.py:76} INFO - Running: ['***', 'tasks', 'run', 'HomeWorkWeek2', 'halo', 'scheduled__2020-06-02T06:00:00+00:00', '--job-id', '139', '--raw', '--subdir', 'DAGS_FOLDER/dag_questions1.py', '--cfg-path', '/tmp/tmp3uypwbvy', '--error-file', '/tmp/tmpbntmybeg']
[2022-01-30 13:05:57,545] {standard_task_runner.py:77} INFO - Job 139: Subtask halo
[2022-01-30 13:05:57,801] {logging_mixin.py:109} INFO - Running <TaskInstance: HomeWorkWeek2.halo scheduled__2020-06-02T06:00:00+00:00 [running]> on host 4b3b8c5e49b1
[2022-01-30 13:05:57,994] {taskinstance.py:1426} INFO - Exporting the following env vars:
AIRFLOW_CTX_DAG_OWNER=***
AIRFLOW_CTX_DAG_ID=HomeWorkWeek2
AIRFLOW_CTX_TASK_ID=halo
AIRFLOW_CTX_EXECUTION_DATE=2020-06-02T06:00:00+00:00
AIRFLOW_CTX_DAG_RUN_ID=scheduled__2020-06-02T06:00:00+00:00
[2022-01-30 13:05:57,996] {logging_mixin.py:109} INFO - helloworld
[2022-01-30 13:05:57,997] {python.py:175} INFO - Done. Returned value was: None
[2022-01-30 13:05:58,031] {taskinstance.py:1277} INFO - Marking task as SUCCESS. dag_id=HomeWorkWeek2, task_id=halo, execution_date=20200602T060000, start_date=20220130T130557, end_date=20220130T130558
[2022-01-30 13:05:58,086] {local_task_job.py:154} INFO - Task exited with return code 0
[2022-01-30 13:05:58,194] {local_task_job.py:264} INFO - 0 downstream tasks scheduled from follow-on schedule check
[2022-01-30 14:54:23,444] {taskinstance.py:1032} INFO - Dependencies all met for <TaskInstance: HomeWorkWeek2.halo scheduled__2020-06-02T06:00:00+00:00 [queued]>
[2022-01-30 14:54:23,520] {taskinstance.py:1032} INFO - Dependencies all met for <TaskInstance: HomeWorkWeek2.halo scheduled__2020-06-02T06:00:00+00:00 [queued]>
[2022-01-30 14:54:23,521] {taskinstance.py:1238} INFO - 
--------------------------------------------------------------------------------
[2022-01-30 14:54:23,521] {taskinstance.py:1239} INFO - Starting attempt 1 of 2
[2022-01-30 14:54:23,522] {taskinstance.py:1240} INFO - 
--------------------------------------------------------------------------------
[2022-01-30 14:54:23,614] {taskinstance.py:1259} INFO - Executing <Task(PythonOperator): halo> on 2020-06-02 06:00:00+00:00
[2022-01-30 14:54:23,638] {standard_task_runner.py:52} INFO - Started process 1195 to run task
[2022-01-30 14:54:23,656] {standard_task_runner.py:76} INFO - Running: ['***', 'tasks', 'run', 'HomeWorkWeek2', 'halo', 'scheduled__2020-06-02T06:00:00+00:00', '--job-id', '233', '--raw', '--subdir', 'DAGS_FOLDER/dag_questions1.py', '--cfg-path', '/tmp/tmpqygpzwdf', '--error-file', '/tmp/tmpxkwoy7dr']
[2022-01-30 14:54:23,658] {standard_task_runner.py:77} INFO - Job 233: Subtask halo
[2022-01-30 14:54:23,870] {logging_mixin.py:109} INFO - Running <TaskInstance: HomeWorkWeek2.halo scheduled__2020-06-02T06:00:00+00:00 [running]> on host 785c0c715caa
[2022-01-30 14:54:24,075] {taskinstance.py:1426} INFO - Exporting the following env vars:
AIRFLOW_CTX_DAG_OWNER=***
AIRFLOW_CTX_DAG_ID=HomeWorkWeek2
AIRFLOW_CTX_TASK_ID=halo
AIRFLOW_CTX_EXECUTION_DATE=2020-06-02T06:00:00+00:00
AIRFLOW_CTX_DAG_RUN_ID=scheduled__2020-06-02T06:00:00+00:00
[2022-01-30 14:54:24,078] {logging_mixin.py:109} INFO - hello world!!
[2022-01-30 14:54:24,078] {python.py:175} INFO - Done. Returned value was: None
[2022-01-30 14:54:24,116] {taskinstance.py:1277} INFO - Marking task as SUCCESS. dag_id=HomeWorkWeek2, task_id=halo, execution_date=20200602T060000, start_date=20220130T145423, end_date=20220130T145424
[2022-01-30 14:54:24,191] {local_task_job.py:154} INFO - Task exited with return code 0
[2022-01-30 14:54:24,313] {local_task_job.py:264} INFO - 0 downstream tasks scheduled from follow-on schedule check
[2022-02-19 01:33:29,723] {taskinstance.py:1032} INFO - Dependencies all met for <TaskInstance: HomeWorkWeek2.halo scheduled__2020-06-02T06:00:00+00:00 [queued]>
[2022-02-19 01:33:29,767] {taskinstance.py:1032} INFO - Dependencies all met for <TaskInstance: HomeWorkWeek2.halo scheduled__2020-06-02T06:00:00+00:00 [queued]>
[2022-02-19 01:33:29,767] {taskinstance.py:1238} INFO - 
--------------------------------------------------------------------------------
[2022-02-19 01:33:29,768] {taskinstance.py:1239} INFO - Starting attempt 1 of 2
[2022-02-19 01:33:29,768] {taskinstance.py:1240} INFO - 
--------------------------------------------------------------------------------
[2022-02-19 01:33:29,807] {taskinstance.py:1259} INFO - Executing <Task(PythonOperator): halo> on 2020-06-02 06:00:00+00:00
[2022-02-19 01:33:29,814] {standard_task_runner.py:52} INFO - Started process 3115 to run task
[2022-02-19 01:33:29,819] {standard_task_runner.py:76} INFO - Running: ['***', 'tasks', 'run', 'HomeWorkWeek2', 'halo', 'scheduled__2020-06-02T06:00:00+00:00', '--job-id', '591', '--raw', '--subdir', 'DAGS_FOLDER/dag_questions1.py', '--cfg-path', '/tmp/tmpef0abv2g', '--error-file', '/tmp/tmpoblj_s6n']
[2022-02-19 01:33:29,821] {standard_task_runner.py:77} INFO - Job 591: Subtask halo
[2022-02-19 01:33:30,006] {logging_mixin.py:109} INFO - Running <TaskInstance: HomeWorkWeek2.halo scheduled__2020-06-02T06:00:00+00:00 [running]> on host 312f1fe573aa
[2022-02-19 01:33:30,334] {taskinstance.py:1426} INFO - Exporting the following env vars:
AIRFLOW_CTX_DAG_OWNER=***
AIRFLOW_CTX_DAG_ID=HomeWorkWeek2
AIRFLOW_CTX_TASK_ID=halo
AIRFLOW_CTX_EXECUTION_DATE=2020-06-02T06:00:00+00:00
AIRFLOW_CTX_DAG_RUN_ID=scheduled__2020-06-02T06:00:00+00:00
[2022-02-19 01:33:30,336] {logging_mixin.py:109} INFO - hello world!!
[2022-02-19 01:33:30,337] {python.py:175} INFO - Done. Returned value was: None
[2022-02-19 01:33:30,378] {taskinstance.py:1277} INFO - Marking task as SUCCESS. dag_id=HomeWorkWeek2, task_id=halo, execution_date=20200602T060000, start_date=20220219T013329, end_date=20220219T013330
[2022-02-19 01:33:30,459] {local_task_job.py:154} INFO - Task exited with return code 0
[2022-02-19 01:33:30,569] {local_task_job.py:264} INFO - 0 downstream tasks scheduled from follow-on schedule check
[2022-02-19 11:35:54,721] {taskinstance.py:1032} INFO - Dependencies all met for <TaskInstance: HomeWorkWeek2.halo scheduled__2020-06-02T06:00:00+00:00 [queued]>
[2022-02-19 11:35:54,763] {taskinstance.py:1032} INFO - Dependencies all met for <TaskInstance: HomeWorkWeek2.halo scheduled__2020-06-02T06:00:00+00:00 [queued]>
[2022-02-19 11:35:54,764] {taskinstance.py:1238} INFO - 
--------------------------------------------------------------------------------
[2022-02-19 11:35:54,764] {taskinstance.py:1239} INFO - Starting attempt 1 of 2
[2022-02-19 11:35:54,764] {taskinstance.py:1240} INFO - 
--------------------------------------------------------------------------------
[2022-02-19 11:35:54,807] {taskinstance.py:1259} INFO - Executing <Task(PythonOperator): halo> on 2020-06-02 06:00:00+00:00
[2022-02-19 11:35:54,815] {standard_task_runner.py:52} INFO - Started process 4089 to run task
[2022-02-19 11:35:54,820] {standard_task_runner.py:76} INFO - Running: ['***', 'tasks', 'run', 'HomeWorkWeek2', 'halo', 'scheduled__2020-06-02T06:00:00+00:00', '--job-id', '962', '--raw', '--subdir', 'DAGS_FOLDER/dag_questions1.py', '--cfg-path', '/tmp/tmp4kr8fk3y', '--error-file', '/tmp/tmpi3zbi4zb']
[2022-02-19 11:35:54,824] {standard_task_runner.py:77} INFO - Job 962: Subtask halo
[2022-02-19 11:35:55,013] {logging_mixin.py:109} INFO - Running <TaskInstance: HomeWorkWeek2.halo scheduled__2020-06-02T06:00:00+00:00 [running]> on host f81f14254480
[2022-02-19 11:35:55,193] {taskinstance.py:1426} INFO - Exporting the following env vars:
AIRFLOW_CTX_DAG_OWNER=***
AIRFLOW_CTX_DAG_ID=HomeWorkWeek2
AIRFLOW_CTX_TASK_ID=halo
AIRFLOW_CTX_EXECUTION_DATE=2020-06-02T06:00:00+00:00
AIRFLOW_CTX_DAG_RUN_ID=scheduled__2020-06-02T06:00:00+00:00
[2022-02-19 11:35:55,195] {logging_mixin.py:109} INFO - hello world!!
[2022-02-19 11:35:55,196] {python.py:175} INFO - Done. Returned value was: None
[2022-02-19 11:35:55,232] {taskinstance.py:1277} INFO - Marking task as SUCCESS. dag_id=HomeWorkWeek2, task_id=halo, execution_date=20200602T060000, start_date=20220219T113554, end_date=20220219T113555
[2022-02-19 11:35:55,326] {local_task_job.py:154} INFO - Task exited with return code 0
[2022-02-19 11:35:55,444] {local_task_job.py:264} INFO - 0 downstream tasks scheduled from follow-on schedule check
[2022-02-20 00:19:27,463] {taskinstance.py:1032} INFO - Dependencies all met for <TaskInstance: HomeWorkWeek2.halo scheduled__2020-06-02T06:00:00+00:00 [queued]>
[2022-02-20 00:19:27,526] {taskinstance.py:1032} INFO - Dependencies all met for <TaskInstance: HomeWorkWeek2.halo scheduled__2020-06-02T06:00:00+00:00 [queued]>
[2022-02-20 00:19:27,527] {taskinstance.py:1238} INFO - 
--------------------------------------------------------------------------------
[2022-02-20 00:19:27,527] {taskinstance.py:1239} INFO - Starting attempt 1 of 2
[2022-02-20 00:19:27,528] {taskinstance.py:1240} INFO - 
--------------------------------------------------------------------------------
[2022-02-20 00:19:27,573] {taskinstance.py:1259} INFO - Executing <Task(PythonOperator): halo> on 2020-06-02 06:00:00+00:00
[2022-02-20 00:19:27,583] {standard_task_runner.py:52} INFO - Started process 24060 to run task
[2022-02-20 00:19:27,625] {standard_task_runner.py:76} INFO - Running: ['***', 'tasks', 'run', 'HomeWorkWeek2', 'halo', 'scheduled__2020-06-02T06:00:00+00:00', '--job-id', '1124', '--raw', '--subdir', 'DAGS_FOLDER/dag_questions1.py', '--cfg-path', '/tmp/tmpofsy5uwy', '--error-file', '/tmp/tmplchy6rh6']
[2022-02-20 00:19:27,628] {standard_task_runner.py:77} INFO - Job 1124: Subtask halo
[2022-02-20 00:19:28,079] {logging_mixin.py:109} INFO - Running <TaskInstance: HomeWorkWeek2.halo scheduled__2020-06-02T06:00:00+00:00 [running]> on host d9977d7db207
[2022-02-20 00:19:28,398] {taskinstance.py:1426} INFO - Exporting the following env vars:
AIRFLOW_CTX_DAG_OWNER=***
AIRFLOW_CTX_DAG_ID=HomeWorkWeek2
AIRFLOW_CTX_TASK_ID=halo
AIRFLOW_CTX_EXECUTION_DATE=2020-06-02T06:00:00+00:00
AIRFLOW_CTX_DAG_RUN_ID=scheduled__2020-06-02T06:00:00+00:00
[2022-02-20 00:19:28,399] {logging_mixin.py:109} INFO - hello world!!
[2022-02-20 00:19:28,400] {python.py:175} INFO - Done. Returned value was: None
[2022-02-20 00:19:28,495] {taskinstance.py:1277} INFO - Marking task as SUCCESS. dag_id=HomeWorkWeek2, task_id=halo, execution_date=20200602T060000, start_date=20220220T001927, end_date=20220220T001928
[2022-02-20 00:19:28,622] {local_task_job.py:154} INFO - Task exited with return code 0
[2022-02-20 00:19:28,843] {local_task_job.py:264} INFO - 0 downstream tasks scheduled from follow-on schedule check
