[2022-02-02 21:49:51,116] {taskinstance.py:1032} INFO - Dependencies all met for <TaskInstance: Question4_Zone.halo manual__2022-02-02T21:49:36.789968+00:00 [queued]>
[2022-02-02 21:49:51,153] {taskinstance.py:1032} INFO - Dependencies all met for <TaskInstance: Question4_Zone.halo manual__2022-02-02T21:49:36.789968+00:00 [queued]>
[2022-02-02 21:49:51,154] {taskinstance.py:1238} INFO - 
--------------------------------------------------------------------------------
[2022-02-02 21:49:51,154] {taskinstance.py:1239} INFO - Starting attempt 1 of 2
[2022-02-02 21:49:51,154] {taskinstance.py:1240} INFO - 
--------------------------------------------------------------------------------
[2022-02-02 21:49:51,200] {taskinstance.py:1259} INFO - Executing <Task(PythonOperator): halo> on 2022-02-02 21:49:36.789968+00:00
[2022-02-02 21:49:51,208] {standard_task_runner.py:52} INFO - Started process 2538 to run task
[2022-02-02 21:49:51,220] {standard_task_runner.py:76} INFO - Running: ['***', 'tasks', 'run', 'Question4_Zone', 'halo', 'manual__2022-02-02T21:49:36.789968+00:00', '--job-id', '383', '--raw', '--subdir', 'DAGS_FOLDER/dag_questions4.py', '--cfg-path', '/tmp/tmpw58d0gt0', '--error-file', '/tmp/tmptok4py_j']
[2022-02-02 21:49:51,221] {standard_task_runner.py:77} INFO - Job 383: Subtask halo
[2022-02-02 21:49:51,434] {logging_mixin.py:109} INFO - Running <TaskInstance: Question4_Zone.halo manual__2022-02-02T21:49:36.789968+00:00 [running]> on host d574c7c5b085
[2022-02-02 21:49:51,602] {taskinstance.py:1426} INFO - Exporting the following env vars:
AIRFLOW_CTX_DAG_OWNER=***
AIRFLOW_CTX_DAG_ID=Question4_Zone
AIRFLOW_CTX_TASK_ID=halo
AIRFLOW_CTX_EXECUTION_DATE=2022-02-02T21:49:36.789968+00:00
AIRFLOW_CTX_DAG_RUN_ID=manual__2022-02-02T21:49:36.789968+00:00
[2022-02-02 21:49:51,603] {logging_mixin.py:109} INFO - hello world!!
[2022-02-02 21:49:51,604] {python.py:175} INFO - Done. Returned value was: None
[2022-02-02 21:49:51,636] {taskinstance.py:1277} INFO - Marking task as SUCCESS. dag_id=Question4_Zone, task_id=halo, execution_date=20220202T214936, start_date=20220202T214951, end_date=20220202T214951
[2022-02-02 21:49:51,695] {local_task_job.py:154} INFO - Task exited with return code 0
[2022-02-02 21:49:51,790] {local_task_job.py:264} INFO - 0 downstream tasks scheduled from follow-on schedule check
