[2022-01-30 14:57:28,982] {taskinstance.py:1032} INFO - Dependencies all met for <TaskInstance: HomeWorkWeek2.csv_to_parquet scheduled__2021-02-02T06:00:00+00:00 [queued]>
[2022-01-30 14:57:29,030] {taskinstance.py:1032} INFO - Dependencies all met for <TaskInstance: HomeWorkWeek2.csv_to_parquet scheduled__2021-02-02T06:00:00+00:00 [queued]>
[2022-01-30 14:57:29,030] {taskinstance.py:1238} INFO - 
--------------------------------------------------------------------------------
[2022-01-30 14:57:29,031] {taskinstance.py:1239} INFO - Starting attempt 1 of 2
[2022-01-30 14:57:29,031] {taskinstance.py:1240} INFO - 
--------------------------------------------------------------------------------
[2022-01-30 14:57:29,074] {taskinstance.py:1259} INFO - Executing <Task(PythonOperator): csv_to_parquet> on 2021-02-02 06:00:00+00:00
[2022-01-30 14:57:29,082] {standard_task_runner.py:52} INFO - Started process 1465 to run task
[2022-01-30 14:57:29,090] {standard_task_runner.py:76} INFO - Running: ['***', 'tasks', 'run', 'HomeWorkWeek2', 'csv_to_parquet', 'scheduled__2021-02-02T06:00:00+00:00', '--job-id', '259', '--raw', '--subdir', 'DAGS_FOLDER/dag_questions1.py', '--cfg-path', '/tmp/tmptx3e_rc9', '--error-file', '/tmp/tmpaxquku5y']
[2022-01-30 14:57:29,093] {standard_task_runner.py:77} INFO - Job 259: Subtask csv_to_parquet
[2022-01-30 14:57:29,294] {logging_mixin.py:109} INFO - Running <TaskInstance: HomeWorkWeek2.csv_to_parquet scheduled__2021-02-02T06:00:00+00:00 [running]> on host 785c0c715caa
[2022-01-30 14:57:29,463] {warnings.py:110} WARNING - /home/***/.local/lib/python3.7/site-packages/***/utils/context.py:152: AirflowContextDeprecationWarning: Accessing 'execution_date' from the template is deprecated and will be removed in a future version. Please use 'data_interval_start' or 'logical_date' instead.
  warnings.warn(_create_deprecation_warning(key, self._deprecation_replacements[key]))

[2022-01-30 14:57:29,534] {taskinstance.py:1426} INFO - Exporting the following env vars:
AIRFLOW_CTX_DAG_OWNER=***
AIRFLOW_CTX_DAG_ID=HomeWorkWeek2
AIRFLOW_CTX_TASK_ID=csv_to_parquet
AIRFLOW_CTX_EXECUTION_DATE=2021-02-02T06:00:00+00:00
AIRFLOW_CTX_DAG_RUN_ID=scheduled__2021-02-02T06:00:00+00:00
[2022-01-30 14:57:33,499] {python.py:175} INFO - Done. Returned value was: None
[2022-01-30 14:57:33,536] {taskinstance.py:1277} INFO - Marking task as SUCCESS. dag_id=HomeWorkWeek2, task_id=csv_to_parquet, execution_date=20210202T060000, start_date=20220130T145728, end_date=20220130T145733
[2022-01-30 14:57:33,706] {local_task_job.py:154} INFO - Task exited with return code 0
[2022-01-30 14:57:33,822] {local_task_job.py:264} INFO - 1 downstream tasks scheduled from follow-on schedule check
