[2022-01-30 14:51:45,655] {taskinstance.py:1032} INFO - Dependencies all met for <TaskInstance: HomeWorkWeek2.csv_to_parquet scheduled__2019-12-02T06:00:00+00:00 [queued]>
[2022-01-30 14:51:45,712] {taskinstance.py:1032} INFO - Dependencies all met for <TaskInstance: HomeWorkWeek2.csv_to_parquet scheduled__2019-12-02T06:00:00+00:00 [queued]>
[2022-01-30 14:51:45,713] {taskinstance.py:1238} INFO - 
--------------------------------------------------------------------------------
[2022-01-30 14:51:45,713] {taskinstance.py:1239} INFO - Starting attempt 1 of 2
[2022-01-30 14:51:45,714] {taskinstance.py:1240} INFO - 
--------------------------------------------------------------------------------
[2022-01-30 14:51:45,818] {taskinstance.py:1259} INFO - Executing <Task(PythonOperator): csv_to_parquet> on 2019-12-02 06:00:00+00:00
[2022-01-30 14:51:45,828] {standard_task_runner.py:52} INFO - Started process 991 to run task
[2022-01-30 14:51:45,835] {standard_task_runner.py:76} INFO - Running: ['***', 'tasks', 'run', 'HomeWorkWeek2', 'csv_to_parquet', 'scheduled__2019-12-02T06:00:00+00:00', '--job-id', '215', '--raw', '--subdir', 'DAGS_FOLDER/dag_questions1.py', '--cfg-path', '/tmp/tmpyin49l8j', '--error-file', '/tmp/tmp8q1vvf32']
[2022-01-30 14:51:45,838] {standard_task_runner.py:77} INFO - Job 215: Subtask csv_to_parquet
[2022-01-30 14:51:46,157] {logging_mixin.py:109} INFO - Running <TaskInstance: HomeWorkWeek2.csv_to_parquet scheduled__2019-12-02T06:00:00+00:00 [running]> on host 785c0c715caa
[2022-01-30 14:51:46,400] {warnings.py:110} WARNING - /home/***/.local/lib/python3.7/site-packages/***/utils/context.py:152: AirflowContextDeprecationWarning: Accessing 'execution_date' from the template is deprecated and will be removed in a future version. Please use 'data_interval_start' or 'logical_date' instead.
  warnings.warn(_create_deprecation_warning(key, self._deprecation_replacements[key]))

[2022-01-30 14:51:46,603] {taskinstance.py:1426} INFO - Exporting the following env vars:
AIRFLOW_CTX_DAG_OWNER=***
AIRFLOW_CTX_DAG_ID=HomeWorkWeek2
AIRFLOW_CTX_TASK_ID=csv_to_parquet
AIRFLOW_CTX_EXECUTION_DATE=2019-12-02T06:00:00+00:00
AIRFLOW_CTX_DAG_RUN_ID=scheduled__2019-12-02T06:00:00+00:00
[2022-01-30 14:52:27,208] {python.py:175} INFO - Done. Returned value was: None
[2022-01-30 14:52:27,247] {taskinstance.py:1277} INFO - Marking task as SUCCESS. dag_id=HomeWorkWeek2, task_id=csv_to_parquet, execution_date=20191202T060000, start_date=20220130T145145, end_date=20220130T145227
[2022-01-30 14:52:27,923] {local_task_job.py:154} INFO - Task exited with return code 0
[2022-01-30 14:52:28,060] {local_task_job.py:264} INFO - 0 downstream tasks scheduled from follow-on schedule check
[2022-02-19 01:17:55,715] {taskinstance.py:1032} INFO - Dependencies all met for <TaskInstance: HomeWorkWeek2.csv_to_parquet scheduled__2019-12-02T06:00:00+00:00 [queued]>
[2022-02-19 01:17:55,762] {taskinstance.py:1032} INFO - Dependencies all met for <TaskInstance: HomeWorkWeek2.csv_to_parquet scheduled__2019-12-02T06:00:00+00:00 [queued]>
[2022-02-19 01:17:55,762] {taskinstance.py:1238} INFO - 
--------------------------------------------------------------------------------
[2022-02-19 01:17:55,763] {taskinstance.py:1239} INFO - Starting attempt 1 of 2
[2022-02-19 01:17:55,763] {taskinstance.py:1240} INFO - 
--------------------------------------------------------------------------------
[2022-02-19 01:17:55,810] {taskinstance.py:1259} INFO - Executing <Task(PythonOperator): csv_to_parquet> on 2019-12-02 06:00:00+00:00
[2022-02-19 01:17:55,816] {standard_task_runner.py:52} INFO - Started process 2294 to run task
[2022-02-19 01:17:55,822] {standard_task_runner.py:76} INFO - Running: ['***', 'tasks', 'run', 'HomeWorkWeek2', 'csv_to_parquet', 'scheduled__2019-12-02T06:00:00+00:00', '--job-id', '559', '--raw', '--subdir', 'DAGS_FOLDER/dag_questions1.py', '--cfg-path', '/tmp/tmpyno3t9y8', '--error-file', '/tmp/tmpjwqomkc6']
[2022-02-19 01:17:55,823] {standard_task_runner.py:77} INFO - Job 559: Subtask csv_to_parquet
[2022-02-19 01:17:55,999] {logging_mixin.py:109} INFO - Running <TaskInstance: HomeWorkWeek2.csv_to_parquet scheduled__2019-12-02T06:00:00+00:00 [running]> on host 312f1fe573aa
[2022-02-19 01:17:56,132] {warnings.py:110} WARNING - /home/***/.local/lib/python3.7/site-packages/***/utils/context.py:152: AirflowContextDeprecationWarning: Accessing 'execution_date' from the template is deprecated and will be removed in a future version. Please use 'data_interval_start' or 'logical_date' instead.
  warnings.warn(_create_deprecation_warning(key, self._deprecation_replacements[key]))

[2022-02-19 01:17:56,181] {taskinstance.py:1426} INFO - Exporting the following env vars:
AIRFLOW_CTX_DAG_OWNER=***
AIRFLOW_CTX_DAG_ID=HomeWorkWeek2
AIRFLOW_CTX_TASK_ID=csv_to_parquet
AIRFLOW_CTX_EXECUTION_DATE=2019-12-02T06:00:00+00:00
AIRFLOW_CTX_DAG_RUN_ID=scheduled__2019-12-02T06:00:00+00:00
[2022-02-19 01:18:10,341] {python.py:175} INFO - Done. Returned value was: None
[2022-02-19 01:18:10,385] {taskinstance.py:1277} INFO - Marking task as SUCCESS. dag_id=HomeWorkWeek2, task_id=csv_to_parquet, execution_date=20191202T060000, start_date=20220219T011755, end_date=20220219T011810
[2022-02-19 01:18:10,727] {local_task_job.py:154} INFO - Task exited with return code 0
[2022-02-19 01:18:10,863] {local_task_job.py:264} INFO - 1 downstream tasks scheduled from follow-on schedule check
