[2022-01-29 01:06:45,294] {taskinstance.py:1032} INFO - Dependencies all met for <TaskInstance: data_ingestion_gcs_dag.bigquery_external_table_task manual__2022-01-29T01:02:07.058015+00:00 [queued]>
[2022-01-29 01:06:45,343] {taskinstance.py:1032} INFO - Dependencies all met for <TaskInstance: data_ingestion_gcs_dag.bigquery_external_table_task manual__2022-01-29T01:02:07.058015+00:00 [queued]>
[2022-01-29 01:06:45,343] {taskinstance.py:1238} INFO - 
--------------------------------------------------------------------------------
[2022-01-29 01:06:45,344] {taskinstance.py:1239} INFO - Starting attempt 1 of 2
[2022-01-29 01:06:45,344] {taskinstance.py:1240} INFO - 
--------------------------------------------------------------------------------
[2022-01-29 01:06:45,387] {taskinstance.py:1259} INFO - Executing <Task(BigQueryCreateExternalTableOperator): bigquery_external_table_task> on 2022-01-29 01:02:07.058015+00:00
[2022-01-29 01:06:45,396] {standard_task_runner.py:52} INFO - Started process 350 to run task
[2022-01-29 01:06:45,402] {standard_task_runner.py:76} INFO - Running: ['***', 'tasks', 'run', 'data_ingestion_gcs_dag', 'bigquery_external_table_task', 'manual__2022-01-29T01:02:07.058015+00:00', '--job-id', '12', '--raw', '--subdir', 'DAGS_FOLDER/data_ingestion_gcs_dag.py', '--cfg-path', '/tmp/tmpyb15b626', '--error-file', '/tmp/tmp88m6xl2u']
[2022-01-29 01:06:45,403] {standard_task_runner.py:77} INFO - Job 12: Subtask bigquery_external_table_task
[2022-01-29 01:06:45,554] {logging_mixin.py:109} INFO - Running <TaskInstance: data_ingestion_gcs_dag.bigquery_external_table_task manual__2022-01-29T01:02:07.058015+00:00 [running]> on host d33a9abab046
[2022-01-29 01:06:45,750] {taskinstance.py:1426} INFO - Exporting the following env vars:
AIRFLOW_CTX_DAG_OWNER=***
AIRFLOW_CTX_DAG_ID=data_ingestion_gcs_dag
AIRFLOW_CTX_TASK_ID=bigquery_external_table_task
AIRFLOW_CTX_EXECUTION_DATE=2022-01-29T01:02:07.058015+00:00
AIRFLOW_CTX_DAG_RUN_ID=manual__2022-01-29T01:02:07.058015+00:00
[2022-01-29 01:06:45,755] {crypto.py:82} WARNING - empty cryptography key - values will not be stored encrypted.
[2022-01-29 01:06:47,008] {taskinstance.py:1277} INFO - Marking task as SUCCESS. dag_id=data_ingestion_gcs_dag, task_id=bigquery_external_table_task, execution_date=20220129T010207, start_date=20220129T010645, end_date=20220129T010647
[2022-01-29 01:06:47,092] {local_task_job.py:154} INFO - Task exited with return code 0
[2022-01-29 01:06:47,228] {local_task_job.py:264} INFO - 0 downstream tasks scheduled from follow-on schedule check
