[2022-01-30 14:53:47,943] {taskinstance.py:1032} INFO - Dependencies all met for <TaskInstance: HomeWorkWeek2.csv_to_parquet scheduled__2020-05-02T06:00:00+00:00 [queued]>
[2022-01-30 14:53:48,046] {taskinstance.py:1032} INFO - Dependencies all met for <TaskInstance: HomeWorkWeek2.csv_to_parquet scheduled__2020-05-02T06:00:00+00:00 [queued]>
[2022-01-30 14:53:48,047] {taskinstance.py:1238} INFO - 
--------------------------------------------------------------------------------
[2022-01-30 14:53:48,047] {taskinstance.py:1239} INFO - Starting attempt 1 of 2
[2022-01-30 14:53:48,048] {taskinstance.py:1240} INFO - 
--------------------------------------------------------------------------------
[2022-01-30 14:53:48,192] {taskinstance.py:1259} INFO - Executing <Task(PythonOperator): csv_to_parquet> on 2020-05-02 06:00:00+00:00
[2022-01-30 14:53:48,209] {standard_task_runner.py:52} INFO - Started process 1140 to run task
[2022-01-30 14:53:48,239] {standard_task_runner.py:76} INFO - Running: ['***', 'tasks', 'run', 'HomeWorkWeek2', 'csv_to_parquet', 'scheduled__2020-05-02T06:00:00+00:00', '--job-id', '227', '--raw', '--subdir', 'DAGS_FOLDER/dag_questions1.py', '--cfg-path', '/tmp/tmpw1wydda9', '--error-file', '/tmp/tmp6rk22gnj']
[2022-01-30 14:53:48,254] {standard_task_runner.py:77} INFO - Job 227: Subtask csv_to_parquet
[2022-01-30 14:53:48,587] {logging_mixin.py:109} INFO - Running <TaskInstance: HomeWorkWeek2.csv_to_parquet scheduled__2020-05-02T06:00:00+00:00 [running]> on host 785c0c715caa
[2022-01-30 14:53:49,132] {warnings.py:110} WARNING - /home/***/.local/lib/python3.7/site-packages/***/utils/context.py:152: AirflowContextDeprecationWarning: Accessing 'execution_date' from the template is deprecated and will be removed in a future version. Please use 'data_interval_start' or 'logical_date' instead.
  warnings.warn(_create_deprecation_warning(key, self._deprecation_replacements[key]))

[2022-01-30 14:53:49,348] {taskinstance.py:1426} INFO - Exporting the following env vars:
AIRFLOW_CTX_DAG_OWNER=***
AIRFLOW_CTX_DAG_ID=HomeWorkWeek2
AIRFLOW_CTX_TASK_ID=csv_to_parquet
AIRFLOW_CTX_EXECUTION_DATE=2020-05-02T06:00:00+00:00
AIRFLOW_CTX_DAG_RUN_ID=scheduled__2020-05-02T06:00:00+00:00
[2022-01-30 14:53:52,366] {python.py:175} INFO - Done. Returned value was: None
[2022-01-30 14:53:52,411] {taskinstance.py:1277} INFO - Marking task as SUCCESS. dag_id=HomeWorkWeek2, task_id=csv_to_parquet, execution_date=20200502T060000, start_date=20220130T145347, end_date=20220130T145352
[2022-01-30 14:53:52,590] {local_task_job.py:154} INFO - Task exited with return code 0
[2022-01-30 14:53:52,934] {local_task_job.py:264} INFO - 0 downstream tasks scheduled from follow-on schedule check
[2022-02-19 01:32:28,115] {taskinstance.py:1032} INFO - Dependencies all met for <TaskInstance: HomeWorkWeek2.csv_to_parquet scheduled__2020-05-02T06:00:00+00:00 [queued]>
[2022-02-19 01:32:28,157] {taskinstance.py:1032} INFO - Dependencies all met for <TaskInstance: HomeWorkWeek2.csv_to_parquet scheduled__2020-05-02T06:00:00+00:00 [queued]>
[2022-02-19 01:32:28,158] {taskinstance.py:1238} INFO - 
--------------------------------------------------------------------------------
[2022-02-19 01:32:28,158] {taskinstance.py:1239} INFO - Starting attempt 1 of 2
[2022-02-19 01:32:28,159] {taskinstance.py:1240} INFO - 
--------------------------------------------------------------------------------
[2022-02-19 01:32:28,211] {taskinstance.py:1259} INFO - Executing <Task(PythonOperator): csv_to_parquet> on 2020-05-02 06:00:00+00:00
[2022-02-19 01:32:28,220] {standard_task_runner.py:52} INFO - Started process 3023 to run task
[2022-02-19 01:32:28,228] {standard_task_runner.py:76} INFO - Running: ['***', 'tasks', 'run', 'HomeWorkWeek2', 'csv_to_parquet', 'scheduled__2020-05-02T06:00:00+00:00', '--job-id', '582', '--raw', '--subdir', 'DAGS_FOLDER/dag_questions1.py', '--cfg-path', '/tmp/tmpgwhau7k5', '--error-file', '/tmp/tmp_uu7iv87']
[2022-02-19 01:32:28,229] {standard_task_runner.py:77} INFO - Job 582: Subtask csv_to_parquet
[2022-02-19 01:32:28,406] {logging_mixin.py:109} INFO - Running <TaskInstance: HomeWorkWeek2.csv_to_parquet scheduled__2020-05-02T06:00:00+00:00 [running]> on host 312f1fe573aa
[2022-02-19 01:32:28,561] {warnings.py:110} WARNING - /home/***/.local/lib/python3.7/site-packages/***/utils/context.py:152: AirflowContextDeprecationWarning: Accessing 'execution_date' from the template is deprecated and will be removed in a future version. Please use 'data_interval_start' or 'logical_date' instead.
  warnings.warn(_create_deprecation_warning(key, self._deprecation_replacements[key]))

[2022-02-19 01:32:28,627] {taskinstance.py:1426} INFO - Exporting the following env vars:
AIRFLOW_CTX_DAG_OWNER=***
AIRFLOW_CTX_DAG_ID=HomeWorkWeek2
AIRFLOW_CTX_TASK_ID=csv_to_parquet
AIRFLOW_CTX_EXECUTION_DATE=2020-05-02T06:00:00+00:00
AIRFLOW_CTX_DAG_RUN_ID=scheduled__2020-05-02T06:00:00+00:00
[2022-02-19 01:32:29,710] {python.py:175} INFO - Done. Returned value was: None
[2022-02-19 01:32:29,744] {taskinstance.py:1277} INFO - Marking task as SUCCESS. dag_id=HomeWorkWeek2, task_id=csv_to_parquet, execution_date=20200502T060000, start_date=20220219T013228, end_date=20220219T013229
[2022-02-19 01:32:29,824] {local_task_job.py:154} INFO - Task exited with return code 0
[2022-02-19 01:32:30,068] {local_task_job.py:264} INFO - 0 downstream tasks scheduled from follow-on schedule check
[2022-02-19 11:34:28,616] {taskinstance.py:1032} INFO - Dependencies all met for <TaskInstance: HomeWorkWeek2.csv_to_parquet scheduled__2020-05-02T06:00:00+00:00 [queued]>
[2022-02-19 11:34:28,682] {taskinstance.py:1032} INFO - Dependencies all met for <TaskInstance: HomeWorkWeek2.csv_to_parquet scheduled__2020-05-02T06:00:00+00:00 [queued]>
[2022-02-19 11:34:28,683] {taskinstance.py:1238} INFO - 
--------------------------------------------------------------------------------
[2022-02-19 11:34:28,683] {taskinstance.py:1239} INFO - Starting attempt 1 of 2
[2022-02-19 11:34:28,683] {taskinstance.py:1240} INFO - 
--------------------------------------------------------------------------------
[2022-02-19 11:34:28,749] {taskinstance.py:1259} INFO - Executing <Task(PythonOperator): csv_to_parquet> on 2020-05-02 06:00:00+00:00
[2022-02-19 11:34:28,760] {standard_task_runner.py:52} INFO - Started process 3964 to run task
[2022-02-19 11:34:28,770] {standard_task_runner.py:76} INFO - Running: ['***', 'tasks', 'run', 'HomeWorkWeek2', 'csv_to_parquet', 'scheduled__2020-05-02T06:00:00+00:00', '--job-id', '950', '--raw', '--subdir', 'DAGS_FOLDER/dag_questions1.py', '--cfg-path', '/tmp/tmp_r_1pl6m', '--error-file', '/tmp/tmphd_jtqo6']
[2022-02-19 11:34:28,782] {standard_task_runner.py:77} INFO - Job 950: Subtask csv_to_parquet
[2022-02-19 11:34:29,026] {logging_mixin.py:109} INFO - Running <TaskInstance: HomeWorkWeek2.csv_to_parquet scheduled__2020-05-02T06:00:00+00:00 [running]> on host f81f14254480
[2022-02-19 11:34:29,180] {warnings.py:110} WARNING - /home/***/.local/lib/python3.7/site-packages/***/utils/context.py:152: AirflowContextDeprecationWarning: Accessing 'execution_date' from the template is deprecated and will be removed in a future version. Please use 'data_interval_start' or 'logical_date' instead.
  warnings.warn(_create_deprecation_warning(key, self._deprecation_replacements[key]))

[2022-02-19 11:34:29,247] {taskinstance.py:1426} INFO - Exporting the following env vars:
AIRFLOW_CTX_DAG_OWNER=***
AIRFLOW_CTX_DAG_ID=HomeWorkWeek2
AIRFLOW_CTX_TASK_ID=csv_to_parquet
AIRFLOW_CTX_EXECUTION_DATE=2020-05-02T06:00:00+00:00
AIRFLOW_CTX_DAG_RUN_ID=scheduled__2020-05-02T06:00:00+00:00
[2022-02-19 11:34:30,284] {python.py:175} INFO - Done. Returned value was: None
[2022-02-19 11:34:30,315] {taskinstance.py:1277} INFO - Marking task as SUCCESS. dag_id=HomeWorkWeek2, task_id=csv_to_parquet, execution_date=20200502T060000, start_date=20220219T113428, end_date=20220219T113430
[2022-02-19 11:34:30,375] {local_task_job.py:154} INFO - Task exited with return code 0
[2022-02-19 11:34:30,513] {local_task_job.py:264} INFO - 0 downstream tasks scheduled from follow-on schedule check
[2022-02-20 00:18:26,569] {taskinstance.py:1032} INFO - Dependencies all met for <TaskInstance: HomeWorkWeek2.csv_to_parquet scheduled__2020-05-02T06:00:00+00:00 [queued]>
[2022-02-20 00:18:26,623] {taskinstance.py:1032} INFO - Dependencies all met for <TaskInstance: HomeWorkWeek2.csv_to_parquet scheduled__2020-05-02T06:00:00+00:00 [queued]>
[2022-02-20 00:18:26,623] {taskinstance.py:1238} INFO - 
--------------------------------------------------------------------------------
[2022-02-20 00:18:26,623] {taskinstance.py:1239} INFO - Starting attempt 1 of 2
[2022-02-20 00:18:26,623] {taskinstance.py:1240} INFO - 
--------------------------------------------------------------------------------
[2022-02-20 00:18:26,666] {taskinstance.py:1259} INFO - Executing <Task(PythonOperator): csv_to_parquet> on 2020-05-02 06:00:00+00:00
[2022-02-20 00:18:26,675] {standard_task_runner.py:52} INFO - Started process 23968 to run task
[2022-02-20 00:18:26,681] {standard_task_runner.py:76} INFO - Running: ['***', 'tasks', 'run', 'HomeWorkWeek2', 'csv_to_parquet', 'scheduled__2020-05-02T06:00:00+00:00', '--job-id', '1115', '--raw', '--subdir', 'DAGS_FOLDER/dag_questions1.py', '--cfg-path', '/tmp/tmp6rl_b0r_', '--error-file', '/tmp/tmp5jmqspyo']
[2022-02-20 00:18:26,683] {standard_task_runner.py:77} INFO - Job 1115: Subtask csv_to_parquet
[2022-02-20 00:18:26,950] {logging_mixin.py:109} INFO - Running <TaskInstance: HomeWorkWeek2.csv_to_parquet scheduled__2020-05-02T06:00:00+00:00 [running]> on host d9977d7db207
[2022-02-20 00:18:27,119] {warnings.py:110} WARNING - /home/***/.local/lib/python3.7/site-packages/***/utils/context.py:152: AirflowContextDeprecationWarning: Accessing 'execution_date' from the template is deprecated and will be removed in a future version. Please use 'data_interval_start' or 'logical_date' instead.
  warnings.warn(_create_deprecation_warning(key, self._deprecation_replacements[key]))

[2022-02-20 00:18:27,174] {taskinstance.py:1426} INFO - Exporting the following env vars:
AIRFLOW_CTX_DAG_OWNER=***
AIRFLOW_CTX_DAG_ID=HomeWorkWeek2
AIRFLOW_CTX_TASK_ID=csv_to_parquet
AIRFLOW_CTX_EXECUTION_DATE=2020-05-02T06:00:00+00:00
AIRFLOW_CTX_DAG_RUN_ID=scheduled__2020-05-02T06:00:00+00:00
[2022-02-20 00:18:28,530] {python.py:175} INFO - Done. Returned value was: None
[2022-02-20 00:18:28,607] {taskinstance.py:1277} INFO - Marking task as SUCCESS. dag_id=HomeWorkWeek2, task_id=csv_to_parquet, execution_date=20200502T060000, start_date=20220220T001826, end_date=20220220T001828
[2022-02-20 00:18:28,713] {local_task_job.py:154} INFO - Task exited with return code 0
[2022-02-20 00:18:28,853] {local_task_job.py:264} INFO - 1 downstream tasks scheduled from follow-on schedule check
