[2022-01-30 12:55:57,616] {taskinstance.py:1032} INFO - Dependencies all met for <TaskInstance: HomeWorkWeek2.halo scheduled__2019-04-02T06:00:00+00:00 [queued]>
[2022-01-30 12:55:57,660] {taskinstance.py:1032} INFO - Dependencies all met for <TaskInstance: HomeWorkWeek2.halo scheduled__2019-04-02T06:00:00+00:00 [queued]>
[2022-01-30 12:55:57,661] {taskinstance.py:1238} INFO - 
--------------------------------------------------------------------------------
[2022-01-30 12:55:57,661] {taskinstance.py:1239} INFO - Starting attempt 1 of 2
[2022-01-30 12:55:57,661] {taskinstance.py:1240} INFO - 
--------------------------------------------------------------------------------
[2022-01-30 12:55:57,707] {taskinstance.py:1259} INFO - Executing <Task(PythonOperator): halo> on 2019-04-02 06:00:00+00:00
[2022-01-30 12:55:57,717] {standard_task_runner.py:52} INFO - Started process 2274 to run task
[2022-01-30 12:55:57,727] {standard_task_runner.py:76} INFO - Running: ['***', 'tasks', 'run', 'HomeWorkWeek2', 'halo', 'scheduled__2019-04-02T06:00:00+00:00', '--job-id', '112', '--raw', '--subdir', 'DAGS_FOLDER/dag_questions1.py', '--cfg-path', '/tmp/tmpdungapu7', '--error-file', '/tmp/tmp7n1we0f1']
[2022-01-30 12:55:57,730] {standard_task_runner.py:77} INFO - Job 112: Subtask halo
[2022-01-30 12:55:57,935] {logging_mixin.py:109} INFO - Running <TaskInstance: HomeWorkWeek2.halo scheduled__2019-04-02T06:00:00+00:00 [running]> on host 4b3b8c5e49b1
[2022-01-30 12:55:58,177] {taskinstance.py:1426} INFO - Exporting the following env vars:
AIRFLOW_CTX_DAG_OWNER=***
AIRFLOW_CTX_DAG_ID=HomeWorkWeek2
AIRFLOW_CTX_TASK_ID=halo
AIRFLOW_CTX_EXECUTION_DATE=2019-04-02T06:00:00+00:00
AIRFLOW_CTX_DAG_RUN_ID=scheduled__2019-04-02T06:00:00+00:00
[2022-01-30 12:55:58,181] {logging_mixin.py:109} INFO - helloworld
[2022-01-30 12:55:58,181] {python.py:175} INFO - Done. Returned value was: None
[2022-01-30 12:55:58,235] {taskinstance.py:1277} INFO - Marking task as SUCCESS. dag_id=HomeWorkWeek2, task_id=halo, execution_date=20190402T060000, start_date=20220130T125557, end_date=20220130T125558
[2022-01-30 12:55:58,319] {local_task_job.py:154} INFO - Task exited with return code 0
[2022-01-30 12:55:58,424] {local_task_job.py:264} INFO - 0 downstream tasks scheduled from follow-on schedule check
[2022-01-30 14:43:37,744] {taskinstance.py:1032} INFO - Dependencies all met for <TaskInstance: HomeWorkWeek2.halo scheduled__2019-04-02T06:00:00+00:00 [queued]>
[2022-01-30 14:43:37,865] {taskinstance.py:1032} INFO - Dependencies all met for <TaskInstance: HomeWorkWeek2.halo scheduled__2019-04-02T06:00:00+00:00 [queued]>
[2022-01-30 14:43:37,866] {taskinstance.py:1238} INFO - 
--------------------------------------------------------------------------------
[2022-01-30 14:43:37,866] {taskinstance.py:1239} INFO - Starting attempt 1 of 2
[2022-01-30 14:43:37,866] {taskinstance.py:1240} INFO - 
--------------------------------------------------------------------------------
[2022-01-30 14:43:37,934] {taskinstance.py:1259} INFO - Executing <Task(PythonOperator): halo> on 2019-04-02 06:00:00+00:00
[2022-01-30 14:43:37,959] {standard_task_runner.py:52} INFO - Started process 488 to run task
[2022-01-30 14:43:37,990] {standard_task_runner.py:76} INFO - Running: ['***', 'tasks', 'run', 'HomeWorkWeek2', 'halo', 'scheduled__2019-04-02T06:00:00+00:00', '--job-id', '193', '--raw', '--subdir', 'DAGS_FOLDER/dag_questions1.py', '--cfg-path', '/tmp/tmpqd42as84', '--error-file', '/tmp/tmpa53teyh8']
[2022-01-30 14:43:37,992] {standard_task_runner.py:77} INFO - Job 193: Subtask halo
[2022-01-30 14:43:38,446] {logging_mixin.py:109} INFO - Running <TaskInstance: HomeWorkWeek2.halo scheduled__2019-04-02T06:00:00+00:00 [running]> on host 785c0c715caa
[2022-01-30 14:43:38,744] {taskinstance.py:1426} INFO - Exporting the following env vars:
AIRFLOW_CTX_DAG_OWNER=***
AIRFLOW_CTX_DAG_ID=HomeWorkWeek2
AIRFLOW_CTX_TASK_ID=halo
AIRFLOW_CTX_EXECUTION_DATE=2019-04-02T06:00:00+00:00
AIRFLOW_CTX_DAG_RUN_ID=scheduled__2019-04-02T06:00:00+00:00
[2022-01-30 14:43:38,746] {logging_mixin.py:109} INFO - hello world!!
[2022-01-30 14:43:38,746] {python.py:175} INFO - Done. Returned value was: None
[2022-01-30 14:43:38,822] {taskinstance.py:1277} INFO - Marking task as SUCCESS. dag_id=HomeWorkWeek2, task_id=halo, execution_date=20190402T060000, start_date=20220130T144337, end_date=20220130T144338
[2022-01-30 14:43:38,923] {local_task_job.py:154} INFO - Task exited with return code 0
[2022-01-30 14:43:39,037] {local_task_job.py:264} INFO - 0 downstream tasks scheduled from follow-on schedule check
