[2022-02-02 21:11:42,319] {taskinstance.py:1032} INFO - Dependencies all met for <TaskInstance: Question3_FHV.dowdata scheduled__2019-03-02T06:00:00+00:00 [queued]>
[2022-02-02 21:11:42,366] {taskinstance.py:1032} INFO - Dependencies all met for <TaskInstance: Question3_FHV.dowdata scheduled__2019-03-02T06:00:00+00:00 [queued]>
[2022-02-02 21:11:42,366] {taskinstance.py:1238} INFO - 
--------------------------------------------------------------------------------
[2022-02-02 21:11:42,366] {taskinstance.py:1239} INFO - Starting attempt 1 of 2
[2022-02-02 21:11:42,367] {taskinstance.py:1240} INFO - 
--------------------------------------------------------------------------------
[2022-02-02 21:11:42,405] {taskinstance.py:1259} INFO - Executing <Task(BashOperator): dowdata> on 2019-03-02 06:00:00+00:00
[2022-02-02 21:11:42,412] {standard_task_runner.py:52} INFO - Started process 542 to run task
[2022-02-02 21:11:42,418] {standard_task_runner.py:76} INFO - Running: ['***', 'tasks', 'run', 'Question3_FHV', 'dowdata', 'scheduled__2019-03-02T06:00:00+00:00', '--job-id', '320', '--raw', '--subdir', 'DAGS_FOLDER/dag_questions3.py', '--cfg-path', '/tmp/tmpwp7dugs_', '--error-file', '/tmp/tmp8c2irsym']
[2022-02-02 21:11:42,420] {standard_task_runner.py:77} INFO - Job 320: Subtask dowdata
[2022-02-02 21:11:42,596] {logging_mixin.py:109} INFO - Running <TaskInstance: Question3_FHV.dowdata scheduled__2019-03-02T06:00:00+00:00 [running]> on host d574c7c5b085
[2022-02-02 21:11:42,731] {warnings.py:110} WARNING - /home/***/.local/lib/python3.7/site-packages/***/utils/context.py:152: AirflowContextDeprecationWarning: Accessing 'execution_date' from the template is deprecated and will be removed in a future version. Please use 'data_interval_start' or 'logical_date' instead.
  warnings.warn(_create_deprecation_warning(key, self._deprecation_replacements[key]))

[2022-02-02 21:11:42,783] {taskinstance.py:1426} INFO - Exporting the following env vars:
AIRFLOW_CTX_DAG_OWNER=***
AIRFLOW_CTX_DAG_ID=Question3_FHV
AIRFLOW_CTX_TASK_ID=dowdata
AIRFLOW_CTX_EXECUTION_DATE=2019-03-02T06:00:00+00:00
AIRFLOW_CTX_DAG_RUN_ID=scheduled__2019-03-02T06:00:00+00:00
[2022-02-02 21:11:42,785] {subprocess.py:62} INFO - Tmp dir root location: 
 /tmp
[2022-02-02 21:11:42,786] {subprocess.py:74} INFO - Running command: ['bash', '-c', 'curl -sSLf https://nyc-tlc.s3.amazonaws.com/trip+data/fhv_tripdata_2019-03.csv > /opt/***output_fhv_2019-03.csv']
[2022-02-02 21:11:42,803] {subprocess.py:85} INFO - Output:
[2022-02-02 21:11:53,705] {subprocess.py:93} INFO - Command exited with return code 0
[2022-02-02 21:11:53,783] {taskinstance.py:1277} INFO - Marking task as SUCCESS. dag_id=Question3_FHV, task_id=dowdata, execution_date=20190302T060000, start_date=20220202T211142, end_date=20220202T211153
[2022-02-02 21:11:53,930] {local_task_job.py:154} INFO - Task exited with return code 0
[2022-02-02 21:11:54,043] {local_task_job.py:264} INFO - 1 downstream tasks scheduled from follow-on schedule check
[2022-02-09 11:28:23,712] {taskinstance.py:1032} INFO - Dependencies all met for <TaskInstance: Question3_FHV.dowdata scheduled__2019-03-02T06:00:00+00:00 [queued]>
[2022-02-09 11:28:23,804] {taskinstance.py:1032} INFO - Dependencies all met for <TaskInstance: Question3_FHV.dowdata scheduled__2019-03-02T06:00:00+00:00 [queued]>
[2022-02-09 11:28:23,805] {taskinstance.py:1238} INFO - 
--------------------------------------------------------------------------------
[2022-02-09 11:28:23,805] {taskinstance.py:1239} INFO - Starting attempt 1 of 2
[2022-02-09 11:28:23,805] {taskinstance.py:1240} INFO - 
--------------------------------------------------------------------------------
[2022-02-09 11:28:23,862] {taskinstance.py:1259} INFO - Executing <Task(BashOperator): dowdata> on 2019-03-02 06:00:00+00:00
[2022-02-09 11:28:23,869] {standard_task_runner.py:52} INFO - Started process 293 to run task
[2022-02-09 11:28:23,875] {standard_task_runner.py:76} INFO - Running: ['***', 'tasks', 'run', 'Question3_FHV', 'dowdata', 'scheduled__2019-03-02T06:00:00+00:00', '--job-id', '389', '--raw', '--subdir', 'DAGS_FOLDER/dag_questions3.py', '--cfg-path', '/tmp/tmpqifeaob3', '--error-file', '/tmp/tmppciomp9e']
[2022-02-09 11:28:23,877] {standard_task_runner.py:77} INFO - Job 389: Subtask dowdata
[2022-02-09 11:28:24,098] {logging_mixin.py:109} INFO - Running <TaskInstance: Question3_FHV.dowdata scheduled__2019-03-02T06:00:00+00:00 [running]> on host c5795c3f6004
[2022-02-09 11:28:24,229] {warnings.py:110} WARNING - /home/***/.local/lib/python3.7/site-packages/***/utils/context.py:152: AirflowContextDeprecationWarning: Accessing 'execution_date' from the template is deprecated and will be removed in a future version. Please use 'data_interval_start' or 'logical_date' instead.
  warnings.warn(_create_deprecation_warning(key, self._deprecation_replacements[key]))

[2022-02-09 11:28:24,281] {taskinstance.py:1426} INFO - Exporting the following env vars:
AIRFLOW_CTX_DAG_OWNER=***
AIRFLOW_CTX_DAG_ID=Question3_FHV
AIRFLOW_CTX_TASK_ID=dowdata
AIRFLOW_CTX_EXECUTION_DATE=2019-03-02T06:00:00+00:00
AIRFLOW_CTX_DAG_RUN_ID=scheduled__2019-03-02T06:00:00+00:00
[2022-02-09 11:28:24,283] {subprocess.py:62} INFO - Tmp dir root location: 
 /tmp
[2022-02-09 11:28:24,285] {subprocess.py:74} INFO - Running command: ['bash', '-c', 'curl -sSLf https://nyc-tlc.s3.amazonaws.com/trip+data/fhv_tripdata_2019-03.csv > /opt/***output_fhv_2019-03.csv']
[2022-02-09 11:28:24,311] {subprocess.py:85} INFO - Output:
[2022-02-09 11:29:11,455] {subprocess.py:93} INFO - Command exited with return code 0
[2022-02-09 11:29:11,715] {taskinstance.py:1277} INFO - Marking task as SUCCESS. dag_id=Question3_FHV, task_id=dowdata, execution_date=20190302T060000, start_date=20220209T112823, end_date=20220209T112911
[2022-02-09 11:29:11,797] {local_task_job.py:154} INFO - Task exited with return code 0
[2022-02-09 11:29:11,940] {local_task_job.py:264} INFO - 1 downstream tasks scheduled from follow-on schedule check
[2022-02-10 01:09:08,536] {taskinstance.py:1032} INFO - Dependencies all met for <TaskInstance: Question3_FHV.dowdata scheduled__2019-03-02T06:00:00+00:00 [queued]>
[2022-02-10 01:09:08,587] {taskinstance.py:1032} INFO - Dependencies all met for <TaskInstance: Question3_FHV.dowdata scheduled__2019-03-02T06:00:00+00:00 [queued]>
[2022-02-10 01:09:08,588] {taskinstance.py:1238} INFO - 
--------------------------------------------------------------------------------
[2022-02-10 01:09:08,588] {taskinstance.py:1239} INFO - Starting attempt 1 of 2
[2022-02-10 01:09:08,588] {taskinstance.py:1240} INFO - 
--------------------------------------------------------------------------------
[2022-02-10 01:09:08,631] {taskinstance.py:1259} INFO - Executing <Task(BashOperator): dowdata> on 2019-03-02 06:00:00+00:00
[2022-02-10 01:09:08,640] {standard_task_runner.py:52} INFO - Started process 7102 to run task
[2022-02-10 01:09:08,653] {standard_task_runner.py:76} INFO - Running: ['***', 'tasks', 'run', 'Question3_FHV', 'dowdata', 'scheduled__2019-03-02T06:00:00+00:00', '--job-id', '458', '--raw', '--subdir', 'DAGS_FOLDER/dag_questions3.py', '--cfg-path', '/tmp/tmp699vmn6h', '--error-file', '/tmp/tmpu0j7ywsd']
[2022-02-10 01:09:08,655] {standard_task_runner.py:77} INFO - Job 458: Subtask dowdata
[2022-02-10 01:09:08,814] {logging_mixin.py:109} INFO - Running <TaskInstance: Question3_FHV.dowdata scheduled__2019-03-02T06:00:00+00:00 [running]> on host 0fd4ea805f5e
[2022-02-10 01:09:08,929] {warnings.py:110} WARNING - /home/***/.local/lib/python3.7/site-packages/***/utils/context.py:152: AirflowContextDeprecationWarning: Accessing 'execution_date' from the template is deprecated and will be removed in a future version. Please use 'data_interval_start' or 'logical_date' instead.
  warnings.warn(_create_deprecation_warning(key, self._deprecation_replacements[key]))

[2022-02-10 01:09:08,978] {taskinstance.py:1426} INFO - Exporting the following env vars:
AIRFLOW_CTX_DAG_OWNER=***
AIRFLOW_CTX_DAG_ID=Question3_FHV
AIRFLOW_CTX_TASK_ID=dowdata
AIRFLOW_CTX_EXECUTION_DATE=2019-03-02T06:00:00+00:00
AIRFLOW_CTX_DAG_RUN_ID=scheduled__2019-03-02T06:00:00+00:00
[2022-02-10 01:09:08,981] {subprocess.py:62} INFO - Tmp dir root location: 
 /tmp
[2022-02-10 01:09:08,982] {subprocess.py:74} INFO - Running command: ['bash', '-c', 'curl -sSLf https://nyc-tlc.s3.amazonaws.com/trip+data/fhv_tripdata_2019-03.csv > /opt/***fhv_2019-03.csv']
[2022-02-10 01:09:09,000] {subprocess.py:85} INFO - Output:
[2022-02-10 01:09:28,206] {subprocess.py:93} INFO - Command exited with return code 0
[2022-02-10 01:09:28,272] {taskinstance.py:1277} INFO - Marking task as SUCCESS. dag_id=Question3_FHV, task_id=dowdata, execution_date=20190302T060000, start_date=20220210T010908, end_date=20220210T010928
[2022-02-10 01:09:28,334] {local_task_job.py:154} INFO - Task exited with return code 0
[2022-02-10 01:09:28,452] {local_task_job.py:264} INFO - 1 downstream tasks scheduled from follow-on schedule check
[2022-02-19 01:45:13,823] {taskinstance.py:1032} INFO - Dependencies all met for <TaskInstance: Question3_FHV.dowdata scheduled__2019-03-02T06:00:00+00:00 [queued]>
[2022-02-19 01:45:13,872] {taskinstance.py:1032} INFO - Dependencies all met for <TaskInstance: Question3_FHV.dowdata scheduled__2019-03-02T06:00:00+00:00 [queued]>
[2022-02-19 01:45:13,872] {taskinstance.py:1238} INFO - 
--------------------------------------------------------------------------------
[2022-02-19 01:45:13,873] {taskinstance.py:1239} INFO - Starting attempt 1 of 2
[2022-02-19 01:45:13,873] {taskinstance.py:1240} INFO - 
--------------------------------------------------------------------------------
[2022-02-19 01:45:13,912] {taskinstance.py:1259} INFO - Executing <Task(BashOperator): dowdata> on 2019-03-02 06:00:00+00:00
[2022-02-19 01:45:13,919] {standard_task_runner.py:52} INFO - Started process 3746 to run task
[2022-02-19 01:45:13,925] {standard_task_runner.py:76} INFO - Running: ['***', 'tasks', 'run', 'Question3_FHV', 'dowdata', 'scheduled__2019-03-02T06:00:00+00:00', '--job-id', '620', '--raw', '--subdir', 'DAGS_FOLDER/dag_questions3.py', '--cfg-path', '/tmp/tmpywr2331v', '--error-file', '/tmp/tmpx_v9me82']
[2022-02-19 01:45:13,927] {standard_task_runner.py:77} INFO - Job 620: Subtask dowdata
[2022-02-19 01:45:14,109] {logging_mixin.py:109} INFO - Running <TaskInstance: Question3_FHV.dowdata scheduled__2019-03-02T06:00:00+00:00 [running]> on host 312f1fe573aa
[2022-02-19 01:45:14,263] {warnings.py:110} WARNING - /home/***/.local/lib/python3.7/site-packages/***/utils/context.py:152: AirflowContextDeprecationWarning: Accessing 'execution_date' from the template is deprecated and will be removed in a future version. Please use 'data_interval_start' or 'logical_date' instead.
  warnings.warn(_create_deprecation_warning(key, self._deprecation_replacements[key]))

[2022-02-19 01:45:14,314] {taskinstance.py:1426} INFO - Exporting the following env vars:
AIRFLOW_CTX_DAG_OWNER=***
AIRFLOW_CTX_DAG_ID=Question3_FHV
AIRFLOW_CTX_TASK_ID=dowdata
AIRFLOW_CTX_EXECUTION_DATE=2019-03-02T06:00:00+00:00
AIRFLOW_CTX_DAG_RUN_ID=scheduled__2019-03-02T06:00:00+00:00
[2022-02-19 01:45:14,316] {subprocess.py:62} INFO - Tmp dir root location: 
 /tmp
[2022-02-19 01:45:14,318] {subprocess.py:74} INFO - Running command: ['bash', '-c', 'curl -sSLf https://nyc-tlc.s3.amazonaws.com/trip+data/fhv_tripdata_2019-03.csv > /opt/***fhv_2019-03.csv']
[2022-02-19 01:45:14,349] {subprocess.py:85} INFO - Output:
[2022-02-19 01:45:25,489] {subprocess.py:93} INFO - Command exited with return code 0
[2022-02-19 01:45:25,564] {taskinstance.py:1277} INFO - Marking task as SUCCESS. dag_id=Question3_FHV, task_id=dowdata, execution_date=20190302T060000, start_date=20220219T014513, end_date=20220219T014525
[2022-02-19 01:45:25,634] {local_task_job.py:154} INFO - Task exited with return code 0
[2022-02-19 01:45:25,751] {local_task_job.py:264} INFO - 1 downstream tasks scheduled from follow-on schedule check
[2022-02-19 11:44:47,075] {taskinstance.py:1032} INFO - Dependencies all met for <TaskInstance: Question3_FHV.dowdata scheduled__2019-03-02T06:00:00+00:00 [queued]>
[2022-02-19 11:44:47,120] {taskinstance.py:1032} INFO - Dependencies all met for <TaskInstance: Question3_FHV.dowdata scheduled__2019-03-02T06:00:00+00:00 [queued]>
[2022-02-19 11:44:47,121] {taskinstance.py:1238} INFO - 
--------------------------------------------------------------------------------
[2022-02-19 11:44:47,121] {taskinstance.py:1239} INFO - Starting attempt 1 of 2
[2022-02-19 11:44:47,121] {taskinstance.py:1240} INFO - 
--------------------------------------------------------------------------------
[2022-02-19 11:44:47,160] {taskinstance.py:1259} INFO - Executing <Task(BashOperator): dowdata> on 2019-03-02 06:00:00+00:00
[2022-02-19 11:44:47,168] {standard_task_runner.py:52} INFO - Started process 4593 to run task
[2022-02-19 11:44:47,175] {standard_task_runner.py:76} INFO - Running: ['***', 'tasks', 'run', 'Question3_FHV', 'dowdata', 'scheduled__2019-03-02T06:00:00+00:00', '--job-id', '990', '--raw', '--subdir', 'DAGS_FOLDER/dag_questions3.py', '--cfg-path', '/tmp/tmpfov8qr5b', '--error-file', '/tmp/tmpg2gy5fe4']
[2022-02-19 11:44:47,177] {standard_task_runner.py:77} INFO - Job 990: Subtask dowdata
[2022-02-19 11:44:47,372] {logging_mixin.py:109} INFO - Running <TaskInstance: Question3_FHV.dowdata scheduled__2019-03-02T06:00:00+00:00 [running]> on host f81f14254480
[2022-02-19 11:44:47,507] {warnings.py:110} WARNING - /home/***/.local/lib/python3.7/site-packages/***/utils/context.py:152: AirflowContextDeprecationWarning: Accessing 'execution_date' from the template is deprecated and will be removed in a future version. Please use 'data_interval_start' or 'logical_date' instead.
  warnings.warn(_create_deprecation_warning(key, self._deprecation_replacements[key]))

[2022-02-19 11:44:47,562] {taskinstance.py:1426} INFO - Exporting the following env vars:
AIRFLOW_CTX_DAG_OWNER=***
AIRFLOW_CTX_DAG_ID=Question3_FHV
AIRFLOW_CTX_TASK_ID=dowdata
AIRFLOW_CTX_EXECUTION_DATE=2019-03-02T06:00:00+00:00
AIRFLOW_CTX_DAG_RUN_ID=scheduled__2019-03-02T06:00:00+00:00
[2022-02-19 11:44:47,566] {subprocess.py:62} INFO - Tmp dir root location: 
 /tmp
[2022-02-19 11:44:47,567] {subprocess.py:74} INFO - Running command: ['bash', '-c', 'curl -sSLf https://nyc-tlc.s3.amazonaws.com/trip+data/fhv_tripdata_2019-03.csv > /opt/***fhv_2019-03.csv']
[2022-02-19 11:44:47,586] {subprocess.py:85} INFO - Output:
[2022-02-19 11:44:57,024] {subprocess.py:93} INFO - Command exited with return code 0
[2022-02-19 11:44:57,090] {taskinstance.py:1277} INFO - Marking task as SUCCESS. dag_id=Question3_FHV, task_id=dowdata, execution_date=20190302T060000, start_date=20220219T114447, end_date=20220219T114457
[2022-02-19 11:44:57,197] {local_task_job.py:154} INFO - Task exited with return code 0
[2022-02-19 11:44:57,324] {local_task_job.py:264} INFO - 1 downstream tasks scheduled from follow-on schedule check
