[2022-01-30 14:55:00,930] {taskinstance.py:1032} INFO - Dependencies all met for <TaskInstance: HomeWorkWeek2.csv_to_parquet scheduled__2020-08-02T06:00:00+00:00 [queued]>
[2022-01-30 14:55:00,978] {taskinstance.py:1032} INFO - Dependencies all met for <TaskInstance: HomeWorkWeek2.csv_to_parquet scheduled__2020-08-02T06:00:00+00:00 [queued]>
[2022-01-30 14:55:00,979] {taskinstance.py:1238} INFO - 
--------------------------------------------------------------------------------
[2022-01-30 14:55:00,980] {taskinstance.py:1239} INFO - Starting attempt 1 of 2
[2022-01-30 14:55:00,980] {taskinstance.py:1240} INFO - 
--------------------------------------------------------------------------------
[2022-01-30 14:55:01,040] {taskinstance.py:1259} INFO - Executing <Task(PythonOperator): csv_to_parquet> on 2020-08-02 06:00:00+00:00
[2022-01-30 14:55:01,053] {standard_task_runner.py:52} INFO - Started process 1238 to run task
[2022-01-30 14:55:01,074] {standard_task_runner.py:76} INFO - Running: ['***', 'tasks', 'run', 'HomeWorkWeek2', 'csv_to_parquet', 'scheduled__2020-08-02T06:00:00+00:00', '--job-id', '237', '--raw', '--subdir', 'DAGS_FOLDER/dag_questions1.py', '--cfg-path', '/tmp/tmp2qozns9c', '--error-file', '/tmp/tmp3fw3tc9s']
[2022-01-30 14:55:01,077] {standard_task_runner.py:77} INFO - Job 237: Subtask csv_to_parquet
[2022-01-30 14:55:01,385] {logging_mixin.py:109} INFO - Running <TaskInstance: HomeWorkWeek2.csv_to_parquet scheduled__2020-08-02T06:00:00+00:00 [running]> on host 785c0c715caa
[2022-01-30 14:55:01,615] {warnings.py:110} WARNING - /home/***/.local/lib/python3.7/site-packages/***/utils/context.py:152: AirflowContextDeprecationWarning: Accessing 'execution_date' from the template is deprecated and will be removed in a future version. Please use 'data_interval_start' or 'logical_date' instead.
  warnings.warn(_create_deprecation_warning(key, self._deprecation_replacements[key]))

[2022-01-30 14:55:01,718] {taskinstance.py:1426} INFO - Exporting the following env vars:
AIRFLOW_CTX_DAG_OWNER=***
AIRFLOW_CTX_DAG_ID=HomeWorkWeek2
AIRFLOW_CTX_TASK_ID=csv_to_parquet
AIRFLOW_CTX_EXECUTION_DATE=2020-08-02T06:00:00+00:00
AIRFLOW_CTX_DAG_RUN_ID=scheduled__2020-08-02T06:00:00+00:00
[2022-01-30 14:55:04,785] {python.py:175} INFO - Done. Returned value was: None
[2022-01-30 14:55:04,820] {taskinstance.py:1277} INFO - Marking task as SUCCESS. dag_id=HomeWorkWeek2, task_id=csv_to_parquet, execution_date=20200802T060000, start_date=20220130T145500, end_date=20220130T145504
[2022-01-30 14:55:04,923] {local_task_job.py:154} INFO - Task exited with return code 0
[2022-01-30 14:55:05,110] {local_task_job.py:264} INFO - 0 downstream tasks scheduled from follow-on schedule check
[2022-02-19 01:33:38,812] {taskinstance.py:1032} INFO - Dependencies all met for <TaskInstance: HomeWorkWeek2.csv_to_parquet scheduled__2020-08-02T06:00:00+00:00 [queued]>
[2022-02-19 01:33:38,858] {taskinstance.py:1032} INFO - Dependencies all met for <TaskInstance: HomeWorkWeek2.csv_to_parquet scheduled__2020-08-02T06:00:00+00:00 [queued]>
[2022-02-19 01:33:38,858] {taskinstance.py:1238} INFO - 
--------------------------------------------------------------------------------
[2022-02-19 01:33:38,859] {taskinstance.py:1239} INFO - Starting attempt 1 of 2
[2022-02-19 01:33:38,859] {taskinstance.py:1240} INFO - 
--------------------------------------------------------------------------------
[2022-02-19 01:33:38,897] {taskinstance.py:1259} INFO - Executing <Task(PythonOperator): csv_to_parquet> on 2020-08-02 06:00:00+00:00
[2022-02-19 01:33:38,904] {standard_task_runner.py:52} INFO - Started process 3125 to run task
[2022-02-19 01:33:38,911] {standard_task_runner.py:76} INFO - Running: ['***', 'tasks', 'run', 'HomeWorkWeek2', 'csv_to_parquet', 'scheduled__2020-08-02T06:00:00+00:00', '--job-id', '592', '--raw', '--subdir', 'DAGS_FOLDER/dag_questions1.py', '--cfg-path', '/tmp/tmpp5hlfmnj', '--error-file', '/tmp/tmpiwswky_a']
[2022-02-19 01:33:38,913] {standard_task_runner.py:77} INFO - Job 592: Subtask csv_to_parquet
[2022-02-19 01:33:39,108] {logging_mixin.py:109} INFO - Running <TaskInstance: HomeWorkWeek2.csv_to_parquet scheduled__2020-08-02T06:00:00+00:00 [running]> on host 312f1fe573aa
[2022-02-19 01:33:39,261] {warnings.py:110} WARNING - /home/***/.local/lib/python3.7/site-packages/***/utils/context.py:152: AirflowContextDeprecationWarning: Accessing 'execution_date' from the template is deprecated and will be removed in a future version. Please use 'data_interval_start' or 'logical_date' instead.
  warnings.warn(_create_deprecation_warning(key, self._deprecation_replacements[key]))

[2022-02-19 01:33:39,320] {taskinstance.py:1426} INFO - Exporting the following env vars:
AIRFLOW_CTX_DAG_OWNER=***
AIRFLOW_CTX_DAG_ID=HomeWorkWeek2
AIRFLOW_CTX_TASK_ID=csv_to_parquet
AIRFLOW_CTX_EXECUTION_DATE=2020-08-02T06:00:00+00:00
AIRFLOW_CTX_DAG_RUN_ID=scheduled__2020-08-02T06:00:00+00:00
[2022-02-19 01:33:41,924] {python.py:175} INFO - Done. Returned value was: None
[2022-02-19 01:33:42,031] {taskinstance.py:1277} INFO - Marking task as SUCCESS. dag_id=HomeWorkWeek2, task_id=csv_to_parquet, execution_date=20200802T060000, start_date=20220219T013338, end_date=20220219T013342
[2022-02-19 01:33:42,148] {local_task_job.py:154} INFO - Task exited with return code 0
[2022-02-19 01:33:42,321] {local_task_job.py:264} INFO - 1 downstream tasks scheduled from follow-on schedule check
[2022-02-19 11:35:50,323] {taskinstance.py:1032} INFO - Dependencies all met for <TaskInstance: HomeWorkWeek2.csv_to_parquet scheduled__2020-08-02T06:00:00+00:00 [queued]>
[2022-02-19 11:35:50,401] {taskinstance.py:1032} INFO - Dependencies all met for <TaskInstance: HomeWorkWeek2.csv_to_parquet scheduled__2020-08-02T06:00:00+00:00 [queued]>
[2022-02-19 11:35:50,402] {taskinstance.py:1238} INFO - 
--------------------------------------------------------------------------------
[2022-02-19 11:35:50,402] {taskinstance.py:1239} INFO - Starting attempt 1 of 2
[2022-02-19 11:35:50,402] {taskinstance.py:1240} INFO - 
--------------------------------------------------------------------------------
[2022-02-19 11:35:50,456] {taskinstance.py:1259} INFO - Executing <Task(PythonOperator): csv_to_parquet> on 2020-08-02 06:00:00+00:00
[2022-02-19 11:35:50,471] {standard_task_runner.py:52} INFO - Started process 4081 to run task
[2022-02-19 11:35:50,483] {standard_task_runner.py:76} INFO - Running: ['***', 'tasks', 'run', 'HomeWorkWeek2', 'csv_to_parquet', 'scheduled__2020-08-02T06:00:00+00:00', '--job-id', '961', '--raw', '--subdir', 'DAGS_FOLDER/dag_questions1.py', '--cfg-path', '/tmp/tmpd1jq158a', '--error-file', '/tmp/tmplu_9xdbe']
[2022-02-19 11:35:50,495] {standard_task_runner.py:77} INFO - Job 961: Subtask csv_to_parquet
[2022-02-19 11:35:50,747] {logging_mixin.py:109} INFO - Running <TaskInstance: HomeWorkWeek2.csv_to_parquet scheduled__2020-08-02T06:00:00+00:00 [running]> on host f81f14254480
[2022-02-19 11:35:50,923] {warnings.py:110} WARNING - /home/***/.local/lib/python3.7/site-packages/***/utils/context.py:152: AirflowContextDeprecationWarning: Accessing 'execution_date' from the template is deprecated and will be removed in a future version. Please use 'data_interval_start' or 'logical_date' instead.
  warnings.warn(_create_deprecation_warning(key, self._deprecation_replacements[key]))

[2022-02-19 11:35:50,977] {taskinstance.py:1426} INFO - Exporting the following env vars:
AIRFLOW_CTX_DAG_OWNER=***
AIRFLOW_CTX_DAG_ID=HomeWorkWeek2
AIRFLOW_CTX_TASK_ID=csv_to_parquet
AIRFLOW_CTX_EXECUTION_DATE=2020-08-02T06:00:00+00:00
AIRFLOW_CTX_DAG_RUN_ID=scheduled__2020-08-02T06:00:00+00:00
[2022-02-19 11:35:54,304] {python.py:175} INFO - Done. Returned value was: None
[2022-02-19 11:35:54,510] {taskinstance.py:1277} INFO - Marking task as SUCCESS. dag_id=HomeWorkWeek2, task_id=csv_to_parquet, execution_date=20200802T060000, start_date=20220219T113550, end_date=20220219T113554
[2022-02-19 11:35:54,617] {local_task_job.py:154} INFO - Task exited with return code 0
[2022-02-19 11:35:54,730] {local_task_job.py:264} INFO - 1 downstream tasks scheduled from follow-on schedule check
[2022-02-20 00:19:42,888] {taskinstance.py:1032} INFO - Dependencies all met for <TaskInstance: HomeWorkWeek2.csv_to_parquet scheduled__2020-08-02T06:00:00+00:00 [queued]>
[2022-02-20 00:19:42,913] {taskinstance.py:1032} INFO - Dependencies all met for <TaskInstance: HomeWorkWeek2.csv_to_parquet scheduled__2020-08-02T06:00:00+00:00 [queued]>
[2022-02-20 00:19:42,914] {taskinstance.py:1238} INFO - 
--------------------------------------------------------------------------------
[2022-02-20 00:19:42,914] {taskinstance.py:1239} INFO - Starting attempt 1 of 2
[2022-02-20 00:19:42,914] {taskinstance.py:1240} INFO - 
--------------------------------------------------------------------------------
[2022-02-20 00:19:42,936] {taskinstance.py:1259} INFO - Executing <Task(PythonOperator): csv_to_parquet> on 2020-08-02 06:00:00+00:00
[2022-02-20 00:19:42,944] {standard_task_runner.py:52} INFO - Started process 24074 to run task
[2022-02-20 00:19:42,946] {standard_task_runner.py:76} INFO - Running: ['***', 'tasks', 'run', 'HomeWorkWeek2', 'csv_to_parquet', 'scheduled__2020-08-02T06:00:00+00:00', '--job-id', '1126', '--raw', '--subdir', 'DAGS_FOLDER/dag_questions1.py', '--cfg-path', '/tmp/tmpw1ci185q', '--error-file', '/tmp/tmpuagzp4kl']
[2022-02-20 00:19:42,947] {standard_task_runner.py:77} INFO - Job 1126: Subtask csv_to_parquet
[2022-02-20 00:19:43,100] {logging_mixin.py:109} INFO - Running <TaskInstance: HomeWorkWeek2.csv_to_parquet scheduled__2020-08-02T06:00:00+00:00 [running]> on host d9977d7db207
[2022-02-20 00:19:43,193] {warnings.py:110} WARNING - /home/***/.local/lib/python3.7/site-packages/***/utils/context.py:152: AirflowContextDeprecationWarning: Accessing 'execution_date' from the template is deprecated and will be removed in a future version. Please use 'data_interval_start' or 'logical_date' instead.
  warnings.warn(_create_deprecation_warning(key, self._deprecation_replacements[key]))

[2022-02-20 00:19:43,229] {taskinstance.py:1426} INFO - Exporting the following env vars:
AIRFLOW_CTX_DAG_OWNER=***
AIRFLOW_CTX_DAG_ID=HomeWorkWeek2
AIRFLOW_CTX_TASK_ID=csv_to_parquet
AIRFLOW_CTX_EXECUTION_DATE=2020-08-02T06:00:00+00:00
AIRFLOW_CTX_DAG_RUN_ID=scheduled__2020-08-02T06:00:00+00:00
[2022-02-20 00:19:44,979] {python.py:175} INFO - Done. Returned value was: None
[2022-02-20 00:19:45,005] {taskinstance.py:1277} INFO - Marking task as SUCCESS. dag_id=HomeWorkWeek2, task_id=csv_to_parquet, execution_date=20200802T060000, start_date=20220220T001942, end_date=20220220T001945
[2022-02-20 00:19:45,039] {local_task_job.py:154} INFO - Task exited with return code 0
[2022-02-20 00:19:45,136] {local_task_job.py:264} INFO - 1 downstream tasks scheduled from follow-on schedule check
