[2022-01-30 13:05:32,516] {taskinstance.py:1032} INFO - Dependencies all met for <TaskInstance: HomeWorkWeek2.dowdata scheduled__2020-05-02T06:00:00+00:00 [queued]>
[2022-01-30 13:05:32,560] {taskinstance.py:1032} INFO - Dependencies all met for <TaskInstance: HomeWorkWeek2.dowdata scheduled__2020-05-02T06:00:00+00:00 [queued]>
[2022-01-30 13:05:32,560] {taskinstance.py:1238} INFO - 
--------------------------------------------------------------------------------
[2022-01-30 13:05:32,561] {taskinstance.py:1239} INFO - Starting attempt 1 of 2
[2022-01-30 13:05:32,561] {taskinstance.py:1240} INFO - 
--------------------------------------------------------------------------------
[2022-01-30 13:05:32,616] {taskinstance.py:1259} INFO - Executing <Task(BashOperator): dowdata> on 2020-05-02 06:00:00+00:00
[2022-01-30 13:05:32,625] {standard_task_runner.py:52} INFO - Started process 2790 to run task
[2022-01-30 13:05:32,634] {standard_task_runner.py:76} INFO - Running: ['***', 'tasks', 'run', 'HomeWorkWeek2', 'dowdata', 'scheduled__2020-05-02T06:00:00+00:00', '--job-id', '135', '--raw', '--subdir', 'DAGS_FOLDER/dag_questions1.py', '--cfg-path', '/tmp/tmpc2kb42m_', '--error-file', '/tmp/tmpwjyg__78']
[2022-01-30 13:05:32,636] {standard_task_runner.py:77} INFO - Job 135: Subtask dowdata
[2022-01-30 13:05:32,819] {logging_mixin.py:109} INFO - Running <TaskInstance: HomeWorkWeek2.dowdata scheduled__2020-05-02T06:00:00+00:00 [running]> on host 4b3b8c5e49b1
[2022-01-30 13:05:32,968] {warnings.py:110} WARNING - /home/***/.local/lib/python3.7/site-packages/***/utils/context.py:152: AirflowContextDeprecationWarning: Accessing 'execution_date' from the template is deprecated and will be removed in a future version. Please use 'data_interval_start' or 'logical_date' instead.
  warnings.warn(_create_deprecation_warning(key, self._deprecation_replacements[key]))

[2022-01-30 13:05:33,029] {taskinstance.py:1426} INFO - Exporting the following env vars:
AIRFLOW_CTX_DAG_OWNER=***
AIRFLOW_CTX_DAG_ID=HomeWorkWeek2
AIRFLOW_CTX_TASK_ID=dowdata
AIRFLOW_CTX_EXECUTION_DATE=2020-05-02T06:00:00+00:00
AIRFLOW_CTX_DAG_RUN_ID=scheduled__2020-05-02T06:00:00+00:00
[2022-01-30 13:05:33,032] {subprocess.py:62} INFO - Tmp dir root location: 
 /tmp
[2022-01-30 13:05:33,033] {subprocess.py:74} INFO - Running command: ['bash', '-c', 'curl -sSLf https://s3.amazonaws.com/nyc-tlc/trip+data/yellow_tripdata_2020-05.csv > /opt/***output_2020-05.csv']
[2022-01-30 13:05:33,055] {subprocess.py:85} INFO - Output:
[2022-01-30 13:05:49,411] {subprocess.py:93} INFO - Command exited with return code 0
[2022-01-30 13:05:49,534] {taskinstance.py:1277} INFO - Marking task as SUCCESS. dag_id=HomeWorkWeek2, task_id=dowdata, execution_date=20200502T060000, start_date=20220130T130532, end_date=20220130T130549
[2022-01-30 13:05:49,651] {local_task_job.py:154} INFO - Task exited with return code 0
[2022-01-30 13:05:49,790] {local_task_job.py:264} INFO - 1 downstream tasks scheduled from follow-on schedule check
[2022-01-30 14:53:38,481] {taskinstance.py:1032} INFO - Dependencies all met for <TaskInstance: HomeWorkWeek2.dowdata scheduled__2020-05-02T06:00:00+00:00 [queued]>
[2022-01-30 14:53:38,542] {taskinstance.py:1032} INFO - Dependencies all met for <TaskInstance: HomeWorkWeek2.dowdata scheduled__2020-05-02T06:00:00+00:00 [queued]>
[2022-01-30 14:53:38,543] {taskinstance.py:1238} INFO - 
--------------------------------------------------------------------------------
[2022-01-30 14:53:38,543] {taskinstance.py:1239} INFO - Starting attempt 1 of 2
[2022-01-30 14:53:38,544] {taskinstance.py:1240} INFO - 
--------------------------------------------------------------------------------
[2022-01-30 14:53:38,621] {taskinstance.py:1259} INFO - Executing <Task(BashOperator): dowdata> on 2020-05-02 06:00:00+00:00
[2022-01-30 14:53:38,630] {standard_task_runner.py:52} INFO - Started process 1121 to run task
[2022-01-30 14:53:38,638] {standard_task_runner.py:76} INFO - Running: ['***', 'tasks', 'run', 'HomeWorkWeek2', 'dowdata', 'scheduled__2020-05-02T06:00:00+00:00', '--job-id', '225', '--raw', '--subdir', 'DAGS_FOLDER/dag_questions1.py', '--cfg-path', '/tmp/tmpghxagfpe', '--error-file', '/tmp/tmp3p38alo5']
[2022-01-30 14:53:38,641] {standard_task_runner.py:77} INFO - Job 225: Subtask dowdata
[2022-01-30 14:53:38,835] {logging_mixin.py:109} INFO - Running <TaskInstance: HomeWorkWeek2.dowdata scheduled__2020-05-02T06:00:00+00:00 [running]> on host 785c0c715caa
[2022-01-30 14:53:38,984] {warnings.py:110} WARNING - /home/***/.local/lib/python3.7/site-packages/***/utils/context.py:152: AirflowContextDeprecationWarning: Accessing 'execution_date' from the template is deprecated and will be removed in a future version. Please use 'data_interval_start' or 'logical_date' instead.
  warnings.warn(_create_deprecation_warning(key, self._deprecation_replacements[key]))

[2022-01-30 14:53:39,044] {taskinstance.py:1426} INFO - Exporting the following env vars:
AIRFLOW_CTX_DAG_OWNER=***
AIRFLOW_CTX_DAG_ID=HomeWorkWeek2
AIRFLOW_CTX_TASK_ID=dowdata
AIRFLOW_CTX_EXECUTION_DATE=2020-05-02T06:00:00+00:00
AIRFLOW_CTX_DAG_RUN_ID=scheduled__2020-05-02T06:00:00+00:00
[2022-01-30 14:53:39,046] {subprocess.py:62} INFO - Tmp dir root location: 
 /tmp
[2022-01-30 14:53:39,048] {subprocess.py:74} INFO - Running command: ['bash', '-c', 'curl -sSLf https://s3.amazonaws.com/nyc-tlc/trip+data/yellow_tripdata_2020-05.csv > /opt/***output_2020-05.csv']
[2022-01-30 14:53:39,080] {subprocess.py:85} INFO - Output:
[2022-01-30 14:53:45,594] {subprocess.py:93} INFO - Command exited with return code 0
[2022-01-30 14:53:45,695] {taskinstance.py:1277} INFO - Marking task as SUCCESS. dag_id=HomeWorkWeek2, task_id=dowdata, execution_date=20200502T060000, start_date=20220130T145338, end_date=20220130T145345
[2022-01-30 14:53:45,790] {local_task_job.py:154} INFO - Task exited with return code 0
[2022-01-30 14:53:46,076] {local_task_job.py:264} INFO - 0 downstream tasks scheduled from follow-on schedule check
[2022-02-19 01:32:11,721] {taskinstance.py:1032} INFO - Dependencies all met for <TaskInstance: HomeWorkWeek2.dowdata scheduled__2020-05-02T06:00:00+00:00 [queued]>
[2022-02-19 01:32:11,773] {taskinstance.py:1032} INFO - Dependencies all met for <TaskInstance: HomeWorkWeek2.dowdata scheduled__2020-05-02T06:00:00+00:00 [queued]>
[2022-02-19 01:32:11,773] {taskinstance.py:1238} INFO - 
--------------------------------------------------------------------------------
[2022-02-19 01:32:11,773] {taskinstance.py:1239} INFO - Starting attempt 1 of 2
[2022-02-19 01:32:11,774] {taskinstance.py:1240} INFO - 
--------------------------------------------------------------------------------
[2022-02-19 01:32:11,814] {taskinstance.py:1259} INFO - Executing <Task(BashOperator): dowdata> on 2020-05-02 06:00:00+00:00
[2022-02-19 01:32:11,821] {standard_task_runner.py:52} INFO - Started process 2997 to run task
[2022-02-19 01:32:11,827] {standard_task_runner.py:76} INFO - Running: ['***', 'tasks', 'run', 'HomeWorkWeek2', 'dowdata', 'scheduled__2020-05-02T06:00:00+00:00', '--job-id', '579', '--raw', '--subdir', 'DAGS_FOLDER/dag_questions1.py', '--cfg-path', '/tmp/tmpvc7n3282', '--error-file', '/tmp/tmp60wgg5mc']
[2022-02-19 01:32:11,829] {standard_task_runner.py:77} INFO - Job 579: Subtask dowdata
[2022-02-19 01:32:11,998] {logging_mixin.py:109} INFO - Running <TaskInstance: HomeWorkWeek2.dowdata scheduled__2020-05-02T06:00:00+00:00 [running]> on host 312f1fe573aa
[2022-02-19 01:32:12,123] {warnings.py:110} WARNING - /home/***/.local/lib/python3.7/site-packages/***/utils/context.py:152: AirflowContextDeprecationWarning: Accessing 'execution_date' from the template is deprecated and will be removed in a future version. Please use 'data_interval_start' or 'logical_date' instead.
  warnings.warn(_create_deprecation_warning(key, self._deprecation_replacements[key]))

[2022-02-19 01:32:12,193] {taskinstance.py:1426} INFO - Exporting the following env vars:
AIRFLOW_CTX_DAG_OWNER=***
AIRFLOW_CTX_DAG_ID=HomeWorkWeek2
AIRFLOW_CTX_TASK_ID=dowdata
AIRFLOW_CTX_EXECUTION_DATE=2020-05-02T06:00:00+00:00
AIRFLOW_CTX_DAG_RUN_ID=scheduled__2020-05-02T06:00:00+00:00
[2022-02-19 01:32:12,199] {subprocess.py:62} INFO - Tmp dir root location: 
 /tmp
[2022-02-19 01:32:12,201] {subprocess.py:74} INFO - Running command: ['bash', '-c', 'curl -sSLf https://s3.amazonaws.com/nyc-tlc/trip+data/yellow_tripdata_2020-05.csv > /opt/***output_2020-05.csv']
[2022-02-19 01:32:12,227] {subprocess.py:85} INFO - Output:
[2022-02-19 01:32:25,508] {subprocess.py:93} INFO - Command exited with return code 0
[2022-02-19 01:32:25,609] {taskinstance.py:1277} INFO - Marking task as SUCCESS. dag_id=HomeWorkWeek2, task_id=dowdata, execution_date=20200502T060000, start_date=20220219T013211, end_date=20220219T013225
[2022-02-19 01:32:25,691] {local_task_job.py:154} INFO - Task exited with return code 0
[2022-02-19 01:32:25,824] {local_task_job.py:264} INFO - 1 downstream tasks scheduled from follow-on schedule check
[2022-02-19 11:34:19,657] {taskinstance.py:1032} INFO - Dependencies all met for <TaskInstance: HomeWorkWeek2.dowdata scheduled__2020-05-02T06:00:00+00:00 [queued]>
[2022-02-19 11:34:19,706] {taskinstance.py:1032} INFO - Dependencies all met for <TaskInstance: HomeWorkWeek2.dowdata scheduled__2020-05-02T06:00:00+00:00 [queued]>
[2022-02-19 11:34:19,706] {taskinstance.py:1238} INFO - 
--------------------------------------------------------------------------------
[2022-02-19 11:34:19,707] {taskinstance.py:1239} INFO - Starting attempt 1 of 2
[2022-02-19 11:34:19,707] {taskinstance.py:1240} INFO - 
--------------------------------------------------------------------------------
[2022-02-19 11:34:19,767] {taskinstance.py:1259} INFO - Executing <Task(BashOperator): dowdata> on 2020-05-02 06:00:00+00:00
[2022-02-19 11:34:19,780] {standard_task_runner.py:52} INFO - Started process 3950 to run task
[2022-02-19 11:34:19,795] {standard_task_runner.py:76} INFO - Running: ['***', 'tasks', 'run', 'HomeWorkWeek2', 'dowdata', 'scheduled__2020-05-02T06:00:00+00:00', '--job-id', '949', '--raw', '--subdir', 'DAGS_FOLDER/dag_questions1.py', '--cfg-path', '/tmp/tmpc76ndajq', '--error-file', '/tmp/tmp17lg4_8g']
[2022-02-19 11:34:19,797] {standard_task_runner.py:77} INFO - Job 949: Subtask dowdata
[2022-02-19 11:34:20,019] {logging_mixin.py:109} INFO - Running <TaskInstance: HomeWorkWeek2.dowdata scheduled__2020-05-02T06:00:00+00:00 [running]> on host f81f14254480
[2022-02-19 11:34:20,164] {warnings.py:110} WARNING - /home/***/.local/lib/python3.7/site-packages/***/utils/context.py:152: AirflowContextDeprecationWarning: Accessing 'execution_date' from the template is deprecated and will be removed in a future version. Please use 'data_interval_start' or 'logical_date' instead.
  warnings.warn(_create_deprecation_warning(key, self._deprecation_replacements[key]))

[2022-02-19 11:34:20,220] {taskinstance.py:1426} INFO - Exporting the following env vars:
AIRFLOW_CTX_DAG_OWNER=***
AIRFLOW_CTX_DAG_ID=HomeWorkWeek2
AIRFLOW_CTX_TASK_ID=dowdata
AIRFLOW_CTX_EXECUTION_DATE=2020-05-02T06:00:00+00:00
AIRFLOW_CTX_DAG_RUN_ID=scheduled__2020-05-02T06:00:00+00:00
[2022-02-19 11:34:20,223] {subprocess.py:62} INFO - Tmp dir root location: 
 /tmp
[2022-02-19 11:34:20,224] {subprocess.py:74} INFO - Running command: ['bash', '-c', 'curl -sSLf https://s3.amazonaws.com/nyc-tlc/trip+data/yellow_tripdata_2020-05.csv > /opt/***output_2020-05.csv']
[2022-02-19 11:34:20,244] {subprocess.py:85} INFO - Output:
[2022-02-19 11:34:25,864] {subprocess.py:93} INFO - Command exited with return code 0
[2022-02-19 11:34:25,942] {taskinstance.py:1277} INFO - Marking task as SUCCESS. dag_id=HomeWorkWeek2, task_id=dowdata, execution_date=20200502T060000, start_date=20220219T113419, end_date=20220219T113425
[2022-02-19 11:34:26,019] {local_task_job.py:154} INFO - Task exited with return code 0
[2022-02-19 11:34:26,138] {local_task_job.py:264} INFO - 1 downstream tasks scheduled from follow-on schedule check
[2022-02-20 00:18:15,696] {taskinstance.py:1032} INFO - Dependencies all met for <TaskInstance: HomeWorkWeek2.dowdata scheduled__2020-05-02T06:00:00+00:00 [queued]>
[2022-02-20 00:18:15,744] {taskinstance.py:1032} INFO - Dependencies all met for <TaskInstance: HomeWorkWeek2.dowdata scheduled__2020-05-02T06:00:00+00:00 [queued]>
[2022-02-20 00:18:15,745] {taskinstance.py:1238} INFO - 
--------------------------------------------------------------------------------
[2022-02-20 00:18:15,746] {taskinstance.py:1239} INFO - Starting attempt 1 of 2
[2022-02-20 00:18:15,746] {taskinstance.py:1240} INFO - 
--------------------------------------------------------------------------------
[2022-02-20 00:18:15,791] {taskinstance.py:1259} INFO - Executing <Task(BashOperator): dowdata> on 2020-05-02 06:00:00+00:00
[2022-02-20 00:18:15,803] {standard_task_runner.py:76} INFO - Running: ['***', 'tasks', 'run', 'HomeWorkWeek2', 'dowdata', 'scheduled__2020-05-02T06:00:00+00:00', '--job-id', '1113', '--raw', '--subdir', 'DAGS_FOLDER/dag_questions1.py', '--cfg-path', '/tmp/tmpc78354y3', '--error-file', '/tmp/tmpx_v8kusc']
[2022-02-20 00:18:15,805] {standard_task_runner.py:77} INFO - Job 1113: Subtask dowdata
[2022-02-20 00:18:15,798] {standard_task_runner.py:52} INFO - Started process 23951 to run task
[2022-02-20 00:18:15,989] {logging_mixin.py:109} INFO - Running <TaskInstance: HomeWorkWeek2.dowdata scheduled__2020-05-02T06:00:00+00:00 [running]> on host d9977d7db207
[2022-02-20 00:18:16,130] {warnings.py:110} WARNING - /home/***/.local/lib/python3.7/site-packages/***/utils/context.py:152: AirflowContextDeprecationWarning: Accessing 'execution_date' from the template is deprecated and will be removed in a future version. Please use 'data_interval_start' or 'logical_date' instead.
  warnings.warn(_create_deprecation_warning(key, self._deprecation_replacements[key]))

[2022-02-20 00:18:16,186] {taskinstance.py:1426} INFO - Exporting the following env vars:
AIRFLOW_CTX_DAG_OWNER=***
AIRFLOW_CTX_DAG_ID=HomeWorkWeek2
AIRFLOW_CTX_TASK_ID=dowdata
AIRFLOW_CTX_EXECUTION_DATE=2020-05-02T06:00:00+00:00
AIRFLOW_CTX_DAG_RUN_ID=scheduled__2020-05-02T06:00:00+00:00
[2022-02-20 00:18:16,189] {subprocess.py:62} INFO - Tmp dir root location: 
 /tmp
[2022-02-20 00:18:16,191] {subprocess.py:74} INFO - Running command: ['bash', '-c', 'curl -sSLf https://s3.amazonaws.com/nyc-tlc/trip+data/yellow_tripdata_2020-05.csv > /opt/***yellow_2020-05.csv']
[2022-02-20 00:18:16,216] {subprocess.py:85} INFO - Output:
[2022-02-20 00:18:22,375] {subprocess.py:93} INFO - Command exited with return code 0
[2022-02-20 00:18:22,645] {taskinstance.py:1277} INFO - Marking task as SUCCESS. dag_id=HomeWorkWeek2, task_id=dowdata, execution_date=20200502T060000, start_date=20220220T001815, end_date=20220220T001822
[2022-02-20 00:18:22,745] {local_task_job.py:154} INFO - Task exited with return code 0
[2022-02-20 00:18:22,891] {local_task_job.py:264} INFO - 1 downstream tasks scheduled from follow-on schedule check
