[2022-01-30 12:56:13,877] {taskinstance.py:1032} INFO - Dependencies all met for <TaskInstance: HomeWorkWeek2.halo scheduled__2019-03-02T06:00:00+00:00 [queued]>
[2022-01-30 12:56:13,926] {taskinstance.py:1032} INFO - Dependencies all met for <TaskInstance: HomeWorkWeek2.halo scheduled__2019-03-02T06:00:00+00:00 [queued]>
[2022-01-30 12:56:13,926] {taskinstance.py:1238} INFO - 
--------------------------------------------------------------------------------
[2022-01-30 12:56:13,927] {taskinstance.py:1239} INFO - Starting attempt 1 of 2
[2022-01-30 12:56:13,927] {taskinstance.py:1240} INFO - 
--------------------------------------------------------------------------------
[2022-01-30 12:56:13,973] {taskinstance.py:1259} INFO - Executing <Task(PythonOperator): halo> on 2019-03-02 06:00:00+00:00
[2022-01-30 12:56:13,981] {standard_task_runner.py:52} INFO - Started process 2300 to run task
[2022-01-30 12:56:14,006] {standard_task_runner.py:76} INFO - Running: ['***', 'tasks', 'run', 'HomeWorkWeek2', 'halo', 'scheduled__2019-03-02T06:00:00+00:00', '--job-id', '114', '--raw', '--subdir', 'DAGS_FOLDER/dag_questions1.py', '--cfg-path', '/tmp/tmp1qsqu0h2', '--error-file', '/tmp/tmp8the0y2i']
[2022-01-30 12:56:14,009] {standard_task_runner.py:77} INFO - Job 114: Subtask halo
[2022-01-30 12:56:14,196] {logging_mixin.py:109} INFO - Running <TaskInstance: HomeWorkWeek2.halo scheduled__2019-03-02T06:00:00+00:00 [running]> on host 4b3b8c5e49b1
[2022-01-30 12:56:14,515] {taskinstance.py:1426} INFO - Exporting the following env vars:
AIRFLOW_CTX_DAG_OWNER=***
AIRFLOW_CTX_DAG_ID=HomeWorkWeek2
AIRFLOW_CTX_TASK_ID=halo
AIRFLOW_CTX_EXECUTION_DATE=2019-03-02T06:00:00+00:00
AIRFLOW_CTX_DAG_RUN_ID=scheduled__2019-03-02T06:00:00+00:00
[2022-01-30 12:56:14,517] {logging_mixin.py:109} INFO - helloworld
[2022-01-30 12:56:14,518] {python.py:175} INFO - Done. Returned value was: None
[2022-01-30 12:56:14,561] {taskinstance.py:1277} INFO - Marking task as SUCCESS. dag_id=HomeWorkWeek2, task_id=halo, execution_date=20190302T060000, start_date=20220130T125613, end_date=20220130T125614
[2022-01-30 12:56:14,658] {local_task_job.py:154} INFO - Task exited with return code 0
[2022-01-30 12:56:14,769] {local_task_job.py:264} INFO - 0 downstream tasks scheduled from follow-on schedule check
[2022-01-30 14:42:49,327] {taskinstance.py:1032} INFO - Dependencies all met for <TaskInstance: HomeWorkWeek2.halo scheduled__2019-03-02T06:00:00+00:00 [queued]>
[2022-01-30 14:42:49,379] {taskinstance.py:1032} INFO - Dependencies all met for <TaskInstance: HomeWorkWeek2.halo scheduled__2019-03-02T06:00:00+00:00 [queued]>
[2022-01-30 14:42:49,379] {taskinstance.py:1238} INFO - 
--------------------------------------------------------------------------------
[2022-01-30 14:42:49,380] {taskinstance.py:1239} INFO - Starting attempt 1 of 2
[2022-01-30 14:42:49,380] {taskinstance.py:1240} INFO - 
--------------------------------------------------------------------------------
[2022-01-30 14:42:49,424] {taskinstance.py:1259} INFO - Executing <Task(PythonOperator): halo> on 2019-03-02 06:00:00+00:00
[2022-01-30 14:42:49,435] {standard_task_runner.py:52} INFO - Started process 427 to run task
[2022-01-30 14:42:49,446] {standard_task_runner.py:76} INFO - Running: ['***', 'tasks', 'run', 'HomeWorkWeek2', 'halo', 'scheduled__2019-03-02T06:00:00+00:00', '--job-id', '189', '--raw', '--subdir', 'DAGS_FOLDER/dag_questions1.py', '--cfg-path', '/tmp/tmp5uozaxnb', '--error-file', '/tmp/tmpuewu7lyj']
[2022-01-30 14:42:49,448] {standard_task_runner.py:77} INFO - Job 189: Subtask halo
[2022-01-30 14:42:49,668] {logging_mixin.py:109} INFO - Running <TaskInstance: HomeWorkWeek2.halo scheduled__2019-03-02T06:00:00+00:00 [running]> on host 785c0c715caa
[2022-01-30 14:42:49,969] {taskinstance.py:1426} INFO - Exporting the following env vars:
AIRFLOW_CTX_DAG_OWNER=***
AIRFLOW_CTX_DAG_ID=HomeWorkWeek2
AIRFLOW_CTX_TASK_ID=halo
AIRFLOW_CTX_EXECUTION_DATE=2019-03-02T06:00:00+00:00
AIRFLOW_CTX_DAG_RUN_ID=scheduled__2019-03-02T06:00:00+00:00
[2022-01-30 14:42:49,972] {logging_mixin.py:109} INFO - hello world!!
[2022-01-30 14:42:49,972] {python.py:175} INFO - Done. Returned value was: None
[2022-01-30 14:42:50,026] {taskinstance.py:1277} INFO - Marking task as SUCCESS. dag_id=HomeWorkWeek2, task_id=halo, execution_date=20190302T060000, start_date=20220130T144249, end_date=20220130T144250
[2022-01-30 14:42:50,113] {local_task_job.py:154} INFO - Task exited with return code 0
[2022-01-30 14:42:50,237] {local_task_job.py:264} INFO - 0 downstream tasks scheduled from follow-on schedule check
[2022-02-19 00:55:02,943] {taskinstance.py:1032} INFO - Dependencies all met for <TaskInstance: HomeWorkWeek2.halo scheduled__2019-03-02T06:00:00+00:00 [queued]>
[2022-02-19 00:55:02,993] {taskinstance.py:1032} INFO - Dependencies all met for <TaskInstance: HomeWorkWeek2.halo scheduled__2019-03-02T06:00:00+00:00 [queued]>
[2022-02-19 00:55:02,994] {taskinstance.py:1238} INFO - 
--------------------------------------------------------------------------------
[2022-02-19 00:55:02,997] {taskinstance.py:1239} INFO - Starting attempt 1 of 2
[2022-02-19 00:55:02,998] {taskinstance.py:1240} INFO - 
--------------------------------------------------------------------------------
[2022-02-19 00:55:03,055] {taskinstance.py:1259} INFO - Executing <Task(PythonOperator): halo> on 2019-03-02 06:00:00+00:00
[2022-02-19 00:55:03,062] {standard_task_runner.py:52} INFO - Started process 1181 to run task
[2022-02-19 00:55:03,069] {standard_task_runner.py:76} INFO - Running: ['***', 'tasks', 'run', 'HomeWorkWeek2', 'halo', 'scheduled__2019-03-02T06:00:00+00:00', '--job-id', '533', '--raw', '--subdir', 'DAGS_FOLDER/dag_questions1.py', '--cfg-path', '/tmp/tmpr4akrxty', '--error-file', '/tmp/tmp_dd72y0y']
[2022-02-19 00:55:03,071] {standard_task_runner.py:77} INFO - Job 533: Subtask halo
[2022-02-19 00:55:03,246] {logging_mixin.py:109} INFO - Running <TaskInstance: HomeWorkWeek2.halo scheduled__2019-03-02T06:00:00+00:00 [running]> on host 312f1fe573aa
[2022-02-19 00:55:03,501] {taskinstance.py:1426} INFO - Exporting the following env vars:
AIRFLOW_CTX_DAG_OWNER=***
AIRFLOW_CTX_DAG_ID=HomeWorkWeek2
AIRFLOW_CTX_TASK_ID=halo
AIRFLOW_CTX_EXECUTION_DATE=2019-03-02T06:00:00+00:00
AIRFLOW_CTX_DAG_RUN_ID=scheduled__2019-03-02T06:00:00+00:00
[2022-02-19 00:55:03,503] {logging_mixin.py:109} INFO - hello world!!
[2022-02-19 00:55:03,503] {python.py:175} INFO - Done. Returned value was: None
[2022-02-19 00:55:03,570] {taskinstance.py:1277} INFO - Marking task as SUCCESS. dag_id=HomeWorkWeek2, task_id=halo, execution_date=20190302T060000, start_date=20220219T005502, end_date=20220219T005503
[2022-02-19 00:55:03,652] {local_task_job.py:154} INFO - Task exited with return code 0
[2022-02-19 00:55:03,746] {local_task_job.py:264} INFO - 0 downstream tasks scheduled from follow-on schedule check
