[2022-02-02 21:27:15,295] {taskinstance.py:1032} INFO - Dependencies all met for <TaskInstance: Question3_FHV.halo scheduled__2019-09-02T06:00:00+00:00 [queued]>
[2022-02-02 21:27:15,342] {taskinstance.py:1032} INFO - Dependencies all met for <TaskInstance: Question3_FHV.halo scheduled__2019-09-02T06:00:00+00:00 [queued]>
[2022-02-02 21:27:15,342] {taskinstance.py:1238} INFO - 
--------------------------------------------------------------------------------
[2022-02-02 21:27:15,343] {taskinstance.py:1239} INFO - Starting attempt 1 of 2
[2022-02-02 21:27:15,343] {taskinstance.py:1240} INFO - 
--------------------------------------------------------------------------------
[2022-02-02 21:27:15,380] {taskinstance.py:1259} INFO - Executing <Task(PythonOperator): halo> on 2019-09-02 06:00:00+00:00
[2022-02-02 21:27:15,388] {standard_task_runner.py:52} INFO - Started process 1388 to run task
[2022-02-02 21:27:15,393] {standard_task_runner.py:76} INFO - Running: ['***', 'tasks', 'run', 'Question3_FHV', 'halo', 'scheduled__2019-09-02T06:00:00+00:00', '--job-id', '351', '--raw', '--subdir', 'DAGS_FOLDER/dag_questions3.py', '--cfg-path', '/tmp/tmp2yq59wti', '--error-file', '/tmp/tmphc4f504e']
[2022-02-02 21:27:15,395] {standard_task_runner.py:77} INFO - Job 351: Subtask halo
[2022-02-02 21:27:15,570] {logging_mixin.py:109} INFO - Running <TaskInstance: Question3_FHV.halo scheduled__2019-09-02T06:00:00+00:00 [running]> on host d574c7c5b085
[2022-02-02 21:27:15,748] {taskinstance.py:1426} INFO - Exporting the following env vars:
AIRFLOW_CTX_DAG_OWNER=***
AIRFLOW_CTX_DAG_ID=Question3_FHV
AIRFLOW_CTX_TASK_ID=halo
AIRFLOW_CTX_EXECUTION_DATE=2019-09-02T06:00:00+00:00
AIRFLOW_CTX_DAG_RUN_ID=scheduled__2019-09-02T06:00:00+00:00
[2022-02-02 21:27:15,749] {logging_mixin.py:109} INFO - hello world!!
[2022-02-02 21:27:15,750] {python.py:175} INFO - Done. Returned value was: None
[2022-02-02 21:27:15,784] {taskinstance.py:1277} INFO - Marking task as SUCCESS. dag_id=Question3_FHV, task_id=halo, execution_date=20190902T060000, start_date=20220202T212715, end_date=20220202T212715
[2022-02-02 21:27:15,857] {local_task_job.py:154} INFO - Task exited with return code 0
[2022-02-02 21:27:15,939] {local_task_job.py:264} INFO - 0 downstream tasks scheduled from follow-on schedule check
[2022-02-09 11:43:10,945] {taskinstance.py:1032} INFO - Dependencies all met for <TaskInstance: Question3_FHV.halo scheduled__2019-09-02T06:00:00+00:00 [queued]>
[2022-02-09 11:43:11,004] {taskinstance.py:1032} INFO - Dependencies all met for <TaskInstance: Question3_FHV.halo scheduled__2019-09-02T06:00:00+00:00 [queued]>
[2022-02-09 11:43:11,005] {taskinstance.py:1238} INFO - 
--------------------------------------------------------------------------------
[2022-02-09 11:43:11,005] {taskinstance.py:1239} INFO - Starting attempt 1 of 2
[2022-02-09 11:43:11,005] {taskinstance.py:1240} INFO - 
--------------------------------------------------------------------------------
[2022-02-09 11:43:11,078] {taskinstance.py:1259} INFO - Executing <Task(PythonOperator): halo> on 2019-09-02 06:00:00+00:00
[2022-02-09 11:43:11,090] {standard_task_runner.py:52} INFO - Started process 1087 to run task
[2022-02-09 11:43:11,103] {standard_task_runner.py:76} INFO - Running: ['***', 'tasks', 'run', 'Question3_FHV', 'halo', 'scheduled__2019-09-02T06:00:00+00:00', '--job-id', '422', '--raw', '--subdir', 'DAGS_FOLDER/dag_questions3.py', '--cfg-path', '/tmp/tmp1siv563k', '--error-file', '/tmp/tmpkqcihj_q']
[2022-02-09 11:43:11,115] {standard_task_runner.py:77} INFO - Job 422: Subtask halo
[2022-02-09 11:43:11,321] {logging_mixin.py:109} INFO - Running <TaskInstance: Question3_FHV.halo scheduled__2019-09-02T06:00:00+00:00 [running]> on host c5795c3f6004
[2022-02-09 11:43:11,519] {taskinstance.py:1426} INFO - Exporting the following env vars:
AIRFLOW_CTX_DAG_OWNER=***
AIRFLOW_CTX_DAG_ID=Question3_FHV
AIRFLOW_CTX_TASK_ID=halo
AIRFLOW_CTX_EXECUTION_DATE=2019-09-02T06:00:00+00:00
AIRFLOW_CTX_DAG_RUN_ID=scheduled__2019-09-02T06:00:00+00:00
[2022-02-09 11:43:11,521] {logging_mixin.py:109} INFO - hello world!!
[2022-02-09 11:43:11,521] {python.py:175} INFO - Done. Returned value was: None
[2022-02-09 11:43:11,558] {taskinstance.py:1277} INFO - Marking task as SUCCESS. dag_id=Question3_FHV, task_id=halo, execution_date=20190902T060000, start_date=20220209T114310, end_date=20220209T114311
[2022-02-09 11:43:11,654] {local_task_job.py:154} INFO - Task exited with return code 0
[2022-02-09 11:43:11,777] {local_task_job.py:264} INFO - 0 downstream tasks scheduled from follow-on schedule check
[2022-02-10 01:14:56,944] {taskinstance.py:1032} INFO - Dependencies all met for <TaskInstance: Question3_FHV.halo scheduled__2019-09-02T06:00:00+00:00 [queued]>
[2022-02-10 01:14:56,993] {taskinstance.py:1032} INFO - Dependencies all met for <TaskInstance: Question3_FHV.halo scheduled__2019-09-02T06:00:00+00:00 [queued]>
[2022-02-10 01:14:56,993] {taskinstance.py:1238} INFO - 
--------------------------------------------------------------------------------
[2022-02-10 01:14:56,994] {taskinstance.py:1239} INFO - Starting attempt 1 of 2
[2022-02-10 01:14:56,994] {taskinstance.py:1240} INFO - 
--------------------------------------------------------------------------------
[2022-02-10 01:14:57,039] {taskinstance.py:1259} INFO - Executing <Task(PythonOperator): halo> on 2019-09-02 06:00:00+00:00
[2022-02-10 01:14:57,047] {standard_task_runner.py:52} INFO - Started process 7507 to run task
[2022-02-10 01:14:57,055] {standard_task_runner.py:76} INFO - Running: ['***', 'tasks', 'run', 'Question3_FHV', 'halo', 'scheduled__2019-09-02T06:00:00+00:00', '--job-id', '490', '--raw', '--subdir', 'DAGS_FOLDER/dag_questions3.py', '--cfg-path', '/tmp/tmpeb6xajml', '--error-file', '/tmp/tmp5ok0chvd']
[2022-02-10 01:14:57,057] {standard_task_runner.py:77} INFO - Job 490: Subtask halo
[2022-02-10 01:14:57,271] {logging_mixin.py:109} INFO - Running <TaskInstance: Question3_FHV.halo scheduled__2019-09-02T06:00:00+00:00 [running]> on host 0fd4ea805f5e
[2022-02-10 01:14:57,487] {taskinstance.py:1426} INFO - Exporting the following env vars:
AIRFLOW_CTX_DAG_OWNER=***
AIRFLOW_CTX_DAG_ID=Question3_FHV
AIRFLOW_CTX_TASK_ID=halo
AIRFLOW_CTX_EXECUTION_DATE=2019-09-02T06:00:00+00:00
AIRFLOW_CTX_DAG_RUN_ID=scheduled__2019-09-02T06:00:00+00:00
[2022-02-10 01:14:57,489] {logging_mixin.py:109} INFO - hello world!!
[2022-02-10 01:14:57,489] {python.py:175} INFO - Done. Returned value was: None
[2022-02-10 01:14:57,523] {taskinstance.py:1277} INFO - Marking task as SUCCESS. dag_id=Question3_FHV, task_id=halo, execution_date=20190902T060000, start_date=20220210T011456, end_date=20220210T011457
[2022-02-10 01:14:57,610] {local_task_job.py:154} INFO - Task exited with return code 0
[2022-02-10 01:14:57,706] {local_task_job.py:264} INFO - 0 downstream tasks scheduled from follow-on schedule check
[2022-02-19 01:53:16,561] {taskinstance.py:1032} INFO - Dependencies all met for <TaskInstance: Question3_FHV.halo scheduled__2019-09-02T06:00:00+00:00 [queued]>
[2022-02-19 01:53:16,612] {taskinstance.py:1032} INFO - Dependencies all met for <TaskInstance: Question3_FHV.halo scheduled__2019-09-02T06:00:00+00:00 [queued]>
[2022-02-19 01:53:16,612] {taskinstance.py:1238} INFO - 
--------------------------------------------------------------------------------
[2022-02-19 01:53:16,613] {taskinstance.py:1239} INFO - Starting attempt 1 of 2
[2022-02-19 01:53:16,613] {taskinstance.py:1240} INFO - 
--------------------------------------------------------------------------------
[2022-02-19 01:53:16,657] {taskinstance.py:1259} INFO - Executing <Task(PythonOperator): halo> on 2019-09-02 06:00:00+00:00
[2022-02-19 01:53:16,665] {standard_task_runner.py:52} INFO - Started process 4237 to run task
[2022-02-19 01:53:16,671] {standard_task_runner.py:76} INFO - Running: ['***', 'tasks', 'run', 'Question3_FHV', 'halo', 'scheduled__2019-09-02T06:00:00+00:00', '--job-id', '648', '--raw', '--subdir', 'DAGS_FOLDER/dag_questions3.py', '--cfg-path', '/tmp/tmpeiatr176', '--error-file', '/tmp/tmptb42y826']
[2022-02-19 01:53:16,673] {standard_task_runner.py:77} INFO - Job 648: Subtask halo
[2022-02-19 01:53:16,843] {logging_mixin.py:109} INFO - Running <TaskInstance: Question3_FHV.halo scheduled__2019-09-02T06:00:00+00:00 [running]> on host 312f1fe573aa
[2022-02-19 01:53:17,032] {taskinstance.py:1426} INFO - Exporting the following env vars:
AIRFLOW_CTX_DAG_OWNER=***
AIRFLOW_CTX_DAG_ID=Question3_FHV
AIRFLOW_CTX_TASK_ID=halo
AIRFLOW_CTX_EXECUTION_DATE=2019-09-02T06:00:00+00:00
AIRFLOW_CTX_DAG_RUN_ID=scheduled__2019-09-02T06:00:00+00:00
[2022-02-19 01:53:17,034] {logging_mixin.py:109} INFO - hello world!!
[2022-02-19 01:53:17,034] {python.py:175} INFO - Done. Returned value was: None
[2022-02-19 01:53:17,072] {taskinstance.py:1277} INFO - Marking task as SUCCESS. dag_id=Question3_FHV, task_id=halo, execution_date=20190902T060000, start_date=20220219T015316, end_date=20220219T015317
[2022-02-19 01:53:17,133] {local_task_job.py:154} INFO - Task exited with return code 0
[2022-02-19 01:53:17,248] {local_task_job.py:264} INFO - 0 downstream tasks scheduled from follow-on schedule check
