[2022-02-02 21:22:12,661] {taskinstance.py:1032} INFO - Dependencies all met for <TaskInstance: Question3_FHV.csv_to_parquet scheduled__2019-07-02T06:00:00+00:00 [queued]>
[2022-02-02 21:22:12,680] {taskinstance.py:1032} INFO - Dependencies all met for <TaskInstance: Question3_FHV.csv_to_parquet scheduled__2019-07-02T06:00:00+00:00 [queued]>
[2022-02-02 21:22:12,680] {taskinstance.py:1238} INFO - 
--------------------------------------------------------------------------------
[2022-02-02 21:22:12,680] {taskinstance.py:1239} INFO - Starting attempt 1 of 2
[2022-02-02 21:22:12,680] {taskinstance.py:1240} INFO - 
--------------------------------------------------------------------------------
[2022-02-02 21:22:12,699] {taskinstance.py:1259} INFO - Executing <Task(PythonOperator): csv_to_parquet> on 2019-07-02 06:00:00+00:00
[2022-02-02 21:22:12,703] {standard_task_runner.py:52} INFO - Started process 1100 to run task
[2022-02-02 21:22:12,705] {standard_task_runner.py:76} INFO - Running: ['***', 'tasks', 'run', 'Question3_FHV', 'csv_to_parquet', 'scheduled__2019-07-02T06:00:00+00:00', '--job-id', '337', '--raw', '--subdir', 'DAGS_FOLDER/dag_questions3.py', '--cfg-path', '/tmp/tmpslpzpqfc', '--error-file', '/tmp/tmpkthx03eu']
[2022-02-02 21:22:12,706] {standard_task_runner.py:77} INFO - Job 337: Subtask csv_to_parquet
[2022-02-02 21:22:12,803] {logging_mixin.py:109} INFO - Running <TaskInstance: Question3_FHV.csv_to_parquet scheduled__2019-07-02T06:00:00+00:00 [running]> on host d574c7c5b085
[2022-02-02 21:22:12,902] {warnings.py:110} WARNING - /home/***/.local/lib/python3.7/site-packages/***/utils/context.py:152: AirflowContextDeprecationWarning: Accessing 'execution_date' from the template is deprecated and will be removed in a future version. Please use 'data_interval_start' or 'logical_date' instead.
  warnings.warn(_create_deprecation_warning(key, self._deprecation_replacements[key]))

[2022-02-02 21:22:12,932] {taskinstance.py:1426} INFO - Exporting the following env vars:
AIRFLOW_CTX_DAG_OWNER=***
AIRFLOW_CTX_DAG_ID=Question3_FHV
AIRFLOW_CTX_TASK_ID=csv_to_parquet
AIRFLOW_CTX_EXECUTION_DATE=2019-07-02T06:00:00+00:00
AIRFLOW_CTX_DAG_RUN_ID=scheduled__2019-07-02T06:00:00+00:00
[2022-02-02 21:22:15,120] {python.py:175} INFO - Done. Returned value was: None
[2022-02-02 21:22:15,339] {taskinstance.py:1277} INFO - Marking task as SUCCESS. dag_id=Question3_FHV, task_id=csv_to_parquet, execution_date=20190702T060000, start_date=20220202T212212, end_date=20220202T212215
[2022-02-02 21:22:15,745] {local_task_job.py:154} INFO - Task exited with return code 0
[2022-02-02 21:22:16,022] {local_task_job.py:264} INFO - 1 downstream tasks scheduled from follow-on schedule check
[2022-02-09 11:40:47,663] {taskinstance.py:1032} INFO - Dependencies all met for <TaskInstance: Question3_FHV.csv_to_parquet scheduled__2019-07-02T06:00:00+00:00 [queued]>
[2022-02-09 11:40:47,717] {taskinstance.py:1032} INFO - Dependencies all met for <TaskInstance: Question3_FHV.csv_to_parquet scheduled__2019-07-02T06:00:00+00:00 [queued]>
[2022-02-09 11:40:47,717] {taskinstance.py:1238} INFO - 
--------------------------------------------------------------------------------
[2022-02-09 11:40:47,718] {taskinstance.py:1239} INFO - Starting attempt 1 of 2
[2022-02-09 11:40:47,718] {taskinstance.py:1240} INFO - 
--------------------------------------------------------------------------------
[2022-02-09 11:40:47,760] {taskinstance.py:1259} INFO - Executing <Task(PythonOperator): csv_to_parquet> on 2019-07-02 06:00:00+00:00
[2022-02-09 11:40:47,772] {standard_task_runner.py:52} INFO - Started process 943 to run task
[2022-02-09 11:40:47,778] {standard_task_runner.py:76} INFO - Running: ['***', 'tasks', 'run', 'Question3_FHV', 'csv_to_parquet', 'scheduled__2019-07-02T06:00:00+00:00', '--job-id', '414', '--raw', '--subdir', 'DAGS_FOLDER/dag_questions3.py', '--cfg-path', '/tmp/tmptza7gyky', '--error-file', '/tmp/tmplfb7o5ns']
[2022-02-09 11:40:47,780] {standard_task_runner.py:77} INFO - Job 414: Subtask csv_to_parquet
[2022-02-09 11:40:47,972] {logging_mixin.py:109} INFO - Running <TaskInstance: Question3_FHV.csv_to_parquet scheduled__2019-07-02T06:00:00+00:00 [running]> on host c5795c3f6004
[2022-02-09 11:40:48,113] {warnings.py:110} WARNING - /home/***/.local/lib/python3.7/site-packages/***/utils/context.py:152: AirflowContextDeprecationWarning: Accessing 'execution_date' from the template is deprecated and will be removed in a future version. Please use 'data_interval_start' or 'logical_date' instead.
  warnings.warn(_create_deprecation_warning(key, self._deprecation_replacements[key]))

[2022-02-09 11:40:48,166] {taskinstance.py:1426} INFO - Exporting the following env vars:
AIRFLOW_CTX_DAG_OWNER=***
AIRFLOW_CTX_DAG_ID=Question3_FHV
AIRFLOW_CTX_TASK_ID=csv_to_parquet
AIRFLOW_CTX_EXECUTION_DATE=2019-07-02T06:00:00+00:00
AIRFLOW_CTX_DAG_RUN_ID=scheduled__2019-07-02T06:00:00+00:00
[2022-02-09 11:40:49,786] {python.py:175} INFO - Done. Returned value was: None
[2022-02-09 11:40:49,832] {taskinstance.py:1277} INFO - Marking task as SUCCESS. dag_id=Question3_FHV, task_id=csv_to_parquet, execution_date=20190702T060000, start_date=20220209T114047, end_date=20220209T114049
[2022-02-09 11:40:49,973] {local_task_job.py:154} INFO - Task exited with return code 0
[2022-02-09 11:40:50,122] {local_task_job.py:264} INFO - 1 downstream tasks scheduled from follow-on schedule check
[2022-02-10 01:12:05,881] {taskinstance.py:1032} INFO - Dependencies all met for <TaskInstance: Question3_FHV.csv_to_parquet scheduled__2019-07-02T06:00:00+00:00 [queued]>
[2022-02-10 01:12:05,943] {taskinstance.py:1032} INFO - Dependencies all met for <TaskInstance: Question3_FHV.csv_to_parquet scheduled__2019-07-02T06:00:00+00:00 [queued]>
[2022-02-10 01:12:05,943] {taskinstance.py:1238} INFO - 
--------------------------------------------------------------------------------
[2022-02-10 01:12:05,943] {taskinstance.py:1239} INFO - Starting attempt 1 of 2
[2022-02-10 01:12:05,943] {taskinstance.py:1240} INFO - 
--------------------------------------------------------------------------------
[2022-02-10 01:12:06,009] {taskinstance.py:1259} INFO - Executing <Task(PythonOperator): csv_to_parquet> on 2019-07-02 06:00:00+00:00
[2022-02-10 01:12:06,017] {standard_task_runner.py:52} INFO - Started process 7318 to run task
[2022-02-10 01:12:06,027] {standard_task_runner.py:76} INFO - Running: ['***', 'tasks', 'run', 'Question3_FHV', 'csv_to_parquet', 'scheduled__2019-07-02T06:00:00+00:00', '--job-id', '476', '--raw', '--subdir', 'DAGS_FOLDER/dag_questions3.py', '--cfg-path', '/tmp/tmpb6dq1e87', '--error-file', '/tmp/tmpcpwzqoft']
[2022-02-10 01:12:06,030] {standard_task_runner.py:77} INFO - Job 476: Subtask csv_to_parquet
[2022-02-10 01:12:06,348] {logging_mixin.py:109} INFO - Running <TaskInstance: Question3_FHV.csv_to_parquet scheduled__2019-07-02T06:00:00+00:00 [running]> on host 0fd4ea805f5e
[2022-02-10 01:12:06,483] {warnings.py:110} WARNING - /home/***/.local/lib/python3.7/site-packages/***/utils/context.py:152: AirflowContextDeprecationWarning: Accessing 'execution_date' from the template is deprecated and will be removed in a future version. Please use 'data_interval_start' or 'logical_date' instead.
  warnings.warn(_create_deprecation_warning(key, self._deprecation_replacements[key]))

[2022-02-10 01:12:06,531] {taskinstance.py:1426} INFO - Exporting the following env vars:
AIRFLOW_CTX_DAG_OWNER=***
AIRFLOW_CTX_DAG_ID=Question3_FHV
AIRFLOW_CTX_TASK_ID=csv_to_parquet
AIRFLOW_CTX_EXECUTION_DATE=2019-07-02T06:00:00+00:00
AIRFLOW_CTX_DAG_RUN_ID=scheduled__2019-07-02T06:00:00+00:00
[2022-02-10 01:12:09,722] {python.py:175} INFO - Done. Returned value was: None
[2022-02-10 01:12:09,780] {taskinstance.py:1277} INFO - Marking task as SUCCESS. dag_id=Question3_FHV, task_id=csv_to_parquet, execution_date=20190702T060000, start_date=20220210T011205, end_date=20220210T011209
[2022-02-10 01:12:09,893] {local_task_job.py:154} INFO - Task exited with return code 0
[2022-02-10 01:12:10,005] {local_task_job.py:264} INFO - 1 downstream tasks scheduled from follow-on schedule check
[2022-02-19 01:50:20,451] {taskinstance.py:1032} INFO - Dependencies all met for <TaskInstance: Question3_FHV.csv_to_parquet scheduled__2019-07-02T06:00:00+00:00 [queued]>
[2022-02-19 01:50:20,497] {taskinstance.py:1032} INFO - Dependencies all met for <TaskInstance: Question3_FHV.csv_to_parquet scheduled__2019-07-02T06:00:00+00:00 [queued]>
[2022-02-19 01:50:20,498] {taskinstance.py:1238} INFO - 
--------------------------------------------------------------------------------
[2022-02-19 01:50:20,498] {taskinstance.py:1239} INFO - Starting attempt 1 of 2
[2022-02-19 01:50:20,498] {taskinstance.py:1240} INFO - 
--------------------------------------------------------------------------------
[2022-02-19 01:50:20,537] {taskinstance.py:1259} INFO - Executing <Task(PythonOperator): csv_to_parquet> on 2019-07-02 06:00:00+00:00
[2022-02-19 01:50:20,545] {standard_task_runner.py:52} INFO - Started process 4057 to run task
[2022-02-19 01:50:20,550] {standard_task_runner.py:76} INFO - Running: ['***', 'tasks', 'run', 'Question3_FHV', 'csv_to_parquet', 'scheduled__2019-07-02T06:00:00+00:00', '--job-id', '637', '--raw', '--subdir', 'DAGS_FOLDER/dag_questions3.py', '--cfg-path', '/tmp/tmposjgj7xn', '--error-file', '/tmp/tmpztkzk2x2']
[2022-02-19 01:50:20,552] {standard_task_runner.py:77} INFO - Job 637: Subtask csv_to_parquet
[2022-02-19 01:50:20,728] {logging_mixin.py:109} INFO - Running <TaskInstance: Question3_FHV.csv_to_parquet scheduled__2019-07-02T06:00:00+00:00 [running]> on host 312f1fe573aa
[2022-02-19 01:50:20,859] {warnings.py:110} WARNING - /home/***/.local/lib/python3.7/site-packages/***/utils/context.py:152: AirflowContextDeprecationWarning: Accessing 'execution_date' from the template is deprecated and will be removed in a future version. Please use 'data_interval_start' or 'logical_date' instead.
  warnings.warn(_create_deprecation_warning(key, self._deprecation_replacements[key]))

[2022-02-19 01:50:20,914] {taskinstance.py:1426} INFO - Exporting the following env vars:
AIRFLOW_CTX_DAG_OWNER=***
AIRFLOW_CTX_DAG_ID=Question3_FHV
AIRFLOW_CTX_TASK_ID=csv_to_parquet
AIRFLOW_CTX_EXECUTION_DATE=2019-07-02T06:00:00+00:00
AIRFLOW_CTX_DAG_RUN_ID=scheduled__2019-07-02T06:00:00+00:00
[2022-02-19 01:50:22,830] {python.py:175} INFO - Done. Returned value was: None
[2022-02-19 01:50:22,953] {taskinstance.py:1277} INFO - Marking task as SUCCESS. dag_id=Question3_FHV, task_id=csv_to_parquet, execution_date=20190702T060000, start_date=20220219T015020, end_date=20220219T015022
[2022-02-19 01:50:23,089] {local_task_job.py:154} INFO - Task exited with return code 0
[2022-02-19 01:50:23,217] {local_task_job.py:264} INFO - 1 downstream tasks scheduled from follow-on schedule check
[2022-02-19 11:49:54,614] {taskinstance.py:1032} INFO - Dependencies all met for <TaskInstance: Question3_FHV.csv_to_parquet scheduled__2019-07-02T06:00:00+00:00 [queued]>
[2022-02-19 11:49:54,654] {taskinstance.py:1032} INFO - Dependencies all met for <TaskInstance: Question3_FHV.csv_to_parquet scheduled__2019-07-02T06:00:00+00:00 [queued]>
[2022-02-19 11:49:54,654] {taskinstance.py:1238} INFO - 
--------------------------------------------------------------------------------
[2022-02-19 11:49:54,654] {taskinstance.py:1239} INFO - Starting attempt 1 of 2
[2022-02-19 11:49:54,655] {taskinstance.py:1240} INFO - 
--------------------------------------------------------------------------------
[2022-02-19 11:49:54,693] {taskinstance.py:1259} INFO - Executing <Task(PythonOperator): csv_to_parquet> on 2019-07-02 06:00:00+00:00
[2022-02-19 11:49:54,699] {standard_task_runner.py:52} INFO - Started process 4901 to run task
[2022-02-19 11:49:54,706] {standard_task_runner.py:76} INFO - Running: ['***', 'tasks', 'run', 'Question3_FHV', 'csv_to_parquet', 'scheduled__2019-07-02T06:00:00+00:00', '--job-id', '1007', '--raw', '--subdir', 'DAGS_FOLDER/dag_questions3.py', '--cfg-path', '/tmp/tmp6wrwmnnm', '--error-file', '/tmp/tmp9i2imi8f']
[2022-02-19 11:49:54,707] {standard_task_runner.py:77} INFO - Job 1007: Subtask csv_to_parquet
[2022-02-19 11:49:54,879] {logging_mixin.py:109} INFO - Running <TaskInstance: Question3_FHV.csv_to_parquet scheduled__2019-07-02T06:00:00+00:00 [running]> on host f81f14254480
[2022-02-19 11:49:55,010] {warnings.py:110} WARNING - /home/***/.local/lib/python3.7/site-packages/***/utils/context.py:152: AirflowContextDeprecationWarning: Accessing 'execution_date' from the template is deprecated and will be removed in a future version. Please use 'data_interval_start' or 'logical_date' instead.
  warnings.warn(_create_deprecation_warning(key, self._deprecation_replacements[key]))

[2022-02-19 11:49:55,069] {taskinstance.py:1426} INFO - Exporting the following env vars:
AIRFLOW_CTX_DAG_OWNER=***
AIRFLOW_CTX_DAG_ID=Question3_FHV
AIRFLOW_CTX_TASK_ID=csv_to_parquet
AIRFLOW_CTX_EXECUTION_DATE=2019-07-02T06:00:00+00:00
AIRFLOW_CTX_DAG_RUN_ID=scheduled__2019-07-02T06:00:00+00:00
[2022-02-19 11:49:56,880] {python.py:175} INFO - Done. Returned value was: None
[2022-02-19 11:49:56,919] {taskinstance.py:1277} INFO - Marking task as SUCCESS. dag_id=Question3_FHV, task_id=csv_to_parquet, execution_date=20190702T060000, start_date=20220219T114954, end_date=20220219T114956
[2022-02-19 11:49:57,078] {local_task_job.py:154} INFO - Task exited with return code 0
[2022-02-19 11:49:57,252] {local_task_job.py:264} INFO - 1 downstream tasks scheduled from follow-on schedule check
