[2022-01-30 13:05:26,958] {taskinstance.py:1032} INFO - Dependencies all met for <TaskInstance: HomeWorkWeek2.halo scheduled__2020-03-02T06:00:00+00:00 [queued]>
[2022-01-30 13:05:27,005] {taskinstance.py:1032} INFO - Dependencies all met for <TaskInstance: HomeWorkWeek2.halo scheduled__2020-03-02T06:00:00+00:00 [queued]>
[2022-01-30 13:05:27,006] {taskinstance.py:1238} INFO - 
--------------------------------------------------------------------------------
[2022-01-30 13:05:27,006] {taskinstance.py:1239} INFO - Starting attempt 1 of 2
[2022-01-30 13:05:27,006] {taskinstance.py:1240} INFO - 
--------------------------------------------------------------------------------
[2022-01-30 13:05:27,055] {taskinstance.py:1259} INFO - Executing <Task(PythonOperator): halo> on 2020-03-02 06:00:00+00:00
[2022-01-30 13:05:27,064] {standard_task_runner.py:52} INFO - Started process 2774 to run task
[2022-01-30 13:05:27,074] {standard_task_runner.py:76} INFO - Running: ['***', 'tasks', 'run', 'HomeWorkWeek2', 'halo', 'scheduled__2020-03-02T06:00:00+00:00', '--job-id', '133', '--raw', '--subdir', 'DAGS_FOLDER/dag_questions1.py', '--cfg-path', '/tmp/tmp1lpp5szv', '--error-file', '/tmp/tmp8uwvpte4']
[2022-01-30 13:05:27,083] {standard_task_runner.py:77} INFO - Job 133: Subtask halo
[2022-01-30 13:05:27,267] {logging_mixin.py:109} INFO - Running <TaskInstance: HomeWorkWeek2.halo scheduled__2020-03-02T06:00:00+00:00 [running]> on host 4b3b8c5e49b1
[2022-01-30 13:05:27,459] {taskinstance.py:1426} INFO - Exporting the following env vars:
AIRFLOW_CTX_DAG_OWNER=***
AIRFLOW_CTX_DAG_ID=HomeWorkWeek2
AIRFLOW_CTX_TASK_ID=halo
AIRFLOW_CTX_EXECUTION_DATE=2020-03-02T06:00:00+00:00
AIRFLOW_CTX_DAG_RUN_ID=scheduled__2020-03-02T06:00:00+00:00
[2022-01-30 13:05:27,461] {logging_mixin.py:109} INFO - helloworld
[2022-01-30 13:05:27,462] {python.py:175} INFO - Done. Returned value was: None
[2022-01-30 13:05:27,498] {taskinstance.py:1277} INFO - Marking task as SUCCESS. dag_id=HomeWorkWeek2, task_id=halo, execution_date=20200302T060000, start_date=20220130T130526, end_date=20220130T130527
[2022-01-30 13:05:27,568] {local_task_job.py:154} INFO - Task exited with return code 0
[2022-01-30 13:05:27,675] {local_task_job.py:264} INFO - 0 downstream tasks scheduled from follow-on schedule check
[2022-01-30 14:53:54,948] {taskinstance.py:1032} INFO - Dependencies all met for <TaskInstance: HomeWorkWeek2.halo scheduled__2020-03-02T06:00:00+00:00 [queued]>
[2022-01-30 14:53:55,172] {taskinstance.py:1032} INFO - Dependencies all met for <TaskInstance: HomeWorkWeek2.halo scheduled__2020-03-02T06:00:00+00:00 [queued]>
[2022-01-30 14:53:55,173] {taskinstance.py:1238} INFO - 
--------------------------------------------------------------------------------
[2022-01-30 14:53:55,173] {taskinstance.py:1239} INFO - Starting attempt 1 of 2
[2022-01-30 14:53:55,173] {taskinstance.py:1240} INFO - 
--------------------------------------------------------------------------------
[2022-01-30 14:53:55,263] {taskinstance.py:1259} INFO - Executing <Task(PythonOperator): halo> on 2020-03-02 06:00:00+00:00
[2022-01-30 14:53:55,282] {standard_task_runner.py:52} INFO - Started process 1150 to run task
[2022-01-30 14:53:55,304] {standard_task_runner.py:76} INFO - Running: ['***', 'tasks', 'run', 'HomeWorkWeek2', 'halo', 'scheduled__2020-03-02T06:00:00+00:00', '--job-id', '228', '--raw', '--subdir', 'DAGS_FOLDER/dag_questions1.py', '--cfg-path', '/tmp/tmpdv1m772f', '--error-file', '/tmp/tmpjad88czs']
[2022-01-30 14:53:55,324] {standard_task_runner.py:77} INFO - Job 228: Subtask halo
[2022-01-30 14:53:55,787] {logging_mixin.py:109} INFO - Running <TaskInstance: HomeWorkWeek2.halo scheduled__2020-03-02T06:00:00+00:00 [running]> on host 785c0c715caa
[2022-01-30 14:53:56,160] {taskinstance.py:1426} INFO - Exporting the following env vars:
AIRFLOW_CTX_DAG_OWNER=***
AIRFLOW_CTX_DAG_ID=HomeWorkWeek2
AIRFLOW_CTX_TASK_ID=halo
AIRFLOW_CTX_EXECUTION_DATE=2020-03-02T06:00:00+00:00
AIRFLOW_CTX_DAG_RUN_ID=scheduled__2020-03-02T06:00:00+00:00
[2022-01-30 14:53:56,162] {logging_mixin.py:109} INFO - hello world!!
[2022-01-30 14:53:56,162] {python.py:175} INFO - Done. Returned value was: None
[2022-01-30 14:53:56,224] {taskinstance.py:1277} INFO - Marking task as SUCCESS. dag_id=HomeWorkWeek2, task_id=halo, execution_date=20200302T060000, start_date=20220130T145354, end_date=20220130T145356
[2022-01-30 14:53:56,315] {local_task_job.py:154} INFO - Task exited with return code 0
[2022-01-30 14:53:56,425] {local_task_job.py:264} INFO - 0 downstream tasks scheduled from follow-on schedule check
[2022-02-19 01:32:06,666] {taskinstance.py:1032} INFO - Dependencies all met for <TaskInstance: HomeWorkWeek2.halo scheduled__2020-03-02T06:00:00+00:00 [queued]>
[2022-02-19 01:32:06,715] {taskinstance.py:1032} INFO - Dependencies all met for <TaskInstance: HomeWorkWeek2.halo scheduled__2020-03-02T06:00:00+00:00 [queued]>
[2022-02-19 01:32:06,716] {taskinstance.py:1238} INFO - 
--------------------------------------------------------------------------------
[2022-02-19 01:32:06,716] {taskinstance.py:1239} INFO - Starting attempt 1 of 2
[2022-02-19 01:32:06,717] {taskinstance.py:1240} INFO - 
--------------------------------------------------------------------------------
[2022-02-19 01:32:06,763] {taskinstance.py:1259} INFO - Executing <Task(PythonOperator): halo> on 2020-03-02 06:00:00+00:00
[2022-02-19 01:32:06,773] {standard_task_runner.py:52} INFO - Started process 2992 to run task
[2022-02-19 01:32:06,785] {standard_task_runner.py:76} INFO - Running: ['***', 'tasks', 'run', 'HomeWorkWeek2', 'halo', 'scheduled__2020-03-02T06:00:00+00:00', '--job-id', '578', '--raw', '--subdir', 'DAGS_FOLDER/dag_questions1.py', '--cfg-path', '/tmp/tmp3wrdxv13', '--error-file', '/tmp/tmpz161ddxo']
[2022-02-19 01:32:06,794] {standard_task_runner.py:77} INFO - Job 578: Subtask halo
[2022-02-19 01:32:06,959] {logging_mixin.py:109} INFO - Running <TaskInstance: HomeWorkWeek2.halo scheduled__2020-03-02T06:00:00+00:00 [running]> on host 312f1fe573aa
[2022-02-19 01:32:07,235] {taskinstance.py:1426} INFO - Exporting the following env vars:
AIRFLOW_CTX_DAG_OWNER=***
AIRFLOW_CTX_DAG_ID=HomeWorkWeek2
AIRFLOW_CTX_TASK_ID=halo
AIRFLOW_CTX_EXECUTION_DATE=2020-03-02T06:00:00+00:00
AIRFLOW_CTX_DAG_RUN_ID=scheduled__2020-03-02T06:00:00+00:00
[2022-02-19 01:32:07,238] {logging_mixin.py:109} INFO - hello world!!
[2022-02-19 01:32:07,239] {python.py:175} INFO - Done. Returned value was: None
[2022-02-19 01:32:07,269] {taskinstance.py:1277} INFO - Marking task as SUCCESS. dag_id=HomeWorkWeek2, task_id=halo, execution_date=20200302T060000, start_date=20220219T013206, end_date=20220219T013207
[2022-02-19 01:32:07,335] {local_task_job.py:154} INFO - Task exited with return code 0
[2022-02-19 01:32:07,445] {local_task_job.py:264} INFO - 0 downstream tasks scheduled from follow-on schedule check
[2022-02-19 11:32:42,508] {taskinstance.py:1032} INFO - Dependencies all met for <TaskInstance: HomeWorkWeek2.halo scheduled__2020-03-02T06:00:00+00:00 [queued]>
[2022-02-19 11:32:42,566] {taskinstance.py:1032} INFO - Dependencies all met for <TaskInstance: HomeWorkWeek2.halo scheduled__2020-03-02T06:00:00+00:00 [queued]>
[2022-02-19 11:32:42,566] {taskinstance.py:1238} INFO - 
--------------------------------------------------------------------------------
[2022-02-19 11:32:42,567] {taskinstance.py:1239} INFO - Starting attempt 1 of 2
[2022-02-19 11:32:42,567] {taskinstance.py:1240} INFO - 
--------------------------------------------------------------------------------
[2022-02-19 11:32:42,624] {taskinstance.py:1259} INFO - Executing <Task(PythonOperator): halo> on 2020-03-02 06:00:00+00:00
[2022-02-19 11:32:42,633] {standard_task_runner.py:52} INFO - Started process 3855 to run task
[2022-02-19 11:32:42,640] {standard_task_runner.py:76} INFO - Running: ['***', 'tasks', 'run', 'HomeWorkWeek2', 'halo', 'scheduled__2020-03-02T06:00:00+00:00', '--job-id', '943', '--raw', '--subdir', 'DAGS_FOLDER/dag_questions1.py', '--cfg-path', '/tmp/tmp8s2xfwlf', '--error-file', '/tmp/tmp2r7i5noz']
[2022-02-19 11:32:42,641] {standard_task_runner.py:77} INFO - Job 943: Subtask halo
[2022-02-19 11:32:42,843] {logging_mixin.py:109} INFO - Running <TaskInstance: HomeWorkWeek2.halo scheduled__2020-03-02T06:00:00+00:00 [running]> on host f81f14254480
[2022-02-19 11:32:43,039] {taskinstance.py:1426} INFO - Exporting the following env vars:
AIRFLOW_CTX_DAG_OWNER=***
AIRFLOW_CTX_DAG_ID=HomeWorkWeek2
AIRFLOW_CTX_TASK_ID=halo
AIRFLOW_CTX_EXECUTION_DATE=2020-03-02T06:00:00+00:00
AIRFLOW_CTX_DAG_RUN_ID=scheduled__2020-03-02T06:00:00+00:00
[2022-02-19 11:32:43,041] {logging_mixin.py:109} INFO - hello world!!
[2022-02-19 11:32:43,041] {python.py:175} INFO - Done. Returned value was: None
[2022-02-19 11:32:43,082] {taskinstance.py:1277} INFO - Marking task as SUCCESS. dag_id=HomeWorkWeek2, task_id=halo, execution_date=20200302T060000, start_date=20220219T113242, end_date=20220219T113243
[2022-02-19 11:32:43,152] {local_task_job.py:154} INFO - Task exited with return code 0
[2022-02-19 11:32:43,256] {local_task_job.py:264} INFO - 0 downstream tasks scheduled from follow-on schedule check
[2022-02-20 00:16:54,993] {taskinstance.py:1032} INFO - Dependencies all met for <TaskInstance: HomeWorkWeek2.halo scheduled__2020-03-02T06:00:00+00:00 [queued]>
[2022-02-20 00:16:55,044] {taskinstance.py:1032} INFO - Dependencies all met for <TaskInstance: HomeWorkWeek2.halo scheduled__2020-03-02T06:00:00+00:00 [queued]>
[2022-02-20 00:16:55,045] {taskinstance.py:1238} INFO - 
--------------------------------------------------------------------------------
[2022-02-20 00:16:55,045] {taskinstance.py:1239} INFO - Starting attempt 1 of 2
[2022-02-20 00:16:55,045] {taskinstance.py:1240} INFO - 
--------------------------------------------------------------------------------
[2022-02-20 00:16:55,090] {taskinstance.py:1259} INFO - Executing <Task(PythonOperator): halo> on 2020-03-02 06:00:00+00:00
[2022-02-20 00:16:55,097] {standard_task_runner.py:52} INFO - Started process 23864 to run task
[2022-02-20 00:16:55,102] {standard_task_runner.py:76} INFO - Running: ['***', 'tasks', 'run', 'HomeWorkWeek2', 'halo', 'scheduled__2020-03-02T06:00:00+00:00', '--job-id', '1107', '--raw', '--subdir', 'DAGS_FOLDER/dag_questions1.py', '--cfg-path', '/tmp/tmpe5nvef5h', '--error-file', '/tmp/tmp757eppug']
[2022-02-20 00:16:55,104] {standard_task_runner.py:77} INFO - Job 1107: Subtask halo
[2022-02-20 00:16:55,288] {logging_mixin.py:109} INFO - Running <TaskInstance: HomeWorkWeek2.halo scheduled__2020-03-02T06:00:00+00:00 [running]> on host d9977d7db207
[2022-02-20 00:16:55,501] {taskinstance.py:1426} INFO - Exporting the following env vars:
AIRFLOW_CTX_DAG_OWNER=***
AIRFLOW_CTX_DAG_ID=HomeWorkWeek2
AIRFLOW_CTX_TASK_ID=halo
AIRFLOW_CTX_EXECUTION_DATE=2020-03-02T06:00:00+00:00
AIRFLOW_CTX_DAG_RUN_ID=scheduled__2020-03-02T06:00:00+00:00
[2022-02-20 00:16:55,504] {logging_mixin.py:109} INFO - hello world!!
[2022-02-20 00:16:55,505] {python.py:175} INFO - Done. Returned value was: None
[2022-02-20 00:16:55,548] {taskinstance.py:1277} INFO - Marking task as SUCCESS. dag_id=HomeWorkWeek2, task_id=halo, execution_date=20200302T060000, start_date=20220220T001654, end_date=20220220T001655
[2022-02-20 00:16:55,615] {local_task_job.py:154} INFO - Task exited with return code 0
[2022-02-20 00:16:55,704] {local_task_job.py:264} INFO - 0 downstream tasks scheduled from follow-on schedule check
