[2022-02-02 21:25:58,678] {taskinstance.py:1032} INFO - Dependencies all met for <TaskInstance: Question3_FHV.dowdata scheduled__2019-09-02T06:00:00+00:00 [queued]>
[2022-02-02 21:25:58,716] {taskinstance.py:1032} INFO - Dependencies all met for <TaskInstance: Question3_FHV.dowdata scheduled__2019-09-02T06:00:00+00:00 [queued]>
[2022-02-02 21:25:58,716] {taskinstance.py:1238} INFO - 
--------------------------------------------------------------------------------
[2022-02-02 21:25:58,717] {taskinstance.py:1239} INFO - Starting attempt 1 of 2
[2022-02-02 21:25:58,717] {taskinstance.py:1240} INFO - 
--------------------------------------------------------------------------------
[2022-02-02 21:25:58,750] {taskinstance.py:1259} INFO - Executing <Task(BashOperator): dowdata> on 2019-09-02 06:00:00+00:00
[2022-02-02 21:25:58,757] {standard_task_runner.py:52} INFO - Started process 1303 to run task
[2022-02-02 21:25:58,762] {standard_task_runner.py:76} INFO - Running: ['***', 'tasks', 'run', 'Question3_FHV', 'dowdata', 'scheduled__2019-09-02T06:00:00+00:00', '--job-id', '345', '--raw', '--subdir', 'DAGS_FOLDER/dag_questions3.py', '--cfg-path', '/tmp/tmpx_6w121p', '--error-file', '/tmp/tmpnllezbjt']
[2022-02-02 21:25:58,764] {standard_task_runner.py:77} INFO - Job 345: Subtask dowdata
[2022-02-02 21:25:58,909] {logging_mixin.py:109} INFO - Running <TaskInstance: Question3_FHV.dowdata scheduled__2019-09-02T06:00:00+00:00 [running]> on host d574c7c5b085
[2022-02-02 21:25:59,041] {warnings.py:110} WARNING - /home/***/.local/lib/python3.7/site-packages/***/utils/context.py:152: AirflowContextDeprecationWarning: Accessing 'execution_date' from the template is deprecated and will be removed in a future version. Please use 'data_interval_start' or 'logical_date' instead.
  warnings.warn(_create_deprecation_warning(key, self._deprecation_replacements[key]))

[2022-02-02 21:25:59,084] {taskinstance.py:1426} INFO - Exporting the following env vars:
AIRFLOW_CTX_DAG_OWNER=***
AIRFLOW_CTX_DAG_ID=Question3_FHV
AIRFLOW_CTX_TASK_ID=dowdata
AIRFLOW_CTX_EXECUTION_DATE=2019-09-02T06:00:00+00:00
AIRFLOW_CTX_DAG_RUN_ID=scheduled__2019-09-02T06:00:00+00:00
[2022-02-02 21:25:59,086] {subprocess.py:62} INFO - Tmp dir root location: 
 /tmp
[2022-02-02 21:25:59,087] {subprocess.py:74} INFO - Running command: ['bash', '-c', 'curl -sSLf https://nyc-tlc.s3.amazonaws.com/trip+data/fhv_tripdata_2019-09.csv > /opt/***output_fhv_2019-09.csv']
[2022-02-02 21:25:59,103] {subprocess.py:85} INFO - Output:
[2022-02-02 21:26:18,106] {subprocess.py:93} INFO - Command exited with return code 0
[2022-02-02 21:26:18,185] {taskinstance.py:1277} INFO - Marking task as SUCCESS. dag_id=Question3_FHV, task_id=dowdata, execution_date=20190902T060000, start_date=20220202T212558, end_date=20220202T212618
[2022-02-02 21:26:18,298] {local_task_job.py:154} INFO - Task exited with return code 0
[2022-02-02 21:26:18,438] {local_task_job.py:264} INFO - 1 downstream tasks scheduled from follow-on schedule check
[2022-02-09 11:40:15,575] {taskinstance.py:1032} INFO - Dependencies all met for <TaskInstance: Question3_FHV.dowdata scheduled__2019-09-02T06:00:00+00:00 [queued]>
[2022-02-09 11:40:15,627] {taskinstance.py:1032} INFO - Dependencies all met for <TaskInstance: Question3_FHV.dowdata scheduled__2019-09-02T06:00:00+00:00 [queued]>
[2022-02-09 11:40:15,628] {taskinstance.py:1238} INFO - 
--------------------------------------------------------------------------------
[2022-02-09 11:40:15,628] {taskinstance.py:1239} INFO - Starting attempt 1 of 2
[2022-02-09 11:40:15,628] {taskinstance.py:1240} INFO - 
--------------------------------------------------------------------------------
[2022-02-09 11:40:15,671] {taskinstance.py:1259} INFO - Executing <Task(BashOperator): dowdata> on 2019-09-02 06:00:00+00:00
[2022-02-09 11:40:15,679] {standard_task_runner.py:52} INFO - Started process 916 to run task
[2022-02-09 11:40:15,685] {standard_task_runner.py:76} INFO - Running: ['***', 'tasks', 'run', 'Question3_FHV', 'dowdata', 'scheduled__2019-09-02T06:00:00+00:00', '--job-id', '413', '--raw', '--subdir', 'DAGS_FOLDER/dag_questions3.py', '--cfg-path', '/tmp/tmpo6zhd722', '--error-file', '/tmp/tmpsslgqf1d']
[2022-02-09 11:40:15,687] {standard_task_runner.py:77} INFO - Job 413: Subtask dowdata
[2022-02-09 11:40:15,889] {logging_mixin.py:109} INFO - Running <TaskInstance: Question3_FHV.dowdata scheduled__2019-09-02T06:00:00+00:00 [running]> on host c5795c3f6004
[2022-02-09 11:40:16,031] {warnings.py:110} WARNING - /home/***/.local/lib/python3.7/site-packages/***/utils/context.py:152: AirflowContextDeprecationWarning: Accessing 'execution_date' from the template is deprecated and will be removed in a future version. Please use 'data_interval_start' or 'logical_date' instead.
  warnings.warn(_create_deprecation_warning(key, self._deprecation_replacements[key]))

[2022-02-09 11:40:16,086] {taskinstance.py:1426} INFO - Exporting the following env vars:
AIRFLOW_CTX_DAG_OWNER=***
AIRFLOW_CTX_DAG_ID=Question3_FHV
AIRFLOW_CTX_TASK_ID=dowdata
AIRFLOW_CTX_EXECUTION_DATE=2019-09-02T06:00:00+00:00
AIRFLOW_CTX_DAG_RUN_ID=scheduled__2019-09-02T06:00:00+00:00
[2022-02-09 11:40:16,089] {subprocess.py:62} INFO - Tmp dir root location: 
 /tmp
[2022-02-09 11:40:16,090] {subprocess.py:74} INFO - Running command: ['bash', '-c', 'curl -sSLf https://nyc-tlc.s3.amazonaws.com/trip+data/fhv_tripdata_2019-09.csv > /opt/***output_fhv_2019-09.csv']
[2022-02-09 11:40:16,124] {subprocess.py:85} INFO - Output:
[2022-02-09 11:42:31,957] {subprocess.py:93} INFO - Command exited with return code 0
[2022-02-09 11:42:32,079] {taskinstance.py:1277} INFO - Marking task as SUCCESS. dag_id=Question3_FHV, task_id=dowdata, execution_date=20190902T060000, start_date=20220209T114015, end_date=20220209T114232
[2022-02-09 11:42:32,168] {local_task_job.py:154} INFO - Task exited with return code 0
[2022-02-09 11:42:32,289] {local_task_job.py:264} INFO - 1 downstream tasks scheduled from follow-on schedule check
[2022-02-10 01:13:20,947] {taskinstance.py:1032} INFO - Dependencies all met for <TaskInstance: Question3_FHV.dowdata scheduled__2019-09-02T06:00:00+00:00 [queued]>
[2022-02-10 01:13:20,993] {taskinstance.py:1032} INFO - Dependencies all met for <TaskInstance: Question3_FHV.dowdata scheduled__2019-09-02T06:00:00+00:00 [queued]>
[2022-02-10 01:13:20,993] {taskinstance.py:1238} INFO - 
--------------------------------------------------------------------------------
[2022-02-10 01:13:20,994] {taskinstance.py:1239} INFO - Starting attempt 1 of 2
[2022-02-10 01:13:20,994] {taskinstance.py:1240} INFO - 
--------------------------------------------------------------------------------
[2022-02-10 01:13:21,031] {taskinstance.py:1259} INFO - Executing <Task(BashOperator): dowdata> on 2019-09-02 06:00:00+00:00
[2022-02-10 01:13:21,038] {standard_task_runner.py:52} INFO - Started process 7394 to run task
[2022-02-10 01:13:21,045] {standard_task_runner.py:76} INFO - Running: ['***', 'tasks', 'run', 'Question3_FHV', 'dowdata', 'scheduled__2019-09-02T06:00:00+00:00', '--job-id', '481', '--raw', '--subdir', 'DAGS_FOLDER/dag_questions3.py', '--cfg-path', '/tmp/tmp4x51lby_', '--error-file', '/tmp/tmpg5vjeb5_']
[2022-02-10 01:13:21,047] {standard_task_runner.py:77} INFO - Job 481: Subtask dowdata
[2022-02-10 01:13:21,254] {logging_mixin.py:109} INFO - Running <TaskInstance: Question3_FHV.dowdata scheduled__2019-09-02T06:00:00+00:00 [running]> on host 0fd4ea805f5e
[2022-02-10 01:13:21,479] {warnings.py:110} WARNING - /home/***/.local/lib/python3.7/site-packages/***/utils/context.py:152: AirflowContextDeprecationWarning: Accessing 'execution_date' from the template is deprecated and will be removed in a future version. Please use 'data_interval_start' or 'logical_date' instead.
  warnings.warn(_create_deprecation_warning(key, self._deprecation_replacements[key]))

[2022-02-10 01:13:21,526] {taskinstance.py:1426} INFO - Exporting the following env vars:
AIRFLOW_CTX_DAG_OWNER=***
AIRFLOW_CTX_DAG_ID=Question3_FHV
AIRFLOW_CTX_TASK_ID=dowdata
AIRFLOW_CTX_EXECUTION_DATE=2019-09-02T06:00:00+00:00
AIRFLOW_CTX_DAG_RUN_ID=scheduled__2019-09-02T06:00:00+00:00
[2022-02-10 01:13:21,528] {subprocess.py:62} INFO - Tmp dir root location: 
 /tmp
[2022-02-10 01:13:21,529] {subprocess.py:74} INFO - Running command: ['bash', '-c', 'curl -sSLf https://nyc-tlc.s3.amazonaws.com/trip+data/fhv_tripdata_2019-09.csv > /opt/***fhv_2019-09.csv']
[2022-02-10 01:13:21,544] {subprocess.py:85} INFO - Output:
[2022-02-10 01:13:54,431] {subprocess.py:93} INFO - Command exited with return code 0
[2022-02-10 01:13:54,520] {taskinstance.py:1277} INFO - Marking task as SUCCESS. dag_id=Question3_FHV, task_id=dowdata, execution_date=20190902T060000, start_date=20220210T011320, end_date=20220210T011354
[2022-02-10 01:13:54,583] {local_task_job.py:154} INFO - Task exited with return code 0
[2022-02-10 01:13:54,710] {local_task_job.py:264} INFO - 1 downstream tasks scheduled from follow-on schedule check
[2022-02-19 01:52:13,158] {taskinstance.py:1032} INFO - Dependencies all met for <TaskInstance: Question3_FHV.dowdata scheduled__2019-09-02T06:00:00+00:00 [queued]>
[2022-02-19 01:52:13,208] {taskinstance.py:1032} INFO - Dependencies all met for <TaskInstance: Question3_FHV.dowdata scheduled__2019-09-02T06:00:00+00:00 [queued]>
[2022-02-19 01:52:13,209] {taskinstance.py:1238} INFO - 
--------------------------------------------------------------------------------
[2022-02-19 01:52:13,209] {taskinstance.py:1239} INFO - Starting attempt 1 of 2
[2022-02-19 01:52:13,209] {taskinstance.py:1240} INFO - 
--------------------------------------------------------------------------------
[2022-02-19 01:52:13,257] {taskinstance.py:1259} INFO - Executing <Task(BashOperator): dowdata> on 2019-09-02 06:00:00+00:00
[2022-02-19 01:52:13,265] {standard_task_runner.py:52} INFO - Started process 4168 to run task
[2022-02-19 01:52:13,272] {standard_task_runner.py:76} INFO - Running: ['***', 'tasks', 'run', 'Question3_FHV', 'dowdata', 'scheduled__2019-09-02T06:00:00+00:00', '--job-id', '644', '--raw', '--subdir', 'DAGS_FOLDER/dag_questions3.py', '--cfg-path', '/tmp/tmpfwya5b9j', '--error-file', '/tmp/tmp5zt3nu5p']
[2022-02-19 01:52:13,274] {standard_task_runner.py:77} INFO - Job 644: Subtask dowdata
[2022-02-19 01:52:13,481] {logging_mixin.py:109} INFO - Running <TaskInstance: Question3_FHV.dowdata scheduled__2019-09-02T06:00:00+00:00 [running]> on host 312f1fe573aa
[2022-02-19 01:52:13,653] {warnings.py:110} WARNING - /home/***/.local/lib/python3.7/site-packages/***/utils/context.py:152: AirflowContextDeprecationWarning: Accessing 'execution_date' from the template is deprecated and will be removed in a future version. Please use 'data_interval_start' or 'logical_date' instead.
  warnings.warn(_create_deprecation_warning(key, self._deprecation_replacements[key]))

[2022-02-19 01:52:13,701] {taskinstance.py:1426} INFO - Exporting the following env vars:
AIRFLOW_CTX_DAG_OWNER=***
AIRFLOW_CTX_DAG_ID=Question3_FHV
AIRFLOW_CTX_TASK_ID=dowdata
AIRFLOW_CTX_EXECUTION_DATE=2019-09-02T06:00:00+00:00
AIRFLOW_CTX_DAG_RUN_ID=scheduled__2019-09-02T06:00:00+00:00
[2022-02-19 01:52:13,703] {subprocess.py:62} INFO - Tmp dir root location: 
 /tmp
[2022-02-19 01:52:13,705] {subprocess.py:74} INFO - Running command: ['bash', '-c', 'curl -sSLf https://nyc-tlc.s3.amazonaws.com/trip+data/fhv_tripdata_2019-09.csv > /opt/***fhv_2019-09.csv']
[2022-02-19 01:52:13,721] {subprocess.py:85} INFO - Output:
[2022-02-19 01:52:22,229] {subprocess.py:93} INFO - Command exited with return code 0
[2022-02-19 01:52:22,296] {taskinstance.py:1277} INFO - Marking task as SUCCESS. dag_id=Question3_FHV, task_id=dowdata, execution_date=20190902T060000, start_date=20220219T015213, end_date=20220219T015222
[2022-02-19 01:52:22,398] {local_task_job.py:154} INFO - Task exited with return code 0
[2022-02-19 01:52:22,524] {local_task_job.py:264} INFO - 1 downstream tasks scheduled from follow-on schedule check
