[2022-01-30 13:08:07,181] {taskinstance.py:1032} INFO - Dependencies all met for <TaskInstance: HomeWorkWeek2.dowdata scheduled__2021-03-02T06:00:00+00:00 [queued]>
[2022-01-30 13:08:07,266] {taskinstance.py:1032} INFO - Dependencies all met for <TaskInstance: HomeWorkWeek2.dowdata scheduled__2021-03-02T06:00:00+00:00 [queued]>
[2022-01-30 13:08:07,268] {taskinstance.py:1238} INFO - 
--------------------------------------------------------------------------------
[2022-01-30 13:08:07,269] {taskinstance.py:1239} INFO - Starting attempt 1 of 2
[2022-01-30 13:08:07,269] {taskinstance.py:1240} INFO - 
--------------------------------------------------------------------------------
[2022-01-30 13:08:07,341] {taskinstance.py:1259} INFO - Executing <Task(BashOperator): dowdata> on 2021-03-02 06:00:00+00:00
[2022-01-30 13:08:07,354] {standard_task_runner.py:52} INFO - Started process 2983 to run task
[2022-01-30 13:08:07,371] {standard_task_runner.py:76} INFO - Running: ['***', 'tasks', 'run', 'HomeWorkWeek2', 'dowdata', 'scheduled__2021-03-02T06:00:00+00:00', '--job-id', '156', '--raw', '--subdir', 'DAGS_FOLDER/dag_questions1.py', '--cfg-path', '/tmp/tmpx2qk4riv', '--error-file', '/tmp/tmpyjqlx5ik']
[2022-01-30 13:08:07,373] {standard_task_runner.py:77} INFO - Job 156: Subtask dowdata
[2022-01-30 13:08:07,636] {logging_mixin.py:109} INFO - Running <TaskInstance: HomeWorkWeek2.dowdata scheduled__2021-03-02T06:00:00+00:00 [running]> on host 4b3b8c5e49b1
[2022-01-30 13:08:07,833] {warnings.py:110} WARNING - /home/***/.local/lib/python3.7/site-packages/***/utils/context.py:152: AirflowContextDeprecationWarning: Accessing 'execution_date' from the template is deprecated and will be removed in a future version. Please use 'data_interval_start' or 'logical_date' instead.
  warnings.warn(_create_deprecation_warning(key, self._deprecation_replacements[key]))

[2022-01-30 13:08:07,942] {taskinstance.py:1426} INFO - Exporting the following env vars:
AIRFLOW_CTX_DAG_OWNER=***
AIRFLOW_CTX_DAG_ID=HomeWorkWeek2
AIRFLOW_CTX_TASK_ID=dowdata
AIRFLOW_CTX_EXECUTION_DATE=2021-03-02T06:00:00+00:00
AIRFLOW_CTX_DAG_RUN_ID=scheduled__2021-03-02T06:00:00+00:00
[2022-01-30 13:08:07,944] {subprocess.py:62} INFO - Tmp dir root location: 
 /tmp
[2022-01-30 13:08:07,955] {subprocess.py:74} INFO - Running command: ['bash', '-c', 'curl -sSLf https://s3.amazonaws.com/nyc-tlc/trip+data/yellow_tripdata_2021-03.csv > /opt/***output_2021-03.csv']
[2022-01-30 13:08:08,009] {subprocess.py:85} INFO - Output:
[2022-01-30 13:09:35,581] {subprocess.py:93} INFO - Command exited with return code 0
[2022-01-30 13:09:35,661] {taskinstance.py:1277} INFO - Marking task as SUCCESS. dag_id=HomeWorkWeek2, task_id=dowdata, execution_date=20210302T060000, start_date=20220130T130807, end_date=20220130T130935
[2022-01-30 13:09:35,766] {local_task_job.py:154} INFO - Task exited with return code 0
[2022-01-30 13:09:35,910] {local_task_job.py:264} INFO - 1 downstream tasks scheduled from follow-on schedule check
[2022-01-30 14:57:22,444] {taskinstance.py:1032} INFO - Dependencies all met for <TaskInstance: HomeWorkWeek2.dowdata scheduled__2021-03-02T06:00:00+00:00 [queued]>
[2022-01-30 14:57:22,554] {taskinstance.py:1032} INFO - Dependencies all met for <TaskInstance: HomeWorkWeek2.dowdata scheduled__2021-03-02T06:00:00+00:00 [queued]>
[2022-01-30 14:57:22,555] {taskinstance.py:1238} INFO - 
--------------------------------------------------------------------------------
[2022-01-30 14:57:22,555] {taskinstance.py:1239} INFO - Starting attempt 1 of 2
[2022-01-30 14:57:22,555] {taskinstance.py:1240} INFO - 
--------------------------------------------------------------------------------
[2022-01-30 14:57:22,610] {taskinstance.py:1259} INFO - Executing <Task(BashOperator): dowdata> on 2021-03-02 06:00:00+00:00
[2022-01-30 14:57:22,625] {standard_task_runner.py:52} INFO - Started process 1455 to run task
[2022-01-30 14:57:22,656] {standard_task_runner.py:76} INFO - Running: ['***', 'tasks', 'run', 'HomeWorkWeek2', 'dowdata', 'scheduled__2021-03-02T06:00:00+00:00', '--job-id', '257', '--raw', '--subdir', 'DAGS_FOLDER/dag_questions1.py', '--cfg-path', '/tmp/tmpbay52cny', '--error-file', '/tmp/tmpfgvkn_uw']
[2022-01-30 14:57:22,658] {standard_task_runner.py:77} INFO - Job 257: Subtask dowdata
[2022-01-30 14:57:22,974] {logging_mixin.py:109} INFO - Running <TaskInstance: HomeWorkWeek2.dowdata scheduled__2021-03-02T06:00:00+00:00 [running]> on host 785c0c715caa
[2022-01-30 14:57:23,584] {warnings.py:110} WARNING - /home/***/.local/lib/python3.7/site-packages/***/utils/context.py:152: AirflowContextDeprecationWarning: Accessing 'execution_date' from the template is deprecated and will be removed in a future version. Please use 'data_interval_start' or 'logical_date' instead.
  warnings.warn(_create_deprecation_warning(key, self._deprecation_replacements[key]))

[2022-01-30 14:57:23,766] {taskinstance.py:1426} INFO - Exporting the following env vars:
AIRFLOW_CTX_DAG_OWNER=***
AIRFLOW_CTX_DAG_ID=HomeWorkWeek2
AIRFLOW_CTX_TASK_ID=dowdata
AIRFLOW_CTX_EXECUTION_DATE=2021-03-02T06:00:00+00:00
AIRFLOW_CTX_DAG_RUN_ID=scheduled__2021-03-02T06:00:00+00:00
[2022-01-30 14:57:23,769] {subprocess.py:62} INFO - Tmp dir root location: 
 /tmp
[2022-01-30 14:57:23,772] {subprocess.py:74} INFO - Running command: ['bash', '-c', 'curl -sSLf https://s3.amazonaws.com/nyc-tlc/trip+data/yellow_tripdata_2021-03.csv > /opt/***output_2021-03.csv']
[2022-01-30 14:57:23,808] {subprocess.py:85} INFO - Output:
[2022-01-30 14:58:00,958] {subprocess.py:93} INFO - Command exited with return code 0
[2022-01-30 14:58:01,089] {taskinstance.py:1277} INFO - Marking task as SUCCESS. dag_id=HomeWorkWeek2, task_id=dowdata, execution_date=20210302T060000, start_date=20220130T145722, end_date=20220130T145801
[2022-01-30 14:58:01,170] {local_task_job.py:154} INFO - Task exited with return code 0
[2022-01-30 14:58:01,305] {local_task_job.py:264} INFO - 1 downstream tasks scheduled from follow-on schedule check
