[2022-01-30 14:46:16,633] {taskinstance.py:1032} INFO - Dependencies all met for <TaskInstance: HomeWorkWeek2.csv_to_parquet scheduled__2019-07-02T06:00:00+00:00 [queued]>
[2022-01-30 14:46:16,683] {taskinstance.py:1032} INFO - Dependencies all met for <TaskInstance: HomeWorkWeek2.csv_to_parquet scheduled__2019-07-02T06:00:00+00:00 [queued]>
[2022-01-30 14:46:16,684] {taskinstance.py:1238} INFO - 
--------------------------------------------------------------------------------
[2022-01-30 14:46:16,684] {taskinstance.py:1239} INFO - Starting attempt 1 of 2
[2022-01-30 14:46:16,685] {taskinstance.py:1240} INFO - 
--------------------------------------------------------------------------------
[2022-01-30 14:46:16,735] {taskinstance.py:1259} INFO - Executing <Task(PythonOperator): csv_to_parquet> on 2019-07-02 06:00:00+00:00
[2022-01-30 14:46:16,754] {standard_task_runner.py:52} INFO - Started process 626 to run task
[2022-01-30 14:46:16,754] {standard_task_runner.py:76} INFO - Running: ['***', 'tasks', 'run', 'HomeWorkWeek2', 'csv_to_parquet', 'scheduled__2019-07-02T06:00:00+00:00', '--job-id', '198', '--raw', '--subdir', 'DAGS_FOLDER/dag_questions1.py', '--cfg-path', '/tmp/tmpxe6j5fsl', '--error-file', '/tmp/tmpsq_e1vvb']
[2022-01-30 14:46:16,756] {standard_task_runner.py:77} INFO - Job 198: Subtask csv_to_parquet
[2022-01-30 14:46:16,942] {logging_mixin.py:109} INFO - Running <TaskInstance: HomeWorkWeek2.csv_to_parquet scheduled__2019-07-02T06:00:00+00:00 [running]> on host 785c0c715caa
[2022-01-30 14:46:17,094] {warnings.py:110} WARNING - /home/***/.local/lib/python3.7/site-packages/***/utils/context.py:152: AirflowContextDeprecationWarning: Accessing 'execution_date' from the template is deprecated and will be removed in a future version. Please use 'data_interval_start' or 'logical_date' instead.
  warnings.warn(_create_deprecation_warning(key, self._deprecation_replacements[key]))

[2022-01-30 14:46:17,148] {taskinstance.py:1426} INFO - Exporting the following env vars:
AIRFLOW_CTX_DAG_OWNER=***
AIRFLOW_CTX_DAG_ID=HomeWorkWeek2
AIRFLOW_CTX_TASK_ID=csv_to_parquet
AIRFLOW_CTX_EXECUTION_DATE=2019-07-02T06:00:00+00:00
AIRFLOW_CTX_DAG_RUN_ID=scheduled__2019-07-02T06:00:00+00:00
[2022-01-30 14:46:43,750] {python.py:175} INFO - Done. Returned value was: None
[2022-01-30 14:46:43,848] {taskinstance.py:1277} INFO - Marking task as SUCCESS. dag_id=HomeWorkWeek2, task_id=csv_to_parquet, execution_date=20190702T060000, start_date=20220130T144616, end_date=20220130T144643
[2022-01-30 14:46:44,571] {local_task_job.py:154} INFO - Task exited with return code 0
[2022-01-30 14:46:45,202] {local_task_job.py:264} INFO - 0 downstream tasks scheduled from follow-on schedule check
[2022-02-19 01:01:38,979] {taskinstance.py:1032} INFO - Dependencies all met for <TaskInstance: HomeWorkWeek2.csv_to_parquet scheduled__2019-07-02T06:00:00+00:00 [queued]>
[2022-02-19 01:01:39,056] {taskinstance.py:1032} INFO - Dependencies all met for <TaskInstance: HomeWorkWeek2.csv_to_parquet scheduled__2019-07-02T06:00:00+00:00 [queued]>
[2022-02-19 01:01:39,056] {taskinstance.py:1238} INFO - 
--------------------------------------------------------------------------------
[2022-02-19 01:01:39,056] {taskinstance.py:1239} INFO - Starting attempt 1 of 2
[2022-02-19 01:01:39,057] {taskinstance.py:1240} INFO - 
--------------------------------------------------------------------------------
[2022-02-19 01:01:39,133] {taskinstance.py:1259} INFO - Executing <Task(PythonOperator): csv_to_parquet> on 2019-07-02 06:00:00+00:00
[2022-02-19 01:01:39,142] {standard_task_runner.py:52} INFO - Started process 1502 to run task
[2022-02-19 01:01:39,154] {standard_task_runner.py:76} INFO - Running: ['***', 'tasks', 'run', 'HomeWorkWeek2', 'csv_to_parquet', 'scheduled__2019-07-02T06:00:00+00:00', '--job-id', '541', '--raw', '--subdir', 'DAGS_FOLDER/dag_questions1.py', '--cfg-path', '/tmp/tmpcn78xrl5', '--error-file', '/tmp/tmpyaxawlb_']
[2022-02-19 01:01:39,156] {standard_task_runner.py:77} INFO - Job 541: Subtask csv_to_parquet
[2022-02-19 01:01:39,419] {logging_mixin.py:109} INFO - Running <TaskInstance: HomeWorkWeek2.csv_to_parquet scheduled__2019-07-02T06:00:00+00:00 [running]> on host 312f1fe573aa
[2022-02-19 01:01:39,565] {warnings.py:110} WARNING - /home/***/.local/lib/python3.7/site-packages/***/utils/context.py:152: AirflowContextDeprecationWarning: Accessing 'execution_date' from the template is deprecated and will be removed in a future version. Please use 'data_interval_start' or 'logical_date' instead.
  warnings.warn(_create_deprecation_warning(key, self._deprecation_replacements[key]))

[2022-02-19 01:01:39,671] {taskinstance.py:1426} INFO - Exporting the following env vars:
AIRFLOW_CTX_DAG_OWNER=***
AIRFLOW_CTX_DAG_ID=HomeWorkWeek2
AIRFLOW_CTX_TASK_ID=csv_to_parquet
AIRFLOW_CTX_EXECUTION_DATE=2019-07-02T06:00:00+00:00
AIRFLOW_CTX_DAG_RUN_ID=scheduled__2019-07-02T06:00:00+00:00
[2022-02-19 01:01:53,475] {python.py:175} INFO - Done. Returned value was: None
[2022-02-19 01:01:53,520] {taskinstance.py:1277} INFO - Marking task as SUCCESS. dag_id=HomeWorkWeek2, task_id=csv_to_parquet, execution_date=20190702T060000, start_date=20220219T010138, end_date=20220219T010153
[2022-02-19 01:01:53,814] {local_task_job.py:154} INFO - Task exited with return code 0
[2022-02-19 01:01:53,970] {local_task_job.py:264} INFO - 1 downstream tasks scheduled from follow-on schedule check
[2022-02-19 11:05:53,331] {taskinstance.py:1032} INFO - Dependencies all met for <TaskInstance: HomeWorkWeek2.csv_to_parquet scheduled__2019-07-02T06:00:00+00:00 [queued]>
[2022-02-19 11:05:53,421] {taskinstance.py:1032} INFO - Dependencies all met for <TaskInstance: HomeWorkWeek2.csv_to_parquet scheduled__2019-07-02T06:00:00+00:00 [queued]>
[2022-02-19 11:05:53,422] {taskinstance.py:1238} INFO - 
--------------------------------------------------------------------------------
[2022-02-19 11:05:53,423] {taskinstance.py:1239} INFO - Starting attempt 1 of 2
[2022-02-19 11:05:53,423] {taskinstance.py:1240} INFO - 
--------------------------------------------------------------------------------
[2022-02-19 11:05:53,467] {taskinstance.py:1259} INFO - Executing <Task(PythonOperator): csv_to_parquet> on 2019-07-02 06:00:00+00:00
[2022-02-19 11:05:53,474] {standard_task_runner.py:52} INFO - Started process 2555 to run task
[2022-02-19 11:05:53,481] {standard_task_runner.py:76} INFO - Running: ['***', 'tasks', 'run', 'HomeWorkWeek2', 'csv_to_parquet', 'scheduled__2019-07-02T06:00:00+00:00', '--job-id', '911', '--raw', '--subdir', 'DAGS_FOLDER/dag_questions1.py', '--cfg-path', '/tmp/tmprxjf4v6l', '--error-file', '/tmp/tmpgebhr02n']
[2022-02-19 11:05:53,483] {standard_task_runner.py:77} INFO - Job 911: Subtask csv_to_parquet
[2022-02-19 11:05:53,715] {logging_mixin.py:109} INFO - Running <TaskInstance: HomeWorkWeek2.csv_to_parquet scheduled__2019-07-02T06:00:00+00:00 [running]> on host f81f14254480
[2022-02-19 11:05:53,860] {warnings.py:110} WARNING - /home/***/.local/lib/python3.7/site-packages/***/utils/context.py:152: AirflowContextDeprecationWarning: Accessing 'execution_date' from the template is deprecated and will be removed in a future version. Please use 'data_interval_start' or 'logical_date' instead.
  warnings.warn(_create_deprecation_warning(key, self._deprecation_replacements[key]))

[2022-02-19 11:05:53,959] {taskinstance.py:1426} INFO - Exporting the following env vars:
AIRFLOW_CTX_DAG_OWNER=***
AIRFLOW_CTX_DAG_ID=HomeWorkWeek2
AIRFLOW_CTX_TASK_ID=csv_to_parquet
AIRFLOW_CTX_EXECUTION_DATE=2019-07-02T06:00:00+00:00
AIRFLOW_CTX_DAG_RUN_ID=scheduled__2019-07-02T06:00:00+00:00
[2022-02-19 11:06:12,847] {python.py:175} INFO - Done. Returned value was: None
[2022-02-19 11:06:12,903] {taskinstance.py:1277} INFO - Marking task as SUCCESS. dag_id=HomeWorkWeek2, task_id=csv_to_parquet, execution_date=20190702T060000, start_date=20220219T110553, end_date=20220219T110612
[2022-02-19 11:06:13,322] {local_task_job.py:154} INFO - Task exited with return code 0
[2022-02-19 11:06:13,516] {local_task_job.py:264} INFO - 0 downstream tasks scheduled from follow-on schedule check
[2022-02-19 23:49:08,024] {taskinstance.py:1032} INFO - Dependencies all met for <TaskInstance: HomeWorkWeek2.csv_to_parquet scheduled__2019-07-02T06:00:00+00:00 [queued]>
[2022-02-19 23:49:08,069] {taskinstance.py:1032} INFO - Dependencies all met for <TaskInstance: HomeWorkWeek2.csv_to_parquet scheduled__2019-07-02T06:00:00+00:00 [queued]>
[2022-02-19 23:49:08,070] {taskinstance.py:1238} INFO - 
--------------------------------------------------------------------------------
[2022-02-19 23:49:08,070] {taskinstance.py:1239} INFO - Starting attempt 1 of 2
[2022-02-19 23:49:08,070] {taskinstance.py:1240} INFO - 
--------------------------------------------------------------------------------
[2022-02-19 23:49:08,108] {taskinstance.py:1259} INFO - Executing <Task(PythonOperator): csv_to_parquet> on 2019-07-02 06:00:00+00:00
[2022-02-19 23:49:08,116] {standard_task_runner.py:52} INFO - Started process 22526 to run task
[2022-02-19 23:49:08,122] {standard_task_runner.py:76} INFO - Running: ['***', 'tasks', 'run', 'HomeWorkWeek2', 'csv_to_parquet', 'scheduled__2019-07-02T06:00:00+00:00', '--job-id', '1075', '--raw', '--subdir', 'DAGS_FOLDER/dag_questions1.py', '--cfg-path', '/tmp/tmpo89i41uh', '--error-file', '/tmp/tmpp3nlcrln']
[2022-02-19 23:49:08,124] {standard_task_runner.py:77} INFO - Job 1075: Subtask csv_to_parquet
[2022-02-19 23:49:08,327] {logging_mixin.py:109} INFO - Running <TaskInstance: HomeWorkWeek2.csv_to_parquet scheduled__2019-07-02T06:00:00+00:00 [running]> on host d9977d7db207
[2022-02-19 23:49:08,483] {warnings.py:110} WARNING - /home/***/.local/lib/python3.7/site-packages/***/utils/context.py:152: AirflowContextDeprecationWarning: Accessing 'execution_date' from the template is deprecated and will be removed in a future version. Please use 'data_interval_start' or 'logical_date' instead.
  warnings.warn(_create_deprecation_warning(key, self._deprecation_replacements[key]))

[2022-02-19 23:49:08,558] {taskinstance.py:1426} INFO - Exporting the following env vars:
AIRFLOW_CTX_DAG_OWNER=***
AIRFLOW_CTX_DAG_ID=HomeWorkWeek2
AIRFLOW_CTX_TASK_ID=csv_to_parquet
AIRFLOW_CTX_EXECUTION_DATE=2019-07-02T06:00:00+00:00
AIRFLOW_CTX_DAG_RUN_ID=scheduled__2019-07-02T06:00:00+00:00
[2022-02-19 23:49:24,410] {python.py:175} INFO - Done. Returned value was: None
[2022-02-19 23:49:24,497] {taskinstance.py:1277} INFO - Marking task as SUCCESS. dag_id=HomeWorkWeek2, task_id=csv_to_parquet, execution_date=20190702T060000, start_date=20220219T234908, end_date=20220219T234924
[2022-02-19 23:49:24,783] {local_task_job.py:154} INFO - Task exited with return code 0
[2022-02-19 23:49:24,984] {local_task_job.py:264} INFO - 1 downstream tasks scheduled from follow-on schedule check
