[2022-01-30 14:59:09,768] {taskinstance.py:1032} INFO - Dependencies all met for <TaskInstance: HomeWorkWeek2.csv_to_parquet scheduled__2021-06-02T06:00:00+00:00 [queued]>
[2022-01-30 14:59:09,832] {taskinstance.py:1032} INFO - Dependencies all met for <TaskInstance: HomeWorkWeek2.csv_to_parquet scheduled__2021-06-02T06:00:00+00:00 [queued]>
[2022-01-30 14:59:09,832] {taskinstance.py:1238} INFO - 
--------------------------------------------------------------------------------
[2022-01-30 14:59:09,833] {taskinstance.py:1239} INFO - Starting attempt 1 of 2
[2022-01-30 14:59:09,833] {taskinstance.py:1240} INFO - 
--------------------------------------------------------------------------------
[2022-01-30 14:59:09,889] {taskinstance.py:1259} INFO - Executing <Task(PythonOperator): csv_to_parquet> on 2021-06-02 06:00:00+00:00
[2022-01-30 14:59:09,901] {standard_task_runner.py:52} INFO - Started process 1609 to run task
[2022-01-30 14:59:09,909] {standard_task_runner.py:76} INFO - Running: ['***', 'tasks', 'run', 'HomeWorkWeek2', 'csv_to_parquet', 'scheduled__2021-06-02T06:00:00+00:00', '--job-id', '271', '--raw', '--subdir', 'DAGS_FOLDER/dag_questions1.py', '--cfg-path', '/tmp/tmpd7nrl818', '--error-file', '/tmp/tmpne187v_z']
[2022-01-30 14:59:09,911] {standard_task_runner.py:77} INFO - Job 271: Subtask csv_to_parquet
[2022-01-30 14:59:10,135] {logging_mixin.py:109} INFO - Running <TaskInstance: HomeWorkWeek2.csv_to_parquet scheduled__2021-06-02T06:00:00+00:00 [running]> on host 785c0c715caa
[2022-01-30 14:59:10,300] {warnings.py:110} WARNING - /home/***/.local/lib/python3.7/site-packages/***/utils/context.py:152: AirflowContextDeprecationWarning: Accessing 'execution_date' from the template is deprecated and will be removed in a future version. Please use 'data_interval_start' or 'logical_date' instead.
  warnings.warn(_create_deprecation_warning(key, self._deprecation_replacements[key]))

[2022-01-30 14:59:10,383] {taskinstance.py:1426} INFO - Exporting the following env vars:
AIRFLOW_CTX_DAG_OWNER=***
AIRFLOW_CTX_DAG_ID=HomeWorkWeek2
AIRFLOW_CTX_TASK_ID=csv_to_parquet
AIRFLOW_CTX_EXECUTION_DATE=2021-06-02T06:00:00+00:00
AIRFLOW_CTX_DAG_RUN_ID=scheduled__2021-06-02T06:00:00+00:00
[2022-01-30 14:59:19,887] {python.py:175} INFO - Done. Returned value was: None
[2022-01-30 14:59:19,926] {taskinstance.py:1277} INFO - Marking task as SUCCESS. dag_id=HomeWorkWeek2, task_id=csv_to_parquet, execution_date=20210602T060000, start_date=20220130T145909, end_date=20220130T145919
[2022-01-30 14:59:20,146] {local_task_job.py:154} INFO - Task exited with return code 0
[2022-01-30 14:59:20,422] {local_task_job.py:264} INFO - 0 downstream tasks scheduled from follow-on schedule check
