[2022-02-10 01:18:00,029] {taskinstance.py:1032} INFO - Dependencies all met for <TaskInstance: homework_week3.gcs_to_gcs_task scheduled__2022-02-09T00:00:00+00:00 [queued]>
[2022-02-10 01:18:00,068] {taskinstance.py:1032} INFO - Dependencies all met for <TaskInstance: homework_week3.gcs_to_gcs_task scheduled__2022-02-09T00:00:00+00:00 [queued]>
[2022-02-10 01:18:00,068] {taskinstance.py:1238} INFO - 
--------------------------------------------------------------------------------
[2022-02-10 01:18:00,069] {taskinstance.py:1239} INFO - Starting attempt 1 of 2
[2022-02-10 01:18:00,069] {taskinstance.py:1240} INFO - 
--------------------------------------------------------------------------------
[2022-02-10 01:18:00,109] {taskinstance.py:1259} INFO - Executing <Task(GCSToGCSOperator): gcs_to_gcs_task> on 2022-02-09 00:00:00+00:00
[2022-02-10 01:18:00,115] {standard_task_runner.py:52} INFO - Started process 7691 to run task
[2022-02-10 01:18:00,121] {standard_task_runner.py:76} INFO - Running: ['***', 'tasks', 'run', 'homework_week3', 'gcs_to_gcs_task', 'scheduled__2022-02-09T00:00:00+00:00', '--job-id', '501', '--raw', '--subdir', 'DAGS_FOLDER/homework_week3_dag.py', '--cfg-path', '/tmp/tmpzljhvr94', '--error-file', '/tmp/tmpo1_e60rp']
[2022-02-10 01:18:00,123] {standard_task_runner.py:77} INFO - Job 501: Subtask gcs_to_gcs_task
[2022-02-10 01:18:00,260] {logging_mixin.py:109} INFO - Running <TaskInstance: homework_week3.gcs_to_gcs_task scheduled__2022-02-09T00:00:00+00:00 [running]> on host 0fd4ea805f5e
[2022-02-10 01:18:00,486] {taskinstance.py:1426} INFO - Exporting the following env vars:
AIRFLOW_CTX_DAG_OWNER=***
AIRFLOW_CTX_DAG_ID=homework_week3
AIRFLOW_CTX_TASK_ID=gcs_to_gcs_task
AIRFLOW_CTX_EXECUTION_DATE=2022-02-09T00:00:00+00:00
AIRFLOW_CTX_DAG_RUN_ID=scheduled__2022-02-09T00:00:00+00:00
[2022-02-10 01:18:00,493] {crypto.py:82} WARNING - empty cryptography key - values will not be stored encrypted.
[2022-02-10 01:18:00,494] {gcs_to_gcs.py:346} INFO - Delimiter ignored because wildcard is in prefix
[2022-02-10 01:18:01,005] {gcs_to_gcs.py:431} INFO - Executing copy of gs://dtc_data_lake_portfoliode-demo/raw/fhv_2019-01.parquet to gs://dtc_data_lake_portfoliode-demo/fhv_trips/fhv_2019_*.parquetfhv_2019-01.parquet
[2022-02-10 01:18:01,114] {gcs.py:251} INFO - Total Bytes: 238946643 | Bytes Written: 238946643
[2022-02-10 01:18:01,115] {gcs.py:264} INFO - Object raw/fhv_2019-01.parquet in bucket dtc_data_lake_portfoliode-demo rewritten to object fhv_trips/fhv_2019_*.parquetfhv_2019-01.parquet in bucket dtc_data_lake_portfoliode-demo
[2022-02-10 01:18:01,176] {gcs.py:645} INFO - Blob raw/fhv_2019-01.parquet deleted.
[2022-02-10 01:18:01,177] {gcs_to_gcs.py:431} INFO - Executing copy of gs://dtc_data_lake_portfoliode-demo/raw/fhv_2019-02.parquet to gs://dtc_data_lake_portfoliode-demo/fhv_trips/fhv_2019_*.parquetfhv_2019-02.parquet
[2022-02-10 01:18:01,281] {gcs.py:251} INFO - Total Bytes: 16959886 | Bytes Written: 16959886
[2022-02-10 01:18:01,282] {gcs.py:264} INFO - Object raw/fhv_2019-02.parquet in bucket dtc_data_lake_portfoliode-demo rewritten to object fhv_trips/fhv_2019_*.parquetfhv_2019-02.parquet in bucket dtc_data_lake_portfoliode-demo
[2022-02-10 01:18:01,344] {gcs.py:645} INFO - Blob raw/fhv_2019-02.parquet deleted.
[2022-02-10 01:18:01,345] {gcs_to_gcs.py:431} INFO - Executing copy of gs://dtc_data_lake_portfoliode-demo/raw/fhv_2019-03.parquet to gs://dtc_data_lake_portfoliode-demo/fhv_trips/fhv_2019_*.parquetfhv_2019-03.parquet
[2022-02-10 01:18:01,465] {gcs.py:251} INFO - Total Bytes: 13349597 | Bytes Written: 13349597
[2022-02-10 01:18:01,465] {gcs.py:264} INFO - Object raw/fhv_2019-03.parquet in bucket dtc_data_lake_portfoliode-demo rewritten to object fhv_trips/fhv_2019_*.parquetfhv_2019-03.parquet in bucket dtc_data_lake_portfoliode-demo
[2022-02-10 01:18:01,537] {gcs.py:645} INFO - Blob raw/fhv_2019-03.parquet deleted.
[2022-02-10 01:18:01,538] {gcs_to_gcs.py:431} INFO - Executing copy of gs://dtc_data_lake_portfoliode-demo/raw/fhv_2019-04.parquet to gs://dtc_data_lake_portfoliode-demo/fhv_trips/fhv_2019_*.parquetfhv_2019-04.parquet
[2022-02-10 01:18:01,639] {gcs.py:251} INFO - Total Bytes: 18528510 | Bytes Written: 18528510
[2022-02-10 01:18:01,639] {gcs.py:264} INFO - Object raw/fhv_2019-04.parquet in bucket dtc_data_lake_portfoliode-demo rewritten to object fhv_trips/fhv_2019_*.parquetfhv_2019-04.parquet in bucket dtc_data_lake_portfoliode-demo
[2022-02-10 01:18:01,698] {gcs.py:645} INFO - Blob raw/fhv_2019-04.parquet deleted.
[2022-02-10 01:18:01,699] {gcs_to_gcs.py:431} INFO - Executing copy of gs://dtc_data_lake_portfoliode-demo/raw/fhv_2019-05.parquet to gs://dtc_data_lake_portfoliode-demo/fhv_trips/fhv_2019_*.parquetfhv_2019-05.parquet
[2022-02-10 01:18:01,805] {gcs.py:251} INFO - Total Bytes: 19769506 | Bytes Written: 19769506
[2022-02-10 01:18:01,806] {gcs.py:264} INFO - Object raw/fhv_2019-05.parquet in bucket dtc_data_lake_portfoliode-demo rewritten to object fhv_trips/fhv_2019_*.parquetfhv_2019-05.parquet in bucket dtc_data_lake_portfoliode-demo
[2022-02-10 01:18:01,858] {gcs.py:645} INFO - Blob raw/fhv_2019-05.parquet deleted.
[2022-02-10 01:18:01,859] {gcs_to_gcs.py:431} INFO - Executing copy of gs://dtc_data_lake_portfoliode-demo/raw/fhv_2019-06.parquet to gs://dtc_data_lake_portfoliode-demo/fhv_trips/fhv_2019_*.parquetfhv_2019-06.parquet
[2022-02-10 01:18:01,963] {gcs.py:251} INFO - Total Bytes: 19197203 | Bytes Written: 19197203
[2022-02-10 01:18:01,964] {gcs.py:264} INFO - Object raw/fhv_2019-06.parquet in bucket dtc_data_lake_portfoliode-demo rewritten to object fhv_trips/fhv_2019_*.parquetfhv_2019-06.parquet in bucket dtc_data_lake_portfoliode-demo
[2022-02-10 01:18:02,023] {gcs.py:645} INFO - Blob raw/fhv_2019-06.parquet deleted.
[2022-02-10 01:18:02,024] {gcs_to_gcs.py:431} INFO - Executing copy of gs://dtc_data_lake_portfoliode-demo/raw/fhv_2019-07.parquet to gs://dtc_data_lake_portfoliode-demo/fhv_trips/fhv_2019_*.parquetfhv_2019-07.parquet
[2022-02-10 01:18:02,148] {gcs.py:251} INFO - Total Bytes: 18730038 | Bytes Written: 18730038
[2022-02-10 01:18:02,148] {gcs.py:264} INFO - Object raw/fhv_2019-07.parquet in bucket dtc_data_lake_portfoliode-demo rewritten to object fhv_trips/fhv_2019_*.parquetfhv_2019-07.parquet in bucket dtc_data_lake_portfoliode-demo
[2022-02-10 01:18:02,204] {gcs.py:645} INFO - Blob raw/fhv_2019-07.parquet deleted.
[2022-02-10 01:18:02,205] {gcs_to_gcs.py:431} INFO - Executing copy of gs://dtc_data_lake_portfoliode-demo/raw/fhv_2019-08.parquet to gs://dtc_data_lake_portfoliode-demo/fhv_trips/fhv_2019_*.parquetfhv_2019-08.parquet
[2022-02-10 01:18:02,321] {gcs.py:251} INFO - Total Bytes: 18445219 | Bytes Written: 18445219
[2022-02-10 01:18:02,322] {gcs.py:264} INFO - Object raw/fhv_2019-08.parquet in bucket dtc_data_lake_portfoliode-demo rewritten to object fhv_trips/fhv_2019_*.parquetfhv_2019-08.parquet in bucket dtc_data_lake_portfoliode-demo
[2022-02-10 01:18:02,381] {gcs.py:645} INFO - Blob raw/fhv_2019-08.parquet deleted.
[2022-02-10 01:18:02,382] {gcs_to_gcs.py:431} INFO - Executing copy of gs://dtc_data_lake_portfoliode-demo/raw/fhv_2019-09.parquet to gs://dtc_data_lake_portfoliode-demo/fhv_trips/fhv_2019_*.parquetfhv_2019-09.parquet
[2022-02-10 01:18:02,484] {gcs.py:251} INFO - Total Bytes: 11159146 | Bytes Written: 11159146
[2022-02-10 01:18:02,484] {gcs.py:264} INFO - Object raw/fhv_2019-09.parquet in bucket dtc_data_lake_portfoliode-demo rewritten to object fhv_trips/fhv_2019_*.parquetfhv_2019-09.parquet in bucket dtc_data_lake_portfoliode-demo
[2022-02-10 01:18:02,545] {gcs.py:645} INFO - Blob raw/fhv_2019-09.parquet deleted.
[2022-02-10 01:18:02,546] {gcs_to_gcs.py:431} INFO - Executing copy of gs://dtc_data_lake_portfoliode-demo/raw/fhv_2019-10.parquet to gs://dtc_data_lake_portfoliode-demo/fhv_trips/fhv_2019_*.parquetfhv_2019-10.parquet
[2022-02-10 01:18:02,664] {gcs.py:251} INFO - Total Bytes: 19225185 | Bytes Written: 19225185
[2022-02-10 01:18:02,664] {gcs.py:264} INFO - Object raw/fhv_2019-10.parquet in bucket dtc_data_lake_portfoliode-demo rewritten to object fhv_trips/fhv_2019_*.parquetfhv_2019-10.parquet in bucket dtc_data_lake_portfoliode-demo
[2022-02-10 01:18:02,718] {gcs.py:645} INFO - Blob raw/fhv_2019-10.parquet deleted.
[2022-02-10 01:18:02,718] {gcs_to_gcs.py:431} INFO - Executing copy of gs://dtc_data_lake_portfoliode-demo/raw/fhv_2019-11.parquet to gs://dtc_data_lake_portfoliode-demo/fhv_trips/fhv_2019_*.parquetfhv_2019-11.parquet
[2022-02-10 01:18:02,821] {gcs.py:251} INFO - Total Bytes: 17473492 | Bytes Written: 17473492
[2022-02-10 01:18:02,821] {gcs.py:264} INFO - Object raw/fhv_2019-11.parquet in bucket dtc_data_lake_portfoliode-demo rewritten to object fhv_trips/fhv_2019_*.parquetfhv_2019-11.parquet in bucket dtc_data_lake_portfoliode-demo
[2022-02-10 01:18:02,877] {gcs.py:645} INFO - Blob raw/fhv_2019-11.parquet deleted.
[2022-02-10 01:18:02,878] {gcs_to_gcs.py:431} INFO - Executing copy of gs://dtc_data_lake_portfoliode-demo/raw/fhv_2019-12.parquet to gs://dtc_data_lake_portfoliode-demo/fhv_trips/fhv_2019_*.parquetfhv_2019-12.parquet
[2022-02-10 01:18:02,979] {gcs.py:251} INFO - Total Bytes: 18961269 | Bytes Written: 18961269
[2022-02-10 01:18:02,979] {gcs.py:264} INFO - Object raw/fhv_2019-12.parquet in bucket dtc_data_lake_portfoliode-demo rewritten to object fhv_trips/fhv_2019_*.parquetfhv_2019-12.parquet in bucket dtc_data_lake_portfoliode-demo
[2022-02-10 01:18:03,028] {gcs.py:645} INFO - Blob raw/fhv_2019-12.parquet deleted.
[2022-02-10 01:18:03,061] {taskinstance.py:1277} INFO - Marking task as SUCCESS. dag_id=homework_week3, task_id=gcs_to_gcs_task, execution_date=20220209T000000, start_date=20220210T011800, end_date=20220210T011803
[2022-02-10 01:18:03,165] {local_task_job.py:154} INFO - Task exited with return code 0
[2022-02-10 01:18:03,273] {local_task_job.py:264} INFO - 0 downstream tasks scheduled from follow-on schedule check
