[2022-01-29 01:04:53,126] {taskinstance.py:1032} INFO - Dependencies all met for <TaskInstance: data_ingestion_gcs_dag.format_to_parquet_task manual__2022-01-29T01:02:07.058015+00:00 [queued]>
[2022-01-29 01:04:53,172] {taskinstance.py:1032} INFO - Dependencies all met for <TaskInstance: data_ingestion_gcs_dag.format_to_parquet_task manual__2022-01-29T01:02:07.058015+00:00 [queued]>
[2022-01-29 01:04:53,173] {taskinstance.py:1238} INFO - 
--------------------------------------------------------------------------------
[2022-01-29 01:04:53,174] {taskinstance.py:1239} INFO - Starting attempt 1 of 2
[2022-01-29 01:04:53,174] {taskinstance.py:1240} INFO - 
--------------------------------------------------------------------------------
[2022-01-29 01:04:53,213] {taskinstance.py:1259} INFO - Executing <Task(PythonOperator): format_to_parquet_task> on 2022-01-29 01:02:07.058015+00:00
[2022-01-29 01:04:53,221] {standard_task_runner.py:52} INFO - Started process 257 to run task
[2022-01-29 01:04:53,227] {standard_task_runner.py:76} INFO - Running: ['***', 'tasks', 'run', 'data_ingestion_gcs_dag', 'format_to_parquet_task', 'manual__2022-01-29T01:02:07.058015+00:00', '--job-id', '10', '--raw', '--subdir', 'DAGS_FOLDER/data_ingestion_gcs_dag.py', '--cfg-path', '/tmp/tmpwchd5dsm', '--error-file', '/tmp/tmpju0pajgs']
[2022-01-29 01:04:53,229] {standard_task_runner.py:77} INFO - Job 10: Subtask format_to_parquet_task
[2022-01-29 01:04:53,414] {logging_mixin.py:109} INFO - Running <TaskInstance: data_ingestion_gcs_dag.format_to_parquet_task manual__2022-01-29T01:02:07.058015+00:00 [running]> on host d33a9abab046
[2022-01-29 01:04:53,642] {taskinstance.py:1426} INFO - Exporting the following env vars:
AIRFLOW_CTX_DAG_OWNER=***
AIRFLOW_CTX_DAG_ID=data_ingestion_gcs_dag
AIRFLOW_CTX_TASK_ID=format_to_parquet_task
AIRFLOW_CTX_EXECUTION_DATE=2022-01-29T01:02:07.058015+00:00
AIRFLOW_CTX_DAG_RUN_ID=manual__2022-01-29T01:02:07.058015+00:00
[2022-01-29 01:04:56,877] {python.py:175} INFO - Done. Returned value was: None
[2022-01-29 01:04:56,912] {taskinstance.py:1277} INFO - Marking task as SUCCESS. dag_id=data_ingestion_gcs_dag, task_id=format_to_parquet_task, execution_date=20220129T010207, start_date=20220129T010453, end_date=20220129T010456
[2022-01-29 01:04:57,067] {local_task_job.py:154} INFO - Task exited with return code 0
[2022-01-29 01:04:57,240] {local_task_job.py:264} INFO - 1 downstream tasks scheduled from follow-on schedule check
