[2022-02-10 01:38:16,419] {taskinstance.py:1032} INFO - Dependencies all met for <TaskInstance: homework_week3.bigquery_external_table_task manual__2022-02-10T01:26:58.473213+00:00 [queued]>
[2022-02-10 01:38:16,455] {taskinstance.py:1032} INFO - Dependencies all met for <TaskInstance: homework_week3.bigquery_external_table_task manual__2022-02-10T01:26:58.473213+00:00 [queued]>
[2022-02-10 01:38:16,455] {taskinstance.py:1238} INFO - 
--------------------------------------------------------------------------------
[2022-02-10 01:38:16,455] {taskinstance.py:1239} INFO - Starting attempt 5 of 6
[2022-02-10 01:38:16,456] {taskinstance.py:1240} INFO - 
--------------------------------------------------------------------------------
[2022-02-10 01:38:16,492] {taskinstance.py:1259} INFO - Executing <Task(BigQueryCreateExternalTableOperator): bigquery_external_table_task> on 2022-02-10 01:26:58.473213+00:00
[2022-02-10 01:38:16,498] {standard_task_runner.py:52} INFO - Started process 8585 to run task
[2022-02-10 01:38:16,504] {standard_task_runner.py:76} INFO - Running: ['***', 'tasks', 'run', 'homework_week3', 'bigquery_external_table_task', 'manual__2022-02-10T01:26:58.473213+00:00', '--job-id', '507', '--raw', '--subdir', 'DAGS_FOLDER/homework_week3_dag.py', '--cfg-path', '/tmp/tmpujbbaf9j', '--error-file', '/tmp/tmprvsy_keq']
[2022-02-10 01:38:16,506] {standard_task_runner.py:77} INFO - Job 507: Subtask bigquery_external_table_task
[2022-02-10 01:38:16,649] {logging_mixin.py:109} INFO - Running <TaskInstance: homework_week3.bigquery_external_table_task manual__2022-02-10T01:26:58.473213+00:00 [running]> on host 0fd4ea805f5e
[2022-02-10 01:38:16,811] {taskinstance.py:1426} INFO - Exporting the following env vars:
AIRFLOW_CTX_DAG_OWNER=***
AIRFLOW_CTX_DAG_ID=homework_week3
AIRFLOW_CTX_TASK_ID=bigquery_external_table_task
AIRFLOW_CTX_EXECUTION_DATE=2022-02-10T01:26:58.473213+00:00
AIRFLOW_CTX_DAG_RUN_ID=manual__2022-02-10T01:26:58.473213+00:00
[2022-02-10 01:38:16,814] {crypto.py:82} WARNING - empty cryptography key - values will not be stored encrypted.
[2022-02-10 01:38:17,590] {taskinstance.py:1277} INFO - Marking task as SUCCESS. dag_id=homework_week3, task_id=bigquery_external_table_task, execution_date=20220210T012658, start_date=20220210T013816, end_date=20220210T013817
[2022-02-10 01:38:17,663] {local_task_job.py:154} INFO - Task exited with return code 0
[2022-02-10 01:38:17,740] {local_task_job.py:264} INFO - 0 downstream tasks scheduled from follow-on schedule check
