[2022-02-02 21:24:21,146] {taskinstance.py:1032} INFO - Dependencies all met for <TaskInstance: Question3_FHV.csv_to_parquet scheduled__2019-08-02T06:00:00+00:00 [queued]>
[2022-02-02 21:24:21,190] {taskinstance.py:1032} INFO - Dependencies all met for <TaskInstance: Question3_FHV.csv_to_parquet scheduled__2019-08-02T06:00:00+00:00 [queued]>
[2022-02-02 21:24:21,190] {taskinstance.py:1238} INFO - 
--------------------------------------------------------------------------------
[2022-02-02 21:24:21,191] {taskinstance.py:1239} INFO - Starting attempt 1 of 2
[2022-02-02 21:24:21,192] {taskinstance.py:1240} INFO - 
--------------------------------------------------------------------------------
[2022-02-02 21:24:21,233] {taskinstance.py:1259} INFO - Executing <Task(PythonOperator): csv_to_parquet> on 2019-08-02 06:00:00+00:00
[2022-02-02 21:24:21,242] {standard_task_runner.py:52} INFO - Started process 1216 to run task
[2022-02-02 21:24:21,250] {standard_task_runner.py:76} INFO - Running: ['***', 'tasks', 'run', 'Question3_FHV', 'csv_to_parquet', 'scheduled__2019-08-02T06:00:00+00:00', '--job-id', '341', '--raw', '--subdir', 'DAGS_FOLDER/dag_questions3.py', '--cfg-path', '/tmp/tmpaf2r12s_', '--error-file', '/tmp/tmpb7yfqfdh']
[2022-02-02 21:24:21,251] {standard_task_runner.py:77} INFO - Job 341: Subtask csv_to_parquet
[2022-02-02 21:24:21,419] {logging_mixin.py:109} INFO - Running <TaskInstance: Question3_FHV.csv_to_parquet scheduled__2019-08-02T06:00:00+00:00 [running]> on host d574c7c5b085
[2022-02-02 21:24:21,551] {warnings.py:110} WARNING - /home/***/.local/lib/python3.7/site-packages/***/utils/context.py:152: AirflowContextDeprecationWarning: Accessing 'execution_date' from the template is deprecated and will be removed in a future version. Please use 'data_interval_start' or 'logical_date' instead.
  warnings.warn(_create_deprecation_warning(key, self._deprecation_replacements[key]))

[2022-02-02 21:24:21,601] {taskinstance.py:1426} INFO - Exporting the following env vars:
AIRFLOW_CTX_DAG_OWNER=***
AIRFLOW_CTX_DAG_ID=Question3_FHV
AIRFLOW_CTX_TASK_ID=csv_to_parquet
AIRFLOW_CTX_EXECUTION_DATE=2019-08-02T06:00:00+00:00
AIRFLOW_CTX_DAG_RUN_ID=scheduled__2019-08-02T06:00:00+00:00
[2022-02-02 21:24:23,354] {python.py:175} INFO - Done. Returned value was: None
[2022-02-02 21:24:23,395] {taskinstance.py:1277} INFO - Marking task as SUCCESS. dag_id=Question3_FHV, task_id=csv_to_parquet, execution_date=20190802T060000, start_date=20220202T212421, end_date=20220202T212423
[2022-02-02 21:24:23,695] {local_task_job.py:154} INFO - Task exited with return code 0
[2022-02-02 21:24:24,643] {local_task_job.py:264} INFO - 0 downstream tasks scheduled from follow-on schedule check
[2022-02-09 11:39:14,037] {taskinstance.py:1032} INFO - Dependencies all met for <TaskInstance: Question3_FHV.csv_to_parquet scheduled__2019-08-02T06:00:00+00:00 [queued]>
[2022-02-09 11:39:14,094] {taskinstance.py:1032} INFO - Dependencies all met for <TaskInstance: Question3_FHV.csv_to_parquet scheduled__2019-08-02T06:00:00+00:00 [queued]>
[2022-02-09 11:39:14,095] {taskinstance.py:1238} INFO - 
--------------------------------------------------------------------------------
[2022-02-09 11:39:14,095] {taskinstance.py:1239} INFO - Starting attempt 1 of 2
[2022-02-09 11:39:14,096] {taskinstance.py:1240} INFO - 
--------------------------------------------------------------------------------
[2022-02-09 11:39:14,152] {taskinstance.py:1259} INFO - Executing <Task(PythonOperator): csv_to_parquet> on 2019-08-02 06:00:00+00:00
[2022-02-09 11:39:14,161] {standard_task_runner.py:52} INFO - Started process 856 to run task
[2022-02-09 11:39:14,170] {standard_task_runner.py:76} INFO - Running: ['***', 'tasks', 'run', 'Question3_FHV', 'csv_to_parquet', 'scheduled__2019-08-02T06:00:00+00:00', '--job-id', '410', '--raw', '--subdir', 'DAGS_FOLDER/dag_questions3.py', '--cfg-path', '/tmp/tmp3uh41f2s', '--error-file', '/tmp/tmpsiud8b6n']
[2022-02-09 11:39:14,172] {standard_task_runner.py:77} INFO - Job 410: Subtask csv_to_parquet
[2022-02-09 11:39:14,477] {logging_mixin.py:109} INFO - Running <TaskInstance: Question3_FHV.csv_to_parquet scheduled__2019-08-02T06:00:00+00:00 [running]> on host c5795c3f6004
[2022-02-09 11:39:14,638] {warnings.py:110} WARNING - /home/***/.local/lib/python3.7/site-packages/***/utils/context.py:152: AirflowContextDeprecationWarning: Accessing 'execution_date' from the template is deprecated and will be removed in a future version. Please use 'data_interval_start' or 'logical_date' instead.
  warnings.warn(_create_deprecation_warning(key, self._deprecation_replacements[key]))

[2022-02-09 11:39:14,691] {taskinstance.py:1426} INFO - Exporting the following env vars:
AIRFLOW_CTX_DAG_OWNER=***
AIRFLOW_CTX_DAG_ID=Question3_FHV
AIRFLOW_CTX_TASK_ID=csv_to_parquet
AIRFLOW_CTX_EXECUTION_DATE=2019-08-02T06:00:00+00:00
AIRFLOW_CTX_DAG_RUN_ID=scheduled__2019-08-02T06:00:00+00:00
[2022-02-09 11:39:16,859] {python.py:175} INFO - Done. Returned value was: None
[2022-02-09 11:39:16,898] {taskinstance.py:1277} INFO - Marking task as SUCCESS. dag_id=Question3_FHV, task_id=csv_to_parquet, execution_date=20190802T060000, start_date=20220209T113914, end_date=20220209T113916
[2022-02-09 11:39:17,004] {local_task_job.py:154} INFO - Task exited with return code 0
[2022-02-09 11:39:17,142] {local_task_job.py:264} INFO - 1 downstream tasks scheduled from follow-on schedule check
[2022-02-10 01:13:38,365] {taskinstance.py:1032} INFO - Dependencies all met for <TaskInstance: Question3_FHV.csv_to_parquet scheduled__2019-08-02T06:00:00+00:00 [queued]>
[2022-02-10 01:13:38,422] {taskinstance.py:1032} INFO - Dependencies all met for <TaskInstance: Question3_FHV.csv_to_parquet scheduled__2019-08-02T06:00:00+00:00 [queued]>
[2022-02-10 01:13:38,423] {taskinstance.py:1238} INFO - 
--------------------------------------------------------------------------------
[2022-02-10 01:13:38,423] {taskinstance.py:1239} INFO - Starting attempt 1 of 2
[2022-02-10 01:13:38,423] {taskinstance.py:1240} INFO - 
--------------------------------------------------------------------------------
[2022-02-10 01:13:38,479] {taskinstance.py:1259} INFO - Executing <Task(PythonOperator): csv_to_parquet> on 2019-08-02 06:00:00+00:00
[2022-02-10 01:13:38,486] {standard_task_runner.py:52} INFO - Started process 7417 to run task
[2022-02-10 01:13:38,507] {standard_task_runner.py:76} INFO - Running: ['***', 'tasks', 'run', 'Question3_FHV', 'csv_to_parquet', 'scheduled__2019-08-02T06:00:00+00:00', '--job-id', '483', '--raw', '--subdir', 'DAGS_FOLDER/dag_questions3.py', '--cfg-path', '/tmp/tmpd1hsz4s4', '--error-file', '/tmp/tmpczpzy854']
[2022-02-10 01:13:38,508] {standard_task_runner.py:77} INFO - Job 483: Subtask csv_to_parquet
[2022-02-10 01:13:38,693] {logging_mixin.py:109} INFO - Running <TaskInstance: Question3_FHV.csv_to_parquet scheduled__2019-08-02T06:00:00+00:00 [running]> on host 0fd4ea805f5e
[2022-02-10 01:13:38,860] {warnings.py:110} WARNING - /home/***/.local/lib/python3.7/site-packages/***/utils/context.py:152: AirflowContextDeprecationWarning: Accessing 'execution_date' from the template is deprecated and will be removed in a future version. Please use 'data_interval_start' or 'logical_date' instead.
  warnings.warn(_create_deprecation_warning(key, self._deprecation_replacements[key]))

[2022-02-10 01:13:38,907] {taskinstance.py:1426} INFO - Exporting the following env vars:
AIRFLOW_CTX_DAG_OWNER=***
AIRFLOW_CTX_DAG_ID=Question3_FHV
AIRFLOW_CTX_TASK_ID=csv_to_parquet
AIRFLOW_CTX_EXECUTION_DATE=2019-08-02T06:00:00+00:00
AIRFLOW_CTX_DAG_RUN_ID=scheduled__2019-08-02T06:00:00+00:00
[2022-02-10 01:13:40,965] {python.py:175} INFO - Done. Returned value was: None
[2022-02-10 01:13:41,021] {taskinstance.py:1277} INFO - Marking task as SUCCESS. dag_id=Question3_FHV, task_id=csv_to_parquet, execution_date=20190802T060000, start_date=20220210T011338, end_date=20220210T011341
[2022-02-10 01:13:41,213] {local_task_job.py:154} INFO - Task exited with return code 0
[2022-02-10 01:13:41,470] {local_task_job.py:264} INFO - 0 downstream tasks scheduled from follow-on schedule check
[2022-02-19 01:51:24,421] {taskinstance.py:1032} INFO - Dependencies all met for <TaskInstance: Question3_FHV.csv_to_parquet scheduled__2019-08-02T06:00:00+00:00 [queued]>
[2022-02-19 01:51:24,479] {taskinstance.py:1032} INFO - Dependencies all met for <TaskInstance: Question3_FHV.csv_to_parquet scheduled__2019-08-02T06:00:00+00:00 [queued]>
[2022-02-19 01:51:24,479] {taskinstance.py:1238} INFO - 
--------------------------------------------------------------------------------
[2022-02-19 01:51:24,480] {taskinstance.py:1239} INFO - Starting attempt 1 of 2
[2022-02-19 01:51:24,480] {taskinstance.py:1240} INFO - 
--------------------------------------------------------------------------------
[2022-02-19 01:51:24,545] {taskinstance.py:1259} INFO - Executing <Task(PythonOperator): csv_to_parquet> on 2019-08-02 06:00:00+00:00
[2022-02-19 01:51:24,553] {standard_task_runner.py:52} INFO - Started process 4120 to run task
[2022-02-19 01:51:24,561] {standard_task_runner.py:76} INFO - Running: ['***', 'tasks', 'run', 'Question3_FHV', 'csv_to_parquet', 'scheduled__2019-08-02T06:00:00+00:00', '--job-id', '641', '--raw', '--subdir', 'DAGS_FOLDER/dag_questions3.py', '--cfg-path', '/tmp/tmpqltcnf7h', '--error-file', '/tmp/tmplfdmn5j2']
[2022-02-19 01:51:24,563] {standard_task_runner.py:77} INFO - Job 641: Subtask csv_to_parquet
[2022-02-19 01:51:24,751] {logging_mixin.py:109} INFO - Running <TaskInstance: Question3_FHV.csv_to_parquet scheduled__2019-08-02T06:00:00+00:00 [running]> on host 312f1fe573aa
[2022-02-19 01:51:24,989] {warnings.py:110} WARNING - /home/***/.local/lib/python3.7/site-packages/***/utils/context.py:152: AirflowContextDeprecationWarning: Accessing 'execution_date' from the template is deprecated and will be removed in a future version. Please use 'data_interval_start' or 'logical_date' instead.
  warnings.warn(_create_deprecation_warning(key, self._deprecation_replacements[key]))

[2022-02-19 01:51:25,093] {taskinstance.py:1426} INFO - Exporting the following env vars:
AIRFLOW_CTX_DAG_OWNER=***
AIRFLOW_CTX_DAG_ID=Question3_FHV
AIRFLOW_CTX_TASK_ID=csv_to_parquet
AIRFLOW_CTX_EXECUTION_DATE=2019-08-02T06:00:00+00:00
AIRFLOW_CTX_DAG_RUN_ID=scheduled__2019-08-02T06:00:00+00:00
[2022-02-19 01:51:27,011] {python.py:175} INFO - Done. Returned value was: None
[2022-02-19 01:51:27,060] {taskinstance.py:1277} INFO - Marking task as SUCCESS. dag_id=Question3_FHV, task_id=csv_to_parquet, execution_date=20190802T060000, start_date=20220219T015124, end_date=20220219T015127
[2022-02-19 01:51:27,151] {local_task_job.py:154} INFO - Task exited with return code 0
[2022-02-19 01:51:27,277] {local_task_job.py:264} INFO - 1 downstream tasks scheduled from follow-on schedule check
