[2022-01-30 13:04:09,448] {taskinstance.py:1032} INFO - Dependencies all met for <TaskInstance: HomeWorkWeek2.halo scheduled__2019-12-02T06:00:00+00:00 [queued]>
[2022-01-30 13:04:09,490] {taskinstance.py:1032} INFO - Dependencies all met for <TaskInstance: HomeWorkWeek2.halo scheduled__2019-12-02T06:00:00+00:00 [queued]>
[2022-01-30 13:04:09,491] {taskinstance.py:1238} INFO - 
--------------------------------------------------------------------------------
[2022-01-30 13:04:09,492] {taskinstance.py:1239} INFO - Starting attempt 1 of 2
[2022-01-30 13:04:09,492] {taskinstance.py:1240} INFO - 
--------------------------------------------------------------------------------
[2022-01-30 13:04:09,536] {taskinstance.py:1259} INFO - Executing <Task(PythonOperator): halo> on 2019-12-02 06:00:00+00:00
[2022-01-30 13:04:09,546] {standard_task_runner.py:52} INFO - Started process 2709 to run task
[2022-01-30 13:04:09,563] {standard_task_runner.py:76} INFO - Running: ['***', 'tasks', 'run', 'HomeWorkWeek2', 'halo', 'scheduled__2019-12-02T06:00:00+00:00', '--job-id', '130', '--raw', '--subdir', 'DAGS_FOLDER/dag_questions1.py', '--cfg-path', '/tmp/tmphxetue0x', '--error-file', '/tmp/tmpomzwivcp']
[2022-01-30 13:04:09,568] {standard_task_runner.py:77} INFO - Job 130: Subtask halo
[2022-01-30 13:04:09,776] {logging_mixin.py:109} INFO - Running <TaskInstance: HomeWorkWeek2.halo scheduled__2019-12-02T06:00:00+00:00 [running]> on host 4b3b8c5e49b1
[2022-01-30 13:04:10,065] {taskinstance.py:1426} INFO - Exporting the following env vars:
AIRFLOW_CTX_DAG_OWNER=***
AIRFLOW_CTX_DAG_ID=HomeWorkWeek2
AIRFLOW_CTX_TASK_ID=halo
AIRFLOW_CTX_EXECUTION_DATE=2019-12-02T06:00:00+00:00
AIRFLOW_CTX_DAG_RUN_ID=scheduled__2019-12-02T06:00:00+00:00
[2022-01-30 13:04:10,070] {logging_mixin.py:109} INFO - helloworld
[2022-01-30 13:04:10,070] {python.py:175} INFO - Done. Returned value was: None
[2022-01-30 13:04:10,138] {taskinstance.py:1277} INFO - Marking task as SUCCESS. dag_id=HomeWorkWeek2, task_id=halo, execution_date=20191202T060000, start_date=20220130T130409, end_date=20220130T130410
[2022-01-30 13:04:10,276] {local_task_job.py:154} INFO - Task exited with return code 0
[2022-01-30 13:04:10,401] {local_task_job.py:264} INFO - 0 downstream tasks scheduled from follow-on schedule check
[2022-01-30 14:52:31,225] {taskinstance.py:1032} INFO - Dependencies all met for <TaskInstance: HomeWorkWeek2.halo scheduled__2019-12-02T06:00:00+00:00 [queued]>
[2022-01-30 14:52:31,288] {taskinstance.py:1032} INFO - Dependencies all met for <TaskInstance: HomeWorkWeek2.halo scheduled__2019-12-02T06:00:00+00:00 [queued]>
[2022-01-30 14:52:31,289] {taskinstance.py:1238} INFO - 
--------------------------------------------------------------------------------
[2022-01-30 14:52:31,290] {taskinstance.py:1239} INFO - Starting attempt 1 of 2
[2022-01-30 14:52:31,290] {taskinstance.py:1240} INFO - 
--------------------------------------------------------------------------------
[2022-01-30 14:52:31,353] {taskinstance.py:1259} INFO - Executing <Task(PythonOperator): halo> on 2019-12-02 06:00:00+00:00
[2022-01-30 14:52:31,362] {standard_task_runner.py:52} INFO - Started process 1027 to run task
[2022-01-30 14:52:31,368] {standard_task_runner.py:76} INFO - Running: ['***', 'tasks', 'run', 'HomeWorkWeek2', 'halo', 'scheduled__2019-12-02T06:00:00+00:00', '--job-id', '217', '--raw', '--subdir', 'DAGS_FOLDER/dag_questions1.py', '--cfg-path', '/tmp/tmpsihzuatq', '--error-file', '/tmp/tmp8hbagojg']
[2022-01-30 14:52:31,370] {standard_task_runner.py:77} INFO - Job 217: Subtask halo
[2022-01-30 14:52:31,561] {logging_mixin.py:109} INFO - Running <TaskInstance: HomeWorkWeek2.halo scheduled__2019-12-02T06:00:00+00:00 [running]> on host 785c0c715caa
[2022-01-30 14:52:31,764] {taskinstance.py:1426} INFO - Exporting the following env vars:
AIRFLOW_CTX_DAG_OWNER=***
AIRFLOW_CTX_DAG_ID=HomeWorkWeek2
AIRFLOW_CTX_TASK_ID=halo
AIRFLOW_CTX_EXECUTION_DATE=2019-12-02T06:00:00+00:00
AIRFLOW_CTX_DAG_RUN_ID=scheduled__2019-12-02T06:00:00+00:00
[2022-01-30 14:52:31,766] {logging_mixin.py:109} INFO - hello world!!
[2022-01-30 14:52:31,767] {python.py:175} INFO - Done. Returned value was: None
[2022-01-30 14:52:31,805] {taskinstance.py:1277} INFO - Marking task as SUCCESS. dag_id=HomeWorkWeek2, task_id=halo, execution_date=20191202T060000, start_date=20220130T145231, end_date=20220130T145231
[2022-01-30 14:52:31,924] {local_task_job.py:154} INFO - Task exited with return code 0
[2022-01-30 14:52:32,039] {local_task_job.py:264} INFO - 0 downstream tasks scheduled from follow-on schedule check
[2022-02-19 01:26:53,726] {taskinstance.py:1032} INFO - Dependencies all met for <TaskInstance: HomeWorkWeek2.halo scheduled__2019-12-02T06:00:00+00:00 [queued]>
[2022-02-19 01:26:53,781] {taskinstance.py:1032} INFO - Dependencies all met for <TaskInstance: HomeWorkWeek2.halo scheduled__2019-12-02T06:00:00+00:00 [queued]>
[2022-02-19 01:26:53,782] {taskinstance.py:1238} INFO - 
--------------------------------------------------------------------------------
[2022-02-19 01:26:53,782] {taskinstance.py:1239} INFO - Starting attempt 1 of 2
[2022-02-19 01:26:53,782] {taskinstance.py:1240} INFO - 
--------------------------------------------------------------------------------
[2022-02-19 01:26:53,845] {taskinstance.py:1259} INFO - Executing <Task(PythonOperator): halo> on 2019-12-02 06:00:00+00:00
[2022-02-19 01:26:53,857] {standard_task_runner.py:52} INFO - Started process 2727 to run task
[2022-02-19 01:26:53,864] {standard_task_runner.py:76} INFO - Running: ['***', 'tasks', 'run', 'HomeWorkWeek2', 'halo', 'scheduled__2019-12-02T06:00:00+00:00', '--job-id', '569', '--raw', '--subdir', 'DAGS_FOLDER/dag_questions1.py', '--cfg-path', '/tmp/tmpuzhojucm', '--error-file', '/tmp/tmpcnjxwju7']
[2022-02-19 01:26:53,874] {standard_task_runner.py:77} INFO - Job 569: Subtask halo
[2022-02-19 01:26:54,119] {logging_mixin.py:109} INFO - Running <TaskInstance: HomeWorkWeek2.halo scheduled__2019-12-02T06:00:00+00:00 [running]> on host 312f1fe573aa
[2022-02-19 01:26:54,384] {taskinstance.py:1426} INFO - Exporting the following env vars:
AIRFLOW_CTX_DAG_OWNER=***
AIRFLOW_CTX_DAG_ID=HomeWorkWeek2
AIRFLOW_CTX_TASK_ID=halo
AIRFLOW_CTX_EXECUTION_DATE=2019-12-02T06:00:00+00:00
AIRFLOW_CTX_DAG_RUN_ID=scheduled__2019-12-02T06:00:00+00:00
[2022-02-19 01:26:54,386] {logging_mixin.py:109} INFO - hello world!!
[2022-02-19 01:26:54,386] {python.py:175} INFO - Done. Returned value was: None
[2022-02-19 01:26:54,440] {taskinstance.py:1277} INFO - Marking task as SUCCESS. dag_id=HomeWorkWeek2, task_id=halo, execution_date=20191202T060000, start_date=20220219T012653, end_date=20220219T012654
[2022-02-19 01:26:54,532] {local_task_job.py:154} INFO - Task exited with return code 0
[2022-02-19 01:26:54,734] {local_task_job.py:264} INFO - 0 downstream tasks scheduled from follow-on schedule check
[2022-02-19 11:28:09,700] {taskinstance.py:1032} INFO - Dependencies all met for <TaskInstance: HomeWorkWeek2.halo scheduled__2019-12-02T06:00:00+00:00 [queued]>
[2022-02-19 11:28:09,747] {taskinstance.py:1032} INFO - Dependencies all met for <TaskInstance: HomeWorkWeek2.halo scheduled__2019-12-02T06:00:00+00:00 [queued]>
[2022-02-19 11:28:09,748] {taskinstance.py:1238} INFO - 
--------------------------------------------------------------------------------
[2022-02-19 11:28:09,748] {taskinstance.py:1239} INFO - Starting attempt 1 of 2
[2022-02-19 11:28:09,749] {taskinstance.py:1240} INFO - 
--------------------------------------------------------------------------------
[2022-02-19 11:28:09,792] {taskinstance.py:1259} INFO - Executing <Task(PythonOperator): halo> on 2019-12-02 06:00:00+00:00
[2022-02-19 11:28:09,801] {standard_task_runner.py:52} INFO - Started process 3644 to run task
[2022-02-19 11:28:09,808] {standard_task_runner.py:76} INFO - Running: ['***', 'tasks', 'run', 'HomeWorkWeek2', 'halo', 'scheduled__2019-12-02T06:00:00+00:00', '--job-id', '939', '--raw', '--subdir', 'DAGS_FOLDER/dag_questions1.py', '--cfg-path', '/tmp/tmp1afi3mr0', '--error-file', '/tmp/tmpgt0fs0cn']
[2022-02-19 11:28:09,810] {standard_task_runner.py:77} INFO - Job 939: Subtask halo
[2022-02-19 11:28:10,010] {logging_mixin.py:109} INFO - Running <TaskInstance: HomeWorkWeek2.halo scheduled__2019-12-02T06:00:00+00:00 [running]> on host f81f14254480
[2022-02-19 11:28:10,194] {taskinstance.py:1426} INFO - Exporting the following env vars:
AIRFLOW_CTX_DAG_OWNER=***
AIRFLOW_CTX_DAG_ID=HomeWorkWeek2
AIRFLOW_CTX_TASK_ID=halo
AIRFLOW_CTX_EXECUTION_DATE=2019-12-02T06:00:00+00:00
AIRFLOW_CTX_DAG_RUN_ID=scheduled__2019-12-02T06:00:00+00:00
[2022-02-19 11:28:10,196] {logging_mixin.py:109} INFO - hello world!!
[2022-02-19 11:28:10,197] {python.py:175} INFO - Done. Returned value was: None
[2022-02-19 11:28:10,232] {taskinstance.py:1277} INFO - Marking task as SUCCESS. dag_id=HomeWorkWeek2, task_id=halo, execution_date=20191202T060000, start_date=20220219T112809, end_date=20220219T112810
[2022-02-19 11:28:10,374] {local_task_job.py:154} INFO - Task exited with return code 0
[2022-02-19 11:28:10,482] {local_task_job.py:264} INFO - 0 downstream tasks scheduled from follow-on schedule check
[2022-02-20 00:12:08,169] {taskinstance.py:1032} INFO - Dependencies all met for <TaskInstance: HomeWorkWeek2.halo scheduled__2019-12-02T06:00:00+00:00 [queued]>
[2022-02-20 00:12:08,219] {taskinstance.py:1032} INFO - Dependencies all met for <TaskInstance: HomeWorkWeek2.halo scheduled__2019-12-02T06:00:00+00:00 [queued]>
[2022-02-20 00:12:08,219] {taskinstance.py:1238} INFO - 
--------------------------------------------------------------------------------
[2022-02-20 00:12:08,220] {taskinstance.py:1239} INFO - Starting attempt 1 of 2
[2022-02-20 00:12:08,220] {taskinstance.py:1240} INFO - 
--------------------------------------------------------------------------------
[2022-02-20 00:12:08,265] {taskinstance.py:1259} INFO - Executing <Task(PythonOperator): halo> on 2019-12-02 06:00:00+00:00
[2022-02-20 00:12:08,271] {standard_task_runner.py:52} INFO - Started process 23638 to run task
[2022-02-20 00:12:08,278] {standard_task_runner.py:76} INFO - Running: ['***', 'tasks', 'run', 'HomeWorkWeek2', 'halo', 'scheduled__2019-12-02T06:00:00+00:00', '--job-id', '1103', '--raw', '--subdir', 'DAGS_FOLDER/dag_questions1.py', '--cfg-path', '/tmp/tmp2q7cexlf', '--error-file', '/tmp/tmpv5eircq8']
[2022-02-20 00:12:08,280] {standard_task_runner.py:77} INFO - Job 1103: Subtask halo
[2022-02-20 00:12:08,443] {logging_mixin.py:109} INFO - Running <TaskInstance: HomeWorkWeek2.halo scheduled__2019-12-02T06:00:00+00:00 [running]> on host d9977d7db207
[2022-02-20 00:12:08,625] {taskinstance.py:1426} INFO - Exporting the following env vars:
AIRFLOW_CTX_DAG_OWNER=***
AIRFLOW_CTX_DAG_ID=HomeWorkWeek2
AIRFLOW_CTX_TASK_ID=halo
AIRFLOW_CTX_EXECUTION_DATE=2019-12-02T06:00:00+00:00
AIRFLOW_CTX_DAG_RUN_ID=scheduled__2019-12-02T06:00:00+00:00
[2022-02-20 00:12:08,628] {logging_mixin.py:109} INFO - hello world!!
[2022-02-20 00:12:08,628] {python.py:175} INFO - Done. Returned value was: None
[2022-02-20 00:12:08,662] {taskinstance.py:1277} INFO - Marking task as SUCCESS. dag_id=HomeWorkWeek2, task_id=halo, execution_date=20191202T060000, start_date=20220220T001208, end_date=20220220T001208
[2022-02-20 00:12:08,745] {local_task_job.py:154} INFO - Task exited with return code 0
[2022-02-20 00:12:09,087] {local_task_job.py:264} INFO - 0 downstream tasks scheduled from follow-on schedule check
