[2022-01-30 12:52:56,215] {taskinstance.py:1032} INFO - Dependencies all met for <TaskInstance: HomeWorkWeek2.dowdata scheduled__2019-03-02T06:00:00+00:00 [queued]>
[2022-01-30 12:52:56,257] {taskinstance.py:1032} INFO - Dependencies all met for <TaskInstance: HomeWorkWeek2.dowdata scheduled__2019-03-02T06:00:00+00:00 [queued]>
[2022-01-30 12:52:56,261] {taskinstance.py:1238} INFO - 
--------------------------------------------------------------------------------
[2022-01-30 12:52:56,261] {taskinstance.py:1239} INFO - Starting attempt 1 of 2
[2022-01-30 12:52:56,263] {taskinstance.py:1240} INFO - 
--------------------------------------------------------------------------------
[2022-01-30 12:52:56,323] {taskinstance.py:1259} INFO - Executing <Task(BashOperator): dowdata> on 2019-03-02 06:00:00+00:00
[2022-01-30 12:52:56,331] {standard_task_runner.py:52} INFO - Started process 2120 to run task
[2022-01-30 12:52:56,336] {standard_task_runner.py:76} INFO - Running: ['***', 'tasks', 'run', 'HomeWorkWeek2', 'dowdata', 'scheduled__2019-03-02T06:00:00+00:00', '--job-id', '107', '--raw', '--subdir', 'DAGS_FOLDER/dag_questions1.py', '--cfg-path', '/tmp/tmp372sjuor', '--error-file', '/tmp/tmp0c5ziv3m']
[2022-01-30 12:52:56,338] {standard_task_runner.py:77} INFO - Job 107: Subtask dowdata
[2022-01-30 12:52:56,508] {logging_mixin.py:109} INFO - Running <TaskInstance: HomeWorkWeek2.dowdata scheduled__2019-03-02T06:00:00+00:00 [running]> on host 4b3b8c5e49b1
[2022-01-30 12:52:56,643] {warnings.py:110} WARNING - /home/***/.local/lib/python3.7/site-packages/***/utils/context.py:152: AirflowContextDeprecationWarning: Accessing 'execution_date' from the template is deprecated and will be removed in a future version. Please use 'data_interval_start' or 'logical_date' instead.
  warnings.warn(_create_deprecation_warning(key, self._deprecation_replacements[key]))

[2022-01-30 12:52:56,694] {taskinstance.py:1426} INFO - Exporting the following env vars:
AIRFLOW_CTX_DAG_OWNER=***
AIRFLOW_CTX_DAG_ID=HomeWorkWeek2
AIRFLOW_CTX_TASK_ID=dowdata
AIRFLOW_CTX_EXECUTION_DATE=2019-03-02T06:00:00+00:00
AIRFLOW_CTX_DAG_RUN_ID=scheduled__2019-03-02T06:00:00+00:00
[2022-01-30 12:52:56,696] {subprocess.py:62} INFO - Tmp dir root location: 
 /tmp
[2022-01-30 12:52:56,696] {subprocess.py:74} INFO - Running command: ['bash', '-c', 'curl -sSLf https://s3.amazonaws.com/nyc-tlc/trip+data/yellow_tripdata_2019-03.csv > /opt/***output_2019-03.csv']
[2022-01-30 12:52:56,721] {subprocess.py:85} INFO - Output:
[2022-01-30 12:56:10,867] {subprocess.py:93} INFO - Command exited with return code 0
[2022-01-30 12:56:10,991] {taskinstance.py:1277} INFO - Marking task as SUCCESS. dag_id=HomeWorkWeek2, task_id=dowdata, execution_date=20190302T060000, start_date=20220130T125256, end_date=20220130T125610
[2022-01-30 12:56:11,090] {local_task_job.py:154} INFO - Task exited with return code 0
[2022-01-30 12:56:11,205] {local_task_job.py:264} INFO - 1 downstream tasks scheduled from follow-on schedule check
[2022-01-30 14:40:59,244] {taskinstance.py:1032} INFO - Dependencies all met for <TaskInstance: HomeWorkWeek2.dowdata scheduled__2019-03-02T06:00:00+00:00 [queued]>
[2022-01-30 14:40:59,319] {taskinstance.py:1032} INFO - Dependencies all met for <TaskInstance: HomeWorkWeek2.dowdata scheduled__2019-03-02T06:00:00+00:00 [queued]>
[2022-01-30 14:40:59,320] {taskinstance.py:1238} INFO - 
--------------------------------------------------------------------------------
[2022-01-30 14:40:59,320] {taskinstance.py:1239} INFO - Starting attempt 1 of 2
[2022-01-30 14:40:59,320] {taskinstance.py:1240} INFO - 
--------------------------------------------------------------------------------
[2022-01-30 14:40:59,384] {taskinstance.py:1259} INFO - Executing <Task(BashOperator): dowdata> on 2019-03-02 06:00:00+00:00
[2022-01-30 14:40:59,392] {standard_task_runner.py:52} INFO - Started process 315 to run task
[2022-01-30 14:40:59,400] {standard_task_runner.py:76} INFO - Running: ['***', 'tasks', 'run', 'HomeWorkWeek2', 'dowdata', 'scheduled__2019-03-02T06:00:00+00:00', '--job-id', '185', '--raw', '--subdir', 'DAGS_FOLDER/dag_questions1.py', '--cfg-path', '/tmp/tmp9jxgigk3', '--error-file', '/tmp/tmplo786190']
[2022-01-30 14:40:59,402] {standard_task_runner.py:77} INFO - Job 185: Subtask dowdata
[2022-01-30 14:40:59,622] {logging_mixin.py:109} INFO - Running <TaskInstance: HomeWorkWeek2.dowdata scheduled__2019-03-02T06:00:00+00:00 [running]> on host 785c0c715caa
[2022-01-30 14:40:59,783] {warnings.py:110} WARNING - /home/***/.local/lib/python3.7/site-packages/***/utils/context.py:152: AirflowContextDeprecationWarning: Accessing 'execution_date' from the template is deprecated and will be removed in a future version. Please use 'data_interval_start' or 'logical_date' instead.
  warnings.warn(_create_deprecation_warning(key, self._deprecation_replacements[key]))

[2022-01-30 14:40:59,860] {taskinstance.py:1426} INFO - Exporting the following env vars:
AIRFLOW_CTX_DAG_OWNER=***
AIRFLOW_CTX_DAG_ID=HomeWorkWeek2
AIRFLOW_CTX_TASK_ID=dowdata
AIRFLOW_CTX_EXECUTION_DATE=2019-03-02T06:00:00+00:00
AIRFLOW_CTX_DAG_RUN_ID=scheduled__2019-03-02T06:00:00+00:00
[2022-01-30 14:40:59,862] {subprocess.py:62} INFO - Tmp dir root location: 
 /tmp
[2022-01-30 14:40:59,863] {subprocess.py:74} INFO - Running command: ['bash', '-c', 'curl -sSLf https://s3.amazonaws.com/nyc-tlc/trip+data/yellow_tripdata_2019-03.csv > /opt/***output_2019-03.csv']
[2022-01-30 14:40:59,894] {subprocess.py:85} INFO - Output:
[2022-01-30 14:42:18,810] {subprocess.py:93} INFO - Command exited with return code 0
[2022-01-30 14:42:18,881] {taskinstance.py:1277} INFO - Marking task as SUCCESS. dag_id=HomeWorkWeek2, task_id=dowdata, execution_date=20190302T060000, start_date=20220130T144059, end_date=20220130T144218
[2022-01-30 14:42:18,955] {local_task_job.py:154} INFO - Task exited with return code 0
[2022-01-30 14:42:19,094] {local_task_job.py:264} INFO - 1 downstream tasks scheduled from follow-on schedule check
[2022-01-30 15:59:04,503] {taskinstance.py:1032} INFO - Dependencies all met for <TaskInstance: HomeWorkWeek2.dowdata scheduled__2019-03-02T06:00:00+00:00 [queued]>
[2022-01-30 15:59:04,552] {taskinstance.py:1032} INFO - Dependencies all met for <TaskInstance: HomeWorkWeek2.dowdata scheduled__2019-03-02T06:00:00+00:00 [queued]>
[2022-01-30 15:59:04,553] {taskinstance.py:1238} INFO - 
--------------------------------------------------------------------------------
[2022-01-30 15:59:04,553] {taskinstance.py:1239} INFO - Starting attempt 1 of 2
[2022-01-30 15:59:04,554] {taskinstance.py:1240} INFO - 
--------------------------------------------------------------------------------
[2022-01-30 15:59:04,603] {taskinstance.py:1259} INFO - Executing <Task(BashOperator): dowdata> on 2019-03-02 06:00:00+00:00
[2022-01-30 15:59:04,612] {standard_task_runner.py:52} INFO - Started process 509 to run task
[2022-01-30 15:59:04,619] {standard_task_runner.py:76} INFO - Running: ['***', 'tasks', 'run', 'HomeWorkWeek2', 'dowdata', 'scheduled__2019-03-02T06:00:00+00:00', '--job-id', '296', '--raw', '--subdir', 'DAGS_FOLDER/dag_questions1.py', '--cfg-path', '/tmp/tmprdc99coe', '--error-file', '/tmp/tmp_n0ay2x8']
[2022-01-30 15:59:04,623] {standard_task_runner.py:77} INFO - Job 296: Subtask dowdata
[2022-01-30 15:59:04,784] {logging_mixin.py:109} INFO - Running <TaskInstance: HomeWorkWeek2.dowdata scheduled__2019-03-02T06:00:00+00:00 [running]> on host 76a6ca5a1f6b
[2022-01-30 15:59:04,935] {warnings.py:110} WARNING - /home/***/.local/lib/python3.7/site-packages/***/utils/context.py:152: AirflowContextDeprecationWarning: Accessing 'execution_date' from the template is deprecated and will be removed in a future version. Please use 'data_interval_start' or 'logical_date' instead.
  warnings.warn(_create_deprecation_warning(key, self._deprecation_replacements[key]))

[2022-01-30 15:59:05,008] {taskinstance.py:1426} INFO - Exporting the following env vars:
AIRFLOW_CTX_DAG_OWNER=***
AIRFLOW_CTX_DAG_ID=HomeWorkWeek2
AIRFLOW_CTX_TASK_ID=dowdata
AIRFLOW_CTX_EXECUTION_DATE=2019-03-02T06:00:00+00:00
AIRFLOW_CTX_DAG_RUN_ID=scheduled__2019-03-02T06:00:00+00:00
[2022-01-30 15:59:05,011] {subprocess.py:62} INFO - Tmp dir root location: 
 /tmp
[2022-01-30 15:59:05,020] {subprocess.py:74} INFO - Running command: ['bash', '-c', 'curl -sSLf https://s3.amazonaws.com/nyc-tlc/trip+data/yellow_tripdata_2019-03.csv > /opt/***output_2019-03.csv']
[2022-01-30 15:59:05,042] {subprocess.py:85} INFO - Output:
[2022-01-30 16:00:39,490] {subprocess.py:93} INFO - Command exited with return code 0
[2022-01-30 16:00:39,592] {taskinstance.py:1277} INFO - Marking task as SUCCESS. dag_id=HomeWorkWeek2, task_id=dowdata, execution_date=20190302T060000, start_date=20220130T155904, end_date=20220130T160039
[2022-01-30 16:00:39,659] {local_task_job.py:154} INFO - Task exited with return code 0
[2022-01-30 16:00:40,150] {local_task_job.py:264} INFO - 0 downstream tasks scheduled from follow-on schedule check
[2022-02-19 00:41:54,283] {taskinstance.py:1032} INFO - Dependencies all met for <TaskInstance: HomeWorkWeek2.dowdata scheduled__2019-03-02T06:00:00+00:00 [queued]>
[2022-02-19 00:41:54,338] {taskinstance.py:1032} INFO - Dependencies all met for <TaskInstance: HomeWorkWeek2.dowdata scheduled__2019-03-02T06:00:00+00:00 [queued]>
[2022-02-19 00:41:54,338] {taskinstance.py:1238} INFO - 
--------------------------------------------------------------------------------
[2022-02-19 00:41:54,339] {taskinstance.py:1239} INFO - Starting attempt 1 of 2
[2022-02-19 00:41:54,340] {taskinstance.py:1240} INFO - 
--------------------------------------------------------------------------------
[2022-02-19 00:41:54,399] {taskinstance.py:1259} INFO - Executing <Task(BashOperator): dowdata> on 2019-03-02 06:00:00+00:00
[2022-02-19 00:41:54,408] {standard_task_runner.py:52} INFO - Started process 554 to run task
[2022-02-19 00:41:54,414] {standard_task_runner.py:76} INFO - Running: ['***', 'tasks', 'run', 'HomeWorkWeek2', 'dowdata', 'scheduled__2019-03-02T06:00:00+00:00', '--job-id', '522', '--raw', '--subdir', 'DAGS_FOLDER/dag_questions1.py', '--cfg-path', '/tmp/tmplk3ukmo4', '--error-file', '/tmp/tmpzvhcd4pr']
[2022-02-19 00:41:54,417] {standard_task_runner.py:77} INFO - Job 522: Subtask dowdata
[2022-02-19 00:41:54,587] {logging_mixin.py:109} INFO - Running <TaskInstance: HomeWorkWeek2.dowdata scheduled__2019-03-02T06:00:00+00:00 [running]> on host 312f1fe573aa
[2022-02-19 00:41:54,771] {warnings.py:110} WARNING - /home/***/.local/lib/python3.7/site-packages/***/utils/context.py:152: AirflowContextDeprecationWarning: Accessing 'execution_date' from the template is deprecated and will be removed in a future version. Please use 'data_interval_start' or 'logical_date' instead.
  warnings.warn(_create_deprecation_warning(key, self._deprecation_replacements[key]))

[2022-02-19 00:41:54,834] {taskinstance.py:1426} INFO - Exporting the following env vars:
AIRFLOW_CTX_DAG_OWNER=***
AIRFLOW_CTX_DAG_ID=HomeWorkWeek2
AIRFLOW_CTX_TASK_ID=dowdata
AIRFLOW_CTX_EXECUTION_DATE=2019-03-02T06:00:00+00:00
AIRFLOW_CTX_DAG_RUN_ID=scheduled__2019-03-02T06:00:00+00:00
[2022-02-19 00:41:54,839] {subprocess.py:62} INFO - Tmp dir root location: 
 /tmp
[2022-02-19 00:41:54,842] {subprocess.py:74} INFO - Running command: ['bash', '-c', 'curl -sSLf https://s3.amazonaws.com/nyc-tlc/trip+data/yellow_tripdata_2019-03.csv > /opt/***output_2019-03.csv']
[2022-02-19 00:41:54,859] {subprocess.py:85} INFO - Output:
[2022-02-19 00:44:16,972] {subprocess.py:93} INFO - Command exited with return code 0
[2022-02-19 00:44:17,101] {taskinstance.py:1277} INFO - Marking task as SUCCESS. dag_id=HomeWorkWeek2, task_id=dowdata, execution_date=20190302T060000, start_date=20220219T004154, end_date=20220219T004417
[2022-02-19 00:44:17,169] {local_task_job.py:154} INFO - Task exited with return code 0
[2022-02-19 00:44:17,328] {local_task_job.py:264} INFO - 1 downstream tasks scheduled from follow-on schedule check
