[2022-02-02 21:21:24,638] {taskinstance.py:1032} INFO - Dependencies all met for <TaskInstance: Question3_FHV.halo scheduled__2019-06-02T06:00:00+00:00 [queued]>
[2022-02-02 21:21:24,682] {taskinstance.py:1032} INFO - Dependencies all met for <TaskInstance: Question3_FHV.halo scheduled__2019-06-02T06:00:00+00:00 [queued]>
[2022-02-02 21:21:24,683] {taskinstance.py:1238} INFO - 
--------------------------------------------------------------------------------
[2022-02-02 21:21:24,683] {taskinstance.py:1239} INFO - Starting attempt 1 of 2
[2022-02-02 21:21:24,684] {taskinstance.py:1240} INFO - 
--------------------------------------------------------------------------------
[2022-02-02 21:21:24,729] {taskinstance.py:1259} INFO - Executing <Task(PythonOperator): halo> on 2019-06-02 06:00:00+00:00
[2022-02-02 21:21:24,738] {standard_task_runner.py:52} INFO - Started process 1061 to run task
[2022-02-02 21:21:24,744] {standard_task_runner.py:76} INFO - Running: ['***', 'tasks', 'run', 'Question3_FHV', 'halo', 'scheduled__2019-06-02T06:00:00+00:00', '--job-id', '335', '--raw', '--subdir', 'DAGS_FOLDER/dag_questions3.py', '--cfg-path', '/tmp/tmpbb9z3y22', '--error-file', '/tmp/tmpxyf8aptb']
[2022-02-02 21:21:24,746] {standard_task_runner.py:77} INFO - Job 335: Subtask halo
[2022-02-02 21:21:24,916] {logging_mixin.py:109} INFO - Running <TaskInstance: Question3_FHV.halo scheduled__2019-06-02T06:00:00+00:00 [running]> on host d574c7c5b085
[2022-02-02 21:21:25,073] {taskinstance.py:1426} INFO - Exporting the following env vars:
AIRFLOW_CTX_DAG_OWNER=***
AIRFLOW_CTX_DAG_ID=Question3_FHV
AIRFLOW_CTX_TASK_ID=halo
AIRFLOW_CTX_EXECUTION_DATE=2019-06-02T06:00:00+00:00
AIRFLOW_CTX_DAG_RUN_ID=scheduled__2019-06-02T06:00:00+00:00
[2022-02-02 21:21:25,075] {logging_mixin.py:109} INFO - hello world!!
[2022-02-02 21:21:25,075] {python.py:175} INFO - Done. Returned value was: None
[2022-02-02 21:21:25,111] {taskinstance.py:1277} INFO - Marking task as SUCCESS. dag_id=Question3_FHV, task_id=halo, execution_date=20190602T060000, start_date=20220202T212124, end_date=20220202T212125
[2022-02-02 21:21:25,174] {local_task_job.py:154} INFO - Task exited with return code 0
[2022-02-02 21:21:25,278] {local_task_job.py:264} INFO - 0 downstream tasks scheduled from follow-on schedule check
