[2022-01-30 14:48:23,142] {taskinstance.py:1032} INFO - Dependencies all met for <TaskInstance: HomeWorkWeek2.csv_to_parquet scheduled__2019-08-02T06:00:00+00:00 [queued]>
[2022-01-30 14:48:23,186] {taskinstance.py:1032} INFO - Dependencies all met for <TaskInstance: HomeWorkWeek2.csv_to_parquet scheduled__2019-08-02T06:00:00+00:00 [queued]>
[2022-01-30 14:48:23,187] {taskinstance.py:1238} INFO - 
--------------------------------------------------------------------------------
[2022-01-30 14:48:23,187] {taskinstance.py:1239} INFO - Starting attempt 1 of 2
[2022-01-30 14:48:23,187] {taskinstance.py:1240} INFO - 
--------------------------------------------------------------------------------
[2022-01-30 14:48:23,240] {taskinstance.py:1259} INFO - Executing <Task(PythonOperator): csv_to_parquet> on 2019-08-02 06:00:00+00:00
[2022-01-30 14:48:23,249] {standard_task_runner.py:52} INFO - Started process 755 to run task
[2022-01-30 14:48:23,257] {standard_task_runner.py:76} INFO - Running: ['***', 'tasks', 'run', 'HomeWorkWeek2', 'csv_to_parquet', 'scheduled__2019-08-02T06:00:00+00:00', '--job-id', '205', '--raw', '--subdir', 'DAGS_FOLDER/dag_questions1.py', '--cfg-path', '/tmp/tmphgdh_sqs', '--error-file', '/tmp/tmp3_cp_m90']
[2022-01-30 14:48:23,259] {standard_task_runner.py:77} INFO - Job 205: Subtask csv_to_parquet
[2022-01-30 14:48:23,504] {logging_mixin.py:109} INFO - Running <TaskInstance: HomeWorkWeek2.csv_to_parquet scheduled__2019-08-02T06:00:00+00:00 [running]> on host 785c0c715caa
[2022-01-30 14:48:23,796] {warnings.py:110} WARNING - /home/***/.local/lib/python3.7/site-packages/***/utils/context.py:152: AirflowContextDeprecationWarning: Accessing 'execution_date' from the template is deprecated and will be removed in a future version. Please use 'data_interval_start' or 'logical_date' instead.
  warnings.warn(_create_deprecation_warning(key, self._deprecation_replacements[key]))

[2022-01-30 14:48:23,888] {taskinstance.py:1426} INFO - Exporting the following env vars:
AIRFLOW_CTX_DAG_OWNER=***
AIRFLOW_CTX_DAG_ID=HomeWorkWeek2
AIRFLOW_CTX_TASK_ID=csv_to_parquet
AIRFLOW_CTX_EXECUTION_DATE=2019-08-02T06:00:00+00:00
AIRFLOW_CTX_DAG_RUN_ID=scheduled__2019-08-02T06:00:00+00:00
[2022-01-30 14:48:42,825] {python.py:175} INFO - Done. Returned value was: None
[2022-01-30 14:48:42,868] {taskinstance.py:1277} INFO - Marking task as SUCCESS. dag_id=HomeWorkWeek2, task_id=csv_to_parquet, execution_date=20190802T060000, start_date=20220130T144823, end_date=20220130T144842
[2022-01-30 14:48:43,302] {local_task_job.py:154} INFO - Task exited with return code 0
[2022-01-30 14:48:43,457] {local_task_job.py:264} INFO - 1 downstream tasks scheduled from follow-on schedule check
[2022-02-19 01:02:12,669] {taskinstance.py:1032} INFO - Dependencies all met for <TaskInstance: HomeWorkWeek2.csv_to_parquet scheduled__2019-08-02T06:00:00+00:00 [queued]>
[2022-02-19 01:02:12,726] {taskinstance.py:1032} INFO - Dependencies all met for <TaskInstance: HomeWorkWeek2.csv_to_parquet scheduled__2019-08-02T06:00:00+00:00 [queued]>
[2022-02-19 01:02:12,726] {taskinstance.py:1238} INFO - 
--------------------------------------------------------------------------------
[2022-02-19 01:02:12,726] {taskinstance.py:1239} INFO - Starting attempt 1 of 2
[2022-02-19 01:02:12,726] {taskinstance.py:1240} INFO - 
--------------------------------------------------------------------------------
[2022-02-19 01:02:12,787] {taskinstance.py:1259} INFO - Executing <Task(PythonOperator): csv_to_parquet> on 2019-08-02 06:00:00+00:00
[2022-02-19 01:02:12,799] {standard_task_runner.py:52} INFO - Started process 1538 to run task
[2022-02-19 01:02:12,827] {standard_task_runner.py:76} INFO - Running: ['***', 'tasks', 'run', 'HomeWorkWeek2', 'csv_to_parquet', 'scheduled__2019-08-02T06:00:00+00:00', '--job-id', '543', '--raw', '--subdir', 'DAGS_FOLDER/dag_questions1.py', '--cfg-path', '/tmp/tmpiv0czxb4', '--error-file', '/tmp/tmp_0cvrymo']
[2022-02-19 01:02:12,828] {standard_task_runner.py:77} INFO - Job 543: Subtask csv_to_parquet
[2022-02-19 01:02:13,111] {logging_mixin.py:109} INFO - Running <TaskInstance: HomeWorkWeek2.csv_to_parquet scheduled__2019-08-02T06:00:00+00:00 [running]> on host 312f1fe573aa
[2022-02-19 01:02:13,270] {warnings.py:110} WARNING - /home/***/.local/lib/python3.7/site-packages/***/utils/context.py:152: AirflowContextDeprecationWarning: Accessing 'execution_date' from the template is deprecated and will be removed in a future version. Please use 'data_interval_start' or 'logical_date' instead.
  warnings.warn(_create_deprecation_warning(key, self._deprecation_replacements[key]))

[2022-02-19 01:02:13,338] {taskinstance.py:1426} INFO - Exporting the following env vars:
AIRFLOW_CTX_DAG_OWNER=***
AIRFLOW_CTX_DAG_ID=HomeWorkWeek2
AIRFLOW_CTX_TASK_ID=csv_to_parquet
AIRFLOW_CTX_EXECUTION_DATE=2019-08-02T06:00:00+00:00
AIRFLOW_CTX_DAG_RUN_ID=scheduled__2019-08-02T06:00:00+00:00
[2022-02-19 01:02:26,158] {python.py:175} INFO - Done. Returned value was: None
[2022-02-19 01:02:26,201] {taskinstance.py:1277} INFO - Marking task as SUCCESS. dag_id=HomeWorkWeek2, task_id=csv_to_parquet, execution_date=20190802T060000, start_date=20220219T010212, end_date=20220219T010226
[2022-02-19 01:02:26,451] {local_task_job.py:154} INFO - Task exited with return code 0
[2022-02-19 01:02:26,590] {local_task_job.py:264} INFO - 1 downstream tasks scheduled from follow-on schedule check
[2022-02-19 11:06:35,038] {taskinstance.py:1032} INFO - Dependencies all met for <TaskInstance: HomeWorkWeek2.csv_to_parquet scheduled__2019-08-02T06:00:00+00:00 [queued]>
[2022-02-19 11:06:35,098] {taskinstance.py:1032} INFO - Dependencies all met for <TaskInstance: HomeWorkWeek2.csv_to_parquet scheduled__2019-08-02T06:00:00+00:00 [queued]>
[2022-02-19 11:06:35,099] {taskinstance.py:1238} INFO - 
--------------------------------------------------------------------------------
[2022-02-19 11:06:35,099] {taskinstance.py:1239} INFO - Starting attempt 1 of 2
[2022-02-19 11:06:35,100] {taskinstance.py:1240} INFO - 
--------------------------------------------------------------------------------
[2022-02-19 11:06:35,214] {taskinstance.py:1259} INFO - Executing <Task(PythonOperator): csv_to_parquet> on 2019-08-02 06:00:00+00:00
[2022-02-19 11:06:35,225] {standard_task_runner.py:52} INFO - Started process 2595 to run task
[2022-02-19 11:06:35,238] {standard_task_runner.py:76} INFO - Running: ['***', 'tasks', 'run', 'HomeWorkWeek2', 'csv_to_parquet', 'scheduled__2019-08-02T06:00:00+00:00', '--job-id', '913', '--raw', '--subdir', 'DAGS_FOLDER/dag_questions1.py', '--cfg-path', '/tmp/tmpnmx8ulgs', '--error-file', '/tmp/tmpmndscol5']
[2022-02-19 11:06:35,241] {standard_task_runner.py:77} INFO - Job 913: Subtask csv_to_parquet
[2022-02-19 11:06:35,476] {logging_mixin.py:109} INFO - Running <TaskInstance: HomeWorkWeek2.csv_to_parquet scheduled__2019-08-02T06:00:00+00:00 [running]> on host f81f14254480
[2022-02-19 11:06:35,672] {warnings.py:110} WARNING - /home/***/.local/lib/python3.7/site-packages/***/utils/context.py:152: AirflowContextDeprecationWarning: Accessing 'execution_date' from the template is deprecated and will be removed in a future version. Please use 'data_interval_start' or 'logical_date' instead.
  warnings.warn(_create_deprecation_warning(key, self._deprecation_replacements[key]))

[2022-02-19 11:06:35,747] {taskinstance.py:1426} INFO - Exporting the following env vars:
AIRFLOW_CTX_DAG_OWNER=***
AIRFLOW_CTX_DAG_ID=HomeWorkWeek2
AIRFLOW_CTX_TASK_ID=csv_to_parquet
AIRFLOW_CTX_EXECUTION_DATE=2019-08-02T06:00:00+00:00
AIRFLOW_CTX_DAG_RUN_ID=scheduled__2019-08-02T06:00:00+00:00
[2022-02-19 11:06:49,859] {python.py:175} INFO - Done. Returned value was: None
[2022-02-19 11:06:49,896] {taskinstance.py:1277} INFO - Marking task as SUCCESS. dag_id=HomeWorkWeek2, task_id=csv_to_parquet, execution_date=20190802T060000, start_date=20220219T110635, end_date=20220219T110649
[2022-02-19 11:06:50,137] {local_task_job.py:154} INFO - Task exited with return code 0
[2022-02-19 11:06:50,304] {local_task_job.py:264} INFO - 1 downstream tasks scheduled from follow-on schedule check
[2022-02-19 23:50:06,382] {taskinstance.py:1032} INFO - Dependencies all met for <TaskInstance: HomeWorkWeek2.csv_to_parquet scheduled__2019-08-02T06:00:00+00:00 [queued]>
[2022-02-19 23:50:06,434] {taskinstance.py:1032} INFO - Dependencies all met for <TaskInstance: HomeWorkWeek2.csv_to_parquet scheduled__2019-08-02T06:00:00+00:00 [queued]>
[2022-02-19 23:50:06,434] {taskinstance.py:1238} INFO - 
--------------------------------------------------------------------------------
[2022-02-19 23:50:06,434] {taskinstance.py:1239} INFO - Starting attempt 1 of 2
[2022-02-19 23:50:06,435] {taskinstance.py:1240} INFO - 
--------------------------------------------------------------------------------
[2022-02-19 23:50:06,476] {taskinstance.py:1259} INFO - Executing <Task(PythonOperator): csv_to_parquet> on 2019-08-02 06:00:00+00:00
[2022-02-19 23:50:06,485] {standard_task_runner.py:52} INFO - Started process 22581 to run task
[2022-02-19 23:50:06,493] {standard_task_runner.py:76} INFO - Running: ['***', 'tasks', 'run', 'HomeWorkWeek2', 'csv_to_parquet', 'scheduled__2019-08-02T06:00:00+00:00', '--job-id', '1077', '--raw', '--subdir', 'DAGS_FOLDER/dag_questions1.py', '--cfg-path', '/tmp/tmp87cewozz', '--error-file', '/tmp/tmpqltow3zf']
[2022-02-19 23:50:06,495] {standard_task_runner.py:77} INFO - Job 1077: Subtask csv_to_parquet
[2022-02-19 23:50:06,686] {logging_mixin.py:109} INFO - Running <TaskInstance: HomeWorkWeek2.csv_to_parquet scheduled__2019-08-02T06:00:00+00:00 [running]> on host d9977d7db207
[2022-02-19 23:50:06,850] {warnings.py:110} WARNING - /home/***/.local/lib/python3.7/site-packages/***/utils/context.py:152: AirflowContextDeprecationWarning: Accessing 'execution_date' from the template is deprecated and will be removed in a future version. Please use 'data_interval_start' or 'logical_date' instead.
  warnings.warn(_create_deprecation_warning(key, self._deprecation_replacements[key]))

[2022-02-19 23:50:06,915] {taskinstance.py:1426} INFO - Exporting the following env vars:
AIRFLOW_CTX_DAG_OWNER=***
AIRFLOW_CTX_DAG_ID=HomeWorkWeek2
AIRFLOW_CTX_TASK_ID=csv_to_parquet
AIRFLOW_CTX_EXECUTION_DATE=2019-08-02T06:00:00+00:00
AIRFLOW_CTX_DAG_RUN_ID=scheduled__2019-08-02T06:00:00+00:00
[2022-02-19 23:50:19,502] {python.py:175} INFO - Done. Returned value was: None
[2022-02-19 23:50:19,590] {taskinstance.py:1277} INFO - Marking task as SUCCESS. dag_id=HomeWorkWeek2, task_id=csv_to_parquet, execution_date=20190802T060000, start_date=20220219T235006, end_date=20220219T235019
[2022-02-19 23:50:19,723] {local_task_job.py:154} INFO - Task exited with return code 0
[2022-02-19 23:50:19,769] {local_task_job.py:264} INFO - 1 downstream tasks scheduled from follow-on schedule check
