[2022-01-30 13:07:05,530] {taskinstance.py:1032} INFO - Dependencies all met for <TaskInstance: HomeWorkWeek2.halo scheduled__2020-09-02T06:00:00+00:00 [queued]>
[2022-01-30 13:07:05,594] {taskinstance.py:1032} INFO - Dependencies all met for <TaskInstance: HomeWorkWeek2.halo scheduled__2020-09-02T06:00:00+00:00 [queued]>
[2022-01-30 13:07:05,595] {taskinstance.py:1238} INFO - 
--------------------------------------------------------------------------------
[2022-01-30 13:07:05,595] {taskinstance.py:1239} INFO - Starting attempt 1 of 2
[2022-01-30 13:07:05,596] {taskinstance.py:1240} INFO - 
--------------------------------------------------------------------------------
[2022-01-30 13:07:05,649] {taskinstance.py:1259} INFO - Executing <Task(PythonOperator): halo> on 2020-09-02 06:00:00+00:00
[2022-01-30 13:07:05,658] {standard_task_runner.py:52} INFO - Started process 2901 to run task
[2022-01-30 13:07:05,679] {standard_task_runner.py:76} INFO - Running: ['***', 'tasks', 'run', 'HomeWorkWeek2', 'halo', 'scheduled__2020-09-02T06:00:00+00:00', '--job-id', '147', '--raw', '--subdir', 'DAGS_FOLDER/dag_questions1.py', '--cfg-path', '/tmp/tmplvqv4gjd', '--error-file', '/tmp/tmpakcj9mbr']
[2022-01-30 13:07:05,685] {standard_task_runner.py:77} INFO - Job 147: Subtask halo
[2022-01-30 13:07:05,875] {logging_mixin.py:109} INFO - Running <TaskInstance: HomeWorkWeek2.halo scheduled__2020-09-02T06:00:00+00:00 [running]> on host 4b3b8c5e49b1
[2022-01-30 13:07:06,098] {taskinstance.py:1426} INFO - Exporting the following env vars:
AIRFLOW_CTX_DAG_OWNER=***
AIRFLOW_CTX_DAG_ID=HomeWorkWeek2
AIRFLOW_CTX_TASK_ID=halo
AIRFLOW_CTX_EXECUTION_DATE=2020-09-02T06:00:00+00:00
AIRFLOW_CTX_DAG_RUN_ID=scheduled__2020-09-02T06:00:00+00:00
[2022-01-30 13:07:06,100] {logging_mixin.py:109} INFO - helloworld
[2022-01-30 13:07:06,101] {python.py:175} INFO - Done. Returned value was: None
[2022-01-30 13:07:06,144] {taskinstance.py:1277} INFO - Marking task as SUCCESS. dag_id=HomeWorkWeek2, task_id=halo, execution_date=20200902T060000, start_date=20220130T130705, end_date=20220130T130706
[2022-01-30 13:07:06,211] {local_task_job.py:154} INFO - Task exited with return code 0
[2022-01-30 13:07:06,335] {local_task_job.py:264} INFO - 0 downstream tasks scheduled from follow-on schedule check
[2022-01-30 14:55:48,733] {taskinstance.py:1032} INFO - Dependencies all met for <TaskInstance: HomeWorkWeek2.halo scheduled__2020-09-02T06:00:00+00:00 [queued]>
[2022-01-30 14:55:48,777] {taskinstance.py:1032} INFO - Dependencies all met for <TaskInstance: HomeWorkWeek2.halo scheduled__2020-09-02T06:00:00+00:00 [queued]>
[2022-01-30 14:55:48,778] {taskinstance.py:1238} INFO - 
--------------------------------------------------------------------------------
[2022-01-30 14:55:48,778] {taskinstance.py:1239} INFO - Starting attempt 1 of 2
[2022-01-30 14:55:48,778] {taskinstance.py:1240} INFO - 
--------------------------------------------------------------------------------
[2022-01-30 14:55:48,822] {taskinstance.py:1259} INFO - Executing <Task(PythonOperator): halo> on 2020-09-02 06:00:00+00:00
[2022-01-30 14:55:48,831] {standard_task_runner.py:52} INFO - Started process 1314 to run task
[2022-01-30 14:55:48,838] {standard_task_runner.py:76} INFO - Running: ['***', 'tasks', 'run', 'HomeWorkWeek2', 'halo', 'scheduled__2020-09-02T06:00:00+00:00', '--job-id', '243', '--raw', '--subdir', 'DAGS_FOLDER/dag_questions1.py', '--cfg-path', '/tmp/tmpmi9qzwn_', '--error-file', '/tmp/tmp7v9qxhq1']
[2022-01-30 14:55:48,840] {standard_task_runner.py:77} INFO - Job 243: Subtask halo
[2022-01-30 14:55:49,031] {logging_mixin.py:109} INFO - Running <TaskInstance: HomeWorkWeek2.halo scheduled__2020-09-02T06:00:00+00:00 [running]> on host 785c0c715caa
[2022-01-30 14:55:49,261] {taskinstance.py:1426} INFO - Exporting the following env vars:
AIRFLOW_CTX_DAG_OWNER=***
AIRFLOW_CTX_DAG_ID=HomeWorkWeek2
AIRFLOW_CTX_TASK_ID=halo
AIRFLOW_CTX_EXECUTION_DATE=2020-09-02T06:00:00+00:00
AIRFLOW_CTX_DAG_RUN_ID=scheduled__2020-09-02T06:00:00+00:00
[2022-01-30 14:55:49,265] {logging_mixin.py:109} INFO - hello world!!
[2022-01-30 14:55:49,265] {python.py:175} INFO - Done. Returned value was: None
[2022-01-30 14:55:49,559] {taskinstance.py:1277} INFO - Marking task as SUCCESS. dag_id=HomeWorkWeek2, task_id=halo, execution_date=20200902T060000, start_date=20220130T145548, end_date=20220130T145549
[2022-01-30 14:55:49,663] {local_task_job.py:154} INFO - Task exited with return code 0
[2022-01-30 14:55:49,837] {local_task_job.py:264} INFO - 0 downstream tasks scheduled from follow-on schedule check
[2022-02-19 01:36:24,640] {taskinstance.py:1032} INFO - Dependencies all met for <TaskInstance: HomeWorkWeek2.halo scheduled__2020-09-02T06:00:00+00:00 [queued]>
[2022-02-19 01:36:24,713] {taskinstance.py:1032} INFO - Dependencies all met for <TaskInstance: HomeWorkWeek2.halo scheduled__2020-09-02T06:00:00+00:00 [queued]>
[2022-02-19 01:36:24,714] {taskinstance.py:1238} INFO - 
--------------------------------------------------------------------------------
[2022-02-19 01:36:24,714] {taskinstance.py:1239} INFO - Starting attempt 1 of 2
[2022-02-19 01:36:24,714] {taskinstance.py:1240} INFO - 
--------------------------------------------------------------------------------
[2022-02-19 01:36:24,774] {taskinstance.py:1259} INFO - Executing <Task(PythonOperator): halo> on 2020-09-02 06:00:00+00:00
[2022-02-19 01:36:24,787] {standard_task_runner.py:52} INFO - Started process 3316 to run task
[2022-02-19 01:36:24,803] {standard_task_runner.py:76} INFO - Running: ['***', 'tasks', 'run', 'HomeWorkWeek2', 'halo', 'scheduled__2020-09-02T06:00:00+00:00', '--job-id', '605', '--raw', '--subdir', 'DAGS_FOLDER/dag_questions1.py', '--cfg-path', '/tmp/tmpwmk37ny8', '--error-file', '/tmp/tmpk53l8swu']
[2022-02-19 01:36:24,806] {standard_task_runner.py:77} INFO - Job 605: Subtask halo
[2022-02-19 01:36:25,155] {logging_mixin.py:109} INFO - Running <TaskInstance: HomeWorkWeek2.halo scheduled__2020-09-02T06:00:00+00:00 [running]> on host 312f1fe573aa
[2022-02-19 01:36:25,428] {taskinstance.py:1426} INFO - Exporting the following env vars:
AIRFLOW_CTX_DAG_OWNER=***
AIRFLOW_CTX_DAG_ID=HomeWorkWeek2
AIRFLOW_CTX_TASK_ID=halo
AIRFLOW_CTX_EXECUTION_DATE=2020-09-02T06:00:00+00:00
AIRFLOW_CTX_DAG_RUN_ID=scheduled__2020-09-02T06:00:00+00:00
[2022-02-19 01:36:25,430] {logging_mixin.py:109} INFO - hello world!!
[2022-02-19 01:36:25,431] {python.py:175} INFO - Done. Returned value was: None
[2022-02-19 01:36:25,472] {taskinstance.py:1277} INFO - Marking task as SUCCESS. dag_id=HomeWorkWeek2, task_id=halo, execution_date=20200902T060000, start_date=20220219T013624, end_date=20220219T013625
[2022-02-19 01:36:25,561] {local_task_job.py:154} INFO - Task exited with return code 0
[2022-02-19 01:36:25,711] {local_task_job.py:264} INFO - 0 downstream tasks scheduled from follow-on schedule check
[2022-02-19 11:38:39,491] {taskinstance.py:1032} INFO - Dependencies all met for <TaskInstance: HomeWorkWeek2.halo scheduled__2020-09-02T06:00:00+00:00 [queued]>
[2022-02-19 11:38:39,537] {taskinstance.py:1032} INFO - Dependencies all met for <TaskInstance: HomeWorkWeek2.halo scheduled__2020-09-02T06:00:00+00:00 [queued]>
[2022-02-19 11:38:39,537] {taskinstance.py:1238} INFO - 
--------------------------------------------------------------------------------
[2022-02-19 11:38:39,538] {taskinstance.py:1239} INFO - Starting attempt 1 of 2
[2022-02-19 11:38:39,538] {taskinstance.py:1240} INFO - 
--------------------------------------------------------------------------------
[2022-02-19 11:38:39,584] {taskinstance.py:1259} INFO - Executing <Task(PythonOperator): halo> on 2020-09-02 06:00:00+00:00
[2022-02-19 11:38:39,598] {standard_task_runner.py:52} INFO - Started process 4271 to run task
[2022-02-19 11:38:39,606] {standard_task_runner.py:76} INFO - Running: ['***', 'tasks', 'run', 'HomeWorkWeek2', 'halo', 'scheduled__2020-09-02T06:00:00+00:00', '--job-id', '975', '--raw', '--subdir', 'DAGS_FOLDER/dag_questions1.py', '--cfg-path', '/tmp/tmpc7pk7y6q', '--error-file', '/tmp/tmpxe087nbt']
[2022-02-19 11:38:39,608] {standard_task_runner.py:77} INFO - Job 975: Subtask halo
[2022-02-19 11:38:39,790] {logging_mixin.py:109} INFO - Running <TaskInstance: HomeWorkWeek2.halo scheduled__2020-09-02T06:00:00+00:00 [running]> on host f81f14254480
[2022-02-19 11:38:40,007] {taskinstance.py:1426} INFO - Exporting the following env vars:
AIRFLOW_CTX_DAG_OWNER=***
AIRFLOW_CTX_DAG_ID=HomeWorkWeek2
AIRFLOW_CTX_TASK_ID=halo
AIRFLOW_CTX_EXECUTION_DATE=2020-09-02T06:00:00+00:00
AIRFLOW_CTX_DAG_RUN_ID=scheduled__2020-09-02T06:00:00+00:00
[2022-02-19 11:38:40,009] {logging_mixin.py:109} INFO - hello world!!
[2022-02-19 11:38:40,009] {python.py:175} INFO - Done. Returned value was: None
[2022-02-19 11:38:40,046] {taskinstance.py:1277} INFO - Marking task as SUCCESS. dag_id=HomeWorkWeek2, task_id=halo, execution_date=20200902T060000, start_date=20220219T113839, end_date=20220219T113840
[2022-02-19 11:38:40,110] {local_task_job.py:154} INFO - Task exited with return code 0
[2022-02-19 11:38:40,205] {local_task_job.py:264} INFO - 0 downstream tasks scheduled from follow-on schedule check
[2022-02-20 00:22:14,917] {taskinstance.py:1032} INFO - Dependencies all met for <TaskInstance: HomeWorkWeek2.halo scheduled__2020-09-02T06:00:00+00:00 [queued]>
[2022-02-20 00:22:14,978] {taskinstance.py:1032} INFO - Dependencies all met for <TaskInstance: HomeWorkWeek2.halo scheduled__2020-09-02T06:00:00+00:00 [queued]>
[2022-02-20 00:22:14,979] {taskinstance.py:1238} INFO - 
--------------------------------------------------------------------------------
[2022-02-20 00:22:14,979] {taskinstance.py:1239} INFO - Starting attempt 1 of 2
[2022-02-20 00:22:14,979] {taskinstance.py:1240} INFO - 
--------------------------------------------------------------------------------
[2022-02-20 00:22:15,026] {taskinstance.py:1259} INFO - Executing <Task(PythonOperator): halo> on 2020-09-02 06:00:00+00:00
[2022-02-20 00:22:15,034] {standard_task_runner.py:52} INFO - Started process 24257 to run task
[2022-02-20 00:22:15,044] {standard_task_runner.py:76} INFO - Running: ['***', 'tasks', 'run', 'HomeWorkWeek2', 'halo', 'scheduled__2020-09-02T06:00:00+00:00', '--job-id', '1139', '--raw', '--subdir', 'DAGS_FOLDER/dag_questions1.py', '--cfg-path', '/tmp/tmpoh9vk98m', '--error-file', '/tmp/tmps8e_xzin']
[2022-02-20 00:22:15,047] {standard_task_runner.py:77} INFO - Job 1139: Subtask halo
[2022-02-20 00:22:15,226] {logging_mixin.py:109} INFO - Running <TaskInstance: HomeWorkWeek2.halo scheduled__2020-09-02T06:00:00+00:00 [running]> on host d9977d7db207
[2022-02-20 00:22:15,404] {taskinstance.py:1426} INFO - Exporting the following env vars:
AIRFLOW_CTX_DAG_OWNER=***
AIRFLOW_CTX_DAG_ID=HomeWorkWeek2
AIRFLOW_CTX_TASK_ID=halo
AIRFLOW_CTX_EXECUTION_DATE=2020-09-02T06:00:00+00:00
AIRFLOW_CTX_DAG_RUN_ID=scheduled__2020-09-02T06:00:00+00:00
[2022-02-20 00:22:15,407] {logging_mixin.py:109} INFO - hello world!!
[2022-02-20 00:22:15,408] {python.py:175} INFO - Done. Returned value was: None
[2022-02-20 00:22:15,450] {taskinstance.py:1277} INFO - Marking task as SUCCESS. dag_id=HomeWorkWeek2, task_id=halo, execution_date=20200902T060000, start_date=20220220T002214, end_date=20220220T002215
[2022-02-20 00:22:15,550] {local_task_job.py:154} INFO - Task exited with return code 0
[2022-02-20 00:22:15,661] {local_task_job.py:264} INFO - 0 downstream tasks scheduled from follow-on schedule check
