[2022-02-02 21:39:38,719] {taskinstance.py:1032} INFO - Dependencies all met for <TaskInstance: Question4_ZONE.dowdata scheduled__2022-01-01T00:00:00+00:00 [queued]>
[2022-02-02 21:39:38,766] {taskinstance.py:1032} INFO - Dependencies all met for <TaskInstance: Question4_ZONE.dowdata scheduled__2022-01-01T00:00:00+00:00 [queued]>
[2022-02-02 21:39:38,766] {taskinstance.py:1238} INFO - 
--------------------------------------------------------------------------------
[2022-02-02 21:39:38,766] {taskinstance.py:1239} INFO - Starting attempt 1 of 2
[2022-02-02 21:39:38,766] {taskinstance.py:1240} INFO - 
--------------------------------------------------------------------------------
[2022-02-02 21:39:38,833] {taskinstance.py:1259} INFO - Executing <Task(BashOperator): dowdata> on 2022-01-01 00:00:00+00:00
[2022-02-02 21:39:38,846] {standard_task_runner.py:52} INFO - Started process 1975 to run task
[2022-02-02 21:39:38,853] {standard_task_runner.py:76} INFO - Running: ['***', 'tasks', 'run', 'Question4_ZONE', 'dowdata', 'scheduled__2022-01-01T00:00:00+00:00', '--job-id', '361', '--raw', '--subdir', 'DAGS_FOLDER/dag_questions4.py', '--cfg-path', '/tmp/tmp9ywcwtei', '--error-file', '/tmp/tmpnu7d1cu6']
[2022-02-02 21:39:38,858] {standard_task_runner.py:77} INFO - Job 361: Subtask dowdata
[2022-02-02 21:39:39,197] {logging_mixin.py:109} INFO - Running <TaskInstance: Question4_ZONE.dowdata scheduled__2022-01-01T00:00:00+00:00 [running]> on host d574c7c5b085
[2022-02-02 21:39:39,605] {taskinstance.py:1426} INFO - Exporting the following env vars:
AIRFLOW_CTX_DAG_OWNER=***
AIRFLOW_CTX_DAG_ID=Question4_ZONE
AIRFLOW_CTX_TASK_ID=dowdata
AIRFLOW_CTX_EXECUTION_DATE=2022-01-01T00:00:00+00:00
AIRFLOW_CTX_DAG_RUN_ID=scheduled__2022-01-01T00:00:00+00:00
[2022-02-02 21:39:39,608] {subprocess.py:62} INFO - Tmp dir root location: 
 /tmp
[2022-02-02 21:39:39,609] {subprocess.py:74} INFO - Running command: ['bash', '-c', 'curl -sSLf https://s3.amazonaws.com/nyc-tlc/misc/taxi+_zone_lookup.csv > /opt/***taxi+_zone_lookup.csv']
[2022-02-02 21:39:39,630] {subprocess.py:85} INFO - Output:
[2022-02-02 21:39:41,020] {subprocess.py:93} INFO - Command exited with return code 0
[2022-02-02 21:39:41,122] {taskinstance.py:1277} INFO - Marking task as SUCCESS. dag_id=Question4_ZONE, task_id=dowdata, execution_date=20220101T000000, start_date=20220202T213938, end_date=20220202T213941
[2022-02-02 21:39:41,214] {local_task_job.py:154} INFO - Task exited with return code 0
[2022-02-02 21:39:41,381] {local_task_job.py:264} INFO - 1 downstream tasks scheduled from follow-on schedule check
