[2022-01-29 14:07:51,374] {taskinstance.py:1032} INFO - Dependencies all met for <TaskInstance: HomeWorkWeek2.get_data scheduled__2020-05-02T06:00:00+00:00 [queued]>
[2022-01-29 14:07:51,412] {taskinstance.py:1032} INFO - Dependencies all met for <TaskInstance: HomeWorkWeek2.get_data scheduled__2020-05-02T06:00:00+00:00 [queued]>
[2022-01-29 14:07:51,412] {taskinstance.py:1238} INFO - 
--------------------------------------------------------------------------------
[2022-01-29 14:07:51,413] {taskinstance.py:1239} INFO - Starting attempt 1 of 1
[2022-01-29 14:07:51,413] {taskinstance.py:1240} INFO - 
--------------------------------------------------------------------------------
[2022-01-29 14:07:51,485] {taskinstance.py:1259} INFO - Executing <Task(BashOperator): get_data> on 2020-05-02 06:00:00+00:00
[2022-01-29 14:07:51,495] {standard_task_runner.py:52} INFO - Started process 369 to run task
[2022-01-29 14:07:51,516] {standard_task_runner.py:76} INFO - Running: ['***', 'tasks', 'run', 'HomeWorkWeek2', 'get_data', 'scheduled__2020-05-02T06:00:00+00:00', '--job-id', '34', '--raw', '--subdir', 'DAGS_FOLDER/dag_questions1.py', '--cfg-path', '/tmp/tmpk53yg55t', '--error-file', '/tmp/tmpolyc2s1y']
[2022-01-29 14:07:51,517] {standard_task_runner.py:77} INFO - Job 34: Subtask get_data
[2022-01-29 14:07:51,747] {logging_mixin.py:109} INFO - Running <TaskInstance: HomeWorkWeek2.get_data scheduled__2020-05-02T06:00:00+00:00 [running]> on host d1e1fe005577
[2022-01-29 14:07:52,094] {taskinstance.py:1426} INFO - Exporting the following env vars:
AIRFLOW_CTX_DAG_OWNER=***
AIRFLOW_CTX_DAG_ID=HomeWorkWeek2
AIRFLOW_CTX_TASK_ID=get_data
AIRFLOW_CTX_EXECUTION_DATE=2020-05-02T06:00:00+00:00
AIRFLOW_CTX_DAG_RUN_ID=scheduled__2020-05-02T06:00:00+00:00
[2022-01-29 14:07:52,096] {subprocess.py:62} INFO - Tmp dir root location: 
 /tmp
[2022-01-29 14:07:52,097] {subprocess.py:74} INFO - Running command: ['bash', '-c', 'echo "helloworld!!"']
[2022-01-29 14:07:52,117] {subprocess.py:85} INFO - Output:
[2022-01-29 14:07:52,120] {subprocess.py:89} INFO - helloworld!!
[2022-01-29 14:07:52,121] {subprocess.py:93} INFO - Command exited with return code 0
[2022-01-29 14:07:52,193] {taskinstance.py:1277} INFO - Marking task as SUCCESS. dag_id=HomeWorkWeek2, task_id=get_data, execution_date=20200502T060000, start_date=20220129T140751, end_date=20220129T140752
[2022-01-29 14:07:52,275] {local_task_job.py:154} INFO - Task exited with return code 0
[2022-01-29 14:07:52,386] {local_task_job.py:264} INFO - 0 downstream tasks scheduled from follow-on schedule check
