[2022-01-30 13:07:55,863] {taskinstance.py:1032} INFO - Dependencies all met for <TaskInstance: HomeWorkWeek2.halo scheduled__2020-12-02T06:00:00+00:00 [queued]>
[2022-01-30 13:07:55,946] {taskinstance.py:1032} INFO - Dependencies all met for <TaskInstance: HomeWorkWeek2.halo scheduled__2020-12-02T06:00:00+00:00 [queued]>
[2022-01-30 13:07:55,947] {taskinstance.py:1238} INFO - 
--------------------------------------------------------------------------------
[2022-01-30 13:07:55,947] {taskinstance.py:1239} INFO - Starting attempt 1 of 2
[2022-01-30 13:07:55,947] {taskinstance.py:1240} INFO - 
--------------------------------------------------------------------------------
[2022-01-30 13:07:56,178] {taskinstance.py:1259} INFO - Executing <Task(PythonOperator): halo> on 2020-12-02 06:00:00+00:00
[2022-01-30 13:07:56,197] {standard_task_runner.py:52} INFO - Started process 2964 to run task
[2022-01-30 13:07:56,203] {standard_task_runner.py:76} INFO - Running: ['***', 'tasks', 'run', 'HomeWorkWeek2', 'halo', 'scheduled__2020-12-02T06:00:00+00:00', '--job-id', '153', '--raw', '--subdir', 'DAGS_FOLDER/dag_questions1.py', '--cfg-path', '/tmp/tmpf3vfsyzb', '--error-file', '/tmp/tmptzsts8p2']
[2022-01-30 13:07:56,205] {standard_task_runner.py:77} INFO - Job 153: Subtask halo
[2022-01-30 13:07:56,615] {logging_mixin.py:109} INFO - Running <TaskInstance: HomeWorkWeek2.halo scheduled__2020-12-02T06:00:00+00:00 [running]> on host 4b3b8c5e49b1
[2022-01-30 13:07:57,071] {taskinstance.py:1426} INFO - Exporting the following env vars:
AIRFLOW_CTX_DAG_OWNER=***
AIRFLOW_CTX_DAG_ID=HomeWorkWeek2
AIRFLOW_CTX_TASK_ID=halo
AIRFLOW_CTX_EXECUTION_DATE=2020-12-02T06:00:00+00:00
AIRFLOW_CTX_DAG_RUN_ID=scheduled__2020-12-02T06:00:00+00:00
[2022-01-30 13:07:57,073] {logging_mixin.py:109} INFO - helloworld
[2022-01-30 13:07:57,074] {python.py:175} INFO - Done. Returned value was: None
[2022-01-30 13:07:57,117] {taskinstance.py:1277} INFO - Marking task as SUCCESS. dag_id=HomeWorkWeek2, task_id=halo, execution_date=20201202T060000, start_date=20220130T130755, end_date=20220130T130757
[2022-01-30 13:07:57,230] {local_task_job.py:154} INFO - Task exited with return code 0
[2022-01-30 13:07:57,387] {local_task_job.py:264} INFO - 0 downstream tasks scheduled from follow-on schedule check
[2022-01-30 14:57:14,774] {taskinstance.py:1032} INFO - Dependencies all met for <TaskInstance: HomeWorkWeek2.halo scheduled__2020-12-02T06:00:00+00:00 [queued]>
[2022-01-30 14:57:14,822] {taskinstance.py:1032} INFO - Dependencies all met for <TaskInstance: HomeWorkWeek2.halo scheduled__2020-12-02T06:00:00+00:00 [queued]>
[2022-01-30 14:57:14,823] {taskinstance.py:1238} INFO - 
--------------------------------------------------------------------------------
[2022-01-30 14:57:14,823] {taskinstance.py:1239} INFO - Starting attempt 1 of 2
[2022-01-30 14:57:14,823] {taskinstance.py:1240} INFO - 
--------------------------------------------------------------------------------
[2022-01-30 14:57:14,866] {taskinstance.py:1259} INFO - Executing <Task(PythonOperator): halo> on 2020-12-02 06:00:00+00:00
[2022-01-30 14:57:14,875] {standard_task_runner.py:52} INFO - Started process 1444 to run task
[2022-01-30 14:57:14,881] {standard_task_runner.py:76} INFO - Running: ['***', 'tasks', 'run', 'HomeWorkWeek2', 'halo', 'scheduled__2020-12-02T06:00:00+00:00', '--job-id', '256', '--raw', '--subdir', 'DAGS_FOLDER/dag_questions1.py', '--cfg-path', '/tmp/tmpn4ni1xum', '--error-file', '/tmp/tmp7fzaf3th']
[2022-01-30 14:57:14,883] {standard_task_runner.py:77} INFO - Job 256: Subtask halo
[2022-01-30 14:57:15,086] {logging_mixin.py:109} INFO - Running <TaskInstance: HomeWorkWeek2.halo scheduled__2020-12-02T06:00:00+00:00 [running]> on host 785c0c715caa
[2022-01-30 14:57:15,297] {taskinstance.py:1426} INFO - Exporting the following env vars:
AIRFLOW_CTX_DAG_OWNER=***
AIRFLOW_CTX_DAG_ID=HomeWorkWeek2
AIRFLOW_CTX_TASK_ID=halo
AIRFLOW_CTX_EXECUTION_DATE=2020-12-02T06:00:00+00:00
AIRFLOW_CTX_DAG_RUN_ID=scheduled__2020-12-02T06:00:00+00:00
[2022-01-30 14:57:15,300] {logging_mixin.py:109} INFO - hello world!!
[2022-01-30 14:57:15,300] {python.py:175} INFO - Done. Returned value was: None
[2022-01-30 14:57:15,341] {taskinstance.py:1277} INFO - Marking task as SUCCESS. dag_id=HomeWorkWeek2, task_id=halo, execution_date=20201202T060000, start_date=20220130T145714, end_date=20220130T145715
[2022-01-30 14:57:15,420] {local_task_job.py:154} INFO - Task exited with return code 0
[2022-01-30 14:57:15,534] {local_task_job.py:264} INFO - 0 downstream tasks scheduled from follow-on schedule check
