[2022-01-30 13:07:12,049] {taskinstance.py:1032} INFO - Dependencies all met for <TaskInstance: HomeWorkWeek2.dowdata scheduled__2020-12-02T06:00:00+00:00 [queued]>
[2022-01-30 13:07:12,108] {taskinstance.py:1032} INFO - Dependencies all met for <TaskInstance: HomeWorkWeek2.dowdata scheduled__2020-12-02T06:00:00+00:00 [queued]>
[2022-01-30 13:07:12,109] {taskinstance.py:1238} INFO - 
--------------------------------------------------------------------------------
[2022-01-30 13:07:12,110] {taskinstance.py:1239} INFO - Starting attempt 1 of 2
[2022-01-30 13:07:12,110] {taskinstance.py:1240} INFO - 
--------------------------------------------------------------------------------
[2022-01-30 13:07:12,190] {taskinstance.py:1259} INFO - Executing <Task(BashOperator): dowdata> on 2020-12-02 06:00:00+00:00
[2022-01-30 13:07:12,199] {standard_task_runner.py:52} INFO - Started process 2917 to run task
[2022-01-30 13:07:12,205] {standard_task_runner.py:76} INFO - Running: ['***', 'tasks', 'run', 'HomeWorkWeek2', 'dowdata', 'scheduled__2020-12-02T06:00:00+00:00', '--job-id', '149', '--raw', '--subdir', 'DAGS_FOLDER/dag_questions1.py', '--cfg-path', '/tmp/tmpmz9tikuw', '--error-file', '/tmp/tmpac8llaje']
[2022-01-30 13:07:12,207] {standard_task_runner.py:77} INFO - Job 149: Subtask dowdata
[2022-01-30 13:07:12,423] {logging_mixin.py:109} INFO - Running <TaskInstance: HomeWorkWeek2.dowdata scheduled__2020-12-02T06:00:00+00:00 [running]> on host 4b3b8c5e49b1
[2022-01-30 13:07:12,566] {warnings.py:110} WARNING - /home/***/.local/lib/python3.7/site-packages/***/utils/context.py:152: AirflowContextDeprecationWarning: Accessing 'execution_date' from the template is deprecated and will be removed in a future version. Please use 'data_interval_start' or 'logical_date' instead.
  warnings.warn(_create_deprecation_warning(key, self._deprecation_replacements[key]))

[2022-01-30 13:07:12,642] {taskinstance.py:1426} INFO - Exporting the following env vars:
AIRFLOW_CTX_DAG_OWNER=***
AIRFLOW_CTX_DAG_ID=HomeWorkWeek2
AIRFLOW_CTX_TASK_ID=dowdata
AIRFLOW_CTX_EXECUTION_DATE=2020-12-02T06:00:00+00:00
AIRFLOW_CTX_DAG_RUN_ID=scheduled__2020-12-02T06:00:00+00:00
[2022-01-30 13:07:12,654] {subprocess.py:62} INFO - Tmp dir root location: 
 /tmp
[2022-01-30 13:07:12,655] {subprocess.py:74} INFO - Running command: ['bash', '-c', 'curl -sSLf https://s3.amazonaws.com/nyc-tlc/trip+data/yellow_tripdata_2020-12.csv > /opt/***output_2020-12.csv']
[2022-01-30 13:07:12,684] {subprocess.py:85} INFO - Output:
[2022-01-30 13:07:52,924] {subprocess.py:93} INFO - Command exited with return code 0
[2022-01-30 13:07:53,010] {taskinstance.py:1277} INFO - Marking task as SUCCESS. dag_id=HomeWorkWeek2, task_id=dowdata, execution_date=20201202T060000, start_date=20220130T130712, end_date=20220130T130753
[2022-01-30 13:07:53,070] {local_task_job.py:154} INFO - Task exited with return code 0
[2022-01-30 13:07:53,189] {local_task_job.py:264} INFO - 1 downstream tasks scheduled from follow-on schedule check
[2022-01-30 14:56:15,373] {taskinstance.py:1032} INFO - Dependencies all met for <TaskInstance: HomeWorkWeek2.dowdata scheduled__2020-12-02T06:00:00+00:00 [queued]>
[2022-01-30 14:56:15,434] {taskinstance.py:1032} INFO - Dependencies all met for <TaskInstance: HomeWorkWeek2.dowdata scheduled__2020-12-02T06:00:00+00:00 [queued]>
[2022-01-30 14:56:15,435] {taskinstance.py:1238} INFO - 
--------------------------------------------------------------------------------
[2022-01-30 14:56:15,435] {taskinstance.py:1239} INFO - Starting attempt 1 of 2
[2022-01-30 14:56:15,436] {taskinstance.py:1240} INFO - 
--------------------------------------------------------------------------------
[2022-01-30 14:56:15,493] {taskinstance.py:1259} INFO - Executing <Task(BashOperator): dowdata> on 2020-12-02 06:00:00+00:00
[2022-01-30 14:56:15,504] {standard_task_runner.py:52} INFO - Started process 1355 to run task
[2022-01-30 14:56:15,515] {standard_task_runner.py:76} INFO - Running: ['***', 'tasks', 'run', 'HomeWorkWeek2', 'dowdata', 'scheduled__2020-12-02T06:00:00+00:00', '--job-id', '248', '--raw', '--subdir', 'DAGS_FOLDER/dag_questions1.py', '--cfg-path', '/tmp/tmpdjv21mjn', '--error-file', '/tmp/tmp7qoncnr0']
[2022-01-30 14:56:15,517] {standard_task_runner.py:77} INFO - Job 248: Subtask dowdata
[2022-01-30 14:56:15,732] {logging_mixin.py:109} INFO - Running <TaskInstance: HomeWorkWeek2.dowdata scheduled__2020-12-02T06:00:00+00:00 [running]> on host 785c0c715caa
[2022-01-30 14:56:15,912] {warnings.py:110} WARNING - /home/***/.local/lib/python3.7/site-packages/***/utils/context.py:152: AirflowContextDeprecationWarning: Accessing 'execution_date' from the template is deprecated and will be removed in a future version. Please use 'data_interval_start' or 'logical_date' instead.
  warnings.warn(_create_deprecation_warning(key, self._deprecation_replacements[key]))

[2022-01-30 14:56:16,062] {taskinstance.py:1426} INFO - Exporting the following env vars:
AIRFLOW_CTX_DAG_OWNER=***
AIRFLOW_CTX_DAG_ID=HomeWorkWeek2
AIRFLOW_CTX_TASK_ID=dowdata
AIRFLOW_CTX_EXECUTION_DATE=2020-12-02T06:00:00+00:00
AIRFLOW_CTX_DAG_RUN_ID=scheduled__2020-12-02T06:00:00+00:00
[2022-01-30 14:56:16,065] {subprocess.py:62} INFO - Tmp dir root location: 
 /tmp
[2022-01-30 14:56:16,066] {subprocess.py:74} INFO - Running command: ['bash', '-c', 'curl -sSLf https://s3.amazonaws.com/nyc-tlc/trip+data/yellow_tripdata_2020-12.csv > /opt/***output_2020-12.csv']
[2022-01-30 14:56:16,125] {subprocess.py:85} INFO - Output:
[2022-01-30 14:57:01,291] {subprocess.py:93} INFO - Command exited with return code 0
[2022-01-30 14:57:01,403] {taskinstance.py:1277} INFO - Marking task as SUCCESS. dag_id=HomeWorkWeek2, task_id=dowdata, execution_date=20201202T060000, start_date=20220130T145615, end_date=20220130T145701
[2022-01-30 14:57:01,556] {local_task_job.py:154} INFO - Task exited with return code 0
[2022-01-30 14:57:01,703] {local_task_job.py:264} INFO - 1 downstream tasks scheduled from follow-on schedule check
[2022-02-19 01:36:33,509] {taskinstance.py:1032} INFO - Dependencies all met for <TaskInstance: HomeWorkWeek2.dowdata scheduled__2020-12-02T06:00:00+00:00 [queued]>
[2022-02-19 01:36:33,562] {taskinstance.py:1032} INFO - Dependencies all met for <TaskInstance: HomeWorkWeek2.dowdata scheduled__2020-12-02T06:00:00+00:00 [queued]>
[2022-02-19 01:36:33,562] {taskinstance.py:1238} INFO - 
--------------------------------------------------------------------------------
[2022-02-19 01:36:33,563] {taskinstance.py:1239} INFO - Starting attempt 1 of 2
[2022-02-19 01:36:33,563] {taskinstance.py:1240} INFO - 
--------------------------------------------------------------------------------
[2022-02-19 01:36:33,612] {taskinstance.py:1259} INFO - Executing <Task(BashOperator): dowdata> on 2020-12-02 06:00:00+00:00
[2022-02-19 01:36:33,619] {standard_task_runner.py:52} INFO - Started process 3319 to run task
[2022-02-19 01:36:33,625] {standard_task_runner.py:76} INFO - Running: ['***', 'tasks', 'run', 'HomeWorkWeek2', 'dowdata', 'scheduled__2020-12-02T06:00:00+00:00', '--job-id', '606', '--raw', '--subdir', 'DAGS_FOLDER/dag_questions1.py', '--cfg-path', '/tmp/tmphej0ssdf', '--error-file', '/tmp/tmpyy9ps3yk']
[2022-02-19 01:36:33,627] {standard_task_runner.py:77} INFO - Job 606: Subtask dowdata
[2022-02-19 01:36:33,840] {logging_mixin.py:109} INFO - Running <TaskInstance: HomeWorkWeek2.dowdata scheduled__2020-12-02T06:00:00+00:00 [running]> on host 312f1fe573aa
[2022-02-19 01:36:34,013] {warnings.py:110} WARNING - /home/***/.local/lib/python3.7/site-packages/***/utils/context.py:152: AirflowContextDeprecationWarning: Accessing 'execution_date' from the template is deprecated and will be removed in a future version. Please use 'data_interval_start' or 'logical_date' instead.
  warnings.warn(_create_deprecation_warning(key, self._deprecation_replacements[key]))

[2022-02-19 01:36:34,069] {taskinstance.py:1426} INFO - Exporting the following env vars:
AIRFLOW_CTX_DAG_OWNER=***
AIRFLOW_CTX_DAG_ID=HomeWorkWeek2
AIRFLOW_CTX_TASK_ID=dowdata
AIRFLOW_CTX_EXECUTION_DATE=2020-12-02T06:00:00+00:00
AIRFLOW_CTX_DAG_RUN_ID=scheduled__2020-12-02T06:00:00+00:00
[2022-02-19 01:36:34,073] {subprocess.py:62} INFO - Tmp dir root location: 
 /tmp
[2022-02-19 01:36:34,074] {subprocess.py:74} INFO - Running command: ['bash', '-c', 'curl -sSLf https://s3.amazonaws.com/nyc-tlc/trip+data/yellow_tripdata_2020-12.csv > /opt/***output_2020-12.csv']
[2022-02-19 01:36:34,093] {subprocess.py:85} INFO - Output:
[2022-02-19 01:36:49,433] {subprocess.py:93} INFO - Command exited with return code 0
[2022-02-19 01:36:49,499] {taskinstance.py:1277} INFO - Marking task as SUCCESS. dag_id=HomeWorkWeek2, task_id=dowdata, execution_date=20201202T060000, start_date=20220219T013633, end_date=20220219T013649
[2022-02-19 01:36:49,591] {local_task_job.py:154} INFO - Task exited with return code 0
[2022-02-19 01:36:49,744] {local_task_job.py:264} INFO - 1 downstream tasks scheduled from follow-on schedule check
[2022-02-19 11:39:13,160] {taskinstance.py:1032} INFO - Dependencies all met for <TaskInstance: HomeWorkWeek2.dowdata scheduled__2020-12-02T06:00:00+00:00 [queued]>
[2022-02-19 11:39:13,217] {taskinstance.py:1032} INFO - Dependencies all met for <TaskInstance: HomeWorkWeek2.dowdata scheduled__2020-12-02T06:00:00+00:00 [queued]>
[2022-02-19 11:39:13,218] {taskinstance.py:1238} INFO - 
--------------------------------------------------------------------------------
[2022-02-19 11:39:13,218] {taskinstance.py:1239} INFO - Starting attempt 1 of 2
[2022-02-19 11:39:13,219] {taskinstance.py:1240} INFO - 
--------------------------------------------------------------------------------
[2022-02-19 11:39:13,263] {taskinstance.py:1259} INFO - Executing <Task(BashOperator): dowdata> on 2020-12-02 06:00:00+00:00
[2022-02-19 11:39:13,271] {standard_task_runner.py:52} INFO - Started process 4299 to run task
[2022-02-19 11:39:13,279] {standard_task_runner.py:76} INFO - Running: ['***', 'tasks', 'run', 'HomeWorkWeek2', 'dowdata', 'scheduled__2020-12-02T06:00:00+00:00', '--job-id', '976', '--raw', '--subdir', 'DAGS_FOLDER/dag_questions1.py', '--cfg-path', '/tmp/tmpf4p106g8', '--error-file', '/tmp/tmpwm4jvs16']
[2022-02-19 11:39:13,281] {standard_task_runner.py:77} INFO - Job 976: Subtask dowdata
[2022-02-19 11:39:13,490] {logging_mixin.py:109} INFO - Running <TaskInstance: HomeWorkWeek2.dowdata scheduled__2020-12-02T06:00:00+00:00 [running]> on host f81f14254480
[2022-02-19 11:39:13,649] {warnings.py:110} WARNING - /home/***/.local/lib/python3.7/site-packages/***/utils/context.py:152: AirflowContextDeprecationWarning: Accessing 'execution_date' from the template is deprecated and will be removed in a future version. Please use 'data_interval_start' or 'logical_date' instead.
  warnings.warn(_create_deprecation_warning(key, self._deprecation_replacements[key]))

[2022-02-19 11:39:13,718] {taskinstance.py:1426} INFO - Exporting the following env vars:
AIRFLOW_CTX_DAG_OWNER=***
AIRFLOW_CTX_DAG_ID=HomeWorkWeek2
AIRFLOW_CTX_TASK_ID=dowdata
AIRFLOW_CTX_EXECUTION_DATE=2020-12-02T06:00:00+00:00
AIRFLOW_CTX_DAG_RUN_ID=scheduled__2020-12-02T06:00:00+00:00
[2022-02-19 11:39:13,722] {subprocess.py:62} INFO - Tmp dir root location: 
 /tmp
[2022-02-19 11:39:13,723] {subprocess.py:74} INFO - Running command: ['bash', '-c', 'curl -sSLf https://s3.amazonaws.com/nyc-tlc/trip+data/yellow_tripdata_2020-12.csv > /opt/***output_2020-12.csv']
[2022-02-19 11:39:13,754] {subprocess.py:85} INFO - Output:
[2022-02-19 11:39:28,052] {subprocess.py:93} INFO - Command exited with return code 0
[2022-02-19 11:39:28,288] {taskinstance.py:1277} INFO - Marking task as SUCCESS. dag_id=HomeWorkWeek2, task_id=dowdata, execution_date=20201202T060000, start_date=20220219T113913, end_date=20220219T113928
[2022-02-19 11:39:28,373] {local_task_job.py:154} INFO - Task exited with return code 0
[2022-02-19 11:39:28,498] {local_task_job.py:264} INFO - 1 downstream tasks scheduled from follow-on schedule check
[2022-02-20 00:22:43,104] {taskinstance.py:1032} INFO - Dependencies all met for <TaskInstance: HomeWorkWeek2.dowdata scheduled__2020-12-02T06:00:00+00:00 [queued]>
[2022-02-20 00:22:43,154] {taskinstance.py:1032} INFO - Dependencies all met for <TaskInstance: HomeWorkWeek2.dowdata scheduled__2020-12-02T06:00:00+00:00 [queued]>
[2022-02-20 00:22:43,154] {taskinstance.py:1238} INFO - 
--------------------------------------------------------------------------------
[2022-02-20 00:22:43,155] {taskinstance.py:1239} INFO - Starting attempt 1 of 2
[2022-02-20 00:22:43,155] {taskinstance.py:1240} INFO - 
--------------------------------------------------------------------------------
[2022-02-20 00:22:43,211] {taskinstance.py:1259} INFO - Executing <Task(BashOperator): dowdata> on 2020-12-02 06:00:00+00:00
[2022-02-20 00:22:43,225] {standard_task_runner.py:52} INFO - Started process 24273 to run task
[2022-02-20 00:22:43,232] {standard_task_runner.py:76} INFO - Running: ['***', 'tasks', 'run', 'HomeWorkWeek2', 'dowdata', 'scheduled__2020-12-02T06:00:00+00:00', '--job-id', '1140', '--raw', '--subdir', 'DAGS_FOLDER/dag_questions1.py', '--cfg-path', '/tmp/tmp5aqu0hv3', '--error-file', '/tmp/tmpp__3x56s']
[2022-02-20 00:22:43,238] {standard_task_runner.py:77} INFO - Job 1140: Subtask dowdata
[2022-02-20 00:22:43,503] {logging_mixin.py:109} INFO - Running <TaskInstance: HomeWorkWeek2.dowdata scheduled__2020-12-02T06:00:00+00:00 [running]> on host d9977d7db207
[2022-02-20 00:22:43,675] {warnings.py:110} WARNING - /home/***/.local/lib/python3.7/site-packages/***/utils/context.py:152: AirflowContextDeprecationWarning: Accessing 'execution_date' from the template is deprecated and will be removed in a future version. Please use 'data_interval_start' or 'logical_date' instead.
  warnings.warn(_create_deprecation_warning(key, self._deprecation_replacements[key]))

[2022-02-20 00:22:43,820] {taskinstance.py:1426} INFO - Exporting the following env vars:
AIRFLOW_CTX_DAG_OWNER=***
AIRFLOW_CTX_DAG_ID=HomeWorkWeek2
AIRFLOW_CTX_TASK_ID=dowdata
AIRFLOW_CTX_EXECUTION_DATE=2020-12-02T06:00:00+00:00
AIRFLOW_CTX_DAG_RUN_ID=scheduled__2020-12-02T06:00:00+00:00
[2022-02-20 00:22:43,823] {subprocess.py:62} INFO - Tmp dir root location: 
 /tmp
[2022-02-20 00:22:43,824] {subprocess.py:74} INFO - Running command: ['bash', '-c', 'curl -sSLf https://s3.amazonaws.com/nyc-tlc/trip+data/yellow_tripdata_2020-12.csv > /opt/***yellow_2020-12.csv']
[2022-02-20 00:22:43,847] {subprocess.py:85} INFO - Output:
[2022-02-20 00:22:58,239] {subprocess.py:93} INFO - Command exited with return code 0
[2022-02-20 00:22:58,315] {taskinstance.py:1277} INFO - Marking task as SUCCESS. dag_id=HomeWorkWeek2, task_id=dowdata, execution_date=20201202T060000, start_date=20220220T002243, end_date=20220220T002258
[2022-02-20 00:22:58,421] {local_task_job.py:154} INFO - Task exited with return code 0
[2022-02-20 00:22:58,572] {local_task_job.py:264} INFO - 1 downstream tasks scheduled from follow-on schedule check
