[2022-01-29 14:08:01,918] {taskinstance.py:1032} INFO - Dependencies all met for <TaskInstance: HomeWorkWeek2.get_data scheduled__2021-01-02T06:00:00+00:00 [queued]>
[2022-01-29 14:08:01,998] {taskinstance.py:1032} INFO - Dependencies all met for <TaskInstance: HomeWorkWeek2.get_data scheduled__2021-01-02T06:00:00+00:00 [queued]>
[2022-01-29 14:08:01,999] {taskinstance.py:1238} INFO - 
--------------------------------------------------------------------------------
[2022-01-29 14:08:01,999] {taskinstance.py:1239} INFO - Starting attempt 1 of 1
[2022-01-29 14:08:02,000] {taskinstance.py:1240} INFO - 
--------------------------------------------------------------------------------
[2022-01-29 14:08:02,076] {taskinstance.py:1259} INFO - Executing <Task(BashOperator): get_data> on 2021-01-02 06:00:00+00:00
[2022-01-29 14:08:02,083] {standard_task_runner.py:52} INFO - Started process 401 to run task
[2022-01-29 14:08:02,089] {standard_task_runner.py:76} INFO - Running: ['***', 'tasks', 'run', 'HomeWorkWeek2', 'get_data', 'scheduled__2021-01-02T06:00:00+00:00', '--job-id', '42', '--raw', '--subdir', 'DAGS_FOLDER/dag_questions1.py', '--cfg-path', '/tmp/tmpsfc9a8m1', '--error-file', '/tmp/tmpi_7vbhog']
[2022-01-29 14:08:02,090] {standard_task_runner.py:77} INFO - Job 42: Subtask get_data
[2022-01-29 14:08:02,336] {logging_mixin.py:109} INFO - Running <TaskInstance: HomeWorkWeek2.get_data scheduled__2021-01-02T06:00:00+00:00 [running]> on host d1e1fe005577
[2022-01-29 14:08:02,537] {taskinstance.py:1426} INFO - Exporting the following env vars:
AIRFLOW_CTX_DAG_OWNER=***
AIRFLOW_CTX_DAG_ID=HomeWorkWeek2
AIRFLOW_CTX_TASK_ID=get_data
AIRFLOW_CTX_EXECUTION_DATE=2021-01-02T06:00:00+00:00
AIRFLOW_CTX_DAG_RUN_ID=scheduled__2021-01-02T06:00:00+00:00
[2022-01-29 14:08:02,539] {subprocess.py:62} INFO - Tmp dir root location: 
 /tmp
[2022-01-29 14:08:02,540] {subprocess.py:74} INFO - Running command: ['bash', '-c', 'echo "helloworld!!"']
[2022-01-29 14:08:02,554] {subprocess.py:85} INFO - Output:
[2022-01-29 14:08:02,557] {subprocess.py:89} INFO - helloworld!!
[2022-01-29 14:08:02,558] {subprocess.py:93} INFO - Command exited with return code 0
[2022-01-29 14:08:02,623] {taskinstance.py:1277} INFO - Marking task as SUCCESS. dag_id=HomeWorkWeek2, task_id=get_data, execution_date=20210102T060000, start_date=20220129T140801, end_date=20220129T140802
[2022-01-29 14:08:02,706] {local_task_job.py:154} INFO - Task exited with return code 0
[2022-01-29 14:08:02,817] {local_task_job.py:264} INFO - 0 downstream tasks scheduled from follow-on schedule check
