[2022-02-02 21:26:20,940] {taskinstance.py:1032} INFO - Dependencies all met for <TaskInstance: Question3_FHV.csv_to_parquet scheduled__2019-09-02T06:00:00+00:00 [queued]>
[2022-02-02 21:26:20,980] {taskinstance.py:1032} INFO - Dependencies all met for <TaskInstance: Question3_FHV.csv_to_parquet scheduled__2019-09-02T06:00:00+00:00 [queued]>
[2022-02-02 21:26:20,980] {taskinstance.py:1238} INFO - 
--------------------------------------------------------------------------------
[2022-02-02 21:26:20,980] {taskinstance.py:1239} INFO - Starting attempt 1 of 2
[2022-02-02 21:26:20,981] {taskinstance.py:1240} INFO - 
--------------------------------------------------------------------------------
[2022-02-02 21:26:21,031] {taskinstance.py:1259} INFO - Executing <Task(PythonOperator): csv_to_parquet> on 2019-09-02 06:00:00+00:00
[2022-02-02 21:26:21,037] {standard_task_runner.py:52} INFO - Started process 1331 to run task
[2022-02-02 21:26:21,043] {standard_task_runner.py:76} INFO - Running: ['***', 'tasks', 'run', 'Question3_FHV', 'csv_to_parquet', 'scheduled__2019-09-02T06:00:00+00:00', '--job-id', '347', '--raw', '--subdir', 'DAGS_FOLDER/dag_questions3.py', '--cfg-path', '/tmp/tmpqwgaa_nk', '--error-file', '/tmp/tmp77hsdzcs']
[2022-02-02 21:26:21,059] {standard_task_runner.py:77} INFO - Job 347: Subtask csv_to_parquet
[2022-02-02 21:26:21,282] {logging_mixin.py:109} INFO - Running <TaskInstance: Question3_FHV.csv_to_parquet scheduled__2019-09-02T06:00:00+00:00 [running]> on host d574c7c5b085
[2022-02-02 21:26:21,501] {warnings.py:110} WARNING - /home/***/.local/lib/python3.7/site-packages/***/utils/context.py:152: AirflowContextDeprecationWarning: Accessing 'execution_date' from the template is deprecated and will be removed in a future version. Please use 'data_interval_start' or 'logical_date' instead.
  warnings.warn(_create_deprecation_warning(key, self._deprecation_replacements[key]))

[2022-02-02 21:26:21,593] {taskinstance.py:1426} INFO - Exporting the following env vars:
AIRFLOW_CTX_DAG_OWNER=***
AIRFLOW_CTX_DAG_ID=Question3_FHV
AIRFLOW_CTX_TASK_ID=csv_to_parquet
AIRFLOW_CTX_EXECUTION_DATE=2019-09-02T06:00:00+00:00
AIRFLOW_CTX_DAG_RUN_ID=scheduled__2019-09-02T06:00:00+00:00
[2022-02-02 21:26:25,747] {python.py:175} INFO - Done. Returned value was: None
[2022-02-02 21:26:25,778] {taskinstance.py:1277} INFO - Marking task as SUCCESS. dag_id=Question3_FHV, task_id=csv_to_parquet, execution_date=20190902T060000, start_date=20220202T212620, end_date=20220202T212625
[2022-02-02 21:26:25,835] {local_task_job.py:154} INFO - Task exited with return code 0
[2022-02-02 21:26:25,908] {local_task_job.py:264} INFO - 1 downstream tasks scheduled from follow-on schedule check
[2022-02-09 11:42:35,388] {taskinstance.py:1032} INFO - Dependencies all met for <TaskInstance: Question3_FHV.csv_to_parquet scheduled__2019-09-02T06:00:00+00:00 [queued]>
[2022-02-09 11:42:35,439] {taskinstance.py:1032} INFO - Dependencies all met for <TaskInstance: Question3_FHV.csv_to_parquet scheduled__2019-09-02T06:00:00+00:00 [queued]>
[2022-02-09 11:42:35,440] {taskinstance.py:1238} INFO - 
--------------------------------------------------------------------------------
[2022-02-09 11:42:35,440] {taskinstance.py:1239} INFO - Starting attempt 1 of 2
[2022-02-09 11:42:35,440] {taskinstance.py:1240} INFO - 
--------------------------------------------------------------------------------
[2022-02-09 11:42:35,488] {taskinstance.py:1259} INFO - Executing <Task(PythonOperator): csv_to_parquet> on 2019-09-02 06:00:00+00:00
[2022-02-09 11:42:35,498] {standard_task_runner.py:52} INFO - Started process 1042 to run task
[2022-02-09 11:42:35,509] {standard_task_runner.py:76} INFO - Running: ['***', 'tasks', 'run', 'Question3_FHV', 'csv_to_parquet', 'scheduled__2019-09-02T06:00:00+00:00', '--job-id', '418', '--raw', '--subdir', 'DAGS_FOLDER/dag_questions3.py', '--cfg-path', '/tmp/tmpni561eeg', '--error-file', '/tmp/tmpldvfuvyd']
[2022-02-09 11:42:35,515] {standard_task_runner.py:77} INFO - Job 418: Subtask csv_to_parquet
[2022-02-09 11:42:35,770] {logging_mixin.py:109} INFO - Running <TaskInstance: Question3_FHV.csv_to_parquet scheduled__2019-09-02T06:00:00+00:00 [running]> on host c5795c3f6004
[2022-02-09 11:42:35,956] {warnings.py:110} WARNING - /home/***/.local/lib/python3.7/site-packages/***/utils/context.py:152: AirflowContextDeprecationWarning: Accessing 'execution_date' from the template is deprecated and will be removed in a future version. Please use 'data_interval_start' or 'logical_date' instead.
  warnings.warn(_create_deprecation_warning(key, self._deprecation_replacements[key]))

[2022-02-09 11:42:36,024] {taskinstance.py:1426} INFO - Exporting the following env vars:
AIRFLOW_CTX_DAG_OWNER=***
AIRFLOW_CTX_DAG_ID=Question3_FHV
AIRFLOW_CTX_TASK_ID=csv_to_parquet
AIRFLOW_CTX_EXECUTION_DATE=2019-09-02T06:00:00+00:00
AIRFLOW_CTX_DAG_RUN_ID=scheduled__2019-09-02T06:00:00+00:00
[2022-02-09 11:42:37,485] {python.py:175} INFO - Done. Returned value was: None
[2022-02-09 11:42:37,525] {taskinstance.py:1277} INFO - Marking task as SUCCESS. dag_id=Question3_FHV, task_id=csv_to_parquet, execution_date=20190902T060000, start_date=20220209T114235, end_date=20220209T114237
[2022-02-09 11:42:37,609] {local_task_job.py:154} INFO - Task exited with return code 0
[2022-02-09 11:42:37,757] {local_task_job.py:264} INFO - 1 downstream tasks scheduled from follow-on schedule check
[2022-02-10 01:13:57,151] {taskinstance.py:1032} INFO - Dependencies all met for <TaskInstance: Question3_FHV.csv_to_parquet scheduled__2019-09-02T06:00:00+00:00 [queued]>
[2022-02-10 01:13:57,216] {taskinstance.py:1032} INFO - Dependencies all met for <TaskInstance: Question3_FHV.csv_to_parquet scheduled__2019-09-02T06:00:00+00:00 [queued]>
[2022-02-10 01:13:57,216] {taskinstance.py:1238} INFO - 
--------------------------------------------------------------------------------
[2022-02-10 01:13:57,216] {taskinstance.py:1239} INFO - Starting attempt 1 of 2
[2022-02-10 01:13:57,216] {taskinstance.py:1240} INFO - 
--------------------------------------------------------------------------------
[2022-02-10 01:13:57,255] {taskinstance.py:1259} INFO - Executing <Task(PythonOperator): csv_to_parquet> on 2019-09-02 06:00:00+00:00
[2022-02-10 01:13:57,261] {standard_task_runner.py:52} INFO - Started process 7445 to run task
[2022-02-10 01:13:57,271] {standard_task_runner.py:76} INFO - Running: ['***', 'tasks', 'run', 'Question3_FHV', 'csv_to_parquet', 'scheduled__2019-09-02T06:00:00+00:00', '--job-id', '485', '--raw', '--subdir', 'DAGS_FOLDER/dag_questions3.py', '--cfg-path', '/tmp/tmp0k0q_oej', '--error-file', '/tmp/tmpaf8_76uv']
[2022-02-10 01:13:57,272] {standard_task_runner.py:77} INFO - Job 485: Subtask csv_to_parquet
[2022-02-10 01:13:57,539] {logging_mixin.py:109} INFO - Running <TaskInstance: Question3_FHV.csv_to_parquet scheduled__2019-09-02T06:00:00+00:00 [running]> on host 0fd4ea805f5e
[2022-02-10 01:13:57,697] {warnings.py:110} WARNING - /home/***/.local/lib/python3.7/site-packages/***/utils/context.py:152: AirflowContextDeprecationWarning: Accessing 'execution_date' from the template is deprecated and will be removed in a future version. Please use 'data_interval_start' or 'logical_date' instead.
  warnings.warn(_create_deprecation_warning(key, self._deprecation_replacements[key]))

[2022-02-10 01:13:57,753] {taskinstance.py:1426} INFO - Exporting the following env vars:
AIRFLOW_CTX_DAG_OWNER=***
AIRFLOW_CTX_DAG_ID=Question3_FHV
AIRFLOW_CTX_TASK_ID=csv_to_parquet
AIRFLOW_CTX_EXECUTION_DATE=2019-09-02T06:00:00+00:00
AIRFLOW_CTX_DAG_RUN_ID=scheduled__2019-09-02T06:00:00+00:00
[2022-02-10 01:13:59,254] {python.py:175} INFO - Done. Returned value was: None
[2022-02-10 01:13:59,286] {taskinstance.py:1277} INFO - Marking task as SUCCESS. dag_id=Question3_FHV, task_id=csv_to_parquet, execution_date=20190902T060000, start_date=20220210T011357, end_date=20220210T011359
[2022-02-10 01:13:59,364] {local_task_job.py:154} INFO - Task exited with return code 0
[2022-02-10 01:13:59,524] {local_task_job.py:264} INFO - 1 downstream tasks scheduled from follow-on schedule check
[2022-02-19 01:52:24,295] {taskinstance.py:1032} INFO - Dependencies all met for <TaskInstance: Question3_FHV.csv_to_parquet scheduled__2019-09-02T06:00:00+00:00 [queued]>
[2022-02-19 01:52:24,343] {taskinstance.py:1032} INFO - Dependencies all met for <TaskInstance: Question3_FHV.csv_to_parquet scheduled__2019-09-02T06:00:00+00:00 [queued]>
[2022-02-19 01:52:24,343] {taskinstance.py:1238} INFO - 
--------------------------------------------------------------------------------
[2022-02-19 01:52:24,344] {taskinstance.py:1239} INFO - Starting attempt 1 of 2
[2022-02-19 01:52:24,344] {taskinstance.py:1240} INFO - 
--------------------------------------------------------------------------------
[2022-02-19 01:52:24,384] {taskinstance.py:1259} INFO - Executing <Task(PythonOperator): csv_to_parquet> on 2019-09-02 06:00:00+00:00
[2022-02-19 01:52:24,392] {standard_task_runner.py:52} INFO - Started process 4183 to run task
[2022-02-19 01:52:24,398] {standard_task_runner.py:76} INFO - Running: ['***', 'tasks', 'run', 'Question3_FHV', 'csv_to_parquet', 'scheduled__2019-09-02T06:00:00+00:00', '--job-id', '645', '--raw', '--subdir', 'DAGS_FOLDER/dag_questions3.py', '--cfg-path', '/tmp/tmpjby757gs', '--error-file', '/tmp/tmpziyqkf81']
[2022-02-19 01:52:24,401] {standard_task_runner.py:77} INFO - Job 645: Subtask csv_to_parquet
[2022-02-19 01:52:24,581] {logging_mixin.py:109} INFO - Running <TaskInstance: Question3_FHV.csv_to_parquet scheduled__2019-09-02T06:00:00+00:00 [running]> on host 312f1fe573aa
[2022-02-19 01:52:24,734] {warnings.py:110} WARNING - /home/***/.local/lib/python3.7/site-packages/***/utils/context.py:152: AirflowContextDeprecationWarning: Accessing 'execution_date' from the template is deprecated and will be removed in a future version. Please use 'data_interval_start' or 'logical_date' instead.
  warnings.warn(_create_deprecation_warning(key, self._deprecation_replacements[key]))

[2022-02-19 01:52:24,803] {taskinstance.py:1426} INFO - Exporting the following env vars:
AIRFLOW_CTX_DAG_OWNER=***
AIRFLOW_CTX_DAG_ID=Question3_FHV
AIRFLOW_CTX_TASK_ID=csv_to_parquet
AIRFLOW_CTX_EXECUTION_DATE=2019-09-02T06:00:00+00:00
AIRFLOW_CTX_DAG_RUN_ID=scheduled__2019-09-02T06:00:00+00:00
[2022-02-19 01:52:25,857] {python.py:175} INFO - Done. Returned value was: None
[2022-02-19 01:52:25,897] {taskinstance.py:1277} INFO - Marking task as SUCCESS. dag_id=Question3_FHV, task_id=csv_to_parquet, execution_date=20190902T060000, start_date=20220219T015224, end_date=20220219T015225
[2022-02-19 01:52:25,997] {local_task_job.py:154} INFO - Task exited with return code 0
[2022-02-19 01:52:26,161] {local_task_job.py:264} INFO - 1 downstream tasks scheduled from follow-on schedule check
