[2022-01-30 13:07:55,994] {taskinstance.py:1032} INFO - Dependencies all met for <TaskInstance: HomeWorkWeek2.dowdata scheduled__2021-02-02T06:00:00+00:00 [queued]>
[2022-01-30 13:07:56,265] {taskinstance.py:1032} INFO - Dependencies all met for <TaskInstance: HomeWorkWeek2.dowdata scheduled__2021-02-02T06:00:00+00:00 [queued]>
[2022-01-30 13:07:56,266] {taskinstance.py:1238} INFO - 
--------------------------------------------------------------------------------
[2022-01-30 13:07:56,267] {taskinstance.py:1239} INFO - Starting attempt 1 of 2
[2022-01-30 13:07:56,267] {taskinstance.py:1240} INFO - 
--------------------------------------------------------------------------------
[2022-01-30 13:07:56,334] {taskinstance.py:1259} INFO - Executing <Task(BashOperator): dowdata> on 2021-02-02 06:00:00+00:00
[2022-01-30 13:07:56,345] {standard_task_runner.py:52} INFO - Started process 2965 to run task
[2022-01-30 13:07:56,370] {standard_task_runner.py:76} INFO - Running: ['***', 'tasks', 'run', 'HomeWorkWeek2', 'dowdata', 'scheduled__2021-02-02T06:00:00+00:00', '--job-id', '154', '--raw', '--subdir', 'DAGS_FOLDER/dag_questions1.py', '--cfg-path', '/tmp/tmp65f68m86', '--error-file', '/tmp/tmpnbfxcxqz']
[2022-01-30 13:07:56,372] {standard_task_runner.py:77} INFO - Job 154: Subtask dowdata
[2022-01-30 13:07:56,811] {logging_mixin.py:109} INFO - Running <TaskInstance: HomeWorkWeek2.dowdata scheduled__2021-02-02T06:00:00+00:00 [running]> on host 4b3b8c5e49b1
[2022-01-30 13:07:57,135] {warnings.py:110} WARNING - /home/***/.local/lib/python3.7/site-packages/***/utils/context.py:152: AirflowContextDeprecationWarning: Accessing 'execution_date' from the template is deprecated and will be removed in a future version. Please use 'data_interval_start' or 'logical_date' instead.
  warnings.warn(_create_deprecation_warning(key, self._deprecation_replacements[key]))

[2022-01-30 13:07:57,289] {taskinstance.py:1426} INFO - Exporting the following env vars:
AIRFLOW_CTX_DAG_OWNER=***
AIRFLOW_CTX_DAG_ID=HomeWorkWeek2
AIRFLOW_CTX_TASK_ID=dowdata
AIRFLOW_CTX_EXECUTION_DATE=2021-02-02T06:00:00+00:00
AIRFLOW_CTX_DAG_RUN_ID=scheduled__2021-02-02T06:00:00+00:00
[2022-01-30 13:07:57,292] {subprocess.py:62} INFO - Tmp dir root location: 
 /tmp
[2022-01-30 13:07:57,294] {subprocess.py:74} INFO - Running command: ['bash', '-c', 'curl -sSLf https://s3.amazonaws.com/nyc-tlc/trip+data/yellow_tripdata_2021-02.csv > /opt/***output_2021-02.csv']
[2022-01-30 13:07:57,318] {subprocess.py:85} INFO - Output:
[2022-01-30 13:09:00,224] {subprocess.py:93} INFO - Command exited with return code 0
[2022-01-30 13:09:00,304] {taskinstance.py:1277} INFO - Marking task as SUCCESS. dag_id=HomeWorkWeek2, task_id=dowdata, execution_date=20210202T060000, start_date=20220130T130756, end_date=20220130T130900
[2022-01-30 13:09:00,401] {local_task_job.py:154} INFO - Task exited with return code 0
[2022-01-30 13:09:00,506] {local_task_job.py:264} INFO - 1 downstream tasks scheduled from follow-on schedule check
[2022-01-30 14:56:54,637] {taskinstance.py:1032} INFO - Dependencies all met for <TaskInstance: HomeWorkWeek2.dowdata scheduled__2021-02-02T06:00:00+00:00 [queued]>
[2022-01-30 14:56:54,698] {taskinstance.py:1032} INFO - Dependencies all met for <TaskInstance: HomeWorkWeek2.dowdata scheduled__2021-02-02T06:00:00+00:00 [queued]>
[2022-01-30 14:56:54,698] {taskinstance.py:1238} INFO - 
--------------------------------------------------------------------------------
[2022-01-30 14:56:54,698] {taskinstance.py:1239} INFO - Starting attempt 1 of 2
[2022-01-30 14:56:54,699] {taskinstance.py:1240} INFO - 
--------------------------------------------------------------------------------
[2022-01-30 14:56:54,743] {taskinstance.py:1259} INFO - Executing <Task(BashOperator): dowdata> on 2021-02-02 06:00:00+00:00
[2022-01-30 14:56:54,752] {standard_task_runner.py:52} INFO - Started process 1412 to run task
[2022-01-30 14:56:54,759] {standard_task_runner.py:76} INFO - Running: ['***', 'tasks', 'run', 'HomeWorkWeek2', 'dowdata', 'scheduled__2021-02-02T06:00:00+00:00', '--job-id', '253', '--raw', '--subdir', 'DAGS_FOLDER/dag_questions1.py', '--cfg-path', '/tmp/tmpk3qmdkhi', '--error-file', '/tmp/tmpncuew05i']
[2022-01-30 14:56:54,762] {standard_task_runner.py:77} INFO - Job 253: Subtask dowdata
[2022-01-30 14:56:54,973] {logging_mixin.py:109} INFO - Running <TaskInstance: HomeWorkWeek2.dowdata scheduled__2021-02-02T06:00:00+00:00 [running]> on host 785c0c715caa
[2022-01-30 14:56:55,140] {warnings.py:110} WARNING - /home/***/.local/lib/python3.7/site-packages/***/utils/context.py:152: AirflowContextDeprecationWarning: Accessing 'execution_date' from the template is deprecated and will be removed in a future version. Please use 'data_interval_start' or 'logical_date' instead.
  warnings.warn(_create_deprecation_warning(key, self._deprecation_replacements[key]))

[2022-01-30 14:56:55,201] {taskinstance.py:1426} INFO - Exporting the following env vars:
AIRFLOW_CTX_DAG_OWNER=***
AIRFLOW_CTX_DAG_ID=HomeWorkWeek2
AIRFLOW_CTX_TASK_ID=dowdata
AIRFLOW_CTX_EXECUTION_DATE=2021-02-02T06:00:00+00:00
AIRFLOW_CTX_DAG_RUN_ID=scheduled__2021-02-02T06:00:00+00:00
[2022-01-30 14:56:55,204] {subprocess.py:62} INFO - Tmp dir root location: 
 /tmp
[2022-01-30 14:56:55,206] {subprocess.py:74} INFO - Running command: ['bash', '-c', 'curl -sSLf https://s3.amazonaws.com/nyc-tlc/trip+data/yellow_tripdata_2021-02.csv > /opt/***output_2021-02.csv']
[2022-01-30 14:56:55,236] {subprocess.py:85} INFO - Output:
[2022-01-30 14:57:26,515] {subprocess.py:93} INFO - Command exited with return code 0
[2022-01-30 14:57:26,587] {taskinstance.py:1277} INFO - Marking task as SUCCESS. dag_id=HomeWorkWeek2, task_id=dowdata, execution_date=20210202T060000, start_date=20220130T145654, end_date=20220130T145726
[2022-01-30 14:57:26,679] {local_task_job.py:154} INFO - Task exited with return code 0
[2022-01-30 14:57:26,835] {local_task_job.py:264} INFO - 1 downstream tasks scheduled from follow-on schedule check
