[2022-02-02 21:17:36,288] {taskinstance.py:1032} INFO - Dependencies all met for <TaskInstance: Question3_FHV.dowdata scheduled__2019-06-02T06:00:00+00:00 [queued]>
[2022-02-02 21:17:36,326] {taskinstance.py:1032} INFO - Dependencies all met for <TaskInstance: Question3_FHV.dowdata scheduled__2019-06-02T06:00:00+00:00 [queued]>
[2022-02-02 21:17:36,327] {taskinstance.py:1238} INFO - 
--------------------------------------------------------------------------------
[2022-02-02 21:17:36,327] {taskinstance.py:1239} INFO - Starting attempt 1 of 2
[2022-02-02 21:17:36,327] {taskinstance.py:1240} INFO - 
--------------------------------------------------------------------------------
[2022-02-02 21:17:36,371] {taskinstance.py:1259} INFO - Executing <Task(BashOperator): dowdata> on 2019-06-02 06:00:00+00:00
[2022-02-02 21:17:36,378] {standard_task_runner.py:52} INFO - Started process 884 to run task
[2022-02-02 21:17:36,383] {standard_task_runner.py:76} INFO - Running: ['***', 'tasks', 'run', 'Question3_FHV', 'dowdata', 'scheduled__2019-06-02T06:00:00+00:00', '--job-id', '332', '--raw', '--subdir', 'DAGS_FOLDER/dag_questions3.py', '--cfg-path', '/tmp/tmpi2s6s6yd', '--error-file', '/tmp/tmp93h90o0n']
[2022-02-02 21:17:36,385] {standard_task_runner.py:77} INFO - Job 332: Subtask dowdata
[2022-02-02 21:17:36,568] {logging_mixin.py:109} INFO - Running <TaskInstance: Question3_FHV.dowdata scheduled__2019-06-02T06:00:00+00:00 [running]> on host d574c7c5b085
[2022-02-02 21:17:36,710] {warnings.py:110} WARNING - /home/***/.local/lib/python3.7/site-packages/***/utils/context.py:152: AirflowContextDeprecationWarning: Accessing 'execution_date' from the template is deprecated and will be removed in a future version. Please use 'data_interval_start' or 'logical_date' instead.
  warnings.warn(_create_deprecation_warning(key, self._deprecation_replacements[key]))

[2022-02-02 21:17:36,760] {taskinstance.py:1426} INFO - Exporting the following env vars:
AIRFLOW_CTX_DAG_OWNER=***
AIRFLOW_CTX_DAG_ID=Question3_FHV
AIRFLOW_CTX_TASK_ID=dowdata
AIRFLOW_CTX_EXECUTION_DATE=2019-06-02T06:00:00+00:00
AIRFLOW_CTX_DAG_RUN_ID=scheduled__2019-06-02T06:00:00+00:00
[2022-02-02 21:17:36,763] {subprocess.py:62} INFO - Tmp dir root location: 
 /tmp
[2022-02-02 21:17:36,764] {subprocess.py:74} INFO - Running command: ['bash', '-c', 'curl -sSLf https://nyc-tlc.s3.amazonaws.com/trip+data/fhv_tripdata_2019-06.csv > /opt/***output_fhv_2019-06.csv']
[2022-02-02 21:17:36,783] {subprocess.py:85} INFO - Output:
[2022-02-02 21:20:00,103] {subprocess.py:93} INFO - Command exited with return code 0
[2022-02-02 21:20:00,165] {taskinstance.py:1277} INFO - Marking task as SUCCESS. dag_id=Question3_FHV, task_id=dowdata, execution_date=20190602T060000, start_date=20220202T211736, end_date=20220202T212000
[2022-02-02 21:20:00,250] {local_task_job.py:154} INFO - Task exited with return code 0
[2022-02-02 21:20:00,391] {local_task_job.py:264} INFO - 1 downstream tasks scheduled from follow-on schedule check
[2022-02-09 11:34:21,407] {taskinstance.py:1032} INFO - Dependencies all met for <TaskInstance: Question3_FHV.dowdata scheduled__2019-06-02T06:00:00+00:00 [queued]>
[2022-02-09 11:34:21,472] {taskinstance.py:1032} INFO - Dependencies all met for <TaskInstance: Question3_FHV.dowdata scheduled__2019-06-02T06:00:00+00:00 [queued]>
[2022-02-09 11:34:21,473] {taskinstance.py:1238} INFO - 
--------------------------------------------------------------------------------
[2022-02-09 11:34:21,473] {taskinstance.py:1239} INFO - Starting attempt 1 of 2
[2022-02-09 11:34:21,473] {taskinstance.py:1240} INFO - 
--------------------------------------------------------------------------------
[2022-02-09 11:34:21,564] {taskinstance.py:1259} INFO - Executing <Task(BashOperator): dowdata> on 2019-06-02 06:00:00+00:00
[2022-02-09 11:34:21,575] {standard_task_runner.py:52} INFO - Started process 616 to run task
[2022-02-09 11:34:21,581] {standard_task_runner.py:76} INFO - Running: ['***', 'tasks', 'run', 'Question3_FHV', 'dowdata', 'scheduled__2019-06-02T06:00:00+00:00', '--job-id', '404', '--raw', '--subdir', 'DAGS_FOLDER/dag_questions3.py', '--cfg-path', '/tmp/tmp8ek8vnso', '--error-file', '/tmp/tmpl04of4rf']
[2022-02-09 11:34:21,583] {standard_task_runner.py:77} INFO - Job 404: Subtask dowdata
[2022-02-09 11:34:21,819] {logging_mixin.py:109} INFO - Running <TaskInstance: Question3_FHV.dowdata scheduled__2019-06-02T06:00:00+00:00 [running]> on host c5795c3f6004
[2022-02-09 11:34:21,969] {warnings.py:110} WARNING - /home/***/.local/lib/python3.7/site-packages/***/utils/context.py:152: AirflowContextDeprecationWarning: Accessing 'execution_date' from the template is deprecated and will be removed in a future version. Please use 'data_interval_start' or 'logical_date' instead.
  warnings.warn(_create_deprecation_warning(key, self._deprecation_replacements[key]))

[2022-02-09 11:34:22,061] {taskinstance.py:1426} INFO - Exporting the following env vars:
AIRFLOW_CTX_DAG_OWNER=***
AIRFLOW_CTX_DAG_ID=Question3_FHV
AIRFLOW_CTX_TASK_ID=dowdata
AIRFLOW_CTX_EXECUTION_DATE=2019-06-02T06:00:00+00:00
AIRFLOW_CTX_DAG_RUN_ID=scheduled__2019-06-02T06:00:00+00:00
[2022-02-09 11:34:22,066] {subprocess.py:62} INFO - Tmp dir root location: 
 /tmp
[2022-02-09 11:34:22,068] {subprocess.py:74} INFO - Running command: ['bash', '-c', 'curl -sSLf https://nyc-tlc.s3.amazonaws.com/trip+data/fhv_tripdata_2019-06.csv > /opt/***output_fhv_2019-06.csv']
[2022-02-09 11:34:22,102] {subprocess.py:85} INFO - Output:
[2022-02-09 11:36:02,218] {subprocess.py:93} INFO - Command exited with return code 0
[2022-02-09 11:36:02,284] {taskinstance.py:1277} INFO - Marking task as SUCCESS. dag_id=Question3_FHV, task_id=dowdata, execution_date=20190602T060000, start_date=20220209T113421, end_date=20220209T113602
[2022-02-09 11:36:02,387] {local_task_job.py:154} INFO - Task exited with return code 0
[2022-02-09 11:36:02,528] {local_task_job.py:264} INFO - 1 downstream tasks scheduled from follow-on schedule check
[2022-02-10 01:11:16,469] {taskinstance.py:1032} INFO - Dependencies all met for <TaskInstance: Question3_FHV.dowdata scheduled__2019-06-02T06:00:00+00:00 [queued]>
[2022-02-10 01:11:16,523] {taskinstance.py:1032} INFO - Dependencies all met for <TaskInstance: Question3_FHV.dowdata scheduled__2019-06-02T06:00:00+00:00 [queued]>
[2022-02-10 01:11:16,524] {taskinstance.py:1238} INFO - 
--------------------------------------------------------------------------------
[2022-02-10 01:11:16,524] {taskinstance.py:1239} INFO - Starting attempt 1 of 2
[2022-02-10 01:11:16,524] {taskinstance.py:1240} INFO - 
--------------------------------------------------------------------------------
[2022-02-10 01:11:16,578] {taskinstance.py:1259} INFO - Executing <Task(BashOperator): dowdata> on 2019-06-02 06:00:00+00:00
[2022-02-10 01:11:16,590] {standard_task_runner.py:52} INFO - Started process 7247 to run task
[2022-02-10 01:11:16,612] {standard_task_runner.py:76} INFO - Running: ['***', 'tasks', 'run', 'Question3_FHV', 'dowdata', 'scheduled__2019-06-02T06:00:00+00:00', '--job-id', '470', '--raw', '--subdir', 'DAGS_FOLDER/dag_questions3.py', '--cfg-path', '/tmp/tmpuevt3c9u', '--error-file', '/tmp/tmpnbq_sire']
[2022-02-10 01:11:16,614] {standard_task_runner.py:77} INFO - Job 470: Subtask dowdata
[2022-02-10 01:11:16,808] {logging_mixin.py:109} INFO - Running <TaskInstance: Question3_FHV.dowdata scheduled__2019-06-02T06:00:00+00:00 [running]> on host 0fd4ea805f5e
[2022-02-10 01:11:16,952] {warnings.py:110} WARNING - /home/***/.local/lib/python3.7/site-packages/***/utils/context.py:152: AirflowContextDeprecationWarning: Accessing 'execution_date' from the template is deprecated and will be removed in a future version. Please use 'data_interval_start' or 'logical_date' instead.
  warnings.warn(_create_deprecation_warning(key, self._deprecation_replacements[key]))

[2022-02-10 01:11:17,006] {taskinstance.py:1426} INFO - Exporting the following env vars:
AIRFLOW_CTX_DAG_OWNER=***
AIRFLOW_CTX_DAG_ID=Question3_FHV
AIRFLOW_CTX_TASK_ID=dowdata
AIRFLOW_CTX_EXECUTION_DATE=2019-06-02T06:00:00+00:00
AIRFLOW_CTX_DAG_RUN_ID=scheduled__2019-06-02T06:00:00+00:00
[2022-02-10 01:11:17,008] {subprocess.py:62} INFO - Tmp dir root location: 
 /tmp
[2022-02-10 01:11:17,010] {subprocess.py:74} INFO - Running command: ['bash', '-c', 'curl -sSLf https://nyc-tlc.s3.amazonaws.com/trip+data/fhv_tripdata_2019-06.csv > /opt/***fhv_2019-06.csv']
[2022-02-10 01:11:17,033] {subprocess.py:85} INFO - Output:
[2022-02-10 01:11:46,058] {subprocess.py:93} INFO - Command exited with return code 0
[2022-02-10 01:11:46,171] {taskinstance.py:1277} INFO - Marking task as SUCCESS. dag_id=Question3_FHV, task_id=dowdata, execution_date=20190602T060000, start_date=20220210T011116, end_date=20220210T011146
[2022-02-10 01:11:46,286] {local_task_job.py:154} INFO - Task exited with return code 0
[2022-02-10 01:11:46,534] {local_task_job.py:264} INFO - 0 downstream tasks scheduled from follow-on schedule check
[2022-02-19 01:48:59,730] {taskinstance.py:1032} INFO - Dependencies all met for <TaskInstance: Question3_FHV.dowdata scheduled__2019-06-02T06:00:00+00:00 [queued]>
[2022-02-19 01:48:59,769] {taskinstance.py:1032} INFO - Dependencies all met for <TaskInstance: Question3_FHV.dowdata scheduled__2019-06-02T06:00:00+00:00 [queued]>
[2022-02-19 01:48:59,770] {taskinstance.py:1238} INFO - 
--------------------------------------------------------------------------------
[2022-02-19 01:48:59,770] {taskinstance.py:1239} INFO - Starting attempt 1 of 2
[2022-02-19 01:48:59,771] {taskinstance.py:1240} INFO - 
--------------------------------------------------------------------------------
[2022-02-19 01:48:59,824] {taskinstance.py:1259} INFO - Executing <Task(BashOperator): dowdata> on 2019-06-02 06:00:00+00:00
[2022-02-19 01:48:59,834] {standard_task_runner.py:52} INFO - Started process 3973 to run task
[2022-02-19 01:48:59,840] {standard_task_runner.py:76} INFO - Running: ['***', 'tasks', 'run', 'Question3_FHV', 'dowdata', 'scheduled__2019-06-02T06:00:00+00:00', '--job-id', '632', '--raw', '--subdir', 'DAGS_FOLDER/dag_questions3.py', '--cfg-path', '/tmp/tmpkgh9k_hb', '--error-file', '/tmp/tmprt7ys761']
[2022-02-19 01:48:59,842] {standard_task_runner.py:77} INFO - Job 632: Subtask dowdata
[2022-02-19 01:49:00,093] {logging_mixin.py:109} INFO - Running <TaskInstance: Question3_FHV.dowdata scheduled__2019-06-02T06:00:00+00:00 [running]> on host 312f1fe573aa
[2022-02-19 01:49:00,248] {warnings.py:110} WARNING - /home/***/.local/lib/python3.7/site-packages/***/utils/context.py:152: AirflowContextDeprecationWarning: Accessing 'execution_date' from the template is deprecated and will be removed in a future version. Please use 'data_interval_start' or 'logical_date' instead.
  warnings.warn(_create_deprecation_warning(key, self._deprecation_replacements[key]))

[2022-02-19 01:49:00,324] {taskinstance.py:1426} INFO - Exporting the following env vars:
AIRFLOW_CTX_DAG_OWNER=***
AIRFLOW_CTX_DAG_ID=Question3_FHV
AIRFLOW_CTX_TASK_ID=dowdata
AIRFLOW_CTX_EXECUTION_DATE=2019-06-02T06:00:00+00:00
AIRFLOW_CTX_DAG_RUN_ID=scheduled__2019-06-02T06:00:00+00:00
[2022-02-19 01:49:00,326] {subprocess.py:62} INFO - Tmp dir root location: 
 /tmp
[2022-02-19 01:49:00,328] {subprocess.py:74} INFO - Running command: ['bash', '-c', 'curl -sSLf https://nyc-tlc.s3.amazonaws.com/trip+data/fhv_tripdata_2019-06.csv > /opt/***fhv_2019-06.csv']
[2022-02-19 01:49:00,346] {subprocess.py:85} INFO - Output:
[2022-02-19 01:49:13,644] {subprocess.py:93} INFO - Command exited with return code 0
[2022-02-19 01:49:13,709] {taskinstance.py:1277} INFO - Marking task as SUCCESS. dag_id=Question3_FHV, task_id=dowdata, execution_date=20190602T060000, start_date=20220219T014859, end_date=20220219T014913
[2022-02-19 01:49:13,796] {local_task_job.py:154} INFO - Task exited with return code 0
[2022-02-19 01:49:13,910] {local_task_job.py:264} INFO - 1 downstream tasks scheduled from follow-on schedule check
[2022-02-19 11:48:33,289] {taskinstance.py:1032} INFO - Dependencies all met for <TaskInstance: Question3_FHV.dowdata scheduled__2019-06-02T06:00:00+00:00 [queued]>
[2022-02-19 11:48:33,337] {taskinstance.py:1032} INFO - Dependencies all met for <TaskInstance: Question3_FHV.dowdata scheduled__2019-06-02T06:00:00+00:00 [queued]>
[2022-02-19 11:48:33,337] {taskinstance.py:1238} INFO - 
--------------------------------------------------------------------------------
[2022-02-19 11:48:33,338] {taskinstance.py:1239} INFO - Starting attempt 1 of 2
[2022-02-19 11:48:33,338] {taskinstance.py:1240} INFO - 
--------------------------------------------------------------------------------
[2022-02-19 11:48:33,384] {taskinstance.py:1259} INFO - Executing <Task(BashOperator): dowdata> on 2019-06-02 06:00:00+00:00
[2022-02-19 11:48:33,391] {standard_task_runner.py:52} INFO - Started process 4814 to run task
[2022-02-19 11:48:33,396] {standard_task_runner.py:76} INFO - Running: ['***', 'tasks', 'run', 'Question3_FHV', 'dowdata', 'scheduled__2019-06-02T06:00:00+00:00', '--job-id', '1002', '--raw', '--subdir', 'DAGS_FOLDER/dag_questions3.py', '--cfg-path', '/tmp/tmptc6gw0t5', '--error-file', '/tmp/tmph51xvfov']
[2022-02-19 11:48:33,398] {standard_task_runner.py:77} INFO - Job 1002: Subtask dowdata
[2022-02-19 11:48:33,600] {logging_mixin.py:109} INFO - Running <TaskInstance: Question3_FHV.dowdata scheduled__2019-06-02T06:00:00+00:00 [running]> on host f81f14254480
[2022-02-19 11:48:33,751] {warnings.py:110} WARNING - /home/***/.local/lib/python3.7/site-packages/***/utils/context.py:152: AirflowContextDeprecationWarning: Accessing 'execution_date' from the template is deprecated and will be removed in a future version. Please use 'data_interval_start' or 'logical_date' instead.
  warnings.warn(_create_deprecation_warning(key, self._deprecation_replacements[key]))

[2022-02-19 11:48:33,857] {taskinstance.py:1426} INFO - Exporting the following env vars:
AIRFLOW_CTX_DAG_OWNER=***
AIRFLOW_CTX_DAG_ID=Question3_FHV
AIRFLOW_CTX_TASK_ID=dowdata
AIRFLOW_CTX_EXECUTION_DATE=2019-06-02T06:00:00+00:00
AIRFLOW_CTX_DAG_RUN_ID=scheduled__2019-06-02T06:00:00+00:00
[2022-02-19 11:48:33,860] {subprocess.py:62} INFO - Tmp dir root location: 
 /tmp
[2022-02-19 11:48:33,862] {subprocess.py:74} INFO - Running command: ['bash', '-c', 'curl -sSLf https://nyc-tlc.s3.amazonaws.com/trip+data/fhv_tripdata_2019-06.csv > /opt/***fhv_2019-06.csv']
[2022-02-19 11:48:33,882] {subprocess.py:85} INFO - Output:
[2022-02-19 11:48:46,469] {subprocess.py:93} INFO - Command exited with return code 0
[2022-02-19 11:48:46,545] {taskinstance.py:1277} INFO - Marking task as SUCCESS. dag_id=Question3_FHV, task_id=dowdata, execution_date=20190602T060000, start_date=20220219T114833, end_date=20220219T114846
[2022-02-19 11:48:46,594] {local_task_job.py:154} INFO - Task exited with return code 0
[2022-02-19 11:48:46,715] {local_task_job.py:264} INFO - 1 downstream tasks scheduled from follow-on schedule check
