[2022-01-30 13:00:24,993] {taskinstance.py:1032} INFO - Dependencies all met for <TaskInstance: HomeWorkWeek2.dowdata scheduled__2019-11-02T06:00:00+00:00 [queued]>
[2022-01-30 13:00:25,037] {taskinstance.py:1032} INFO - Dependencies all met for <TaskInstance: HomeWorkWeek2.dowdata scheduled__2019-11-02T06:00:00+00:00 [queued]>
[2022-01-30 13:00:25,037] {taskinstance.py:1238} INFO - 
--------------------------------------------------------------------------------
[2022-01-30 13:00:25,038] {taskinstance.py:1239} INFO - Starting attempt 1 of 2
[2022-01-30 13:00:25,038] {taskinstance.py:1240} INFO - 
--------------------------------------------------------------------------------
[2022-01-30 13:00:25,099] {taskinstance.py:1259} INFO - Executing <Task(BashOperator): dowdata> on 2019-11-02 06:00:00+00:00
[2022-01-30 13:00:25,109] {standard_task_runner.py:52} INFO - Started process 2511 to run task
[2022-01-30 13:00:25,119] {standard_task_runner.py:76} INFO - Running: ['***', 'tasks', 'run', 'HomeWorkWeek2', 'dowdata', 'scheduled__2019-11-02T06:00:00+00:00', '--job-id', '123', '--raw', '--subdir', 'DAGS_FOLDER/dag_questions1.py', '--cfg-path', '/tmp/tmpdp1j0lv1', '--error-file', '/tmp/tmpj4gqxd77']
[2022-01-30 13:00:25,121] {standard_task_runner.py:77} INFO - Job 123: Subtask dowdata
[2022-01-30 13:00:25,372] {logging_mixin.py:109} INFO - Running <TaskInstance: HomeWorkWeek2.dowdata scheduled__2019-11-02T06:00:00+00:00 [running]> on host 4b3b8c5e49b1
[2022-01-30 13:00:25,626] {warnings.py:110} WARNING - /home/***/.local/lib/python3.7/site-packages/***/utils/context.py:152: AirflowContextDeprecationWarning: Accessing 'execution_date' from the template is deprecated and will be removed in a future version. Please use 'data_interval_start' or 'logical_date' instead.
  warnings.warn(_create_deprecation_warning(key, self._deprecation_replacements[key]))

[2022-01-30 13:00:25,826] {taskinstance.py:1426} INFO - Exporting the following env vars:
AIRFLOW_CTX_DAG_OWNER=***
AIRFLOW_CTX_DAG_ID=HomeWorkWeek2
AIRFLOW_CTX_TASK_ID=dowdata
AIRFLOW_CTX_EXECUTION_DATE=2019-11-02T06:00:00+00:00
AIRFLOW_CTX_DAG_RUN_ID=scheduled__2019-11-02T06:00:00+00:00
[2022-01-30 13:00:25,829] {subprocess.py:62} INFO - Tmp dir root location: 
 /tmp
[2022-01-30 13:00:25,830] {subprocess.py:74} INFO - Running command: ['bash', '-c', 'curl -sSLf https://s3.amazonaws.com/nyc-tlc/trip+data/yellow_tripdata_2019-11.csv > /opt/***output_2019-11.csv']
[2022-01-30 13:00:25,866] {subprocess.py:85} INFO - Output:
[2022-01-30 13:02:26,708] {subprocess.py:93} INFO - Command exited with return code 0
[2022-01-30 13:02:26,810] {taskinstance.py:1277} INFO - Marking task as SUCCESS. dag_id=HomeWorkWeek2, task_id=dowdata, execution_date=20191102T060000, start_date=20220130T130024, end_date=20220130T130226
[2022-01-30 13:02:26,888] {local_task_job.py:154} INFO - Task exited with return code 0
[2022-01-30 13:02:27,132] {local_task_job.py:264} INFO - 1 downstream tasks scheduled from follow-on schedule check
[2022-01-30 14:49:12,806] {taskinstance.py:1032} INFO - Dependencies all met for <TaskInstance: HomeWorkWeek2.dowdata scheduled__2019-11-02T06:00:00+00:00 [queued]>
[2022-01-30 14:49:12,870] {taskinstance.py:1032} INFO - Dependencies all met for <TaskInstance: HomeWorkWeek2.dowdata scheduled__2019-11-02T06:00:00+00:00 [queued]>
[2022-01-30 14:49:12,871] {taskinstance.py:1238} INFO - 
--------------------------------------------------------------------------------
[2022-01-30 14:49:12,871] {taskinstance.py:1239} INFO - Starting attempt 1 of 2
[2022-01-30 14:49:12,871] {taskinstance.py:1240} INFO - 
--------------------------------------------------------------------------------
[2022-01-30 14:49:12,944] {taskinstance.py:1259} INFO - Executing <Task(BashOperator): dowdata> on 2019-11-02 06:00:00+00:00
[2022-01-30 14:49:12,956] {standard_task_runner.py:52} INFO - Started process 806 to run task
[2022-01-30 14:49:12,964] {standard_task_runner.py:76} INFO - Running: ['***', 'tasks', 'run', 'HomeWorkWeek2', 'dowdata', 'scheduled__2019-11-02T06:00:00+00:00', '--job-id', '209', '--raw', '--subdir', 'DAGS_FOLDER/dag_questions1.py', '--cfg-path', '/tmp/tmpc2dqu1oz', '--error-file', '/tmp/tmp5mr6wp_9']
[2022-01-30 14:49:12,967] {standard_task_runner.py:77} INFO - Job 209: Subtask dowdata
[2022-01-30 14:49:13,205] {logging_mixin.py:109} INFO - Running <TaskInstance: HomeWorkWeek2.dowdata scheduled__2019-11-02T06:00:00+00:00 [running]> on host 785c0c715caa
[2022-01-30 14:49:13,354] {warnings.py:110} WARNING - /home/***/.local/lib/python3.7/site-packages/***/utils/context.py:152: AirflowContextDeprecationWarning: Accessing 'execution_date' from the template is deprecated and will be removed in a future version. Please use 'data_interval_start' or 'logical_date' instead.
  warnings.warn(_create_deprecation_warning(key, self._deprecation_replacements[key]))

[2022-01-30 14:49:13,444] {taskinstance.py:1426} INFO - Exporting the following env vars:
AIRFLOW_CTX_DAG_OWNER=***
AIRFLOW_CTX_DAG_ID=HomeWorkWeek2
AIRFLOW_CTX_TASK_ID=dowdata
AIRFLOW_CTX_EXECUTION_DATE=2019-11-02T06:00:00+00:00
AIRFLOW_CTX_DAG_RUN_ID=scheduled__2019-11-02T06:00:00+00:00
[2022-01-30 14:49:13,446] {subprocess.py:62} INFO - Tmp dir root location: 
 /tmp
[2022-01-30 14:49:13,448] {subprocess.py:74} INFO - Running command: ['bash', '-c', 'curl -sSLf https://s3.amazonaws.com/nyc-tlc/trip+data/yellow_tripdata_2019-11.csv > /opt/***output_2019-11.csv']
[2022-01-30 14:49:13,477] {subprocess.py:85} INFO - Output:
[2022-01-30 14:51:26,207] {subprocess.py:93} INFO - Command exited with return code 0
[2022-01-30 14:51:26,301] {taskinstance.py:1277} INFO - Marking task as SUCCESS. dag_id=HomeWorkWeek2, task_id=dowdata, execution_date=20191102T060000, start_date=20220130T144912, end_date=20220130T145126
[2022-01-30 14:51:26,416] {local_task_job.py:154} INFO - Task exited with return code 0
[2022-01-30 14:51:26,804] {local_task_job.py:264} INFO - 0 downstream tasks scheduled from follow-on schedule check
[2022-02-19 01:10:17,780] {taskinstance.py:1032} INFO - Dependencies all met for <TaskInstance: HomeWorkWeek2.dowdata scheduled__2019-11-02T06:00:00+00:00 [queued]>
[2022-02-19 01:10:17,831] {taskinstance.py:1032} INFO - Dependencies all met for <TaskInstance: HomeWorkWeek2.dowdata scheduled__2019-11-02T06:00:00+00:00 [queued]>
[2022-02-19 01:10:17,832] {taskinstance.py:1238} INFO - 
--------------------------------------------------------------------------------
[2022-02-19 01:10:17,832] {taskinstance.py:1239} INFO - Starting attempt 1 of 2
[2022-02-19 01:10:17,832] {taskinstance.py:1240} INFO - 
--------------------------------------------------------------------------------
[2022-02-19 01:10:17,879] {taskinstance.py:1259} INFO - Executing <Task(BashOperator): dowdata> on 2019-11-02 06:00:00+00:00
[2022-02-19 01:10:17,886] {standard_task_runner.py:52} INFO - Started process 1926 to run task
[2022-02-19 01:10:17,895] {standard_task_runner.py:76} INFO - Running: ['***', 'tasks', 'run', 'HomeWorkWeek2', 'dowdata', 'scheduled__2019-11-02T06:00:00+00:00', '--job-id', '552', '--raw', '--subdir', 'DAGS_FOLDER/dag_questions1.py', '--cfg-path', '/tmp/tmp290dmb4s', '--error-file', '/tmp/tmpiazhgki6']
[2022-02-19 01:10:17,897] {standard_task_runner.py:77} INFO - Job 552: Subtask dowdata
[2022-02-19 01:10:18,090] {logging_mixin.py:109} INFO - Running <TaskInstance: HomeWorkWeek2.dowdata scheduled__2019-11-02T06:00:00+00:00 [running]> on host 312f1fe573aa
[2022-02-19 01:10:18,240] {warnings.py:110} WARNING - /home/***/.local/lib/python3.7/site-packages/***/utils/context.py:152: AirflowContextDeprecationWarning: Accessing 'execution_date' from the template is deprecated and will be removed in a future version. Please use 'data_interval_start' or 'logical_date' instead.
  warnings.warn(_create_deprecation_warning(key, self._deprecation_replacements[key]))

[2022-02-19 01:10:18,295] {taskinstance.py:1426} INFO - Exporting the following env vars:
AIRFLOW_CTX_DAG_OWNER=***
AIRFLOW_CTX_DAG_ID=HomeWorkWeek2
AIRFLOW_CTX_TASK_ID=dowdata
AIRFLOW_CTX_EXECUTION_DATE=2019-11-02T06:00:00+00:00
AIRFLOW_CTX_DAG_RUN_ID=scheduled__2019-11-02T06:00:00+00:00
[2022-02-19 01:10:18,297] {subprocess.py:62} INFO - Tmp dir root location: 
 /tmp
[2022-02-19 01:10:18,299] {subprocess.py:74} INFO - Running command: ['bash', '-c', 'curl -sSLf https://s3.amazonaws.com/nyc-tlc/trip+data/yellow_tripdata_2019-11.csv > /opt/***output_2019-11.csv']
[2022-02-19 01:10:18,323] {subprocess.py:85} INFO - Output:
[2022-02-19 01:12:16,128] {subprocess.py:93} INFO - Command exited with return code 0
[2022-02-19 01:12:16,229] {taskinstance.py:1277} INFO - Marking task as SUCCESS. dag_id=HomeWorkWeek2, task_id=dowdata, execution_date=20191102T060000, start_date=20220219T011017, end_date=20220219T011216
[2022-02-19 01:12:16,346] {local_task_job.py:154} INFO - Task exited with return code 0
[2022-02-19 01:12:16,477] {local_task_job.py:264} INFO - 1 downstream tasks scheduled from follow-on schedule check
[2022-02-19 11:14:48,769] {taskinstance.py:1032} INFO - Dependencies all met for <TaskInstance: HomeWorkWeek2.dowdata scheduled__2019-11-02T06:00:00+00:00 [queued]>
[2022-02-19 11:14:48,897] {taskinstance.py:1032} INFO - Dependencies all met for <TaskInstance: HomeWorkWeek2.dowdata scheduled__2019-11-02T06:00:00+00:00 [queued]>
[2022-02-19 11:14:48,900] {taskinstance.py:1238} INFO - 
--------------------------------------------------------------------------------
[2022-02-19 11:14:48,901] {taskinstance.py:1239} INFO - Starting attempt 1 of 2
[2022-02-19 11:14:48,902] {taskinstance.py:1240} INFO - 
--------------------------------------------------------------------------------
[2022-02-19 11:14:48,961] {taskinstance.py:1259} INFO - Executing <Task(BashOperator): dowdata> on 2019-11-02 06:00:00+00:00
[2022-02-19 11:14:48,971] {standard_task_runner.py:52} INFO - Started process 2987 to run task
[2022-02-19 11:14:48,977] {standard_task_runner.py:76} INFO - Running: ['***', 'tasks', 'run', 'HomeWorkWeek2', 'dowdata', 'scheduled__2019-11-02T06:00:00+00:00', '--job-id', '922', '--raw', '--subdir', 'DAGS_FOLDER/dag_questions1.py', '--cfg-path', '/tmp/tmpea9qfeqy', '--error-file', '/tmp/tmpxefktd10']
[2022-02-19 11:14:48,979] {standard_task_runner.py:77} INFO - Job 922: Subtask dowdata
[2022-02-19 11:14:49,202] {logging_mixin.py:109} INFO - Running <TaskInstance: HomeWorkWeek2.dowdata scheduled__2019-11-02T06:00:00+00:00 [running]> on host f81f14254480
[2022-02-19 11:14:49,364] {warnings.py:110} WARNING - /home/***/.local/lib/python3.7/site-packages/***/utils/context.py:152: AirflowContextDeprecationWarning: Accessing 'execution_date' from the template is deprecated and will be removed in a future version. Please use 'data_interval_start' or 'logical_date' instead.
  warnings.warn(_create_deprecation_warning(key, self._deprecation_replacements[key]))

[2022-02-19 11:14:49,447] {taskinstance.py:1426} INFO - Exporting the following env vars:
AIRFLOW_CTX_DAG_OWNER=***
AIRFLOW_CTX_DAG_ID=HomeWorkWeek2
AIRFLOW_CTX_TASK_ID=dowdata
AIRFLOW_CTX_EXECUTION_DATE=2019-11-02T06:00:00+00:00
AIRFLOW_CTX_DAG_RUN_ID=scheduled__2019-11-02T06:00:00+00:00
[2022-02-19 11:14:49,450] {subprocess.py:62} INFO - Tmp dir root location: 
 /tmp
[2022-02-19 11:14:49,453] {subprocess.py:74} INFO - Running command: ['bash', '-c', 'curl -sSLf https://s3.amazonaws.com/nyc-tlc/trip+data/yellow_tripdata_2019-11.csv > /opt/***output_2019-11.csv']
[2022-02-19 11:14:49,470] {subprocess.py:85} INFO - Output:
[2022-02-19 11:16:21,943] {subprocess.py:93} INFO - Command exited with return code 0
[2022-02-19 11:16:22,019] {taskinstance.py:1277} INFO - Marking task as SUCCESS. dag_id=HomeWorkWeek2, task_id=dowdata, execution_date=20191102T060000, start_date=20220219T111448, end_date=20220219T111622
[2022-02-19 11:16:22,126] {local_task_job.py:154} INFO - Task exited with return code 0
[2022-02-19 11:16:22,280] {local_task_job.py:264} INFO - 1 downstream tasks scheduled from follow-on schedule check
[2022-02-19 23:58:27,796] {taskinstance.py:1032} INFO - Dependencies all met for <TaskInstance: HomeWorkWeek2.dowdata scheduled__2019-11-02T06:00:00+00:00 [queued]>
[2022-02-19 23:58:27,857] {taskinstance.py:1032} INFO - Dependencies all met for <TaskInstance: HomeWorkWeek2.dowdata scheduled__2019-11-02T06:00:00+00:00 [queued]>
[2022-02-19 23:58:27,858] {taskinstance.py:1238} INFO - 
--------------------------------------------------------------------------------
[2022-02-19 23:58:27,859] {taskinstance.py:1239} INFO - Starting attempt 1 of 2
[2022-02-19 23:58:27,860] {taskinstance.py:1240} INFO - 
--------------------------------------------------------------------------------
[2022-02-19 23:58:27,934] {taskinstance.py:1259} INFO - Executing <Task(BashOperator): dowdata> on 2019-11-02 06:00:00+00:00
[2022-02-19 23:58:27,944] {standard_task_runner.py:52} INFO - Started process 22979 to run task
[2022-02-19 23:58:27,952] {standard_task_runner.py:76} INFO - Running: ['***', 'tasks', 'run', 'HomeWorkWeek2', 'dowdata', 'scheduled__2019-11-02T06:00:00+00:00', '--job-id', '1086', '--raw', '--subdir', 'DAGS_FOLDER/dag_questions1.py', '--cfg-path', '/tmp/tmp3gyawljy', '--error-file', '/tmp/tmp2y2nz_8j']
[2022-02-19 23:58:27,954] {standard_task_runner.py:77} INFO - Job 1086: Subtask dowdata
[2022-02-19 23:58:28,343] {logging_mixin.py:109} INFO - Running <TaskInstance: HomeWorkWeek2.dowdata scheduled__2019-11-02T06:00:00+00:00 [running]> on host d9977d7db207
[2022-02-19 23:58:28,621] {warnings.py:110} WARNING - /home/***/.local/lib/python3.7/site-packages/***/utils/context.py:152: AirflowContextDeprecationWarning: Accessing 'execution_date' from the template is deprecated and will be removed in a future version. Please use 'data_interval_start' or 'logical_date' instead.
  warnings.warn(_create_deprecation_warning(key, self._deprecation_replacements[key]))

[2022-02-19 23:58:28,694] {taskinstance.py:1426} INFO - Exporting the following env vars:
AIRFLOW_CTX_DAG_OWNER=***
AIRFLOW_CTX_DAG_ID=HomeWorkWeek2
AIRFLOW_CTX_TASK_ID=dowdata
AIRFLOW_CTX_EXECUTION_DATE=2019-11-02T06:00:00+00:00
AIRFLOW_CTX_DAG_RUN_ID=scheduled__2019-11-02T06:00:00+00:00
[2022-02-19 23:58:28,705] {subprocess.py:62} INFO - Tmp dir root location: 
 /tmp
[2022-02-19 23:58:28,709] {subprocess.py:74} INFO - Running command: ['bash', '-c', 'curl -sSLf https://s3.amazonaws.com/nyc-tlc/trip+data/yellow_tripdata_2019-11.csv > /opt/***yellow_2019-11.csv']
[2022-02-19 23:58:28,738] {subprocess.py:85} INFO - Output:
[2022-02-20 00:00:07,223] {subprocess.py:93} INFO - Command exited with return code 0
[2022-02-20 00:00:07,287] {taskinstance.py:1277} INFO - Marking task as SUCCESS. dag_id=HomeWorkWeek2, task_id=dowdata, execution_date=20191102T060000, start_date=20220219T235827, end_date=20220220T000007
[2022-02-20 00:00:07,375] {local_task_job.py:154} INFO - Task exited with return code 0
[2022-02-20 00:00:07,499] {local_task_job.py:264} INFO - 1 downstream tasks scheduled from follow-on schedule check
