[2022-01-30 13:10:57,755] {taskinstance.py:1032} INFO - Dependencies all met for <TaskInstance: HomeWorkWeek2.halo scheduled__2021-07-02T06:00:00+00:00 [queued]>
[2022-01-30 13:10:57,815] {taskinstance.py:1032} INFO - Dependencies all met for <TaskInstance: HomeWorkWeek2.halo scheduled__2021-07-02T06:00:00+00:00 [queued]>
[2022-01-30 13:10:57,816] {taskinstance.py:1238} INFO - 
--------------------------------------------------------------------------------
[2022-01-30 13:10:57,816] {taskinstance.py:1239} INFO - Starting attempt 1 of 2
[2022-01-30 13:10:57,817] {taskinstance.py:1240} INFO - 
--------------------------------------------------------------------------------
[2022-01-30 13:10:57,860] {taskinstance.py:1259} INFO - Executing <Task(PythonOperator): halo> on 2021-07-02 06:00:00+00:00
[2022-01-30 13:10:57,869] {standard_task_runner.py:52} INFO - Started process 3150 to run task
[2022-01-30 13:10:57,878] {standard_task_runner.py:76} INFO - Running: ['***', 'tasks', 'run', 'HomeWorkWeek2', 'halo', 'scheduled__2021-07-02T06:00:00+00:00', '--job-id', '166', '--raw', '--subdir', 'DAGS_FOLDER/dag_questions1.py', '--cfg-path', '/tmp/tmpsz0ditxz', '--error-file', '/tmp/tmpnhj1fvv5']
[2022-01-30 13:10:57,879] {standard_task_runner.py:77} INFO - Job 166: Subtask halo
[2022-01-30 13:10:58,083] {logging_mixin.py:109} INFO - Running <TaskInstance: HomeWorkWeek2.halo scheduled__2021-07-02T06:00:00+00:00 [running]> on host 4b3b8c5e49b1
[2022-01-30 13:10:58,328] {taskinstance.py:1426} INFO - Exporting the following env vars:
AIRFLOW_CTX_DAG_OWNER=***
AIRFLOW_CTX_DAG_ID=HomeWorkWeek2
AIRFLOW_CTX_TASK_ID=halo
AIRFLOW_CTX_EXECUTION_DATE=2021-07-02T06:00:00+00:00
AIRFLOW_CTX_DAG_RUN_ID=scheduled__2021-07-02T06:00:00+00:00
[2022-01-30 13:10:58,331] {logging_mixin.py:109} INFO - helloworld
[2022-01-30 13:10:58,332] {python.py:175} INFO - Done. Returned value was: None
[2022-01-30 13:10:58,401] {taskinstance.py:1277} INFO - Marking task as SUCCESS. dag_id=HomeWorkWeek2, task_id=halo, execution_date=20210702T060000, start_date=20220130T131057, end_date=20220130T131058
[2022-01-30 13:10:58,509] {local_task_job.py:154} INFO - Task exited with return code 0
[2022-01-30 13:10:58,635] {local_task_job.py:264} INFO - 0 downstream tasks scheduled from follow-on schedule check
[2022-01-30 14:59:41,672] {taskinstance.py:1032} INFO - Dependencies all met for <TaskInstance: HomeWorkWeek2.halo scheduled__2021-07-02T06:00:00+00:00 [queued]>
[2022-01-30 14:59:41,725] {taskinstance.py:1032} INFO - Dependencies all met for <TaskInstance: HomeWorkWeek2.halo scheduled__2021-07-02T06:00:00+00:00 [queued]>
[2022-01-30 14:59:41,726] {taskinstance.py:1238} INFO - 
--------------------------------------------------------------------------------
[2022-01-30 14:59:41,726] {taskinstance.py:1239} INFO - Starting attempt 1 of 2
[2022-01-30 14:59:41,727] {taskinstance.py:1240} INFO - 
--------------------------------------------------------------------------------
[2022-01-30 14:59:41,770] {taskinstance.py:1259} INFO - Executing <Task(PythonOperator): halo> on 2021-07-02 06:00:00+00:00
[2022-01-30 14:59:41,779] {standard_task_runner.py:52} INFO - Started process 1657 to run task
[2022-01-30 14:59:41,786] {standard_task_runner.py:76} INFO - Running: ['***', 'tasks', 'run', 'HomeWorkWeek2', 'halo', 'scheduled__2021-07-02T06:00:00+00:00', '--job-id', '275', '--raw', '--subdir', 'DAGS_FOLDER/dag_questions1.py', '--cfg-path', '/tmp/tmpe_hfyzkb', '--error-file', '/tmp/tmpe1l5ejyt']
[2022-01-30 14:59:41,789] {standard_task_runner.py:77} INFO - Job 275: Subtask halo
[2022-01-30 14:59:42,000] {logging_mixin.py:109} INFO - Running <TaskInstance: HomeWorkWeek2.halo scheduled__2021-07-02T06:00:00+00:00 [running]> on host 785c0c715caa
[2022-01-30 14:59:42,275] {taskinstance.py:1426} INFO - Exporting the following env vars:
AIRFLOW_CTX_DAG_OWNER=***
AIRFLOW_CTX_DAG_ID=HomeWorkWeek2
AIRFLOW_CTX_TASK_ID=halo
AIRFLOW_CTX_EXECUTION_DATE=2021-07-02T06:00:00+00:00
AIRFLOW_CTX_DAG_RUN_ID=scheduled__2021-07-02T06:00:00+00:00
[2022-01-30 14:59:42,278] {logging_mixin.py:109} INFO - hello world!!
[2022-01-30 14:59:42,279] {python.py:175} INFO - Done. Returned value was: None
[2022-01-30 14:59:42,331] {taskinstance.py:1277} INFO - Marking task as SUCCESS. dag_id=HomeWorkWeek2, task_id=halo, execution_date=20210702T060000, start_date=20220130T145941, end_date=20220130T145942
[2022-01-30 14:59:42,428] {local_task_job.py:154} INFO - Task exited with return code 0
[2022-01-30 14:59:42,553] {local_task_job.py:264} INFO - 0 downstream tasks scheduled from follow-on schedule check
